#
# There is insufficient memory for the Java Runtime Environment to continue.
# Native memory allocation (malloc) failed to allocate 1948688 bytes. Error detail: Chunk::new
# Possible reasons:
#   The system is out of physical RAM or swap space
#   This process is running with CompressedOops enabled, and the Java Heap may be blocking the growth of the native heap
# Possible solutions:
#   Reduce memory load on the system
#   Increase physical memory or swap space
#   Check if swap backing store is full
#   Decrease Java heap size (-Xmx/-Xms)
#   Decrease number of Java threads
#   Decrease Java thread stack sizes (-Xss)
#   Set larger code cache with -XX:ReservedCodeCacheSize=
#   JVM is running with Unscaled Compressed Oops mode in which the Java heap is
#     placed in the first 4GB address space. The Java Heap base address is the
#     maximum limit for the native heap growth. Please use -XX:HeapBaseMinAddress
#     to set the Java Heap base and to place the Java Heap above 4GB virtual address.
# This output file may be truncated or incomplete.
#
#  Out of Memory Error (arena.cpp:168), pid=15356, tid=15596
#
# JRE version: OpenJDK Runtime Environment Temurin-21.0.6+7 (21.0.6+7) (build 21.0.6+7-LTS)
# Java VM: OpenJDK 64-Bit Server VM Temurin-21.0.6+7 (21.0.6+7-LTS, mixed mode, sharing, tiered, compressed oops, compressed class ptrs, parallel gc, windows-amd64)
# No core dump will be written. Minidumps are not enabled by default on client versions of Windows
#

---------------  S U M M A R Y ------------

Command Line: --add-modules=ALL-SYSTEM --add-opens=java.base/java.util=ALL-UNNAMED --add-opens=java.base/java.lang=ALL-UNNAMED --add-opens=java.base/sun.nio.fs=ALL-UNNAMED -Declipse.application=org.eclipse.jdt.ls.core.id1 -Dosgi.bundles.defaultStartLevel=4 -Declipse.product=org.eclipse.jdt.ls.core.product -Djava.import.generatesMetadataFilesAtProjectRoot=false -DDetectVMInstallationsJob.disabled=true -Dfile.encoding=utf8 -XX:+UseParallelGC -XX:GCTimeRatio=4 -XX:AdaptiveSizePolicyWeight=90 -Dsun.zip.disableMemoryMapping=true -Xmx1G -Xms100m -Xlog:disable -javaagent:c:\Users\Fer\.vscode\extensions\redhat.java-1.41.2025031208-win32-x64\lombok\lombok-1.18.36.jar -XX:+HeapDumpOnOutOfMemoryError -XX:HeapDumpPath=c:\Users\Fer\AppData\Roaming\Code\User\workspaceStorage\398de21c129474aaeb59c0a7e6288a23\redhat.java -Daether.dependencyCollector.impl=bf c:\Users\Fer\.vscode\extensions\redhat.java-1.41.2025031208-win32-x64\server\plugins\org.eclipse.equinox.launcher_1.6.1100.v20250306-0509.jar -configuration c:\Users\Fer\AppData\Roaming\Code\User\globalStorage\redhat.java\1.41.2025031208\config_win -data c:\Users\Fer\AppData\Roaming\Code\User\workspaceStorage\398de21c129474aaeb59c0a7e6288a23\redhat.java\jdt_ws --pipe=\\.\pipe\lsp-3402edf9c4443585adfa2d4b1a55ec2f-sock

Host: Intel(R) Core(TM) i7-1065G7 CPU @ 1.30GHz, 8 cores, 7G,  Windows 11 , 64 bit Build 26100 (10.0.26100.3037)
Time: Wed Mar 12 14:24:30 2025 Hora est. Pacífico, Sudamérica elapsed time: 29.775553 seconds (0d 0h 0m 29s)

---------------  T H R E A D  ---------------

Current thread (0x00000246622775e0):  JavaThread "C2 CompilerThread1" daemon [_thread_in_native, id=15596, stack(0x000000ba9cf00000,0x000000ba9d000000) (1024K)]


Current CompileTask:
C2:29778 5435   !   4       org.eclipse.osgi.internal.loader.BundleLoader::findClass0 (491 bytes)

Stack: [0x000000ba9cf00000,0x000000ba9d000000]
Native frames: (J=compiled Java code, j=interpreted, Vv=VM code, C=native code)
V  [jvm.dll+0x6cdee9]
V  [jvm.dll+0x8a83d1]
V  [jvm.dll+0x8aa8fe]
V  [jvm.dll+0x8aafe3]
V  [jvm.dll+0x27f706]
V  [jvm.dll+0xc500d]
V  [jvm.dll+0xc5543]
V  [jvm.dll+0x3b678c]
V  [jvm.dll+0x382935]
V  [jvm.dll+0x381d9a]
V  [jvm.dll+0x2479f0]
V  [jvm.dll+0x246fcf]
V  [jvm.dll+0x1c75ee]
V  [jvm.dll+0x25685a]
V  [jvm.dll+0x254dfa]
V  [jvm.dll+0x3f0256]
V  [jvm.dll+0x851f8b]
V  [jvm.dll+0x6cc5ed]
C  [ucrtbase.dll+0x37b0]
C  [KERNEL32.DLL+0x2e8d7]
C  [ntdll.dll+0xbbf2c]


---------------  P R O C E S S  ---------------

Threads class SMR info:
_java_thread_list=0x00000246600d14c0, length=38, elements={
0x0000024602297c30, 0x000002461893d6f0, 0x00000246189421e0, 0x00000246189472e0,
0x000002461894a0c0, 0x000002461894ab10, 0x000002461894b560, 0x000002461894c390,
0x000002461897e560, 0x000002465b3de390, 0x000002465b71e660, 0x000002465bddd9f0,
0x000002465b948b90, 0x000002465bdb9890, 0x00000246600533e0, 0x000002465bedfda0,
0x000002465bee0bb0, 0x000002466045af20, 0x000002466045b5b0, 0x000002466045c2d0,
0x0000024660459b70, 0x000002466045cff0, 0x000002466045a200, 0x000002466045a890,
0x000002466045bc40, 0x000002466045c960, 0x0000024662132a60, 0x0000024662133e10,
0x00000246621323d0, 0x0000024662133780, 0x0000024662135ee0, 0x00000246621330f0,
0x00000246621344a0, 0x00000246621351c0, 0x0000024662137920, 0x0000024662137290,
0x0000024662136c00, 0x00000246622775e0
}

Java Threads: ( => current thread )
  0x0000024602297c30 JavaThread "main"                              [_thread_blocked, id=15704, stack(0x000000ba9aa00000,0x000000ba9ab00000) (1024K)]
  0x000002461893d6f0 JavaThread "Reference Handler"          daemon [_thread_blocked, id=11592, stack(0x000000ba9ae00000,0x000000ba9af00000) (1024K)]
  0x00000246189421e0 JavaThread "Finalizer"                  daemon [_thread_blocked, id=13868, stack(0x000000ba9af00000,0x000000ba9b000000) (1024K)]
  0x00000246189472e0 JavaThread "Signal Dispatcher"          daemon [_thread_blocked, id=6676, stack(0x000000ba9b000000,0x000000ba9b100000) (1024K)]
  0x000002461894a0c0 JavaThread "Attach Listener"            daemon [_thread_blocked, id=12200, stack(0x000000ba9b100000,0x000000ba9b200000) (1024K)]
  0x000002461894ab10 JavaThread "Service Thread"             daemon [_thread_blocked, id=12392, stack(0x000000ba9b200000,0x000000ba9b300000) (1024K)]
  0x000002461894b560 JavaThread "Monitor Deflation Thread"   daemon [_thread_blocked, id=16528, stack(0x000000ba9b300000,0x000000ba9b400000) (1024K)]
  0x000002461894c390 JavaThread "C2 CompilerThread0"         daemon [_thread_in_native, id=4052, stack(0x000000ba9b400000,0x000000ba9b500000) (1024K)]
  0x000002461897e560 JavaThread "C1 CompilerThread0"         daemon [_thread_blocked, id=15684, stack(0x000000ba9b500000,0x000000ba9b600000) (1024K)]
  0x000002465b3de390 JavaThread "Common-Cleaner"             daemon [_thread_blocked, id=7600, stack(0x000000ba9b600000,0x000000ba9b700000) (1024K)]
  0x000002465b71e660 JavaThread "Notification Thread"        daemon [_thread_blocked, id=19032, stack(0x000000ba9b700000,0x000000ba9b800000) (1024K)]
  0x000002465bddd9f0 JavaThread "Active Thread: Equinox Container: b7ee423f-5ebf-4482-82aa-a18456ee8cfc"        [_thread_blocked, id=7428, stack(0x000000ba9b800000,0x000000ba9b900000) (1024K)]
  0x000002465b948b90 JavaThread "Refresh Thread: Equinox Container: b7ee423f-5ebf-4482-82aa-a18456ee8cfc" daemon [_thread_blocked, id=5448, stack(0x000000ba9c000000,0x000000ba9c100000) (1024K)]
  0x000002465bdb9890 JavaThread "Framework Event Dispatcher: Equinox Container: b7ee423f-5ebf-4482-82aa-a18456ee8cfc" daemon [_thread_blocked, id=16448, stack(0x000000ba9c100000,0x000000ba9c200000) (1024K)]
  0x00000246600533e0 JavaThread "Start Level: Equinox Container: b7ee423f-5ebf-4482-82aa-a18456ee8cfc" daemon [_thread_blocked, id=7216, stack(0x000000ba9c300000,0x000000ba9c400000) (1024K)]
  0x000002465bedfda0 JavaThread "Bundle File Closer"         daemon [_thread_blocked, id=5620, stack(0x000000ba9c400000,0x000000ba9c500000) (1024K)]
  0x000002465bee0bb0 JavaThread "SCR Component Actor"        daemon [_thread_blocked, id=6720, stack(0x000000ba9bf00000,0x000000ba9c000000) (1024K)]
  0x000002466045af20 JavaThread "Worker-JM"                         [_thread_blocked, id=5684, stack(0x000000ba9c600000,0x000000ba9c700000) (1024K)]
  0x000002466045b5b0 JavaThread "JNA Cleaner"                daemon [_thread_blocked, id=15760, stack(0x000000ba9c500000,0x000000ba9c600000) (1024K)]
  0x000002466045c2d0 JavaThread "Worker-0: Repository registry initialization"        [_thread_in_vm, id=10224, stack(0x000000ba9c700000,0x000000ba9c800000) (1024K)]
  0x0000024660459b70 JavaThread "Worker-1"                          [_thread_blocked, id=11084, stack(0x000000ba9c800000,0x000000ba9c900000) (1024K)]
  0x000002466045cff0 JavaThread "Worker-2: Initialize After Load"        [_thread_in_Java, id=14248, stack(0x000000ba9ca00000,0x000000ba9cb00000) (1024K)]
  0x000002466045a200 JavaThread "Java indexing"              daemon [_thread_blocked, id=11380, stack(0x000000ba9cc00000,0x000000ba9cd00000) (1024K)]
  0x000002466045a890 JavaThread "Worker-3"                          [_thread_blocked, id=13012, stack(0x000000ba9cd00000,0x000000ba9ce00000) (1024K)]
  0x000002466045bc40 JavaThread "Worker-4"                          [_thread_blocked, id=17260, stack(0x000000ba9ce00000,0x000000ba9cf00000) (1024K)]
  0x000002466045c960 JavaThread "Thread-3"                   daemon [_thread_in_native, id=16744, stack(0x000000ba9d000000,0x000000ba9d100000) (1024K)]
  0x0000024662132a60 JavaThread "Thread-4"                   daemon [_thread_in_native, id=3296, stack(0x000000ba9d100000,0x000000ba9d200000) (1024K)]
  0x0000024662133e10 JavaThread "Thread-5"                   daemon [_thread_in_native, id=5856, stack(0x000000ba9d200000,0x000000ba9d300000) (1024K)]
  0x00000246621323d0 JavaThread "Thread-6"                   daemon [_thread_in_native, id=10772, stack(0x000000ba9d300000,0x000000ba9d400000) (1024K)]
  0x0000024662133780 JavaThread "Thread-7"                   daemon [_thread_in_native, id=15208, stack(0x000000ba9d400000,0x000000ba9d500000) (1024K)]
  0x0000024662135ee0 JavaThread "Thread-8"                   daemon [_thread_in_native, id=18080, stack(0x000000ba9d500000,0x000000ba9d600000) (1024K)]
  0x00000246621330f0 JavaThread "Thread-9"                   daemon [_thread_in_native, id=3480, stack(0x000000ba9d600000,0x000000ba9d700000) (1024K)]
  0x00000246621344a0 JavaThread "Thread-10"                  daemon [_thread_in_native, id=11376, stack(0x000000ba9d700000,0x000000ba9d800000) (1024K)]
  0x00000246621351c0 JavaThread "Thread-11"                  daemon [_thread_in_native, id=12736, stack(0x000000ba9d800000,0x000000ba9d900000) (1024K)]
  0x0000024662137920 JavaThread "pool-2-thread-1"                   [_thread_blocked, id=9536, stack(0x000000ba9d900000,0x000000ba9da00000) (1024K)]
  0x0000024662137290 JavaThread "WorkspaceEventsHandler"            [_thread_blocked, id=16784, stack(0x000000ba9da00000,0x000000ba9db00000) (1024K)]
  0x0000024662136c00 JavaThread "pool-1-thread-1"                   [_thread_blocked, id=17860, stack(0x000000ba9db00000,0x000000ba9dc00000) (1024K)]
=>0x00000246622775e0 JavaThread "C2 CompilerThread1"         daemon [_thread_in_native, id=15596, stack(0x000000ba9cf00000,0x000000ba9d000000) (1024K)]
Total: 38

Other Threads:
  0x0000024618922770 VMThread "VM Thread"                           [id=1964, stack(0x000000ba9ad00000,0x000000ba9ae00000) (1024K)]
  0x00000246045f77f0 WatcherThread "VM Periodic Task Thread"        [id=7328, stack(0x000000ba9ac00000,0x000000ba9ad00000) (1024K)]
  0x00000246045a8c00 WorkerThread "GC Thread#0"                     [id=2812, stack(0x000000ba9ab00000,0x000000ba9ac00000) (1024K)]
  0x000002465baa16d0 WorkerThread "GC Thread#1"                     [id=8628, stack(0x000000ba9b900000,0x000000ba9ba00000) (1024K)]
  0x000002465bb70550 WorkerThread "GC Thread#2"                     [id=9460, stack(0x000000ba9ba00000,0x000000ba9bb00000) (1024K)]
  0x000002465bea16a0 WorkerThread "GC Thread#3"                     [id=12028, stack(0x000000ba9bb00000,0x000000ba9bc00000) (1024K)]
  0x0000024660026720 WorkerThread "GC Thread#4"                     [id=17808, stack(0x000000ba9bc00000,0x000000ba9bd00000) (1024K)]
  0x0000024660026ac0 WorkerThread "GC Thread#5"                     [id=17464, stack(0x000000ba9bd00000,0x000000ba9be00000) (1024K)]
  0x0000024660026e60 WorkerThread "GC Thread#6"                     [id=18868, stack(0x000000ba9be00000,0x000000ba9bf00000) (1024K)]
  0x000002465bb9d730 WorkerThread "GC Thread#7"                     [id=15624, stack(0x000000ba9c200000,0x000000ba9c300000) (1024K)]
Total: 10

Threads with active compile tasks:
C2 CompilerThread0  32975 5417   !   4       org.eclipse.osgi.internal.loader.classpath.ClasspathManager::defineClass (636 bytes)
C1 CompilerThread0  32975 5734       3       org.eclipse.osgi.storage.url.BundleResourceHandler::<init> (15 bytes)
C2 CompilerThread1  32975 5435   !   4       org.eclipse.osgi.internal.loader.BundleLoader::findClass0 (491 bytes)
Total: 3

VM state: not at safepoint (normal execution)

VM Mutex/Monitor currently owned by a thread: None

Heap address: 0x00000000c0000000, size: 1024 MB, Compressed Oops mode: 32-bit

CDS archive(s) mapped at: [0x0000024619000000-0x0000024619ba0000-0x0000024619ba0000), size 12189696, SharedBaseAddress: 0x0000024619000000, ArchiveRelocationMode: 1.
Compressed class space mapped at: 0x000002461a000000-0x000002465a000000, reserved size: 1073741824
Narrow klass base: 0x0000024619000000, Narrow klass shift: 0, Narrow klass range: 0x100000000

GC Precious Log:
 CardTable entry size: 512
 CPUs: 8 total, 8 available
 Memory: 7959M
 Large Page Support: Disabled
 NUMA Support: Disabled
 Compressed Oops: Enabled (32-bit)
 Alignments: Space 512K, Generation 512K, Heap 2M
 Heap Min Capacity: 100M
 Heap Initial Capacity: 100M
 Heap Max Capacity: 1G
 Pre-touch: Disabled
 Parallel Workers: 8

Heap:
 PSYoungGen      total 24576K, used 2693K [0x00000000eab00000, 0x00000000ec600000, 0x0000000100000000)
  eden space 22016K, 5% used [0x00000000eab00000,0x00000000eac20f60,0x00000000ec080000)
  from space 2560K, 60% used [0x00000000ec180000,0x00000000ec300508,0x00000000ec400000)
  to   space 2048K, 0% used [0x00000000ec400000,0x00000000ec400000,0x00000000ec600000)
 ParOldGen       total 68608K, used 21387K [0x00000000c0000000, 0x00000000c4300000, 0x00000000eab00000)
  object space 68608K, 31% used [0x00000000c0000000,0x00000000c14e2e20,0x00000000c4300000)
 Metaspace       used 38124K, committed 39360K, reserved 1114112K
  class space    used 3893K, committed 4416K, reserved 1048576K

Card table byte_map: [0x0000024603f50000,0x0000024604160000] _byte_map_base: 0x0000024603950000

Marking Bits: (ParMarkBitMap*) 0x00007ffee11d3260
 Begin Bits: [0x0000024616780000, 0x0000024617780000)
 End Bits:   [0x0000024617780000, 0x0000024618780000)

Polling page: 0x0000024602590000

Metaspace:

Usage:
  Non-class:     33.43 MB used.
      Class:      3.80 MB used.
       Both:     37.23 MB used.

Virtual space:
  Non-class space:       64.00 MB reserved,      34.12 MB ( 53%) committed,  1 nodes.
      Class space:        1.00 GB reserved,       4.31 MB ( <1%) committed,  1 nodes.
             Both:        1.06 GB reserved,      38.44 MB (  4%) committed. 

Chunk freelists:
   Non-Class:  13.84 MB
       Class:  11.62 MB
        Both:  25.47 MB

MaxMetaspaceSize: unlimited
CompressedClassSpaceSize: 1.00 GB
Initial GC threshold: 21.00 MB
Current GC threshold: 58.38 MB
CDS: on
 - commit_granule_bytes: 65536.
 - commit_granule_words: 8192.
 - virtual_space_node_default_size: 8388608.
 - enlarge_chunks_in_place: 1.
 - use_allocation_guard: 0.


Internal statistics:

num_allocs_failed_limit: 6.
num_arena_births: 878.
num_arena_deaths: 14.
num_vsnodes_births: 2.
num_vsnodes_deaths: 0.
num_space_committed: 615.
num_space_uncommitted: 0.
num_chunks_returned_to_freelist: 20.
num_chunks_taken_from_freelist: 2615.
num_chunk_merges: 9.
num_chunk_splits: 1598.
num_chunks_enlarged: 872.
num_inconsistent_stats: 0.

CodeHeap 'non-profiled nmethods': size=120000Kb used=2882Kb max_used=2882Kb free=117117Kb
 bounds [0x000002460f250000, 0x000002460f530000, 0x0000024616780000]
CodeHeap 'profiled nmethods': size=120000Kb used=10920Kb max_used=10955Kb free=109079Kb
 bounds [0x0000024607780000, 0x0000024608240000, 0x000002460ecb0000]
CodeHeap 'non-nmethods': size=5760Kb used=1365Kb max_used=1410Kb free=4394Kb
 bounds [0x000002460ecb0000, 0x000002460ef20000, 0x000002460f250000]
 total_blobs=5773 nmethods=5122 adapters=557
 compilation: enabled
              stopped_count=0, restarted_count=0
 full_count=0

Compilation events (20 events):
Event: 28.762 Thread 0x000002461897e560 5457       3       sun.reflect.annotation.AnnotationParser::annotationForMap (16 bytes)
Event: 28.762 Thread 0x000002461897e560 nmethod 5457 0x0000024607ace910 code [0x0000024607aceb20, 0x0000024607acf0e8]
Event: 28.762 Thread 0x000002461897e560 5458       3       sun.reflect.annotation.AnnotationParser$1::<init> (15 bytes)
Event: 28.762 Thread 0x000002461897e560 nmethod 5458 0x0000024607af5e90 code [0x0000024607af6040, 0x0000024607af61d8]
Event: 28.763 Thread 0x000002461897e560 5459       3       sun.reflect.annotation.AnnotationParser$1::run (5 bytes)
Event: 28.763 Thread 0x000002461897e560 nmethod 5459 0x0000024607af5a90 code [0x0000024607af5c40, 0x0000024607af5d98]
Event: 28.766 Thread 0x00000246622775e0 nmethod 5441 0x000002460f3abb90 code [0x000002460f3abe00, 0x000002460f3ac5f0]
Event: 28.766 Thread 0x00000246622775e0 5448       4       java.io.ObjectInputStream$HandleTable::finish (111 bytes)
Event: 28.769 Thread 0x00000246622775e0 nmethod 5448 0x000002460f298d10 code [0x000002460f298ea0, 0x000002460f299028]
Event: 28.769 Thread 0x00000246622775e0 5435   !   4       org.eclipse.osgi.internal.loader.BundleLoader::findClass0 (491 bytes)
Event: 29.166 Thread 0x000002461897e560 5461       3       org.eclipse.core.internal.registry.ConfigurationElement::getAttributeAsIs (62 bytes)
Event: 29.167 Thread 0x000002461897e560 nmethod 5461 0x0000024607b9bb90 code [0x0000024607b9bd80, 0x0000024607b9c100]
Event: 29.167 Thread 0x000002461897e560 5464       3       java.lang.Integer::parseInt (264 bytes)
Event: 29.175 Thread 0x000002461897e560 nmethod 5464 0x000002460787c790 code [0x000002460787cc00, 0x000002460787e918]
Event: 29.175 Thread 0x000002461897e560 5463       3       java.lang.CharacterDataLatin1::digit (32 bytes)
Event: 29.176 Thread 0x000002461897e560 nmethod 5463 0x0000024607af5490 code [0x0000024607af5640, 0x0000024607af5880]
Event: 29.176 Thread 0x000002461897e560 5460       3       org.eclipse.core.internal.registry.ConfigurationElement::getAttribute (6 bytes)
Event: 29.176 Thread 0x000002461897e560 nmethod 5460 0x0000024607ace590 code [0x0000024607ace740, 0x0000024607ace880]
Event: 29.176 Thread 0x000002461897e560 5462       3       org.eclipse.core.internal.registry.ConfigurationElementHandle::getAttribute (9 bytes)
Event: 29.177 Thread 0x000002461897e560 nmethod 5462 0x0000024607c2b210 code [0x0000024607c2b3e0, 0x0000024607c2b8e8]

GC Heap History (20 events):
Event: 17.091 GC heap before
{Heap before GC invocations=7 (full 0):
 PSYoungGen      total 29184K, used 19528K [0x00000000eab00000, 0x00000000ece00000, 0x0000000100000000)
  eden space 24576K, 62% used [0x00000000eab00000,0x00000000eba050c8,0x00000000ec300000)
  from space 4608K, 90% used [0x00000000ec980000,0x00000000ecd8d170,0x00000000ece00000)
  to   space 5120K, 0% used [0x00000000ec400000,0x00000000ec400000,0x00000000ec900000)
 ParOldGen       total 68608K, used 8140K [0x00000000c0000000, 0x00000000c4300000, 0x00000000eab00000)
  object space 68608K, 11% used [0x00000000c0000000,0x00000000c07f3028,0x00000000c4300000)
 Metaspace       used 20623K, committed 21504K, reserved 1114112K
  class space    used 2097K, committed 2496K, reserved 1048576K
}
Event: 17.098 GC heap after
{Heap after GC invocations=7 (full 0):
 PSYoungGen      total 29184K, used 4345K [0x00000000eab00000, 0x00000000ecc00000, 0x0000000100000000)
  eden space 24576K, 0% used [0x00000000eab00000,0x00000000eab00000,0x00000000ec300000)
  from space 4608K, 94% used [0x00000000ec400000,0x00000000ec83e790,0x00000000ec880000)
  to   space 3584K, 0% used [0x00000000ec880000,0x00000000ec880000,0x00000000ecc00000)
 ParOldGen       total 68608K, used 9574K [0x00000000c0000000, 0x00000000c4300000, 0x00000000eab00000)
  object space 68608K, 13% used [0x00000000c0000000,0x00000000c0959928,0x00000000c4300000)
 Metaspace       used 20623K, committed 21504K, reserved 1114112K
  class space    used 2097K, committed 2496K, reserved 1048576K
}
Event: 17.098 GC heap before
{Heap before GC invocations=8 (full 1):
 PSYoungGen      total 29184K, used 4345K [0x00000000eab00000, 0x00000000ecc00000, 0x0000000100000000)
  eden space 24576K, 0% used [0x00000000eab00000,0x00000000eab00000,0x00000000ec300000)
  from space 4608K, 94% used [0x00000000ec400000,0x00000000ec83e790,0x00000000ec880000)
  to   space 3584K, 0% used [0x00000000ec880000,0x00000000ec880000,0x00000000ecc00000)
 ParOldGen       total 68608K, used 9574K [0x00000000c0000000, 0x00000000c4300000, 0x00000000eab00000)
  object space 68608K, 13% used [0x00000000c0000000,0x00000000c0959928,0x00000000c4300000)
 Metaspace       used 20623K, committed 21504K, reserved 1114112K
  class space    used 2097K, committed 2496K, reserved 1048576K
}
Event: 17.159 GC heap after
{Heap after GC invocations=8 (full 1):
 PSYoungGen      total 29184K, used 0K [0x00000000eab00000, 0x00000000ecc00000, 0x0000000100000000)
  eden space 24576K, 0% used [0x00000000eab00000,0x00000000eab00000,0x00000000ec300000)
  from space 4608K, 0% used [0x00000000ec400000,0x00000000ec400000,0x00000000ec880000)
  to   space 3584K, 0% used [0x00000000ec880000,0x00000000ec880000,0x00000000ecc00000)
 ParOldGen       total 68608K, used 13318K [0x00000000c0000000, 0x00000000c4300000, 0x00000000eab00000)
  object space 68608K, 19% used [0x00000000c0000000,0x00000000c0d01bb0,0x00000000c4300000)
 Metaspace       used 20610K, committed 21504K, reserved 1114112K
  class space    used 2094K, committed 2496K, reserved 1048576K
}
Event: 18.061 GC heap before
{Heap before GC invocations=9 (full 1):
 PSYoungGen      total 29184K, used 24341K [0x00000000eab00000, 0x00000000ecc00000, 0x0000000100000000)
  eden space 24576K, 99% used [0x00000000eab00000,0x00000000ec2c5640,0x00000000ec300000)
  from space 4608K, 0% used [0x00000000ec400000,0x00000000ec400000,0x00000000ec880000)
  to   space 3584K, 0% used [0x00000000ec880000,0x00000000ec880000,0x00000000ecc00000)
 ParOldGen       total 68608K, used 13318K [0x00000000c0000000, 0x00000000c4300000, 0x00000000eab00000)
  object space 68608K, 19% used [0x00000000c0000000,0x00000000c0d01bb0,0x00000000c4300000)
 Metaspace       used 22686K, committed 23680K, reserved 1114112K
  class space    used 2266K, committed 2752K, reserved 1048576K
}
Event: 18.063 GC heap after
{Heap after GC invocations=9 (full 1):
 PSYoungGen      total 25600K, used 1319K [0x00000000eab00000, 0x00000000eca00000, 0x0000000100000000)
  eden space 24064K, 0% used [0x00000000eab00000,0x00000000eab00000,0x00000000ec280000)
  from space 1536K, 85% used [0x00000000ec880000,0x00000000ec9c9dc0,0x00000000eca00000)
  to   space 2560K, 0% used [0x00000000ec500000,0x00000000ec500000,0x00000000ec780000)
 ParOldGen       total 68608K, used 13318K [0x00000000c0000000, 0x00000000c4300000, 0x00000000eab00000)
  object space 68608K, 19% used [0x00000000c0000000,0x00000000c0d01bb0,0x00000000c4300000)
 Metaspace       used 22686K, committed 23680K, reserved 1114112K
  class space    used 2266K, committed 2752K, reserved 1048576K
}
Event: 18.786 GC heap before
{Heap before GC invocations=10 (full 1):
 PSYoungGen      total 25600K, used 25383K [0x00000000eab00000, 0x00000000eca00000, 0x0000000100000000)
  eden space 24064K, 100% used [0x00000000eab00000,0x00000000ec280000,0x00000000ec280000)
  from space 1536K, 85% used [0x00000000ec880000,0x00000000ec9c9dc0,0x00000000eca00000)
  to   space 2560K, 0% used [0x00000000ec500000,0x00000000ec500000,0x00000000ec780000)
 ParOldGen       total 68608K, used 13318K [0x00000000c0000000, 0x00000000c4300000, 0x00000000eab00000)
  object space 68608K, 19% used [0x00000000c0000000,0x00000000c0d01bb0,0x00000000c4300000)
 Metaspace       used 26205K, committed 27200K, reserved 1114112K
  class space    used 2570K, committed 3008K, reserved 1048576K
}
Event: 18.789 GC heap after
{Heap after GC invocations=10 (full 1):
 PSYoungGen      total 26112K, used 2555K [0x00000000eab00000, 0x00000000eca00000, 0x0000000100000000)
  eden space 23552K, 0% used [0x00000000eab00000,0x00000000eab00000,0x00000000ec200000)
  from space 2560K, 99% used [0x00000000ec500000,0x00000000ec77ee10,0x00000000ec780000)
  to   space 2560K, 0% used [0x00000000ec780000,0x00000000ec780000,0x00000000eca00000)
 ParOldGen       total 68608K, used 14053K [0x00000000c0000000, 0x00000000c4300000, 0x00000000eab00000)
  object space 68608K, 20% used [0x00000000c0000000,0x00000000c0db9760,0x00000000c4300000)
 Metaspace       used 26205K, committed 27200K, reserved 1114112K
  class space    used 2570K, committed 3008K, reserved 1048576K
}
Event: 20.145 GC heap before
{Heap before GC invocations=11 (full 1):
 PSYoungGen      total 26112K, used 26107K [0x00000000eab00000, 0x00000000eca00000, 0x0000000100000000)
  eden space 23552K, 100% used [0x00000000eab00000,0x00000000ec200000,0x00000000ec200000)
  from space 2560K, 99% used [0x00000000ec500000,0x00000000ec77ee10,0x00000000ec780000)
  to   space 2560K, 0% used [0x00000000ec780000,0x00000000ec780000,0x00000000eca00000)
 ParOldGen       total 68608K, used 14053K [0x00000000c0000000, 0x00000000c4300000, 0x00000000eab00000)
  object space 68608K, 20% used [0x00000000c0000000,0x00000000c0db9760,0x00000000c4300000)
 Metaspace       used 27809K, committed 28864K, reserved 1114112K
  class space    used 2674K, committed 3136K, reserved 1048576K
}
Event: 20.147 GC heap after
{Heap after GC invocations=11 (full 1):
 PSYoungGen      total 25600K, used 2333K [0x00000000eab00000, 0x00000000eca00000, 0x0000000100000000)
  eden space 23040K, 0% used [0x00000000eab00000,0x00000000eab00000,0x00000000ec180000)
  from space 2560K, 91% used [0x00000000ec780000,0x00000000ec9c7770,0x00000000eca00000)
  to   space 3072K, 0% used [0x00000000ec400000,0x00000000ec400000,0x00000000ec700000)
 ParOldGen       total 68608K, used 15630K [0x00000000c0000000, 0x00000000c4300000, 0x00000000eab00000)
  object space 68608K, 22% used [0x00000000c0000000,0x00000000c0f43870,0x00000000c4300000)
 Metaspace       used 27809K, committed 28864K, reserved 1114112K
  class space    used 2674K, committed 3136K, reserved 1048576K
}
Event: 21.976 GC heap before
{Heap before GC invocations=12 (full 1):
 PSYoungGen      total 25600K, used 25373K [0x00000000eab00000, 0x00000000eca00000, 0x0000000100000000)
  eden space 23040K, 100% used [0x00000000eab00000,0x00000000ec180000,0x00000000ec180000)
  from space 2560K, 91% used [0x00000000ec780000,0x00000000ec9c7770,0x00000000eca00000)
  to   space 3072K, 0% used [0x00000000ec400000,0x00000000ec400000,0x00000000ec700000)
 ParOldGen       total 68608K, used 15630K [0x00000000c0000000, 0x00000000c4300000, 0x00000000eab00000)
  object space 68608K, 22% used [0x00000000c0000000,0x00000000c0f43870,0x00000000c4300000)
 Metaspace       used 31123K, committed 32128K, reserved 1114112K
  class space    used 3034K, committed 3520K, reserved 1048576K
}
Event: 21.981 GC heap after
{Heap after GC invocations=12 (full 1):
 PSYoungGen      total 24576K, used 1976K [0x00000000eab00000, 0x00000000ec800000, 0x0000000100000000)
  eden space 22528K, 0% used [0x00000000eab00000,0x00000000eab00000,0x00000000ec100000)
  from space 2048K, 96% used [0x00000000ec400000,0x00000000ec5ee0d8,0x00000000ec600000)
  to   space 2048K, 0% used [0x00000000ec600000,0x00000000ec600000,0x00000000ec800000)
 ParOldGen       total 68608K, used 17886K [0x00000000c0000000, 0x00000000c4300000, 0x00000000eab00000)
  object space 68608K, 26% used [0x00000000c0000000,0x00000000c1177b60,0x00000000c4300000)
 Metaspace       used 31123K, committed 32128K, reserved 1114112K
  class space    used 3034K, committed 3520K, reserved 1048576K
}
Event: 24.237 GC heap before
{Heap before GC invocations=13 (full 1):
 PSYoungGen      total 24576K, used 24504K [0x00000000eab00000, 0x00000000ec800000, 0x0000000100000000)
  eden space 22528K, 100% used [0x00000000eab00000,0x00000000ec100000,0x00000000ec100000)
  from space 2048K, 96% used [0x00000000ec400000,0x00000000ec5ee0d8,0x00000000ec600000)
  to   space 2048K, 0% used [0x00000000ec600000,0x00000000ec600000,0x00000000ec800000)
 ParOldGen       total 68608K, used 17886K [0x00000000c0000000, 0x00000000c4300000, 0x00000000eab00000)
  object space 68608K, 26% used [0x00000000c0000000,0x00000000c1177b60,0x00000000c4300000)
 Metaspace       used 33777K, committed 35008K, reserved 1114112K
  class space    used 3365K, committed 3904K, reserved 1048576K
}
Event: 24.240 GC heap after
{Heap after GC invocations=13 (full 1):
 PSYoungGen      total 24064K, used 1609K [0x00000000eab00000, 0x00000000ec800000, 0x0000000100000000)
  eden space 22016K, 0% used [0x00000000eab00000,0x00000000eab00000,0x00000000ec080000)
  from space 2048K, 78% used [0x00000000ec600000,0x00000000ec792780,0x00000000ec800000)
  to   space 2048K, 0% used [0x00000000ec400000,0x00000000ec400000,0x00000000ec600000)
 ParOldGen       total 68608K, used 19648K [0x00000000c0000000, 0x00000000c4300000, 0x00000000eab00000)
  object space 68608K, 28% used [0x00000000c0000000,0x00000000c1330060,0x00000000c4300000)
 Metaspace       used 33777K, committed 35008K, reserved 1114112K
  class space    used 3365K, committed 3904K, reserved 1048576K
}
Event: 25.343 GC heap before
{Heap before GC invocations=14 (full 1):
 PSYoungGen      total 24064K, used 10390K [0x00000000eab00000, 0x00000000ec800000, 0x0000000100000000)
  eden space 22016K, 39% used [0x00000000eab00000,0x00000000eb3933a0,0x00000000ec080000)
  from space 2048K, 78% used [0x00000000ec600000,0x00000000ec792780,0x00000000ec800000)
  to   space 2048K, 0% used [0x00000000ec400000,0x00000000ec400000,0x00000000ec600000)
 ParOldGen       total 68608K, used 19648K [0x00000000c0000000, 0x00000000c4300000, 0x00000000eab00000)
  object space 68608K, 28% used [0x00000000c0000000,0x00000000c1330060,0x00000000c4300000)
 Metaspace       used 34668K, committed 35840K, reserved 1114112K
  class space    used 3488K, committed 4032K, reserved 1048576K
}
Event: 25.347 GC heap after
{Heap after GC invocations=14 (full 1):
 PSYoungGen      total 23040K, used 625K [0x00000000eab00000, 0x00000000ec680000, 0x0000000100000000)
  eden space 22016K, 0% used [0x00000000eab00000,0x00000000eab00000,0x00000000ec080000)
  from space 1024K, 61% used [0x00000000ec400000,0x00000000ec49c708,0x00000000ec500000)
  to   space 1024K, 0% used [0x00000000ec580000,0x00000000ec580000,0x00000000ec680000)
 ParOldGen       total 68608K, used 21025K [0x00000000c0000000, 0x00000000c4300000, 0x00000000eab00000)
  object space 68608K, 30% used [0x00000000c0000000,0x00000000c1488648,0x00000000c4300000)
 Metaspace       used 34668K, committed 35840K, reserved 1114112K
  class space    used 3488K, committed 4032K, reserved 1048576K
}
Event: 25.347 GC heap before
{Heap before GC invocations=15 (full 2):
 PSYoungGen      total 23040K, used 625K [0x00000000eab00000, 0x00000000ec680000, 0x0000000100000000)
  eden space 22016K, 0% used [0x00000000eab00000,0x00000000eab00000,0x00000000ec080000)
  from space 1024K, 61% used [0x00000000ec400000,0x00000000ec49c708,0x00000000ec500000)
  to   space 1024K, 0% used [0x00000000ec580000,0x00000000ec580000,0x00000000ec680000)
 ParOldGen       total 68608K, used 21025K [0x00000000c0000000, 0x00000000c4300000, 0x00000000eab00000)
  object space 68608K, 30% used [0x00000000c0000000,0x00000000c1488648,0x00000000c4300000)
 Metaspace       used 34668K, committed 35840K, reserved 1114112K
  class space    used 3488K, committed 4032K, reserved 1048576K
}
Event: 25.419 GC heap after
{Heap after GC invocations=15 (full 2):
 PSYoungGen      total 23040K, used 0K [0x00000000eab00000, 0x00000000ec680000, 0x0000000100000000)
  eden space 22016K, 0% used [0x00000000eab00000,0x00000000eab00000,0x00000000ec080000)
  from space 1024K, 0% used [0x00000000ec400000,0x00000000ec400000,0x00000000ec500000)
  to   space 1024K, 0% used [0x00000000ec580000,0x00000000ec580000,0x00000000ec680000)
 ParOldGen       total 68608K, used 19468K [0x00000000c0000000, 0x00000000c4300000, 0x00000000eab00000)
  object space 68608K, 28% used [0x00000000c0000000,0x00000000c1303168,0x00000000c4300000)
 Metaspace       used 34668K, committed 35840K, reserved 1114112K
  class space    used 3488K, committed 4032K, reserved 1048576K
}
Event: 27.633 GC heap before
{Heap before GC invocations=16 (full 2):
 PSYoungGen      total 23040K, used 22016K [0x00000000eab00000, 0x00000000ec680000, 0x0000000100000000)
  eden space 22016K, 100% used [0x00000000eab00000,0x00000000ec080000,0x00000000ec080000)
  from space 1024K, 0% used [0x00000000ec400000,0x00000000ec400000,0x00000000ec500000)
  to   space 1024K, 0% used [0x00000000ec580000,0x00000000ec580000,0x00000000ec680000)
 ParOldGen       total 68608K, used 19468K [0x00000000c0000000, 0x00000000c4300000, 0x00000000eab00000)
  object space 68608K, 28% used [0x00000000c0000000,0x00000000c1303168,0x00000000c4300000)
 Metaspace       used 36714K, committed 37952K, reserved 1114112K
  class space    used 3745K, committed 4288K, reserved 1048576K
}
Event: 27.636 GC heap after
{Heap after GC invocations=16 (full 2):
 PSYoungGen      total 23040K, used 1008K [0x00000000eab00000, 0x00000000ec680000, 0x0000000100000000)
  eden space 22016K, 0% used [0x00000000eab00000,0x00000000eab00000,0x00000000ec080000)
  from space 1024K, 98% used [0x00000000ec580000,0x00000000ec67c010,0x00000000ec680000)
  to   space 2560K, 0% used [0x00000000ec180000,0x00000000ec180000,0x00000000ec400000)
 ParOldGen       total 68608K, used 20420K [0x00000000c0000000, 0x00000000c4300000, 0x00000000eab00000)
  object space 68608K, 29% used [0x00000000c0000000,0x00000000c13f1188,0x00000000c4300000)
 Metaspace       used 36714K, committed 37952K, reserved 1114112K
  class space    used 3745K, committed 4288K, reserved 1048576K
}

Dll operation events (10 events):
Event: 0.042 Loaded shared library c:\Users\Fer\.vscode\extensions\redhat.java-1.41.2025031208-win32-x64\jre\21.0.6-win32-x86_64\bin\java.dll
Event: 0.218 Loaded shared library c:\Users\Fer\.vscode\extensions\redhat.java-1.41.2025031208-win32-x64\jre\21.0.6-win32-x86_64\bin\zip.dll
Event: 0.305 Loaded shared library C:\Users\Fer\.vscode\extensions\redhat.java-1.41.2025031208-win32-x64\jre\21.0.6-win32-x86_64\bin\instrument.dll
Event: 0.316 Loaded shared library C:\Users\Fer\.vscode\extensions\redhat.java-1.41.2025031208-win32-x64\jre\21.0.6-win32-x86_64\bin\net.dll
Event: 0.340 Loaded shared library C:\Users\Fer\.vscode\extensions\redhat.java-1.41.2025031208-win32-x64\jre\21.0.6-win32-x86_64\bin\nio.dll
Event: 0.348 Loaded shared library C:\Users\Fer\.vscode\extensions\redhat.java-1.41.2025031208-win32-x64\jre\21.0.6-win32-x86_64\bin\zip.dll
Event: 0.373 Loaded shared library C:\Users\Fer\.vscode\extensions\redhat.java-1.41.2025031208-win32-x64\jre\21.0.6-win32-x86_64\bin\jimage.dll
Event: 0.520 Loaded shared library c:\Users\Fer\.vscode\extensions\redhat.java-1.41.2025031208-win32-x64\jre\21.0.6-win32-x86_64\bin\verify.dll
Event: 3.439 Loaded shared library C:\Users\Fer\AppData\Roaming\Code\User\globalStorage\redhat.java\1.41.2025031208\config_win\org.eclipse.equinox.launcher\org.eclipse.equinox.launcher.win32.win32.x86_64_1.2.1200.v20250212-0927\eclipse_11909.dll
Event: 12.242 Loaded shared library C:\Users\Fer\AppData\Local\Temp\jna-70515\jna17740120818849205941.dll

Deoptimization events (20 events):
Event: 27.589 Thread 0x000002466045c2d0 Uncommon trap: trap_request=0xffffff45 fr.pc=0x000002460f31d7b8 relative=0x0000000000000a58
Event: 27.589 Thread 0x000002466045c2d0 Uncommon trap: reason=unstable_if action=reinterpret pc=0x000002460f31d7b8 method=org.codehaus.plexus.util.xml.pull.MXParser.nextImpl()I @ 241 c2
Event: 27.589 Thread 0x000002466045c2d0 DEOPT PACKING pc=0x000002460f31d7b8 sp=0x000000ba9c7fe3d0
Event: 27.589 Thread 0x000002466045c2d0 DEOPT UNPACKING pc=0x000002460ed06da2 sp=0x000000ba9c7fe330 mode 2
Event: 27.589 Thread 0x000002466045c2d0 Uncommon trap: trap_request=0xffffff45 fr.pc=0x000002460f3c6438 relative=0x0000000000000eb8
Event: 27.589 Thread 0x000002466045c2d0 Uncommon trap: reason=unstable_if action=reinterpret pc=0x000002460f3c6438 method=sun.nio.cs.StreamDecoder.lockedRead0()I @ 30 c2
Event: 27.591 Thread 0x000002466045c2d0 DEOPT PACKING pc=0x000002460f3c6438 sp=0x000000ba9c7fe000
Event: 27.591 Thread 0x000002466045c2d0 DEOPT UNPACKING pc=0x000002460ed06da2 sp=0x000000ba9c7fdf68 mode 2
Event: 27.632 Thread 0x0000024662136c00 Uncommon trap: trap_request=0xffffff45 fr.pc=0x000002460f2a84a8 relative=0x00000000000001e8
Event: 27.632 Thread 0x0000024662136c00 Uncommon trap: reason=unstable_if action=reinterpret pc=0x000002460f2a84a8 method=com.google.gson.stream.JsonReader.nextNonWhitespace(Z)I @ 32 c2
Event: 27.632 Thread 0x0000024662136c00 DEOPT PACKING pc=0x000002460f2a84a8 sp=0x000000ba9dbfeeb0
Event: 27.632 Thread 0x0000024662136c00 DEOPT UNPACKING pc=0x000002460ed06da2 sp=0x000000ba9dbfee28 mode 2
Event: 27.956 Thread 0x000002466045cff0 Uncommon trap: trap_request=0xffffff45 fr.pc=0x000002460f47fae4 relative=0x0000000000001bc4
Event: 27.956 Thread 0x000002466045cff0 Uncommon trap: reason=unstable_if action=reinterpret pc=0x000002460f47fae4 method=org.eclipse.core.runtime.Path.computeSegmentCount(Ljava/lang/String;)I @ 6 c2
Event: 27.956 Thread 0x000002466045cff0 DEOPT PACKING pc=0x000002460f47fae4 sp=0x000000ba9cafd470
Event: 27.956 Thread 0x000002466045cff0 DEOPT UNPACKING pc=0x000002460ed06da2 sp=0x000000ba9cafd3c0 mode 2
Event: 28.050 Thread 0x000002466045cff0 Uncommon trap: trap_request=0xffffff45 fr.pc=0x000002460f4817a0 relative=0x0000000000000520
Event: 28.050 Thread 0x000002466045cff0 Uncommon trap: reason=unstable_if action=reinterpret pc=0x000002460f4817a0 method=org.eclipse.core.runtime.Path.computeSegmentCount(Ljava/lang/String;)I @ 6 c2
Event: 28.050 Thread 0x000002466045cff0 DEOPT PACKING pc=0x000002460f4817a0 sp=0x000000ba9cafd410
Event: 28.050 Thread 0x000002466045cff0 DEOPT UNPACKING pc=0x000002460ed06da2 sp=0x000000ba9cafd3b0 mode 2

Classes loaded (20 events):
Event: 26.129 Loading class jdk/internal/event/ThreadSleepEvent
Event: 26.130 Loading class sun/nio/ch/PendingFuture
Event: 26.131 Loading class sun/nio/ch/PendingFuture done
Event: 26.131 Loading class sun/nio/ch/WindowsAsynchronousFileChannelImpl$ReadTask
Event: 26.131 Loading class sun/nio/ch/Iocp$ResultHandler
Event: 26.131 Loading class sun/nio/ch/Iocp$ResultHandler done
Event: 26.131 Loading class sun/nio/ch/WindowsAsynchronousFileChannelImpl$ReadTask done
Event: 26.132 Loading class java/text/ParsePosition
Event: 26.468 Loading class jdk/internal/event/ThreadSleepEvent done
Event: 26.468 Loading class java/text/ParsePosition done
Event: 26.468 Loading class java/text/CalendarBuilder
Event: 26.624 Loading class java/text/CalendarBuilder done
Event: 26.761 Loading class sun/reflect/generics/repository/FieldRepository
Event: 26.762 Loading class sun/reflect/generics/repository/FieldRepository done
Event: 27.885 Loading class sun/nio/fs/WindowsException
Event: 27.885 Loading class sun/nio/fs/WindowsException done
Event: 27.955 Loading class sun/net/www/protocol/https/Handler
Event: 27.955 Loading class sun/net/www/protocol/http/Handler
Event: 27.955 Loading class sun/net/www/protocol/http/Handler done
Event: 27.955 Loading class sun/net/www/protocol/https/Handler done

Classes unloaded (7 events):
Event: 17.108 Thread 0x0000024618922770 Unloading class 0x000002461a19fc00 'java/lang/invoke/LambdaForm$MH+0x000002461a19fc00'
Event: 17.108 Thread 0x0000024618922770 Unloading class 0x000002461a19f800 'java/lang/invoke/LambdaForm$MH+0x000002461a19f800'
Event: 17.108 Thread 0x0000024618922770 Unloading class 0x000002461a19f400 'java/lang/invoke/LambdaForm$MH+0x000002461a19f400'
Event: 17.108 Thread 0x0000024618922770 Unloading class 0x000002461a19f000 'java/lang/invoke/LambdaForm$MH+0x000002461a19f000'
Event: 17.108 Thread 0x0000024618922770 Unloading class 0x000002461a19ec00 'java/lang/invoke/LambdaForm$BMH+0x000002461a19ec00'
Event: 17.108 Thread 0x0000024618922770 Unloading class 0x000002461a19e800 'java/lang/invoke/LambdaForm$DMH+0x000002461a19e800'
Event: 17.108 Thread 0x0000024618922770 Unloading class 0x000002461a19d400 'java/lang/invoke/LambdaForm$DMH+0x000002461a19d400'

Classes redefined (0 events):
No events

Internal exceptions (20 events):
Event: 26.022 Thread 0x0000024602297c30 Exception <a 'java/lang/IncompatibleClassChangeError'{0x00000000eb60fd98}: Found class java.lang.Object, but interface was expected> (0x00000000eb60fd98) 
thrown [s\src\hotspot\share\interpreter\linkResolver.cpp, line 840]
Event: 26.023 Thread 0x0000024602297c30 Exception <a 'java/lang/IncompatibleClassChangeError'{0x00000000eb611c20}: Found class java.lang.Object, but interface was expected> (0x00000000eb611c20) 
thrown [s\src\hotspot\share\interpreter\linkResolver.cpp, line 840]
Event: 27.885 Thread 0x000002466045cff0 Exception <a 'sun/nio/fs/WindowsException'{0x00000000eacedcb0}> (0x00000000eacedcb0) 
thrown [s\src\hotspot\share\prims\jni.cpp, line 520]
Event: 27.942 Thread 0x000002466045cff0 Exception <a 'sun/nio/fs/WindowsException'{0x00000000eacee5a8}> (0x00000000eacee5a8) 
thrown [s\src\hotspot\share\prims\jni.cpp, line 520]
Event: 27.943 Thread 0x000002466045cff0 Exception <a 'sun/nio/fs/WindowsException'{0x00000000eacef178}> (0x00000000eacef178) 
thrown [s\src\hotspot\share\prims\jni.cpp, line 520]
Event: 27.943 Thread 0x000002466045cff0 Exception <a 'sun/nio/fs/WindowsException'{0x00000000eacefa58}> (0x00000000eacefa58) 
thrown [s\src\hotspot\share\prims\jni.cpp, line 520]
Event: 27.950 Thread 0x000002466045cff0 Exception <a 'sun/nio/fs/WindowsException'{0x00000000ead32dd0}> (0x00000000ead32dd0) 
thrown [s\src\hotspot\share\prims\jni.cpp, line 520]
Event: 27.951 Thread 0x000002466045cff0 Exception <a 'sun/nio/fs/WindowsException'{0x00000000ead336b0}> (0x00000000ead336b0) 
thrown [s\src\hotspot\share\prims\jni.cpp, line 520]
Event: 27.956 Thread 0x000002466045cff0 Exception <a 'sun/nio/fs/WindowsException'{0x00000000ead4cb48}> (0x00000000ead4cb48) 
thrown [s\src\hotspot\share\prims\jni.cpp, line 520]
Event: 27.956 Thread 0x000002466045cff0 Exception <a 'sun/nio/fs/WindowsException'{0x00000000ead4d428}> (0x00000000ead4d428) 
thrown [s\src\hotspot\share\prims\jni.cpp, line 520]
Event: 28.045 Thread 0x000002466045cff0 Exception <a 'sun/nio/fs/WindowsException'{0x00000000eae19fe0}> (0x00000000eae19fe0) 
thrown [s\src\hotspot\share\prims\jni.cpp, line 520]
Event: 28.047 Thread 0x000002466045cff0 Exception <a 'sun/nio/fs/WindowsException'{0x00000000eae1a8c0}> (0x00000000eae1a8c0) 
thrown [s\src\hotspot\share\prims\jni.cpp, line 520]
Event: 28.048 Thread 0x000002466045cff0 Exception <a 'sun/nio/fs/WindowsException'{0x00000000eae1b490}> (0x00000000eae1b490) 
thrown [s\src\hotspot\share\prims\jni.cpp, line 520]
Event: 28.048 Thread 0x000002466045cff0 Exception <a 'sun/nio/fs/WindowsException'{0x00000000eae1bd70}> (0x00000000eae1bd70) 
thrown [s\src\hotspot\share\prims\jni.cpp, line 520]
Event: 28.049 Thread 0x000002466045cff0 Exception <a 'sun/nio/fs/WindowsException'{0x00000000eae1c9a0}> (0x00000000eae1c9a0) 
thrown [s\src\hotspot\share\prims\jni.cpp, line 520]
Event: 28.049 Thread 0x000002466045cff0 Exception <a 'sun/nio/fs/WindowsException'{0x00000000eae1d280}> (0x00000000eae1d280) 
thrown [s\src\hotspot\share\prims\jni.cpp, line 520]
Event: 28.050 Thread 0x000002466045cff0 Exception <a 'sun/nio/fs/WindowsException'{0x00000000eae1eac8}> (0x00000000eae1eac8) 
thrown [s\src\hotspot\share\prims\jni.cpp, line 520]
Event: 28.055 Thread 0x000002466045cff0 Exception <a 'sun/nio/fs/WindowsException'{0x00000000eae1f3a8}> (0x00000000eae1f3a8) 
thrown [s\src\hotspot\share\prims\jni.cpp, line 520]
Event: 28.106 Thread 0x000002466045cff0 Exception <a 'java/lang/NoSuchMethodError'{0x00000000eaeb61a0}: 'void java.lang.invoke.DirectMethodHandle$Holder.invokeVirtual(java.lang.Object, java.lang.Object, java.lang.Object, java.lang.Object)'> (0x00000000eaeb61a0) 
thrown [s\src\hotspot\share\interpreter\linkResolver.cpp, line 773]
Event: 28.743 Thread 0x000002466045cff0 Exception <a 'java/lang/NoSuchMethodError'{0x00000000eb1ae318}: 'int java.lang.invoke.DirectMethodHandle$Holder.invokeSpecial(java.lang.Object, java.lang.Object, java.lang.Object, java.lang.Object)'> (0x00000000eb1ae318) 
thrown [s\src\hotspot\share\interpreter\linkResolver.cpp, line 773]

ZGC Phase Switch (0 events):
No events

VM Operations (20 events):
Event: 23.024 Executing VM operation: Cleanup
Event: 23.024 Executing VM operation: Cleanup done
Event: 24.033 Executing VM operation: Cleanup
Event: 24.046 Executing VM operation: Cleanup done
Event: 24.099 Executing VM operation: HandshakeAllThreads (Deoptimize)
Event: 24.104 Executing VM operation: HandshakeAllThreads (Deoptimize) done
Event: 24.237 Executing VM operation: ParallelGCFailedAllocation (Allocation Failure)
Event: 24.240 Executing VM operation: ParallelGCFailedAllocation (Allocation Failure) done
Event: 25.243 Executing VM operation: Cleanup
Event: 25.244 Executing VM operation: Cleanup done
Event: 25.343 Executing VM operation: CollectForMetadataAllocation (Metadata GC Threshold)
Event: 25.419 Executing VM operation: CollectForMetadataAllocation (Metadata GC Threshold) done
Event: 26.419 Executing VM operation: Cleanup
Event: 26.467 Executing VM operation: Cleanup done
Event: 27.476 Executing VM operation: Cleanup
Event: 27.476 Executing VM operation: Cleanup done
Event: 27.633 Executing VM operation: ParallelGCFailedAllocation (Allocation Failure)
Event: 27.636 Executing VM operation: ParallelGCFailedAllocation (Allocation Failure) done
Event: 28.644 Executing VM operation: Cleanup
Event: 28.644 Executing VM operation: Cleanup done

Memory protections (0 events):
No events

Nmethod flushes (20 events):
Event: 25.380 Thread 0x0000024618922770 flushing  nmethod 0x0000024607ee0a90
Event: 25.380 Thread 0x0000024618922770 flushing  nmethod 0x0000024607f1a510
Event: 25.380 Thread 0x0000024618922770 flushing  nmethod 0x0000024607f35a90
Event: 25.380 Thread 0x0000024618922770 flushing  nmethod 0x0000024607f56710
Event: 25.380 Thread 0x0000024618922770 flushing  nmethod 0x0000024607f71610
Event: 25.380 Thread 0x0000024618922770 flushing  nmethod 0x0000024607f71a90
Event: 25.380 Thread 0x0000024618922770 flushing  nmethod 0x0000024607f76310
Event: 25.380 Thread 0x0000024618922770 flushing  nmethod 0x0000024607f8df10
Event: 25.380 Thread 0x0000024618922770 flushing  nmethod 0x0000024607f90690
Event: 25.380 Thread 0x0000024618922770 flushing  nmethod 0x0000024607f91110
Event: 25.380 Thread 0x0000024618922770 flushing  nmethod 0x0000024607f91910
Event: 25.380 Thread 0x0000024618922770 flushing  nmethod 0x0000024607f92310
Event: 25.380 Thread 0x0000024618922770 flushing  nmethod 0x0000024607f92d90
Event: 25.380 Thread 0x0000024618922770 flushing  nmethod 0x0000024607f93390
Event: 25.380 Thread 0x0000024618922770 flushing  nmethod 0x0000024607f93f10
Event: 25.380 Thread 0x0000024618922770 flushing  nmethod 0x0000024607f99910
Event: 25.380 Thread 0x0000024618922770 flushing  nmethod 0x0000024607f9b310
Event: 25.380 Thread 0x0000024618922770 flushing  nmethod 0x0000024607f9d210
Event: 25.380 Thread 0x0000024618922770 flushing  nmethod 0x0000024607fb8a90
Event: 25.380 Thread 0x0000024618922770 flushing  nmethod 0x0000024607fba010

Events (20 events):
Event: 24.163 Thread 0x0000024602297c30 Thread added: 0x0000024662133e10
Event: 24.163 Thread 0x0000024602297c30 Thread added: 0x00000246621323d0
Event: 24.163 Thread 0x0000024602297c30 Thread added: 0x0000024662133780
Event: 24.163 Thread 0x0000024602297c30 Thread added: 0x0000024662135ee0
Event: 24.163 Thread 0x0000024602297c30 Thread added: 0x00000246621330f0
Event: 24.163 Thread 0x0000024602297c30 Thread added: 0x00000246621344a0
Event: 24.163 Thread 0x0000024602297c30 Thread added: 0x00000246621351c0
Event: 24.194 Thread 0x0000024602297c30 Thread added: 0x0000024662137920
Event: 24.946 Thread 0x0000024661d67f60 Thread exited: 0x0000024661d67f60
Event: 24.951 Thread 0x000002461894c390 Thread added: 0x00000246622775e0
Event: 25.420 Thread 0x00000246622775e0 Thread exited: 0x00000246622775e0
Event: 25.920 Thread 0x000002461897e560 Thread added: 0x00000246622775e0
Event: 26.127 Thread 0x0000024602297c30 Thread added: 0x0000024662137290
Event: 26.127 Thread 0x0000024602297c30 Thread added: 0x0000024662136c00
Event: 26.469 Thread 0x00000246622775e0 Thread exited: 0x00000246622775e0
Event: 27.046 Thread 0x000002461897e560 Thread added: 0x00000246622775e0
Event: 27.846 Thread 0x00000246622775e0 Thread exited: 0x00000246622775e0
Event: 28.329 Thread 0x000002461894c390 Thread added: 0x00000246622775e0
Event: 28.639 Thread 0x00000246622775e0 Thread exited: 0x00000246622775e0
Event: 28.666 Thread 0x000002461897e560 Thread added: 0x00000246622775e0


Dynamic libraries:
0x00007ff613060000 - 0x00007ff61306e000 	c:\Users\Fer\.vscode\extensions\redhat.java-1.41.2025031208-win32-x64\jre\21.0.6-win32-x86_64\bin\java.exe
0x00007fff673e0000 - 0x00007fff67643000 	C:\WINDOWS\SYSTEM32\ntdll.dll
0x00007fff65220000 - 0x00007fff652e7000 	C:\WINDOWS\System32\KERNEL32.DLL
0x00007fff648d0000 - 0x00007fff64c97000 	C:\WINDOWS\System32\KERNELBASE.dll
0x00007fff64780000 - 0x00007fff648cc000 	C:\WINDOWS\System32\ucrtbase.dll
0x00007fff2d9a0000 - 0x00007fff2d9b8000 	c:\Users\Fer\.vscode\extensions\redhat.java-1.41.2025031208-win32-x64\jre\21.0.6-win32-x86_64\bin\jli.dll
0x00007fff66770000 - 0x00007fff66939000 	C:\WINDOWS\System32\USER32.dll
0x00007fff64ee0000 - 0x00007fff64f07000 	C:\WINDOWS\System32\win32u.dll
0x00007fff67370000 - 0x00007fff6739a000 	C:\WINDOWS\System32\GDI32.dll
0x00007fff650f0000 - 0x00007fff6521b000 	C:\WINDOWS\System32\gdi32full.dll
0x00007fff64fa0000 - 0x00007fff65043000 	C:\WINDOWS\System32\msvcp_win.dll
0x00007fff26f30000 - 0x00007fff26f4e000 	c:\Users\Fer\.vscode\extensions\redhat.java-1.41.2025031208-win32-x64\jre\21.0.6-win32-x86_64\bin\VCRUNTIME140.dll
0x00007fff3b980000 - 0x00007fff3bc10000 	C:\WINDOWS\WinSxS\amd64_microsoft.windows.common-controls_6595b64144ccf1df_6.0.26100.3037_none_3e09262ce333c378\COMCTL32.dll
0x00007fff66f20000 - 0x00007fff66fc9000 	C:\WINDOWS\System32\msvcrt.dll
0x00007fff66940000 - 0x00007fff6696f000 	C:\WINDOWS\System32\IMM32.DLL
0x00007fff5bbc0000 - 0x00007fff5bbcc000 	c:\Users\Fer\.vscode\extensions\redhat.java-1.41.2025031208-win32-x64\jre\21.0.6-win32-x86_64\bin\vcruntime140_1.dll
0x00007fff1c360000 - 0x00007fff1c3ed000 	c:\Users\Fer\.vscode\extensions\redhat.java-1.41.2025031208-win32-x64\jre\21.0.6-win32-x86_64\bin\msvcp140.dll
0x00007ffee0520000 - 0x00007ffee12b0000 	c:\Users\Fer\.vscode\extensions\redhat.java-1.41.2025031208-win32-x64\jre\21.0.6-win32-x86_64\bin\server\jvm.dll
0x00007fff65930000 - 0x00007fff659e4000 	C:\WINDOWS\System32\ADVAPI32.dll
0x00007fff65790000 - 0x00007fff65836000 	C:\WINDOWS\System32\sechost.dll
0x00007fff66650000 - 0x00007fff66766000 	C:\WINDOWS\System32\RPCRT4.dll
0x00007fff659f0000 - 0x00007fff65a64000 	C:\WINDOWS\System32\WS2_32.dll
0x00007fff63b70000 - 0x00007fff63bbe000 	C:\WINDOWS\SYSTEM32\POWRPROF.dll
0x00007fff53b20000 - 0x00007fff53b56000 	C:\WINDOWS\SYSTEM32\WINMM.dll
0x00007fff5d440000 - 0x00007fff5d44b000 	C:\WINDOWS\SYSTEM32\VERSION.dll
0x00007fff63ac0000 - 0x00007fff63ad4000 	C:\WINDOWS\SYSTEM32\UMPDC.dll
0x00007fff635b0000 - 0x00007fff635ca000 	C:\WINDOWS\SYSTEM32\kernel.appcore.dll
0x00007fff5bb10000 - 0x00007fff5bb1a000 	c:\Users\Fer\.vscode\extensions\redhat.java-1.41.2025031208-win32-x64\jre\21.0.6-win32-x86_64\bin\jimage.dll
0x00007fff61f40000 - 0x00007fff62181000 	C:\WINDOWS\SYSTEM32\DBGHELP.DLL
0x00007fff66fe0000 - 0x00007fff6735e000 	C:\WINDOWS\System32\combase.dll
0x00007fff65850000 - 0x00007fff65926000 	C:\WINDOWS\System32\OLEAUT32.dll
0x00007ffef01e0000 - 0x00007ffef0219000 	C:\WINDOWS\SYSTEM32\dbgcore.DLL
0x00007fff65050000 - 0x00007fff650e9000 	C:\WINDOWS\System32\bcryptPrimitives.dll
0x00007fff55680000 - 0x00007fff5568f000 	c:\Users\Fer\.vscode\extensions\redhat.java-1.41.2025031208-win32-x64\jre\21.0.6-win32-x86_64\bin\instrument.dll
0x00007fff26f10000 - 0x00007fff26f2f000 	c:\Users\Fer\.vscode\extensions\redhat.java-1.41.2025031208-win32-x64\jre\21.0.6-win32-x86_64\bin\java.dll
0x00007fff65c40000 - 0x00007fff66344000 	C:\WINDOWS\System32\SHELL32.dll
0x00007fff624c0000 - 0x00007fff62cf7000 	C:\WINDOWS\SYSTEM32\windows.storage.dll
0x00007fff66e30000 - 0x00007fff66f19000 	C:\WINDOWS\System32\SHCORE.dll
0x00007fff66450000 - 0x00007fff664ad000 	C:\WINDOWS\System32\shlwapi.dll
0x00007fff64690000 - 0x00007fff646be000 	C:\WINDOWS\SYSTEM32\profapi.dll
0x00007fff26700000 - 0x00007fff26718000 	c:\Users\Fer\.vscode\extensions\redhat.java-1.41.2025031208-win32-x64\jre\21.0.6-win32-x86_64\bin\zip.dll
0x00007fff512d0000 - 0x00007fff512e0000 	C:\Users\Fer\.vscode\extensions\redhat.java-1.41.2025031208-win32-x64\jre\21.0.6-win32-x86_64\bin\net.dll
0x00007fff5c920000 - 0x00007fff5ca3e000 	C:\WINDOWS\SYSTEM32\WINHTTP.dll
0x00007fff63bd0000 - 0x00007fff63c3a000 	C:\WINDOWS\system32\mswsock.dll
0x00007fff265f0000 - 0x00007fff26606000 	C:\Users\Fer\.vscode\extensions\redhat.java-1.41.2025031208-win32-x64\jre\21.0.6-win32-x86_64\bin\nio.dll
0x00007fff50e90000 - 0x00007fff50ea0000 	c:\Users\Fer\.vscode\extensions\redhat.java-1.41.2025031208-win32-x64\jre\21.0.6-win32-x86_64\bin\verify.dll
0x00007fff1e090000 - 0x00007fff1e0d5000 	C:\Users\Fer\AppData\Roaming\Code\User\globalStorage\redhat.java\1.41.2025031208\config_win\org.eclipse.equinox.launcher\org.eclipse.equinox.launcher.win32.win32.x86_64_1.2.1200.v20250212-0927\eclipse_11909.dll
0x00007fff664b0000 - 0x00007fff66645000 	C:\WINDOWS\System32\ole32.dll
0x00007fff63e70000 - 0x00007fff63e8c000 	C:\WINDOWS\SYSTEM32\CRYPTSP.dll
0x00007fff63510000 - 0x00007fff63548000 	C:\WINDOWS\system32\rsaenh.dll
0x00007fff63c70000 - 0x00007fff63c9b000 	C:\WINDOWS\SYSTEM32\USERENV.dll
0x00007fff64040000 - 0x00007fff64066000 	C:\WINDOWS\SYSTEM32\bcrypt.dll
0x00007fff63e90000 - 0x00007fff63e9c000 	C:\WINDOWS\SYSTEM32\CRYPTBASE.dll
0x00007fff62ff0000 - 0x00007fff63022000 	C:\WINDOWS\SYSTEM32\IPHLPAPI.DLL
0x00007fff66fd0000 - 0x00007fff66fda000 	C:\WINDOWS\System32\NSI.dll
0x00007fff1c290000 - 0x00007fff1c2d9000 	C:\Users\Fer\AppData\Local\Temp\jna-70515\jna17740120818849205941.dll
0x00007fff65320000 - 0x00007fff65328000 	C:\WINDOWS\System32\PSAPI.DLL
0x00007fff5cbd0000 - 0x00007fff5cbef000 	C:\WINDOWS\SYSTEM32\dhcpcsvc6.DLL
0x00007fff5c4f0000 - 0x00007fff5c515000 	C:\WINDOWS\SYSTEM32\dhcpcsvc.DLL

dbghelp: loaded successfully - version: 4.0.5 - missing functions: none
symbol engine: initialized successfully - sym options: 0x614 - pdb path: .;c:\Users\Fer\.vscode\extensions\redhat.java-1.41.2025031208-win32-x64\jre\21.0.6-win32-x86_64\bin;C:\WINDOWS\SYSTEM32;C:\WINDOWS\WinSxS\amd64_microsoft.windows.common-controls_6595b64144ccf1df_6.0.26100.3037_none_3e09262ce333c378;c:\Users\Fer\.vscode\extensions\redhat.java-1.41.2025031208-win32-x64\jre\21.0.6-win32-x86_64\bin\server;C:\Users\Fer\AppData\Roaming\Code\User\globalStorage\redhat.java\1.41.2025031208\config_win\org.eclipse.equinox.launcher\org.eclipse.equinox.launcher.win32.win32.x86_64_1.2.1200.v20250212-0927;C:\Users\Fer\AppData\Local\Temp\jna-70515

VM Arguments:
jvm_args: --add-modules=ALL-SYSTEM --add-opens=java.base/java.util=ALL-UNNAMED --add-opens=java.base/java.lang=ALL-UNNAMED --add-opens=java.base/sun.nio.fs=ALL-UNNAMED -Declipse.application=org.eclipse.jdt.ls.core.id1 -Dosgi.bundles.defaultStartLevel=4 -Declipse.product=org.eclipse.jdt.ls.core.product -Djava.import.generatesMetadataFilesAtProjectRoot=false -DDetectVMInstallationsJob.disabled=true -Dfile.encoding=utf8 -XX:+UseParallelGC -XX:GCTimeRatio=4 -XX:AdaptiveSizePolicyWeight=90 -Dsun.zip.disableMemoryMapping=true -Xmx1G -Xms100m -Xlog:disable -javaagent:c:\Users\Fer\.vscode\extensions\redhat.java-1.41.2025031208-win32-x64\lombok\lombok-1.18.36.jar -XX:+HeapDumpOnOutOfMemoryError -XX:HeapDumpPath=c:\Users\Fer\AppData\Roaming\Code\User\workspaceStorage\398de21c129474aaeb59c0a7e6288a23\redhat.java -Daether.dependencyCollector.impl=bf 
java_command: c:\Users\Fer\.vscode\extensions\redhat.java-1.41.2025031208-win32-x64\server\plugins\org.eclipse.equinox.launcher_1.6.1100.v20250306-0509.jar -configuration c:\Users\Fer\AppData\Roaming\Code\User\globalStorage\redhat.java\1.41.2025031208\config_win -data c:\Users\Fer\AppData\Roaming\Code\User\workspaceStorage\398de21c129474aaeb59c0a7e6288a23\redhat.java\jdt_ws --pipe=\\.\pipe\lsp-3402edf9c4443585adfa2d4b1a55ec2f-sock
java_class_path (initial): c:\Users\Fer\.vscode\extensions\redhat.java-1.41.2025031208-win32-x64\server\plugins\org.eclipse.equinox.launcher_1.6.1100.v20250306-0509.jar
Launcher Type: SUN_STANDARD

[Global flags]
    uintx AdaptiveSizePolicyWeight                 = 90                                        {product} {command line}
     intx CICompilerCount                          = 4                                         {product} {ergonomic}
    uintx GCTimeRatio                              = 4                                         {product} {command line}
     bool HeapDumpOnOutOfMemoryError               = true                                   {manageable} {command line}
    ccstr HeapDumpPath                             = c:\Users\Fer\AppData\Roaming\Code\User\workspaceStorage\398de21c129474aaeb59c0a7e6288a23\redhat.java         {manageable} {command line}
   size_t InitialHeapSize                          = 104857600                                 {product} {command line}
   size_t MaxHeapSize                              = 1073741824                                {product} {command line}
   size_t MaxNewSize                               = 357564416                                 {product} {ergonomic}
   size_t MinHeapDeltaBytes                        = 524288                                    {product} {ergonomic}
   size_t MinHeapSize                              = 104857600                                 {product} {command line}
   size_t NewSize                                  = 34603008                                  {product} {ergonomic}
    uintx NonNMethodCodeHeapSize                   = 5839372                                {pd product} {ergonomic}
    uintx NonProfiledCodeHeapSize                  = 122909434                              {pd product} {ergonomic}
   size_t OldSize                                  = 70254592                                  {product} {ergonomic}
    uintx ProfiledCodeHeapSize                     = 122909434                              {pd product} {ergonomic}
    uintx ReservedCodeCacheSize                    = 251658240                              {pd product} {ergonomic}
     bool SegmentedCodeCache                       = true                                      {product} {ergonomic}
   size_t SoftMaxHeapSize                          = 1073741824                             {manageable} {ergonomic}
     bool UseCompressedOops                        = true                           {product lp64_product} {ergonomic}
     bool UseLargePagesIndividualAllocation        = false                                  {pd product} {ergonomic}
     bool UseParallelGC                            = true                                      {product} {command line}

Logging:
Log output configuration:
 #0: stdout all=off uptime,level,tags foldmultilines=false
 #1: stderr all=off uptime,level,tags foldmultilines=false

Environment Variables:
PATH=C:\Program Files\sap\hdbclient;C:\Program Files\Common Files\Oracle\Java\javapath;C:\Program Files (x86)\Common Files\Oracle\Java\java8path;C:\Program Files (x86)\Common Files\Oracle\Java\javapath;C:\Windows\system32;C:\Windows;C:\Windows\System32\Wbem;C:\Windows\System32\WindowsPowerShell\v1.0\;C:\Windows\System32\OpenSSH\;C:\Program Files (x86)\Microsoft SQL Server\160\DTS\Binn\;C:\Program Files\Azure Data Studio\bin;C:\Program Files\Microsoft SQL Server\Client SDK\ODBC\170\Tools\Binn\;C:\Program Files (x86)\Microsoft SQL Server\150\Tools\Binn\;C:\Program Files\Microsoft SQL Server\150\Tools\Binn\;C:\Program Files\Microsoft SQL Server\150\DTS\Binn\;C:\Program Files\nodejs\;C:\apache-maven-3.9.9\bin;C:\Program Files\Git\cmd;C:\WINDOWS\system32;C:\WINDOWS;C:\WINDOWS\System32\Wbem;C:\WINDOWS\System32\WindowsPowerShell\v1.0\;C:\WINDOWS\System32\OpenSSH\;C:\Users\Fer\AppData\Local\Microsoft\WindowsApps;C:\Users\Fer\AppData\Local\Programs\Microsoft VS Code\bin;C:\Users\Fer\AppData\Local\GitHubDesktop\bin;C:\Program Files\Azure Data Studio\bin;C:\Users\Fer\AppData\Roaming\npm;
USERNAME=Fer
OS=Windows_NT
PROCESSOR_IDENTIFIER=Intel64 Family 6 Model 126 Stepping 5, GenuineIntel
TMP=C:\Users\Fer\AppData\Local\Temp
TEMP=C:\Users\Fer\AppData\Local\Temp




Periodic native trim disabled

---------------  S Y S T E M  ---------------

OS:
 Windows 11 , 64 bit Build 26100 (10.0.26100.3037)
OS uptime: 0 days 22:14 hours

CPU: total 8 (initial active 8) (4 cores per cpu, 2 threads per core) family 6 model 126 stepping 5 microcode 0xc2, cx8, cmov, fxsr, ht, mmx, 3dnowpref, sse, sse2, sse3, ssse3, sse4.1, sse4.2, popcnt, lzcnt, tsc, tscinvbit, avx, avx2, aes, erms, clmul, bmi1, bmi2, adx, avx512f, avx512dq, avx512cd, avx512bw, avx512vl, sha, fma, vzeroupper, avx512_vpopcntdq, avx512_vpclmulqdq, avx512_vaes, avx512_vnni, clflush, clflushopt, avx512_vbmi2, avx512_vbmi, rdtscp, rdpid, fsrm, gfni, avx512_bitalg, f16c, pku, avx512_ifma
Processor Information for the first 8 processors :
  Max Mhz: 1498, Current Mhz: 1298, Mhz Limit: 1288

Memory: 4k page, system-wide physical 7959M (807M free)
TotalPageFile size 32535M (AvailPageFile size 6M)
current process WorkingSet (physical memory assigned to process): 192M, peak: 192M
current process commit charge ("private bytes"): 296M, peak: 298M

vm_info: OpenJDK 64-Bit Server VM (21.0.6+7-LTS) for windows-amd64 JRE (21.0.6+7-LTS), built on 2025-01-21T00:00:00Z by "admin" with MS VC++ 17.7 (VS2022)

END.
