#
# There is insufficient memory for the Java Runtime Environment to continue.
# Native memory allocation (malloc) failed to allocate 1348336 bytes for Chunk::new
# Possible reasons:
#   The system is out of physical RAM or swap space
#   The process is running with CompressedOops enabled, and the Java Heap may be blocking the growth of the native heap
# Possible solutions:
#   Reduce memory load on the system
#   Increase physical memory or swap space
#   Check if swap backing store is full
#   Decrease Java heap size (-Xmx/-Xms)
#   Decrease number of Java threads
#   Decrease Java thread stack sizes (-Xss)
#   Set larger code cache with -XX:ReservedCodeCacheSize=
#   JVM is running with Zero Based Compressed Oops mode in which the Java heap is
#     placed in the first 32GB address space. The Java Heap base address is the
#     maximum limit for the native heap growth. Please use -XX:HeapBaseMinAddress
#     to set the Java Heap base and to place the Java Heap above 32GB virtual address.
# This output file may be truncated or incomplete.
#
#  Out of Memory Error (arena.cpp:189), pid=3340, tid=13156
#
# JRE version: Java(TM) SE Runtime Environment (17.0.15+9) (build 17.0.15+9-LTS-241)
# Java VM: Java HotSpot(TM) 64-Bit Server VM (17.0.15+9-LTS-241, mixed mode, sharing, tiered, compressed oops, compressed class ptrs, g1 gc, windows-amd64)
# No core dump will be written. Minidumps are not enabled by default on client versions of Windows
#

---------------  S U M M A R Y ------------

Command Line: -XX:+ShowCodeDetailsInExceptionMessages com.sellout.KeycloakAdapterApplication

Host: 11th Gen Intel(R) Core(TM) i7-1165G7 @ 2.80GHz, 8 cores, 39G,  Windows 11 , 64 bit Build 26100 (10.0.26100.4768)
Time: Mon Aug  4 16:54:32 2025 Hora est. Pacífico, Sudamérica elapsed time: 19984.188780 seconds (0d 5h 33m 4s)

---------------  T H R E A D  ---------------

Current thread (0x000001f631a797b0):  JavaThread "C2 CompilerThread0" daemon [_thread_in_native, id=13156, stack(0x000000b368200000,0x000000b368300000)]


Current CompileTask:
C2:19984189 9288       4       com.fasterxml.jackson.databind.introspect.AnnotatedClassResolver::_addSuperTypes (103 bytes)

Stack: [0x000000b368200000,0x000000b368300000]
Native frames: (J=compiled Java code, j=interpreted, Vv=VM code, C=native code)
V  [jvm.dll+0x67a46a]
V  [jvm.dll+0x7da6ad]
V  [jvm.dll+0x7dbff3]
V  [jvm.dll+0x7dc663]
V  [jvm.dll+0x24523f]
V  [jvm.dll+0xab763]
V  [jvm.dll+0xabd2c]
V  [jvm.dll+0x361ebf]
V  [jvm.dll+0x32c5e1]
V  [jvm.dll+0x32ba7a]
V  [jvm.dll+0x2169ef]
V  [jvm.dll+0x215e1f]
V  [jvm.dll+0x1a2a00]
V  [jvm.dll+0x2262bb]
V  [jvm.dll+0x22445b]
V  [jvm.dll+0x790acc]
V  [jvm.dll+0x78b0ba]
V  [jvm.dll+0x679355]
C  [ucrtbase.dll+0x37b0]
C  [KERNEL32.DLL+0x2e8d7]
C  [ntdll.dll+0x3c34c]


---------------  P R O C E S S  ---------------

Threads class SMR info:
_java_thread_list=0x000001f679f15740, length=37, elements={
0x000001f631a61ca0, 0x000001f631a631c0, 0x000001f631a770d0, 0x000001f631a77990,
0x000001f631a78250, 0x000001f631a78b10, 0x000001f631a797b0, 0x000001f631a7da90,
0x000001f6322dc7a0, 0x000001f6323b0ec0, 0x000001f6323c0060, 0x000001f67a8afa10,
0x000001f67a3bd140, 0x000001f679f8a2b0, 0x000001f67ac9da20, 0x000001f67ac9a530,
0x000001f67ac9aa00, 0x000001f67ac9c6e0, 0x000001f67ac9cbb0, 0x000001f67ac9aed0,
0x000001f67ac9d550, 0x000001f67ac9b3a0, 0x000001f67ac9b870, 0x000001f67ac9bd40,
0x000001f67ac9c210, 0x000001f67ab58c10, 0x000001f67ab55250, 0x000001f67ab578d0,
0x000001f67ab57400, 0x000001f67ab55bf0, 0x000001f67ab55720, 0x000001f67ab59a80,
0x000001f67ab56a60, 0x000001f67ab58270, 0x000001f67ab56f30, 0x000001f67ab560c0,
0x000001f67ab57da0
}

Java Threads: ( => current thread )
  0x000001f631a61ca0 JavaThread "Reference Handler" daemon [_thread_blocked, id=11852, stack(0x000000b367c00000,0x000000b367d00000)]
  0x000001f631a631c0 JavaThread "Finalizer" daemon [_thread_blocked, id=16100, stack(0x000000b367d00000,0x000000b367e00000)]
  0x000001f631a770d0 JavaThread "Signal Dispatcher" daemon [_thread_blocked, id=23576, stack(0x000000b367e00000,0x000000b367f00000)]
  0x000001f631a77990 JavaThread "Attach Listener" daemon [_thread_blocked, id=15328, stack(0x000000b367f00000,0x000000b368000000)]
  0x000001f631a78250 JavaThread "Service Thread" daemon [_thread_blocked, id=16848, stack(0x000000b368000000,0x000000b368100000)]
  0x000001f631a78b10 JavaThread "Monitor Deflation Thread" daemon [_thread_blocked, id=6288, stack(0x000000b368100000,0x000000b368200000)]
=>0x000001f631a797b0 JavaThread "C2 CompilerThread0" daemon [_thread_in_native, id=13156, stack(0x000000b368200000,0x000000b368300000)]
  0x000001f631a7da90 JavaThread "C1 CompilerThread0" daemon [_thread_blocked, id=8040, stack(0x000000b368300000,0x000000b368400000)]
  0x000001f6322dc7a0 JavaThread "Sweeper thread" daemon [_thread_blocked, id=19748, stack(0x000000b368400000,0x000000b368500000)]
  0x000001f6323b0ec0 JavaThread "Notification Thread" daemon [_thread_blocked, id=21676, stack(0x000000b368500000,0x000000b368600000)]
  0x000001f6323c0060 JavaThread "Common-Cleaner" daemon [_thread_blocked, id=19172, stack(0x000000b368700000,0x000000b368800000)]
  0x000001f67a8afa10 JavaThread "Catalina-utility-1" [_thread_blocked, id=23684, stack(0x000000b369500000,0x000000b369600000)]
  0x000001f67a3bd140 JavaThread "Catalina-utility-2" [_thread_blocked, id=20568, stack(0x000000b369600000,0x000000b369700000)]
  0x000001f679f8a2b0 JavaThread "container-0" [_thread_blocked, id=1552, stack(0x000000b369700000,0x000000b369800000)]
  0x000001f67ac9da20 JavaThread "spring.cloud.inetutils" daemon [_thread_blocked, id=23520, stack(0x000000b369800000,0x000000b369900000)]
  0x000001f67ac9a530 JavaThread "File Watcher" daemon [_thread_blocked, id=1100, stack(0x000000b369900000,0x000000b369a00000)]
  0x000001f67ac9aa00 JavaThread "AsyncResolver-bootstrap-0" daemon [_thread_blocked, id=10368, stack(0x000000b369a00000,0x000000b369b00000)]
  0x000001f67ac9c6e0 JavaThread "idle-connection-evictor-1" daemon [_thread_blocked, id=15796, stack(0x000000b369b00000,0x000000b369c00000)]
  0x000001f67ac9cbb0 JavaThread "DiscoveryClient-0" daemon [_thread_blocked, id=14796, stack(0x000000b368800000,0x000000b368900000)]
  0x000001f67ac9aed0 JavaThread "DiscoveryClient-1" daemon [_thread_blocked, id=8148, stack(0x000000b369400000,0x000000b369500000)]
  0x000001f67ac9d550 JavaThread "DiscoveryClient-InstanceInfoReplicator-0" daemon [_thread_blocked, id=13056, stack(0x000000b369d00000,0x000000b369e00000)]
  0x000001f67ac9b3a0 JavaThread "http-nio-8088-exec-1" daemon [_thread_blocked, id=11432, stack(0x000000b369f00000,0x000000b36a000000)]
  0x000001f67ac9b870 JavaThread "http-nio-8088-exec-2" daemon [_thread_blocked, id=11572, stack(0x000000b36a000000,0x000000b36a100000)]
  0x000001f67ac9bd40 JavaThread "http-nio-8088-exec-3" daemon [_thread_blocked, id=15648, stack(0x000000b36a100000,0x000000b36a200000)]
  0x000001f67ac9c210 JavaThread "http-nio-8088-exec-4" daemon [_thread_blocked, id=23124, stack(0x000000b36a200000,0x000000b36a300000)]
  0x000001f67ab58c10 JavaThread "http-nio-8088-exec-5" daemon [_thread_blocked, id=4276, stack(0x000000b36a300000,0x000000b36a400000)]
  0x000001f67ab55250 JavaThread "http-nio-8088-exec-6" daemon [_thread_blocked, id=20024, stack(0x000000b36a400000,0x000000b36a500000)]
  0x000001f67ab578d0 JavaThread "http-nio-8088-exec-7" daemon [_thread_blocked, id=19376, stack(0x000000b36a500000,0x000000b36a600000)]
  0x000001f67ab57400 JavaThread "http-nio-8088-exec-8" daemon [_thread_blocked, id=18816, stack(0x000000b36a600000,0x000000b36a700000)]
  0x000001f67ab55bf0 JavaThread "http-nio-8088-exec-9" daemon [_thread_blocked, id=24440, stack(0x000000b36a700000,0x000000b36a800000)]
  0x000001f67ab55720 JavaThread "http-nio-8088-exec-10" daemon [_thread_blocked, id=23728, stack(0x000000b36a800000,0x000000b36a900000)]
  0x000001f67ab59a80 JavaThread "http-nio-8088-Poller" daemon [_thread_in_native, id=17412, stack(0x000000b36a900000,0x000000b36aa00000)]
  0x000001f67ab56a60 JavaThread "http-nio-8088-Acceptor" daemon [_thread_in_native, id=16952, stack(0x000000b36aa00000,0x000000b36ab00000)]
  0x000001f67ab58270 JavaThread "DestroyJavaVM" [_thread_blocked, id=4140, stack(0x000000b367500000,0x000000b367600000)]
  0x000001f67ab56f30 JavaThread "DiscoveryClient-CacheRefreshExecutor-0" daemon [_thread_blocked, id=20840, stack(0x000000b368a00000,0x000000b368b00000)]
  0x000001f67ab560c0 JavaThread "DiscoveryClient-HeartbeatExecutor-0" daemon [_thread_blocked, id=25552, stack(0x000000b369e00000,0x000000b369f00000)]
  0x000001f67ab57da0 JavaThread "AsyncResolver-bootstrap-executor-0" daemon [_thread_blocked, id=13284, stack(0x000000b367400000,0x000000b367500000)]

Other Threads:
  0x000001f631a57fc0 VMThread "VM Thread" [stack: 0x000000b367b00000,0x000000b367c00000] [id=24816]
  0x000001f6323b3bc0 WatcherThread [stack: 0x000000b368600000,0x000000b368700000] [id=22240]
  0x000001f67fd9db10 GCTaskThread "GC Thread#0" [stack: 0x000000b367600000,0x000000b367700000] [id=6852]
  0x000001f6787b13c0 GCTaskThread "GC Thread#1" [stack: 0x000000b368b00000,0x000000b368c00000] [id=13444]
  0x000001f6787b1680 GCTaskThread "GC Thread#2" [stack: 0x000000b368c00000,0x000000b368d00000] [id=11816]
  0x000001f6785cabe0 GCTaskThread "GC Thread#3" [stack: 0x000000b368d00000,0x000000b368e00000] [id=14952]
  0x000001f6785caea0 GCTaskThread "GC Thread#4" [stack: 0x000000b368e00000,0x000000b368f00000] [id=3104]
  0x000001f6785cb160 GCTaskThread "GC Thread#5" [stack: 0x000000b368f00000,0x000000b369000000] [id=3096]
  0x000001f632d46160 GCTaskThread "GC Thread#6" [stack: 0x000000b369000000,0x000000b369100000] [id=13428]
  0x000001f632d46420 GCTaskThread "GC Thread#7" [stack: 0x000000b369100000,0x000000b369200000] [id=20232]
  0x000001f67fda88a0 ConcurrentGCThread "G1 Main Marker" [stack: 0x000000b367700000,0x000000b367800000] [id=23780]
  0x000001f67fda91b0 ConcurrentGCThread "G1 Conc#0" [stack: 0x000000b367800000,0x000000b367900000] [id=7684]
  0x000001f67857e8b0 ConcurrentGCThread "G1 Conc#1" [stack: 0x000000b369200000,0x000000b369300000] [id=8868]
  0x000001f631992020 ConcurrentGCThread "G1 Refine#0" [stack: 0x000000b367900000,0x000000b367a00000] [id=15232]
  0x000001f67aab4fe0 ConcurrentGCThread "G1 Refine#1" [stack: 0x000000b369300000,0x000000b369400000] [id=17584]
  0x000001f631992950 ConcurrentGCThread "G1 Service" [stack: 0x000000b367a00000,0x000000b367b00000] [id=17060]

Threads with active compile tasks:
C2 CompilerThread0  19984252 9288       4       com.fasterxml.jackson.databind.introspect.AnnotatedClassResolver::_addSuperTypes (103 bytes)

VM state: not at safepoint (normal execution)

VM Mutex/Monitor currently owned by a thread: None

Heap address: 0x0000000583000000, size: 10192 MB, Compressed Oops mode: Zero based, Oop shift amount: 3

CDS archive(s) mapped at: [0x000001f633000000-0x000001f633bd0000-0x000001f633bd0000), size 12386304, SharedBaseAddress: 0x000001f633000000, ArchiveRelocationMode: 1.
Compressed class space mapped at: 0x000001f634000000-0x000001f674000000, reserved size: 1073741824
Narrow klass base: 0x000001f633000000, Narrow klass shift: 0, Narrow klass range: 0x100000000

GC Precious Log:
 CPUs: 8 total, 8 available
 Memory: 40743M
 Large Page Support: Disabled
 NUMA Support: Disabled
 Compressed Oops: Enabled (Zero based)
 Heap Region Size: 8M
 Heap Min Capacity: 8M
 Heap Initial Capacity: 640M
 Heap Max Capacity: 10192M
 Pre-touch: Disabled
 Parallel Workers: 8
 Concurrent Workers: 2
 Concurrent Refinement Workers: 8
 Periodic GC: Disabled

Heap:
 garbage-first heap   total 81920K, used 31799K [0x0000000583000000, 0x0000000800000000)
  region size 8192K, 2 young (16384K), 1 survivors (8192K)
 Metaspace       used 47666K, committed 48128K, reserved 1114112K
  class space    used 5868K, committed 6080K, reserved 1048576K

Heap Regions: E=young(eden), S=young(survivor), O=old, HS=humongous(starts), HC=humongous(continues), CS=collection set, F=free, OA=open archive, CA=closed archive, TAMS=top-at-mark-start (previous, next)
|   0|0x0000000583000000, 0x00000005836b1400, 0x0000000583800000| 83%| O|  |TAMS 0x0000000583000000, 0x0000000583000000| Untracked 
|   1|0x0000000583800000, 0x0000000584000000, 0x0000000584000000|100%| O|  |TAMS 0x0000000584000000, 0x0000000583800000| Untracked 
|   2|0x0000000584000000, 0x0000000584800000, 0x0000000584800000|100%| O|  |TAMS 0x0000000584800000, 0x0000000584000000| Untracked 
|   3|0x0000000584800000, 0x0000000584800000, 0x0000000585000000|  0%| F|  |TAMS 0x0000000584800000, 0x0000000584800000| Untracked 
|   4|0x0000000585000000, 0x0000000585800000, 0x0000000585800000|100%| O|  |TAMS 0x00000005855ce400, 0x0000000585000000| Untracked 
|   5|0x0000000585800000, 0x000000058585cae0, 0x0000000586000000|  4%| S|CS|TAMS 0x0000000585800000, 0x0000000585800000| Complete 
|   6|0x0000000586000000, 0x0000000586000000, 0x0000000586800000|  0%| F|  |TAMS 0x0000000586000000, 0x0000000586000000| Untracked 
|   7|0x0000000586800000, 0x0000000586800000, 0x0000000587000000|  0%| F|  |TAMS 0x0000000586800000, 0x0000000586800000| Untracked 
|  74|0x00000005a8000000, 0x00000005a8000000, 0x00000005a8800000|  0%| F|  |TAMS 0x00000005a8000000, 0x00000005a8000000| Untracked 
|  79|0x00000005aa800000, 0x00000005aac30d10, 0x00000005ab000000| 52%| E|  |TAMS 0x00000005aa800000, 0x00000005aa800000| Complete 

Card table byte_map: [0x000001f619130000,0x000001f61a520000] _byte_map_base: 0x000001f616518000

Marking Bits (Prev, Next): (CMBitMap*) 0x000001f67fd9e030, (CMBitMap*) 0x000001f67fd9e070
 Prev Bits: [0x000001f61b910000, 0x000001f625850000)
 Next Bits: [0x000001f625850000, 0x000001f62f790000)

Polling page: 0x000001f67f050000

Metaspace:

Usage:
  Non-class:     40.82 MB used.
      Class:      5.73 MB used.
       Both:     46.55 MB used.

Virtual space:
  Non-class space:       64.00 MB reserved,      41.06 MB ( 64%) committed,  1 nodes.
      Class space:        1.00 GB reserved,       5.94 MB ( <1%) committed,  1 nodes.
             Both:        1.06 GB reserved,      47.00 MB (  4%) committed. 

Chunk freelists:
   Non-Class:  6.81 MB
       Class:  9.89 MB
        Both:  16.70 MB

MaxMetaspaceSize: unlimited
CompressedClassSpaceSize: 1.00 GB
Initial GC threshold: 21.00 MB
Current GC threshold: 59.06 MB
CDS: on
MetaspaceReclaimPolicy: balanced
 - commit_granule_bytes: 65536.
 - commit_granule_words: 8192.
 - virtual_space_node_default_size: 8388608.
 - enlarge_chunks_in_place: 1.
 - new_chunks_are_fully_committed: 0.
 - uncommit_free_chunks: 1.
 - use_allocation_guard: 0.
 - handle_deallocations: 1.


Internal statistics:

num_allocs_failed_limit: 6.
num_arena_births: 716.
num_arena_deaths: 0.
num_vsnodes_births: 2.
num_vsnodes_deaths: 0.
num_space_committed: 752.
num_space_uncommitted: 0.
num_chunks_returned_to_freelist: 6.
num_chunks_taken_from_freelist: 2442.
num_chunk_merges: 6.
num_chunk_splits: 1650.
num_chunks_enlarged: 1168.
num_inconsistent_stats: 0.

CodeHeap 'non-profiled nmethods': size=120000Kb used=5169Kb max_used=5610Kb free=114830Kb
 bounds [0x000001f610700000, 0x000001f610c80000, 0x000001f617c30000]
CodeHeap 'profiled nmethods': size=120000Kb used=16723Kb max_used=18101Kb free=103276Kb
 bounds [0x000001f608c30000, 0x000001f609de0000, 0x000001f610160000]
CodeHeap 'non-nmethods': size=5760Kb used=1290Kb max_used=1369Kb free=4469Kb
 bounds [0x000001f610160000, 0x000001f6103d0000, 0x000001f610700000]
 total_blobs=8408 nmethods=7810 adapters=510
 compilation: enabled
              stopped_count=0, restarted_count=0
 full_count=0

Compilation events (20 events):
Event: 19983.171 Thread 0x000001f631a7da90 9308       1       ch.qos.logback.classic.LoggerContext::getMDCAdapter (5 bytes)
Event: 19983.171 Thread 0x000001f631a7da90 nmethod 9308 0x000001f610973c10 code [0x000001f610973da0, 0x000001f610973e78]
Event: 19983.171 Thread 0x000001f631a7da90 9309       1       ch.qos.logback.core.LayoutBase::isStarted (5 bytes)
Event: 19983.171 Thread 0x000001f631a7da90 nmethod 9309 0x000001f61081ac90 code [0x000001f61081ae20, 0x000001f61081aef8]
Event: 19983.171 Thread 0x000001f631a7da90 9310       1       ch.qos.logback.classic.spi.LoggingEvent::getTimeStamp (5 bytes)
Event: 19983.171 Thread 0x000001f631a7da90 nmethod 9310 0x000001f61081a990 code [0x000001f61081ab20, 0x000001f61081abf8]
Event: 19983.172 Thread 0x000001f631a7da90 9311       1       ch.qos.logback.classic.spi.LoggingEvent::getLoggerContextVO (5 bytes)
Event: 19983.172 Thread 0x000001f631a7da90 nmethod 9311 0x000001f61081a690 code [0x000001f61081a820, 0x000001f61081a8f8]
Event: 19983.172 Thread 0x000001f631a7da90 9312       1       ch.qos.logback.classic.spi.LoggerContextVO::getPropertyMap (5 bytes)
Event: 19983.172 Thread 0x000001f631a7da90 nmethod 9312 0x000001f61081a390 code [0x000001f61081a520, 0x000001f61081a5f8]
Event: 19983.172 Thread 0x000001f631a7da90 9313       1       ch.qos.logback.classic.spi.LoggingEvent::getLoggerName (5 bytes)
Event: 19983.172 Thread 0x000001f631a7da90 nmethod 9313 0x000001f61081a090 code [0x000001f61081a220, 0x000001f61081a2f8]
Event: 19983.172 Thread 0x000001f631a7da90 9314       1       ch.qos.logback.classic.spi.LoggingEvent::getThrowableProxy (5 bytes)
Event: 19983.172 Thread 0x000001f631a7da90 nmethod 9314 0x000001f610819d90 code [0x000001f610819f20, 0x000001f610819ff8]
Event: 19983.173 Thread 0x000001f631a7da90 9315       1       java.time.format.DateTimeFormatter::getChronology (5 bytes)
Event: 19983.173 Thread 0x000001f631a7da90 nmethod 9315 0x000001f610819a90 code [0x000001f610819c20, 0x000001f610819cf8]
Event: 19983.173 Thread 0x000001f631a7da90 9317       3       java.math.BigDecimal::add (26 bytes)
Event: 19983.173 Thread 0x000001f631a7da90 nmethod 9317 0x000001f60916f510 code [0x000001f60916f6a0, 0x000001f60916f818]
Event: 19983.173 Thread 0x000001f631a7da90 9316       1       java.time.format.DateTimeFormatter::getZone (5 bytes)
Event: 19983.173 Thread 0x000001f631a7da90 nmethod 9316 0x000001f610819790 code [0x000001f610819920, 0x000001f6108199f8]

GC Heap History (20 events):
Event: 11783.294 GC heap before
{Heap before GC invocations=26 (full 0):
 garbage-first heap   total 81920K, used 56654K [0x0000000583000000, 0x0000000800000000)
  region size 8192K, 4 young (32768K), 1 survivors (8192K)
 Metaspace       used 47219K, committed 47680K, reserved 1114112K
  class space    used 5855K, committed 6080K, reserved 1048576K
}
Event: 11783.299 GC heap after
{Heap after GC invocations=27 (full 0):
 garbage-first heap   total 81920K, used 31889K [0x0000000583000000, 0x0000000800000000)
  region size 8192K, 1 young (8192K), 1 survivors (8192K)
 Metaspace       used 47219K, committed 47680K, reserved 1114112K
  class space    used 5855K, committed 6080K, reserved 1048576K
}
Event: 12681.264 GC heap before
{Heap before GC invocations=27 (full 0):
 garbage-first heap   total 81920K, used 56465K [0x0000000583000000, 0x0000000800000000)
  region size 8192K, 4 young (32768K), 1 survivors (8192K)
 Metaspace       used 47240K, committed 47744K, reserved 1114112K
  class space    used 5855K, committed 6080K, reserved 1048576K
}
Event: 12681.271 GC heap after
{Heap after GC invocations=28 (full 0):
 garbage-first heap   total 81920K, used 31896K [0x0000000583000000, 0x0000000800000000)
  region size 8192K, 1 young (8192K), 1 survivors (8192K)
 Metaspace       used 47240K, committed 47744K, reserved 1114112K
  class space    used 5855K, committed 6080K, reserved 1048576K
}
Event: 13581.873 GC heap before
{Heap before GC invocations=28 (full 0):
 garbage-first heap   total 81920K, used 56472K [0x0000000583000000, 0x0000000800000000)
  region size 8192K, 4 young (32768K), 1 survivors (8192K)
 Metaspace       used 47277K, committed 47808K, reserved 1114112K
  class space    used 5856K, committed 6080K, reserved 1048576K
}
Event: 13581.882 GC heap after
{Heap after GC invocations=29 (full 0):
 garbage-first heap   total 81920K, used 31927K [0x0000000583000000, 0x0000000800000000)
  region size 8192K, 1 young (8192K), 1 survivors (8192K)
 Metaspace       used 47277K, committed 47808K, reserved 1114112K
  class space    used 5856K, committed 6080K, reserved 1048576K
}
Event: 14513.046 GC heap before
{Heap before GC invocations=29 (full 0):
 garbage-first heap   total 81920K, used 56503K [0x0000000583000000, 0x0000000800000000)
  region size 8192K, 4 young (32768K), 1 survivors (8192K)
 Metaspace       used 47297K, committed 47808K, reserved 1114112K
  class space    used 5856K, committed 6080K, reserved 1048576K
}
Event: 14513.051 GC heap after
{Heap after GC invocations=30 (full 0):
 garbage-first heap   total 81920K, used 31917K [0x0000000583000000, 0x0000000800000000)
  region size 8192K, 1 young (8192K), 1 survivors (8192K)
 Metaspace       used 47297K, committed 47808K, reserved 1114112K
  class space    used 5856K, committed 6080K, reserved 1048576K
}
Event: 15412.316 GC heap before
{Heap before GC invocations=30 (full 0):
 garbage-first heap   total 81920K, used 56493K [0x0000000583000000, 0x0000000800000000)
  region size 8192K, 4 young (32768K), 1 survivors (8192K)
 Metaspace       used 47410K, committed 47936K, reserved 1114112K
  class space    used 5856K, committed 6080K, reserved 1048576K
}
Event: 15412.320 GC heap after
{Heap after GC invocations=31 (full 0):
 garbage-first heap   total 81920K, used 31913K [0x0000000583000000, 0x0000000800000000)
  region size 8192K, 1 young (8192K), 1 survivors (8192K)
 Metaspace       used 47410K, committed 47936K, reserved 1114112K
  class space    used 5856K, committed 6080K, reserved 1048576K
}
Event: 16343.742 GC heap before
{Heap before GC invocations=31 (full 0):
 garbage-first heap   total 81920K, used 56489K [0x0000000583000000, 0x0000000800000000)
  region size 8192K, 4 young (32768K), 1 survivors (8192K)
 Metaspace       used 47417K, committed 47936K, reserved 1114112K
  class space    used 5856K, committed 6080K, reserved 1048576K
}
Event: 16343.744 GC heap after
{Heap after GC invocations=32 (full 0):
 garbage-first heap   total 81920K, used 31954K [0x0000000583000000, 0x0000000800000000)
  region size 8192K, 1 young (8192K), 1 survivors (8192K)
 Metaspace       used 47417K, committed 47936K, reserved 1114112K
  class space    used 5856K, committed 6080K, reserved 1048576K
}
Event: 17260.636 GC heap before
{Heap before GC invocations=32 (full 0):
 garbage-first heap   total 81920K, used 56530K [0x0000000583000000, 0x0000000800000000)
  region size 8192K, 4 young (32768K), 1 survivors (8192K)
 Metaspace       used 47445K, committed 47936K, reserved 1114112K
  class space    used 5856K, committed 6080K, reserved 1048576K
}
Event: 17260.638 GC heap after
{Heap after GC invocations=33 (full 0):
 garbage-first heap   total 81920K, used 31958K [0x0000000583000000, 0x0000000800000000)
  region size 8192K, 1 young (8192K), 1 survivors (8192K)
 Metaspace       used 47445K, committed 47936K, reserved 1114112K
  class space    used 5856K, committed 6080K, reserved 1048576K
}
Event: 18170.441 GC heap before
{Heap before GC invocations=33 (full 0):
 garbage-first heap   total 81920K, used 56534K [0x0000000583000000, 0x0000000800000000)
  region size 8192K, 4 young (32768K), 1 survivors (8192K)
 Metaspace       used 47464K, committed 47936K, reserved 1114112K
  class space    used 5856K, committed 6080K, reserved 1048576K
}
Event: 18170.445 GC heap after
{Heap after GC invocations=34 (full 0):
 garbage-first heap   total 81920K, used 31979K [0x0000000583000000, 0x0000000800000000)
  region size 8192K, 1 young (8192K), 1 survivors (8192K)
 Metaspace       used 47464K, committed 47936K, reserved 1114112K
  class space    used 5856K, committed 6080K, reserved 1048576K
}
Event: 19123.690 GC heap before
{Heap before GC invocations=34 (full 0):
 garbage-first heap   total 81920K, used 56555K [0x0000000583000000, 0x0000000800000000)
  region size 8192K, 4 young (32768K), 1 survivors (8192K)
 Metaspace       used 47486K, committed 47936K, reserved 1114112K
  class space    used 5856K, committed 6080K, reserved 1048576K
}
Event: 19123.693 GC heap after
{Heap after GC invocations=35 (full 0):
 garbage-first heap   total 81920K, used 31970K [0x0000000583000000, 0x0000000800000000)
  region size 8192K, 1 young (8192K), 1 survivors (8192K)
 Metaspace       used 47486K, committed 47936K, reserved 1114112K
  class space    used 5856K, committed 6080K, reserved 1048576K
}
Event: 19952.738 GC heap before
{Heap before GC invocations=35 (full 0):
 garbage-first heap   total 81920K, used 56546K [0x0000000583000000, 0x0000000800000000)
  region size 8192K, 4 young (32768K), 1 survivors (8192K)
 Metaspace       used 47634K, committed 48128K, reserved 1114112K
  class space    used 5868K, committed 6080K, reserved 1048576K
}
Event: 19952.742 GC heap after
{Heap after GC invocations=36 (full 0):
 garbage-first heap   total 81920K, used 31799K [0x0000000583000000, 0x0000000800000000)
  region size 8192K, 1 young (8192K), 1 survivors (8192K)
 Metaspace       used 47634K, committed 48128K, reserved 1114112K
  class space    used 5868K, committed 6080K, reserved 1048576K
}

Deoptimization events (20 events):
Event: 19922.214 Thread 0x000001f67ab56f30 Uncommon trap: trap_request=0xffffff45 fr.pc=0x000001f610927894 relative=0x0000000000000274
Event: 19922.215 Thread 0x000001f67ab56f30 Uncommon trap: reason=unstable_if action=reinterpret pc=0x000001f610927894 method=java.lang.invoke.MethodType.equals(Ljava/lang/Object;)Z @ 11 c2
Event: 19922.215 Thread 0x000001f67ab56f30 DEOPT PACKING pc=0x000001f610927894 sp=0x000000b368afc920
Event: 19922.216 Thread 0x000001f67ab56f30 DEOPT UNPACKING pc=0x000001f6101b5ba3 sp=0x000000b368afc8e8 mode 2
Event: 19922.216 Thread 0x000001f67ab56f30 Uncommon trap: trap_request=0xffffff54 fr.pc=0x000001f610a6b5bc relative=0x00000000000007dc
Event: 19922.216 Thread 0x000001f67ab56f30 Uncommon trap: reason=speculate_null_assert action=make_not_entrant pc=0x000001f610a6b5bc method=java.lang.invoke.MethodType$ConcurrentWeakInternSet.add(Ljava/lang/Object;)Ljava/lang/Object; @ 47 c2
Event: 19922.216 Thread 0x000001f67ab56f30 DEOPT PACKING pc=0x000001f610a6b5bc sp=0x000000b368afcb00
Event: 19922.216 Thread 0x000001f67ab56f30 DEOPT UNPACKING pc=0x000001f6101b5ba3 sp=0x000000b368afca98 mode 2
Event: 19922.220 Thread 0x000001f67ab56f30 Uncommon trap: trap_request=0xffffffde fr.pc=0x000001f610a3ad2c relative=0x000000000000118c
Event: 19922.220 Thread 0x000001f67ab56f30 Uncommon trap: reason=class_check action=maybe_recompile pc=0x000001f610a3ad2c method=java.util.concurrent.ConcurrentHashMap.putVal(Ljava/lang/Object;Ljava/lang/Object;Z)Ljava/lang/Object; @ 159 c2
Event: 19922.220 Thread 0x000001f67ab56f30 DEOPT PACKING pc=0x000001f610a3ad2c sp=0x000000b368afc7b0
Event: 19922.220 Thread 0x000001f67ab56f30 DEOPT UNPACKING pc=0x000001f6101b5ba3 sp=0x000000b368afc740 mode 2
Event: 19922.321 Thread 0x000001f67ab560c0 Uncommon trap: trap_request=0xffffffc6 fr.pc=0x000001f61091a1c0 relative=0x0000000000000300
Event: 19922.321 Thread 0x000001f67ab560c0 Uncommon trap: reason=bimorphic_or_optimized_type_check action=maybe_recompile pc=0x000001f61091a1c0 method=java.util.Collections$SetFromMap.contains(Ljava/lang/Object;)Z @ 5 c2
Event: 19922.321 Thread 0x000001f67ab560c0 DEOPT PACKING pc=0x000001f61091a1c0 sp=0x000000b369efe550
Event: 19922.321 Thread 0x000001f67ab560c0 DEOPT UNPACKING pc=0x000001f6101b5ba3 sp=0x000000b369efe4f8 mode 2
Event: 19922.322 Thread 0x000001f67ab56f30 Uncommon trap: trap_request=0xffffffc6 fr.pc=0x000001f61091a1c0 relative=0x0000000000000300
Event: 19922.322 Thread 0x000001f67ab56f30 Uncommon trap: reason=bimorphic_or_optimized_type_check action=maybe_recompile pc=0x000001f61091a1c0 method=java.util.Collections$SetFromMap.contains(Ljava/lang/Object;)Z @ 5 c2
Event: 19922.322 Thread 0x000001f67ab56f30 DEOPT PACKING pc=0x000001f61091a1c0 sp=0x000000b368afe280
Event: 19922.322 Thread 0x000001f67ab56f30 DEOPT UNPACKING pc=0x000001f6101b5ba3 sp=0x000000b368afe228 mode 2

Classes unloaded (0 events):
No events

Classes redefined (0 events):
No events

Internal exceptions (20 events):
Event: 19922.647 Thread 0x000001f67ab56f30 Exception <a 'java/net/ConnectException'{0x0000000586e8f9e0}: Connection refused: no further information> (0x0000000586e8f9e0) 
thrown [s\open\src\hotspot\share\prims\jni.cpp, line 535]
Event: 19922.647 Thread 0x000001f67ab56f30 Exception <a 'java/net/SocketException'{0x0000000586e8ffc0}: Socket is not connected: shutdown> (0x0000000586e8ffc0) 
thrown [s\open\src\hotspot\share\prims\jni.cpp, line 535]
Event: 19922.697 Thread 0x000001f67ab560c0 Exception <a 'java/net/ConnectException'{0x0000000586e0e090}: Connection refused: no further information> (0x0000000586e0e090) 
thrown [s\open\src\hotspot\share\prims\jni.cpp, line 535]
Event: 19922.697 Thread 0x000001f67ab560c0 Exception <a 'java/net/SocketException'{0x0000000586e0e670}: Socket is not connected: shutdown> (0x0000000586e0e670) 
thrown [s\open\src\hotspot\share\prims\jni.cpp, line 535]
Event: 19952.835 Thread 0x000001f67ab56f30 Exception <a 'java/net/ConnectException'{0x00000005aa861600}: Connection refused: no further information> (0x00000005aa861600) 
thrown [s\open\src\hotspot\share\prims\jni.cpp, line 535]
Event: 19952.836 Thread 0x000001f67ab56f30 Exception <a 'java/net/SocketException'{0x00000005aa861be0}: Socket is not connected: shutdown> (0x00000005aa861be0) 
thrown [s\open\src\hotspot\share\prims\jni.cpp, line 535]
Event: 19952.909 Thread 0x000001f67ab56f30 Exception <a 'java/net/ConnectException'{0x00000005aa862fe8}: Connection refused: no further information> (0x00000005aa862fe8) 
thrown [s\open\src\hotspot\share\prims\jni.cpp, line 535]
Event: 19952.910 Thread 0x000001f67ab56f30 Exception <a 'java/net/SocketException'{0x00000005aa8635c8}: Socket is not connected: shutdown> (0x00000005aa8635c8) 
thrown [s\open\src\hotspot\share\prims\jni.cpp, line 535]
Event: 19952.934 Thread 0x000001f67ab560c0 Exception <a 'java/net/ConnectException'{0x00000005aa9718d8}: Connection refused: no further information> (0x00000005aa9718d8) 
thrown [s\open\src\hotspot\share\prims\jni.cpp, line 535]
Event: 19952.937 Thread 0x000001f67ab560c0 Exception <a 'java/net/SocketException'{0x00000005aa971eb8}: Socket is not connected: shutdown> (0x00000005aa971eb8) 
thrown [s\open\src\hotspot\share\prims\jni.cpp, line 535]
Event: 19953.001 Thread 0x000001f67ab560c0 Exception <a 'java/net/ConnectException'{0x00000005aa9b1150}: Connection refused: no further information> (0x00000005aa9b1150) 
thrown [s\open\src\hotspot\share\prims\jni.cpp, line 535]
Event: 19953.001 Thread 0x000001f67ab560c0 Exception <a 'java/net/SocketException'{0x00000005aa9b1730}: Socket is not connected: shutdown> (0x00000005aa9b1730) 
thrown [s\open\src\hotspot\share\prims\jni.cpp, line 535]
Event: 19983.023 Thread 0x000001f67ab56f30 Exception <a 'java/net/ConnectException'{0x00000005aab17f20}: Connection refused: no further information> (0x00000005aab17f20) 
thrown [s\open\src\hotspot\share\prims\jni.cpp, line 535]
Event: 19983.024 Thread 0x000001f67ab56f30 Exception <a 'java/net/SocketException'{0x00000005aab18500}: Socket is not connected: shutdown> (0x00000005aab18500) 
thrown [s\open\src\hotspot\share\prims\jni.cpp, line 535]
Event: 19983.081 Thread 0x000001f67ab56f30 Exception <a 'java/net/ConnectException'{0x00000005aab19908}: Connection refused: no further information> (0x00000005aab19908) 
thrown [s\open\src\hotspot\share\prims\jni.cpp, line 535]
Event: 19983.082 Thread 0x000001f67ab56f30 Exception <a 'java/net/SocketException'{0x00000005aab19ee8}: Socket is not connected: shutdown> (0x00000005aab19ee8) 
thrown [s\open\src\hotspot\share\prims\jni.cpp, line 535]
Event: 19983.125 Thread 0x000001f67ab560c0 Exception <a 'java/net/ConnectException'{0x00000005aabbd988}: Connection refused: no further information> (0x00000005aabbd988) 
thrown [s\open\src\hotspot\share\prims\jni.cpp, line 535]
Event: 19983.125 Thread 0x000001f67ab560c0 Exception <a 'java/net/SocketException'{0x00000005aabbdf68}: Socket is not connected: shutdown> (0x00000005aabbdf68) 
thrown [s\open\src\hotspot\share\prims\jni.cpp, line 535]
Event: 19983.163 Thread 0x000001f67ab560c0 Exception <a 'java/net/ConnectException'{0x00000005aabf3438}: Connection refused: no further information> (0x00000005aabf3438) 
thrown [s\open\src\hotspot\share\prims\jni.cpp, line 535]
Event: 19983.163 Thread 0x000001f67ab560c0 Exception <a 'java/net/SocketException'{0x00000005aabf3a18}: Socket is not connected: shutdown> (0x00000005aabf3a18) 
thrown [s\open\src\hotspot\share\prims\jni.cpp, line 535]

VM Operations (20 events):
Event: 19862.459 Executing VM operation: Cleanup
Event: 19862.459 Executing VM operation: Cleanup done
Event: 19922.174 Executing VM operation: HandshakeAllThreads
Event: 19922.174 Executing VM operation: HandshakeAllThreads done
Event: 19922.174 Executing VM operation: Cleanup
Event: 19922.175 Executing VM operation: Cleanup done
Event: 19923.179 Executing VM operation: Cleanup
Event: 19923.179 Executing VM operation: Cleanup done
Event: 19947.464 Executing VM operation: Cleanup
Event: 19947.464 Executing VM operation: Cleanup done
Event: 19952.738 Executing VM operation: G1CollectForAllocation
Event: 19952.742 Executing VM operation: G1CollectForAllocation done
Event: 19953.753 Executing VM operation: Cleanup
Event: 19953.753 Executing VM operation: Cleanup done
Event: 19960.914 Executing VM operation: HandshakeAllThreads
Event: 19960.914 Executing VM operation: HandshakeAllThreads done
Event: 19983.080 Executing VM operation: Cleanup
Event: 19983.080 Executing VM operation: Cleanup done
Event: 19984.085 Executing VM operation: Cleanup
Event: 19984.085 Executing VM operation: Cleanup done

Events (20 events):
Event: 16168.754 Thread 0x000001f6322dc7a0 flushing nmethod 0x000001f6098ca590
Event: 16168.754 Thread 0x000001f6322dc7a0 flushing nmethod 0x000001f609951f90
Event: 16168.754 Thread 0x000001f6322dc7a0 flushing nmethod 0x000001f609958b10
Event: 16168.754 Thread 0x000001f6322dc7a0 flushing nmethod 0x000001f609958f10
Event: 16168.754 Thread 0x000001f6322dc7a0 flushing nmethod 0x000001f60995f790
Event: 16168.754 Thread 0x000001f6322dc7a0 flushing nmethod 0x000001f609960c10
Event: 16168.755 Thread 0x000001f6322dc7a0 flushing nmethod 0x000001f609a56010
Event: 16168.755 Thread 0x000001f6322dc7a0 flushing nmethod 0x000001f609a57390
Event: 18931.146 Thread 0x000001f679ab6a70 Thread added: 0x000001f679ab6a70
Event: 18936.217 Thread 0x000001f679ab6a70 Thread exited: 0x000001f679ab6a70
Event: 19921.948 loading class sun/net/ConnectionResetException
Event: 19921.954 loading class sun/net/ConnectionResetException done
Event: 19922.037 loading class sun/net/util/SocketExceptions
Event: 19922.047 loading class sun/net/util/SocketExceptions done
Event: 19922.317 loading class java/lang/Throwable$WrappedPrintWriter
Event: 19922.318 loading class java/lang/Throwable$PrintStreamOrWriter
Event: 19922.318 loading class java/lang/Throwable$PrintStreamOrWriter done
Event: 19922.318 loading class java/lang/Throwable$WrappedPrintWriter done
Event: 19922.786 loading class jdk/internal/loader/BootLoader$PackageHelper
Event: 19922.787 loading class jdk/internal/loader/BootLoader$PackageHelper done


Dynamic libraries:
0x00007ff632850000 - 0x00007ff632860000 	C:\Program Files\Java\jdk-17\bin\java.exe
0x00007ffa1c4e0000 - 0x00007ffa1c747000 	C:\Windows\SYSTEM32\ntdll.dll
0x00007ffa1ba10000 - 0x00007ffa1bad9000 	C:\Windows\System32\KERNEL32.DLL
0x00007ffa19a90000 - 0x00007ffa19e80000 	C:\Windows\System32\KERNELBASE.dll
0x00007ffa19e90000 - 0x00007ffa19fdb000 	C:\Windows\System32\ucrtbase.dll
0x00007ff9d0600000 - 0x00007ff9d0619000 	C:\Program Files\Java\jdk-17\bin\jli.dll
0x00007ffa1be90000 - 0x00007ffa1bf44000 	C:\Windows\System32\ADVAPI32.dll
0x00007ffa1c030000 - 0x00007ffa1c0d9000 	C:\Windows\System32\msvcrt.dll
0x00007ffa1bda0000 - 0x00007ffa1be46000 	C:\Windows\System32\sechost.dll
0x00007ffa1b150000 - 0x00007ffa1b268000 	C:\Windows\System32\RPCRT4.dll
0x00007ffa1c190000 - 0x00007ffa1c355000 	C:\Windows\System32\USER32.dll
0x00007ffa196b0000 - 0x00007ffa196d7000 	C:\Windows\System32\win32u.dll
0x00007ffa1bfb0000 - 0x00007ffa1bfdb000 	C:\Windows\System32\GDI32.dll
0x00007ffa19fe0000 - 0x00007ffa1a118000 	C:\Windows\System32\gdi32full.dll
0x00007ffa196e0000 - 0x00007ffa19783000 	C:\Windows\System32\msvcp_win.dll
0x00007ff9d05e0000 - 0x00007ff9d05fb000 	C:\Program Files\Java\jdk-17\bin\VCRUNTIME140.dll
0x00007ff9fdc10000 - 0x00007ff9fdeaa000 	C:\Windows\WinSxS\amd64_microsoft.windows.common-controls_6595b64144ccf1df_6.0.26100.4768_none_3e0c112ce331287c\COMCTL32.dll
0x00007ffa04a80000 - 0x00007ffa04a8b000 	C:\Windows\SYSTEM32\VERSION.dll
0x00007ffa1be50000 - 0x00007ffa1be7f000 	C:\Windows\System32\IMM32.DLL
0x00007ff9e5660000 - 0x00007ff9e566c000 	C:\Program Files\Java\jdk-17\bin\vcruntime140_1.dll
0x00007ff9904d0000 - 0x00007ff99055e000 	C:\Program Files\Java\jdk-17\bin\msvcp140.dll
0x00007ff964370000 - 0x00007ff964f51000 	C:\Program Files\Java\jdk-17\bin\server\jvm.dll
0x00007ffa1bbe0000 - 0x00007ffa1bbe8000 	C:\Windows\System32\PSAPI.DLL
0x00007ffa15990000 - 0x00007ffa1599a000 	C:\Windows\SYSTEM32\WSOCK32.dll
0x00007ffa01c80000 - 0x00007ffa01cb5000 	C:\Windows\SYSTEM32\WINMM.dll
0x00007ffa1c0e0000 - 0x00007ffa1c154000 	C:\Windows\System32\WS2_32.dll
0x00007ffa18350000 - 0x00007ffa1836b000 	C:\Windows\SYSTEM32\kernel.appcore.dll
0x00007ff9e4110000 - 0x00007ff9e411a000 	C:\Program Files\Java\jdk-17\bin\jimage.dll
0x00007ffa16cd0000 - 0x00007ffa16f11000 	C:\Windows\SYSTEM32\DBGHELP.DLL
0x00007ffa1b500000 - 0x00007ffa1b885000 	C:\Windows\System32\combase.dll
0x00007ffa1a9c0000 - 0x00007ffa1aaa0000 	C:\Windows\System32\OLEAUT32.dll
0x00007ff9dfd70000 - 0x00007ff9dfdb3000 	C:\Windows\SYSTEM32\dbgcore.DLL
0x00007ffa19610000 - 0x00007ffa196a9000 	C:\Windows\System32\bcryptPrimitives.dll
0x00007ff9cc620000 - 0x00007ff9cc645000 	C:\Program Files\Java\jdk-17\bin\java.dll
0x00007ff991910000 - 0x00007ff9919e7000 	C:\Program Files\Java\jdk-17\bin\jsvml.dll
0x00007ffa1a270000 - 0x00007ffa1a9bd000 	C:\Windows\System32\SHELL32.dll
0x00007ffa19910000 - 0x00007ffa19a83000 	C:\Windows\System32\wintypes.dll
0x00007ffa171b0000 - 0x00007ffa17a0f000 	C:\Windows\SYSTEM32\windows.storage.dll
0x00007ffa1bae0000 - 0x00007ffa1bbd5000 	C:\Windows\System32\SHCORE.dll
0x00007ffa1af70000 - 0x00007ffa1afda000 	C:\Windows\System32\shlwapi.dll
0x00007ffa19530000 - 0x00007ffa19559000 	C:\Windows\SYSTEM32\profapi.dll
0x00007ff9d0210000 - 0x00007ff9d0229000 	C:\Program Files\Java\jdk-17\bin\net.dll
0x00007ffa0c440000 - 0x00007ffa0c55e000 	C:\Windows\SYSTEM32\WINHTTP.dll
0x00007ffa188c0000 - 0x00007ffa1892b000 	C:\Windows\system32\mswsock.dll
0x00007ff9c3b00000 - 0x00007ff9c3b16000 	C:\Program Files\Java\jdk-17\bin\nio.dll
0x00007ff9c3ae0000 - 0x00007ff9c3af8000 	C:\Program Files\Java\jdk-17\bin\zip.dll
0x00007ff9e9d30000 - 0x00007ff9e9d3a000 	C:\Program Files\Java\jdk-17\bin\management.dll
0x00007ff9e3fd0000 - 0x00007ff9e3fdb000 	C:\Program Files\Java\jdk-17\bin\management_ext.dll
0x00007ffa17d90000 - 0x00007ffa17dc3000 	C:\Windows\SYSTEM32\IPHLPAPI.DLL
0x00007ffa1aab0000 - 0x00007ffa1aaba000 	C:\Windows\System32\NSI.dll
0x00007ffa11120000 - 0x00007ffa1113f000 	C:\Windows\SYSTEM32\dhcpcsvc6.DLL
0x00007ffa11080000 - 0x00007ffa110a5000 	C:\Windows\SYSTEM32\dhcpcsvc.DLL
0x00007ffa17e30000 - 0x00007ffa17f56000 	C:\Windows\SYSTEM32\DNSAPI.dll
0x00007ff9e3690000 - 0x00007ff9e369e000 	C:\Program Files\Java\jdk-17\bin\sunmscapi.dll
0x00007ffa19790000 - 0x00007ffa19907000 	C:\Windows\System32\CRYPT32.dll
0x00007ffa18f20000 - 0x00007ffa18f50000 	C:\Windows\SYSTEM32\ncrypt.dll
0x00007ffa18ed0000 - 0x00007ffa18f0f000 	C:\Windows\SYSTEM32\NTASN1.dll
0x00007ff9e3130000 - 0x00007ff9e3140000 	C:\Program Files\Java\jdk-17\bin\verify.dll
0x00007ffa18ca0000 - 0x00007ffa18cbb000 	C:\Windows\SYSTEM32\CRYPTSP.dll
0x00007ffa182b0000 - 0x00007ffa182eb000 	C:\Windows\system32\rsaenh.dll
0x00007ffa18960000 - 0x00007ffa1898b000 	C:\Windows\SYSTEM32\USERENV.dll
0x00007ffa19500000 - 0x00007ffa19526000 	C:\Windows\SYSTEM32\bcrypt.dll
0x00007ffa0b540000 - 0x00007ffa0b54b000 	C:\Windows\System32\rasadhlp.dll
0x00007ffa18b00000 - 0x00007ffa18b0c000 	C:\Windows\SYSTEM32\CRYPTBASE.dll
0x00007ffa12970000 - 0x00007ffa129f6000 	C:\Windows\System32\fwpuclnt.dll
0x00007ff9c6bb0000 - 0x00007ff9c6bb8000 	C:\Windows\system32\wshunix.dll

dbghelp: loaded successfully - version: 4.0.5 - missing functions: none
symbol engine: initialized successfully - sym options: 0x614 - pdb path: .;C:\Program Files\Java\jdk-17\bin;C:\Windows\SYSTEM32;C:\Windows\WinSxS\amd64_microsoft.windows.common-controls_6595b64144ccf1df_6.0.26100.4768_none_3e0c112ce331287c;C:\Program Files\Java\jdk-17\bin\server

VM Arguments:
jvm_args: -XX:+ShowCodeDetailsInExceptionMessages 
java_command: com.sellout.KeycloakAdapterApplication
java_class_path (initial): C:\Users\Fernanda Jama\OneDrive - Manamer\Documentos\PROYECTOS 2025-2026\sellout1\backend\infraestructure\keycloakAdapter\target\classes;C:\Users\Fernanda Jama\.m2\repository\org\springframework\boot\spring-boot-starter-web\3.2.4\spring-boot-starter-web-3.2.4.jar;C:\Users\Fernanda Jama\.m2\repository\org\springframework\boot\spring-boot-starter\3.2.4\spring-boot-starter-3.2.4.jar;C:\Users\Fernanda Jama\.m2\repository\org\springframework\boot\spring-boot-starter-logging\3.2.4\spring-boot-starter-logging-3.2.4.jar;C:\Users\Fernanda Jama\.m2\repository\ch\qos\logback\logback-classic\1.4.14\logback-classic-1.4.14.jar;C:\Users\Fernanda Jama\.m2\repository\ch\qos\logback\logback-core\1.4.14\logback-core-1.4.14.jar;C:\Users\Fernanda Jama\.m2\repository\org\apache\logging\log4j\log4j-to-slf4j\2.23.1\log4j-to-slf4j-2.23.1.jar;C:\Users\Fernanda Jama\.m2\repository\org\apache\logging\log4j\log4j-api\2.23.1\log4j-api-2.23.1.jar;C:\Users\Fernanda Jama\.m2\repository\org\slf4j\jul-to-slf4j\2.0.12\jul-to-slf4j-2.0.12.jar;C:\Users\Fernanda Jama\.m2\repository\jakarta\annotation\jakarta.annotation-api\2.1.1\jakarta.annotation-api-2.1.1.jar;C:\Users\Fernanda Jama\.m2\repository\org\yaml\snakeyaml\2.2\snakeyaml-2.2.jar;C:\Users\Fernanda Jama\.m2\repository\org\springframework\boot\spring-boot-starter-json\3.2.4\spring-boot-starter-json-3.2.4.jar;C:\Users\Fernanda Jama\.m2\repository\com\fasterxml\jackson\datatype\jackson-datatype-jdk8\2.17.2\jackson-datatype-jdk8-2.17.2.jar;C:\Users\Fernanda Jama\.m2\repository\com\fasterxml\jackson\datatype\jackson-datatype-jsr310\2.17.2\jackson-datatype-jsr310-2.17.2.jar;C:\Users\Fernanda Jama\.m2\repository\com\fasterxml\jackson\module\jackson-module-parameter-names\2.17.2\jackson-module-parameter-names-2.17.2.jar;C:\Users\Fernanda Jama\.m2\repository\org\springframework\boot\spring-boot-starter-tomcat\3.2.4\spring-boot-starter-tomcat-3.2.4.jar;C:\Users\Fernanda Jama\.m2\repository\org\apache\tomcat\embed\tomcat-embed-c
Launcher Type: SUN_STANDARD

[Global flags]
     intx CICompilerCount                          = 4                                         {product} {ergonomic}
     uint ConcGCThreads                            = 2                                         {product} {ergonomic}
     uint G1ConcRefinementThreads                  = 8                                         {product} {ergonomic}
   size_t G1HeapRegionSize                         = 8388608                                   {product} {ergonomic}
    uintx GCDrainStackTargetSize                   = 64                                        {product} {ergonomic}
   size_t InitialHeapSize                          = 671088640                                 {product} {ergonomic}
   size_t MarkStackSize                            = 4194304                                   {product} {ergonomic}
   size_t MaxHeapSize                              = 10687086592                               {product} {ergonomic}
   size_t MaxNewSize                               = 6408896512                                {product} {ergonomic}
   size_t MinHeapDeltaBytes                        = 8388608                                   {product} {ergonomic}
   size_t MinHeapSize                              = 8388608                                   {product} {ergonomic}
    uintx NonNMethodCodeHeapSize                   = 5839372                                {pd product} {ergonomic}
    uintx NonProfiledCodeHeapSize                  = 122909434                              {pd product} {ergonomic}
    uintx ProfiledCodeHeapSize                     = 122909434                              {pd product} {ergonomic}
    uintx ReservedCodeCacheSize                    = 251658240                              {pd product} {ergonomic}
     bool SegmentedCodeCache                       = true                                      {product} {ergonomic}
     bool ShowCodeDetailsInExceptionMessages       = true                                   {manageable} {command line}
   size_t SoftMaxHeapSize                          = 10687086592                            {manageable} {ergonomic}
     bool UseCompressedClassPointers               = true                           {product lp64_product} {ergonomic}
     bool UseCompressedOops                        = true                           {product lp64_product} {ergonomic}
     bool UseG1GC                                  = true                                      {product} {ergonomic}
     bool UseLargePagesIndividualAllocation        = false                                  {pd product} {ergonomic}

Logging:
Log output configuration:
 #0: stdout all=warning uptime,level,tags
 #1: stderr all=off uptime,level,tags

Environment Variables:
JAVA_HOME=C:\\Program Files\\Java\\jdk-17
CLASSPATH=C:\Program Files\SAP\SAP Business One DI API\JCO\LIB\sbowrapper.jar;C:\Program Files\SAP\SAP Business One DI API\JCO\LIB\sboapi.jar
PATH=C:\\Program Files\\Java\\jdk-17\\bin;C:\\Users\\Fernanda Jama\\.trae\\tools\\maven\\latest\\bin;C:\\Users\\Fernanda Jama\\.trae\\tools\\gradle\\latest\\bin;C:\Program Files\Java\jdk-17\bin;C:\Users\Fernanda Jama\.trae\tools\maven\latest\bin;C:\Users\Fernanda Jama\.trae\tools\gradle\latest\bin;C:\Python313\Scripts\;C:\Python313\;C:\Program Files\Microsoft MPI\Bin\;C:\Program Files\Common Files\Oracle\Java\javapath;C:\Windows\system32;C:\Windows;C:\Windows\System32\Wbem;C:\Windows\System32\WindowsPowerShell\v1.0\;C:\Windows\System32\OpenSSH\;C:\Program Files\Microsoft SQL Server\Client SDK\ODBC\170\Tools\Binn\;C:\Program Files (x86)\Microsoft SQL Server\150\Tools\Binn\;C:\Program Files\Microsoft SQL Server\150\Tools\Binn\;C:\Program Files\Microsoft SQL Server\150\DTS\Binn\;C:\Program Files (x86)\Microsoft SQL Server\160\DTS\Binn\;C:\Program Files\nodejs\;C:\ProgramData\chocolatey\bin;C:\Program Files\SAP\SAP Business One DI API\JCO\LIB\;C:\Program Files\SAP\SAP Business One DI API\DI API 90;C:\Program Files\SAP\SAP Business One\;C:\Program Files\apache-maven-3.8.8-bin\apache-maven-3.8.8\bin;C:\Users\Fernanda Jama\AppData\Local\Microsoft\WindowsApps;C:\Users\Fernanda Jama\AppData\Local\GitHubDesktop\bin;C:\Users\Fernanda Jama\AppData\Local\Programs\Microsoft VS Code\bin;C:\Users\Fernanda Jama\AppData\Roaming\npm
USERNAME=Fernanda Jama
LANG=en_US.UTF-8
OS=Windows_NT
PROCESSOR_IDENTIFIER=Intel64 Family 6 Model 140 Stepping 1, GenuineIntel



---------------  S Y S T E M  ---------------

OS:
 Windows 11 , 64 bit Build 26100 (10.0.26100.4768)
OS uptime: 0 days 19:55 hours
Hyper-V role detected

CPU: total 8 (initial active 8) (4 cores per cpu, 2 threads per core) family 6 model 140 stepping 1 microcode 0xb8, cx8, cmov, fxsr, ht, mmx, 3dnowpref, sse, sse2, sse3, ssse3, sse4.1, sse4.2, popcnt, lzcnt, tsc, tscinvbit, avx, avx2, aes, erms, clmul, bmi1, bmi2, adx, avx512f, avx512dq, avx512cd, avx512bw, avx512vl, sha, fma, vzeroupper, avx512_vpopcntdq, avx512_vpclmulqdq, avx512_vaes, avx512_vnni, clflush, clflushopt, clwb, avx512_vbmi2, avx512_vbmi, hv

Memory: 4k page, system-wide physical 40743M (6542M free)
TotalPageFile size 101623M (AvailPageFile size 0M)
current process WorkingSet (physical memory assigned to process): 131M, peak: 256M
current process commit charge ("private bytes"): 292M, peak: 816M

vm_info: Java HotSpot(TM) 64-Bit Server VM (17.0.15+9-LTS-241) for windows-amd64 JRE (17.0.15+9-LTS-241), built on Feb 20 2025 10:49:54 by "mach5one" with MS VC++ 17.6 (VS2022)

END.
