#
# There is insufficient memory for the Java Runtime Environment to continue.
# Native memory allocation (malloc) failed to allocate 1351856 bytes for Chunk::new
# Possible reasons:
#   The system is out of physical RAM or swap space
#   The process is running with CompressedOops enabled, and the Java Heap may be blocking the growth of the native heap
# Possible solutions:
#   Reduce memory load on the system
#   Increase physical memory or swap space
#   Check if swap backing store is full
#   Decrease Java heap size (-Xmx/-Xms)
#   Decrease number of Java threads
#   Decrease Java thread stack sizes (-Xss)
#   Set larger code cache with -XX:ReservedCodeCacheSize=
#   JVM is running with Zero Based Compressed Oops mode in which the Java heap is
#     placed in the first 32GB address space. The Java Heap base address is the
#     maximum limit for the native heap growth. Please use -XX:HeapBaseMinAddress
#     to set the Java Heap base and to place the Java Heap above 32GB virtual address.
# This output file may be truncated or incomplete.
#
#  Out of Memory Error (arena.cpp:189), pid=22116, tid=19520
#
# JRE version: Java(TM) SE Runtime Environment (17.0.15+9) (build 17.0.15+9-LTS-241)
# Java VM: Java HotSpot(TM) 64-Bit Server VM (17.0.15+9-LTS-241, mixed mode, sharing, tiered, compressed oops, compressed class ptrs, g1 gc, windows-amd64)
# No core dump will be written. Minidumps are not enabled by default on client versions of Windows
#

---------------  S U M M A R Y ------------

Command Line: -XX:+ShowCodeDetailsInExceptionMessages -Dspring.jmx.enabled=true -Dmanagement.endpoints.jmx.exposure.include=* -Dspring.application.admin.enabled=true -Dspring.boot.project.name=com.manamer.sellout.infraestructure.apigateway-apigateway -Djava.rmi.server.hostname=localhost -Dcom.sun.management.jmxremote.port=45557 -Dcom.sun.management.jmxremote.authenticate=false -Dcom.sun.management.jmxremote.ssl=false com.manamer.sellout.infraestructure.apigateway.ApigatewayApplication

Host: 11th Gen Intel(R) Core(TM) i7-1165G7 @ 2.80GHz, 8 cores, 39G,  Windows 11 , 64 bit Build 26100 (10.0.26100.5074)
Time: Tue Sep  9 23:16:58 2025 Hora est. Pacífico, Sudamérica elapsed time: 23115.145102 seconds (0d 6h 25m 15s)

---------------  T H R E A D  ---------------

Current thread (0x00000252a808c220):  JavaThread "C2 CompilerThread0" daemon [_thread_in_native, id=19520, stack(0x000000a9bfc00000,0x000000a9bfd00000)]


Current CompileTask:
C2:23115145 12161       4       com.fasterxml.jackson.databind.introspect.AnnotatedClassResolver::_addSuperTypes (103 bytes)

Stack: [0x000000a9bfc00000,0x000000a9bfd00000]
Native frames: (J=compiled Java code, j=interpreted, Vv=VM code, C=native code)
V  [jvm.dll+0x67a46a]
V  [jvm.dll+0x7da6ad]
V  [jvm.dll+0x7dbff3]
V  [jvm.dll+0x7dc663]
V  [jvm.dll+0x24523f]
V  [jvm.dll+0xab763]
V  [jvm.dll+0xabd2c]
V  [jvm.dll+0x361ebf]
V  [jvm.dll+0x32c5e1]
V  [jvm.dll+0x32ba7a]
V  [jvm.dll+0x2169ef]
V  [jvm.dll+0x215e1f]
V  [jvm.dll+0x1a2a00]
V  [jvm.dll+0x2262bb]
V  [jvm.dll+0x22445b]
V  [jvm.dll+0x790acc]
V  [jvm.dll+0x78b0ba]
V  [jvm.dll+0x679355]
C  [ucrtbase.dll+0x37b0]
C  [KERNEL32.DLL+0x2e8d7]
C  [ntdll.dll+0x8d9c]


---------------  P R O C E S S  ---------------

Threads class SMR info:
_java_thread_list=0x00000252adfc3300, length=43, elements={
0x0000025266829a30, 0x000002526682a4f0, 0x00000252a8088460, 0x000002526683cf30,
0x000002526683d7f0, 0x000002526683e0b0, 0x00000252a808c220, 0x00000252a8092b50,
0x00000252a8096470, 0x00000252a81a1e50, 0x00000252a823a230, 0x00000252a8a94640,
0x00000252a8a6a870, 0x00000252a8c1b290, 0x00000252ae3513b0, 0x00000252ae02cab0,
0x00000252ae02cf80, 0x00000252ae02c5e0, 0x00000252ae02e2c0, 0x00000252ae02bc40,
0x00000252ae02b770, 0x00000252ae02b2a0, 0x00000252ae02a900, 0x00000252ae02c110,
0x00000252ae02f130, 0x00000252ae02ec60, 0x00000252ae0317b0, 0x00000252ae02f600,
0x00000252ae02fad0, 0x00000252ae02ffa0, 0x00000252ae0312e0, 0x00000252ae02e790,
0x00000252ae030940, 0x00000252ae030470, 0x00000252ae031c80, 0x00000252ae350ee0,
0x00000252b15a49a0, 0x00000252b15a2cc0, 0x00000252b15a14b0, 0x00000252b15a3b30,
0x00000252b15a1980, 0x00000252b15a4e70, 0x00000252b15a3660
}

Java Threads: ( => current thread )
  0x0000025266829a30 JavaThread "Reference Handler" daemon [_thread_blocked, id=8848, stack(0x000000a9bf600000,0x000000a9bf700000)]
  0x000002526682a4f0 JavaThread "Finalizer" daemon [_thread_blocked, id=23508, stack(0x000000a9bf700000,0x000000a9bf800000)]
  0x00000252a8088460 JavaThread "Signal Dispatcher" daemon [_thread_blocked, id=22012, stack(0x000000a9bf800000,0x000000a9bf900000)]
  0x000002526683cf30 JavaThread "Attach Listener" daemon [_thread_blocked, id=24456, stack(0x000000a9bf900000,0x000000a9bfa00000)]
  0x000002526683d7f0 JavaThread "Service Thread" daemon [_thread_blocked, id=17968, stack(0x000000a9bfa00000,0x000000a9bfb00000)]
  0x000002526683e0b0 JavaThread "Monitor Deflation Thread" daemon [_thread_blocked, id=10508, stack(0x000000a9bfb00000,0x000000a9bfc00000)]
=>0x00000252a808c220 JavaThread "C2 CompilerThread0" daemon [_thread_in_native, id=19520, stack(0x000000a9bfc00000,0x000000a9bfd00000)]
  0x00000252a8092b50 JavaThread "C1 CompilerThread0" daemon [_thread_in_vm, id=20432, stack(0x000000a9bfd00000,0x000000a9bfe00000)]
  0x00000252a8096470 JavaThread "Sweeper thread" daemon [_thread_blocked, id=12268, stack(0x000000a9bfe00000,0x000000a9bff00000)]
  0x00000252a81a1e50 JavaThread "Common-Cleaner" daemon [_thread_blocked, id=10664, stack(0x000000a9bff00000,0x000000a9c0000000)]
  0x00000252a823a230 JavaThread "Notification Thread" daemon [_thread_blocked, id=23068, stack(0x000000a9c0100000,0x000000a9c0200000)]
  0x00000252a8a94640 JavaThread "RMI TCP Accept-0" daemon [_thread_in_native, id=18344, stack(0x000000a9c0200000,0x000000a9c0300000)]
  0x00000252a8a6a870 JavaThread "RMI TCP Accept-45557" daemon [_thread_in_native, id=23840, stack(0x000000a9c0300000,0x000000a9c0400000)]
  0x00000252a8c1b290 JavaThread "RMI TCP Accept-0" daemon [_thread_in_native, id=24540, stack(0x000000a9c0400000,0x000000a9c0500000)]
  0x00000252ae3513b0 JavaThread "RMI Scheduler(0)" daemon [_thread_blocked, id=1872, stack(0x000000a9c1400000,0x000000a9c1500000)]
  0x00000252ae02cab0 JavaThread "boundedElastic-evictor-1" daemon [_thread_blocked, id=22312, stack(0x000000a9c1700000,0x000000a9c1800000)]
  0x00000252ae02cf80 JavaThread "spring.cloud.inetutils" daemon [_thread_blocked, id=23776, stack(0x000000a9c1900000,0x000000a9c1a00000)]
  0x00000252ae02c5e0 JavaThread "File Watcher" daemon [_thread_blocked, id=23548, stack(0x000000a9c1b00000,0x000000a9c1c00000)]
  0x00000252ae02e2c0 JavaThread "AsyncResolver-bootstrap-0" daemon [_thread_blocked, id=7472, stack(0x000000a9c1c00000,0x000000a9c1d00000)]
  0x00000252ae02bc40 JavaThread "idle-connection-evictor-1" daemon [_thread_blocked, id=8624, stack(0x000000a9c1d00000,0x000000a9c1e00000)]
  0x00000252ae02b770 JavaThread "DiscoveryClient-0" daemon [_thread_blocked, id=19960, stack(0x000000a9c0000000,0x000000a9c0100000)]
  0x00000252ae02b2a0 JavaThread "DiscoveryClient-1" daemon [_thread_blocked, id=8116, stack(0x000000a9c1200000,0x000000a9c1300000)]
  0x00000252ae02a900 JavaThread "DiscoveryClient-InstanceInfoReplicator-0" daemon [_thread_blocked, id=22896, stack(0x000000a9c1e00000,0x000000a9c1f00000)]
  0x00000252ae02c110 JavaThread "reactor-http-nio-1" daemon [_thread_in_native, id=11592, stack(0x000000a9c2100000,0x000000a9c2200000)]
  0x00000252ae02f130 JavaThread "server" [_thread_blocked, id=11236, stack(0x000000a9c2200000,0x000000a9c2300000)]
  0x00000252ae02ec60 JavaThread "DestroyJavaVM" [_thread_blocked, id=22336, stack(0x000000a9bef00000,0x000000a9bf000000)]
  0x00000252ae0317b0 JavaThread "DiscoveryClient-HeartbeatExecutor-0" daemon [_thread_blocked, id=22256, stack(0x000000a9c1f00000,0x000000a9c2000000)]
  0x00000252ae02f600 JavaThread "DiscoveryClient-CacheRefreshExecutor-0" daemon [_thread_blocked, id=21472, stack(0x000000a9c2000000,0x000000a9c2100000)]
  0x00000252ae02fad0 JavaThread "AsyncResolver-bootstrap-executor-0" daemon [_thread_blocked, id=10724, stack(0x000000a9bee00000,0x000000a9bef00000)]
  0x00000252ae02ffa0 JavaThread "reactor-http-nio-2" daemon [_thread_in_native, id=23060, stack(0x000000a9bed00000,0x000000a9bee00000)]
  0x00000252ae0312e0 JavaThread "parallel-1" daemon [_thread_blocked, id=10896, stack(0x000000a9c1000000,0x000000a9c1100000)]
  0x00000252ae02e790 JavaThread "pool-11-thread-1" daemon [_thread_blocked, id=4676, stack(0x000000a9c1100000,0x000000a9c1200000)]
  0x00000252ae030940 JavaThread "reactor-http-nio-3" daemon [_thread_in_native, id=25360, stack(0x000000a9c1300000,0x000000a9c1400000)]
  0x00000252ae030470 JavaThread "reactor-http-nio-4" daemon [_thread_in_native, id=4336, stack(0x000000a9c2300000,0x000000a9c2400000)]
  0x00000252ae031c80 JavaThread "reactor-http-nio-5" daemon [_thread_in_native, id=14172, stack(0x000000a9c2400000,0x000000a9c2500000)]
  0x00000252ae350ee0 JavaThread "reactor-http-nio-6" daemon [_thread_in_native, id=10952, stack(0x000000a9c2500000,0x000000a9c2600000)]
  0x00000252b15a49a0 JavaThread "reactor-http-nio-7" daemon [_thread_in_native, id=23880, stack(0x000000a9c2600000,0x000000a9c2700000)]
  0x00000252b15a2cc0 JavaThread "reactor-http-nio-8" daemon [_thread_in_native, id=19048, stack(0x000000a9c2700000,0x000000a9c2800000)]
  0x00000252b15a14b0 JavaThread "Thread-15" daemon [_thread_in_native, id=24464, stack(0x000000a9c2800000,0x000000a9c2900000)]
  0x00000252b15a3b30 JavaThread "parallel-2" daemon [_thread_blocked, id=24232, stack(0x000000a9c2b00000,0x000000a9c2c00000)]
  0x00000252b15a1980 JavaThread "parallel-3" daemon [_thread_blocked, id=5252, stack(0x000000a9c2c00000,0x000000a9c2d00000)]
  0x00000252b15a4e70 JavaThread "parallel-4" daemon [_thread_blocked, id=9368, stack(0x000000a9c2d00000,0x000000a9c2e00000)]
  0x00000252b15a3660 JavaThread "parallel-5" daemon [_thread_blocked, id=12332, stack(0x000000a9c0f00000,0x000000a9c1000000)]

Other Threads:
  0x00000252668258e0 VMThread "VM Thread" [stack: 0x000000a9bf500000,0x000000a9bf600000] [id=13556] _threads_hazard_ptr=0x00000252adfc3300
  0x0000025235ed8830 WatcherThread [stack: 0x000000a9c0500000,0x000000a9c0600000] [id=8212]
  0x0000025235f81ec0 GCTaskThread "GC Thread#0" [stack: 0x000000a9bf000000,0x000000a9bf100000] [id=17464]
  0x00000252ad9eb9d0 GCTaskThread "GC Thread#1" [stack: 0x000000a9c0600000,0x000000a9c0700000] [id=7296]
  0x00000252ad9ebc90 GCTaskThread "GC Thread#2" [stack: 0x000000a9c0700000,0x000000a9c0800000] [id=4776]
  0x00000252ad590db0 GCTaskThread "GC Thread#3" [stack: 0x000000a9c0800000,0x000000a9c0900000] [id=12144]
  0x00000252ad591070 GCTaskThread "GC Thread#4" [stack: 0x000000a9c0900000,0x000000a9c0a00000] [id=23980]
  0x00000252ad6604d0 GCTaskThread "GC Thread#5" [stack: 0x000000a9c0a00000,0x000000a9c0b00000] [id=1612]
  0x00000252ad98f030 GCTaskThread "GC Thread#6" [stack: 0x000000a9c0b00000,0x000000a9c0c00000] [id=6632]
  0x00000252ad98f6f0 GCTaskThread "GC Thread#7" [stack: 0x000000a9c0c00000,0x000000a9c0d00000] [id=11988]
  0x0000025235f8cc60 ConcurrentGCThread "G1 Main Marker" [stack: 0x000000a9bf100000,0x000000a9bf200000] [id=6420]
  0x0000025235f8d580 ConcurrentGCThread "G1 Conc#0" [stack: 0x000000a9bf200000,0x000000a9bf300000] [id=11368]
  0x00000252add8fd00 ConcurrentGCThread "G1 Conc#1" [stack: 0x000000a9c1800000,0x000000a9c1900000] [id=4712]
  0x000002526671c7e0 ConcurrentGCThread "G1 Refine#0" [stack: 0x000000a9bf300000,0x000000a9bf400000] [id=21944]
  0x00000252a8d021c0 ConcurrentGCThread "G1 Refine#1" [stack: 0x000000a9c0d00000,0x000000a9c0e00000] [id=20816]
  0x00000252a8cdfb10 ConcurrentGCThread "G1 Refine#2" [stack: 0x000000a9c0e00000,0x000000a9c0f00000] [id=3656]
  0x00000252b0205060 ConcurrentGCThread "G1 Refine#3" [stack: 0x000000a9c1a00000,0x000000a9c1b00000] [id=19872]
  0x0000025266724fd0 ConcurrentGCThread "G1 Service" [stack: 0x000000a9bf400000,0x000000a9bf500000] [id=23200]

Threads with active compile tasks:
C2 CompilerThread0  23115197 12161       4       com.fasterxml.jackson.databind.introspect.AnnotatedClassResolver::_addSuperTypes (103 bytes)
C1 CompilerThread0  23115197 12165       3       org.springframework.http.converter.json.Jackson2ObjectMapperBuilder::configure (528 bytes)

VM state: synchronizing (normal execution)

VM Mutex/Monitor currently owned by a thread:  ([mutex/lock_event])
[0x0000025235ed52d0] Metaspace_lock - owner thread: 0x00000252a8092b50
[0x0000025235ed56c0] Threads_lock - owner thread: 0x00000252668258e0
[0x0000025235ed6dd0] MethodData_lock - owner thread: 0x00000252a8092b50

Heap address: 0x0000000583000000, size: 10192 MB, Compressed Oops mode: Zero based, Oop shift amount: 3

CDS archive(s) mapped at: [0x0000025267000000-0x0000025267bd0000-0x0000025267bd0000), size 12386304, SharedBaseAddress: 0x0000025267000000, ArchiveRelocationMode: 1.
Compressed class space mapped at: 0x0000025268000000-0x00000252a8000000, reserved size: 1073741824
Narrow klass base: 0x0000025267000000, Narrow klass shift: 0, Narrow klass range: 0x100000000

GC Precious Log:
 CPUs: 8 total, 8 available
 Memory: 40743M
 Large Page Support: Disabled
 NUMA Support: Disabled
 Compressed Oops: Enabled (Zero based)
 Heap Region Size: 8M
 Heap Min Capacity: 8M
 Heap Initial Capacity: 640M
 Heap Max Capacity: 10192M
 Pre-touch: Disabled
 Parallel Workers: 8
 Concurrent Workers: 2
 Concurrent Refinement Workers: 8
 Periodic GC: Disabled

Heap:
 garbage-first heap   total 114688K, used 48325K [0x0000000583000000, 0x0000000800000000)
  region size 8192K, 4 young (32768K), 1 survivors (8192K)
 Metaspace       used 60483K, committed 61056K, reserved 1114112K
  class space    used 7774K, committed 8128K, reserved 1048576K

Heap Regions: E=young(eden), S=young(survivor), O=old, HS=humongous(starts), HC=humongous(continues), CS=collection set, F=free, OA=open archive, CA=closed archive, TAMS=top-at-mark-start (previous, next)
|   0|0x0000000583000000, 0x0000000583800000, 0x0000000583800000|100%| O|  |TAMS 0x0000000583800000, 0x0000000583000000| Untracked 
|   1|0x0000000583800000, 0x0000000584000000, 0x0000000584000000|100%| O|  |TAMS 0x0000000584000000, 0x0000000583800000| Untracked 
|   2|0x0000000584000000, 0x0000000584800000, 0x0000000584800000|100%| O|  |TAMS 0x0000000584800000, 0x0000000584000000| Untracked 
|   3|0x0000000584800000, 0x0000000584800000, 0x0000000585000000|  0%| F|  |TAMS 0x0000000584800000, 0x0000000584800000| Untracked 
|   4|0x0000000585000000, 0x0000000585700a00, 0x0000000585800000| 87%| O|  |TAMS 0x00000005856f3000, 0x0000000585000000| Untracked 
|   5|0x0000000585800000, 0x0000000585800000, 0x0000000586000000|  0%| F|  |TAMS 0x0000000585800000, 0x0000000585800000| Untracked 
|   6|0x0000000586000000, 0x0000000586000000, 0x0000000586800000|  0%| F|  |TAMS 0x0000000586000000, 0x0000000586000000| Untracked 
|   7|0x0000000586800000, 0x0000000586830c88, 0x0000000587000000|  2%| S|CS|TAMS 0x0000000586800000, 0x0000000586800000| Complete 
|   8|0x0000000587000000, 0x0000000587000000, 0x0000000587800000|  0%| F|  |TAMS 0x0000000587000000, 0x0000000587000000| Untracked 
|   9|0x0000000587800000, 0x0000000587800000, 0x0000000588000000|  0%| F|  |TAMS 0x0000000587800000, 0x0000000587800000| Untracked 
|  10|0x0000000588000000, 0x0000000588000000, 0x0000000588800000|  0%| F|  |TAMS 0x0000000588000000, 0x0000000588000000| Untracked 
|  11|0x0000000588800000, 0x0000000588dcaf68, 0x0000000589000000| 72%| E|  |TAMS 0x0000000588800000, 0x0000000588800000| Complete 
|  77|0x00000005a9800000, 0x00000005aa000000, 0x00000005aa000000|100%| E|CS|TAMS 0x00000005a9800000, 0x00000005a9800000| Complete 
|  79|0x00000005aa800000, 0x00000005ab000000, 0x00000005ab000000|100%| E|CS|TAMS 0x00000005aa800000, 0x00000005aa800000| Complete 

Card table byte_map: [0x000002524ded0000,0x000002524f2c0000] _byte_map_base: 0x000002524b2b8000

Marking Bits (Prev, Next): (CMBitMap*) 0x0000025235f823f0, (CMBitMap*) 0x0000025235f82430
 Prev Bits: [0x00000252506b0000, 0x000002525a5f0000)
 Next Bits: [0x000002525a5f0000, 0x0000025264530000)

Polling page: 0x0000025234210000

Metaspace:

Usage:
  Non-class:     51.47 MB used.
      Class:      7.59 MB used.
       Both:     59.07 MB used.

Virtual space:
  Non-class space:       64.00 MB reserved,      51.69 MB ( 81%) committed,  1 nodes.
      Class space:        1.00 GB reserved,       7.94 MB ( <1%) committed,  1 nodes.
             Both:        1.06 GB reserved,      59.62 MB (  5%) committed. 

Chunk freelists:
   Non-Class:  12.13 MB
       Class:  8.09 MB
        Both:  20.22 MB

MaxMetaspaceSize: unlimited
CompressedClassSpaceSize: 1.00 GB
Initial GC threshold: 21.00 MB
Current GC threshold: 99.38 MB
CDS: on
MetaspaceReclaimPolicy: balanced
 - commit_granule_bytes: 65536.
 - commit_granule_words: 8192.
 - virtual_space_node_default_size: 8388608.
 - enlarge_chunks_in_place: 1.
 - new_chunks_are_fully_committed: 0.
 - uncommit_free_chunks: 1.
 - use_allocation_guard: 0.
 - handle_deallocations: 1.


Internal statistics:

num_allocs_failed_limit: 9.
num_arena_births: 936.
num_arena_deaths: 308.
num_vsnodes_births: 2.
num_vsnodes_deaths: 0.
num_space_committed: 954.
num_space_uncommitted: 0.
num_chunks_returned_to_freelist: 387.
num_chunks_taken_from_freelist: 3261.
num_chunk_merges: 125.
num_chunk_splits: 2111.
num_chunks_enlarged: 1506.
num_inconsistent_stats: 0.

CodeHeap 'non-profiled nmethods': size=120000Kb used=8074Kb max_used=8199Kb free=111925Kb
 bounds [0x0000025245280000, 0x0000025245a90000, 0x000002524c7b0000]
CodeHeap 'profiled nmethods': size=120000Kb used=20805Kb max_used=23226Kb free=99194Kb
 bounds [0x000002523d7b0000, 0x000002523ee60000, 0x0000025244ce0000]
CodeHeap 'non-nmethods': size=5760Kb used=1325Kb max_used=1383Kb free=4434Kb
 bounds [0x0000025244ce0000, 0x0000025244f50000, 0x0000025245280000]
 total_blobs=10690 nmethods=10048 adapters=554
 compilation: enabled
              stopped_count=0, restarted_count=0
 full_count=0

Compilation events (20 events):
Event: 23082.751 Thread 0x00000252a8092b50 12154       3       java.net.ProxySelector::getDefault (19 bytes)
Event: 23082.752 Thread 0x00000252a8092b50 nmethod 12154 0x000002523d92d210 code [0x000002523d92d3e0, 0x000002523d92d728]
Event: 23082.778 Thread 0x00000252a808c220 12155       4       org.springframework.util.MultiValueMapAdapter$$Lambda$137/0x00000252680fb560::apply (5 bytes)
Event: 23082.781 Thread 0x00000252a808c220 nmethod 12155 0x0000025245466110 code [0x00000252454662a0, 0x0000025245466498]
Event: 23082.781 Thread 0x00000252a808c220 12156       4       org.springframework.web.util.UriComponentsBuilder$CompositePathComponentBuilder::addPathSegments (64 bytes)
Event: 23082.815 Thread 0x00000252a808c220 nmethod 12156 0x000002524555e910 code [0x000002524555eb00, 0x000002524555fad8]
Event: 23082.815 Thread 0x00000252a808c220 12157       4       java.lang.Class::copyFields (36 bytes)
Event: 23082.825 Thread 0x00000252a808c220 nmethod 12157 0x00000252456dd990 code [0x00000252456ddb20, 0x00000252456de058]
Event: 23082.825 Thread 0x00000252a808c220 12158       4       com.fasterxml.jackson.databind.introspect.POJOPropertiesCollector::_addInjectables (108 bytes)
Event: 23083.355 Thread 0x00000252a808c220 nmethod 12158 0x0000025245a81d90 code [0x0000025245a824a0, 0x0000025245a8a438]
Event: 23088.844 Thread 0x00000252a808c220 12159       4       java.io.File::listFiles (52 bytes)
Event: 23088.857 Thread 0x00000252a808c220 nmethod 12159 0x0000025245320290 code [0x0000025245320460, 0x0000025245320ba8]
Event: 23112.953 Thread 0x00000252a8092b50 12160   !   3       sun.security.provider.HashDrbg::hashDf (167 bytes)
Event: 23112.954 Thread 0x00000252a8092b50 nmethod 12160 0x000002523e5f3c90 code [0x000002523e5f3f80, 0x000002523e5f5978]
Event: 23112.956 Thread 0x00000252a808c220 12161       4       com.fasterxml.jackson.databind.introspect.AnnotatedClassResolver::_addSuperTypes (103 bytes)
Event: 23112.956 Thread 0x00000252a8092b50 12162       3       com.fasterxml.jackson.databind.introspect.BasicBeanDescription::forDeserialization (9 bytes)
Event: 23112.957 Thread 0x00000252a8092b50 nmethod 12162 0x000002523d7c7790 code [0x000002523d7c7980, 0x000002523d7c7e88]
Event: 23113.048 Thread 0x00000252a8092b50 12163       3       com.fasterxml.jackson.core.util.JacksonFeatureSet::<init> (10 bytes)
Event: 23113.049 Thread 0x00000252a8092b50 nmethod 12163 0x000002523d828d90 code [0x000002523d828f20, 0x000002523d829098]
Event: 23113.049 Thread 0x00000252a8092b50 12165       3       org.springframework.http.converter.json.Jackson2ObjectMapperBuilder::configure (528 bytes)

GC Heap History (20 events):
Event: 9202.584 GC heap before
{Heap before GC invocations=22 (full 0):
 garbage-first heap   total 114688K, used 81513K [0x0000000583000000, 0x0000000800000000)
  region size 8192K, 7 young (57344K), 1 survivors (8192K)
 Metaspace       used 60145K, committed 60736K, reserved 1114112K
  class space    used 7835K, committed 8128K, reserved 1048576K
}
Event: 9202.598 GC heap after
{Heap after GC invocations=23 (full 0):
 garbage-first heap   total 114688K, used 32270K [0x0000000583000000, 0x0000000800000000)
  region size 8192K, 1 young (8192K), 1 survivors (8192K)
 Metaspace       used 60145K, committed 60736K, reserved 1114112K
  class space    used 7835K, committed 8128K, reserved 1048576K
}
Event: 10755.994 GC heap before
{Heap before GC invocations=23 (full 0):
 garbage-first heap   total 114688K, used 81422K [0x0000000583000000, 0x0000000800000000)
  region size 8192K, 7 young (57344K), 1 survivors (8192K)
 Metaspace       used 60239K, committed 60864K, reserved 1114112K
  class space    used 7836K, committed 8128K, reserved 1048576K
}
Event: 10756.019 GC heap after
{Heap after GC invocations=24 (full 0):
 garbage-first heap   total 114688K, used 32371K [0x0000000583000000, 0x0000000800000000)
  region size 8192K, 1 young (8192K), 1 survivors (8192K)
 Metaspace       used 60239K, committed 60864K, reserved 1114112K
  class space    used 7836K, committed 8128K, reserved 1048576K
}
Event: 12337.080 GC heap before
{Heap before GC invocations=25 (full 0):
 garbage-first heap   total 114688K, used 81523K [0x0000000583000000, 0x0000000800000000)
  region size 8192K, 7 young (57344K), 1 survivors (8192K)
 Metaspace       used 59955K, committed 60928K, reserved 1114112K
  class space    used 7757K, committed 8128K, reserved 1048576K
}
Event: 12337.087 GC heap after
{Heap after GC invocations=26 (full 0):
 garbage-first heap   total 114688K, used 32311K [0x0000000583000000, 0x0000000800000000)
  region size 8192K, 1 young (8192K), 1 survivors (8192K)
 Metaspace       used 59955K, committed 60928K, reserved 1114112K
  class space    used 7757K, committed 8128K, reserved 1048576K
}
Event: 13951.574 GC heap before
{Heap before GC invocations=26 (full 0):
 garbage-first heap   total 114688K, used 81463K [0x0000000583000000, 0x0000000800000000)
  region size 8192K, 7 young (57344K), 1 survivors (8192K)
 Metaspace       used 60012K, committed 60928K, reserved 1114112K
  class space    used 7757K, committed 8128K, reserved 1048576K
}
Event: 13951.584 GC heap after
{Heap after GC invocations=27 (full 0):
 garbage-first heap   total 114688K, used 32405K [0x0000000583000000, 0x0000000800000000)
  region size 8192K, 1 young (8192K), 1 survivors (8192K)
 Metaspace       used 60012K, committed 60928K, reserved 1114112K
  class space    used 7757K, committed 8128K, reserved 1048576K
}
Event: 15529.983 GC heap before
{Heap before GC invocations=28 (full 0):
 garbage-first heap   total 114688K, used 81557K [0x0000000583000000, 0x0000000800000000)
  region size 8192K, 7 young (57344K), 1 survivors (8192K)
 Metaspace       used 60113K, committed 60928K, reserved 1114112K
  class space    used 7757K, committed 8128K, reserved 1048576K
}
Event: 15529.989 GC heap after
{Heap after GC invocations=29 (full 0):
 garbage-first heap   total 114688K, used 32359K [0x0000000583000000, 0x0000000800000000)
  region size 8192K, 1 young (8192K), 1 survivors (8192K)
 Metaspace       used 60113K, committed 60928K, reserved 1114112K
  class space    used 7757K, committed 8128K, reserved 1048576K
}
Event: 17161.290 GC heap before
{Heap before GC invocations=29 (full 0):
 garbage-first heap   total 114688K, used 81511K [0x0000000583000000, 0x0000000800000000)
  region size 8192K, 7 young (57344K), 1 survivors (8192K)
 Metaspace       used 60140K, committed 60928K, reserved 1114112K
  class space    used 7757K, committed 8128K, reserved 1048576K
}
Event: 17161.321 GC heap after
{Heap after GC invocations=30 (full 0):
 garbage-first heap   total 114688K, used 32376K [0x0000000583000000, 0x0000000800000000)
  region size 8192K, 1 young (8192K), 1 survivors (8192K)
 Metaspace       used 60140K, committed 60928K, reserved 1114112K
  class space    used 7757K, committed 8128K, reserved 1048576K
}
Event: 18770.988 GC heap before
{Heap before GC invocations=31 (full 0):
 garbage-first heap   total 114688K, used 81528K [0x0000000583000000, 0x0000000800000000)
  region size 8192K, 7 young (57344K), 1 survivors (8192K)
 Metaspace       used 60156K, committed 60928K, reserved 1114112K
  class space    used 7757K, committed 8128K, reserved 1048576K
}
Event: 18770.996 GC heap after
{Heap after GC invocations=32 (full 0):
 garbage-first heap   total 114688K, used 32345K [0x0000000583000000, 0x0000000800000000)
  region size 8192K, 1 young (8192K), 1 survivors (8192K)
 Metaspace       used 60156K, committed 60928K, reserved 1114112K
  class space    used 7757K, committed 8128K, reserved 1048576K
}
Event: 20363.835 GC heap before
{Heap before GC invocations=32 (full 0):
 garbage-first heap   total 114688K, used 81497K [0x0000000583000000, 0x0000000800000000)
  region size 8192K, 7 young (57344K), 1 survivors (8192K)
 Metaspace       used 60191K, committed 60928K, reserved 1114112K
  class space    used 7757K, committed 8128K, reserved 1048576K
}
Event: 20363.870 GC heap after
{Heap after GC invocations=33 (full 0):
 garbage-first heap   total 114688K, used 32414K [0x0000000583000000, 0x0000000800000000)
  region size 8192K, 1 young (8192K), 1 survivors (8192K)
 Metaspace       used 60191K, committed 60928K, reserved 1114112K
  class space    used 7757K, committed 8128K, reserved 1048576K
}
Event: 21967.912 GC heap before
{Heap before GC invocations=34 (full 0):
 garbage-first heap   total 114688K, used 81566K [0x0000000583000000, 0x0000000800000000)
  region size 8192K, 7 young (57344K), 1 survivors (8192K)
 Metaspace       used 60211K, committed 60928K, reserved 1114112K
  class space    used 7757K, committed 8128K, reserved 1048576K
}
Event: 21967.922 GC heap after
{Heap after GC invocations=35 (full 0):
 garbage-first heap   total 114688K, used 32326K [0x0000000583000000, 0x0000000800000000)
  region size 8192K, 1 young (8192K), 1 survivors (8192K)
 Metaspace       used 60211K, committed 60928K, reserved 1114112K
  class space    used 7757K, committed 8128K, reserved 1048576K
}
Event: 22862.963 GC heap before
{Heap before GC invocations=35 (full 0):
 garbage-first heap   total 114688K, used 81478K [0x0000000583000000, 0x0000000800000000)
  region size 8192K, 7 young (57344K), 1 survivors (8192K)
 Metaspace       used 60453K, committed 61056K, reserved 1114112K
  class space    used 7774K, committed 8128K, reserved 1048576K
}
Event: 22863.008 GC heap after
{Heap after GC invocations=36 (full 0):
 garbage-first heap   total 114688K, used 31941K [0x0000000583000000, 0x0000000800000000)
  region size 8192K, 1 young (8192K), 1 survivors (8192K)
 Metaspace       used 60453K, committed 61056K, reserved 1114112K
  class space    used 7774K, committed 8128K, reserved 1048576K
}

Deoptimization events (20 events):
Event: 22937.793 Thread 0x00000252ae02c5e0 Uncommon trap: trap_request=0xffffff45 fr.pc=0x0000025245610a94 relative=0x0000000000001454
Event: 22937.793 Thread 0x00000252ae02c5e0 Uncommon trap: reason=unstable_if action=reinterpret pc=0x0000025245610a94 method=org.springframework.boot.devtools.filewatch.FileSystemWatcher$Watcher.isDifferent(Ljava/util/Map;Ljava/util/Map;)Z @ 95 c2
Event: 22937.793 Thread 0x00000252ae02c5e0 DEOPT PACKING pc=0x0000025245610a94 sp=0x000000a9c1bff0c0
Event: 22937.793 Thread 0x00000252ae02c5e0 DEOPT UNPACKING pc=0x0000025244d35ba3 sp=0x000000a9c1bff0a8 mode 2
Event: 22937.793 Thread 0x00000252ae02c5e0 Uncommon trap: trap_request=0xffffff45 fr.pc=0x0000025245848918 relative=0x00000000000000d8
Event: 22937.793 Thread 0x00000252ae02c5e0 Uncommon trap: reason=unstable_if action=reinterpret pc=0x0000025245848918 method=org.springframework.boot.devtools.filewatch.FileSystemWatcher$Watcher.scan()V @ 37 c2
Event: 22937.793 Thread 0x00000252ae02c5e0 DEOPT PACKING pc=0x0000025245848918 sp=0x000000a9c1bff170
Event: 22937.793 Thread 0x00000252ae02c5e0 DEOPT UNPACKING pc=0x0000025244d35ba3 sp=0x000000a9c1bff100 mode 2
Event: 22938.206 Thread 0x00000252ae02c5e0 Uncommon trap: trap_request=0xffffff45 fr.pc=0x000002524540ed08 relative=0x0000000000000168
Event: 22938.206 Thread 0x00000252ae02c5e0 Uncommon trap: reason=unstable_if action=reinterpret pc=0x000002524540ed08 method=java.util.AbstractSet.equals(Ljava/lang/Object;)Z @ 31 c2
Event: 22938.206 Thread 0x00000252ae02c5e0 DEOPT PACKING pc=0x000002524540ed08 sp=0x000000a9c1bfeec0
Event: 22938.206 Thread 0x00000252ae02c5e0 DEOPT UNPACKING pc=0x0000025244d35ba3 sp=0x000000a9c1bfee58 mode 2
Event: 23022.235 Thread 0x00000252ae0317b0 Uncommon trap: trap_request=0xfffffff4 fr.pc=0x00000252453bc3f0 relative=0x0000000000000070
Event: 23022.235 Thread 0x00000252ae0317b0 Uncommon trap: reason=null_check action=make_not_entrant pc=0x00000252453bc3f0 method=com.fasterxml.jackson.databind.JavaType.isAbstract()Z @ 4 c2
Event: 23022.235 Thread 0x00000252ae0317b0 DEOPT PACKING pc=0x00000252453bc3f0 sp=0x000000a9c1ffd2f0
Event: 23022.235 Thread 0x00000252ae0317b0 DEOPT UNPACKING pc=0x0000025244d35ba3 sp=0x000000a9c1ffd278 mode 2
Event: 23052.540 Thread 0x00000252ae02f600 Uncommon trap: trap_request=0xffffff6e fr.pc=0x0000025245403934 relative=0x0000000000000654
Event: 23052.540 Thread 0x00000252ae02f600 Uncommon trap: reason=loop_limit_check action=maybe_recompile pc=0x0000025245403934 method=com.fasterxml.jackson.databind.introspect.AnnotatedCreatorCollector.collect(Lcom/fasterxml/jackson/databind/type/TypeFactory;Lcom/fasterxml/jackson/databind/JavaTyp
Event: 23052.540 Thread 0x00000252ae02f600 DEOPT PACKING pc=0x0000025245403934 sp=0x000000a9c20fc210
Event: 23052.540 Thread 0x00000252ae02f600 DEOPT UNPACKING pc=0x0000025244d35ba3 sp=0x000000a9c20fc0d8 mode 2

Classes unloaded (20 events):
Event: 10756.172 Thread 0x00000252668258e0 Unloading class 0x00000252680c1800 'java/lang/invoke/LambdaForm$MH+0x00000252680c1800'
Event: 10756.172 Thread 0x00000252668258e0 Unloading class 0x00000252680c0800 'jdk/internal/reflect/GeneratedSerializationConstructorAccessor3'
Event: 10756.172 Thread 0x00000252668258e0 Unloading class 0x00000252680c0400 'jdk/internal/reflect/GeneratedSerializationConstructorAccessor2'
Event: 10756.172 Thread 0x00000252668258e0 Unloading class 0x00000252680c0000 'jdk/internal/reflect/GeneratedSerializationConstructorAccessor1'
Event: 10756.172 Thread 0x00000252668258e0 Unloading class 0x0000025268008800 'java/lang/invoke/LambdaForm$DMH+0x0000025268008800'
Event: 10756.172 Thread 0x00000252668258e0 Unloading class 0x0000025268008000 'java/lang/invoke/LambdaForm$DMH+0x0000025268008000'
Event: 10756.172 Thread 0x00000252668258e0 Unloading class 0x0000025268007400 'jdk/internal/reflect/GeneratedConstructorAccessor1'
Event: 10756.172 Thread 0x00000252668258e0 Unloading class 0x0000025268006800 'java/lang/invoke/LambdaForm$MH+0x0000025268006800'
Event: 10756.173 Thread 0x00000252668258e0 Unloading class 0x0000025268006400 'java/lang/invoke/LambdaForm$MH+0x0000025268006400'
Event: 10756.173 Thread 0x00000252668258e0 Unloading class 0x0000025268006000 'java/lang/invoke/LambdaForm$MH+0x0000025268006000'
Event: 10756.173 Thread 0x00000252668258e0 Unloading class 0x0000025268005c00 'java/lang/invoke/LambdaForm$MH+0x0000025268005c00'
Event: 10756.173 Thread 0x00000252668258e0 Unloading class 0x0000025268005800 'java/lang/invoke/LambdaForm$MH+0x0000025268005800'
Event: 10756.173 Thread 0x00000252668258e0 Unloading class 0x0000025268005400 'java/lang/invoke/LambdaForm$MH+0x0000025268005400'
Event: 10756.173 Thread 0x00000252668258e0 Unloading class 0x0000025268004400 'java/lang/invoke/LambdaForm$MH+0x0000025268004400'
Event: 10756.173 Thread 0x00000252668258e0 Unloading class 0x0000025268004000 'java/lang/invoke/LambdaForm$MH+0x0000025268004000'
Event: 10756.173 Thread 0x00000252668258e0 Unloading class 0x0000025268003800 'java/lang/invoke/LambdaForm$MH+0x0000025268003800'
Event: 10756.173 Thread 0x00000252668258e0 Unloading class 0x0000025268002c00 'java/lang/invoke/LambdaForm$MH+0x0000025268002c00'
Event: 10756.173 Thread 0x00000252668258e0 Unloading class 0x0000025268002400 'java/lang/invoke/LambdaForm$MH+0x0000025268002400'
Event: 10756.173 Thread 0x00000252668258e0 Unloading class 0x0000025268001c00 'java/lang/invoke/LambdaForm$MH+0x0000025268001c00'
Event: 10756.173 Thread 0x00000252668258e0 Unloading class 0x0000025268001400 'java/lang/invoke/LambdaForm$MH+0x0000025268001400'

Classes redefined (0 events):
No events

Internal exceptions (20 events):
Event: 23052.677 Thread 0x00000252ae0317b0 Exception <a 'java/net/ConnectException'{0x0000000588887120}: Connection refused: no further information> (0x0000000588887120) 
thrown [s\open\src\hotspot\share\prims\jni.cpp, line 535]
Event: 23052.677 Thread 0x00000252ae0317b0 Exception <a 'java/net/SocketException'{0x0000000588887700}: Socket is not connected: shutdown> (0x0000000588887700) 
thrown [s\open\src\hotspot\share\prims\jni.cpp, line 535]
Event: 23052.739 Thread 0x00000252ae0317b0 Exception <a 'java/net/ConnectException'{0x0000000588888b08}: Connection refused: no further information> (0x0000000588888b08) 
thrown [s\open\src\hotspot\share\prims\jni.cpp, line 535]
Event: 23052.739 Thread 0x00000252ae0317b0 Exception <a 'java/net/SocketException'{0x00000005888890e8}: Socket is not connected: shutdown> (0x00000005888890e8) 
thrown [s\open\src\hotspot\share\prims\jni.cpp, line 535]
Event: 23082.835 Thread 0x00000252ae02f600 Exception <a 'java/net/ConnectException'{0x0000000588a37b98}: Connection refused: no further information> (0x0000000588a37b98) 
thrown [s\open\src\hotspot\share\prims\jni.cpp, line 535]
Event: 23082.836 Thread 0x00000252ae02f600 Exception <a 'java/net/SocketException'{0x0000000588a38178}: Socket is not connected: shutdown> (0x0000000588a38178) 
thrown [s\open\src\hotspot\share\prims\jni.cpp, line 535]
Event: 23082.921 Thread 0x00000252ae02f600 Exception <a 'java/net/ConnectException'{0x0000000588ad4138}: Connection refused: no further information> (0x0000000588ad4138) 
thrown [s\open\src\hotspot\share\prims\jni.cpp, line 535]
Event: 23082.922 Thread 0x00000252ae02f600 Exception <a 'java/net/SocketException'{0x0000000588ad4718}: Socket is not connected: shutdown> (0x0000000588ad4718) 
thrown [s\open\src\hotspot\share\prims\jni.cpp, line 535]
Event: 23082.935 Thread 0x00000252ae0317b0 Exception <a 'java/net/ConnectException'{0x0000000588acebf8}: Connection refused: no further information> (0x0000000588acebf8) 
thrown [s\open\src\hotspot\share\prims\jni.cpp, line 535]
Event: 23082.935 Thread 0x00000252ae0317b0 Exception <a 'java/net/SocketException'{0x0000000588acf1d8}: Socket is not connected: shutdown> (0x0000000588acf1d8) 
thrown [s\open\src\hotspot\share\prims\jni.cpp, line 535]
Event: 23083.008 Thread 0x00000252ae0317b0 Exception <a 'java/net/ConnectException'{0x0000000588ad05e0}: Connection refused: no further information> (0x0000000588ad05e0) 
thrown [s\open\src\hotspot\share\prims\jni.cpp, line 535]
Event: 23083.009 Thread 0x00000252ae0317b0 Exception <a 'java/net/SocketException'{0x0000000588ad0bc0}: Socket is not connected: shutdown> (0x0000000588ad0bc0) 
thrown [s\open\src\hotspot\share\prims\jni.cpp, line 535]
Event: 23112.960 Thread 0x00000252ae02f600 Exception <a 'java/net/ConnectException'{0x0000000588c89648}: Connection refused: no further information> (0x0000000588c89648) 
thrown [s\open\src\hotspot\share\prims\jni.cpp, line 535]
Event: 23112.960 Thread 0x00000252ae02f600 Exception <a 'java/net/SocketException'{0x0000000588c89c28}: Socket is not connected: shutdown> (0x0000000588c89c28) 
thrown [s\open\src\hotspot\share\prims\jni.cpp, line 535]
Event: 23112.960 Thread 0x00000252ae02f600 Exception <a 'java/net/ConnectException'{0x0000000588c8b030}: Connection refused: no further information> (0x0000000588c8b030) 
thrown [s\open\src\hotspot\share\prims\jni.cpp, line 535]
Event: 23112.960 Thread 0x00000252ae02f600 Exception <a 'java/net/SocketException'{0x0000000588c8b610}: Socket is not connected: shutdown> (0x0000000588c8b610) 
thrown [s\open\src\hotspot\share\prims\jni.cpp, line 535]
Event: 23113.086 Thread 0x00000252ae0317b0 Exception <a 'java/net/ConnectException'{0x0000000588d8c010}: Connection refused: no further information> (0x0000000588d8c010) 
thrown [s\open\src\hotspot\share\prims\jni.cpp, line 535]
Event: 23113.086 Thread 0x00000252ae0317b0 Exception <a 'java/net/SocketException'{0x0000000588d8c5f0}: Socket is not connected: shutdown> (0x0000000588d8c5f0) 
thrown [s\open\src\hotspot\share\prims\jni.cpp, line 535]
Event: 23113.112 Thread 0x00000252ae0317b0 Exception <a 'java/net/ConnectException'{0x0000000588d8d9f8}: Connection refused: no further information> (0x0000000588d8d9f8) 
thrown [s\open\src\hotspot\share\prims\jni.cpp, line 535]
Event: 23113.112 Thread 0x00000252ae0317b0 Exception <a 'java/net/SocketException'{0x0000000588d8dfd8}: Socket is not connected: shutdown> (0x0000000588d8dfd8) 
thrown [s\open\src\hotspot\share\prims\jni.cpp, line 535]

VM Operations (20 events):
Event: 22962.621 Executing VM operation: Cleanup done
Event: 22971.681 Executing VM operation: Cleanup
Event: 22971.681 Executing VM operation: Cleanup done
Event: 22992.811 Executing VM operation: Cleanup
Event: 22992.811 Executing VM operation: Cleanup done
Event: 23005.913 Executing VM operation: Cleanup
Event: 23005.913 Executing VM operation: Cleanup done
Event: 23023.063 Executing VM operation: Cleanup
Event: 23023.063 Executing VM operation: Cleanup done
Event: 23034.377 Executing VM operation: HandshakeAllThreads
Event: 23034.377 Executing VM operation: HandshakeAllThreads done
Event: 23052.541 Executing VM operation: Cleanup
Event: 23052.542 Executing VM operation: Cleanup done
Event: 23053.553 Executing VM operation: Cleanup
Event: 23053.553 Executing VM operation: Cleanup done
Event: 23082.853 Executing VM operation: Cleanup
Event: 23082.853 Executing VM operation: Cleanup done
Event: 23094.573 Executing VM operation: HandshakeAllThreads
Event: 23094.573 Executing VM operation: HandshakeAllThreads done
Event: 23113.743 Executing VM operation: Cleanup

Events (20 events):
Event: 22937.615 Thread 0x00000252a8096470 flushing nmethod 0x000002523e7a9890
Event: 22937.615 Thread 0x00000252a8096470 flushing nmethod 0x000002523e7b6510
Event: 22937.615 Thread 0x00000252a8096470 flushing nmethod 0x000002523e7b7e10
Event: 22937.615 Thread 0x00000252a8096470 flushing nmethod 0x000002523e81f810
Event: 22937.615 Thread 0x00000252a8096470 flushing nmethod 0x000002523e81fc10
Event: 22937.615 Thread 0x00000252a8096470 flushing nmethod 0x000002523e834490
Event: 22937.615 Thread 0x00000252a8096470 flushing nmethod 0x000002523e872b90
Event: 22937.615 Thread 0x00000252a8096470 flushing nmethod 0x000002523e873690
Event: 22937.615 Thread 0x00000252a8096470 flushing nmethod 0x000002523e8a6990
Event: 22937.615 Thread 0x00000252a8096470 flushing nmethod 0x000002523e917f10
Event: 22937.616 Thread 0x00000252a8096470 flushing nmethod 0x000002523e9bb710
Event: 22937.616 Thread 0x00000252a8096470 flushing nmethod 0x000002523ea23f10
Event: 22937.616 Thread 0x00000252a8096470 flushing nmethod 0x000002523ea82c10
Event: 22937.617 Thread 0x00000252a8096470 flushing nmethod 0x000002523ec1fc10
Event: 22937.617 Thread 0x00000252a8096470 flushing nmethod 0x000002523ec25710
Event: 22937.618 Thread 0x00000252a8096470 flushing nmethod 0x000002523ec93190
Event: 22937.618 Thread 0x00000252a8096470 flushing nmethod 0x000002523ecde990
Event: 22937.619 Thread 0x00000252a8096470 flushing nmethod 0x000002523edd7e10
Event: 22937.619 Thread 0x00000252a8096470 flushing nmethod 0x000002523ede6310
Event: 22937.619 Thread 0x00000252a8096470 flushing nmethod 0x000002523ee2e890


Dynamic libraries:
0x00007ff685820000 - 0x00007ff685830000 	C:\Program Files\Java\jdk-17\bin\java.exe
0x00007ffe19d40000 - 0x00007ffe19fa9000 	C:\Windows\SYSTEM32\ntdll.dll
0x00007ffe18cf0000 - 0x00007ffe18db9000 	C:\Windows\System32\KERNEL32.DLL
0x00007ffe17380000 - 0x00007ffe17773000 	C:\Windows\System32\KERNELBASE.dll
0x00007ffe17230000 - 0x00007ffe1737b000 	C:\Windows\System32\ucrtbase.dll
0x00007ffdff870000 - 0x00007ffdff889000 	C:\Program Files\Java\jdk-17\bin\jli.dll
0x00007ffdfe200000 - 0x00007ffdfe21b000 	C:\Program Files\Java\jdk-17\bin\VCRUNTIME140.dll
0x00007ffe19380000 - 0x00007ffe19434000 	C:\Windows\System32\ADVAPI32.dll
0x00007ffe199d0000 - 0x00007ffe19a79000 	C:\Windows\System32\msvcrt.dll
0x00007ffe18260000 - 0x00007ffe18306000 	C:\Windows\System32\sechost.dll
0x00007ffe19be0000 - 0x00007ffe19cf8000 	C:\Windows\System32\RPCRT4.dll
0x00007ffe17b90000 - 0x00007ffe17d54000 	C:\Windows\System32\USER32.dll
0x00007ffe17a30000 - 0x00007ffe17a57000 	C:\Windows\System32\win32u.dll
0x00007ffe19800000 - 0x00007ffe1982b000 	C:\Windows\System32\GDI32.dll
0x00007ffe17780000 - 0x00007ffe178ad000 	C:\Windows\System32\gdi32full.dll
0x00007ffe17a60000 - 0x00007ffe17b03000 	C:\Windows\System32\msvcp_win.dll
0x00007ffdf8670000 - 0x00007ffdf8903000 	C:\Windows\WinSxS\amd64_microsoft.windows.common-controls_6595b64144ccf1df_6.0.26100.5074_none_3e0d6f78e32fd63f\COMCTL32.dll
0x00007ffe08e90000 - 0x00007ffe08e9b000 	C:\Windows\SYSTEM32\VERSION.dll
0x00007ffe19550000 - 0x00007ffe1957f000 	C:\Windows\System32\IMM32.DLL
0x00007ffe00cd0000 - 0x00007ffe00cdc000 	C:\Program Files\Java\jdk-17\bin\vcruntime140_1.dll
0x00007ffdc8360000 - 0x00007ffdc83ee000 	C:\Program Files\Java\jdk-17\bin\msvcp140.dll
0x00007ffd642a0000 - 0x00007ffd64e81000 	C:\Program Files\Java\jdk-17\bin\server\jvm.dll
0x00007ffe18ce0000 - 0x00007ffe18ce8000 	C:\Windows\System32\PSAPI.DLL
0x00007ffe07600000 - 0x00007ffe0760a000 	C:\Windows\SYSTEM32\WSOCK32.dll
0x00007ffe00210000 - 0x00007ffe00245000 	C:\Windows\SYSTEM32\WINMM.dll
0x00007ffe19140000 - 0x00007ffe191b4000 	C:\Windows\System32\WS2_32.dll
0x00007ffe15c70000 - 0x00007ffe15c8b000 	C:\Windows\SYSTEM32\kernel.appcore.dll
0x00007ffdfeb00000 - 0x00007ffdfeb0a000 	C:\Program Files\Java\jdk-17\bin\jimage.dll
0x00007ffe14610000 - 0x00007ffe14852000 	C:\Windows\SYSTEM32\DBGHELP.DLL
0x00007ffe18dc0000 - 0x00007ffe1913b000 	C:\Windows\System32\combase.dll
0x00007ffe19690000 - 0x00007ffe19767000 	C:\Windows\System32\OLEAUT32.dll
0x00007ffddcbc0000 - 0x00007ffddcbfd000 	C:\Windows\SYSTEM32\dbgcore.DLL
0x00007ffe17040000 - 0x00007ffe170d9000 	C:\Windows\System32\bcryptPrimitives.dll
0x00007ffdeda90000 - 0x00007ffdedab5000 	C:\Program Files\Java\jdk-17\bin\java.dll
0x00007ffdad910000 - 0x00007ffdad9e7000 	C:\Program Files\Java\jdk-17\bin\jsvml.dll
0x00007ffe18310000 - 0x00007ffe18a5d000 	C:\Windows\System32\SHELL32.dll
0x00007ffe16ed0000 - 0x00007ffe1703c000 	C:\Windows\System32\wintypes.dll
0x00007ffe14af0000 - 0x00007ffe15349000 	C:\Windows\SYSTEM32\windows.storage.dll
0x00007ffe19450000 - 0x00007ffe19540000 	C:\Windows\System32\SHCORE.dll
0x00007ffe19310000 - 0x00007ffe19372000 	C:\Windows\System32\shlwapi.dll
0x00007ffe16df0000 - 0x00007ffe16e19000 	C:\Windows\SYSTEM32\profapi.dll
0x00007ffde2430000 - 0x00007ffde2449000 	C:\Program Files\Java\jdk-17\bin\net.dll
0x00007ffe093b0000 - 0x00007ffe094cf000 	C:\Windows\SYSTEM32\WINHTTP.dll
0x00007ffe161d0000 - 0x00007ffe1623b000 	C:\Windows\system32\mswsock.dll
0x00007ffde2410000 - 0x00007ffde2426000 	C:\Program Files\Java\jdk-17\bin\nio.dll
0x00007ffde23f0000 - 0x00007ffde2408000 	C:\Program Files\Java\jdk-17\bin\zip.dll
0x00007ffe00f60000 - 0x00007ffe00f6a000 	C:\Program Files\Java\jdk-17\bin\management.dll
0x00007ffdfe1f0000 - 0x00007ffdfe1fb000 	C:\Program Files\Java\jdk-17\bin\management_ext.dll
0x00007ffde2b10000 - 0x00007ffde2b28000 	C:\Windows\system32\napinsp.dll
0x00007ffde2af0000 - 0x00007ffde2b06000 	C:\Windows\system32\wshbth.dll
0x00007ffde2ac0000 - 0x00007ffde2ae8000 	C:\Windows\system32\nlansp_c.dll
0x00007ffe15700000 - 0x00007ffe15826000 	C:\Windows\SYSTEM32\DNSAPI.dll
0x00007ffe15670000 - 0x00007ffe156a4000 	C:\Windows\SYSTEM32\IPHLPAPI.DLL
0x00007ffe19440000 - 0x00007ffe1944a000 	C:\Windows\System32\NSI.dll
0x00007ffde2aa0000 - 0x00007ffde2ab2000 	C:\Windows\System32\winrnr.dll
0x00007ffe0e690000 - 0x00007ffe0e69b000 	C:\Windows\System32\rasadhlp.dll
0x00007ffe113d0000 - 0x00007ffe11456000 	C:\Windows\System32\fwpuclnt.dll
0x00007ffe165a0000 - 0x00007ffe165bb000 	C:\Windows\SYSTEM32\CRYPTSP.dll
0x00007ffe15bd0000 - 0x00007ffe15c0b000 	C:\Windows\system32\rsaenh.dll
0x00007ffe16270000 - 0x00007ffe1629b000 	C:\Windows\SYSTEM32\USERENV.dll
0x00007ffe16dc0000 - 0x00007ffe16de6000 	C:\Windows\SYSTEM32\bcrypt.dll
0x00007ffe16400000 - 0x00007ffe1640c000 	C:\Windows\SYSTEM32\CRYPTBASE.dll
0x00007ffe10ee0000 - 0x00007ffe10efe000 	C:\Windows\SYSTEM32\dhcpcsvc6.DLL
0x00007ffe10a70000 - 0x00007ffe10a93000 	C:\Windows\SYSTEM32\dhcpcsvc.DLL
0x00007ffded7e0000 - 0x00007ffded7f0000 	C:\Program Files\Java\jdk-17\bin\verify.dll
0x00007ffdfd8d0000 - 0x00007ffdfd8de000 	C:\Program Files\Java\jdk-17\bin\sunmscapi.dll
0x00007ffe178b0000 - 0x00007ffe17a27000 	C:\Windows\System32\CRYPT32.dll
0x00007ffe166f0000 - 0x00007ffe16720000 	C:\Windows\SYSTEM32\ncrypt.dll
0x00007ffe166a0000 - 0x00007ffe166df000 	C:\Windows\SYSTEM32\NTASN1.dll
0x00007ffd60650000 - 0x00007ffd60658000 	C:\Windows\system32\wshunix.dll

dbghelp: loaded successfully - version: 4.0.5 - missing functions: none
symbol engine: initialized successfully - sym options: 0x614 - pdb path: .;C:\Program Files\Java\jdk-17\bin;C:\Windows\SYSTEM32;C:\Windows\WinSxS\amd64_microsoft.windows.common-controls_6595b64144ccf1df_6.0.26100.5074_none_3e0d6f78e32fd63f;C:\Program Files\Java\jdk-17\bin\server

VM Arguments:
jvm_args: -XX:+ShowCodeDetailsInExceptionMessages -Dspring.jmx.enabled=true -Dmanagement.endpoints.jmx.exposure.include=* -Dspring.application.admin.enabled=true -Dspring.boot.project.name=com.manamer.sellout.infraestructure.apigateway-apigateway -Djava.rmi.server.hostname=localhost -Dcom.sun.management.jmxremote.port=45557 -Dcom.sun.management.jmxremote.authenticate=false -Dcom.sun.management.jmxremote.ssl=false 
java_command: com.manamer.sellout.infraestructure.apigateway.ApigatewayApplication
java_class_path (initial): C:\Users\Fernanda Jama\OneDrive - Manamer\Documentos\PROYECTOS 2025-2026\sellout1\backend\infraestructure\apigateway\target\classes;C:\Users\Fernanda Jama\.m2\repository\org\springframework\cloud\spring-cloud-starter-gateway\4.1.2\spring-cloud-starter-gateway-4.1.2.jar;C:\Users\Fernanda Jama\.m2\repository\org\springframework\cloud\spring-cloud-starter\4.1.2\spring-cloud-starter-4.1.2.jar;C:\Users\Fernanda Jama\.m2\repository\org\springframework\cloud\spring-cloud-context\4.1.2\spring-cloud-context-4.1.2.jar;C:\Users\Fernanda Jama\.m2\repository\org\springframework\security\spring-security-crypto\6.3.1\spring-security-crypto-6.3.1.jar;C:\Users\Fernanda Jama\.m2\repository\org\springframework\cloud\spring-cloud-commons\4.1.2\spring-cloud-commons-4.1.2.jar;C:\Users\Fernanda Jama\.m2\repository\org\springframework\security\spring-security-rsa\1.1.2\spring-security-rsa-1.1.2.jar;C:\Users\Fernanda Jama\.m2\repository\org\bouncycastle\bcprov-jdk18on\1.77\bcprov-jdk18on-1.77.jar;C:\Users\Fernanda Jama\.m2\repository\org\springframework\cloud\spring-cloud-gateway-server\4.1.2\spring-cloud-gateway-server-4.1.2.jar;C:\Users\Fernanda Jama\.m2\repository\org\springframework\boot\spring-boot-starter-validation\3.2.4\spring-boot-starter-validation-3.2.4.jar;C:\Users\Fernanda Jama\.m2\repository\org\apache\tomcat\embed\tomcat-embed-el\10.1.19\tomcat-embed-el-10.1.19.jar;C:\Users\Fernanda Jama\.m2\repository\org\hibernate\validator\hibernate-validator\8.0.1.Final\hibernate-validator-8.0.1.Final.jar;C:\Users\Fernanda Jama\.m2\repository\jakarta\validation\jakarta.validation-api\3.0.2\jakarta.validation-api-3.0.2.jar;C:\Users\Fernanda Jama\.m2\repository\org\jboss\logging\jboss-logging\3.5.3.Final\jboss-logging-3.5.3.Final.jar;C:\Users\Fernanda Jama\.m2\repository\com\fasterxml\classmate\1.6.0\classmate-1.6.0.jar;C:\Users\Fernanda Jama\.m2\repository\io\projectreactor\addons\reactor-extra\3.5.1\reactor-extra-3.5.1.jar;C:\Users\Fernanda Jama\.m2\repository
Launcher Type: SUN_STANDARD

[Global flags]
     intx CICompilerCount                          = 4                                         {product} {ergonomic}
     uint ConcGCThreads                            = 2                                         {product} {ergonomic}
     uint G1ConcRefinementThreads                  = 8                                         {product} {ergonomic}
   size_t G1HeapRegionSize                         = 8388608                                   {product} {ergonomic}
    uintx GCDrainStackTargetSize                   = 64                                        {product} {ergonomic}
   size_t InitialHeapSize                          = 671088640                                 {product} {ergonomic}
     bool ManagementServer                         = true                                      {product} {command line}
   size_t MarkStackSize                            = 4194304                                   {product} {ergonomic}
   size_t MaxHeapSize                              = 10687086592                               {product} {ergonomic}
   size_t MaxNewSize                               = 6408896512                                {product} {ergonomic}
   size_t MinHeapDeltaBytes                        = 8388608                                   {product} {ergonomic}
   size_t MinHeapSize                              = 8388608                                   {product} {ergonomic}
    uintx NonNMethodCodeHeapSize                   = 5839372                                {pd product} {ergonomic}
    uintx NonProfiledCodeHeapSize                  = 122909434                              {pd product} {ergonomic}
    uintx ProfiledCodeHeapSize                     = 122909434                              {pd product} {ergonomic}
    uintx ReservedCodeCacheSize                    = 251658240                              {pd product} {ergonomic}
     bool SegmentedCodeCache                       = true                                      {product} {ergonomic}
     bool ShowCodeDetailsInExceptionMessages       = true                                   {manageable} {command line}
   size_t SoftMaxHeapSize                          = 10687086592                            {manageable} {ergonomic}
     bool UseCompressedClassPointers               = true                           {product lp64_product} {ergonomic}
     bool UseCompressedOops                        = true                           {product lp64_product} {ergonomic}
     bool UseG1GC                                  = true                                      {product} {ergonomic}
     bool UseLargePagesIndividualAllocation        = false                                  {pd product} {ergonomic}

Logging:
Log output configuration:
 #0: stdout all=warning uptime,level,tags
 #1: stderr all=off uptime,level,tags

Environment Variables:
JAVA_HOME=C:\\Program Files\\Java\\jdk-17
CLASSPATH=C:\Program Files\SAP\SAP Business One DI API\JCO\LIB\sbowrapper.jar;C:\Program Files\SAP\SAP Business One DI API\JCO\LIB\sboapi.jar
PATH=C:\\Program Files\\Java\\jdk-17\\bin;C:\\Users\\Fernanda Jama\\.trae\\tools\\maven\\latest\\bin;C:\\Users\\Fernanda Jama\\.trae\\tools\\gradle\\latest\\bin;C:\Program Files\Java\jdk-17\bin;C:\Users\Fernanda Jama\.trae\tools\maven\latest\bin;C:\Users\Fernanda Jama\.trae\tools\gradle\latest\bin;C:\Python313\Scripts\;C:\Python313\;C:\Program Files\Microsoft MPI\Bin\;C:\Program Files\Common Files\Oracle\Java\javapath;C:\Windows\system32;C:\Windows;C:\Windows\System32\Wbem;C:\Windows\System32\WindowsPowerShell\v1.0\;C:\Windows\System32\OpenSSH\;C:\Program Files\Microsoft SQL Server\Client SDK\ODBC\170\Tools\Binn\;C:\Program Files (x86)\Microsoft SQL Server\150\Tools\Binn\;C:\Program Files\Microsoft SQL Server\150\Tools\Binn\;C:\Program Files\Microsoft SQL Server\150\DTS\Binn\;C:\Program Files (x86)\Microsoft SQL Server\160\DTS\Binn\;C:\Program Files\nodejs\;C:\ProgramData\chocolatey\bin;C:\Program Files\SAP\SAP Business One DI API\JCO\LIB\;C:\Program Files\SAP\SAP Business One DI API\DI API 90;C:\Program Files\SAP\SAP Business One\;C:\Program Files\apache-maven-3.8.8-bin\apache-maven-3.8.8\bin;C:\Program Files\Git\cmd;C:\Users\Fernanda Jama\AppData\Local\Microsoft\WindowsApps;C:\Users\Fernanda Jama\AppData\Local\GitHubDesktop\bin;C:\Users\Fernanda Jama\AppData\Local\Programs\Microsoft VS Code\bin;C:\Users\Fernanda Jama\AppData\Roaming\npm
USERNAME=Fernanda Jama
LANG=en_US.UTF-8
OS=Windows_NT
PROCESSOR_IDENTIFIER=Intel64 Family 6 Model 140 Stepping 1, GenuineIntel



---------------  S Y S T E M  ---------------

OS:
 Windows 11 , 64 bit Build 26100 (10.0.26100.5074)
OS uptime: 0 days 6:53 hours
Hyper-V role detected

CPU: total 8 (initial active 8) (4 cores per cpu, 2 threads per core) family 6 model 140 stepping 1 microcode 0xb8, cx8, cmov, fxsr, ht, mmx, 3dnowpref, sse, sse2, sse3, ssse3, sse4.1, sse4.2, popcnt, lzcnt, tsc, tscinvbit, avx, avx2, aes, erms, clmul, bmi1, bmi2, adx, avx512f, avx512dq, avx512cd, avx512bw, avx512vl, sha, fma, vzeroupper, avx512_vpopcntdq, avx512_vpclmulqdq, avx512_vaes, avx512_vnni, clflush, clflushopt, clwb, avx512_vbmi2, avx512_vbmi, hv

Memory: 4k page, system-wide physical 40743M (370M free)
TotalPageFile size 101623M (AvailPageFile size 209M)
current process WorkingSet (physical memory assigned to process): 226M, peak: 320M
current process commit charge ("private bytes"): 393M, peak: 825M

vm_info: Java HotSpot(TM) 64-Bit Server VM (17.0.15+9-LTS-241) for windows-amd64 JRE (17.0.15+9-LTS-241), built on Feb 20 2025 10:49:54 by "mach5one" with MS VC++ 17.6 (VS2022)

END.
