#
# There is insufficient memory for the Java Runtime Environment to continue.
# Native memory allocation (malloc) failed to allocate 2003424 bytes. Error detail: Chunk::new
# Possible reasons:
#   The system is out of physical RAM or swap space
#   This process is running with CompressedOops enabled, and the Java Heap may be blocking the growth of the native heap
# Possible solutions:
#   Reduce memory load on the system
#   Increase physical memory or swap space
#   Check if swap backing store is full
#   Decrease Java heap size (-Xmx/-Xms)
#   Decrease number of Java threads
#   Decrease Java thread stack sizes (-Xss)
#   Set larger code cache with -XX:ReservedCodeCacheSize=
#   JVM is running with Unscaled Compressed Oops mode in which the Java heap is
#     placed in the first 4GB address space. The Java Heap base address is the
#     maximum limit for the native heap growth. Please use -XX:HeapBaseMinAddress
#     to set the Java Heap base and to place the Java Heap above 4GB virtual address.
# This output file may be truncated or incomplete.
#
#  Out of Memory Error (arena.cpp:168), pid=14068, tid=152
#
# JRE version: OpenJDK Runtime Environment Temurin-21.0.6+7 (21.0.6+7) (build 21.0.6+7-LTS)
# Java VM: OpenJDK 64-Bit Server VM Temurin-21.0.6+7 (21.0.6+7-LTS, mixed mode, sharing, tiered, compressed oops, compressed class ptrs, parallel gc, windows-amd64)
# No core dump will be written. Minidumps are not enabled by default on client versions of Windows
#

---------------  S U M M A R Y ------------

Command Line: --add-modules=ALL-SYSTEM --add-opens=java.base/java.util=ALL-UNNAMED --add-opens=java.base/java.lang=ALL-UNNAMED --add-opens=java.base/sun.nio.fs=ALL-UNNAMED -Declipse.application=org.eclipse.jdt.ls.core.id1 -Dosgi.bundles.defaultStartLevel=4 -Declipse.product=org.eclipse.jdt.ls.core.product -Djava.import.generatesMetadataFilesAtProjectRoot=false -DDetectVMInstallationsJob.disabled=true -Dfile.encoding=utf8 -XX:+UseParallelGC -XX:GCTimeRatio=4 -XX:AdaptiveSizePolicyWeight=90 -Dsun.zip.disableMemoryMapping=true -Xmx1G -Xms100m -Xlog:disable -javaagent:c:\Users\Fernanda Jama\.trae\extensions\redhat.java-1.41.1-win32-x64\lombok\lombok-1.18.36.jar c:\Users\Fernanda Jama\.trae\extensions\redhat.java-1.41.1-win32-x64\server\plugins\org.eclipse.equinox.launcher_1.7.0.v20250331-1702.jar -configuration c:\Users\Fernanda Jama\AppData\Roaming\Trae\User\globalStorage\redhat.java\1.41.1\config_ss_win -data c:\Users\Fernanda Jama\AppData\Roaming\Trae\User\workspaceStorage\a00897090b1644674c20564f0dd57254\redhat.java\ss_ws --pipe=\\.\pipe\lsp-7e07449713b94d5b9c699c8bb7a9b55e-sock

Host: 11th Gen Intel(R) Core(TM) i7-1165G7 @ 2.80GHz, 8 cores, 31G,  Windows 11 , 64 bit Build 26100 (10.0.26100.3912)
Time: Mon May  5 15:28:19 2025 Hora est. Pacífico, Sudamérica elapsed time: 4.789431 seconds (0d 0h 0m 4s)

---------------  T H R E A D  ---------------

Current thread (0x00000144e5942050):  JavaThread "C2 CompilerThread0" daemon [_thread_in_native, id=152, stack(0x00000039ebe00000,0x00000039ebf00000) (1024K)]


Current CompileTask:
C2:4789 2783       4       org.lombokweb.asm.ClassReader::readMethod (1070 bytes)

Stack: [0x00000039ebe00000,0x00000039ebf00000]
Native frames: (J=compiled Java code, j=interpreted, Vv=VM code, C=native code)
V  [jvm.dll+0x6cdee9]
V  [jvm.dll+0x8a83d1]
V  [jvm.dll+0x8aa8fe]
V  [jvm.dll+0x8aafe3]
V  [jvm.dll+0x27f706]
V  [jvm.dll+0xc500d]
V  [jvm.dll+0xc5543]
V  [jvm.dll+0x3b678c]
V  [jvm.dll+0x1dfe13]
V  [jvm.dll+0x247b42]
V  [jvm.dll+0x246fcf]
V  [jvm.dll+0x1c75ee]
V  [jvm.dll+0x25685a]
V  [jvm.dll+0x254dfa]
V  [jvm.dll+0x3f0256]
V  [jvm.dll+0x851f8b]
V  [jvm.dll+0x6cc5ed]
C  [ucrtbase.dll+0x37b0]
C  [KERNEL32.DLL+0x2e8d7]
C  [ntdll.dll+0x9c5dc]


---------------  P R O C E S S  ---------------

Threads class SMR info:
_java_thread_list=0x00000144e7db8b00, length=23, elements={
0x00000144d1583550, 0x00000144e5931930, 0x00000144e5936d20, 0x00000144e593a300,
0x00000144e593cd60, 0x00000144e593d7b0, 0x00000144e593f210, 0x00000144e5942050,
0x00000144e7338020, 0x00000144e738a980, 0x00000144e7600f60, 0x00000144e7d4cc30,
0x00000144ec1cd910, 0x00000144ec1ce2f0, 0x00000144ec1c4150, 0x00000144ec25d320,
0x00000144ec374b90, 0x00000144ec33d5d0, 0x00000144ec9b1f50, 0x00000144ec4d6230,
0x00000144ed057460, 0x00000144ecb30150, 0x00000144ec4d4e80
}

Java Threads: ( => current thread )
  0x00000144d1583550 JavaThread "main"                              [_thread_blocked, id=11708, stack(0x00000039eb400000,0x00000039eb500000) (1024K)]
  0x00000144e5931930 JavaThread "Reference Handler"          daemon [_thread_blocked, id=11412, stack(0x00000039eb800000,0x00000039eb900000) (1024K)]
  0x00000144e5936d20 JavaThread "Finalizer"                  daemon [_thread_blocked, id=19512, stack(0x00000039eb900000,0x00000039eba00000) (1024K)]
  0x00000144e593a300 JavaThread "Signal Dispatcher"          daemon [_thread_blocked, id=17332, stack(0x00000039eba00000,0x00000039ebb00000) (1024K)]
  0x00000144e593cd60 JavaThread "Attach Listener"            daemon [_thread_blocked, id=18192, stack(0x00000039ebb00000,0x00000039ebc00000) (1024K)]
  0x00000144e593d7b0 JavaThread "Service Thread"             daemon [_thread_blocked, id=21604, stack(0x00000039ebc00000,0x00000039ebd00000) (1024K)]
  0x00000144e593f210 JavaThread "Monitor Deflation Thread"   daemon [_thread_blocked, id=12060, stack(0x00000039ebd00000,0x00000039ebe00000) (1024K)]
=>0x00000144e5942050 JavaThread "C2 CompilerThread0"         daemon [_thread_in_native, id=152, stack(0x00000039ebe00000,0x00000039ebf00000) (1024K)]
  0x00000144e7338020 JavaThread "C1 CompilerThread0"         daemon [_thread_in_native, id=9176, stack(0x00000039ebf00000,0x00000039ec000000) (1024K)]
  0x00000144e738a980 JavaThread "Common-Cleaner"             daemon [_thread_blocked, id=4364, stack(0x00000039ec000000,0x00000039ec100000) (1024K)]
  0x00000144e7600f60 JavaThread "Notification Thread"        daemon [_thread_blocked, id=9844, stack(0x00000039ec200000,0x00000039ec300000) (1024K)]
  0x00000144e7d4cc30 JavaThread "Active Thread: Equinox Container: 5604b17e-1888-46a4-9b94-7379ff016c02"        [_thread_blocked, id=19708, stack(0x00000039eca00000,0x00000039ecb00000) (1024K)]
  0x00000144ec1cd910 JavaThread "Framework Event Dispatcher: Equinox Container: 5604b17e-1888-46a4-9b94-7379ff016c02" daemon [_thread_blocked, id=14360, stack(0x00000039ecb00000,0x00000039ecc00000) (1024K)]
  0x00000144ec1ce2f0 JavaThread "Start Level: Equinox Container: 5604b17e-1888-46a4-9b94-7379ff016c02" daemon [_thread_in_vm, id=18872, stack(0x00000039ecc00000,0x00000039ecd00000) (1024K)]
  0x00000144ec1c4150 JavaThread "SCR Component Actor"        daemon [_thread_blocked, id=21704, stack(0x00000039ecd00000,0x00000039ece00000) (1024K)]
  0x00000144ec25d320 JavaThread "SCR Component Registry"     daemon [_thread_blocked, id=6696, stack(0x00000039ec300000,0x00000039ec400000) (1024K)]
  0x00000144ec374b90 JavaThread "Worker-JM"                         [_thread_blocked, id=15596, stack(0x00000039ecf00000,0x00000039ed000000) (1024K)]
  0x00000144ec33d5d0 JavaThread "JNA Cleaner"                daemon [_thread_blocked, id=11324, stack(0x00000039ec100000,0x00000039ec200000) (1024K)]
  0x00000144ec9b1f50 JavaThread "Worker-0"                          [_thread_blocked, id=13700, stack(0x00000039ed000000,0x00000039ed100000) (1024K)]
  0x00000144ec4d6230 JavaThread "Worker-1"                          [_thread_blocked, id=20624, stack(0x00000039ed100000,0x00000039ed200000) (1024K)]
  0x00000144ed057460 JavaThread "C2 CompilerThread1"         daemon [_thread_in_native, id=19064, stack(0x00000039ed200000,0x00000039ed300000) (1024K)]
  0x00000144ecb30150 JavaThread "C2 CompilerThread2"         daemon [_thread_in_native, id=2504, stack(0x00000039ed300000,0x00000039ed400000) (1024K)]
  0x00000144ec4d4e80 JavaThread "Worker-2"                          [_thread_blocked, id=17484, stack(0x00000039ed400000,0x00000039ed500000) (1024K)]
Total: 23

Other Threads:
  0x00000144e5914d50 VMThread "VM Thread"                           [id=380, stack(0x00000039eb700000,0x00000039eb800000) (1024K)]
  0x00000144e584c950 WatcherThread "VM Periodic Task Thread"        [id=22232, stack(0x00000039eb600000,0x00000039eb700000) (1024K)]
  0x00000144d15a2d70 WorkerThread "GC Thread#0"                     [id=2416, stack(0x00000039eb500000,0x00000039eb600000) (1024K)]
  0x00000144e7abebd0 WorkerThread "GC Thread#1"                     [id=5528, stack(0x00000039ec400000,0x00000039ec500000) (1024K)]
  0x00000144e7ac3d60 WorkerThread "GC Thread#2"                     [id=18660, stack(0x00000039ec500000,0x00000039ec600000) (1024K)]
  0x00000144e7c7d9e0 WorkerThread "GC Thread#3"                     [id=7308, stack(0x00000039ec600000,0x00000039ec700000) (1024K)]
  0x00000144e7c7dd80 WorkerThread "GC Thread#4"                     [id=18120, stack(0x00000039ec700000,0x00000039ec800000) (1024K)]
  0x00000144e7c7e120 WorkerThread "GC Thread#5"                     [id=17556, stack(0x00000039ec800000,0x00000039ec900000) (1024K)]
  0x00000144e7c7e4c0 WorkerThread "GC Thread#6"                     [id=18980, stack(0x00000039ec900000,0x00000039eca00000) (1024K)]
  0x00000144e76ab5c0 WorkerThread "GC Thread#7"                     [id=7000, stack(0x00000039ece00000,0x00000039ecf00000) (1024K)]
Total: 10

Threads with active compile tasks:
C2 CompilerThread0  4822 2783       4       org.lombokweb.asm.ClassReader::readMethod (1070 bytes)
C2 CompilerThread1  4822 3076       4       jdk.internal.module.SystemModuleFinders$SystemModuleReader::find (59 bytes)
C2 CompilerThread2  4822 2913       4       java.lang.invoke.MethodType::makeImpl (109 bytes)
Total: 3

VM state: not at safepoint (normal execution)

VM Mutex/Monitor currently owned by a thread: None

Heap address: 0x00000000c0000000, size: 1024 MB, Compressed Oops mode: 32-bit

CDS archive(s) mapped at: [0x0000014480000000-0x0000014480ba0000-0x0000014480ba0000), size 12189696, SharedBaseAddress: 0x0000014480000000, ArchiveRelocationMode: 1.
Compressed class space mapped at: 0x0000014481000000-0x00000144c1000000, reserved size: 1073741824
Narrow klass base: 0x0000014480000000, Narrow klass shift: 0, Narrow klass range: 0x100000000

GC Precious Log:
 CardTable entry size: 512
 CPUs: 8 total, 8 available
 Memory: 32494M
 Large Page Support: Disabled
 NUMA Support: Disabled
 Compressed Oops: Enabled (32-bit)
 Alignments: Space 512K, Generation 512K, Heap 2M
 Heap Min Capacity: 100M
 Heap Initial Capacity: 100M
 Heap Max Capacity: 1G
 Pre-touch: Disabled
 Parallel Workers: 8

Heap:
 PSYoungGen      total 27648K, used 10608K [0x00000000eab00000, 0x00000000eca00000, 0x0000000100000000)
  eden space 24576K, 32% used [0x00000000eab00000,0x00000000eb2b62d0,0x00000000ec300000)
  from space 3072K, 88% used [0x00000000ec400000,0x00000000ec6a5e50,0x00000000ec700000)
  to   space 3072K, 0% used [0x00000000ec700000,0x00000000ec700000,0x00000000eca00000)
 ParOldGen       total 68608K, used 8856K [0x00000000c0000000, 0x00000000c4300000, 0x00000000eab00000)
  object space 68608K, 12% used [0x00000000c0000000,0x00000000c08a63d8,0x00000000c4300000)
 Metaspace       used 23891K, committed 24704K, reserved 1114112K
  class space    used 2207K, committed 2560K, reserved 1048576K

Card table byte_map: [0x00000144d0f20000,0x00000144d1130000] _byte_map_base: 0x00000144d0920000

Marking Bits: (ParMarkBitMap*) 0x00007ffca7ff3260
 Begin Bits: [0x00000144e3770000, 0x00000144e4770000)
 End Bits:   [0x00000144e4770000, 0x00000144e5770000)

Polling page: 0x00000144cf380000

Metaspace:

Usage:
  Non-class:     21.18 MB used.
      Class:      2.16 MB used.
       Both:     23.33 MB used.

Virtual space:
  Non-class space:       64.00 MB reserved,      21.62 MB ( 34%) committed,  1 nodes.
      Class space:        1.00 GB reserved,       2.50 MB ( <1%) committed,  1 nodes.
             Both:        1.06 GB reserved,      24.12 MB (  2%) committed. 

Chunk freelists:
   Non-Class:  10.17 MB
       Class:  13.42 MB
        Both:  23.59 MB

MaxMetaspaceSize: unlimited
CompressedClassSpaceSize: 1.00 GB
Initial GC threshold: 21.00 MB
Current GC threshold: 35.00 MB
CDS: on
 - commit_granule_bytes: 65536.
 - commit_granule_words: 8192.
 - virtual_space_node_default_size: 8388608.
 - enlarge_chunks_in_place: 1.
 - use_allocation_guard: 0.


Internal statistics:

num_allocs_failed_limit: 3.
num_arena_births: 518.
num_arena_deaths: 14.
num_vsnodes_births: 2.
num_vsnodes_deaths: 0.
num_space_committed: 386.
num_space_uncommitted: 0.
num_chunks_returned_to_freelist: 17.
num_chunks_taken_from_freelist: 1422.
num_chunk_merges: 9.
num_chunk_splits: 940.
num_chunks_enlarged: 604.
num_inconsistent_stats: 0.

CodeHeap 'non-profiled nmethods': size=120000Kb used=1315Kb max_used=1315Kb free=118684Kb
 bounds [0x00000144dc240000, 0x00000144dc4b0000, 0x00000144e3770000]
CodeHeap 'profiled nmethods': size=120000Kb used=6175Kb max_used=6175Kb free=113825Kb
 bounds [0x00000144d4770000, 0x00000144d4d80000, 0x00000144dbca0000]
CodeHeap 'non-nmethods': size=5760Kb used=1333Kb max_used=1351Kb free=4426Kb
 bounds [0x00000144dbca0000, 0x00000144dbf10000, 0x00000144dc240000]
 total_blobs=3692 nmethods=3082 adapters=516
 compilation: enabled
              stopped_count=0, restarted_count=0
 full_count=0

Compilation events (20 events):
Event: 4.544 Thread 0x00000144e7338020 3055       1       org.eclipse.core.internal.jobs.InternalJob::previous (5 bytes)
Event: 4.544 Thread 0x00000144e7338020 nmethod 3055 0x00000144dc381c10 code [0x00000144dc381da0, 0x00000144dc381e68]
Event: 4.544 Thread 0x00000144e7338020 3056       3       org.eclipse.core.internal.dtree.AbstractDataTreeNode::<init> (34 bytes)
Event: 4.545 Thread 0x00000144e7338020 nmethod 3056 0x00000144d4d65810 code [0x00000144d4d659c0, 0x00000144d4d65c28]
Event: 4.545 Thread 0x00000144e7338020 3057       1       java.util.concurrent.atomic.AtomicReference::set (6 bytes)
Event: 4.545 Thread 0x00000144e7338020 nmethod 3057 0x00000144dc381f10 code [0x00000144dc3820a0, 0x00000144dc382188]
Event: 4.560 Thread 0x00000144ed057460 nmethod 3050 0x00000144dc382210 code [0x00000144dc382460, 0x00000144dc383940]
Event: 4.561 Thread 0x00000144ed057460 3051       4       java.util.zip.ZipEntry::<init> (84 bytes)
Event: 4.562 Thread 0x00000144ed057460 nmethod 3051 0x00000144dc384610 code [0x00000144dc3847a0, 0x00000144dc3848d8]
Event: 4.562 Thread 0x00000144ed057460 3052       4       java.lang.String::newStringUTF8NoRepl (322 bytes)
Event: 4.566 Thread 0x00000144e7338020 3058       3       java.lang.Character$UnicodeBlock::<init> (17 bytes)
Event: 4.566 Thread 0x00000144e7338020 nmethod 3058 0x00000144d4d65d10 code [0x00000144d4d65f00, 0x00000144d4d66360]
Event: 4.566 Thread 0x00000144e7338020 3059       3       java.lang.Character$Subset::<init> (24 bytes)
Event: 4.566 Thread 0x00000144e7338020 nmethod 3059 0x00000144d4d66510 code [0x00000144d4d666c0, 0x00000144d4d66948]
Event: 4.570 Thread 0x00000144ed057460 nmethod 3052 0x00000144dc384a10 code [0x00000144dc384be0, 0x00000144dc385340]
Event: 4.570 Thread 0x00000144ed057460 3053       4       java.util.zip.ZipCoder$UTF8ZipCoder::toString (12 bytes)
Event: 4.579 Thread 0x00000144e7338020 3060   !   3       org.eclipse.osgi.internal.loader.classpath.ClasspathManager::findClassImpl (343 bytes)
Event: 4.579 Thread 0x00000144ed057460 nmethod 3053 0x00000144dc385710 code [0x00000144dc3858e0, 0x00000144dc386020]
Event: 4.579 Thread 0x00000144ed057460 3054       4       java.util.zip.ZipFile$ZipEntryIterator::hasMoreElements (5 bytes)
Event: 4.580 Thread 0x00000144ed057460 nmethod 3054 0x00000144dc386410 code [0x00000144dc3865a0, 0x00000144dc386640]

GC Heap History (16 events):
Event: 1.196 GC heap before
{Heap before GC invocations=1 (full 0):
 PSYoungGen      total 29696K, used 25593K [0x00000000eab00000, 0x00000000ecc00000, 0x0000000100000000)
  eden space 25600K, 99% used [0x00000000eab00000,0x00000000ec3fe7e8,0x00000000ec400000)
  from space 4096K, 0% used [0x00000000ec800000,0x00000000ec800000,0x00000000ecc00000)
  to   space 4096K, 0% used [0x00000000ec400000,0x00000000ec400000,0x00000000ec800000)
 ParOldGen       total 68608K, used 0K [0x00000000c0000000, 0x00000000c4300000, 0x00000000eab00000)
  object space 68608K, 0% used [0x00000000c0000000,0x00000000c0000000,0x00000000c4300000)
 Metaspace       used 4311K, committed 4544K, reserved 1114112K
  class space    used 433K, committed 512K, reserved 1048576K
}
Event: 1.204 GC heap after
{Heap after GC invocations=1 (full 0):
 PSYoungGen      total 29696K, used 3237K [0x00000000eab00000, 0x00000000ecc00000, 0x0000000100000000)
  eden space 25600K, 0% used [0x00000000eab00000,0x00000000eab00000,0x00000000ec400000)
  from space 4096K, 79% used [0x00000000ec400000,0x00000000ec7297f0,0x00000000ec800000)
  to   space 4096K, 0% used [0x00000000ec800000,0x00000000ec800000,0x00000000ecc00000)
 ParOldGen       total 68608K, used 8K [0x00000000c0000000, 0x00000000c4300000, 0x00000000eab00000)
  object space 68608K, 0% used [0x00000000c0000000,0x00000000c0002000,0x00000000c4300000)
 Metaspace       used 4311K, committed 4544K, reserved 1114112K
  class space    used 433K, committed 512K, reserved 1048576K
}
Event: 2.082 GC heap before
{Heap before GC invocations=2 (full 0):
 PSYoungGen      total 29696K, used 28837K [0x00000000eab00000, 0x00000000ecc00000, 0x0000000100000000)
  eden space 25600K, 100% used [0x00000000eab00000,0x00000000ec400000,0x00000000ec400000)
  from space 4096K, 79% used [0x00000000ec400000,0x00000000ec7297f0,0x00000000ec800000)
  to   space 4096K, 0% used [0x00000000ec800000,0x00000000ec800000,0x00000000ecc00000)
 ParOldGen       total 68608K, used 8K [0x00000000c0000000, 0x00000000c4300000, 0x00000000eab00000)
  object space 68608K, 0% used [0x00000000c0000000,0x00000000c0002000,0x00000000c4300000)
 Metaspace       used 8177K, committed 8512K, reserved 1114112K
  class space    used 811K, committed 960K, reserved 1048576K
}
Event: 2.088 GC heap after
{Heap after GC invocations=2 (full 0):
 PSYoungGen      total 29696K, used 4068K [0x00000000eab00000, 0x00000000ecc00000, 0x0000000100000000)
  eden space 25600K, 0% used [0x00000000eab00000,0x00000000eab00000,0x00000000ec400000)
  from space 4096K, 99% used [0x00000000ec800000,0x00000000ecbf9158,0x00000000ecc00000)
  to   space 4096K, 0% used [0x00000000ec400000,0x00000000ec400000,0x00000000ec800000)
 ParOldGen       total 68608K, used 893K [0x00000000c0000000, 0x00000000c4300000, 0x00000000eab00000)
  object space 68608K, 1% used [0x00000000c0000000,0x00000000c00df6a8,0x00000000c4300000)
 Metaspace       used 8177K, committed 8512K, reserved 1114112K
  class space    used 811K, committed 960K, reserved 1048576K
}
Event: 2.684 GC heap before
{Heap before GC invocations=3 (full 0):
 PSYoungGen      total 29696K, used 29668K [0x00000000eab00000, 0x00000000ecc00000, 0x0000000100000000)
  eden space 25600K, 100% used [0x00000000eab00000,0x00000000ec400000,0x00000000ec400000)
  from space 4096K, 99% used [0x00000000ec800000,0x00000000ecbf9158,0x00000000ecc00000)
  to   space 4096K, 0% used [0x00000000ec400000,0x00000000ec400000,0x00000000ec800000)
 ParOldGen       total 68608K, used 893K [0x00000000c0000000, 0x00000000c4300000, 0x00000000eab00000)
  object space 68608K, 1% used [0x00000000c0000000,0x00000000c00df6a8,0x00000000c4300000)
 Metaspace       used 12914K, committed 13440K, reserved 1114112K
  class space    used 1298K, committed 1536K, reserved 1048576K
}
Event: 2.688 GC heap after
{Heap after GC invocations=3 (full 0):
 PSYoungGen      total 29696K, used 4086K [0x00000000eab00000, 0x00000000ecc00000, 0x0000000100000000)
  eden space 25600K, 0% used [0x00000000eab00000,0x00000000eab00000,0x00000000ec400000)
  from space 4096K, 99% used [0x00000000ec400000,0x00000000ec7fdbb8,0x00000000ec800000)
  to   space 4096K, 0% used [0x00000000ec800000,0x00000000ec800000,0x00000000ecc00000)
 ParOldGen       total 68608K, used 2733K [0x00000000c0000000, 0x00000000c4300000, 0x00000000eab00000)
  object space 68608K, 3% used [0x00000000c0000000,0x00000000c02ab718,0x00000000c4300000)
 Metaspace       used 12914K, committed 13440K, reserved 1114112K
  class space    used 1298K, committed 1536K, reserved 1048576K
}
Event: 3.443 GC heap before
{Heap before GC invocations=4 (full 0):
 PSYoungGen      total 29696K, used 29686K [0x00000000eab00000, 0x00000000ecc00000, 0x0000000100000000)
  eden space 25600K, 100% used [0x00000000eab00000,0x00000000ec400000,0x00000000ec400000)
  from space 4096K, 99% used [0x00000000ec400000,0x00000000ec7fdbb8,0x00000000ec800000)
  to   space 4096K, 0% used [0x00000000ec800000,0x00000000ec800000,0x00000000ecc00000)
 ParOldGen       total 68608K, used 2733K [0x00000000c0000000, 0x00000000c4300000, 0x00000000eab00000)
  object space 68608K, 3% used [0x00000000c0000000,0x00000000c02ab718,0x00000000c4300000)
 Metaspace       used 16945K, committed 17600K, reserved 1114112K
  class space    used 1699K, committed 1984K, reserved 1048576K
}
Event: 3.448 GC heap after
{Heap after GC invocations=4 (full 0):
 PSYoungGen      total 29696K, used 4068K [0x00000000eab00000, 0x00000000ecc00000, 0x0000000100000000)
  eden space 25600K, 0% used [0x00000000eab00000,0x00000000eab00000,0x00000000ec400000)
  from space 4096K, 99% used [0x00000000ec800000,0x00000000ecbf90a8,0x00000000ecc00000)
  to   space 4096K, 0% used [0x00000000ec400000,0x00000000ec400000,0x00000000ec800000)
 ParOldGen       total 68608K, used 4844K [0x00000000c0000000, 0x00000000c4300000, 0x00000000eab00000)
  object space 68608K, 7% used [0x00000000c0000000,0x00000000c04bb1f0,0x00000000c4300000)
 Metaspace       used 16945K, committed 17600K, reserved 1114112K
  class space    used 1699K, committed 1984K, reserved 1048576K
}
Event: 3.815 GC heap before
{Heap before GC invocations=5 (full 0):
 PSYoungGen      total 29696K, used 29668K [0x00000000eab00000, 0x00000000ecc00000, 0x0000000100000000)
  eden space 25600K, 100% used [0x00000000eab00000,0x00000000ec400000,0x00000000ec400000)
  from space 4096K, 99% used [0x00000000ec800000,0x00000000ecbf90a8,0x00000000ecc00000)
  to   space 4096K, 0% used [0x00000000ec400000,0x00000000ec400000,0x00000000ec800000)
 ParOldGen       total 68608K, used 4844K [0x00000000c0000000, 0x00000000c4300000, 0x00000000eab00000)
  object space 68608K, 7% used [0x00000000c0000000,0x00000000c04bb1f0,0x00000000c4300000)
 Metaspace       used 20074K, committed 20736K, reserved 1114112K
  class space    used 1902K, committed 2176K, reserved 1048576K
}
Event: 3.819 GC heap after
{Heap after GC invocations=5 (full 0):
 PSYoungGen      total 29184K, used 4067K [0x00000000eab00000, 0x00000000ece80000, 0x0000000100000000)
  eden space 25088K, 0% used [0x00000000eab00000,0x00000000eab00000,0x00000000ec380000)
  from space 4096K, 99% used [0x00000000ec400000,0x00000000ec7f8d70,0x00000000ec800000)
  to   space 5632K, 0% used [0x00000000ec900000,0x00000000ec900000,0x00000000ece80000)
 ParOldGen       total 68608K, used 5400K [0x00000000c0000000, 0x00000000c4300000, 0x00000000eab00000)
  object space 68608K, 7% used [0x00000000c0000000,0x00000000c05460c8,0x00000000c4300000)
 Metaspace       used 20074K, committed 20736K, reserved 1114112K
  class space    used 1902K, committed 2176K, reserved 1048576K
}
Event: 3.871 GC heap before
{Heap before GC invocations=6 (full 0):
 PSYoungGen      total 29184K, used 10591K [0x00000000eab00000, 0x00000000ece80000, 0x0000000100000000)
  eden space 25088K, 26% used [0x00000000eab00000,0x00000000eb15f0a8,0x00000000ec380000)
  from space 4096K, 99% used [0x00000000ec400000,0x00000000ec7f8d70,0x00000000ec800000)
  to   space 5632K, 0% used [0x00000000ec900000,0x00000000ec900000,0x00000000ece80000)
 ParOldGen       total 68608K, used 5400K [0x00000000c0000000, 0x00000000c4300000, 0x00000000eab00000)
  object space 68608K, 7% used [0x00000000c0000000,0x00000000c05460c8,0x00000000c4300000)
 Metaspace       used 20902K, committed 21504K, reserved 1114112K
  class space    used 1970K, committed 2240K, reserved 1048576K
}
Event: 3.875 GC heap after
{Heap after GC invocations=6 (full 0):
 PSYoungGen      total 29184K, used 4058K [0x00000000eab00000, 0x00000000ecd00000, 0x0000000100000000)
  eden space 25088K, 0% used [0x00000000eab00000,0x00000000eab00000,0x00000000ec380000)
  from space 4096K, 99% used [0x00000000ec900000,0x00000000eccf6960,0x00000000ecd00000)
  to   space 4608K, 0% used [0x00000000ec400000,0x00000000ec400000,0x00000000ec880000)
 ParOldGen       total 68608K, used 5400K [0x00000000c0000000, 0x00000000c4300000, 0x00000000eab00000)
  object space 68608K, 7% used [0x00000000c0000000,0x00000000c05460c8,0x00000000c4300000)
 Metaspace       used 20902K, committed 21504K, reserved 1114112K
  class space    used 1970K, committed 2240K, reserved 1048576K
}
Event: 3.875 GC heap before
{Heap before GC invocations=7 (full 1):
 PSYoungGen      total 29184K, used 4058K [0x00000000eab00000, 0x00000000ecd00000, 0x0000000100000000)
  eden space 25088K, 0% used [0x00000000eab00000,0x00000000eab00000,0x00000000ec380000)
  from space 4096K, 99% used [0x00000000ec900000,0x00000000eccf6960,0x00000000ecd00000)
  to   space 4608K, 0% used [0x00000000ec400000,0x00000000ec400000,0x00000000ec880000)
 ParOldGen       total 68608K, used 5400K [0x00000000c0000000, 0x00000000c4300000, 0x00000000eab00000)
  object space 68608K, 7% used [0x00000000c0000000,0x00000000c05460c8,0x00000000c4300000)
 Metaspace       used 20902K, committed 21504K, reserved 1114112K
  class space    used 1970K, committed 2240K, reserved 1048576K
}
Event: 3.904 GC heap after
{Heap after GC invocations=7 (full 1):
 PSYoungGen      total 29184K, used 0K [0x00000000eab00000, 0x00000000ecd00000, 0x0000000100000000)
  eden space 25088K, 0% used [0x00000000eab00000,0x00000000eab00000,0x00000000ec380000)
  from space 4096K, 0% used [0x00000000ec900000,0x00000000ec900000,0x00000000ecd00000)
  to   space 4608K, 0% used [0x00000000ec400000,0x00000000ec400000,0x00000000ec880000)
 ParOldGen       total 68608K, used 8848K [0x00000000c0000000, 0x00000000c4300000, 0x00000000eab00000)
  object space 68608K, 12% used [0x00000000c0000000,0x00000000c08a43d8,0x00000000c4300000)
 Metaspace       used 20890K, committed 21504K, reserved 1114112K
  class space    used 1966K, committed 2240K, reserved 1048576K
}
Event: 4.387 GC heap before
{Heap before GC invocations=8 (full 1):
 PSYoungGen      total 29184K, used 25088K [0x00000000eab00000, 0x00000000ecd00000, 0x0000000100000000)
  eden space 25088K, 100% used [0x00000000eab00000,0x00000000ec380000,0x00000000ec380000)
  from space 4096K, 0% used [0x00000000ec900000,0x00000000ec900000,0x00000000ecd00000)
  to   space 4608K, 0% used [0x00000000ec400000,0x00000000ec400000,0x00000000ec880000)
 ParOldGen       total 68608K, used 8848K [0x00000000c0000000, 0x00000000c4300000, 0x00000000eab00000)
  object space 68608K, 12% used [0x00000000c0000000,0x00000000c08a43d8,0x00000000c4300000)
 Metaspace       used 22831K, committed 23552K, reserved 1114112K
  class space    used 2116K, committed 2432K, reserved 1048576K
}
Event: 4.389 GC heap after
{Heap after GC invocations=8 (full 1):
 PSYoungGen      total 27648K, used 2711K [0x00000000eab00000, 0x00000000eca00000, 0x0000000100000000)
  eden space 24576K, 0% used [0x00000000eab00000,0x00000000eab00000,0x00000000ec300000)
  from space 3072K, 88% used [0x00000000ec400000,0x00000000ec6a5e50,0x00000000ec700000)
  to   space 3072K, 0% used [0x00000000ec700000,0x00000000ec700000,0x00000000eca00000)
 ParOldGen       total 68608K, used 8856K [0x00000000c0000000, 0x00000000c4300000, 0x00000000eab00000)
  object space 68608K, 12% used [0x00000000c0000000,0x00000000c08a63d8,0x00000000c4300000)
 Metaspace       used 22831K, committed 23552K, reserved 1114112K
  class space    used 2116K, committed 2432K, reserved 1048576K
}

Dll operation events (10 events):
Event: 0.035 Loaded shared library c:\Users\Fernanda Jama\.trae\extensions\redhat.java-1.41.1-win32-x64\jre\21.0.6-win32-x86_64\bin\java.dll
Event: 0.324 Loaded shared library c:\Users\Fernanda Jama\.trae\extensions\redhat.java-1.41.1-win32-x64\jre\21.0.6-win32-x86_64\bin\zip.dll
Event: 0.350 Loaded shared library C:\Users\Fernanda Jama\.trae\extensions\redhat.java-1.41.1-win32-x64\jre\21.0.6-win32-x86_64\bin\instrument.dll
Event: 0.366 Loaded shared library C:\Users\Fernanda Jama\.trae\extensions\redhat.java-1.41.1-win32-x64\jre\21.0.6-win32-x86_64\bin\net.dll
Event: 0.372 Loaded shared library C:\Users\Fernanda Jama\.trae\extensions\redhat.java-1.41.1-win32-x64\jre\21.0.6-win32-x86_64\bin\nio.dll
Event: 0.376 Loaded shared library C:\Users\Fernanda Jama\.trae\extensions\redhat.java-1.41.1-win32-x64\jre\21.0.6-win32-x86_64\bin\zip.dll
Event: 0.503 Loaded shared library C:\Users\Fernanda Jama\.trae\extensions\redhat.java-1.41.1-win32-x64\jre\21.0.6-win32-x86_64\bin\jimage.dll
Event: 0.642 Loaded shared library c:\Users\Fernanda Jama\.trae\extensions\redhat.java-1.41.1-win32-x64\jre\21.0.6-win32-x86_64\bin\verify.dll
Event: 2.012 Loaded shared library C:\Users\Fernanda Jama\AppData\Roaming\Trae\User\globalStorage\redhat.java\1.41.1\config_ss_win\org.eclipse.equinox.launcher\org.eclipse.equinox.launcher.win32.win32.x86_64_1.2.1300.v20250331-1702\eclipse_11911.dll
Event: 3.200 Loaded shared library C:\Users\Fernanda Jama\AppData\Local\Temp\jna--1470441178\jna17911044524234767374.dll

Deoptimization events (20 events):
Event: 4.522 Thread 0x00000144ec1ce2f0 DEOPT PACKING pc=0x00000144d4d1e749 sp=0x00000039eccf8920
Event: 4.522 Thread 0x00000144ec1ce2f0 DEOPT UNPACKING pc=0x00000144dbcf78e2 sp=0x00000039eccf7d90 mode 0
Event: 4.522 Thread 0x00000144ec1ce2f0 DEOPT PACKING pc=0x00000144d4d1e749 sp=0x00000039eccf8920
Event: 4.522 Thread 0x00000144ec1ce2f0 DEOPT UNPACKING pc=0x00000144dbcf78e2 sp=0x00000039eccf7d90 mode 0
Event: 4.522 Thread 0x00000144ec1ce2f0 DEOPT PACKING pc=0x00000144d4d1e749 sp=0x00000039eccf8920
Event: 4.522 Thread 0x00000144ec1ce2f0 DEOPT UNPACKING pc=0x00000144dbcf78e2 sp=0x00000039eccf7d90 mode 0
Event: 4.522 Thread 0x00000144ec1ce2f0 DEOPT PACKING pc=0x00000144d4d1e749 sp=0x00000039eccf89a0
Event: 4.528 Thread 0x00000144ec1ce2f0 DEOPT UNPACKING pc=0x00000144dbcf78e2 sp=0x00000039eccf7e10 mode 0
Event: 4.529 Thread 0x00000144ec1ce2f0 DEOPT PACKING pc=0x00000144d4d1e749 sp=0x00000039eccf89a0
Event: 4.529 Thread 0x00000144ec1ce2f0 DEOPT UNPACKING pc=0x00000144dbcf78e2 sp=0x00000039eccf7e10 mode 0
Event: 4.529 Thread 0x00000144ec1ce2f0 DEOPT PACKING pc=0x00000144d4d1e749 sp=0x00000039eccf89a0
Event: 4.529 Thread 0x00000144ec1ce2f0 DEOPT UNPACKING pc=0x00000144dbcf78e2 sp=0x00000039eccf7e10 mode 0
Event: 4.529 Thread 0x00000144ec1ce2f0 DEOPT PACKING pc=0x00000144d4d1e749 sp=0x00000039eccf89a0
Event: 4.529 Thread 0x00000144ec1ce2f0 DEOPT UNPACKING pc=0x00000144dbcf78e2 sp=0x00000039eccf7e10 mode 0
Event: 4.530 Thread 0x00000144ec1ce2f0 DEOPT PACKING pc=0x00000144d4d1e749 sp=0x00000039eccf89a0
Event: 4.530 Thread 0x00000144ec1ce2f0 DEOPT UNPACKING pc=0x00000144dbcf78e2 sp=0x00000039eccf7e10 mode 0
Event: 4.530 Thread 0x00000144ec1ce2f0 DEOPT PACKING pc=0x00000144d4d1e749 sp=0x00000039eccf89a0
Event: 4.530 Thread 0x00000144ec1ce2f0 DEOPT UNPACKING pc=0x00000144dbcf78e2 sp=0x00000039eccf7e10 mode 0
Event: 4.530 Thread 0x00000144ec1ce2f0 DEOPT PACKING pc=0x00000144d4d1e749 sp=0x00000039eccf89a0
Event: 4.530 Thread 0x00000144ec1ce2f0 DEOPT UNPACKING pc=0x00000144dbcf78e2 sp=0x00000039eccf7e10 mode 0

Classes loaded (20 events):
Event: 4.486 Loading class sun/util/resources/TimeZoneNames_en
Event: 4.486 Loading class sun/util/resources/TimeZoneNames_en done
Event: 4.489 Loading class sun/nio/fs/WindowsPath$1
Event: 4.489 Loading class sun/nio/fs/WindowsPath$1 done
Event: 4.490 Loading class sun/nio/fs/WindowsChannelFactory$2
Event: 4.490 Loading class sun/nio/fs/WindowsChannelFactory$2 done
Event: 4.491 Loading class sun/nio/ch/ChannelOutputStream
Event: 4.491 Loading class sun/nio/ch/ChannelOutputStream done
Event: 4.492 Loading class sun/nio/fs/WindowsFileCopy
Event: 4.492 Loading class sun/nio/fs/WindowsFileCopy done
Event: 4.512 Loading class java/util/UUID$Holder
Event: 4.512 Loading class java/util/UUID$Holder done
Event: 4.548 Loading class java/util/DualPivotQuicksort
Event: 4.549 Loading class java/util/DualPivotQuicksort done
Event: 4.554 Loading class java/lang/Character$UnicodeBlock
Event: 4.555 Loading class java/lang/Character$Subset
Event: 4.555 Loading class java/lang/Character$Subset done
Event: 4.557 Loading class java/lang/Character$UnicodeBlock done
Event: 4.577 Loading class java/lang/StringIndexOutOfBoundsException
Event: 4.577 Loading class java/lang/StringIndexOutOfBoundsException done

Classes unloaded (7 events):
Event: 3.880 Thread 0x00000144e5914d50 Unloading class 0x0000014481183400 'java/lang/invoke/LambdaForm$MH+0x0000014481183400'
Event: 3.880 Thread 0x00000144e5914d50 Unloading class 0x0000014481183000 'java/lang/invoke/LambdaForm$MH+0x0000014481183000'
Event: 3.880 Thread 0x00000144e5914d50 Unloading class 0x0000014481182c00 'java/lang/invoke/LambdaForm$MH+0x0000014481182c00'
Event: 3.880 Thread 0x00000144e5914d50 Unloading class 0x0000014481182800 'java/lang/invoke/LambdaForm$MH+0x0000014481182800'
Event: 3.880 Thread 0x00000144e5914d50 Unloading class 0x0000014481182400 'java/lang/invoke/LambdaForm$BMH+0x0000014481182400'
Event: 3.880 Thread 0x00000144e5914d50 Unloading class 0x0000014481182000 'java/lang/invoke/LambdaForm$DMH+0x0000014481182000'
Event: 3.880 Thread 0x00000144e5914d50 Unloading class 0x0000014481180c00 'java/lang/invoke/LambdaForm$DMH+0x0000014481180c00'

Classes redefined (0 events):
No events

Internal exceptions (20 events):
Event: 3.283 Thread 0x00000144ec1ce2f0 Exception <a 'java/lang/NoSuchMethodError'{0x00000000ebb3fe30}: 'java.lang.Object java.lang.invoke.DirectMethodHandle$Holder.newInvokeSpecial(java.lang.Object, java.lang.Object, java.lang.Object, long)'> (0x00000000ebb3fe30) 
thrown [s\src\hotspot\share\interpreter\linkResolver.cpp, line 773]
Event: 3.283 Thread 0x00000144ec1ce2f0 Exception <a 'java/lang/NoSuchMethodError'{0x00000000ebb43ab0}: 'java.lang.Object java.lang.invoke.Invokers$Holder.linkToTargetMethod(java.lang.Object, java.lang.Object, long, java.lang.Object)'> (0x00000000ebb43ab0) 
thrown [s\src\hotspot\share\interpreter\linkResolver.cpp, line 773]
Event: 3.292 Thread 0x00000144ec1ce2f0 Exception <a 'java/lang/NoSuchMethodError'{0x00000000ebb9b720}: 'int java.lang.invoke.DirectMethodHandle$Holder.invokeStaticInit(java.lang.Object, java.lang.Object, java.lang.Object)'> (0x00000000ebb9b720) 
thrown [s\src\hotspot\share\interpreter\linkResolver.cpp, line 773]
Event: 3.302 Thread 0x00000144ec1ce2f0 Exception <a 'java/lang/IncompatibleClassChangeError'{0x00000000ebc36710}: Found class java.lang.Object, but interface was expected> (0x00000000ebc36710) 
thrown [s\src\hotspot\share\interpreter\linkResolver.cpp, line 840]
Event: 3.309 Thread 0x00000144ec1ce2f0 Exception <a 'java/lang/NoSuchMethodError'{0x00000000ebc4f8b0}: 'java.lang.Object java.lang.invoke.DirectMethodHandle$Holder.invokeSpecial(java.lang.Object, java.lang.Object, java.lang.Object, int, java.lang.Object, java.lang.Object)'> (0x00000000ebc4f8b0) 
thrown [s\src\hotspot\share\interpreter\linkResolver.cpp, line 773]
Event: 3.309 Thread 0x00000144ec1ce2f0 Exception <a 'java/lang/NoSuchMethodError'{0x00000000ebc57148}: 'java.lang.Object java.lang.invoke.DirectMethodHandle$Holder.newInvokeSpecial(java.lang.Object, java.lang.Object, java.lang.Object, int, java.lang.Object)'> (0x00000000ebc57148) 
thrown [s\src\hotspot\share\interpreter\linkResolver.cpp, line 773]
Event: 3.310 Thread 0x00000144ec1ce2f0 Exception <a 'java/lang/NoSuchMethodError'{0x00000000ebc5ac38}: 'java.lang.Object java.lang.invoke.Invokers$Holder.linkToTargetMethod(java.lang.Object, java.lang.Object, int, java.lang.Object, java.lang.Object)'> (0x00000000ebc5ac38) 
thrown [s\src\hotspot\share\interpreter\linkResolver.cpp, line 773]
Event: 3.310 Thread 0x00000144ec9b1f50 Exception <a 'java/lang/NoSuchMethodError'{0x00000000ebbbb508}: 'java.lang.Object java.lang.invoke.DirectMethodHandle$Holder.invokeSpecial(java.lang.Object, java.lang.Object, int, java.lang.Object, java.lang.Object)'> (0x00000000ebbbb508) 
thrown [s\src\hotspot\share\interpreter\linkResolver.cpp, line 773]
Event: 3.311 Thread 0x00000144ec9b1f50 Exception <a 'java/lang/NoSuchMethodError'{0x00000000ebbc2240}: 'java.lang.Object java.lang.invoke.DirectMethodHandle$Holder.newInvokeSpecial(java.lang.Object, java.lang.Object, int, java.lang.Object)'> (0x00000000ebbc2240) 
thrown [s\src\hotspot\share\interpreter\linkResolver.cpp, line 773]
Event: 3.314 Thread 0x00000144ec9b1f50 Implicit null exception at 0x00000144dc35190b to 0x00000144dc3519d0
Event: 3.330 Thread 0x00000144ec1ce2f0 Exception <a 'java/lang/NoSuchMethodError'{0x00000000ebd5caf8}: 'void java.lang.invoke.DirectMethodHandle$Holder.invokeSpecial(java.lang.Object, java.lang.Object, java.lang.Object, java.lang.Object, java.lang.Object)'> (0x00000000ebd5caf8) 
thrown [s\src\hotspot\share\interpreter\linkResolver.cpp, line 773]
Event: 3.373 Thread 0x00000144ec1ce2f0 Exception <a 'java/lang/NoSuchMethodError'{0x00000000ebf9c070}: 'double java.lang.invoke.DirectMethodHandle$Holder.invokeStatic(java.lang.Object, java.lang.Object)'> (0x00000000ebf9c070) 
thrown [s\src\hotspot\share\interpreter\linkResolver.cpp, line 773]
Event: 3.373 Thread 0x00000144ec1ce2f0 Exception <a 'java/lang/NoSuchMethodError'{0x00000000ebf9f730}: 'double java.lang.invoke.DirectMethodHandle$Holder.invokeStaticInit(java.lang.Object, java.lang.Object)'> (0x00000000ebf9f730) 
thrown [s\src\hotspot\share\interpreter\linkResolver.cpp, line 773]
Event: 3.430 Thread 0x00000144ec4d6230 Implicit null exception at 0x00000144dc34f887 to 0x00000144dc34f954
Event: 3.814 Thread 0x00000144ec1ce2f0 Implicit null exception at 0x00000144dc362875 to 0x00000144dc362988
Event: 4.242 Thread 0x00000144ec1ce2f0 Exception <a 'java/lang/ClassNotFoundException'{0x00000000ec0d78e0}: com/sun/org/apache/xerces/internal/impl/msg/spi/DOMMessagesProvider> (0x00000000ec0d78e0) 
thrown [s\src\hotspot\share\classfile\systemDictionary.cpp, line 312]
Event: 4.246 Thread 0x00000144ec1ce2f0 Exception <a 'java/lang/ClassNotFoundException'{0x00000000ec105ee0}: com/sun/org/apache/xerces/internal/impl/msg/spi/XMLSerializerMessagesProvider> (0x00000000ec105ee0) 
thrown [s\src\hotspot\share\classfile\systemDictionary.cpp, line 312]
Event: 4.248 Thread 0x00000144ec1ce2f0 Exception <a 'java/lang/ClassNotFoundException'{0x00000000ec11e458}: com/sun/org/apache/xerces/internal/impl/msg/spi/XMLMessagesProvider> (0x00000000ec11e458) 
thrown [s\src\hotspot\share\classfile\systemDictionary.cpp, line 312]
Event: 4.394 Thread 0x00000144ec1ce2f0 Exception <a 'java/lang/NoSuchMethodError'{0x00000000eab15638}: 'java.lang.Object java.lang.invoke.DirectMethodHandle$Holder.newInvokeSpecial(java.lang.Object, int, java.lang.Object, java.lang.Object)'> (0x00000000eab15638) 
thrown [s\src\hotspot\share\interpreter\linkResolver.cpp, line 773]
Event: 4.466 Thread 0x00000144ec1ce2f0 Exception <a 'sun/nio/fs/WindowsException'{0x00000000ead5f6e0}> (0x00000000ead5f6e0) 
thrown [s\src\hotspot\share\prims\jni.cpp, line 520]

ZGC Phase Switch (0 events):
No events

VM Operations (20 events):
Event: 2.754 Executing VM operation: HandshakeAllThreads (Deoptimize)
Event: 2.754 Executing VM operation: HandshakeAllThreads (Deoptimize) done
Event: 3.209 Executing VM operation: HandshakeAllThreads (Deoptimize)
Event: 3.209 Executing VM operation: HandshakeAllThreads (Deoptimize) done
Event: 3.443 Executing VM operation: ParallelGCFailedAllocation (Allocation Failure)
Event: 3.448 Executing VM operation: ParallelGCFailedAllocation (Allocation Failure) done
Event: 3.815 Executing VM operation: ParallelGCFailedAllocation (Allocation Failure)
Event: 3.819 Executing VM operation: ParallelGCFailedAllocation (Allocation Failure) done
Event: 3.871 Executing VM operation: CollectForMetadataAllocation (Metadata GC Threshold)
Event: 3.904 Executing VM operation: CollectForMetadataAllocation (Metadata GC Threshold) done
Event: 4.175 Executing VM operation: HandshakeAllThreads (Deoptimize)
Event: 4.175 Executing VM operation: HandshakeAllThreads (Deoptimize) done
Event: 4.292 Executing VM operation: ParallelGCFailedAllocation (Allocation Failure)
Event: 4.389 Executing VM operation: ParallelGCFailedAllocation (Allocation Failure) done
Event: 4.451 Executing VM operation: HandshakeAllThreads (Deoptimize)
Event: 4.451 Executing VM operation: HandshakeAllThreads (Deoptimize) done
Event: 4.539 Executing VM operation: HandshakeAllThreads (Deoptimize)
Event: 4.539 Executing VM operation: HandshakeAllThreads (Deoptimize) done
Event: 4.540 Executing VM operation: HandshakeAllThreads (Deoptimize)
Event: 4.540 Executing VM operation: HandshakeAllThreads (Deoptimize) done

Memory protections (0 events):
No events

Nmethod flushes (0 events):
No events

Events (20 events):
Event: 0.740 Thread 0x00000144d1583550 Thread added: 0x00000144e7600f60
Event: 0.908 Thread 0x00000144e7338020 Thread added: 0x00000144e7673880
Event: 1.734 Thread 0x00000144d1583550 Thread added: 0x00000144e7d4cc30
Event: 1.999 Thread 0x00000144d1583550 Thread added: 0x00000144ec1cd910
Event: 2.007 Thread 0x00000144d1583550 Thread added: 0x00000144ec1ce2f0
Event: 2.058 Thread 0x00000144ec1ce2f0 Thread added: 0x00000144ec1c4150
Event: 2.169 Thread 0x00000144e7673880 Thread exited: 0x00000144e7673880
Event: 2.198 Thread 0x00000144ec1ce2f0 Thread added: 0x00000144ec25d320
Event: 2.289 Thread 0x00000144e7338020 Thread added: 0x00000144ec374d30
Event: 2.456 Thread 0x00000144ec374d30 Thread exited: 0x00000144ec374d30
Event: 2.498 Thread 0x00000144ec1ce2f0 Thread added: 0x00000144ec374b90
Event: 3.211 Thread 0x00000144e7577480 Thread exited: 0x00000144e7577480
Event: 3.233 Thread 0x00000144ec1ce2f0 Thread added: 0x00000144ec33d5d0
Event: 3.286 Thread 0x00000144ec1ce2f0 Thread added: 0x00000144ec9b1f50
Event: 3.312 Thread 0x00000144ec1ce2f0 Thread added: 0x00000144ec4d6230
Event: 4.068 Thread 0x00000144e7338020 Thread added: 0x00000144ed057460
Event: 4.068 Thread 0x00000144e7338020 Thread added: 0x00000144ecb30150
Event: 4.272 Thread 0x00000144ec1ce2f0 Thread added: 0x00000144ec4d4e80
Event: 4.497 Thread 0x00000144ec4d4e80 Thread exited: 0x00000144ec4d4e80
Event: 4.544 Thread 0x00000144ec9b1f50 Thread added: 0x00000144ec4d4e80


Dynamic libraries:
0x00007ff7d4980000 - 0x00007ff7d498e000 	c:\Users\Fernanda Jama\.trae\extensions\redhat.java-1.41.1-win32-x64\jre\21.0.6-win32-x86_64\bin\java.exe
0x00007ffd4e8a0000 - 0x00007ffd4eb06000 	C:\WINDOWS\SYSTEM32\ntdll.dll
0x00007ffd4ca80000 - 0x00007ffd4cb49000 	C:\WINDOWS\System32\KERNEL32.DLL
0x00007ffd4c150000 - 0x00007ffd4c51c000 	C:\WINDOWS\System32\KERNELBASE.dll
0x00007ffd4bd00000 - 0x00007ffd4be4b000 	C:\WINDOWS\System32\ucrtbase.dll
0x00007ffd39a60000 - 0x00007ffd39a7e000 	c:\Users\Fernanda Jama\.trae\extensions\redhat.java-1.41.1-win32-x64\jre\21.0.6-win32-x86_64\bin\VCRUNTIME140.dll
0x00007ffd16e90000 - 0x00007ffd16ea8000 	c:\Users\Fernanda Jama\.trae\extensions\redhat.java-1.41.1-win32-x64\jre\21.0.6-win32-x86_64\bin\jli.dll
0x00007ffd4c660000 - 0x00007ffd4c82a000 	C:\WINDOWS\System32\USER32.dll
0x00007ffd2aa70000 - 0x00007ffd2ad0a000 	C:\WINDOWS\WinSxS\amd64_microsoft.windows.common-controls_6595b64144ccf1df_6.0.26100.3912_none_3e07963ce335137e\COMCTL32.dll
0x00007ffd4bcd0000 - 0x00007ffd4bcf7000 	C:\WINDOWS\System32\win32u.dll
0x00007ffd4cb50000 - 0x00007ffd4cbf9000 	C:\WINDOWS\System32\msvcrt.dll
0x00007ffd4e3f0000 - 0x00007ffd4e41b000 	C:\WINDOWS\System32\GDI32.dll
0x00007ffd4c520000 - 0x00007ffd4c652000 	C:\WINDOWS\System32\gdi32full.dll
0x00007ffd4bc20000 - 0x00007ffd4bcc3000 	C:\WINDOWS\System32\msvcp_win.dll
0x00007ffd4d3d0000 - 0x00007ffd4d400000 	C:\WINDOWS\System32\IMM32.DLL
0x00007ffd3e490000 - 0x00007ffd3e49c000 	c:\Users\Fernanda Jama\.trae\extensions\redhat.java-1.41.1-win32-x64\jre\21.0.6-win32-x86_64\bin\vcruntime140_1.dll
0x00007ffd0fb50000 - 0x00007ffd0fbdd000 	c:\Users\Fernanda Jama\.trae\extensions\redhat.java-1.41.1-win32-x64\jre\21.0.6-win32-x86_64\bin\msvcp140.dll
0x00007ffca7340000 - 0x00007ffca80d0000 	c:\Users\Fernanda Jama\.trae\extensions\redhat.java-1.41.1-win32-x64\jre\21.0.6-win32-x86_64\bin\server\jvm.dll
0x00007ffd4c830000 - 0x00007ffd4c8e2000 	C:\WINDOWS\System32\ADVAPI32.dll
0x00007ffd4cc00000 - 0x00007ffd4cca6000 	C:\WINDOWS\System32\sechost.dll
0x00007ffd4cd10000 - 0x00007ffd4ce26000 	C:\WINDOWS\System32\RPCRT4.dll
0x00007ffd4ded0000 - 0x00007ffd4df44000 	C:\WINDOWS\System32\WS2_32.dll
0x00007ffd4b880000 - 0x00007ffd4b8de000 	C:\WINDOWS\SYSTEM32\POWRPROF.dll
0x00007ffd43550000 - 0x00007ffd43586000 	C:\WINDOWS\SYSTEM32\WINMM.dll
0x00007ffd3d940000 - 0x00007ffd3d94b000 	C:\WINDOWS\SYSTEM32\VERSION.dll
0x00007ffd4b860000 - 0x00007ffd4b874000 	C:\WINDOWS\SYSTEM32\UMPDC.dll
0x00007ffd4a7b0000 - 0x00007ffd4a7ca000 	C:\WINDOWS\SYSTEM32\kernel.appcore.dll
0x00007ffd393a0000 - 0x00007ffd393aa000 	c:\Users\Fernanda Jama\.trae\extensions\redhat.java-1.41.1-win32-x64\jre\21.0.6-win32-x86_64\bin\jimage.dll
0x00007ffd48d10000 - 0x00007ffd48f51000 	C:\WINDOWS\SYSTEM32\DBGHELP.DLL
0x00007ffd4e450000 - 0x00007ffd4e7d4000 	C:\WINDOWS\System32\combase.dll
0x00007ffd4c990000 - 0x00007ffd4ca70000 	C:\WINDOWS\System32\OLEAUT32.dll
0x00007ffd37030000 - 0x00007ffd37069000 	C:\WINDOWS\SYSTEM32\dbgcore.DLL
0x00007ffd4bac0000 - 0x00007ffd4bb59000 	C:\WINDOWS\System32\bcryptPrimitives.dll
0x00007ffd3e680000 - 0x00007ffd3e68f000 	c:\Users\Fernanda Jama\.trae\extensions\redhat.java-1.41.1-win32-x64\jre\21.0.6-win32-x86_64\bin\instrument.dll
0x00007ffd14f00000 - 0x00007ffd14f1f000 	c:\Users\Fernanda Jama\.trae\extensions\redhat.java-1.41.1-win32-x64\jre\21.0.6-win32-x86_64\bin\java.dll
0x00007ffd4d410000 - 0x00007ffd4db3d000 	C:\WINDOWS\System32\SHELL32.dll
0x00007ffd4be50000 - 0x00007ffd4bfc4000 	C:\WINDOWS\System32\wintypes.dll
0x00007ffd49660000 - 0x00007ffd49eb6000 	C:\WINDOWS\SYSTEM32\windows.storage.dll
0x00007ffd4df50000 - 0x00007ffd4e03f000 	C:\WINDOWS\System32\SHCORE.dll
0x00007ffd4ce30000 - 0x00007ffd4ce99000 	C:\WINDOWS\System32\shlwapi.dll
0x00007ffd4b940000 - 0x00007ffd4b96f000 	C:\WINDOWS\SYSTEM32\profapi.dll
0x00007ffd14220000 - 0x00007ffd14238000 	c:\Users\Fernanda Jama\.trae\extensions\redhat.java-1.41.1-win32-x64\jre\21.0.6-win32-x86_64\bin\zip.dll
0x00007ffd3e670000 - 0x00007ffd3e680000 	C:\Users\Fernanda Jama\.trae\extensions\redhat.java-1.41.1-win32-x64\jre\21.0.6-win32-x86_64\bin\net.dll
0x00007ffd3dbd0000 - 0x00007ffd3dcee000 	C:\WINDOWS\SYSTEM32\WINHTTP.dll
0x00007ffd4ad00000 - 0x00007ffd4ad6a000 	C:\WINDOWS\system32\mswsock.dll
0x00007ffd13f30000 - 0x00007ffd13f46000 	C:\Users\Fernanda Jama\.trae\extensions\redhat.java-1.41.1-win32-x64\jre\21.0.6-win32-x86_64\bin\nio.dll
0x00007ffd38910000 - 0x00007ffd38920000 	c:\Users\Fernanda Jama\.trae\extensions\redhat.java-1.41.1-win32-x64\jre\21.0.6-win32-x86_64\bin\verify.dll
0x00007ffd10500000 - 0x00007ffd10545000 	C:\Users\Fernanda Jama\AppData\Roaming\Trae\User\globalStorage\redhat.java\1.41.1\config_ss_win\org.eclipse.equinox.launcher\org.eclipse.equinox.launcher.win32.win32.x86_64_1.2.1300.v20250331-1702\eclipse_11911.dll
0x00007ffd4db40000 - 0x00007ffd4dcdf000 	C:\WINDOWS\System32\ole32.dll
0x00007ffd4b0c0000 - 0x00007ffd4b0dc000 	C:\WINDOWS\SYSTEM32\CRYPTSP.dll
0x00007ffd4a710000 - 0x00007ffd4a74a000 	C:\WINDOWS\system32\rsaenh.dll
0x00007ffd4ada0000 - 0x00007ffd4adcb000 	C:\WINDOWS\SYSTEM32\USERENV.dll
0x00007ffd4b910000 - 0x00007ffd4b936000 	C:\WINDOWS\SYSTEM32\bcrypt.dll
0x00007ffd4af30000 - 0x00007ffd4af3c000 	C:\WINDOWS\SYSTEM32\CRYPTBASE.dll
0x00007ffd4a170000 - 0x00007ffd4a1a3000 	C:\WINDOWS\SYSTEM32\IPHLPAPI.DLL
0x00007ffd4c980000 - 0x00007ffd4c98a000 	C:\WINDOWS\System32\NSI.dll
0x00007ffd09160000 - 0x00007ffd091a9000 	C:\Users\Fernanda Jama\AppData\Local\Temp\jna--1470441178\jna17911044524234767374.dll
0x00007ffd4cd00000 - 0x00007ffd4cd08000 	C:\WINDOWS\System32\PSAPI.DLL

dbghelp: loaded successfully - version: 4.0.5 - missing functions: none
symbol engine: initialized successfully - sym options: 0x614 - pdb path: .;c:\Users\Fernanda Jama\.trae\extensions\redhat.java-1.41.1-win32-x64\jre\21.0.6-win32-x86_64\bin;C:\WINDOWS\SYSTEM32;C:\WINDOWS\WinSxS\amd64_microsoft.windows.common-controls_6595b64144ccf1df_6.0.26100.3912_none_3e07963ce335137e;c:\Users\Fernanda Jama\.trae\extensions\redhat.java-1.41.1-win32-x64\jre\21.0.6-win32-x86_64\bin\server;C:\Users\Fernanda Jama\AppData\Roaming\Trae\User\globalStorage\redhat.java\1.41.1\config_ss_win\org.eclipse.equinox.launcher\org.eclipse.equinox.launcher.win32.win32.x86_64_1.2.1300.v20250331-1702;C:\Users\Fernanda Jama\AppData\Local\Temp\jna--1470441178

VM Arguments:
jvm_args: --add-modules=ALL-SYSTEM --add-opens=java.base/java.util=ALL-UNNAMED --add-opens=java.base/java.lang=ALL-UNNAMED --add-opens=java.base/sun.nio.fs=ALL-UNNAMED -Declipse.application=org.eclipse.jdt.ls.core.id1 -Dosgi.bundles.defaultStartLevel=4 -Declipse.product=org.eclipse.jdt.ls.core.product -Djava.import.generatesMetadataFilesAtProjectRoot=false -DDetectVMInstallationsJob.disabled=true -Dfile.encoding=utf8 -XX:+UseParallelGC -XX:GCTimeRatio=4 -XX:AdaptiveSizePolicyWeight=90 -Dsun.zip.disableMemoryMapping=true -Xmx1G -Xms100m -Xlog:disable -javaagent:c:\Users\Fernanda Jama\.trae\extensions\redhat.java-1.41.1-win32-x64\lombok\lombok-1.18.36.jar 
java_command: c:\Users\Fernanda Jama\.trae\extensions\redhat.java-1.41.1-win32-x64\server\plugins\org.eclipse.equinox.launcher_1.7.0.v20250331-1702.jar -configuration c:\Users\Fernanda Jama\AppData\Roaming\Trae\User\globalStorage\redhat.java\1.41.1\config_ss_win -data c:\Users\Fernanda Jama\AppData\Roaming\Trae\User\workspaceStorage\a00897090b1644674c20564f0dd57254\redhat.java\ss_ws --pipe=\\.\pipe\lsp-7e07449713b94d5b9c699c8bb7a9b55e-sock
java_class_path (initial): c:\Users\Fernanda Jama\.trae\extensions\redhat.java-1.41.1-win32-x64\server\plugins\org.eclipse.equinox.launcher_1.7.0.v20250331-1702.jar
Launcher Type: SUN_STANDARD

[Global flags]
    uintx AdaptiveSizePolicyWeight                 = 90                                        {product} {command line}
     intx CICompilerCount                          = 4                                         {product} {ergonomic}
    uintx GCTimeRatio                              = 4                                         {product} {command line}
   size_t InitialHeapSize                          = 104857600                                 {product} {command line}
   size_t MaxHeapSize                              = 1073741824                                {product} {command line}
   size_t MaxNewSize                               = 357564416                                 {product} {ergonomic}
   size_t MinHeapDeltaBytes                        = 524288                                    {product} {ergonomic}
   size_t MinHeapSize                              = 104857600                                 {product} {command line}
   size_t NewSize                                  = 34603008                                  {product} {ergonomic}
    uintx NonNMethodCodeHeapSize                   = 5839372                                {pd product} {ergonomic}
    uintx NonProfiledCodeHeapSize                  = 122909434                              {pd product} {ergonomic}
   size_t OldSize                                  = 70254592                                  {product} {ergonomic}
    uintx ProfiledCodeHeapSize                     = 122909434                              {pd product} {ergonomic}
    uintx ReservedCodeCacheSize                    = 251658240                              {pd product} {ergonomic}
     bool SegmentedCodeCache                       = true                                      {product} {ergonomic}
   size_t SoftMaxHeapSize                          = 1073741824                             {manageable} {ergonomic}
     bool UseCompressedOops                        = true                           {product lp64_product} {ergonomic}
     bool UseLargePagesIndividualAllocation        = false                                  {pd product} {ergonomic}
     bool UseParallelGC                            = true                                      {product} {command line}

Logging:
Log output configuration:
 #0: stdout all=off uptime,level,tags foldmultilines=false
 #1: stderr all=off uptime,level,tags foldmultilines=false

Environment Variables:
JAVA_HOME=C:\Program Files\Java\jdk-17
PATH=C:\Program Files\Java\jdk-17\bin;C:\apache-maven-3.9.9\bin;C:\Program Files\Common Files\Oracle\Java\javapath;C:\Program Files (x86)\Common Files\Oracle\Java\java8path;C:\Program Files (x86)\Common Files\Oracle\Java\javapath;C:\Program Files\Microsoft MPI\Bin\;C:\WINDOWS\system32;C:\WINDOWS;C:\WINDOWS\System32\Wbem;C:\WINDOWS\System32\WindowsPowerShell\v1.0\;C:\WINDOWS\System32\OpenSSH\;C:\Program Files (x86)\Microsoft SQL Server\160\DTS\Binn\;C:\Program Files\Azure Data Studio\bin;C:\Program Files (x86)\Microsoft SQL Server\150\Tools\Binn\;C:\Program Files\Microsoft SQL Server\150\Tools\Binn\;C:\Program Files (x86)\Microsoft SQL Server\150\DTS\Binn\;C:\Program Files\Microsoft SQL Server\150\DTS\Binn\;C:\Program Files\Microsoft SQL Server\Client SDK\ODBC\170\Tools\Binn\;C:\Program Files\nodejs\;C:\ProgramData\chocolatey\bin;C:\Program Files\Git\cmd;C:\Program Files\Docker\Docker\resources\bin;c:\Users\Fernanda Jama\AppData\Local\Programs\Trae\bin;C:\Users\Fernanda Jama\AppData\Local\Programs\Python\Python36\Scripts\;C:\Users\Fernanda Jama\AppData\Local\Programs\Python\Python36\;C:\Users\Fernanda Jama\AppData\Local\Microsoft\WindowsApps;C:\Users\Fernanda Jama\AppData\Local\Programs\Microsoft VS Code\bin;C:\Program Files\Azure Data Studio\bin;C:\Users\Fernanda Jama\AppData\Roaming\npm;C:\Users\Fernanda Jama\AppData\Local\GitHubDesktop\bin;C:\Program Files\JetBrains\IntelliJ IDEA Community Edition 2024.1.1\bin;;c:\Users\Fernanda Jama\AppData\Local\Programs\Trae\resources\app\bin\lib
USERNAME=Fernanda Jama
OS=Windows_NT
PROCESSOR_IDENTIFIER=Intel64 Family 6 Model 140 Stepping 1, GenuineIntel
TMP=C:\Users\FERNAN~1\AppData\Local\Temp
TEMP=C:\Users\FERNAN~1\AppData\Local\Temp




Periodic native trim disabled

---------------  S Y S T E M  ---------------

OS:
 Windows 11 , 64 bit Build 26100 (10.0.26100.3912)
OS uptime: 0 days 7:06 hours
Hyper-V role detected

CPU: total 8 (initial active 8) (4 cores per cpu, 2 threads per core) family 6 model 140 stepping 1 microcode 0xbc, cx8, cmov, fxsr, ht, mmx, 3dnowpref, sse, sse2, sse3, ssse3, sse4.1, sse4.2, popcnt, lzcnt, tsc, tscinvbit, avx, avx2, aes, erms, clmul, bmi1, bmi2, adx, avx512f, avx512dq, avx512cd, avx512bw, avx512vl, sha, fma, vzeroupper, avx512_vpopcntdq, avx512_vpclmulqdq, avx512_vaes, avx512_vnni, clflush, clflushopt, clwb, avx512_vbmi2, avx512_vbmi, hv, rdtscp, rdpid, fsrm, gfni, avx512_bitalg, f16c, cet_ibt, cet_ss, avx512_ifma
Processor Information for the first 8 processors :
  Max Mhz: 2803, Current Mhz: 2803, Mhz Limit: 2803

Memory: 4k page, system-wide physical 32494M (2828M free)
TotalPageFile size 93425M (AvailPageFile size 5M)
current process WorkingSet (physical memory assigned to process): 168M, peak: 168M
current process commit charge ("private bytes"): 268M, peak: 268M

vm_info: OpenJDK 64-Bit Server VM (21.0.6+7-LTS) for windows-amd64 JRE (21.0.6+7-LTS), built on 2025-01-21T00:00:00Z by "admin" with MS VC++ 17.7 (VS2022)

END.
