#
# There is insufficient memory for the Java Runtime Environment to continue.
# Native memory allocation (malloc) failed to allocate 1048576 bytes. Error detail: AllocateHeap
# Possible reasons:
#   The system is out of physical RAM or swap space
#   This process is running with CompressedOops enabled, and the Java Heap may be blocking the growth of the native heap
# Possible solutions:
#   Reduce memory load on the system
#   Increase physical memory or swap space
#   Check if swap backing store is full
#   Decrease Java heap size (-Xmx/-Xms)
#   Decrease number of Java threads
#   Decrease Java thread stack sizes (-Xss)
#   Set larger code cache with -XX:ReservedCodeCacheSize=
#   JVM is running with Unscaled Compressed Oops mode in which the Java heap is
#     placed in the first 4GB address space. The Java Heap base address is the
#     maximum limit for the native heap growth. Please use -XX:HeapBaseMinAddress
#     to set the Java Heap base and to place the Java Heap above 4GB virtual address.
# This output file may be truncated or incomplete.
#
#  Out of Memory Error (allocation.cpp:44), pid=21492, tid=26392
#
# JRE version:  (21.0.8+9) (build )
# Java VM: OpenJDK 64-Bit Server VM (21.0.8+9-LTS, mixed mode, tiered, compressed oops, compressed class ptrs, parallel gc, windows-amd64)
# No core dump will be written. Minidumps are not enabled by default on client versions of Windows
#

---------------  S U M M A R Y ------------

Command Line: --add-modules=ALL-SYSTEM --add-opens=java.base/java.util=ALL-UNNAMED --add-opens=java.base/java.lang=ALL-UNNAMED --add-opens=java.base/sun.nio.fs=ALL-UNNAMED -Declipse.application=org.eclipse.jdt.ls.core.id1 -Dosgi.bundles.defaultStartLevel=4 -Declipse.product=org.eclipse.jdt.ls.core.product -Djava.import.generatesMetadataFilesAtProjectRoot=false -DDetectVMInstallationsJob.disabled=true -Dfile.encoding=utf8 -XX:+UseParallelGC -XX:GCTimeRatio=4 -XX:AdaptiveSizePolicyWeight=90 -Dsun.zip.disableMemoryMapping=true -Xmx2G -Xms100m -Xlog:disable -javaagent:c:\Users\Fernanda Jama\.trae\extensions\redhat.java-1.44.0-win32-x64\lombok\lombok-1.18.39-4050.jar -XX:+HeapDumpOnOutOfMemoryError -XX:HeapDumpPath=c:\Users\Fernanda Jama\AppData\Roaming\Trae\User\workspaceStorage\15c722b02b3b73826bcb58a08aa3cd52\redhat.java -Daether.dependencyCollector.impl=bf c:\Users\Fernanda Jama\.trae\extensions\redhat.java-1.44.0-win32-x64\server\plugins\org.eclipse.equinox.launcher_1.7.0.v20250519-0528.jar -configuration c:\Users\Fernanda Jama\AppData\Roaming\Trae\User\globalStorage\redhat.java\1.44.0\config_win -data c:\Users\Fernanda Jama\AppData\Roaming\Trae\User\workspaceStorage\15c722b02b3b73826bcb58a08aa3cd52\redhat.java\jdt_ws --pipe=\\.\pipe\lsp-7072a7e2daf510a1f816b0801ca7ea89-sock

Host: 11th Gen Intel(R) Core(TM) i7-1165G7 @ 2.80GHz, 8 cores, 39G,  Windows 11 , 64 bit Build 26100 (10.0.26100.4768)
Time: Thu Aug 14 14:15:41 2025 Hora est. Pacífico, Sudamérica elapsed time: 3.253429 seconds (0d 0h 0m 3s)

---------------  T H R E A D  ---------------

Current thread (0x0000028cc07db7d0):  JavaThread "Unknown thread" [_thread_in_vm, id=26392, stack(0x0000009ba3300000,0x0000009ba3400000) (1024K)]

Stack: [0x0000009ba3300000,0x0000009ba3400000]
Native frames: (J=compiled Java code, j=interpreted, Vv=VM code, C=native code)
V  [jvm.dll+0x6d2449]
V  [jvm.dll+0x8ae341]
V  [jvm.dll+0x8b08be]
V  [jvm.dll+0x8b0fa3]
V  [jvm.dll+0x280c96]
V  [jvm.dll+0xc0347]
V  [jvm.dll+0x706372]
V  [jvm.dll+0x7070ac]
V  [jvm.dll+0x6e0f43]
V  [jvm.dll+0x877c7c]
V  [jvm.dll+0x3becec]
V  [jvm.dll+0x8606d8]
V  [jvm.dll+0x4530ee]
V  [jvm.dll+0x454d31]
C  [jli.dll+0x5278]
C  [ucrtbase.dll+0x37b0]
C  [KERNEL32.DLL+0x2e8d7]
C  [ntdll.dll+0x3c34c]


---------------  P R O C E S S  ---------------

Threads class SMR info:
_java_thread_list=0x0000028cc0849090, length=1, elements={
0x0000028cc07db7d0
}

Java Threads: ( => current thread )
=>0x0000028cc07db7d0 JavaThread "Unknown thread"             [_thread_in_vm, id=26392, stack(0x0000009ba3300000,0x0000009ba3400000) (1024K)]
Total: 1

Other Threads:
  0x0000028cc0849cd0 WatcherThread "VM Periodic Task Thread"        [id=28592, stack(0x0000009ba3500000,0x0000009ba3600000) (1024K)]
  0x0000028cc07fd190 WorkerThread "GC Thread#0"                     [id=1140, stack(0x0000009ba3400000,0x0000009ba3500000) (1024K)]
Total: 2

Threads with active compile tasks:
Total: 0

VM state: not at safepoint (normal execution)

VM Mutex/Monitor currently owned by a thread: None

Heap address: 0x0000000080000000, size: 2048 MB, Compressed Oops mode: 32-bit

CDS archive(s) not mapped
Compressed class space mapped at: 0x0000000100000000-0x0000000140000000, reserved size: 1073741824
Narrow klass base: 0x0000000000000000, Narrow klass shift: 3, Narrow klass range: 0x140000000

GC Precious Log:
 CardTable entry size: 512
 CPUs: 8 total, 8 available
 Memory: 40743M
 Large Page Support: Disabled
 NUMA Support: Disabled
 Compressed Oops: Enabled (32-bit)
 Alignments: Space 512K, Generation 512K, Heap 2M
 Heap Min Capacity: 100M
 Heap Initial Capacity: 100M
 Heap Max Capacity: 2G
 Pre-touch: Disabled
 Parallel Workers: 8

Heap:
 PSYoungGen      total 29696K, used 512K [0x00000000d5580000, 0x00000000d7680000, 0x0000000100000000)
  eden space 25600K, 2% used [0x00000000d5580000,0x00000000d5600070,0x00000000d6e80000)
  from space 4096K, 0% used [0x00000000d7280000,0x00000000d7280000,0x00000000d7680000)
  to   space 4096K, 0% used [0x00000000d6e80000,0x00000000d6e80000,0x00000000d7280000)
 ParOldGen       total 68608K, used 0K [0x0000000080000000, 0x0000000084300000, 0x00000000d5580000)
  object space 68608K, 0% used [0x0000000080000000,0x0000000080000000,0x0000000084300000)
 Metaspace       used 1396K, committed 1472K, reserved 1114112K
  class space    used 112K, committed 128K, reserved 1048576K

Card table byte_map: [0x0000028cc0170000,0x0000028cc0580000] _byte_map_base: 0x0000028cbfd70000

Marking Bits: (ParMarkBitMap*) 0x00007ffd620da340
 Begin Bits: [0x0000028cd2c70000, 0x0000028cd4c70000)
 End Bits:   [0x0000028cd4c70000, 0x0000028cd6c70000)

Polling page: 0x0000028cbe210000

Metaspace:

Usage:
  Non-class:      1.25 MB used.
      Class:    112.47 KB used.
       Both:      1.36 MB used.

Virtual space:
  Non-class space:       64.00 MB reserved,       1.31 MB (  2%) committed,  1 nodes.
      Class space:        1.00 GB reserved,     128.00 KB ( <1%) committed,  1 nodes.
             Both:        1.06 GB reserved,       1.44 MB ( <1%) committed. 

Chunk freelists:
   Non-Class:  12.00 MB
       Class:  15.75 MB
        Both:  27.75 MB

MaxMetaspaceSize: unlimited
CompressedClassSpaceSize: 1.00 GB
Initial GC threshold: 21.00 MB
Current GC threshold: 17179869184.00 GB
CDS: off
 - commit_granule_bytes: 65536.
 - commit_granule_words: 8192.
 - virtual_space_node_default_size: 8388608.
 - enlarge_chunks_in_place: 1.
 - use_allocation_guard: 0.


Internal statistics:

num_allocs_failed_limit: 0.
num_arena_births: 2.
num_arena_deaths: 0.
num_vsnodes_births: 2.
num_vsnodes_deaths: 0.
num_space_committed: 23.
num_space_uncommitted: 0.
num_chunks_returned_to_freelist: 0.
num_chunks_taken_from_freelist: 3.
num_chunk_merges: 0.
num_chunk_splits: 2.
num_chunks_enlarged: 0.
num_inconsistent_stats: 0.

CodeHeap 'non-profiled nmethods': size=120000Kb used=0Kb max_used=0Kb free=120000Kb
 bounds [0x0000028ccb490000, 0x0000028ccb700000, 0x0000028cd29c0000]
CodeHeap 'profiled nmethods': size=120000Kb used=0Kb max_used=0Kb free=120000Kb
 bounds [0x0000028cc39c0000, 0x0000028cc3c30000, 0x0000028ccaef0000]
CodeHeap 'non-nmethods': size=5760Kb used=199Kb max_used=348Kb free=5560Kb
 bounds [0x0000028ccaef0000, 0x0000028ccb160000, 0x0000028ccb490000]
CodeCache: size=245760Kb, used=199Kb, max_used=348Kb, free=245560Kb
 total_blobs=70, nmethods=0, adapters=48, full_count=0
Compilation: enabled, stopped_count=0, restarted_count=0

Compilation events (0 events):
No events

GC Heap History (0 events):
No events

Dll operation events (2 events):
Event: 0.087 Loaded shared library c:\Users\Fernanda Jama\.trae\extensions\redhat.java-1.44.0-win32-x64\jre\21.0.8-win32-x86_64\bin\java.dll
Event: 2.158 Loaded shared library c:\Users\Fernanda Jama\.trae\extensions\redhat.java-1.44.0-win32-x64\jre\21.0.8-win32-x86_64\bin\zip.dll

Deoptimization events (0 events):
No events

Classes loaded (20 events):
Event: 2.231 Loading class java/util/Iterator
Event: 2.231 Loading class java/util/Iterator done
Event: 2.231 Loading class java/lang/reflect/RecordComponent
Event: 2.231 Loading class java/lang/reflect/RecordComponent done
Event: 2.231 Loading class jdk/internal/vm/vector/VectorSupport
Event: 2.232 Loading class jdk/internal/vm/vector/VectorSupport done
Event: 2.232 Loading class jdk/internal/vm/vector/VectorSupport$VectorPayload
Event: 2.232 Loading class jdk/internal/vm/vector/VectorSupport$VectorPayload done
Event: 2.232 Loading class jdk/internal/vm/vector/VectorSupport$Vector
Event: 2.232 Loading class jdk/internal/vm/vector/VectorSupport$Vector done
Event: 2.232 Loading class jdk/internal/vm/vector/VectorSupport$VectorMask
Event: 2.232 Loading class jdk/internal/vm/vector/VectorSupport$VectorMask done
Event: 2.232 Loading class jdk/internal/vm/vector/VectorSupport$VectorShuffle
Event: 2.232 Loading class jdk/internal/vm/vector/VectorSupport$VectorShuffle done
Event: 2.232 Loading class jdk/internal/vm/FillerObject
Event: 2.232 Loading class jdk/internal/vm/FillerObject done
Event: 2.241 Loading class java/lang/NullPointerException
Event: 2.241 Loading class java/lang/NullPointerException done
Event: 2.241 Loading class java/lang/ArithmeticException
Event: 2.241 Loading class java/lang/ArithmeticException done

Classes unloaded (0 events):
No events

Classes redefined (0 events):
No events

Internal exceptions (0 events):
No events

ZGC Phase Switch (0 events):
No events

VM Operations (0 events):
No events

Memory protections (0 events):
No events

Nmethod flushes (0 events):
No events

Events (1 events):
Event: 2.148 Thread 0x0000028cc07db7d0 Thread added: 0x0000028cc07db7d0


Dynamic libraries:
0x00007ff606dc0000 - 0x00007ff606dce000 	c:\Users\Fernanda Jama\.trae\extensions\redhat.java-1.44.0-win32-x64\jre\21.0.8-win32-x86_64\bin\java.exe
0x00007ffdfcea0000 - 0x00007ffdfd107000 	C:\Windows\SYSTEM32\ntdll.dll
0x00007ffdfb790000 - 0x00007ffdfb859000 	C:\Windows\System32\KERNEL32.DLL
0x00007ffdfa330000 - 0x00007ffdfa720000 	C:\Windows\System32\KERNELBASE.dll
0x00007ffde70e0000 - 0x00007ffde71bb000 	C:\Program Files\Bitdefender\Endpoint Security\bdhkm\dlls_267825381831322691\bdhkm64.dll
0x00007ffde6f10000 - 0x00007ffde70d9000 	C:\Program Files\Bitdefender\Endpoint Security\atcuf\dlls_267870601976104115\atcuf64.dll
0x00007ffdfa140000 - 0x00007ffdfa28b000 	C:\Windows\System32\ucrtbase.dll
0x00007ffde2f40000 - 0x00007ffde2f58000 	c:\Users\Fernanda Jama\.trae\extensions\redhat.java-1.44.0-win32-x64\jre\21.0.8-win32-x86_64\bin\jli.dll
0x00007ffdfc080000 - 0x00007ffdfc245000 	C:\Windows\System32\USER32.dll
0x00007ffdfa730000 - 0x00007ffdfa757000 	C:\Windows\System32\win32u.dll
0x00007ffdfc250000 - 0x00007ffdfc27b000 	C:\Windows\System32\GDI32.dll
0x00007ffdfa970000 - 0x00007ffdfaaa8000 	C:\Windows\System32\gdi32full.dll
0x00007ffdf9fd0000 - 0x00007ffdfa073000 	C:\Windows\System32\msvcp_win.dll
0x00007ffde2c50000 - 0x00007ffde2c6e000 	c:\Users\Fernanda Jama\.trae\extensions\redhat.java-1.44.0-win32-x64\jre\21.0.8-win32-x86_64\bin\VCRUNTIME140.dll
0x00007ffdde2f0000 - 0x00007ffdde58a000 	C:\Windows\WinSxS\amd64_microsoft.windows.common-controls_6595b64144ccf1df_6.0.26100.4768_none_3e0c112ce331287c\COMCTL32.dll
0x00007ffdfb6a0000 - 0x00007ffdfb749000 	C:\Windows\System32\msvcrt.dll
0x00007ffdfb750000 - 0x00007ffdfb77f000 	C:\Windows\System32\IMM32.DLL
0x00007ffde3850000 - 0x00007ffde385c000 	c:\Users\Fernanda Jama\.trae\extensions\redhat.java-1.44.0-win32-x64\jre\21.0.8-win32-x86_64\bin\vcruntime140_1.dll
0x00007ffdac2e0000 - 0x00007ffdac36d000 	c:\Users\Fernanda Jama\.trae\extensions\redhat.java-1.44.0-win32-x64\jre\21.0.8-win32-x86_64\bin\msvcp140.dll
0x00007ffd61420000 - 0x00007ffd621b7000 	c:\Users\Fernanda Jama\.trae\extensions\redhat.java-1.44.0-win32-x64\jre\21.0.8-win32-x86_64\bin\server\jvm.dll
0x00007ffdfbe90000 - 0x00007ffdfbf44000 	C:\Windows\System32\ADVAPI32.dll
0x00007ffdfbf50000 - 0x00007ffdfbff6000 	C:\Windows\System32\sechost.dll
0x00007ffdfbd70000 - 0x00007ffdfbe88000 	C:\Windows\System32\RPCRT4.dll
0x00007ffdfb000000 - 0x00007ffdfb074000 	C:\Windows\System32\WS2_32.dll
0x00007ffdf9e30000 - 0x00007ffdf9e8e000 	C:\Windows\SYSTEM32\POWRPROF.dll
0x00007ffde33c0000 - 0x00007ffde33f5000 	C:\Windows\SYSTEM32\WINMM.dll
0x00007ffde5090000 - 0x00007ffde509b000 	C:\Windows\SYSTEM32\VERSION.dll
0x00007ffdf9e10000 - 0x00007ffdf9e24000 	C:\Windows\SYSTEM32\UMPDC.dll
0x00007ffdf8d10000 - 0x00007ffdf8d2b000 	C:\Windows\SYSTEM32\kernel.appcore.dll
0x00007ffde29c0000 - 0x00007ffde29ca000 	c:\Users\Fernanda Jama\.trae\extensions\redhat.java-1.44.0-win32-x64\jre\21.0.8-win32-x86_64\bin\jimage.dll
0x00007ffdf7800000 - 0x00007ffdf7a41000 	C:\Windows\SYSTEM32\DBGHELP.DLL
0x00007ffdfb310000 - 0x00007ffdfb695000 	C:\Windows\System32\combase.dll
0x00007ffdfb8f0000 - 0x00007ffdfb9d0000 	C:\Windows\System32\OLEAUT32.dll
0x00007ffdbfe20000 - 0x00007ffdbfe63000 	C:\Windows\SYSTEM32\dbgcore.DLL
0x00007ffdfa290000 - 0x00007ffdfa329000 	C:\Windows\System32\bcryptPrimitives.dll
0x00007ffde2950000 - 0x00007ffde295f000 	c:\Users\Fernanda Jama\.trae\extensions\redhat.java-1.44.0-win32-x64\jre\21.0.8-win32-x86_64\bin\instrument.dll
0x00007ffde0450000 - 0x00007ffde046f000 	c:\Users\Fernanda Jama\.trae\extensions\redhat.java-1.44.0-win32-x64\jre\21.0.8-win32-x86_64\bin\java.dll
0x00007ffdc7590000 - 0x00007ffdc75a8000 	c:\Users\Fernanda Jama\.trae\extensions\redhat.java-1.44.0-win32-x64\jre\21.0.8-win32-x86_64\bin\zip.dll

JVMTI agents:
c:\Users\Fernanda Jama\.trae\extensions\redhat.java-1.44.0-win32-x64\lombok\lombok-1.18.39-4050.jar path:none, loaded, not initialized, instrumentlib options:none

dbghelp: loaded successfully - version: 4.0.5 - missing functions: none
symbol engine: initialized successfully - sym options: 0x614 - pdb path: .;c:\Users\Fernanda Jama\.trae\extensions\redhat.java-1.44.0-win32-x64\jre\21.0.8-win32-x86_64\bin;C:\Windows\SYSTEM32;C:\Program Files\Bitdefender\Endpoint Security\bdhkm\dlls_267825381831322691;C:\Program Files\Bitdefender\Endpoint Security\atcuf\dlls_267870601976104115;C:\Windows\WinSxS\amd64_microsoft.windows.common-controls_6595b64144ccf1df_6.0.26100.4768_none_3e0c112ce331287c;c:\Users\Fernanda Jama\.trae\extensions\redhat.java-1.44.0-win32-x64\jre\21.0.8-win32-x86_64\bin\server

VM Arguments:
jvm_args: --add-modules=ALL-SYSTEM --add-opens=java.base/java.util=ALL-UNNAMED --add-opens=java.base/java.lang=ALL-UNNAMED --add-opens=java.base/sun.nio.fs=ALL-UNNAMED -Declipse.application=org.eclipse.jdt.ls.core.id1 -Dosgi.bundles.defaultStartLevel=4 -Declipse.product=org.eclipse.jdt.ls.core.product -Djava.import.generatesMetadataFilesAtProjectRoot=false -DDetectVMInstallationsJob.disabled=true -Dfile.encoding=utf8 -XX:+UseParallelGC -XX:GCTimeRatio=4 -XX:AdaptiveSizePolicyWeight=90 -Dsun.zip.disableMemoryMapping=true -Xmx2G -Xms100m -Xlog:disable -javaagent:c:\Users\Fernanda Jama\.trae\extensions\redhat.java-1.44.0-win32-x64\lombok\lombok-1.18.39-4050.jar -XX:+HeapDumpOnOutOfMemoryError -XX:HeapDumpPath=c:\Users\Fernanda Jama\AppData\Roaming\Trae\User\workspaceStorage\15c722b02b3b73826bcb58a08aa3cd52\redhat.java -Daether.dependencyCollector.impl=bf 
java_command: c:\Users\Fernanda Jama\.trae\extensions\redhat.java-1.44.0-win32-x64\server\plugins\org.eclipse.equinox.launcher_1.7.0.v20250519-0528.jar -configuration c:\Users\Fernanda Jama\AppData\Roaming\Trae\User\globalStorage\redhat.java\1.44.0\config_win -data c:\Users\Fernanda Jama\AppData\Roaming\Trae\User\workspaceStorage\15c722b02b3b73826bcb58a08aa3cd52\redhat.java\jdt_ws --pipe=\\.\pipe\lsp-7072a7e2daf510a1f816b0801ca7ea89-sock
java_class_path (initial): c:\Users\Fernanda Jama\.trae\extensions\redhat.java-1.44.0-win32-x64\server\plugins\org.eclipse.equinox.launcher_1.7.0.v20250519-0528.jar
Launcher Type: SUN_STANDARD

[Global flags]
    uintx AdaptiveSizePolicyWeight                 = 90                                        {product} {command line}
     intx CICompilerCount                          = 4                                         {product} {ergonomic}
    uintx GCTimeRatio                              = 4                                         {product} {command line}
     bool HeapDumpOnOutOfMemoryError               = true                                   {manageable} {command line}
    ccstr HeapDumpPath                             = c:\Users\Fernanda Jama\AppData\Roaming\Trae\User\workspaceStorage\15c722b02b3b73826bcb58a08aa3cd52\redhat.java         {manageable} {command line}
   size_t InitialHeapSize                          = 104857600                                 {product} {command line}
   size_t MaxHeapSize                              = 2147483648                                {product} {command line}
   size_t MaxNewSize                               = 715653120                                 {product} {ergonomic}
   size_t MinHeapDeltaBytes                        = 524288                                    {product} {ergonomic}
   size_t MinHeapSize                              = 104857600                                 {product} {command line}
   size_t NewSize                                  = 34603008                                  {product} {ergonomic}
    uintx NonNMethodCodeHeapSize                   = 5839372                                {pd product} {ergonomic}
    uintx NonProfiledCodeHeapSize                  = 122909434                              {pd product} {ergonomic}
   size_t OldSize                                  = 70254592                                  {product} {ergonomic}
    uintx ProfiledCodeHeapSize                     = 122909434                              {pd product} {ergonomic}
    uintx ReservedCodeCacheSize                    = 251658240                              {pd product} {ergonomic}
     bool SegmentedCodeCache                       = true                                      {product} {ergonomic}
   size_t SoftMaxHeapSize                          = 2147483648                             {manageable} {ergonomic}
     bool UseCompressedOops                        = true                           {product lp64_product} {ergonomic}
     bool UseLargePagesIndividualAllocation        = false                                  {pd product} {ergonomic}
     bool UseParallelGC                            = true                                      {product} {command line}

Logging:
Log output configuration:
 #0: stdout all=off uptime,level,tags foldmultilines=false
 #1: stderr all=off uptime,level,tags foldmultilines=false

Environment Variables:
JAVA_HOME=C:\Program Files\Java\jdk-17
CLASSPATH=C:\Program Files\SAP\SAP Business One DI API\JCO\LIB\sbowrapper.jar;C:\Program Files\SAP\SAP Business One DI API\JCO\LIB\sboapi.jar
PATH=C:\Users\Fernanda Jama\.trae\tools\gradle\latest\bin;C:\Program Files\Java\jdk-17\bin;C:\Users\Fernanda Jama\.trae\tools\maven\latest\bin;C:\Python313\Scripts\;C:\Python313\;C:\Program Files\Microsoft MPI\Bin\;C:\Program Files\Common Files\Oracle\Java\javapath;C:\Windows\system32;C:\Windows;C:\Windows\System32\Wbem;C:\Windows\System32\WindowsPowerShell\v1.0\;C:\Windows\System32\OpenSSH\;C:\Program Files\Microsoft SQL Server\Client SDK\ODBC\170\Tools\Binn\;C:\Program Files (x86)\Microsoft SQL Server\150\Tools\Binn\;C:\Program Files\Microsoft SQL Server\150\Tools\Binn\;C:\Program Files\Microsoft SQL Server\150\DTS\Binn\;C:\Program Files (x86)\Microsoft SQL Server\160\DTS\Binn\;C:\Program Files\nodejs\;C:\ProgramData\chocolatey\bin;C:\Program Files\SAP\SAP Business One DI API\JCO\LIB\;C:\Program Files\SAP\SAP Business One DI API\DI API 90;C:\Program Files\SAP\SAP Business One\;C:\Program Files\apache-maven-3.8.8-bin\apache-maven-3.8.8\bin;C:\Program Files\Git\cmd;C:\Users\Fernanda Jama\AppData\Local\Microsoft\WindowsApps;C:\Users\Fernanda Jama\AppData\Local\GitHubDesktop\bin;C:\Users\Fernanda Jama\AppData\Local\Programs\Microsoft VS Code\bin;C:\Users\Fernanda Jama\AppData\Roaming\npm;c:\Users\Fernanda Jama\AppData\Local\Programs\Trae\resources\app\bin\lib
USERNAME=Fernanda Jama
OS=Windows_NT
PROCESSOR_IDENTIFIER=Intel64 Family 6 Model 140 Stepping 1, GenuineIntel
TMP=C:\Users\FERNAN~1\AppData\Local\Temp
TEMP=C:\Users\FERNAN~1\AppData\Local\Temp




Periodic native trim disabled

---------------  S Y S T E M  ---------------

OS:
 Windows 11 , 64 bit Build 26100 (10.0.26100.4768)
OS uptime: 0 days 21:01 hours
Hyper-V role detected

CPU: total 8 (initial active 8) (4 cores per cpu, 2 threads per core) family 6 model 140 stepping 1 microcode 0xb8, cx8, cmov, fxsr, ht, mmx, 3dnowpref, sse, sse2, sse3, ssse3, sse4.1, sse4.2, popcnt, lzcnt, tsc, tscinvbit, avx, avx2, aes, erms, clmul, bmi1, bmi2, adx, avx512f, avx512dq, avx512cd, avx512bw, avx512vl, sha, fma, vzeroupper, avx512_vpopcntdq, avx512_vpclmulqdq, avx512_vaes, avx512_vnni, clflush, clflushopt, clwb, avx512_vbmi2, avx512_vbmi, hv, rdtscp, rdpid, fsrm, gfni, avx512_bitalg, f16c, cet_ibt, cet_ss, avx512_ifma
Processor Information for the first 8 processors :
  Max Mhz: 2803, Current Mhz: 2803, Mhz Limit: 2803

Memory: 4k page, system-wide physical 40743M (1208M free)
TotalPageFile size 101623M (AvailPageFile size 57M)
current process WorkingSet (physical memory assigned to process): 21M, peak: 21M
current process commit charge ("private bytes"): 186M, peak: 194M

vm_info: OpenJDK 64-Bit Server VM (21.0.8+9-LTS) for windows-amd64 JRE (21.0.8+9-LTS), built on 2025-07-15T00:00:00Z by "admin" with MS VC++ 17.7 (VS2022)

END.
