#
# There is insufficient memory for the Java Runtime Environment to continue.
# Native memory allocation (malloc) failed to allocate 1609616 bytes. Error detail: Chunk::new
# Possible reasons:
#   The system is out of physical RAM or swap space
#   This process is running with CompressedOops enabled, and the Java Heap may be blocking the growth of the native heap
# Possible solutions:
#   Reduce memory load on the system
#   Increase physical memory or swap space
#   Check if swap backing store is full
#   Decrease Java heap size (-Xmx/-Xms)
#   Decrease number of Java threads
#   Decrease Java thread stack sizes (-Xss)
#   Set larger code cache with -XX:ReservedCodeCacheSize=
#   JVM is running with Unscaled Compressed Oops mode in which the Java heap is
#     placed in the first 4GB address space. The Java Heap base address is the
#     maximum limit for the native heap growth. Please use -XX:HeapBaseMinAddress
#     to set the Java Heap base and to place the Java Heap above 4GB virtual address.
# This output file may be truncated or incomplete.
#
#  Out of Memory Error (arena.cpp:168), pid=8884, tid=12132
#
# JRE version: OpenJDK Runtime Environment Temurin-21.0.6+7 (21.0.6+7) (build 21.0.6+7-LTS)
# Java VM: OpenJDK 64-Bit Server VM Temurin-21.0.6+7 (21.0.6+7-LTS, mixed mode, sharing, tiered, compressed oops, compressed class ptrs, parallel gc, windows-amd64)
# No core dump will be written. Minidumps are not enabled by default on client versions of Windows
#

---------------  S U M M A R Y ------------

Command Line: --add-modules=ALL-SYSTEM --add-opens=java.base/java.util=ALL-UNNAMED --add-opens=java.base/java.lang=ALL-UNNAMED --add-opens=java.base/sun.nio.fs=ALL-UNNAMED -Declipse.application=org.eclipse.jdt.ls.core.id1 -Dosgi.bundles.defaultStartLevel=4 -Declipse.product=org.eclipse.jdt.ls.core.product -Djava.import.generatesMetadataFilesAtProjectRoot=false -DDetectVMInstallationsJob.disabled=true -Dfile.encoding=utf8 -XX:+UseParallelGC -XX:GCTimeRatio=4 -XX:AdaptiveSizePolicyWeight=90 -Dsun.zip.disableMemoryMapping=true -Xmx1G -Xms100m -Xlog:disable -javaagent:c:\Users\Fer\.vscode\extensions\redhat.java-1.41.2025031208-win32-x64\lombok\lombok-1.18.36.jar -XX:+HeapDumpOnOutOfMemoryError -XX:HeapDumpPath=c:\Users\Fer\AppData\Roaming\Code\User\workspaceStorage\398de21c129474aaeb59c0a7e6288a23\redhat.java -Daether.dependencyCollector.impl=bf c:\Users\Fer\.vscode\extensions\redhat.java-1.41.2025031208-win32-x64\server\plugins\org.eclipse.equinox.launcher_1.6.1100.v20250306-0509.jar -configuration c:\Users\Fer\AppData\Roaming\Code\User\globalStorage\redhat.java\1.41.2025031208\config_win -data c:\Users\Fer\AppData\Roaming\Code\User\workspaceStorage\398de21c129474aaeb59c0a7e6288a23\redhat.java\jdt_ws --pipe=\\.\pipe\lsp-1e0d308cd52924dfe646c0e57cf55cbc-sock

Host: Intel(R) Core(TM) i7-1065G7 CPU @ 1.30GHz, 8 cores, 7G,  Windows 11 , 64 bit Build 26100 (10.0.26100.3037)
Time: Wed Mar 12 14:23:32 2025 Hora est. Pacífico, Sudamérica elapsed time: 488.657211 seconds (0d 0h 8m 8s)

---------------  T H R E A D  ---------------

Current thread (0x0000022bd18b9c70):  JavaThread "C2 CompilerThread0" daemon [_thread_in_native, id=12132, stack(0x00000033d4400000,0x00000033d4500000) (1024K)]


Current CompileTask:
C2:488657 18270   !   4       java.io.ObjectOutputStream::writeObject0 (620 bytes)

Stack: [0x00000033d4400000,0x00000033d4500000]
Native frames: (J=compiled Java code, j=interpreted, Vv=VM code, C=native code)
V  [jvm.dll+0x6cdee9]
V  [jvm.dll+0x8a83d1]
V  [jvm.dll+0x8aa8fe]
V  [jvm.dll+0x8aafe3]
V  [jvm.dll+0x27f706]
V  [jvm.dll+0xc500d]
V  [jvm.dll+0xc5543]
V  [jvm.dll+0x3b6752]
V  [jvm.dll+0x382935]
V  [jvm.dll+0x381d9a]
V  [jvm.dll+0x2479f0]
V  [jvm.dll+0x246fcf]
V  [jvm.dll+0x1c75ee]
V  [jvm.dll+0x25685a]
V  [jvm.dll+0x254dfa]
V  [jvm.dll+0x3f0256]
V  [jvm.dll+0x851f8b]
V  [jvm.dll+0x6cc5ed]
C  [ucrtbase.dll+0x37b0]
C  [KERNEL32.DLL+0x2e8d7]
C  [ntdll.dll+0xbbf2c]


---------------  P R O C E S S  ---------------

Threads class SMR info:
_java_thread_list=0x0000022c1d0009f0, length=67, elements={
0x0000022bbd4fb400, 0x0000022bd18abd40, 0x0000022bd18b0280, 0x0000022bd18b2ef0,
0x0000022bd18b7e40, 0x0000022bd18b84a0, 0x0000022bd18b8ef0, 0x0000022bd18b9c70,
0x0000022c14365e80, 0x0000022c143df7b0, 0x0000022c146137e0, 0x0000022c14cf2c20,
0x0000022c14cdf100, 0x0000022c14f06420, 0x0000022c191eaca0, 0x0000022c149a3e70,
0x0000022c149a1710, 0x0000022c149a1da0, 0x0000022c149a2ac0, 0x0000022c149a09f0,
0x0000022c1a6a6030, 0x0000022c1a6a4c80, 0x0000022c1a6a5310, 0x0000022c1a6a59a0,
0x0000022c1a6a66c0, 0x0000022c1a6a38d0, 0x0000022c1a6a6d50, 0x0000022c1a6a73e0,
0x0000022c1a6a3f60, 0x0000022c1a6a7a70, 0x0000022c1a6a45f0, 0x0000022c1a6a8100,
0x0000022c1a6a8790, 0x0000022c1a6a8e20, 0x0000022c1d941a70, 0x0000022c1a6eada0,
0x0000022c1a6ec150, 0x0000022c1a6e8cd0, 0x0000022c1a6edb90, 0x0000022c1a6ea710,
0x0000022c1a6ee220, 0x0000022c14eb1de0, 0x0000022c14eb03a0, 0x0000022c14eb2470,
0x0000022c14eb2b00, 0x0000022c14eb10c0, 0x0000022c14eb3190, 0x0000022c14eaf680,
0x0000022c14eb3820, 0x0000022c14eb3eb0, 0x0000022c14eb4540, 0x0000022c14eb4bd0,
0x0000022c14eb1750, 0x0000022c14eb6ca0, 0x0000022c14eb5f80, 0x0000022c14eb6610,
0x0000022c14eb5260, 0x0000022c14eb58f0, 0x0000022c1a6ece70, 0x0000022c1a6ec7e0,
0x0000022c1a6e99f0, 0x0000022c1a6ed500, 0x0000022c1a6ea080, 0x0000022c1a6ee8b0,
0x0000022c1a6ef5d0, 0x0000022c1a6f02f0, 0x0000022c14b36330
}

Java Threads: ( => current thread )
  0x0000022bbd4fb400 JavaThread "main"                              [_thread_blocked, id=10356, stack(0x00000033d3a00000,0x00000033d3b00000) (1024K)]
  0x0000022bd18abd40 JavaThread "Reference Handler"          daemon [_thread_blocked, id=11628, stack(0x00000033d3e00000,0x00000033d3f00000) (1024K)]
  0x0000022bd18b0280 JavaThread "Finalizer"                  daemon [_thread_blocked, id=10608, stack(0x00000033d3f00000,0x00000033d4000000) (1024K)]
  0x0000022bd18b2ef0 JavaThread "Signal Dispatcher"          daemon [_thread_blocked, id=17788, stack(0x00000033d4000000,0x00000033d4100000) (1024K)]
  0x0000022bd18b7e40 JavaThread "Attach Listener"            daemon [_thread_blocked, id=12188, stack(0x00000033d4100000,0x00000033d4200000) (1024K)]
  0x0000022bd18b84a0 JavaThread "Service Thread"             daemon [_thread_blocked, id=11760, stack(0x00000033d4200000,0x00000033d4300000) (1024K)]
  0x0000022bd18b8ef0 JavaThread "Monitor Deflation Thread"   daemon [_thread_blocked, id=17724, stack(0x00000033d4300000,0x00000033d4400000) (1024K)]
=>0x0000022bd18b9c70 JavaThread "C2 CompilerThread0"         daemon [_thread_in_native, id=12132, stack(0x00000033d4400000,0x00000033d4500000) (1024K)]
  0x0000022c14365e80 JavaThread "C1 CompilerThread0"         daemon [_thread_blocked, id=3172, stack(0x00000033d4500000,0x00000033d4600000) (1024K)]
  0x0000022c143df7b0 JavaThread "Common-Cleaner"             daemon [_thread_blocked, id=18120, stack(0x00000033d4600000,0x00000033d4700000) (1024K)]
  0x0000022c146137e0 JavaThread "Notification Thread"        daemon [_thread_blocked, id=15132, stack(0x00000033d4700000,0x00000033d4800000) (1024K)]
  0x0000022c14cf2c20 JavaThread "Active Thread: Equinox Container: 90264700-c7da-482a-9756-f74e0d134cdd"        [_thread_blocked, id=14084, stack(0x00000033d5500000,0x00000033d5600000) (1024K)]
  0x0000022c14cdf100 JavaThread "Framework Event Dispatcher: Equinox Container: 90264700-c7da-482a-9756-f74e0d134cdd" daemon [_thread_blocked, id=14124, stack(0x00000033d4e00000,0x00000033d4f00000) (1024K)]
  0x0000022c14f06420 JavaThread "Start Level: Equinox Container: 90264700-c7da-482a-9756-f74e0d134cdd" daemon [_thread_blocked, id=15096, stack(0x00000033d4f00000,0x00000033d5000000) (1024K)]
  0x0000022c191eaca0 JavaThread "Refresh Thread: Equinox Container: 90264700-c7da-482a-9756-f74e0d134cdd" daemon [_thread_blocked, id=16004, stack(0x00000033d5200000,0x00000033d5300000) (1024K)]
  0x0000022c149a3e70 JavaThread "Bundle File Closer"         daemon [_thread_blocked, id=17172, stack(0x00000033d5000000,0x00000033d5100000) (1024K)]
  0x0000022c149a1710 JavaThread "SCR Component Actor"        daemon [_thread_blocked, id=10892, stack(0x00000033d5300000,0x00000033d5400000) (1024K)]
  0x0000022c149a1da0 JavaThread "Worker-JM"                         [_thread_blocked, id=14104, stack(0x00000033d5700000,0x00000033d5800000) (1024K)]
  0x0000022c149a2ac0 JavaThread "JNA Cleaner"                daemon [_thread_blocked, id=18308, stack(0x00000033d5600000,0x00000033d5700000) (1024K)]
  0x0000022c149a09f0 JavaThread "Worker-1: Shutdown..."             [_thread_blocked, id=12000, stack(0x00000033d5900000,0x00000033d5a00000) (1024K)]
  0x0000022c1a6a6030 JavaThread "Java indexing"              daemon [_thread_blocked, id=15964, stack(0x00000033d5c00000,0x00000033d5d00000) (1024K)]
  0x0000022c1a6a4c80 JavaThread "Worker-3"                          [_thread_blocked, id=16676, stack(0x00000033d5f00000,0x00000033d6000000) (1024K)]
  0x0000022c1a6a5310 JavaThread "Thread-2"                   daemon [_thread_in_native, id=17544, stack(0x00000033d6100000,0x00000033d6200000) (1024K)]
  0x0000022c1a6a59a0 JavaThread "Thread-3"                   daemon [_thread_in_native, id=1096, stack(0x00000033d6200000,0x00000033d6300000) (1024K)]
  0x0000022c1a6a66c0 JavaThread "Thread-4"                   daemon [_thread_in_native, id=3292, stack(0x00000033d6300000,0x00000033d6400000) (1024K)]
  0x0000022c1a6a38d0 JavaThread "Thread-5"                   daemon [_thread_in_native, id=17860, stack(0x00000033d6400000,0x00000033d6500000) (1024K)]
  0x0000022c1a6a6d50 JavaThread "Thread-6"                   daemon [_thread_in_native, id=14592, stack(0x00000033d6500000,0x00000033d6600000) (1024K)]
  0x0000022c1a6a73e0 JavaThread "Thread-7"                   daemon [_thread_in_native, id=4684, stack(0x00000033d6600000,0x00000033d6700000) (1024K)]
  0x0000022c1a6a3f60 JavaThread "Thread-8"                   daemon [_thread_in_native, id=16368, stack(0x00000033d6700000,0x00000033d6800000) (1024K)]
  0x0000022c1a6a7a70 JavaThread "Thread-9"                   daemon [_thread_in_native, id=8416, stack(0x00000033d6800000,0x00000033d6900000) (1024K)]
  0x0000022c1a6a45f0 JavaThread "Thread-10"                  daemon [_thread_in_native, id=17816, stack(0x00000033d6900000,0x00000033d6a00000) (1024K)]
  0x0000022c1a6a8100 JavaThread "pool-2-thread-1"                   [_thread_blocked, id=19320, stack(0x00000033d6a00000,0x00000033d6b00000) (1024K)]
  0x0000022c1a6a8790 JavaThread "WorkspaceEventsHandler"            [_thread_blocked, id=6856, stack(0x00000033d6b00000,0x00000033d6c00000) (1024K)]
  0x0000022c1a6a8e20 JavaThread "pool-1-thread-1"                   [_thread_blocked, id=17140, stack(0x00000033d6c00000,0x00000033d6d00000) (1024K)]
  0x0000022c1d941a70 JavaThread "ForkJoinPool.commonPool-worker-4" daemon [_thread_blocked, id=10668, stack(0x00000033d5400000,0x00000033d5500000) (1024K)]
  0x0000022c1a6eada0 JavaThread "ForkJoinPool.commonPool-worker-5" daemon [_thread_blocked, id=14376, stack(0x00000033d5a00000,0x00000033d5b00000) (1024K)]
  0x0000022c1a6ec150 JavaThread "ForkJoinPool.commonPool-worker-6" daemon [_thread_blocked, id=16068, stack(0x00000033d5b00000,0x00000033d5c00000) (1024K)]
  0x0000022c1a6e8cd0 JavaThread "ForkJoinPool.commonPool-worker-7" daemon [_thread_blocked, id=17128, stack(0x00000033d5d00000,0x00000033d5e00000) (1024K)]
  0x0000022c1a6edb90 JavaThread "LocalFile Deleter"          daemon [_thread_blocked, id=9080, stack(0x00000033d7400000,0x00000033d7500000) (1024K)]
  0x0000022c1a6ea710 JavaThread "LocalFile Deleter"          daemon [_thread_blocked, id=16016, stack(0x00000033d7500000,0x00000033d7600000) (1024K)]
  0x0000022c1a6ee220 JavaThread "LocalFile Deleter"          daemon [_thread_blocked, id=11992, stack(0x00000033d7600000,0x00000033d7700000) (1024K)]
  0x0000022c14eb1de0 JavaThread "Java Debug Server"          daemon [_thread_in_native, id=6816, stack(0x00000033d7d00000,0x00000033d7e00000) (1024K)]
  0x0000022c14eb03a0 JavaThread "pool-15-thread-1"                  [_thread_in_native, id=12376, stack(0x00000033d7e00000,0x00000033d7f00000) (1024K)]
  0x0000022c14eb2470 JavaThread "RxSchedulerPurge-1"         daemon [_thread_blocked, id=11492, stack(0x00000033d8600000,0x00000033d8700000) (1024K)]
  0x0000022c14eb2b00 JavaThread "RxCachedWorkerPoolEvictor-1" daemon [_thread_blocked, id=13936, stack(0x00000033d8700000,0x00000033d8800000) (1024K)]
  0x0000022c14eb10c0 JavaThread "RxNewThreadScheduler-1"     daemon [_thread_blocked, id=11148, stack(0x00000033d8800000,0x00000033d8900000) (1024K)]
  0x0000022c14eb3190 JavaThread "process reaper (pid 17052)" daemon [_thread_in_native, id=16908, stack(0x00000033d3360000,0x00000033d3380000) (128K)]
  0x0000022c14eaf680 JavaThread "pool-15-thread-2"                  [_thread_in_native, id=14364, stack(0x00000033d6000000,0x00000033d6100000) (1024K)]
  0x0000022c14eb3820 JavaThread "RxNewThreadScheduler-3"     daemon [_thread_blocked, id=19260, stack(0x00000033d7100000,0x00000033d7200000) (1024K)]
  0x0000022c14eb3eb0 JavaThread "process reaper (pid 11672)" daemon [_thread_in_native, id=9012, stack(0x00000033d3380000,0x00000033d33a0000) (128K)]
  0x0000022c14eb4540 JavaThread "Cleaner-0"                  daemon [_thread_blocked, id=15380, stack(0x00000033d8a00000,0x00000033d8b00000) (1024K)]
  0x0000022c14eb4bd0 JavaThread "pool-15-thread-3"                  [_thread_in_native, id=15596, stack(0x00000033d7000000,0x00000033d7100000) (1024K)]
  0x0000022c14eb1750 JavaThread "RxNewThreadScheduler-5"     daemon [_thread_blocked, id=8, stack(0x00000033d8b00000,0x00000033d8c00000) (1024K)]
  0x0000022c14eb6ca0 JavaThread "process reaper (pid 16788)" daemon [_thread_in_native, id=18416, stack(0x00000033d33a0000,0x00000033d33c0000) (128K)]
  0x0000022c14eb5f80 JavaThread "pool-15-thread-4"                  [_thread_in_native, id=4364, stack(0x00000033d6e00000,0x00000033d6f00000) (1024K)]
  0x0000022c14eb6610 JavaThread "RxNewThreadScheduler-7"     daemon [_thread_blocked, id=4108, stack(0x00000033d7f00000,0x00000033d8000000) (1024K)]
  0x0000022c14eb5260 JavaThread "process reaper (pid 5308)"  daemon [_thread_in_native, id=4064, stack(0x00000033d33c0000,0x00000033d33e0000) (128K)]
  0x0000022c14eb58f0 JavaThread "pool-17-thread-1"                  [_thread_blocked, id=17456, stack(0x00000033d3800000,0x00000033d3900000) (1024K)]
  0x0000022c1a6ece70 JavaThread "Worker-6"                          [_thread_blocked, id=9188, stack(0x00000033d3900000,0x00000033d3a00000) (1024K)]
  0x0000022c1a6ec7e0 JavaThread "ForkJoinPool-4-worker-1"    daemon [_thread_in_native, id=16448, stack(0x00000033d5800000,0x00000033d5900000) (1024K)]
  0x0000022c1a6e99f0 JavaThread "ForkJoinPool-4-worker-2"    daemon [_thread_in_native, id=15624, stack(0x00000033d5e00000,0x00000033d5f00000) (1024K)]
  0x0000022c1a6ed500 JavaThread "ForkJoinPool-4-worker-3"    daemon [_thread_in_native, id=5448, stack(0x00000033d6d00000,0x00000033d6e00000) (1024K)]
  0x0000022c1a6ea080 JavaThread "ForkJoinPool-4-worker-4"    daemon [_thread_in_native, id=18860, stack(0x00000033d6f00000,0x00000033d7000000) (1024K)]
  0x0000022c1a6ee8b0 JavaThread "ForkJoinPool-4-worker-5"    daemon [_thread_in_native, id=1568, stack(0x00000033d7200000,0x00000033d7300000) (1024K)]
  0x0000022c1a6ef5d0 JavaThread "ForkJoinPool-4-worker-6"    daemon [_thread_in_native, id=12664, stack(0x00000033d7300000,0x00000033d7400000) (1024K)]
  0x0000022c1a6f02f0 JavaThread "ForkJoinPool-4-worker-7"    daemon [_thread_in_native, id=16644, stack(0x00000033d7700000,0x00000033d7800000) (1024K)]
  0x0000022c14b36330 JavaThread "C2 CompilerThread1"         daemon [_thread_blocked, id=14560, stack(0x00000033d7800000,0x00000033d7900000) (1024K)]
Total: 67

Other Threads:
  0x0000022bd18925d0 VMThread "VM Thread"                           [id=16480, stack(0x00000033d3d00000,0x00000033d3e00000) (1024K)]
  0x0000022bbd568eb0 WatcherThread "VM Periodic Task Thread"        [id=14948, stack(0x00000033d3c00000,0x00000033d3d00000) (1024K)]
  0x0000022bbd519ad0 WorkerThread "GC Thread#0"                     [id=14932, stack(0x00000033d3b00000,0x00000033d3c00000) (1024K)]
  0x0000022c1483c250 WorkerThread "GC Thread#1"                     [id=13308, stack(0x00000033d4800000,0x00000033d4900000) (1024K)]
  0x0000022c147b4460 WorkerThread "GC Thread#2"                     [id=10136, stack(0x00000033d4900000,0x00000033d4a00000) (1024K)]
  0x0000022c1483c5f0 WorkerThread "GC Thread#3"                     [id=5616, stack(0x00000033d4a00000,0x00000033d4b00000) (1024K)]
  0x0000022c14be41e0 WorkerThread "GC Thread#4"                     [id=13120, stack(0x00000033d4b00000,0x00000033d4c00000) (1024K)]
  0x0000022c146ef5c0 WorkerThread "GC Thread#5"                     [id=1916, stack(0x00000033d4c00000,0x00000033d4d00000) (1024K)]
  0x0000022c146ef960 WorkerThread "GC Thread#6"                     [id=17136, stack(0x00000033d4d00000,0x00000033d4e00000) (1024K)]
  0x0000022c14b24df0 WorkerThread "GC Thread#7"                     [id=18608, stack(0x00000033d5100000,0x00000033d5200000) (1024K)]
Total: 10

Threads with active compile tasks:
C2 CompilerThread0  488783 18270   !   4       java.io.ObjectOutputStream::writeObject0 (620 bytes)
Total: 1

VM state: not at safepoint (normal execution)

VM Mutex/Monitor currently owned by a thread: None

Heap address: 0x00000000c0000000, size: 1024 MB, Compressed Oops mode: 32-bit

CDS archive(s) mapped at: [0x0000022bd2000000-0x0000022bd2ba0000-0x0000022bd2ba0000), size 12189696, SharedBaseAddress: 0x0000022bd2000000, ArchiveRelocationMode: 1.
Compressed class space mapped at: 0x0000022bd3000000-0x0000022c13000000, reserved size: 1073741824
Narrow klass base: 0x0000022bd2000000, Narrow klass shift: 0, Narrow klass range: 0x100000000

GC Precious Log:
 CardTable entry size: 512
 CPUs: 8 total, 8 available
 Memory: 7959M
 Large Page Support: Disabled
 NUMA Support: Disabled
 Compressed Oops: Enabled (32-bit)
 Alignments: Space 512K, Generation 512K, Heap 2M
 Heap Min Capacity: 100M
 Heap Initial Capacity: 100M
 Heap Max Capacity: 1G
 Pre-touch: Disabled
 Parallel Workers: 8

Heap:
 PSYoungGen      total 4608K, used 3614K [0x00000000eab00000, 0x00000000eb300000, 0x0000000100000000)
  eden space 4096K, 79% used [0x00000000eab00000,0x00000000eae2f9b0,0x00000000eaf00000)
  from space 512K, 68% used [0x00000000eb200000,0x00000000eb258040,0x00000000eb280000)
  to   space 512K, 0% used [0x00000000eb280000,0x00000000eb280000,0x00000000eb300000)
 ParOldGen       total 577024K, used 424359K [0x00000000c0000000, 0x00000000e3380000, 0x00000000eab00000)
  object space 577024K, 73% used [0x00000000c0000000,0x00000000d9e69dd0,0x00000000e3380000)
 Metaspace       used 77632K, committed 79360K, reserved 1179648K
  class space    used 7832K, committed 8640K, reserved 1048576K

Card table byte_map: [0x0000022bbcec0000,0x0000022bbd0d0000] _byte_map_base: 0x0000022bbc8c0000

Marking Bits: (ParMarkBitMap*) 0x00007ffee11d3260
 Begin Bits: [0x0000022bcf6f0000, 0x0000022bd06f0000)
 End Bits:   [0x0000022bd06f0000, 0x0000022bd16f0000)

Polling page: 0x0000022bbb3c0000

Metaspace:

Usage:
  Non-class:     68.16 MB used.
      Class:      7.65 MB used.
       Both:     75.81 MB used.

Virtual space:
  Non-class space:      128.00 MB reserved,      69.06 MB ( 54%) committed,  2 nodes.
      Class space:        1.00 GB reserved,       8.44 MB ( <1%) committed,  1 nodes.
             Both:        1.12 GB reserved,      77.50 MB (  7%) committed. 

Chunk freelists:
   Non-Class:  10.04 MB
       Class:  7.47 MB
        Both:  17.51 MB

MaxMetaspaceSize: unlimited
CompressedClassSpaceSize: 1.00 GB
Initial GC threshold: 21.00 MB
Current GC threshold: 97.12 MB
CDS: on
 - commit_granule_bytes: 65536.
 - commit_granule_words: 8192.
 - virtual_space_node_default_size: 8388608.
 - enlarge_chunks_in_place: 1.
 - use_allocation_guard: 0.


Internal statistics:

num_allocs_failed_limit: 6.
num_arena_births: 1520.
num_arena_deaths: 20.
num_vsnodes_births: 3.
num_vsnodes_deaths: 0.
num_space_committed: 1240.
num_space_uncommitted: 0.
num_chunks_returned_to_freelist: 28.
num_chunks_taken_from_freelist: 5247.
num_chunk_merges: 12.
num_chunk_splits: 3233.
num_chunks_enlarged: 1842.
num_inconsistent_stats: 0.

CodeHeap 'non-profiled nmethods': size=120000Kb used=19008Kb max_used=19008Kb free=100991Kb
 bounds [0x0000022bc81c0000, 0x0000022bc9460000, 0x0000022bcf6f0000]
CodeHeap 'profiled nmethods': size=120000Kb used=40759Kb max_used=40759Kb free=79240Kb
 bounds [0x0000022bc06f0000, 0x0000022bc2ec0000, 0x0000022bc7c20000]
CodeHeap 'non-nmethods': size=5760Kb used=1491Kb max_used=1559Kb free=4268Kb
 bounds [0x0000022bc7c20000, 0x0000022bc7e90000, 0x0000022bc81c0000]
 total_blobs=18042 nmethods=17236 adapters=709
 compilation: enabled
              stopped_count=0, restarted_count=0
 full_count=0

Compilation events (20 events):
Event: 487.410 Thread 0x0000022c14365e80 18271       3       org.eclipse.core.runtime.Path::toPortableString (158 bytes)
Event: 487.411 Thread 0x0000022c14365e80 nmethod 18271 0x0000022bc2eaf190 code [0x0000022bc2eaf440, 0x0000022bc2eaff10]
Event: 487.419 Thread 0x0000022c14365e80 18272   !   3       org.eclipse.core.internal.localstore.SafeFileOutputStream::write (20 bytes)
Event: 487.419 Thread 0x0000022c14365e80 nmethod 18272 0x0000022bc2eb0390 code [0x0000022bc2eb0540, 0x0000022bc2eb0758]
Event: 487.427 Thread 0x0000022c14365e80 18273       3       java.io.OutputStream::write (34 bytes)
Event: 487.427 Thread 0x0000022c14365e80 nmethod 18273 0x0000022bc2eb0890 code [0x0000022bc2eb0a80, 0x0000022bc2eb0ee0]
Event: 487.427 Thread 0x0000022c14365e80 18274       3       java.io.DataOutputStream::writeByte (14 bytes)
Event: 487.428 Thread 0x0000022c14365e80 nmethod 18274 0x0000022bc2eb1110 code [0x0000022bc2eb12c0, 0x0000022bc2eb1540]
Event: 487.428 Thread 0x0000022c14365e80 18276       3       org.eclipse.core.internal.resources.ResourceInfo::writeTo (41 bytes)
Event: 487.428 Thread 0x0000022c14365e80 nmethod 18276 0x0000022bc2eb1690 code [0x0000022bc2eb1880, 0x0000022bc2eb1dc0]
Event: 487.428 Thread 0x0000022c14365e80 18275       1       org.eclipse.core.internal.dtree.DataTreeNode::type (2 bytes)
Event: 487.428 Thread 0x0000022c14365e80 nmethod 18275 0x0000022bc9443a10 code [0x0000022bc9443ba0, 0x0000022bc9443c68]
Event: 487.432 Thread 0x0000022c14365e80 18279       3       org.eclipse.core.internal.dtree.DeltaDataTree::<init> (20 bytes)
Event: 487.433 Thread 0x0000022c14365e80 nmethod 18279 0x0000022bc2eb1f10 code [0x0000022bc2eb20e0, 0x0000022bc2eb2440]
Event: 487.476 Thread 0x0000022bd18b9c70 nmethod 18263 0x0000022bc9443d10 code [0x0000022bc9444100, 0x0000022bc9446618]
Event: 487.476 Thread 0x0000022bd18b9c70 18268       4       java.io.ObjectOutputStream$HandleTable::lookup (56 bytes)
Event: 487.479 Thread 0x0000022bd18b9c70 nmethod 18268 0x0000022bc9448210 code [0x0000022bc94483c0, 0x0000022bc94485e8]
Event: 487.480 Thread 0x0000022bd18b9c70 18270   !   4       java.io.ObjectOutputStream::writeObject0 (620 bytes)
Event: 487.550 Thread 0x0000022c14365e80 18280   !   3       java.nio.charset.CharsetEncoder::encode (273 bytes)
Event: 487.559 Thread 0x0000022c14365e80 nmethod 18280 0x0000022bc2eb2590 code [0x0000022bc2eb28a0, 0x0000022bc2eb3aa0]

GC Heap History (20 events):
Event: 238.987 GC heap before
{Heap before GC invocations=1257 (full 3):
 PSYoungGen      total 5120K, used 4825K [0x00000000eab00000, 0x00000000eb100000, 0x0000000100000000)
  eden space 4096K, 100% used [0x00000000eab00000,0x00000000eaf00000,0x00000000eaf00000)
  from space 1024K, 71% used [0x00000000eaf00000,0x00000000eafb6410,0x00000000eb000000)
  to   space 1024K, 0% used [0x00000000eb000000,0x00000000eb000000,0x00000000eb100000)
 ParOldGen       total 577024K, used 420263K [0x00000000c0000000, 0x00000000e3380000, 0x00000000eab00000)
  object space 577024K, 72% used [0x00000000c0000000,0x00000000d9a69c80,0x00000000e3380000)
 Metaspace       used 77237K, committed 78912K, reserved 1179648K
  class space    used 7786K, committed 8576K, reserved 1048576K
}
Event: 238.990 GC heap after
{Heap after GC invocations=1257 (full 3):
 PSYoungGen      total 4608K, used 352K [0x00000000eab00000, 0x00000000eb080000, 0x0000000100000000)
  eden space 4096K, 0% used [0x00000000eab00000,0x00000000eab00000,0x00000000eaf00000)
  from space 512K, 68% used [0x00000000eb000000,0x00000000eb058000,0x00000000eb080000)
  to   space 512K, 0% used [0x00000000eaf80000,0x00000000eaf80000,0x00000000eb000000)
 ParOldGen       total 577024K, used 420848K [0x00000000c0000000, 0x00000000e3380000, 0x00000000eab00000)
  object space 577024K, 72% used [0x00000000c0000000,0x00000000d9afc090,0x00000000e3380000)
 Metaspace       used 77237K, committed 78912K, reserved 1179648K
  class space    used 7786K, committed 8576K, reserved 1048576K
}
Event: 259.504 GC heap before
{Heap before GC invocations=1258 (full 3):
 PSYoungGen      total 4608K, used 4392K [0x00000000eab00000, 0x00000000eb080000, 0x0000000100000000)
  eden space 4096K, 98% used [0x00000000eab00000,0x00000000eaef2028,0x00000000eaf00000)
  from space 512K, 68% used [0x00000000eb000000,0x00000000eb058000,0x00000000eb080000)
  to   space 512K, 0% used [0x00000000eaf80000,0x00000000eaf80000,0x00000000eb000000)
 ParOldGen       total 577024K, used 420848K [0x00000000c0000000, 0x00000000e3380000, 0x00000000eab00000)
  object space 577024K, 72% used [0x00000000c0000000,0x00000000d9afc090,0x00000000e3380000)
 Metaspace       used 77241K, committed 78912K, reserved 1179648K
  class space    used 7786K, committed 8576K, reserved 1048576K
}
Event: 259.512 GC heap after
{Heap after GC invocations=1258 (full 3):
 PSYoungGen      total 4608K, used 430K [0x00000000eab00000, 0x00000000eb080000, 0x0000000100000000)
  eden space 4096K, 0% used [0x00000000eab00000,0x00000000eab00000,0x00000000eaf00000)
  from space 512K, 84% used [0x00000000eaf80000,0x00000000eafeba20,0x00000000eb000000)
  to   space 512K, 0% used [0x00000000eb000000,0x00000000eb000000,0x00000000eb080000)
 ParOldGen       total 577024K, used 421088K [0x00000000c0000000, 0x00000000e3380000, 0x00000000eab00000)
  object space 577024K, 72% used [0x00000000c0000000,0x00000000d9b38090,0x00000000e3380000)
 Metaspace       used 77241K, committed 78912K, reserved 1179648K
  class space    used 7786K, committed 8576K, reserved 1048576K
}
Event: 259.573 GC heap before
{Heap before GC invocations=1259 (full 3):
 PSYoungGen      total 4608K, used 4470K [0x00000000eab00000, 0x00000000eb080000, 0x0000000100000000)
  eden space 4096K, 98% used [0x00000000eab00000,0x00000000eaef20e0,0x00000000eaf00000)
  from space 512K, 84% used [0x00000000eaf80000,0x00000000eafeba20,0x00000000eb000000)
  to   space 512K, 0% used [0x00000000eb000000,0x00000000eb000000,0x00000000eb080000)
 ParOldGen       total 577024K, used 421088K [0x00000000c0000000, 0x00000000e3380000, 0x00000000eab00000)
  object space 577024K, 72% used [0x00000000c0000000,0x00000000d9b38090,0x00000000e3380000)
 Metaspace       used 77241K, committed 78912K, reserved 1179648K
  class space    used 7786K, committed 8576K, reserved 1048576K
}
Event: 259.575 GC heap after
{Heap after GC invocations=1259 (full 3):
 PSYoungGen      total 4608K, used 160K [0x00000000eab00000, 0x00000000eb080000, 0x0000000100000000)
  eden space 4096K, 0% used [0x00000000eab00000,0x00000000eab00000,0x00000000eaf00000)
  from space 512K, 31% used [0x00000000eb000000,0x00000000eb028000,0x00000000eb080000)
  to   space 512K, 0% used [0x00000000eaf80000,0x00000000eaf80000,0x00000000eb000000)
 ParOldGen       total 577024K, used 421392K [0x00000000c0000000, 0x00000000e3380000, 0x00000000eab00000)
  object space 577024K, 73% used [0x00000000c0000000,0x00000000d9b84090,0x00000000e3380000)
 Metaspace       used 77241K, committed 78912K, reserved 1179648K
  class space    used 7786K, committed 8576K, reserved 1048576K
}
Event: 259.641 GC heap before
{Heap before GC invocations=1260 (full 3):
 PSYoungGen      total 4608K, used 3914K [0x00000000eab00000, 0x00000000eb080000, 0x0000000100000000)
  eden space 4096K, 91% used [0x00000000eab00000,0x00000000eaeaaba0,0x00000000eaf00000)
  from space 512K, 31% used [0x00000000eb000000,0x00000000eb028000,0x00000000eb080000)
  to   space 512K, 0% used [0x00000000eaf80000,0x00000000eaf80000,0x00000000eb000000)
 ParOldGen       total 577024K, used 421392K [0x00000000c0000000, 0x00000000e3380000, 0x00000000eab00000)
  object space 577024K, 73% used [0x00000000c0000000,0x00000000d9b84090,0x00000000e3380000)
 Metaspace       used 77241K, committed 78912K, reserved 1179648K
  class space    used 7786K, committed 8576K, reserved 1048576K
}
Event: 259.642 GC heap after
{Heap after GC invocations=1260 (full 3):
 PSYoungGen      total 4608K, used 192K [0x00000000eab00000, 0x00000000eb080000, 0x0000000100000000)
  eden space 4096K, 0% used [0x00000000eab00000,0x00000000eab00000,0x00000000eaf00000)
  from space 512K, 37% used [0x00000000eaf80000,0x00000000eafb0000,0x00000000eb000000)
  to   space 512K, 0% used [0x00000000eb000000,0x00000000eb000000,0x00000000eb080000)
 ParOldGen       total 577024K, used 421456K [0x00000000c0000000, 0x00000000e3380000, 0x00000000eab00000)
  object space 577024K, 73% used [0x00000000c0000000,0x00000000d9b94090,0x00000000e3380000)
 Metaspace       used 77241K, committed 78912K, reserved 1179648K
  class space    used 7786K, committed 8576K, reserved 1048576K
}
Event: 259.682 GC heap before
{Heap before GC invocations=1261 (full 3):
 PSYoungGen      total 4608K, used 4177K [0x00000000eab00000, 0x00000000eb080000, 0x0000000100000000)
  eden space 4096K, 97% used [0x00000000eab00000,0x00000000eaee44f8,0x00000000eaf00000)
  from space 512K, 37% used [0x00000000eaf80000,0x00000000eafb0000,0x00000000eb000000)
  to   space 512K, 0% used [0x00000000eb000000,0x00000000eb000000,0x00000000eb080000)
 ParOldGen       total 577024K, used 421456K [0x00000000c0000000, 0x00000000e3380000, 0x00000000eab00000)
  object space 577024K, 73% used [0x00000000c0000000,0x00000000d9b94090,0x00000000e3380000)
 Metaspace       used 77241K, committed 78912K, reserved 1179648K
  class space    used 7786K, committed 8576K, reserved 1048576K
}
Event: 259.683 GC heap after
{Heap after GC invocations=1261 (full 3):
 PSYoungGen      total 4608K, used 160K [0x00000000eab00000, 0x00000000eb080000, 0x0000000100000000)
  eden space 4096K, 0% used [0x00000000eab00000,0x00000000eab00000,0x00000000eaf00000)
  from space 512K, 31% used [0x00000000eb000000,0x00000000eb028000,0x00000000eb080000)
  to   space 512K, 0% used [0x00000000eaf80000,0x00000000eaf80000,0x00000000eb000000)
 ParOldGen       total 577024K, used 421496K [0x00000000c0000000, 0x00000000e3380000, 0x00000000eab00000)
  object space 577024K, 73% used [0x00000000c0000000,0x00000000d9b9e090,0x00000000e3380000)
 Metaspace       used 77241K, committed 78912K, reserved 1179648K
  class space    used 7786K, committed 8576K, reserved 1048576K
}
Event: 259.695 GC heap before
{Heap before GC invocations=1262 (full 3):
 PSYoungGen      total 4608K, used 4256K [0x00000000eab00000, 0x00000000eb080000, 0x0000000100000000)
  eden space 4096K, 100% used [0x00000000eab00000,0x00000000eaf00000,0x00000000eaf00000)
  from space 512K, 31% used [0x00000000eb000000,0x00000000eb028000,0x00000000eb080000)
  to   space 512K, 0% used [0x00000000eaf80000,0x00000000eaf80000,0x00000000eb000000)
 ParOldGen       total 577024K, used 421496K [0x00000000c0000000, 0x00000000e3380000, 0x00000000eab00000)
  object space 577024K, 73% used [0x00000000c0000000,0x00000000d9b9e090,0x00000000e3380000)
 Metaspace       used 77241K, committed 78912K, reserved 1179648K
  class space    used 7786K, committed 8576K, reserved 1048576K
}
Event: 259.698 GC heap after
{Heap after GC invocations=1262 (full 3):
 PSYoungGen      total 4608K, used 481K [0x00000000eab00000, 0x00000000eb600000, 0x0000000100000000)
  eden space 4096K, 0% used [0x00000000eab00000,0x00000000eab00000,0x00000000eaf00000)
  from space 512K, 93% used [0x00000000eaf80000,0x00000000eaff8490,0x00000000eb000000)
  to   space 3584K, 0% used [0x00000000eb280000,0x00000000eb280000,0x00000000eb600000)
 ParOldGen       total 577024K, used 423780K [0x00000000c0000000, 0x00000000e3380000, 0x00000000eab00000)
  object space 577024K, 73% used [0x00000000c0000000,0x00000000d9dd92c0,0x00000000e3380000)
 Metaspace       used 77241K, committed 78912K, reserved 1179648K
  class space    used 7786K, committed 8576K, reserved 1048576K
}
Event: 259.766 GC heap before
{Heap before GC invocations=1263 (full 3):
 PSYoungGen      total 4608K, used 4576K [0x00000000eab00000, 0x00000000eb600000, 0x0000000100000000)
  eden space 4096K, 99% used [0x00000000eab00000,0x00000000eaeffe60,0x00000000eaf00000)
  from space 512K, 93% used [0x00000000eaf80000,0x00000000eaff8490,0x00000000eb000000)
  to   space 3584K, 0% used [0x00000000eb280000,0x00000000eb280000,0x00000000eb600000)
 ParOldGen       total 577024K, used 423780K [0x00000000c0000000, 0x00000000e3380000, 0x00000000eab00000)
  object space 577024K, 73% used [0x00000000c0000000,0x00000000d9dd92c0,0x00000000e3380000)
 Metaspace       used 77241K, committed 78912K, reserved 1179648K
  class space    used 7786K, committed 8576K, reserved 1048576K
}
Event: 259.768 GC heap after
{Heap after GC invocations=1263 (full 3):
 PSYoungGen      total 4608K, used 224K [0x00000000eab00000, 0x00000000eb300000, 0x0000000100000000)
  eden space 4096K, 0% used [0x00000000eab00000,0x00000000eab00000,0x00000000eaf00000)
  from space 512K, 43% used [0x00000000eb280000,0x00000000eb2b8000,0x00000000eb300000)
  to   space 1536K, 0% used [0x00000000eb000000,0x00000000eb000000,0x00000000eb180000)
 ParOldGen       total 577024K, used 424159K [0x00000000c0000000, 0x00000000e3380000, 0x00000000eab00000)
  object space 577024K, 73% used [0x00000000c0000000,0x00000000d9e37dd0,0x00000000e3380000)
 Metaspace       used 77241K, committed 78912K, reserved 1179648K
  class space    used 7786K, committed 8576K, reserved 1048576K
}
Event: 259.903 GC heap before
{Heap before GC invocations=1264 (full 3):
 PSYoungGen      total 4608K, used 4320K [0x00000000eab00000, 0x00000000eb300000, 0x0000000100000000)
  eden space 4096K, 100% used [0x00000000eab00000,0x00000000eaf00000,0x00000000eaf00000)
  from space 512K, 43% used [0x00000000eb280000,0x00000000eb2b8000,0x00000000eb300000)
  to   space 1536K, 0% used [0x00000000eb000000,0x00000000eb000000,0x00000000eb180000)
 ParOldGen       total 577024K, used 424159K [0x00000000c0000000, 0x00000000e3380000, 0x00000000eab00000)
  object space 577024K, 73% used [0x00000000c0000000,0x00000000d9e37dd0,0x00000000e3380000)
 Metaspace       used 77241K, committed 78912K, reserved 1179648K
  class space    used 7786K, committed 8576K, reserved 1048576K
}
Event: 259.905 GC heap after
{Heap after GC invocations=1264 (full 3):
 PSYoungGen      total 5632K, used 269K [0x00000000eab00000, 0x00000000eb300000, 0x0000000100000000)
  eden space 4096K, 0% used [0x00000000eab00000,0x00000000eab00000,0x00000000eaf00000)
  from space 1536K, 17% used [0x00000000eb000000,0x00000000eb043438,0x00000000eb180000)
  to   space 512K, 0% used [0x00000000eb280000,0x00000000eb280000,0x00000000eb300000)
 ParOldGen       total 577024K, used 424223K [0x00000000c0000000, 0x00000000e3380000, 0x00000000eab00000)
  object space 577024K, 73% used [0x00000000c0000000,0x00000000d9e47dd0,0x00000000e3380000)
 Metaspace       used 77241K, committed 78912K, reserved 1179648K
  class space    used 7786K, committed 8576K, reserved 1048576K
}
Event: 260.162 GC heap before
{Heap before GC invocations=1265 (full 3):
 PSYoungGen      total 5632K, used 4365K [0x00000000eab00000, 0x00000000eb300000, 0x0000000100000000)
  eden space 4096K, 100% used [0x00000000eab00000,0x00000000eaf00000,0x00000000eaf00000)
  from space 1536K, 17% used [0x00000000eb000000,0x00000000eb043438,0x00000000eb180000)
  to   space 512K, 0% used [0x00000000eb280000,0x00000000eb280000,0x00000000eb300000)
 ParOldGen       total 577024K, used 424223K [0x00000000c0000000, 0x00000000e3380000, 0x00000000eab00000)
  object space 577024K, 73% used [0x00000000c0000000,0x00000000d9e47dd0,0x00000000e3380000)
 Metaspace       used 77241K, committed 78912K, reserved 1179648K
  class space    used 7786K, committed 8576K, reserved 1048576K
}
Event: 260.163 GC heap after
{Heap after GC invocations=1265 (full 3):
 PSYoungGen      total 4608K, used 256K [0x00000000eab00000, 0x00000000eb300000, 0x0000000100000000)
  eden space 4096K, 0% used [0x00000000eab00000,0x00000000eab00000,0x00000000eaf00000)
  from space 512K, 50% used [0x00000000eb280000,0x00000000eb2c0000,0x00000000eb300000)
  to   space 512K, 0% used [0x00000000eb200000,0x00000000eb200000,0x00000000eb280000)
 ParOldGen       total 577024K, used 424279K [0x00000000c0000000, 0x00000000e3380000, 0x00000000eab00000)
  object space 577024K, 73% used [0x00000000c0000000,0x00000000d9e55dd0,0x00000000e3380000)
 Metaspace       used 77241K, committed 78912K, reserved 1179648K
  class space    used 7786K, committed 8576K, reserved 1048576K
}
Event: 484.531 GC heap before
{Heap before GC invocations=1266 (full 3):
 PSYoungGen      total 4608K, used 4352K [0x00000000eab00000, 0x00000000eb300000, 0x0000000100000000)
  eden space 4096K, 100% used [0x00000000eab00000,0x00000000eaf00000,0x00000000eaf00000)
  from space 512K, 50% used [0x00000000eb280000,0x00000000eb2c0000,0x00000000eb300000)
  to   space 512K, 0% used [0x00000000eb200000,0x00000000eb200000,0x00000000eb280000)
 ParOldGen       total 577024K, used 424279K [0x00000000c0000000, 0x00000000e3380000, 0x00000000eab00000)
  object space 577024K, 73% used [0x00000000c0000000,0x00000000d9e55dd0,0x00000000e3380000)
 Metaspace       used 77442K, committed 79232K, reserved 1179648K
  class space    used 7809K, committed 8640K, reserved 1048576K
}
Event: 484.823 GC heap after
{Heap after GC invocations=1266 (full 3):
 PSYoungGen      total 4608K, used 352K [0x00000000eab00000, 0x00000000eb300000, 0x0000000100000000)
  eden space 4096K, 0% used [0x00000000eab00000,0x00000000eab00000,0x00000000eaf00000)
  from space 512K, 68% used [0x00000000eb200000,0x00000000eb258040,0x00000000eb280000)
  to   space 512K, 0% used [0x00000000eb280000,0x00000000eb280000,0x00000000eb300000)
 ParOldGen       total 577024K, used 424359K [0x00000000c0000000, 0x00000000e3380000, 0x00000000eab00000)
  object space 577024K, 73% used [0x00000000c0000000,0x00000000d9e69dd0,0x00000000e3380000)
 Metaspace       used 77442K, committed 79232K, reserved 1179648K
  class space    used 7809K, committed 8640K, reserved 1048576K
}

Dll operation events (12 events):
Event: 0.066 Loaded shared library c:\Users\Fer\.vscode\extensions\redhat.java-1.41.2025031208-win32-x64\jre\21.0.6-win32-x86_64\bin\java.dll
Event: 0.288 Loaded shared library c:\Users\Fer\.vscode\extensions\redhat.java-1.41.2025031208-win32-x64\jre\21.0.6-win32-x86_64\bin\zip.dll
Event: 0.327 Loaded shared library C:\Users\Fer\.vscode\extensions\redhat.java-1.41.2025031208-win32-x64\jre\21.0.6-win32-x86_64\bin\instrument.dll
Event: 0.334 Loaded shared library C:\Users\Fer\.vscode\extensions\redhat.java-1.41.2025031208-win32-x64\jre\21.0.6-win32-x86_64\bin\net.dll
Event: 0.337 Loaded shared library C:\Users\Fer\.vscode\extensions\redhat.java-1.41.2025031208-win32-x64\jre\21.0.6-win32-x86_64\bin\nio.dll
Event: 0.350 Loaded shared library C:\Users\Fer\.vscode\extensions\redhat.java-1.41.2025031208-win32-x64\jre\21.0.6-win32-x86_64\bin\zip.dll
Event: 0.413 Loaded shared library C:\Users\Fer\.vscode\extensions\redhat.java-1.41.2025031208-win32-x64\jre\21.0.6-win32-x86_64\bin\jimage.dll
Event: 0.652 Loaded shared library c:\Users\Fer\.vscode\extensions\redhat.java-1.41.2025031208-win32-x64\jre\21.0.6-win32-x86_64\bin\verify.dll
Event: 18.910 Loaded shared library C:\Users\Fer\AppData\Roaming\Code\User\globalStorage\redhat.java\1.41.2025031208\config_win\org.eclipse.equinox.launcher\org.eclipse.equinox.launcher.win32.win32.x86_64_1.2.1200.v20250212-0927\eclipse_11909.dll
Event: 38.342 Loaded shared library C:\Users\Fer\AppData\Local\Temp\jna-70515\jna14454708611095446370.dll
Event: 173.882 Loaded shared library C:\Users\Fer\.vscode\extensions\redhat.java-1.41.2025031208-win32-x64\jre\21.0.6-win32-x86_64\bin\sunmscapi.dll
Event: 186.481 Loaded shared library C:\Users\Fer\.vscode\extensions\redhat.java-1.41.2025031208-win32-x64\jre\21.0.6-win32-x86_64\bin\extnet.dll

Deoptimization events (20 events):
Event: 487.366 Thread 0x0000022c149a09f0 Uncommon trap: trap_request=0xffffff45 fr.pc=0x0000022bc94226c8 relative=0x0000000000000188
Event: 487.366 Thread 0x0000022c149a09f0 Uncommon trap: reason=unstable_if action=reinterpret pc=0x0000022bc94226c8 method=java.io.ObjectOutputStream$HandleTable.lookup(Ljava/lang/Object;)I @ 4 c2
Event: 487.366 Thread 0x0000022c149a09f0 DEOPT PACKING pc=0x0000022bc94226c8 sp=0x00000033d59feb20
Event: 487.367 Thread 0x0000022c149a09f0 DEOPT UNPACKING pc=0x0000022bc7c76da2 sp=0x00000033d59feac0 mode 2
Event: 487.419 Thread 0x0000022c149a09f0 Uncommon trap: trap_request=0xffffffc6 fr.pc=0x0000022bc943b110 relative=0x0000000000000490
Event: 487.419 Thread 0x0000022c149a09f0 Uncommon trap: reason=bimorphic_or_optimized_type_check action=maybe_recompile pc=0x0000022bc943b110 method=java.io.DataOutputStream.writeByte(I)V @ 5 c2
Event: 487.419 Thread 0x0000022c149a09f0 DEOPT PACKING pc=0x0000022bc943b110 sp=0x00000033d59fed20
Event: 487.419 Thread 0x0000022c149a09f0 DEOPT UNPACKING pc=0x0000022bc7c76da2 sp=0x00000033d59fecd8 mode 2
Event: 487.419 Thread 0x0000022c149a09f0 Uncommon trap: trap_request=0xffffffc6 fr.pc=0x0000022bc943b110 relative=0x0000000000000490
Event: 487.419 Thread 0x0000022c149a09f0 Uncommon trap: reason=bimorphic_or_optimized_type_check action=maybe_recompile pc=0x0000022bc943b110 method=java.io.DataOutputStream.writeByte(I)V @ 5 c2
Event: 487.419 Thread 0x0000022c149a09f0 DEOPT PACKING pc=0x0000022bc943b110 sp=0x00000033d59fed20
Event: 487.419 Thread 0x0000022c149a09f0 DEOPT UNPACKING pc=0x0000022bc7c76da2 sp=0x00000033d59fecd8 mode 2
Event: 487.426 Thread 0x0000022c149a09f0 Uncommon trap: trap_request=0xffffffc6 fr.pc=0x0000022bc943b110 relative=0x0000000000000490
Event: 487.426 Thread 0x0000022c149a09f0 Uncommon trap: reason=bimorphic_or_optimized_type_check action=maybe_recompile pc=0x0000022bc943b110 method=java.io.DataOutputStream.writeByte(I)V @ 5 c2
Event: 487.426 Thread 0x0000022c149a09f0 DEOPT PACKING pc=0x0000022bc943b110 sp=0x00000033d59fec90
Event: 487.426 Thread 0x0000022c149a09f0 DEOPT UNPACKING pc=0x0000022bc7c76da2 sp=0x00000033d59fec48 mode 2
Event: 487.426 Thread 0x0000022c149a09f0 Uncommon trap: trap_request=0xffffffc6 fr.pc=0x0000022bc943b110 relative=0x0000000000000490
Event: 487.426 Thread 0x0000022c149a09f0 Uncommon trap: reason=bimorphic_or_optimized_type_check action=maybe_recompile pc=0x0000022bc943b110 method=java.io.DataOutputStream.writeByte(I)V @ 5 c2
Event: 487.426 Thread 0x0000022c149a09f0 DEOPT PACKING pc=0x0000022bc943b110 sp=0x00000033d59fec90
Event: 487.426 Thread 0x0000022c149a09f0 DEOPT UNPACKING pc=0x0000022bc7c76da2 sp=0x00000033d59fec48 mode 2

Classes loaded (20 events):
Event: 480.257 Loading class java/util/stream/Nodes$CollectorTask done
Event: 480.258 Loading class java/util/stream/Nodes$CollectorTask$OfRef done
Event: 481.575 Loading class java/util/function/LongFunction
Event: 481.585 Loading class java/util/function/LongFunction done
Event: 481.600 Loading class java/util/stream/Nodes$ConcNode
Event: 481.621 Loading class java/util/stream/Nodes$AbstractConcNode
Event: 481.638 Loading class java/util/stream/Nodes$AbstractConcNode done
Event: 481.638 Loading class java/util/stream/Nodes$ConcNode done
Event: 482.633 Loading class java/io/ObjectOutputStream$BlockDataOutputStream
Event: 483.595 Loading class java/io/ObjectOutputStream$BlockDataOutputStream done
Event: 483.597 Loading class java/io/ObjectOutputStream$HandleTable
Event: 483.973 Loading class java/io/ObjectOutputStream$HandleTable done
Event: 483.976 Loading class java/io/ObjectOutputStream$ReplaceTable
Event: 484.007 Loading class java/io/ObjectOutputStream$ReplaceTable done
Event: 484.418 Loading class java/util/concurrent/Executors$DelegatedScheduledExecutorService
Event: 484.459 Loading class java/util/concurrent/Executors$DelegatedExecutorService
Event: 484.477 Loading class java/util/concurrent/Executors$DelegatedExecutorService done
Event: 484.477 Loading class java/util/concurrent/Executors$DelegatedScheduledExecutorService done
Event: 487.449 Loading class java/util/Collections$EmptyListIterator
Event: 487.459 Loading class java/util/Collections$EmptyListIterator done

Classes unloaded (10 events):
Event: 39.550 Thread 0x0000022bd18925d0 Unloading class 0x0000022bd31a1400 'java/lang/invoke/LambdaForm$MH+0x0000022bd31a1400'
Event: 39.550 Thread 0x0000022bd18925d0 Unloading class 0x0000022bd31a1000 'java/lang/invoke/LambdaForm$MH+0x0000022bd31a1000'
Event: 39.550 Thread 0x0000022bd18925d0 Unloading class 0x0000022bd31a0c00 'java/lang/invoke/LambdaForm$MH+0x0000022bd31a0c00'
Event: 39.550 Thread 0x0000022bd18925d0 Unloading class 0x0000022bd31a0800 'java/lang/invoke/LambdaForm$MH+0x0000022bd31a0800'
Event: 39.550 Thread 0x0000022bd18925d0 Unloading class 0x0000022bd31a0400 'java/lang/invoke/LambdaForm$BMH+0x0000022bd31a0400'
Event: 39.550 Thread 0x0000022bd18925d0 Unloading class 0x0000022bd31a0000 'java/lang/invoke/LambdaForm$DMH+0x0000022bd31a0000'
Event: 39.550 Thread 0x0000022bd18925d0 Unloading class 0x0000022bd319ec00 'java/lang/invoke/LambdaForm$DMH+0x0000022bd319ec00'
Event: 146.329 Thread 0x0000022bd18925d0 Unloading class 0x0000022bd35ed000 'java/lang/invoke/LambdaForm$DMH+0x0000022bd35ed000'
Event: 146.329 Thread 0x0000022bd18925d0 Unloading class 0x0000022bd35ecc00 'java/lang/invoke/LambdaForm$DMH+0x0000022bd35ecc00'
Event: 146.329 Thread 0x0000022bd18925d0 Unloading class 0x0000022bd35ec800 'java/lang/invoke/LambdaForm$DMH+0x0000022bd35ec800'

Classes redefined (0 events):
No events

Internal exceptions (20 events):
Event: 231.081 Thread 0x0000022c1d944860 Exception <a 'sun/nio/fs/WindowsException'{0x00000000eab32960}> (0x00000000eab32960) 
thrown [s\src\hotspot\share\prims\jni.cpp, line 520]
Event: 231.090 Thread 0x0000022c1d944860 Exception <a 'sun/nio/fs/WindowsException'{0x00000000eab51d00}> (0x00000000eab51d00) 
thrown [s\src\hotspot\share\prims\jni.cpp, line 520]
Event: 231.091 Thread 0x0000022c1d944860 Exception <a 'sun/nio/fs/WindowsException'{0x00000000eab525c8}> (0x00000000eab525c8) 
thrown [s\src\hotspot\share\prims\jni.cpp, line 520]
Event: 231.647 Thread 0x0000022c14eb1750 Exception <a 'sun/nio/fs/WindowsException'{0x00000000eac36210}> (0x00000000eac36210) 
thrown [s\src\hotspot\share\prims\jni.cpp, line 520]
Event: 231.647 Thread 0x0000022c14eb1750 Exception <a 'sun/nio/fs/WindowsException'{0x00000000eac36878}> (0x00000000eac36878) 
thrown [s\src\hotspot\share\prims\jni.cpp, line 520]
Event: 238.235 Thread 0x0000022c1d9413e0 Exception <a 'java/lang/ArrayIndexOutOfBoundsException'{0x00000000eab72328}> (0x00000000eab72328) 
thrown [s\src\hotspot\share\runtime\sharedRuntime.cpp, line 625]
Event: 259.463 Thread 0x0000022c1d9413e0 Exception <a 'sun/nio/fs/WindowsException'{0x00000000ead5f540}> (0x00000000ead5f540) 
thrown [s\src\hotspot\share\prims\jni.cpp, line 520]
Event: 259.463 Thread 0x0000022c1d9413e0 Exception <a 'sun/nio/fs/WindowsException'{0x00000000ead60058}> (0x00000000ead60058) 
thrown [s\src\hotspot\share\prims\jni.cpp, line 520]
Event: 259.464 Thread 0x0000022c1d9413e0 Exception <a 'sun/nio/fs/WindowsException'{0x00000000ead60d18}> (0x00000000ead60d18) 
thrown [s\src\hotspot\share\prims\jni.cpp, line 520]
Event: 259.464 Thread 0x0000022c1d9413e0 Exception <a 'sun/nio/fs/WindowsException'{0x00000000ead61830}> (0x00000000ead61830) 
thrown [s\src\hotspot\share\prims\jni.cpp, line 520]
Event: 259.464 Thread 0x0000022c1d9413e0 Exception <a 'sun/nio/fs/WindowsException'{0x00000000ead63150}> (0x00000000ead63150) 
thrown [s\src\hotspot\share\prims\jni.cpp, line 520]
Event: 259.464 Thread 0x0000022c1d9413e0 Exception <a 'sun/nio/fs/WindowsException'{0x00000000ead639d0}> (0x00000000ead639d0) 
thrown [s\src\hotspot\share\prims\jni.cpp, line 520]
Event: 259.478 Thread 0x0000022c1d9413e0 Exception <a 'sun/nio/fs/WindowsException'{0x00000000ead86128}> (0x00000000ead86128) 
thrown [s\src\hotspot\share\prims\jni.cpp, line 520]
Event: 259.478 Thread 0x0000022c1d9413e0 Exception <a 'sun/nio/fs/WindowsException'{0x00000000ead869f0}> (0x00000000ead869f0) 
thrown [s\src\hotspot\share\prims\jni.cpp, line 520]
Event: 260.231 Thread 0x0000022c14eb6610 Exception <a 'sun/nio/fs/WindowsException'{0x00000000eac7d270}> (0x00000000eac7d270) 
thrown [s\src\hotspot\share\prims\jni.cpp, line 520]
Event: 260.232 Thread 0x0000022c14eb6610 Exception <a 'sun/nio/fs/WindowsException'{0x00000000eac7d8d8}> (0x00000000eac7d8d8) 
thrown [s\src\hotspot\share\prims\jni.cpp, line 520]
Event: 484.367 Thread 0x0000022c1a6a4c80 Implicit null exception at 0x0000022bc935de83 to 0x0000022bc935f0a8
Event: 485.535 Thread 0x0000022c1a6a4c80 Exception <a 'java/lang/NoSuchMethodError'{0x00000000eaba7788}: static [J.<clinit>()V> (0x00000000eaba7788) 
thrown [s\src\hotspot\share\prims\jni.cpp, line 1111]
Event: 486.380 Thread 0x0000022c1a6a4c80 Exception <a 'java/lang/NoSuchMethodError'{0x00000000eac33070}: 'java.lang.Object java.lang.invoke.DirectMethodHandle$Holder.newInvokeSpecial(java.lang.Object, java.lang.Object, java.lang.Object, java.lang.Object, java.lang.Object, java.lang.Object, java.lang.Object, java.lang.Object)'> (0x00000000eac33070) 
thrown [s\src\hotspot\share\interpreter\linkResolver.cpp, line 773]
Event: 487.627 Thread 0x0000022c149a09f0 Exception <a 'java/lang/NoSuchMethodError'{0x00000000eadd0d80}: 'java.lang.Object java.lang.invoke.DirectMethodHandle$Holder.newInvokeSpecial(java.lang.Object, java.lang.Object, java.lang.Object, java.lang.Object, java.lang.Object, java.lang.Object, java.lang.Object, java.lang.Object, java.lang.Object, java.lang.Object)'> (0x00000000eadd0d80) 
thrown [s\src\hotspot\share\interpreter\linkResolver.cpp, line 773]

ZGC Phase Switch (0 events):
No events

VM Operations (20 events):
Event: 421.289 Executing VM operation: HandshakeAllThreads (HandshakeForDeflation) done
Event: 421.289 Executing VM operation: RendezvousGCThreads
Event: 421.289 Executing VM operation: RendezvousGCThreads done
Event: 480.666 Executing VM operation: Cleanup
Event: 481.552 Executing VM operation: Cleanup done
Event: 481.552 Executing VM operation: HandshakeAllThreads (Deoptimize)
Event: 481.561 Executing VM operation: HandshakeAllThreads (Deoptimize) done
Event: 481.561 Executing VM operation: HandshakeAllThreads (HandshakeForDeflation)
Event: 481.561 Executing VM operation: HandshakeAllThreads (HandshakeForDeflation) done
Event: 481.561 Executing VM operation: RendezvousGCThreads
Event: 481.561 Executing VM operation: RendezvousGCThreads done
Event: 484.525 Executing VM operation: ParallelGCFailedAllocation (Allocation Failure)
Event: 484.823 Executing VM operation: ParallelGCFailedAllocation (Allocation Failure) done
Event: 486.027 Executing VM operation: HandshakeAllThreads (Deoptimize)
Event: 486.027 Executing VM operation: HandshakeAllThreads (Deoptimize) done
Event: 486.027 Executing VM operation: Cleanup
Event: 486.027 Executing VM operation: Cleanup done
Event: 486.862 Executing VM operation: HandshakeAllThreads (Deoptimize)
Event: 486.862 Executing VM operation: HandshakeAllThreads (Deoptimize) done
Event: 487.873 Executing VM operation: Cleanup

Memory protections (0 events):
No events

Nmethod flushes (20 events):
Event: 146.388 Thread 0x0000022bd18925d0 flushing  nmethod 0x0000022bc12ac390
Event: 146.388 Thread 0x0000022bd18925d0 flushing  nmethod 0x0000022bc12ac790
Event: 146.388 Thread 0x0000022bd18925d0 flushing  nmethod 0x0000022bc12b5c10
Event: 146.388 Thread 0x0000022bd18925d0 flushing  nmethod 0x0000022bc12bd490
Event: 146.388 Thread 0x0000022bd18925d0 flushing  nmethod 0x0000022bc12c0210
Event: 146.388 Thread 0x0000022bd18925d0 flushing  nmethod 0x0000022bc12c0910
Event: 146.388 Thread 0x0000022bd18925d0 flushing  nmethod 0x0000022bc12c1710
Event: 146.388 Thread 0x0000022bd18925d0 flushing  nmethod 0x0000022bc12c2310
Event: 146.388 Thread 0x0000022bd18925d0 flushing  nmethod 0x0000022bc12c2910
Event: 146.388 Thread 0x0000022bd18925d0 flushing  nmethod 0x0000022bc12c3190
Event: 146.388 Thread 0x0000022bd18925d0 flushing  nmethod 0x0000022bc12c7b10
Event: 146.388 Thread 0x0000022bd18925d0 flushing  nmethod 0x0000022bc12cba90
Event: 146.388 Thread 0x0000022bd18925d0 flushing  nmethod 0x0000022bc12cff10
Event: 146.388 Thread 0x0000022bd18925d0 flushing  nmethod 0x0000022bc12e0490
Event: 146.388 Thread 0x0000022bd18925d0 flushing  nmethod 0x0000022bc12e3990
Event: 146.388 Thread 0x0000022bd18925d0 flushing  nmethod 0x0000022bc12e5f90
Event: 146.388 Thread 0x0000022bd18925d0 flushing  nmethod 0x0000022bc12f5e90
Event: 146.388 Thread 0x0000022bd18925d0 flushing osr nmethod 0x0000022bc1301190
Event: 146.388 Thread 0x0000022bd18925d0 flushing osr nmethod 0x0000022bc1324b90
Event: 146.388 Thread 0x0000022bd18925d0 flushing  nmethod 0x0000022bc1326910

Events (20 events):
Event: 440.234 Thread 0x0000022c1d944860 Thread exited: 0x0000022c1d944860
Event: 480.150 Thread 0x0000022c1a6a4c80 Thread added: 0x0000022c14eb58f0
Event: 481.654 Thread 0x0000022c14eb58f0 Thread exited: 0x0000022c14eb58f0
Event: 484.516 Thread 0x0000022c1a6a8100 Thread added: 0x0000022c14eb58f0
Event: 484.835 Thread 0x0000022c149a09f0 Thread added: 0x0000022c1a6ece70
Event: 484.861 Thread 0x0000022c1a6f02f0 Thread exited: 0x0000022c1a6f02f0
Event: 484.862 Thread 0x0000022c149a1080 Thread exited: 0x0000022c149a1080
Event: 484.863 Thread 0x0000022c1a6a9b40 Thread exited: 0x0000022c1a6a9b40
Event: 484.866 Thread 0x0000022c1a6efc60 Thread exited: 0x0000022c1a6efc60
Event: 484.866 Thread 0x0000022c149a2430 Thread exited: 0x0000022c149a2430
Event: 485.000 Thread 0x0000022c1ab2bba0 Thread exited: 0x0000022c1ab2bba0
Event: 485.000 Thread 0x0000022c1ab2c8c0 Thread exited: 0x0000022c1ab2c8c0
Event: 485.189 Thread 0x0000022c1ab2e990 Thread exited: 0x0000022c1ab2e990
Event: 485.201 Thread 0x0000022c1ab2cf50 Thread exited: 0x0000022c1ab2cf50
Event: 485.234 Thread 0x0000022c1a6ef5d0 Thread exited: 0x0000022c1a6ef5d0
Event: 485.505 Thread 0x0000022c1ab2dc70 Thread exited: 0x0000022c1ab2dc70
Event: 485.510 Thread 0x0000022c1ab2d5e0 Thread exited: 0x0000022c1ab2d5e0
Event: 485.663 Thread 0x0000022c1a6ec7e0 Thread exited: 0x0000022c1a6ec7e0
Event: 487.363 Thread 0x0000022c149a09f0 Thread added: 0x0000022c1a6ec7e0
Event: 487.365 Thread 0x0000022c1a6ec7e0 Thread exited: 0x0000022c1a6ec7e0


Dynamic libraries:
0x00007ff7d3450000 - 0x00007ff7d345e000 	c:\Users\Fer\.vscode\extensions\redhat.java-1.41.2025031208-win32-x64\jre\21.0.6-win32-x86_64\bin\java.exe
0x00007fff673e0000 - 0x00007fff67643000 	C:\WINDOWS\SYSTEM32\ntdll.dll
0x00007fff65220000 - 0x00007fff652e7000 	C:\WINDOWS\System32\KERNEL32.DLL
0x00007fff648d0000 - 0x00007fff64c97000 	C:\WINDOWS\System32\KERNELBASE.dll
0x00007fff64780000 - 0x00007fff648cc000 	C:\WINDOWS\System32\ucrtbase.dll
0x00007fff2d9a0000 - 0x00007fff2d9b8000 	c:\Users\Fer\.vscode\extensions\redhat.java-1.41.2025031208-win32-x64\jre\21.0.6-win32-x86_64\bin\jli.dll
0x00007fff66770000 - 0x00007fff66939000 	C:\WINDOWS\System32\USER32.dll
0x00007fff26ec0000 - 0x00007fff26ede000 	c:\Users\Fer\.vscode\extensions\redhat.java-1.41.2025031208-win32-x64\jre\21.0.6-win32-x86_64\bin\VCRUNTIME140.dll
0x00007fff64ee0000 - 0x00007fff64f07000 	C:\WINDOWS\System32\win32u.dll
0x00007fff67370000 - 0x00007fff6739a000 	C:\WINDOWS\System32\GDI32.dll
0x00007fff3b980000 - 0x00007fff3bc10000 	C:\WINDOWS\WinSxS\amd64_microsoft.windows.common-controls_6595b64144ccf1df_6.0.26100.3037_none_3e09262ce333c378\COMCTL32.dll
0x00007fff650f0000 - 0x00007fff6521b000 	C:\WINDOWS\System32\gdi32full.dll
0x00007fff66f20000 - 0x00007fff66fc9000 	C:\WINDOWS\System32\msvcrt.dll
0x00007fff64fa0000 - 0x00007fff65043000 	C:\WINDOWS\System32\msvcp_win.dll
0x00007fff66940000 - 0x00007fff6696f000 	C:\WINDOWS\System32\IMM32.DLL
0x00007fff5bbc0000 - 0x00007fff5bbcc000 	c:\Users\Fer\.vscode\extensions\redhat.java-1.41.2025031208-win32-x64\jre\21.0.6-win32-x86_64\bin\vcruntime140_1.dll
0x00007fff1c360000 - 0x00007fff1c3ed000 	c:\Users\Fer\.vscode\extensions\redhat.java-1.41.2025031208-win32-x64\jre\21.0.6-win32-x86_64\bin\msvcp140.dll
0x00007ffee0520000 - 0x00007ffee12b0000 	c:\Users\Fer\.vscode\extensions\redhat.java-1.41.2025031208-win32-x64\jre\21.0.6-win32-x86_64\bin\server\jvm.dll
0x00007fff65930000 - 0x00007fff659e4000 	C:\WINDOWS\System32\ADVAPI32.dll
0x00007fff65790000 - 0x00007fff65836000 	C:\WINDOWS\System32\sechost.dll
0x00007fff66650000 - 0x00007fff66766000 	C:\WINDOWS\System32\RPCRT4.dll
0x00007fff659f0000 - 0x00007fff65a64000 	C:\WINDOWS\System32\WS2_32.dll
0x00007fff63b70000 - 0x00007fff63bbe000 	C:\WINDOWS\SYSTEM32\POWRPROF.dll
0x00007fff53b20000 - 0x00007fff53b56000 	C:\WINDOWS\SYSTEM32\WINMM.dll
0x00007fff5d440000 - 0x00007fff5d44b000 	C:\WINDOWS\SYSTEM32\VERSION.dll
0x00007fff63ac0000 - 0x00007fff63ad4000 	C:\WINDOWS\SYSTEM32\UMPDC.dll
0x00007fff635b0000 - 0x00007fff635ca000 	C:\WINDOWS\SYSTEM32\kernel.appcore.dll
0x00007fff5bb10000 - 0x00007fff5bb1a000 	c:\Users\Fer\.vscode\extensions\redhat.java-1.41.2025031208-win32-x64\jre\21.0.6-win32-x86_64\bin\jimage.dll
0x00007fff61f40000 - 0x00007fff62181000 	C:\WINDOWS\SYSTEM32\DBGHELP.DLL
0x00007fff66fe0000 - 0x00007fff6735e000 	C:\WINDOWS\System32\combase.dll
0x00007fff65850000 - 0x00007fff65926000 	C:\WINDOWS\System32\OLEAUT32.dll
0x00007ffef01e0000 - 0x00007ffef0219000 	C:\WINDOWS\SYSTEM32\dbgcore.DLL
0x00007fff65050000 - 0x00007fff650e9000 	C:\WINDOWS\System32\bcryptPrimitives.dll
0x00007fff55680000 - 0x00007fff5568f000 	c:\Users\Fer\.vscode\extensions\redhat.java-1.41.2025031208-win32-x64\jre\21.0.6-win32-x86_64\bin\instrument.dll
0x00007fff26700000 - 0x00007fff2671f000 	c:\Users\Fer\.vscode\extensions\redhat.java-1.41.2025031208-win32-x64\jre\21.0.6-win32-x86_64\bin\java.dll
0x00007fff65c40000 - 0x00007fff66344000 	C:\WINDOWS\System32\SHELL32.dll
0x00007fff624c0000 - 0x00007fff62cf7000 	C:\WINDOWS\SYSTEM32\windows.storage.dll
0x00007fff66e30000 - 0x00007fff66f19000 	C:\WINDOWS\System32\SHCORE.dll
0x00007fff66450000 - 0x00007fff664ad000 	C:\WINDOWS\System32\shlwapi.dll
0x00007fff64690000 - 0x00007fff646be000 	C:\WINDOWS\SYSTEM32\profapi.dll
0x00007fff265f0000 - 0x00007fff26608000 	c:\Users\Fer\.vscode\extensions\redhat.java-1.41.2025031208-win32-x64\jre\21.0.6-win32-x86_64\bin\zip.dll
0x00007fff50ec0000 - 0x00007fff50ed0000 	C:\Users\Fer\.vscode\extensions\redhat.java-1.41.2025031208-win32-x64\jre\21.0.6-win32-x86_64\bin\net.dll
0x00007fff5c920000 - 0x00007fff5ca3e000 	C:\WINDOWS\SYSTEM32\WINHTTP.dll
0x00007fff63bd0000 - 0x00007fff63c3a000 	C:\WINDOWS\system32\mswsock.dll
0x00007fff265a0000 - 0x00007fff265b6000 	C:\Users\Fer\.vscode\extensions\redhat.java-1.41.2025031208-win32-x64\jre\21.0.6-win32-x86_64\bin\nio.dll
0x00007fff50e90000 - 0x00007fff50ea0000 	c:\Users\Fer\.vscode\extensions\redhat.java-1.41.2025031208-win32-x64\jre\21.0.6-win32-x86_64\bin\verify.dll
0x00007fff1ff50000 - 0x00007fff1ff95000 	C:\Users\Fer\AppData\Roaming\Code\User\globalStorage\redhat.java\1.41.2025031208\config_win\org.eclipse.equinox.launcher\org.eclipse.equinox.launcher.win32.win32.x86_64_1.2.1200.v20250212-0927\eclipse_11909.dll
0x00007fff664b0000 - 0x00007fff66645000 	C:\WINDOWS\System32\ole32.dll
0x00007fff63e70000 - 0x00007fff63e8c000 	C:\WINDOWS\SYSTEM32\CRYPTSP.dll
0x00007fff63510000 - 0x00007fff63548000 	C:\WINDOWS\system32\rsaenh.dll
0x00007fff63c70000 - 0x00007fff63c9b000 	C:\WINDOWS\SYSTEM32\USERENV.dll
0x00007fff64040000 - 0x00007fff64066000 	C:\WINDOWS\SYSTEM32\bcrypt.dll
0x00007fff63e90000 - 0x00007fff63e9c000 	C:\WINDOWS\SYSTEM32\CRYPTBASE.dll
0x00007fff62ff0000 - 0x00007fff63022000 	C:\WINDOWS\SYSTEM32\IPHLPAPI.DLL
0x00007fff66fd0000 - 0x00007fff66fda000 	C:\WINDOWS\System32\NSI.dll
0x00007fff1e090000 - 0x00007fff1e0d9000 	C:\Users\Fer\AppData\Local\Temp\jna-70515\jna14454708611095446370.dll
0x00007fff65320000 - 0x00007fff65328000 	C:\WINDOWS\System32\PSAPI.DLL
0x00007fff5cbd0000 - 0x00007fff5cbef000 	C:\WINDOWS\SYSTEM32\dhcpcsvc6.DLL
0x00007fff5c4f0000 - 0x00007fff5c515000 	C:\WINDOWS\SYSTEM32\dhcpcsvc.DLL
0x00007fff512f0000 - 0x00007fff512fe000 	C:\Users\Fer\.vscode\extensions\redhat.java-1.41.2025031208-win32-x64\jre\21.0.6-win32-x86_64\bin\sunmscapi.dll
0x00007fff64d60000 - 0x00007fff64ed6000 	C:\WINDOWS\System32\CRYPT32.dll
0x00007fff64000000 - 0x00007fff64030000 	C:\WINDOWS\SYSTEM32\ncrypt.dll
0x00007fff63fb0000 - 0x00007fff63fef000 	C:\WINDOWS\SYSTEM32\NTASN1.dll
0x00007fff512e0000 - 0x00007fff512e9000 	C:\Users\Fer\.vscode\extensions\redhat.java-1.41.2025031208-win32-x64\jre\21.0.6-win32-x86_64\bin\extnet.dll

dbghelp: loaded successfully - version: 4.0.5 - missing functions: none
symbol engine: initialized successfully - sym options: 0x614 - pdb path: .;c:\Users\Fer\.vscode\extensions\redhat.java-1.41.2025031208-win32-x64\jre\21.0.6-win32-x86_64\bin;C:\WINDOWS\SYSTEM32;C:\WINDOWS\WinSxS\amd64_microsoft.windows.common-controls_6595b64144ccf1df_6.0.26100.3037_none_3e09262ce333c378;c:\Users\Fer\.vscode\extensions\redhat.java-1.41.2025031208-win32-x64\jre\21.0.6-win32-x86_64\bin\server;C:\Users\Fer\AppData\Roaming\Code\User\globalStorage\redhat.java\1.41.2025031208\config_win\org.eclipse.equinox.launcher\org.eclipse.equinox.launcher.win32.win32.x86_64_1.2.1200.v20250212-0927;C:\Users\Fer\AppData\Local\Temp\jna-70515

VM Arguments:
jvm_args: --add-modules=ALL-SYSTEM --add-opens=java.base/java.util=ALL-UNNAMED --add-opens=java.base/java.lang=ALL-UNNAMED --add-opens=java.base/sun.nio.fs=ALL-UNNAMED -Declipse.application=org.eclipse.jdt.ls.core.id1 -Dosgi.bundles.defaultStartLevel=4 -Declipse.product=org.eclipse.jdt.ls.core.product -Djava.import.generatesMetadataFilesAtProjectRoot=false -DDetectVMInstallationsJob.disabled=true -Dfile.encoding=utf8 -XX:+UseParallelGC -XX:GCTimeRatio=4 -XX:AdaptiveSizePolicyWeight=90 -Dsun.zip.disableMemoryMapping=true -Xmx1G -Xms100m -Xlog:disable -javaagent:c:\Users\Fer\.vscode\extensions\redhat.java-1.41.2025031208-win32-x64\lombok\lombok-1.18.36.jar -XX:+HeapDumpOnOutOfMemoryError -XX:HeapDumpPath=c:\Users\Fer\AppData\Roaming\Code\User\workspaceStorage\398de21c129474aaeb59c0a7e6288a23\redhat.java -Daether.dependencyCollector.impl=bf 
java_command: c:\Users\Fer\.vscode\extensions\redhat.java-1.41.2025031208-win32-x64\server\plugins\org.eclipse.equinox.launcher_1.6.1100.v20250306-0509.jar -configuration c:\Users\Fer\AppData\Roaming\Code\User\globalStorage\redhat.java\1.41.2025031208\config_win -data c:\Users\Fer\AppData\Roaming\Code\User\workspaceStorage\398de21c129474aaeb59c0a7e6288a23\redhat.java\jdt_ws --pipe=\\.\pipe\lsp-1e0d308cd52924dfe646c0e57cf55cbc-sock
java_class_path (initial): c:\Users\Fer\.vscode\extensions\redhat.java-1.41.2025031208-win32-x64\server\plugins\org.eclipse.equinox.launcher_1.6.1100.v20250306-0509.jar
Launcher Type: SUN_STANDARD

[Global flags]
    uintx AdaptiveSizePolicyWeight                 = 90                                        {product} {command line}
     intx CICompilerCount                          = 4                                         {product} {ergonomic}
    uintx GCTimeRatio                              = 4                                         {product} {command line}
     bool HeapDumpOnOutOfMemoryError               = true                                   {manageable} {command line}
    ccstr HeapDumpPath                             = c:\Users\Fer\AppData\Roaming\Code\User\workspaceStorage\398de21c129474aaeb59c0a7e6288a23\redhat.java         {manageable} {command line}
   size_t InitialHeapSize                          = 104857600                                 {product} {command line}
   size_t MaxHeapSize                              = 1073741824                                {product} {command line}
   size_t MaxNewSize                               = 357564416                                 {product} {ergonomic}
   size_t MinHeapDeltaBytes                        = 524288                                    {product} {ergonomic}
   size_t MinHeapSize                              = 104857600                                 {product} {command line}
   size_t NewSize                                  = 34603008                                  {product} {ergonomic}
    uintx NonNMethodCodeHeapSize                   = 5839372                                {pd product} {ergonomic}
    uintx NonProfiledCodeHeapSize                  = 122909434                              {pd product} {ergonomic}
   size_t OldSize                                  = 70254592                                  {product} {ergonomic}
    uintx ProfiledCodeHeapSize                     = 122909434                              {pd product} {ergonomic}
    uintx ReservedCodeCacheSize                    = 251658240                              {pd product} {ergonomic}
     bool SegmentedCodeCache                       = true                                      {product} {ergonomic}
   size_t SoftMaxHeapSize                          = 1073741824                             {manageable} {ergonomic}
     bool UseCompressedOops                        = true                           {product lp64_product} {ergonomic}
     bool UseLargePagesIndividualAllocation        = false                                  {pd product} {ergonomic}
     bool UseParallelGC                            = true                                      {product} {command line}

Logging:
Log output configuration:
 #0: stdout all=off uptime,level,tags foldmultilines=false
 #1: stderr all=off uptime,level,tags foldmultilines=false

Environment Variables:
PATH=C:\Program Files\sap\hdbclient;C:\Program Files\Common Files\Oracle\Java\javapath;C:\Program Files (x86)\Common Files\Oracle\Java\java8path;C:\Program Files (x86)\Common Files\Oracle\Java\javapath;C:\Windows\system32;C:\Windows;C:\Windows\System32\Wbem;C:\Windows\System32\WindowsPowerShell\v1.0\;C:\Windows\System32\OpenSSH\;C:\Program Files (x86)\Microsoft SQL Server\160\DTS\Binn\;C:\Program Files\Azure Data Studio\bin;C:\Program Files\Microsoft SQL Server\Client SDK\ODBC\170\Tools\Binn\;C:\Program Files (x86)\Microsoft SQL Server\150\Tools\Binn\;C:\Program Files\Microsoft SQL Server\150\Tools\Binn\;C:\Program Files\Microsoft SQL Server\150\DTS\Binn\;C:\Program Files\nodejs\;C:\apache-maven-3.9.9\bin;C:\Program Files\Git\cmd;C:\WINDOWS\system32;C:\WINDOWS;C:\WINDOWS\System32\Wbem;C:\WINDOWS\System32\WindowsPowerShell\v1.0\;C:\WINDOWS\System32\OpenSSH\;C:\Users\Fer\AppData\Local\Microsoft\WindowsApps;C:\Users\Fer\AppData\Local\Programs\Microsoft VS Code\bin;C:\Users\Fer\AppData\Local\GitHubDesktop\bin;C:\Program Files\Azure Data Studio\bin;C:\Users\Fer\AppData\Roaming\npm;
USERNAME=Fer
OS=Windows_NT
PROCESSOR_IDENTIFIER=Intel64 Family 6 Model 126 Stepping 5, GenuineIntel
TMP=C:\Users\Fer\AppData\Local\Temp
TEMP=C:\Users\Fer\AppData\Local\Temp




Periodic native trim disabled

---------------  S Y S T E M  ---------------

OS:
 Windows 11 , 64 bit Build 26100 (10.0.26100.3037)
OS uptime: 0 days 22:13 hours

CPU: total 8 (initial active 8) (4 cores per cpu, 2 threads per core) family 6 model 126 stepping 5 microcode 0xc2, cx8, cmov, fxsr, ht, mmx, 3dnowpref, sse, sse2, sse3, ssse3, sse4.1, sse4.2, popcnt, lzcnt, tsc, tscinvbit, avx, avx2, aes, erms, clmul, bmi1, bmi2, adx, avx512f, avx512dq, avx512cd, avx512bw, avx512vl, sha, fma, vzeroupper, avx512_vpopcntdq, avx512_vpclmulqdq, avx512_vaes, avx512_vnni, clflush, clflushopt, avx512_vbmi2, avx512_vbmi, rdtscp, rdpid, fsrm, gfni, avx512_bitalg, f16c, pku, avx512_ifma
Processor Information for the first 8 processors :
  Max Mhz: 1498, Current Mhz: 1298, Mhz Limit: 1288

Memory: 4k page, system-wide physical 7959M (421M free)
TotalPageFile size 32535M (AvailPageFile size 35M)
current process WorkingSet (physical memory assigned to process): 166M, peak: 998M
current process commit charge ("private bytes"): 889M, peak: 962M

vm_info: OpenJDK 64-Bit Server VM (21.0.6+7-LTS) for windows-amd64 JRE (21.0.6+7-LTS), built on 2025-01-21T00:00:00Z by "admin" with MS VC++ 17.7 (VS2022)

END.
