#
# There is insufficient memory for the Java Runtime Environment to continue.
# Native memory allocation (malloc) failed to allocate 474336 bytes. Error detail: Chunk::new
# Possible reasons:
#   The system is out of physical RAM or swap space
#   This process is running with CompressedOops enabled, and the Java Heap may be blocking the growth of the native heap
# Possible solutions:
#   Reduce memory load on the system
#   Increase physical memory or swap space
#   Check if swap backing store is full
#   Decrease Java heap size (-Xmx/-Xms)
#   Decrease number of Java threads
#   Decrease Java thread stack sizes (-Xss)
#   Set larger code cache with -XX:ReservedCodeCacheSize=
#   JVM is running with Unscaled Compressed Oops mode in which the Java heap is
#     placed in the first 4GB address space. The Java Heap base address is the
#     maximum limit for the native heap growth. Please use -XX:HeapBaseMinAddress
#     to set the Java Heap base and to place the Java Heap above 4GB virtual address.
# This output file may be truncated or incomplete.
#
#  Out of Memory Error (arena.cpp:168), pid=14396, tid=11016
#
# JRE version: OpenJDK Runtime Environment Temurin-21.0.6+7 (21.0.6+7) (build 21.0.6+7-LTS)
# Java VM: OpenJDK 64-Bit Server VM Temurin-21.0.6+7 (21.0.6+7-LTS, mixed mode, sharing, tiered, compressed oops, compressed class ptrs, parallel gc, windows-amd64)
# No core dump will be written. Minidumps are not enabled by default on client versions of Windows
#

---------------  S U M M A R Y ------------

Command Line: --add-modules=ALL-SYSTEM --add-opens=java.base/java.util=ALL-UNNAMED --add-opens=java.base/java.lang=ALL-UNNAMED --add-opens=java.base/sun.nio.fs=ALL-UNNAMED -Declipse.application=org.eclipse.jdt.ls.core.id1 -Dosgi.bundles.defaultStartLevel=4 -Declipse.product=org.eclipse.jdt.ls.core.product -Djava.import.generatesMetadataFilesAtProjectRoot=false -DDetectVMInstallationsJob.disabled=true -Dfile.encoding=utf8 -XX:+UseParallelGC -XX:GCTimeRatio=4 -XX:AdaptiveSizePolicyWeight=90 -Dsun.zip.disableMemoryMapping=true -Xmx1G -Xms100m -Xlog:disable -javaagent:c:\Users\Fer\.vscode\extensions\redhat.java-1.41.2025031208-win32-x64\lombok\lombok-1.18.36.jar c:\Users\Fer\.vscode\extensions\redhat.java-1.41.2025031208-win32-x64\server\plugins\org.eclipse.equinox.launcher_1.6.1100.v20250306-0509.jar -configuration c:\Users\Fer\AppData\Roaming\Code\User\globalStorage\redhat.java\1.41.2025031208\config_ss_win -data c:\Users\Fer\AppData\Roaming\Code\User\workspaceStorage\398de21c129474aaeb59c0a7e6288a23\redhat.java\ss_ws --pipe=\\.\pipe\lsp-28e30152e1f140cef592c4605d033622-sock

Host: Intel(R) Core(TM) i7-1065G7 CPU @ 1.30GHz, 8 cores, 7G,  Windows 11 , 64 bit Build 26100 (10.0.26100.3037)
Time: Wed Mar 12 14:24:45 2025 Hora est. Pacífico, Sudamérica elapsed time: 47.680170 seconds (0d 0h 0m 47s)

---------------  T H R E A D  ---------------

Current thread (0x000001b06645d330):  JavaThread "C2 CompilerThread0" daemon [_thread_in_native, id=11016, stack(0x0000002fbd700000,0x0000002fbd800000) (1024K)]


Current CompileTask:
C2:47680 4836       4       java.io.WinNTFileSystem::normalize (224 bytes)

Stack: [0x0000002fbd700000,0x0000002fbd800000]
Native frames: (J=compiled Java code, j=interpreted, Vv=VM code, C=native code)
V  [jvm.dll+0x6cdee9]
V  [jvm.dll+0x8a83d1]
V  [jvm.dll+0x8aa8fe]
V  [jvm.dll+0x8aafe3]
V  [jvm.dll+0x27f706]
V  [jvm.dll+0xc500d]
V  [jvm.dll+0xc5543]
V  [jvm.dll+0x3b678c]
V  [jvm.dll+0x382935]
V  [jvm.dll+0x381d9a]
V  [jvm.dll+0x2479f0]
V  [jvm.dll+0x246fcf]
V  [jvm.dll+0x1c75ee]
V  [jvm.dll+0x25685a]
V  [jvm.dll+0x254dfa]
V  [jvm.dll+0x3f0256]
V  [jvm.dll+0x851f8b]
V  [jvm.dll+0x6cc5ed]
C  [ucrtbase.dll+0x37b0]
C  [KERNEL32.DLL+0x2e8d7]
C  [ntdll.dll+0xbbf2c]


---------------  P R O C E S S  ---------------

Threads class SMR info:
_java_thread_list=0x000001b06d510310, length=48, elements={
0x000001b05209ddc0, 0x000001b05215ab80, 0x000001b066454ac0, 0x000001b066458600,
0x000001b066459050, 0x000001b066459aa0, 0x000001b06645a4f0, 0x000001b06645d330,
0x000001b06c032230, 0x000001b06c0bd450, 0x000001b06c3ea860, 0x000001b06ca6dd20,
0x000001b06cdee820, 0x000001b06cdb9390, 0x000001b06c6fc380, 0x000001b06cd1d040,
0x000001b06c7cb5e0, 0x000001b06c9b5ae0, 0x000001b06d032bd0, 0x000001b06d0f3bc0,
0x000001b06d0f1460, 0x000001b06d0f2810, 0x000001b06d0f2ea0, 0x000001b06d0f1af0,
0x000001b06d0f3530, 0x000001b06d0f0740, 0x000001b06d0f0dd0, 0x000001b06d0f2180,
0x000001b06e3194e0, 0x000001b06e317aa0, 0x000001b06e318130, 0x000001b06e3166f0,
0x000001b06e319b70, 0x000001b06e3187c0, 0x000001b06e316d80, 0x000001b06e31a890,
0x000001b06e317410, 0x000001b06e31b5b0, 0x000001b06e31af20, 0x000001b06e31bc40,
0x000001b06e31cff0, 0x000001b06e31dd10, 0x000001b06e31c2d0, 0x000001b06e31c960,
0x000001b06e31d680, 0x000001b06daa6bd0, 0x000001b06daa5eb0, 0x000001b06daa6540
}

Java Threads: ( => current thread )
  0x000001b05209ddc0 JavaThread "main"                              [_thread_blocked, id=17228, stack(0x0000002fbcd00000,0x0000002fbce00000) (1024K)]
  0x000001b05215ab80 JavaThread "Reference Handler"          daemon [_thread_blocked, id=10340, stack(0x0000002fbd100000,0x0000002fbd200000) (1024K)]
  0x000001b066454ac0 JavaThread "Finalizer"                  daemon [_thread_blocked, id=6268, stack(0x0000002fbd200000,0x0000002fbd300000) (1024K)]
  0x000001b066458600 JavaThread "Signal Dispatcher"          daemon [_thread_blocked, id=9948, stack(0x0000002fbd300000,0x0000002fbd400000) (1024K)]
  0x000001b066459050 JavaThread "Attach Listener"            daemon [_thread_blocked, id=17716, stack(0x0000002fbd400000,0x0000002fbd500000) (1024K)]
  0x000001b066459aa0 JavaThread "Service Thread"             daemon [_thread_blocked, id=9024, stack(0x0000002fbd500000,0x0000002fbd600000) (1024K)]
  0x000001b06645a4f0 JavaThread "Monitor Deflation Thread"   daemon [_thread_blocked, id=17376, stack(0x0000002fbd600000,0x0000002fbd700000) (1024K)]
=>0x000001b06645d330 JavaThread "C2 CompilerThread0"         daemon [_thread_in_native, id=11016, stack(0x0000002fbd700000,0x0000002fbd800000) (1024K)]
  0x000001b06c032230 JavaThread "C1 CompilerThread0"         daemon [_thread_blocked, id=4752, stack(0x0000002fbd800000,0x0000002fbd900000) (1024K)]
  0x000001b06c0bd450 JavaThread "Common-Cleaner"             daemon [_thread_blocked, id=6080, stack(0x0000002fbd900000,0x0000002fbda00000) (1024K)]
  0x000001b06c3ea860 JavaThread "Notification Thread"        daemon [_thread_blocked, id=2220, stack(0x0000002fbdb00000,0x0000002fbdc00000) (1024K)]
  0x000001b06ca6dd20 JavaThread "Active Thread: Equinox Container: db62e801-4ed8-4b1b-9f30-c93994f632ac"        [_thread_blocked, id=18832, stack(0x0000002fbe200000,0x0000002fbe300000) (1024K)]
  0x000001b06cdee820 JavaThread "Framework Event Dispatcher: Equinox Container: db62e801-4ed8-4b1b-9f30-c93994f632ac" daemon [_thread_blocked, id=13716, stack(0x0000002fbe300000,0x0000002fbe400000) (1024K)]
  0x000001b06cdb9390 JavaThread "Start Level: Equinox Container: db62e801-4ed8-4b1b-9f30-c93994f632ac" daemon [_thread_blocked, id=8340, stack(0x0000002fbe400000,0x0000002fbe500000) (1024K)]
  0x000001b06c6fc380 JavaThread "SCR Component Actor"        daemon [_thread_blocked, id=17692, stack(0x0000002fbe500000,0x0000002fbe600000) (1024K)]
  0x000001b06cd1d040 JavaThread "Worker-JM"                         [_thread_blocked, id=4880, stack(0x0000002fbe700000,0x0000002fbe800000) (1024K)]
  0x000001b06c7cb5e0 JavaThread "JNA Cleaner"                daemon [_thread_blocked, id=9440, stack(0x0000002fbda00000,0x0000002fbdb00000) (1024K)]
  0x000001b06c9b5ae0 JavaThread "Worker-0: Building"                [_thread_in_native, id=11564, stack(0x0000002fbe800000,0x0000002fbe900000) (1024K)]
  0x000001b06d032bd0 JavaThread "Worker-1"                          [_thread_blocked, id=10292, stack(0x0000002fbe900000,0x0000002fbea00000) (1024K)]
  0x000001b06d0f3bc0 JavaThread "Thread-3"                   daemon [_thread_in_native, id=2452, stack(0x0000002fbec00000,0x0000002fbed00000) (1024K)]
  0x000001b06d0f1460 JavaThread "Thread-4"                   daemon [_thread_in_native, id=15116, stack(0x0000002fbed00000,0x0000002fbee00000) (1024K)]
  0x000001b06d0f2810 JavaThread "Thread-5"                   daemon [_thread_in_native, id=8188, stack(0x0000002fbee00000,0x0000002fbef00000) (1024K)]
  0x000001b06d0f2ea0 JavaThread "Thread-6"                   daemon [_thread_in_native, id=4512, stack(0x0000002fbef00000,0x0000002fbf000000) (1024K)]
  0x000001b06d0f1af0 JavaThread "Thread-7"                   daemon [_thread_in_native, id=6644, stack(0x0000002fbf000000,0x0000002fbf100000) (1024K)]
  0x000001b06d0f3530 JavaThread "Thread-8"                   daemon [_thread_in_native, id=18252, stack(0x0000002fbf100000,0x0000002fbf200000) (1024K)]
  0x000001b06d0f0740 JavaThread "Thread-9"                   daemon [_thread_in_native, id=19152, stack(0x0000002fbf200000,0x0000002fbf300000) (1024K)]
  0x000001b06d0f0dd0 JavaThread "Thread-10"                  daemon [_thread_in_native, id=3328, stack(0x0000002fbf300000,0x0000002fbf400000) (1024K)]
  0x000001b06d0f2180 JavaThread "Thread-11"                  daemon [_thread_in_native, id=16132, stack(0x0000002fbf400000,0x0000002fbf500000) (1024K)]
  0x000001b06e3194e0 JavaThread "pool-2-thread-1"                   [_thread_blocked, id=7904, stack(0x0000002fbf600000,0x0000002fbf700000) (1024K)]
  0x000001b06e317aa0 JavaThread "WorkspaceEventsHandler"            [_thread_blocked, id=17136, stack(0x0000002fbf500000,0x0000002fbf600000) (1024K)]
  0x000001b06e318130 JavaThread "pool-1-thread-1"                   [_thread_blocked, id=14932, stack(0x0000002fbf700000,0x0000002fbf800000) (1024K)]
  0x000001b06e3166f0 JavaThread "Worker-2"                          [_thread_blocked, id=16564, stack(0x0000002fbf800000,0x0000002fbf900000) (1024K)]
  0x000001b06e319b70 JavaThread "Worker-3"                          [_thread_blocked, id=16016, stack(0x0000002fbca00000,0x0000002fbcb00000) (1024K)]
  0x000001b06e3187c0 JavaThread "Worker-4: Refreshing workspace"        [_thread_blocked, id=11992, stack(0x0000002fbf900000,0x0000002fbfa00000) (1024K)]
  0x000001b06e316d80 JavaThread "LocalFile Deleter"          daemon [_thread_blocked, id=5032, stack(0x0000002fbfa00000,0x0000002fbfb00000) (1024K)]
  0x000001b06e31a890 JavaThread "LocalFile Deleter"          daemon [_thread_blocked, id=8876, stack(0x0000002fbfb00000,0x0000002fbfc00000) (1024K)]
  0x000001b06e317410 JavaThread "LocalFile Deleter"          daemon [_thread_blocked, id=13172, stack(0x0000002fbfc00000,0x0000002fbfd00000) (1024K)]
  0x000001b06e31b5b0 JavaThread "Compiler Source File Reader" daemon [_thread_blocked, id=8708, stack(0x0000002fbfd00000,0x0000002fbfe00000) (1024K)]
  0x000001b06e31af20 JavaThread "LocalFile Deleter"          daemon [_thread_blocked, id=13240, stack(0x0000002fbfe00000,0x0000002fbff00000) (1024K)]
  0x000001b06e31bc40 JavaThread "LocalFile Deleter"          daemon [_thread_blocked, id=18948, stack(0x0000002fbff00000,0x0000002fc0000000) (1024K)]
  0x000001b06e31cff0 JavaThread "LocalFile Deleter"          daemon [_thread_blocked, id=6584, stack(0x0000002fc0000000,0x0000002fc0100000) (1024K)]
  0x000001b06e31dd10 JavaThread "LocalFile Deleter"          daemon [_thread_blocked, id=4884, stack(0x0000002fc0100000,0x0000002fc0200000) (1024K)]
  0x000001b06e31c2d0 JavaThread "LocalFile Deleter"          daemon [_thread_blocked, id=15460, stack(0x0000002fc0200000,0x0000002fc0300000) (1024K)]
  0x000001b06e31c960 JavaThread "Compiler Source File Reader" daemon [_thread_blocked, id=16252, stack(0x0000002fc0400000,0x0000002fc0500000) (1024K)]
  0x000001b06e31d680 JavaThread "Compiler Source File Reader" daemon [_thread_blocked, id=672, stack(0x0000002fc0500000,0x0000002fc0600000) (1024K)]
  0x000001b06daa6bd0 JavaThread "Compiler Source File Reader" daemon [_thread_blocked, id=3312, stack(0x0000002fc0600000,0x0000002fc0700000) (1024K)]
  0x000001b06daa5eb0 JavaThread "Compiler Source File Reader" daemon [_thread_blocked, id=10584, stack(0x0000002fc0700000,0x0000002fc0800000) (1024K)]
  0x000001b06daa6540 JavaThread "Compiler Source File Reader" daemon [_thread_blocked, id=10856, stack(0x0000002fc0800000,0x0000002fc0900000) (1024K)]
Total: 48

Other Threads:
  0x000001b05213fb20 VMThread "VM Thread"                           [id=15420, stack(0x0000002fbd000000,0x0000002fbd100000) (1024K)]
  0x000001b052108cc0 WatcherThread "VM Periodic Task Thread"        [id=8096, stack(0x0000002fbcf00000,0x0000002fbd000000) (1024K)]
  0x000001b0520bd100 WorkerThread "GC Thread#0"                     [id=16932, stack(0x0000002fbce00000,0x0000002fbcf00000) (1024K)]
  0x000001b06c8b6cc0 WorkerThread "GC Thread#1"                     [id=7540, stack(0x0000002fbdc00000,0x0000002fbdd00000) (1024K)]
  0x000001b06c8b7060 WorkerThread "GC Thread#2"                     [id=3240, stack(0x0000002fbdd00000,0x0000002fbde00000) (1024K)]
  0x000001b06c8b7400 WorkerThread "GC Thread#3"                     [id=17708, stack(0x0000002fbde00000,0x0000002fbdf00000) (1024K)]
  0x000001b06c8b77a0 WorkerThread "GC Thread#4"                     [id=2248, stack(0x0000002fbdf00000,0x0000002fbe000000) (1024K)]
  0x000001b06c42e050 WorkerThread "GC Thread#5"                     [id=5696, stack(0x0000002fbe000000,0x0000002fbe100000) (1024K)]
  0x000001b06c42e3f0 WorkerThread "GC Thread#6"                     [id=7676, stack(0x0000002fbe100000,0x0000002fbe200000) (1024K)]
  0x000001b06cccaa60 WorkerThread "GC Thread#7"                     [id=3220, stack(0x0000002fbe600000,0x0000002fbe700000) (1024K)]
Total: 10

Threads with active compile tasks:
C2 CompilerThread0  47730 4836       4       java.io.WinNTFileSystem::normalize (224 bytes)
Total: 1

VM state: not at safepoint (normal execution)

VM Mutex/Monitor currently owned by a thread: None

Heap address: 0x00000000c0000000, size: 1024 MB, Compressed Oops mode: 32-bit

CDS archive(s) mapped at: [0x000001b000000000-0x000001b000ba0000-0x000001b000ba0000), size 12189696, SharedBaseAddress: 0x000001b000000000, ArchiveRelocationMode: 1.
Compressed class space mapped at: 0x000001b001000000-0x000001b041000000, reserved size: 1073741824
Narrow klass base: 0x000001b000000000, Narrow klass shift: 0, Narrow klass range: 0x100000000

GC Precious Log:
 CardTable entry size: 512
 CPUs: 8 total, 8 available
 Memory: 7959M
 Large Page Support: Disabled
 NUMA Support: Disabled
 Compressed Oops: Enabled (32-bit)
 Alignments: Space 512K, Generation 512K, Heap 2M
 Heap Min Capacity: 100M
 Heap Initial Capacity: 100M
 Heap Max Capacity: 1G
 Pre-touch: Disabled
 Parallel Workers: 8

Heap:
 PSYoungGen      total 7168K, used 1697K [0x00000000eab00000, 0x00000000eb300000, 0x0000000100000000)
  eden space 6656K, 21% used [0x00000000eab00000,0x00000000eac63460,0x00000000eb180000)
  from space 512K, 54% used [0x00000000eb280000,0x00000000eb2c52c0,0x00000000eb300000)
  to   space 512K, 0% used [0x00000000eb200000,0x00000000eb200000,0x00000000eb280000)
 ParOldGen       total 415744K, used 410777K [0x00000000c0000000, 0x00000000d9600000, 0x00000000eab00000)
  object space 415744K, 98% used [0x00000000c0000000,0x00000000d9126758,0x00000000d9600000)
 Metaspace       used 35396K, committed 36352K, reserved 1114112K
  class space    used 3490K, committed 3904K, reserved 1048576K

Card table byte_map: [0x000001b051a40000,0x000001b051c50000] _byte_map_base: 0x000001b051440000

Marking Bits: (ParMarkBitMap*) 0x00007ffee11d3260
 Begin Bits: [0x000001b064290000, 0x000001b065290000)
 End Bits:   [0x000001b065290000, 0x000001b066290000)

Polling page: 0x000001b04feb0000

Metaspace:

Usage:
  Non-class:     31.16 MB used.
      Class:      3.41 MB used.
       Both:     34.57 MB used.

Virtual space:
  Non-class space:       64.00 MB reserved,      31.69 MB ( 50%) committed,  1 nodes.
      Class space:        1.00 GB reserved,       3.81 MB ( <1%) committed,  1 nodes.
             Both:        1.06 GB reserved,      35.50 MB (  3%) committed. 

Chunk freelists:
   Non-Class:  304.00 KB
       Class:  12.20 MB
        Both:  12.50 MB

MaxMetaspaceSize: unlimited
CompressedClassSpaceSize: 1.00 GB
Initial GC threshold: 21.00 MB
Current GC threshold: 58.38 MB
CDS: on
 - commit_granule_bytes: 65536.
 - commit_granule_words: 8192.
 - virtual_space_node_default_size: 8388608.
 - enlarge_chunks_in_place: 1.
 - use_allocation_guard: 0.


Internal statistics:

num_allocs_failed_limit: 6.
num_arena_births: 666.
num_arena_deaths: 14.
num_vsnodes_births: 2.
num_vsnodes_deaths: 0.
num_space_committed: 568.
num_space_uncommitted: 0.
num_chunks_returned_to_freelist: 20.
num_chunks_taken_from_freelist: 2074.
num_chunk_merges: 11.
num_chunk_splits: 1362.
num_chunks_enlarged: 875.
num_inconsistent_stats: 0.

CodeHeap 'non-profiled nmethods': size=120000Kb used=2817Kb max_used=3121Kb free=117182Kb
 bounds [0x000001b05cd60000, 0x000001b05d070000, 0x000001b064290000]
CodeHeap 'profiled nmethods': size=120000Kb used=8748Kb max_used=9617Kb free=111251Kb
 bounds [0x000001b055290000, 0x000001b055c00000, 0x000001b05c7c0000]
CodeHeap 'non-nmethods': size=5760Kb used=1383Kb max_used=1434Kb free=4376Kb
 bounds [0x000001b05c7c0000, 0x000001b05ca30000, 0x000001b05cd60000]
 total_blobs=5101 nmethods=4428 adapters=579
 compilation: enabled
              stopped_count=0, restarted_count=0
 full_count=0

Compilation events (20 events):
Event: 45.602 Thread 0x000001b06c032230 nmethod 4828 0x000001b055322810 code [0x000001b055322a40, 0x000001b055322fd8]
Event: 45.603 Thread 0x000001b06c032230 4829       3       java.lang.reflect.Constructor::getRoot (5 bytes)
Event: 45.603 Thread 0x000001b06c032230 nmethod 4829 0x000001b0553fbb10 code [0x000001b0553fbca0, 0x000001b0553fbdc0]
Event: 45.603 Thread 0x000001b06c032230 4830       3       java.lang.invoke.MethodHandleImpl$1::unreflectConstructor (8 bytes)
Event: 45.603 Thread 0x000001b06c032230 nmethod 4830 0x000001b0553fdc10 code [0x000001b0553fddc0, 0x000001b0553fdf08]
Event: 45.604 Thread 0x000001b06c032230 4831       3       java.lang.invoke.MethodHandles$Lookup::unreflectConstructor (55 bytes)
Event: 45.604 Thread 0x000001b06c032230 nmethod 4831 0x000001b0552e3990 code [0x000001b0552e3b60, 0x000001b0552e3e88]
Event: 45.605 Thread 0x000001b06c032230 4832       3       jdk.internal.reflect.ReflectionFactory::newConstructorAccessor (144 bytes)
Event: 45.606 Thread 0x000001b06c032230 nmethod 4832 0x000001b055293e10 code [0x000001b055294040, 0x000001b055294690]
Event: 45.606 Thread 0x000001b06c032230 4833   !   3       jdk.internal.reflect.MethodHandleAccessorFactory::newConstructorAccessor (84 bytes)
Event: 45.607 Thread 0x000001b06c032230 nmethod 4833 0x000001b0554b7a10 code [0x000001b0554b7d60, 0x000001b0554b9108]
Event: 45.607 Thread 0x000001b06c032230 4834       3       java.lang.reflect.Constructor::isVarArgs (5 bytes)
Event: 45.607 Thread 0x000001b06c032230 nmethod 4834 0x000001b0552b5d10 code [0x000001b0552b5ec0, 0x000001b0552b6098]
Event: 45.613 Thread 0x000001b06c032230 4835       3       java.lang.Class::annotationData (44 bytes)
Event: 45.614 Thread 0x000001b06c032230 nmethod 4835 0x000001b05544cd90 code [0x000001b05544cf60, 0x000001b05544d238]
Event: 45.620 Thread 0x000001b06645d330 nmethod 4827 0x000001b05ce04210 code [0x000001b05ce04420, 0x000001b05ce050c8]
Event: 45.620 Thread 0x000001b06645d330 4836       4       java.io.WinNTFileSystem::normalize (224 bytes)
Event: 45.631 Thread 0x000001b06c032230 4837   !   3       sun.net.www.protocol.jar.Handler::parseAbsoluteSpec (81 bytes)
Event: 45.631 Thread 0x000001b06c032230 nmethod 4837 0x000001b0552b0d90 code [0x000001b0552b10a0, 0x000001b0552b1df8]
Event: 46.795 Thread 0x000001b06c032230 4838   !   3       java.util.Collections$SynchronizedCollection::isEmpty (24 bytes)

GC Heap History (20 events):
Event: 37.316 GC heap before
{Heap before GC invocations=496 (full 1):
 PSYoungGen      total 7168K, used 7168K [0x00000000eab00000, 0x00000000eb600000, 0x0000000100000000)
  eden space 6656K, 100% used [0x00000000eab00000,0x00000000eb180000,0x00000000eb180000)
  from space 512K, 100% used [0x00000000eb380000,0x00000000eb400000,0x00000000eb400000)
  to   space 2048K, 0% used [0x00000000eb180000,0x00000000eb180000,0x00000000eb380000)
 ParOldGen       total 411648K, used 411319K [0x00000000c0000000, 0x00000000d9200000, 0x00000000eab00000)
  object space 411648K, 99% used [0x00000000c0000000,0x00000000d91adf78,0x00000000d9200000)
 Metaspace       used 31621K, committed 32512K, reserved 1114112K
  class space    used 3077K, committed 3520K, reserved 1048576K
}
Event: 37.318 GC heap after
{Heap after GC invocations=496 (full 1):
 PSYoungGen      total 7680K, used 704K [0x00000000eab00000, 0x00000000eb480000, 0x0000000100000000)
  eden space 6656K, 0% used [0x00000000eab00000,0x00000000eab00000,0x00000000eb180000)
  from space 1024K, 68% used [0x00000000eb180000,0x00000000eb230000,0x00000000eb280000)
  to   space 1536K, 0% used [0x00000000eb300000,0x00000000eb300000,0x00000000eb480000)
 ParOldGen       total 412160K, used 411839K [0x00000000c0000000, 0x00000000d9280000, 0x00000000eab00000)
  object space 412160K, 99% used [0x00000000c0000000,0x00000000d922ff78,0x00000000d9280000)
 Metaspace       used 31621K, committed 32512K, reserved 1114112K
  class space    used 3077K, committed 3520K, reserved 1048576K
}
Event: 37.399 GC heap before
{Heap before GC invocations=497 (full 1):
 PSYoungGen      total 7680K, used 7360K [0x00000000eab00000, 0x00000000eb480000, 0x0000000100000000)
  eden space 6656K, 100% used [0x00000000eab00000,0x00000000eb180000,0x00000000eb180000)
  from space 1024K, 68% used [0x00000000eb180000,0x00000000eb230000,0x00000000eb280000)
  to   space 1536K, 0% used [0x00000000eb300000,0x00000000eb300000,0x00000000eb480000)
 ParOldGen       total 412160K, used 411839K [0x00000000c0000000, 0x00000000d9280000, 0x00000000eab00000)
  object space 412160K, 99% used [0x00000000c0000000,0x00000000d922ff78,0x00000000d9280000)
 Metaspace       used 31627K, committed 32512K, reserved 1114112K
  class space    used 3077K, committed 3520K, reserved 1048576K
}
Event: 37.403 GC heap after
{Heap after GC invocations=497 (full 1):
 PSYoungGen      total 7680K, used 760K [0x00000000eab00000, 0x00000000eb400000, 0x0000000100000000)
  eden space 6656K, 0% used [0x00000000eab00000,0x00000000eab00000,0x00000000eb180000)
  from space 1024K, 74% used [0x00000000eb300000,0x00000000eb3be200,0x00000000eb400000)
  to   space 1024K, 0% used [0x00000000eb180000,0x00000000eb180000,0x00000000eb280000)
 ParOldGen       total 412672K, used 412479K [0x00000000c0000000, 0x00000000d9300000, 0x00000000eab00000)
  object space 412672K, 99% used [0x00000000c0000000,0x00000000d92cff78,0x00000000d9300000)
 Metaspace       used 31627K, committed 32512K, reserved 1114112K
  class space    used 3077K, committed 3520K, reserved 1048576K
}
Event: 37.481 GC heap before
{Heap before GC invocations=498 (full 1):
 PSYoungGen      total 7680K, used 7416K [0x00000000eab00000, 0x00000000eb400000, 0x0000000100000000)
  eden space 6656K, 100% used [0x00000000eab00000,0x00000000eb180000,0x00000000eb180000)
  from space 1024K, 74% used [0x00000000eb300000,0x00000000eb3be200,0x00000000eb400000)
  to   space 1024K, 0% used [0x00000000eb180000,0x00000000eb180000,0x00000000eb280000)
 ParOldGen       total 412672K, used 412479K [0x00000000c0000000, 0x00000000d9300000, 0x00000000eab00000)
  object space 412672K, 99% used [0x00000000c0000000,0x00000000d92cff78,0x00000000d9300000)
 Metaspace       used 31632K, committed 32512K, reserved 1114112K
  class space    used 3077K, committed 3520K, reserved 1048576K
}
Event: 37.483 GC heap after
{Heap after GC invocations=498 (full 1):
 PSYoungGen      total 7680K, used 800K [0x00000000eab00000, 0x00000000eb380000, 0x0000000100000000)
  eden space 6656K, 0% used [0x00000000eab00000,0x00000000eab00000,0x00000000eb180000)
  from space 1024K, 78% used [0x00000000eb180000,0x00000000eb248000,0x00000000eb280000)
  to   space 1024K, 0% used [0x00000000eb280000,0x00000000eb280000,0x00000000eb380000)
 ParOldGen       total 413184K, used 413168K [0x00000000c0000000, 0x00000000d9380000, 0x00000000eab00000)
  object space 413184K, 99% used [0x00000000c0000000,0x00000000d937c178,0x00000000d9380000)
 Metaspace       used 31632K, committed 32512K, reserved 1114112K
  class space    used 3077K, committed 3520K, reserved 1048576K
}
Event: 39.719 GC heap before
{Heap before GC invocations=499 (full 1):
 PSYoungGen      total 7680K, used 7455K [0x00000000eab00000, 0x00000000eb380000, 0x0000000100000000)
  eden space 6656K, 99% used [0x00000000eab00000,0x00000000eb17fd48,0x00000000eb180000)
  from space 1024K, 78% used [0x00000000eb180000,0x00000000eb248000,0x00000000eb280000)
  to   space 1024K, 0% used [0x00000000eb280000,0x00000000eb280000,0x00000000eb380000)
 ParOldGen       total 413184K, used 413168K [0x00000000c0000000, 0x00000000d9380000, 0x00000000eab00000)
  object space 413184K, 99% used [0x00000000c0000000,0x00000000d937c178,0x00000000d9380000)
 Metaspace       used 31942K, committed 32896K, reserved 1114112K
  class space    used 3106K, committed 3520K, reserved 1048576K
}
Event: 39.722 GC heap after
{Heap after GC invocations=499 (full 1):
 PSYoungGen      total 7680K, used 784K [0x00000000eab00000, 0x00000000eb380000, 0x0000000100000000)
  eden space 6656K, 0% used [0x00000000eab00000,0x00000000eab00000,0x00000000eb180000)
  from space 1024K, 76% used [0x00000000eb280000,0x00000000eb3441c0,0x00000000eb380000)
  to   space 1024K, 0% used [0x00000000eb180000,0x00000000eb180000,0x00000000eb280000)
 ParOldGen       total 414208K, used 413808K [0x00000000c0000000, 0x00000000d9480000, 0x00000000eab00000)
  object space 414208K, 99% used [0x00000000c0000000,0x00000000d941c178,0x00000000d9480000)
 Metaspace       used 31942K, committed 32896K, reserved 1114112K
  class space    used 3106K, committed 3520K, reserved 1048576K
}
Event: 39.933 GC heap before
{Heap before GC invocations=500 (full 1):
 PSYoungGen      total 7680K, used 7433K [0x00000000eab00000, 0x00000000eb380000, 0x0000000100000000)
  eden space 6656K, 99% used [0x00000000eab00000,0x00000000eb17e4e8,0x00000000eb180000)
  from space 1024K, 76% used [0x00000000eb280000,0x00000000eb3441c0,0x00000000eb380000)
  to   space 1024K, 0% used [0x00000000eb180000,0x00000000eb180000,0x00000000eb280000)
 ParOldGen       total 414208K, used 413808K [0x00000000c0000000, 0x00000000d9480000, 0x00000000eab00000)
  object space 414208K, 99% used [0x00000000c0000000,0x00000000d941c178,0x00000000d9480000)
 Metaspace       used 33193K, committed 34112K, reserved 1114112K
  class space    used 3232K, committed 3648K, reserved 1048576K
}
Event: 39.935 GC heap after
{Heap after GC invocations=500 (full 1):
 PSYoungGen      total 7680K, used 480K [0x00000000eab00000, 0x00000000eb380000, 0x0000000100000000)
  eden space 6656K, 0% used [0x00000000eab00000,0x00000000eab00000,0x00000000eb180000)
  from space 1024K, 46% used [0x00000000eb180000,0x00000000eb1f8000,0x00000000eb280000)
  to   space 1024K, 0% used [0x00000000eb280000,0x00000000eb280000,0x00000000eb380000)
 ParOldGen       total 414720K, used 414429K [0x00000000c0000000, 0x00000000d9500000, 0x00000000eab00000)
  object space 414720K, 99% used [0x00000000c0000000,0x00000000d94b74d0,0x00000000d9500000)
 Metaspace       used 33193K, committed 34112K, reserved 1114112K
  class space    used 3232K, committed 3648K, reserved 1048576K
}
Event: 41.605 GC heap before
{Heap before GC invocations=501 (full 1):
 PSYoungGen      total 7680K, used 7136K [0x00000000eab00000, 0x00000000eb380000, 0x0000000100000000)
  eden space 6656K, 100% used [0x00000000eab00000,0x00000000eb180000,0x00000000eb180000)
  from space 1024K, 46% used [0x00000000eb180000,0x00000000eb1f8000,0x00000000eb280000)
  to   space 1024K, 0% used [0x00000000eb280000,0x00000000eb280000,0x00000000eb380000)
 ParOldGen       total 414720K, used 414429K [0x00000000c0000000, 0x00000000d9500000, 0x00000000eab00000)
  object space 414720K, 99% used [0x00000000c0000000,0x00000000d94b74d0,0x00000000d9500000)
 Metaspace       used 33863K, committed 34752K, reserved 1114112K
  class space    used 3301K, committed 3712K, reserved 1048576K
}
Event: 41.608 GC heap after
{Heap after GC invocations=501 (full 1):
 PSYoungGen      total 7680K, used 712K [0x00000000eab00000, 0x00000000eb380000, 0x0000000100000000)
  eden space 6656K, 0% used [0x00000000eab00000,0x00000000eab00000,0x00000000eb180000)
  from space 1024K, 69% used [0x00000000eb280000,0x00000000eb3320a0,0x00000000eb380000)
  to   space 1024K, 0% used [0x00000000eb180000,0x00000000eb180000,0x00000000eb280000)
 ParOldGen       total 414720K, used 414704K [0x00000000c0000000, 0x00000000d9500000, 0x00000000eab00000)
  object space 414720K, 99% used [0x00000000c0000000,0x00000000d94fc1b0,0x00000000d9500000)
 Metaspace       used 33863K, committed 34752K, reserved 1114112K
  class space    used 3301K, committed 3712K, reserved 1048576K
}
Event: 42.885 GC heap before
{Heap before GC invocations=502 (full 1):
 PSYoungGen      total 7680K, used 7368K [0x00000000eab00000, 0x00000000eb380000, 0x0000000100000000)
  eden space 6656K, 100% used [0x00000000eab00000,0x00000000eb180000,0x00000000eb180000)
  from space 1024K, 69% used [0x00000000eb280000,0x00000000eb3320a0,0x00000000eb380000)
  to   space 1024K, 0% used [0x00000000eb180000,0x00000000eb180000,0x00000000eb280000)
 ParOldGen       total 414720K, used 414704K [0x00000000c0000000, 0x00000000d9500000, 0x00000000eab00000)
  object space 414720K, 99% used [0x00000000c0000000,0x00000000d94fc1b0,0x00000000d9500000)
 Metaspace       used 34538K, committed 35520K, reserved 1114112K
  class space    used 3384K, committed 3776K, reserved 1048576K
}
Event: 42.887 GC heap after
{Heap after GC invocations=502 (full 1):
 PSYoungGen      total 7680K, used 410K [0x00000000eab00000, 0x00000000eb380000, 0x0000000100000000)
  eden space 6656K, 0% used [0x00000000eab00000,0x00000000eab00000,0x00000000eb180000)
  from space 1024K, 40% used [0x00000000eb180000,0x00000000eb1e6b28,0x00000000eb280000)
  to   space 1024K, 0% used [0x00000000eb280000,0x00000000eb280000,0x00000000eb380000)
 ParOldGen       total 415744K, used 415256K [0x00000000c0000000, 0x00000000d9600000, 0x00000000eab00000)
  object space 415744K, 99% used [0x00000000c0000000,0x00000000d95860f8,0x00000000d9600000)
 Metaspace       used 34538K, committed 35520K, reserved 1114112K
  class space    used 3384K, committed 3776K, reserved 1048576K
}
Event: 43.937 GC heap before
{Heap before GC invocations=503 (full 1):
 PSYoungGen      total 7680K, used 7066K [0x00000000eab00000, 0x00000000eb380000, 0x0000000100000000)
  eden space 6656K, 100% used [0x00000000eab00000,0x00000000eb180000,0x00000000eb180000)
  from space 1024K, 40% used [0x00000000eb180000,0x00000000eb1e6b28,0x00000000eb280000)
  to   space 1024K, 0% used [0x00000000eb280000,0x00000000eb280000,0x00000000eb380000)
 ParOldGen       total 415744K, used 415256K [0x00000000c0000000, 0x00000000d9600000, 0x00000000eab00000)
  object space 415744K, 99% used [0x00000000c0000000,0x00000000d95860f8,0x00000000d9600000)
 Metaspace       used 34635K, committed 35648K, reserved 1114112K
  class space    used 3421K, committed 3840K, reserved 1048576K
}
Event: 43.939 GC heap after
{Heap after GC invocations=503 (full 1):
 PSYoungGen      total 7168K, used 256K [0x00000000eab00000, 0x00000000eb300000, 0x0000000100000000)
  eden space 6656K, 0% used [0x00000000eab00000,0x00000000eab00000,0x00000000eb180000)
  from space 512K, 50% used [0x00000000eb280000,0x00000000eb2c0010,0x00000000eb300000)
  to   space 512K, 0% used [0x00000000eb200000,0x00000000eb200000,0x00000000eb280000)
 ParOldGen       total 415744K, used 415544K [0x00000000c0000000, 0x00000000d9600000, 0x00000000eab00000)
  object space 415744K, 99% used [0x00000000c0000000,0x00000000d95ce3a8,0x00000000d9600000)
 Metaspace       used 34635K, committed 35648K, reserved 1114112K
  class space    used 3421K, committed 3840K, reserved 1048576K
}
Event: 45.144 GC heap before
{Heap before GC invocations=504 (full 1):
 PSYoungGen      total 7168K, used 5633K [0x00000000eab00000, 0x00000000eb300000, 0x0000000100000000)
  eden space 6656K, 80% used [0x00000000eab00000,0x00000000eb040648,0x00000000eb180000)
  from space 512K, 50% used [0x00000000eb280000,0x00000000eb2c0010,0x00000000eb300000)
  to   space 512K, 0% used [0x00000000eb200000,0x00000000eb200000,0x00000000eb280000)
 ParOldGen       total 415744K, used 415544K [0x00000000c0000000, 0x00000000d9600000, 0x00000000eab00000)
  object space 415744K, 99% used [0x00000000c0000000,0x00000000d95ce3a8,0x00000000d9600000)
 Metaspace       used 34952K, committed 35840K, reserved 1114112K
  class space    used 3448K, committed 3840K, reserved 1048576K
}
Event: 45.145 GC heap after
{Heap after GC invocations=504 (full 1):
 PSYoungGen      total 7168K, used 352K [0x00000000eab00000, 0x00000000eb300000, 0x0000000100000000)
  eden space 6656K, 0% used [0x00000000eab00000,0x00000000eab00000,0x00000000eb180000)
  from space 512K, 68% used [0x00000000eb200000,0x00000000eb258010,0x00000000eb280000)
  to   space 512K, 0% used [0x00000000eb280000,0x00000000eb280000,0x00000000eb300000)
 ParOldGen       total 415744K, used 415592K [0x00000000c0000000, 0x00000000d9600000, 0x00000000eab00000)
  object space 415744K, 99% used [0x00000000c0000000,0x00000000d95da3a8,0x00000000d9600000)
 Metaspace       used 34952K, committed 35840K, reserved 1114112K
  class space    used 3448K, committed 3840K, reserved 1048576K
}
Event: 45.145 GC heap before
{Heap before GC invocations=505 (full 2):
 PSYoungGen      total 7168K, used 352K [0x00000000eab00000, 0x00000000eb300000, 0x0000000100000000)
  eden space 6656K, 0% used [0x00000000eab00000,0x00000000eab00000,0x00000000eb180000)
  from space 512K, 68% used [0x00000000eb200000,0x00000000eb258010,0x00000000eb280000)
  to   space 512K, 0% used [0x00000000eb280000,0x00000000eb280000,0x00000000eb300000)
 ParOldGen       total 415744K, used 415592K [0x00000000c0000000, 0x00000000d9600000, 0x00000000eab00000)
  object space 415744K, 99% used [0x00000000c0000000,0x00000000d95da3a8,0x00000000d9600000)
 Metaspace       used 34952K, committed 35840K, reserved 1114112K
  class space    used 3448K, committed 3840K, reserved 1048576K
}
Event: 45.364 GC heap after
{Heap after GC invocations=505 (full 2):
 PSYoungGen      total 7168K, used 0K [0x00000000eab00000, 0x00000000eb300000, 0x0000000100000000)
  eden space 6656K, 0% used [0x00000000eab00000,0x00000000eab00000,0x00000000eb180000)
  from space 512K, 0% used [0x00000000eb200000,0x00000000eb200000,0x00000000eb280000)
  to   space 512K, 0% used [0x00000000eb280000,0x00000000eb280000,0x00000000eb300000)
 ParOldGen       total 415744K, used 410769K [0x00000000c0000000, 0x00000000d9600000, 0x00000000eab00000)
  object space 415744K, 98% used [0x00000000c0000000,0x00000000d9124758,0x00000000d9600000)
 Metaspace       used 34952K, committed 35840K, reserved 1114112K
  class space    used 3448K, committed 3840K, reserved 1048576K
}

Dll operation events (10 events):
Event: 0.034 Loaded shared library c:\Users\Fer\.vscode\extensions\redhat.java-1.41.2025031208-win32-x64\jre\21.0.6-win32-x86_64\bin\java.dll
Event: 0.299 Loaded shared library c:\Users\Fer\.vscode\extensions\redhat.java-1.41.2025031208-win32-x64\jre\21.0.6-win32-x86_64\bin\zip.dll
Event: 0.380 Loaded shared library C:\Users\Fer\.vscode\extensions\redhat.java-1.41.2025031208-win32-x64\jre\21.0.6-win32-x86_64\bin\instrument.dll
Event: 0.393 Loaded shared library C:\Users\Fer\.vscode\extensions\redhat.java-1.41.2025031208-win32-x64\jre\21.0.6-win32-x86_64\bin\net.dll
Event: 0.402 Loaded shared library C:\Users\Fer\.vscode\extensions\redhat.java-1.41.2025031208-win32-x64\jre\21.0.6-win32-x86_64\bin\nio.dll
Event: 0.417 Loaded shared library C:\Users\Fer\.vscode\extensions\redhat.java-1.41.2025031208-win32-x64\jre\21.0.6-win32-x86_64\bin\zip.dll
Event: 0.468 Loaded shared library C:\Users\Fer\.vscode\extensions\redhat.java-1.41.2025031208-win32-x64\jre\21.0.6-win32-x86_64\bin\jimage.dll
Event: 0.620 Loaded shared library c:\Users\Fer\.vscode\extensions\redhat.java-1.41.2025031208-win32-x64\jre\21.0.6-win32-x86_64\bin\verify.dll
Event: 3.544 Loaded shared library C:\Users\Fer\AppData\Roaming\Code\User\globalStorage\redhat.java\1.41.2025031208\config_ss_win\org.eclipse.equinox.launcher\org.eclipse.equinox.launcher.win32.win32.x86_64_1.2.1200.v20250212-0927\eclipse_11909.dll
Event: 14.721 Loaded shared library C:\Users\Fer\AppData\Local\Temp\jna-70515\jna7072703960959865520.dll

Deoptimization events (20 events):
Event: 41.759 Thread 0x000001b06daa5eb0 DEOPT PACKING pc=0x000001b05ce90df0 sp=0x0000002fc07fe950
Event: 41.759 Thread 0x000001b06daa5eb0 DEOPT UNPACKING pc=0x000001b05c816da2 sp=0x0000002fc07fe8c8 mode 2
Event: 42.890 Thread 0x000001b06c9b5ae0 DEOPT PACKING pc=0x000001b055802d0d sp=0x0000002fbe8f93e0
Event: 42.890 Thread 0x000001b06c9b5ae0 DEOPT UNPACKING pc=0x000001b05c8178e2 sp=0x0000002fbe8f8890 mode 0
Event: 42.900 Thread 0x000001b06c9b5ae0 DEOPT PACKING pc=0x000001b0553b0239 sp=0x0000002fbe8f8f70
Event: 42.900 Thread 0x000001b06c9b5ae0 DEOPT UNPACKING pc=0x000001b05c8178e2 sp=0x0000002fbe8f8470 mode 0
Event: 42.903 Thread 0x000001b06c9b5ae0 DEOPT PACKING pc=0x000001b055802d0d sp=0x0000002fbe8f93e0
Event: 42.903 Thread 0x000001b06c9b5ae0 DEOPT UNPACKING pc=0x000001b05c8178e2 sp=0x0000002fbe8f8890 mode 0
Event: 42.930 Thread 0x000001b06c9b5ae0 DEOPT PACKING pc=0x000001b055802d0d sp=0x0000002fbe8f93e0
Event: 42.930 Thread 0x000001b06c9b5ae0 DEOPT UNPACKING pc=0x000001b05c8178e2 sp=0x0000002fbe8f8890 mode 0
Event: 42.934 Thread 0x000001b06c9b5ae0 DEOPT PACKING pc=0x000001b0553b0239 sp=0x0000002fbe8f8f70
Event: 42.934 Thread 0x000001b06c9b5ae0 DEOPT UNPACKING pc=0x000001b05c8178e2 sp=0x0000002fbe8f8470 mode 0
Event: 42.943 Thread 0x000001b06c9b5ae0 DEOPT PACKING pc=0x000001b055802d0d sp=0x0000002fbe8fbe10
Event: 42.943 Thread 0x000001b06c9b5ae0 DEOPT UNPACKING pc=0x000001b05c8178e2 sp=0x0000002fbe8fb2c0 mode 0
Event: 43.952 Thread 0x000001b06c9b5ae0 DEOPT PACKING pc=0x000001b055802d0d sp=0x0000002fbe8fba90
Event: 43.952 Thread 0x000001b06c9b5ae0 DEOPT UNPACKING pc=0x000001b05c8178e2 sp=0x0000002fbe8faf40 mode 0
Event: 45.122 Thread 0x000001b06c9b5ae0 DEOPT PACKING pc=0x000001b0553b0239 sp=0x0000002fbe8fc240
Event: 45.122 Thread 0x000001b06c9b5ae0 DEOPT UNPACKING pc=0x000001b05c8178e2 sp=0x0000002fbe8fb740 mode 0
Event: 45.616 Thread 0x000001b06c9b5ae0 DEOPT PACKING pc=0x000001b0553b0239 sp=0x0000002fbe8fc140
Event: 45.616 Thread 0x000001b06c9b5ae0 DEOPT UNPACKING pc=0x000001b05c8178e2 sp=0x0000002fbe8fb640 mode 0

Classes loaded (20 events):
Event: 35.868 Loading class java/lang/invoke/MethodHandleImpl$Makers$2
Event: 35.868 Loading class java/lang/invoke/MethodHandleImpl$Makers$2 done
Event: 35.868 Loading class java/lang/invoke/MethodHandleImpl$Makers$3
Event: 35.868 Loading class java/lang/invoke/MethodHandleImpl$Makers$3 done
Event: 35.872 Loading class java/lang/runtime/ObjectMethods$1
Event: 35.872 Loading class java/lang/runtime/ObjectMethods$1 done
Event: 36.343 Loading class java/util/AbstractList$ListItr
Event: 36.344 Loading class java/util/AbstractList$ListItr done
Event: 36.387 Loading class java/nio/channels/Channels$ReadableByteChannelImpl
Event: 36.389 Loading class java/nio/channels/Channels$ReadableByteChannelImpl done
Event: 36.390 Loading class java/nio/channels/NonWritableChannelException
Event: 36.390 Loading class java/nio/channels/NonWritableChannelException done
Event: 39.821 Loading class java/lang/ExceptionInInitializerError
Event: 39.822 Loading class java/lang/ExceptionInInitializerError done
Event: 40.131 Loading class java/util/concurrent/ForkJoinTask$AdaptedCallable
Event: 40.132 Loading class java/util/concurrent/ForkJoinTask$AdaptedCallable done
Event: 41.702 Loading class java/util/WeakHashMap$KeyIterator
Event: 41.702 Loading class java/util/WeakHashMap$KeyIterator done
Event: 43.982 Loading class java/util/Vector$1
Event: 43.983 Loading class java/util/Vector$1 done

Classes unloaded (7 events):
Event: 18.603 Thread 0x000001b05213fb20 Unloading class 0x000001b00117a800 'java/lang/invoke/LambdaForm$MH+0x000001b00117a800'
Event: 18.603 Thread 0x000001b05213fb20 Unloading class 0x000001b00117a400 'java/lang/invoke/LambdaForm$MH+0x000001b00117a400'
Event: 18.603 Thread 0x000001b05213fb20 Unloading class 0x000001b00117a000 'java/lang/invoke/LambdaForm$MH+0x000001b00117a000'
Event: 18.603 Thread 0x000001b05213fb20 Unloading class 0x000001b001179c00 'java/lang/invoke/LambdaForm$MH+0x000001b001179c00'
Event: 18.603 Thread 0x000001b05213fb20 Unloading class 0x000001b001179800 'java/lang/invoke/LambdaForm$BMH+0x000001b001179800'
Event: 18.603 Thread 0x000001b05213fb20 Unloading class 0x000001b001179400 'java/lang/invoke/LambdaForm$DMH+0x000001b001179400'
Event: 18.603 Thread 0x000001b05213fb20 Unloading class 0x000001b001178000 'java/lang/invoke/LambdaForm$DMH+0x000001b001178000'

Classes redefined (0 events):
No events

Internal exceptions (20 events):
Event: 40.271 Thread 0x000001b06e31b5b0 Exception <a 'sun/nio/fs/WindowsException'{0x00000000eaf72fb8}> (0x00000000eaf72fb8) 
thrown [s\src\hotspot\share\prims\jni.cpp, line 520]
Event: 40.299 Thread 0x000001b06c9b5ae0 Exception <a 'sun/nio/fs/WindowsException'{0x00000000eafb2368}> (0x00000000eafb2368) 
thrown [s\src\hotspot\share\prims\jni.cpp, line 520]
Event: 40.299 Thread 0x000001b06c9b5ae0 Exception <a 'sun/nio/fs/WindowsException'{0x00000000eafb2998}> (0x00000000eafb2998) 
thrown [s\src\hotspot\share\prims\jni.cpp, line 520]
Event: 41.301 Thread 0x000001b06c9b5ae0 Exception <a 'sun/nio/fs/WindowsException'{0x00000000eb0fda38}> (0x00000000eb0fda38) 
thrown [s\src\hotspot\share\prims\jni.cpp, line 520]
Event: 41.311 Thread 0x000001b06e316d80 Exception <a 'sun/nio/fs/WindowsException'{0x00000000eaed1ff8}> (0x00000000eaed1ff8) 
thrown [s\src\hotspot\share\prims\jni.cpp, line 520]
Event: 41.320 Thread 0x000001b06e317410 Exception <a 'sun/nio/fs/WindowsException'{0x00000000eaee1058}> (0x00000000eaee1058) 
thrown [s\src\hotspot\share\prims\jni.cpp, line 520]
Event: 41.324 Thread 0x000001b06e31a890 Exception <a 'sun/nio/fs/WindowsException'{0x00000000eaed9648}> (0x00000000eaed9648) 
thrown [s\src\hotspot\share\prims\jni.cpp, line 520]
Event: 41.336 Thread 0x000001b06e31af20 Exception <a 'sun/nio/fs/WindowsException'{0x00000000eb10e740}> (0x00000000eb10e740) 
thrown [s\src\hotspot\share\prims\jni.cpp, line 520]
Event: 41.338 Thread 0x000001b06e31bc40 Exception <a 'sun/nio/fs/WindowsException'{0x00000000eb1199a0}> (0x00000000eb1199a0) 
thrown [s\src\hotspot\share\prims\jni.cpp, line 520]
Event: 41.351 Thread 0x000001b06e31cff0 Exception <a 'sun/nio/fs/WindowsException'{0x00000000eb124f30}> (0x00000000eb124f30) 
thrown [s\src\hotspot\share\prims\jni.cpp, line 520]
Event: 41.354 Thread 0x000001b06e31dd10 Exception <a 'sun/nio/fs/WindowsException'{0x00000000eb12ff38}> (0x00000000eb12ff38) 
thrown [s\src\hotspot\share\prims\jni.cpp, line 520]
Event: 41.358 Thread 0x000001b06e31c2d0 Exception <a 'sun/nio/fs/WindowsException'{0x00000000eb13b168}> (0x00000000eb13b168) 
thrown [s\src\hotspot\share\prims\jni.cpp, line 520]
Event: 41.389 Thread 0x000001b06e31c2d0 Exception <a 'sun/nio/fs/WindowsException'{0x00000000eb13ded0}> (0x00000000eb13ded0) 
thrown [s\src\hotspot\share\prims\jni.cpp, line 520]
Event: 41.404 Thread 0x000001b06e31cff0 Exception <a 'sun/nio/fs/WindowsException'{0x00000000eb127e18}> (0x00000000eb127e18) 
thrown [s\src\hotspot\share\prims\jni.cpp, line 520]
Event: 41.414 Thread 0x000001b06e31dd10 Exception <a 'sun/nio/fs/WindowsException'{0x00000000eb132b70}> (0x00000000eb132b70) 
thrown [s\src\hotspot\share\prims\jni.cpp, line 520]
Event: 41.473 Thread 0x000001b06e31cff0 Exception <a 'sun/nio/fs/WindowsException'{0x00000000eb12cfa0}> (0x00000000eb12cfa0) 
thrown [s\src\hotspot\share\prims\jni.cpp, line 520]
Event: 41.539 Thread 0x000001b06e31dd10 Exception <a 'sun/nio/fs/WindowsException'{0x00000000eb138da0}> (0x00000000eb138da0) 
thrown [s\src\hotspot\share\prims\jni.cpp, line 520]
Event: 41.707 Thread 0x000001b06c9b5ae0 Exception <a 'java/io/FileNotFoundException'{0x00000000eacb7aa0}> (0x00000000eacb7aa0) 
thrown [s\src\hotspot\share\prims\jni.cpp, line 520]
Event: 41.708 Thread 0x000001b06c9b5ae0 Exception <a 'java/io/FileNotFoundException'{0x00000000eacb8da0}> (0x00000000eacb8da0) 
thrown [s\src\hotspot\share\prims\jni.cpp, line 520]
Event: 41.709 Thread 0x000001b06c9b5ae0 Exception <a 'java/io/FileNotFoundException'{0x00000000eacb9e00}> (0x00000000eacb9e00) 
thrown [s\src\hotspot\share\prims\jni.cpp, line 520]

ZGC Phase Switch (0 events):
No events

VM Operations (20 events):
Event: 40.288 Executing VM operation: HandshakeAllThreads (Deoptimize)
Event: 40.288 Executing VM operation: HandshakeAllThreads (Deoptimize) done
Event: 41.291 Executing VM operation: Cleanup
Event: 41.291 Executing VM operation: Cleanup done
Event: 41.605 Executing VM operation: ParallelGCFailedAllocation (Allocation Failure)
Event: 41.608 Executing VM operation: ParallelGCFailedAllocation (Allocation Failure) done
Event: 42.612 Executing VM operation: Cleanup
Event: 42.833 Executing VM operation: Cleanup done
Event: 42.885 Executing VM operation: ParallelGCFailedAllocation (Allocation Failure)
Event: 42.887 Executing VM operation: ParallelGCFailedAllocation (Allocation Failure) done
Event: 43.889 Executing VM operation: Cleanup
Event: 43.921 Executing VM operation: Cleanup done
Event: 43.937 Executing VM operation: ParallelGCFailedAllocation (Allocation Failure)
Event: 43.939 Executing VM operation: ParallelGCFailedAllocation (Allocation Failure) done
Event: 44.952 Executing VM operation: Cleanup
Event: 44.952 Executing VM operation: Cleanup done
Event: 45.144 Executing VM operation: CollectForMetadataAllocation (Metadata GC Threshold)
Event: 45.364 Executing VM operation: CollectForMetadataAllocation (Metadata GC Threshold) done
Event: 46.366 Executing VM operation: Cleanup
Event: 46.366 Executing VM operation: Cleanup done

Memory protections (0 events):
No events

Nmethod flushes (20 events):
Event: 45.279 Thread 0x000001b05213fb20 flushing  nmethod 0x000001b055706890
Event: 45.279 Thread 0x000001b05213fb20 flushing  nmethod 0x000001b055707210
Event: 45.279 Thread 0x000001b05213fb20 flushing  nmethod 0x000001b055709410
Event: 45.279 Thread 0x000001b05213fb20 flushing  nmethod 0x000001b055709c10
Event: 45.279 Thread 0x000001b05213fb20 flushing  nmethod 0x000001b055709f90
Event: 45.279 Thread 0x000001b05213fb20 flushing  nmethod 0x000001b05570ad10
Event: 45.279 Thread 0x000001b05213fb20 flushing  nmethod 0x000001b05570b210
Event: 45.279 Thread 0x000001b05213fb20 flushing  nmethod 0x000001b05570c010
Event: 45.279 Thread 0x000001b05213fb20 flushing  nmethod 0x000001b055712a90
Event: 45.279 Thread 0x000001b05213fb20 flushing  nmethod 0x000001b055713e10
Event: 45.279 Thread 0x000001b05213fb20 flushing  nmethod 0x000001b05571d690
Event: 45.279 Thread 0x000001b05213fb20 flushing  nmethod 0x000001b055736490
Event: 45.279 Thread 0x000001b05213fb20 flushing  nmethod 0x000001b055739090
Event: 45.279 Thread 0x000001b05213fb20 flushing  nmethod 0x000001b05576db10
Event: 45.279 Thread 0x000001b05213fb20 flushing  nmethod 0x000001b055770d10
Event: 45.279 Thread 0x000001b05213fb20 flushing  nmethod 0x000001b055778d90
Event: 45.279 Thread 0x000001b05213fb20 flushing  nmethod 0x000001b05577a090
Event: 45.279 Thread 0x000001b05213fb20 flushing  nmethod 0x000001b055787090
Event: 45.279 Thread 0x000001b05213fb20 flushing  nmethod 0x000001b05578a290
Event: 45.279 Thread 0x000001b05213fb20 flushing  nmethod 0x000001b05578b910

Events (20 events):
Event: 40.135 Thread 0x000001b06c9b5ae0 Thread added: 0x000001b06e316d80
Event: 40.157 Thread 0x000001b06e316d80 Thread added: 0x000001b06e31a890
Event: 40.169 Thread 0x000001b06e316d80 Thread added: 0x000001b06e317410
Event: 40.265 Thread 0x000001b06c9b5ae0 Thread added: 0x000001b06e31b5b0
Event: 40.347 Thread 0x000001b06c032230 Thread added: 0x000001b06d9a67b0
Event: 40.353 Thread 0x000001b06c032230 Thread added: 0x000001b06d9a5a10
Event: 40.487 Thread 0x000001b06d9a5a10 Thread exited: 0x000001b06d9a5a10
Event: 40.554 Thread 0x000001b06d9a67b0 Thread exited: 0x000001b06d9a67b0
Event: 41.312 Thread 0x000001b06e316d80 Thread added: 0x000001b06e31af20
Event: 41.321 Thread 0x000001b06e317410 Thread added: 0x000001b06e31bc40
Event: 41.325 Thread 0x000001b06e31a890 Thread added: 0x000001b06e31cff0
Event: 41.337 Thread 0x000001b06e31af20 Thread added: 0x000001b06e31dd10
Event: 41.337 Thread 0x000001b06e31cff0 Thread added: 0x000001b06e31c2d0
Event: 41.691 Thread 0x000001b06c032230 Thread added: 0x000001b06d9a67b0
Event: 41.739 Thread 0x000001b06c9b5ae0 Thread added: 0x000001b06e31c960
Event: 41.740 Thread 0x000001b06c9b5ae0 Thread added: 0x000001b06e31d680
Event: 41.740 Thread 0x000001b06c9b5ae0 Thread added: 0x000001b06daa6bd0
Event: 41.740 Thread 0x000001b06c9b5ae0 Thread added: 0x000001b06daa5eb0
Event: 41.740 Thread 0x000001b06c9b5ae0 Thread added: 0x000001b06daa6540
Event: 45.140 Thread 0x000001b06d9a67b0 Thread exited: 0x000001b06d9a67b0


Dynamic libraries:
0x00007ff613060000 - 0x00007ff61306e000 	c:\Users\Fer\.vscode\extensions\redhat.java-1.41.2025031208-win32-x64\jre\21.0.6-win32-x86_64\bin\java.exe
0x00007fff673e0000 - 0x00007fff67643000 	C:\WINDOWS\SYSTEM32\ntdll.dll
0x00007fff65220000 - 0x00007fff652e7000 	C:\WINDOWS\System32\KERNEL32.DLL
0x00007fff648d0000 - 0x00007fff64c97000 	C:\WINDOWS\System32\KERNELBASE.dll
0x00007fff64780000 - 0x00007fff648cc000 	C:\WINDOWS\System32\ucrtbase.dll
0x00007fff2d9a0000 - 0x00007fff2d9b8000 	c:\Users\Fer\.vscode\extensions\redhat.java-1.41.2025031208-win32-x64\jre\21.0.6-win32-x86_64\bin\jli.dll
0x00007fff26f30000 - 0x00007fff26f4e000 	c:\Users\Fer\.vscode\extensions\redhat.java-1.41.2025031208-win32-x64\jre\21.0.6-win32-x86_64\bin\VCRUNTIME140.dll
0x00007fff66770000 - 0x00007fff66939000 	C:\WINDOWS\System32\USER32.dll
0x00007fff64ee0000 - 0x00007fff64f07000 	C:\WINDOWS\System32\win32u.dll
0x00007fff67370000 - 0x00007fff6739a000 	C:\WINDOWS\System32\GDI32.dll
0x00007fff3b980000 - 0x00007fff3bc10000 	C:\WINDOWS\WinSxS\amd64_microsoft.windows.common-controls_6595b64144ccf1df_6.0.26100.3037_none_3e09262ce333c378\COMCTL32.dll
0x00007fff650f0000 - 0x00007fff6521b000 	C:\WINDOWS\System32\gdi32full.dll
0x00007fff66f20000 - 0x00007fff66fc9000 	C:\WINDOWS\System32\msvcrt.dll
0x00007fff64fa0000 - 0x00007fff65043000 	C:\WINDOWS\System32\msvcp_win.dll
0x00007fff66940000 - 0x00007fff6696f000 	C:\WINDOWS\System32\IMM32.DLL
0x00007fff5bbc0000 - 0x00007fff5bbcc000 	c:\Users\Fer\.vscode\extensions\redhat.java-1.41.2025031208-win32-x64\jre\21.0.6-win32-x86_64\bin\vcruntime140_1.dll
0x00007fff1c360000 - 0x00007fff1c3ed000 	c:\Users\Fer\.vscode\extensions\redhat.java-1.41.2025031208-win32-x64\jre\21.0.6-win32-x86_64\bin\msvcp140.dll
0x00007ffee0520000 - 0x00007ffee12b0000 	c:\Users\Fer\.vscode\extensions\redhat.java-1.41.2025031208-win32-x64\jre\21.0.6-win32-x86_64\bin\server\jvm.dll
0x00007fff65930000 - 0x00007fff659e4000 	C:\WINDOWS\System32\ADVAPI32.dll
0x00007fff65790000 - 0x00007fff65836000 	C:\WINDOWS\System32\sechost.dll
0x00007fff66650000 - 0x00007fff66766000 	C:\WINDOWS\System32\RPCRT4.dll
0x00007fff659f0000 - 0x00007fff65a64000 	C:\WINDOWS\System32\WS2_32.dll
0x00007fff63b70000 - 0x00007fff63bbe000 	C:\WINDOWS\SYSTEM32\POWRPROF.dll
0x00007fff53b20000 - 0x00007fff53b56000 	C:\WINDOWS\SYSTEM32\WINMM.dll
0x00007fff5d440000 - 0x00007fff5d44b000 	C:\WINDOWS\SYSTEM32\VERSION.dll
0x00007fff63ac0000 - 0x00007fff63ad4000 	C:\WINDOWS\SYSTEM32\UMPDC.dll
0x00007fff635b0000 - 0x00007fff635ca000 	C:\WINDOWS\SYSTEM32\kernel.appcore.dll
0x00007fff5bb10000 - 0x00007fff5bb1a000 	c:\Users\Fer\.vscode\extensions\redhat.java-1.41.2025031208-win32-x64\jre\21.0.6-win32-x86_64\bin\jimage.dll
0x00007fff61f40000 - 0x00007fff62181000 	C:\WINDOWS\SYSTEM32\DBGHELP.DLL
0x00007fff66fe0000 - 0x00007fff6735e000 	C:\WINDOWS\System32\combase.dll
0x00007fff65850000 - 0x00007fff65926000 	C:\WINDOWS\System32\OLEAUT32.dll
0x00007ffef01e0000 - 0x00007ffef0219000 	C:\WINDOWS\SYSTEM32\dbgcore.DLL
0x00007fff65050000 - 0x00007fff650e9000 	C:\WINDOWS\System32\bcryptPrimitives.dll
0x00007fff55680000 - 0x00007fff5568f000 	c:\Users\Fer\.vscode\extensions\redhat.java-1.41.2025031208-win32-x64\jre\21.0.6-win32-x86_64\bin\instrument.dll
0x00007fff26f10000 - 0x00007fff26f2f000 	c:\Users\Fer\.vscode\extensions\redhat.java-1.41.2025031208-win32-x64\jre\21.0.6-win32-x86_64\bin\java.dll
0x00007fff65c40000 - 0x00007fff66344000 	C:\WINDOWS\System32\SHELL32.dll
0x00007fff624c0000 - 0x00007fff62cf7000 	C:\WINDOWS\SYSTEM32\windows.storage.dll
0x00007fff66e30000 - 0x00007fff66f19000 	C:\WINDOWS\System32\SHCORE.dll
0x00007fff66450000 - 0x00007fff664ad000 	C:\WINDOWS\System32\shlwapi.dll
0x00007fff64690000 - 0x00007fff646be000 	C:\WINDOWS\SYSTEM32\profapi.dll
0x00007fff26700000 - 0x00007fff26718000 	c:\Users\Fer\.vscode\extensions\redhat.java-1.41.2025031208-win32-x64\jre\21.0.6-win32-x86_64\bin\zip.dll
0x00007fff512d0000 - 0x00007fff512e0000 	C:\Users\Fer\.vscode\extensions\redhat.java-1.41.2025031208-win32-x64\jre\21.0.6-win32-x86_64\bin\net.dll
0x00007fff5c920000 - 0x00007fff5ca3e000 	C:\WINDOWS\SYSTEM32\WINHTTP.dll
0x00007fff63bd0000 - 0x00007fff63c3a000 	C:\WINDOWS\system32\mswsock.dll
0x00007fff265f0000 - 0x00007fff26606000 	C:\Users\Fer\.vscode\extensions\redhat.java-1.41.2025031208-win32-x64\jre\21.0.6-win32-x86_64\bin\nio.dll
0x00007fff50e90000 - 0x00007fff50ea0000 	c:\Users\Fer\.vscode\extensions\redhat.java-1.41.2025031208-win32-x64\jre\21.0.6-win32-x86_64\bin\verify.dll
0x00007fff1ff50000 - 0x00007fff1ff95000 	C:\Users\Fer\AppData\Roaming\Code\User\globalStorage\redhat.java\1.41.2025031208\config_ss_win\org.eclipse.equinox.launcher\org.eclipse.equinox.launcher.win32.win32.x86_64_1.2.1200.v20250212-0927\eclipse_11909.dll
0x00007fff664b0000 - 0x00007fff66645000 	C:\WINDOWS\System32\ole32.dll
0x00007fff63e70000 - 0x00007fff63e8c000 	C:\WINDOWS\SYSTEM32\CRYPTSP.dll
0x00007fff63510000 - 0x00007fff63548000 	C:\WINDOWS\system32\rsaenh.dll
0x00007fff63c70000 - 0x00007fff63c9b000 	C:\WINDOWS\SYSTEM32\USERENV.dll
0x00007fff64040000 - 0x00007fff64066000 	C:\WINDOWS\SYSTEM32\bcrypt.dll
0x00007fff63e90000 - 0x00007fff63e9c000 	C:\WINDOWS\SYSTEM32\CRYPTBASE.dll
0x00007fff62ff0000 - 0x00007fff63022000 	C:\WINDOWS\SYSTEM32\IPHLPAPI.DLL
0x00007fff66fd0000 - 0x00007fff66fda000 	C:\WINDOWS\System32\NSI.dll
0x00007fff1e130000 - 0x00007fff1e179000 	C:\Users\Fer\AppData\Local\Temp\jna-70515\jna7072703960959865520.dll
0x00007fff65320000 - 0x00007fff65328000 	C:\WINDOWS\System32\PSAPI.DLL
0x00007fff5cbd0000 - 0x00007fff5cbef000 	C:\WINDOWS\SYSTEM32\dhcpcsvc6.DLL
0x00007fff5c4f0000 - 0x00007fff5c515000 	C:\WINDOWS\SYSTEM32\dhcpcsvc.DLL

dbghelp: loaded successfully - version: 4.0.5 - missing functions: none
symbol engine: initialized successfully - sym options: 0x614 - pdb path: .;c:\Users\Fer\.vscode\extensions\redhat.java-1.41.2025031208-win32-x64\jre\21.0.6-win32-x86_64\bin;C:\WINDOWS\SYSTEM32;C:\WINDOWS\WinSxS\amd64_microsoft.windows.common-controls_6595b64144ccf1df_6.0.26100.3037_none_3e09262ce333c378;c:\Users\Fer\.vscode\extensions\redhat.java-1.41.2025031208-win32-x64\jre\21.0.6-win32-x86_64\bin\server;C:\Users\Fer\AppData\Roaming\Code\User\globalStorage\redhat.java\1.41.2025031208\config_ss_win\org.eclipse.equinox.launcher\org.eclipse.equinox.launcher.win32.win32.x86_64_1.2.1200.v20250212-0927;C:\Users\Fer\AppData\Local\Temp\jna-70515

VM Arguments:
jvm_args: --add-modules=ALL-SYSTEM --add-opens=java.base/java.util=ALL-UNNAMED --add-opens=java.base/java.lang=ALL-UNNAMED --add-opens=java.base/sun.nio.fs=ALL-UNNAMED -Declipse.application=org.eclipse.jdt.ls.core.id1 -Dosgi.bundles.defaultStartLevel=4 -Declipse.product=org.eclipse.jdt.ls.core.product -Djava.import.generatesMetadataFilesAtProjectRoot=false -DDetectVMInstallationsJob.disabled=true -Dfile.encoding=utf8 -XX:+UseParallelGC -XX:GCTimeRatio=4 -XX:AdaptiveSizePolicyWeight=90 -Dsun.zip.disableMemoryMapping=true -Xmx1G -Xms100m -Xlog:disable -javaagent:c:\Users\Fer\.vscode\extensions\redhat.java-1.41.2025031208-win32-x64\lombok\lombok-1.18.36.jar 
java_command: c:\Users\Fer\.vscode\extensions\redhat.java-1.41.2025031208-win32-x64\server\plugins\org.eclipse.equinox.launcher_1.6.1100.v20250306-0509.jar -configuration c:\Users\Fer\AppData\Roaming\Code\User\globalStorage\redhat.java\1.41.2025031208\config_ss_win -data c:\Users\Fer\AppData\Roaming\Code\User\workspaceStorage\398de21c129474aaeb59c0a7e6288a23\redhat.java\ss_ws --pipe=\\.\pipe\lsp-28e30152e1f140cef592c4605d033622-sock
java_class_path (initial): c:\Users\Fer\.vscode\extensions\redhat.java-1.41.2025031208-win32-x64\server\plugins\org.eclipse.equinox.launcher_1.6.1100.v20250306-0509.jar
Launcher Type: SUN_STANDARD

[Global flags]
    uintx AdaptiveSizePolicyWeight                 = 90                                        {product} {command line}
     intx CICompilerCount                          = 4                                         {product} {ergonomic}
    uintx GCTimeRatio                              = 4                                         {product} {command line}
   size_t InitialHeapSize                          = 104857600                                 {product} {command line}
   size_t MaxHeapSize                              = 1073741824                                {product} {command line}
   size_t MaxNewSize                               = 357564416                                 {product} {ergonomic}
   size_t MinHeapDeltaBytes                        = 524288                                    {product} {ergonomic}
   size_t MinHeapSize                              = 104857600                                 {product} {command line}
   size_t NewSize                                  = 34603008                                  {product} {ergonomic}
    uintx NonNMethodCodeHeapSize                   = 5839372                                {pd product} {ergonomic}
    uintx NonProfiledCodeHeapSize                  = 122909434                              {pd product} {ergonomic}
   size_t OldSize                                  = 70254592                                  {product} {ergonomic}
    uintx ProfiledCodeHeapSize                     = 122909434                              {pd product} {ergonomic}
    uintx ReservedCodeCacheSize                    = 251658240                              {pd product} {ergonomic}
     bool SegmentedCodeCache                       = true                                      {product} {ergonomic}
   size_t SoftMaxHeapSize                          = 1073741824                             {manageable} {ergonomic}
     bool UseCompressedOops                        = true                           {product lp64_product} {ergonomic}
     bool UseLargePagesIndividualAllocation        = false                                  {pd product} {ergonomic}
     bool UseParallelGC                            = true                                      {product} {command line}

Logging:
Log output configuration:
 #0: stdout all=off uptime,level,tags foldmultilines=false
 #1: stderr all=off uptime,level,tags foldmultilines=false

Environment Variables:
PATH=C:\Program Files\sap\hdbclient;C:\Program Files\Common Files\Oracle\Java\javapath;C:\Program Files (x86)\Common Files\Oracle\Java\java8path;C:\Program Files (x86)\Common Files\Oracle\Java\javapath;C:\Windows\system32;C:\Windows;C:\Windows\System32\Wbem;C:\Windows\System32\WindowsPowerShell\v1.0\;C:\Windows\System32\OpenSSH\;C:\Program Files (x86)\Microsoft SQL Server\160\DTS\Binn\;C:\Program Files\Azure Data Studio\bin;C:\Program Files\Microsoft SQL Server\Client SDK\ODBC\170\Tools\Binn\;C:\Program Files (x86)\Microsoft SQL Server\150\Tools\Binn\;C:\Program Files\Microsoft SQL Server\150\Tools\Binn\;C:\Program Files\Microsoft SQL Server\150\DTS\Binn\;C:\Program Files\nodejs\;C:\apache-maven-3.9.9\bin;C:\Program Files\Git\cmd;C:\WINDOWS\system32;C:\WINDOWS;C:\WINDOWS\System32\Wbem;C:\WINDOWS\System32\WindowsPowerShell\v1.0\;C:\WINDOWS\System32\OpenSSH\;C:\Users\Fer\AppData\Local\Microsoft\WindowsApps;C:\Users\Fer\AppData\Local\Programs\Microsoft VS Code\bin;C:\Users\Fer\AppData\Local\GitHubDesktop\bin;C:\Program Files\Azure Data Studio\bin;C:\Users\Fer\AppData\Roaming\npm;
USERNAME=Fer
OS=Windows_NT
PROCESSOR_IDENTIFIER=Intel64 Family 6 Model 126 Stepping 5, GenuineIntel
TMP=C:\Users\Fer\AppData\Local\Temp
TEMP=C:\Users\Fer\AppData\Local\Temp




Periodic native trim disabled

---------------  S Y S T E M  ---------------

OS:
 Windows 11 , 64 bit Build 26100 (10.0.26100.3037)
OS uptime: 0 days 22:14 hours

CPU: total 8 (initial active 8) (4 cores per cpu, 2 threads per core) family 6 model 126 stepping 5 microcode 0xc2, cx8, cmov, fxsr, ht, mmx, 3dnowpref, sse, sse2, sse3, ssse3, sse4.1, sse4.2, popcnt, lzcnt, tsc, tscinvbit, avx, avx2, aes, erms, clmul, bmi1, bmi2, adx, avx512f, avx512dq, avx512cd, avx512bw, avx512vl, sha, fma, vzeroupper, avx512_vpopcntdq, avx512_vpclmulqdq, avx512_vaes, avx512_vnni, clflush, clflushopt, avx512_vbmi2, avx512_vbmi, rdtscp, rdpid, fsrm, gfni, avx512_bitalg, f16c, pku, avx512_ifma
Processor Information for the first 8 processors :
  Max Mhz: 1498, Current Mhz: 1298, Mhz Limit: 1288

Memory: 4k page, system-wide physical 7959M (910M free)
TotalPageFile size 32535M (AvailPageFile size 6M)
current process WorkingSet (physical memory assigned to process): 533M, peak: 553M
current process commit charge ("private bytes"): 574M, peak: 596M

vm_info: OpenJDK 64-Bit Server VM (21.0.6+7-LTS) for windows-amd64 JRE (21.0.6+7-LTS), built on 2025-01-21T00:00:00Z by "admin" with MS VC++ 17.7 (VS2022)

END.
