#
# There is insufficient memory for the Java Runtime Environment to continue.
# Native memory allocation (malloc) failed to allocate 198544 bytes. Error detail: Chunk::new
# Possible reasons:
#   The system is out of physical RAM or swap space
#   This process is running with CompressedOops enabled, and the Java Heap may be blocking the growth of the native heap
# Possible solutions:
#   Reduce memory load on the system
#   Increase physical memory or swap space
#   Check if swap backing store is full
#   Decrease Java heap size (-Xmx/-Xms)
#   Decrease number of Java threads
#   Decrease Java thread stack sizes (-Xss)
#   Set larger code cache with -XX:ReservedCodeCacheSize=
#   JVM is running with Unscaled Compressed Oops mode in which the Java heap is
#     placed in the first 4GB address space. The Java Heap base address is the
#     maximum limit for the native heap growth. Please use -XX:HeapBaseMinAddress
#     to set the Java Heap base and to place the Java Heap above 4GB virtual address.
# This output file may be truncated or incomplete.
#
#  Out of Memory Error (arena.cpp:168), pid=19208, tid=4220
#
# JRE version: OpenJDK Runtime Environment Temurin-21.0.6+7 (21.0.6+7) (build 21.0.6+7-LTS)
# Java VM: OpenJDK 64-Bit Server VM Temurin-21.0.6+7 (21.0.6+7-LTS, mixed mode, sharing, tiered, compressed oops, compressed class ptrs, parallel gc, windows-amd64)
# No core dump will be written. Minidumps are not enabled by default on client versions of Windows
#

---------------  S U M M A R Y ------------

Command Line: --add-modules=ALL-SYSTEM --add-opens=java.base/java.util=ALL-UNNAMED --add-opens=java.base/java.lang=ALL-UNNAMED --add-opens=java.base/sun.nio.fs=ALL-UNNAMED -Declipse.application=org.eclipse.jdt.ls.core.id1 -Dosgi.bundles.defaultStartLevel=4 -Declipse.product=org.eclipse.jdt.ls.core.product -Djava.import.generatesMetadataFilesAtProjectRoot=false -DDetectVMInstallationsJob.disabled=true -Dfile.encoding=utf8 -XX:+UseParallelGC -XX:GCTimeRatio=4 -XX:AdaptiveSizePolicyWeight=90 -Dsun.zip.disableMemoryMapping=true -Xmx1G -Xms100m -Xlog:disable -javaagent:c:\Users\Fer\.vscode\extensions\redhat.java-1.41.2025030508-win32-x64\lombok\lombok-1.18.36.jar -XX:+HeapDumpOnOutOfMemoryError -XX:HeapDumpPath=c:\Users\Fer\AppData\Roaming\Code\User\workspaceStorage\398de21c129474aaeb59c0a7e6288a23\redhat.java -Daether.dependencyCollector.impl=bf c:\Users\Fer\.vscode\extensions\redhat.java-1.41.2025030508-win32-x64\server\plugins\org.eclipse.equinox.launcher_1.6.1000.v20250227-1734.jar -configuration c:\Users\Fer\AppData\Roaming\Code\User\globalStorage\redhat.java\1.41.2025030508\config_win -data c:\Users\Fer\AppData\Roaming\Code\User\workspaceStorage\398de21c129474aaeb59c0a7e6288a23\redhat.java\jdt_ws --pipe=\\.\pipe\lsp-4298727da9f8dc7d80f84cfb770ec97a-sock

Host: Intel(R) Core(TM) i7-1065G7 CPU @ 1.30GHz, 8 cores, 7G,  Windows 11 , 64 bit Build 26100 (10.0.26100.3037)
Time: Mon Mar 10 11:38:02 2025 Hora est. Pacífico, Sudamérica elapsed time: 20.253132 seconds (0d 0h 0m 20s)

---------------  T H R E A D  ---------------

Current thread (0x000001ec76dab8e0):  JavaThread "C2 CompilerThread0" daemon [_thread_in_native, id=4220, stack(0x000000e358400000,0x000000e358500000) (1024K)]


Current CompileTask:
C2:20253 1674 %     4       java.io.WinNTFileSystem::normalize @ 58 (224 bytes)

Stack: [0x000000e358400000,0x000000e358500000]
Native frames: (J=compiled Java code, j=interpreted, Vv=VM code, C=native code)
V  [jvm.dll+0x6cdee9]
V  [jvm.dll+0x8a83d1]
V  [jvm.dll+0x8aa8fe]
V  [jvm.dll+0x8aafe3]
V  [jvm.dll+0x27f706]
V  [jvm.dll+0xc500d]
V  [jvm.dll+0xc5543]
V  [jvm.dll+0x3b678c]
V  [jvm.dll+0x1dfe13]
V  [jvm.dll+0x247b42]
V  [jvm.dll+0x246fcf]
V  [jvm.dll+0x1c75ee]
V  [jvm.dll+0x25685a]
V  [jvm.dll+0x254dfa]
V  [jvm.dll+0x3f0256]
V  [jvm.dll+0x851f8b]
V  [jvm.dll+0x6cc5ed]
C  [ucrtbase.dll+0x37b0]
C  [KERNEL32.DLL+0x2e8d7]
C  [ntdll.dll+0xbbf2c]


---------------  P R O C E S S  ---------------

Threads class SMR info:
_java_thread_list=0x000001ec7d2c6360, length=12, elements={
0x000001ec6f507c70, 0x000001ec76d9d760, 0x000001ec76da1fd0, 0x000001ec76da6530,
0x000001ec76da9610, 0x000001ec76daa060, 0x000001ec76daaab0, 0x000001ec76dab8e0,
0x000001ec787c3160, 0x000001ec71a5bf00, 0x000001ec78a90ce0, 0x000001ec7d238860
}

Java Threads: ( => current thread )
  0x000001ec6f507c70 JavaThread "main"                              [_thread_in_native, id=5704, stack(0x000000e357a00000,0x000000e357b00000) (1024K)]
  0x000001ec76d9d760 JavaThread "Reference Handler"          daemon [_thread_blocked, id=6124, stack(0x000000e357e00000,0x000000e357f00000) (1024K)]
  0x000001ec76da1fd0 JavaThread "Finalizer"                  daemon [_thread_blocked, id=2856, stack(0x000000e357f00000,0x000000e358000000) (1024K)]
  0x000001ec76da6530 JavaThread "Signal Dispatcher"          daemon [_thread_blocked, id=14288, stack(0x000000e358000000,0x000000e358100000) (1024K)]
  0x000001ec76da9610 JavaThread "Attach Listener"            daemon [_thread_blocked, id=15884, stack(0x000000e358100000,0x000000e358200000) (1024K)]
  0x000001ec76daa060 JavaThread "Service Thread"             daemon [_thread_blocked, id=14516, stack(0x000000e358200000,0x000000e358300000) (1024K)]
  0x000001ec76daaab0 JavaThread "Monitor Deflation Thread"   daemon [_thread_blocked, id=812, stack(0x000000e358300000,0x000000e358400000) (1024K)]
=>0x000001ec76dab8e0 JavaThread "C2 CompilerThread0"         daemon [_thread_in_native, id=4220, stack(0x000000e358400000,0x000000e358500000) (1024K)]
  0x000001ec787c3160 JavaThread "C1 CompilerThread0"         daemon [_thread_blocked, id=10768, stack(0x000000e358500000,0x000000e358600000) (1024K)]
  0x000001ec71a5bf00 JavaThread "Common-Cleaner"             daemon [_thread_blocked, id=19192, stack(0x000000e358600000,0x000000e358700000) (1024K)]
  0x000001ec78a90ce0 JavaThread "Notification Thread"        daemon [_thread_blocked, id=8920, stack(0x000000e358700000,0x000000e358800000) (1024K)]
  0x000001ec7d238860 JavaThread "Active Thread: Equinox Container: 33eebd96-2ad4-4170-9b3a-8daf27b4fccd"        [_thread_blocked, id=11064, stack(0x000000e358e00000,0x000000e358f00000) (1024K)]
Total: 12

Other Threads:
  0x000001ec71aae7e0 VMThread "VM Thread"                           [id=2796, stack(0x000000e357d00000,0x000000e357e00000) (1024K)]
  0x000001ec71a59930 WatcherThread "VM Periodic Task Thread"        [id=16256, stack(0x000000e357c00000,0x000000e357d00000) (1024K)]
  0x000001ec71a09ec0 WorkerThread "GC Thread#0"                     [id=19060, stack(0x000000e357b00000,0x000000e357c00000) (1024K)]
  0x000001ec7d7c70d0 WorkerThread "GC Thread#1"                     [id=6544, stack(0x000000e358800000,0x000000e358900000) (1024K)]
  0x000001ec7d7c7470 WorkerThread "GC Thread#2"                     [id=19316, stack(0x000000e358900000,0x000000e358a00000) (1024K)]
  0x000001ec7d267f70 WorkerThread "GC Thread#3"                     [id=13368, stack(0x000000e358a00000,0x000000e358b00000) (1024K)]
  0x000001ec7d268310 WorkerThread "GC Thread#4"                     [id=7352, stack(0x000000e358b00000,0x000000e358c00000) (1024K)]
  0x000001ec7d0e2050 WorkerThread "GC Thread#5"                     [id=12736, stack(0x000000e358c00000,0x000000e358d00000) (1024K)]
  0x000001ec7d0e23f0 WorkerThread "GC Thread#6"                     [id=8760, stack(0x000000e358d00000,0x000000e358e00000) (1024K)]
Total: 9

Threads with active compile tasks:
C2 CompilerThread0  21297 1674 %     4       java.io.WinNTFileSystem::normalize @ 58 (224 bytes)
Total: 1

VM state: not at safepoint (normal execution)

VM Mutex/Monitor currently owned by a thread: None

Heap address: 0x00000000c0000000, size: 1024 MB, Compressed Oops mode: 32-bit

CDS archive(s) mapped at: [0x000001ec0f000000-0x000001ec0fba0000-0x000001ec0fba0000), size 12189696, SharedBaseAddress: 0x000001ec0f000000, ArchiveRelocationMode: 1.
Compressed class space mapped at: 0x000001ec10000000-0x000001ec50000000, reserved size: 1073741824
Narrow klass base: 0x000001ec0f000000, Narrow klass shift: 0, Narrow klass range: 0x100000000

GC Precious Log:
 CardTable entry size: 512
 CPUs: 8 total, 8 available
 Memory: 7959M
 Large Page Support: Disabled
 NUMA Support: Disabled
 Compressed Oops: Enabled (32-bit)
 Alignments: Space 512K, Generation 512K, Heap 2M
 Heap Min Capacity: 100M
 Heap Initial Capacity: 100M
 Heap Max Capacity: 1G
 Pre-touch: Disabled
 Parallel Workers: 8

Heap:
 PSYoungGen      total 29696K, used 26536K [0x00000000eab00000, 0x00000000ecc00000, 0x0000000100000000)
  eden space 25600K, 91% used [0x00000000eab00000,0x00000000ec1c8a50,0x00000000ec400000)
  from space 4096K, 78% used [0x00000000ec400000,0x00000000ec7217f0,0x00000000ec800000)
  to   space 4096K, 0% used [0x00000000ec800000,0x00000000ec800000,0x00000000ecc00000)
 ParOldGen       total 68608K, used 8K [0x00000000c0000000, 0x00000000c4300000, 0x00000000eab00000)
  object space 68608K, 0% used [0x00000000c0000000,0x00000000c0002000,0x00000000c4300000)
 Metaspace       used 7645K, committed 7936K, reserved 1114112K
  class space    used 738K, committed 896K, reserved 1048576K

Card table byte_map: [0x000001ec71390000,0x000001ec715a0000] _byte_map_base: 0x000001ec70d90000

Marking Bits: (ParMarkBitMap*) 0x00007fff46863260
 Begin Bits: [0x000001ec74be0000, 0x000001ec75be0000)
 End Bits:   [0x000001ec75be0000, 0x000001ec76be0000)

Polling page: 0x000001ec70f80000

Metaspace:

Usage:
  Non-class:      6.74 MB used.
      Class:    738.97 KB used.
       Both:      7.47 MB used.

Virtual space:
  Non-class space:       64.00 MB reserved,       6.88 MB ( 11%) committed,  1 nodes.
      Class space:        1.00 GB reserved,     896.00 KB ( <1%) committed,  1 nodes.
             Both:        1.06 GB reserved,       7.75 MB ( <1%) committed. 

Chunk freelists:
   Non-Class:  8.91 MB
       Class:  14.98 MB
        Both:  23.89 MB

MaxMetaspaceSize: unlimited
CompressedClassSpaceSize: 1.00 GB
Initial GC threshold: 21.00 MB
Current GC threshold: 21.00 MB
CDS: on
 - commit_granule_bytes: 65536.
 - commit_granule_words: 8192.
 - virtual_space_node_default_size: 8388608.
 - enlarge_chunks_in_place: 1.
 - use_allocation_guard: 0.


Internal statistics:

num_allocs_failed_limit: 0.
num_arena_births: 176.
num_arena_deaths: 0.
num_vsnodes_births: 2.
num_vsnodes_deaths: 0.
num_space_committed: 124.
num_space_uncommitted: 0.
num_chunks_returned_to_freelist: 0.
num_chunks_taken_from_freelist: 343.
num_chunk_merges: 0.
num_chunk_splits: 234.
num_chunks_enlarged: 169.
num_inconsistent_stats: 0.

CodeHeap 'non-profiled nmethods': size=120000Kb used=724Kb max_used=724Kb free=119275Kb
 bounds [0x000001ec07ad0000, 0x000001ec07d40000, 0x000001ec0f000000]
CodeHeap 'profiled nmethods': size=120000Kb used=3032Kb max_used=3032Kb free=116967Kb
 bounds [0x000001ec00000000, 0x000001ec00300000, 0x000001ec07530000]
CodeHeap 'non-nmethods': size=5760Kb used=1222Kb max_used=1245Kb free=4537Kb
 bounds [0x000001ec07530000, 0x000001ec077a0000, 0x000001ec07ad0000]
 total_blobs=2156 nmethods=1678 adapters=385
 compilation: enabled
              stopped_count=0, restarted_count=0
 full_count=0

Compilation events (20 events):
Event: 17.651 Thread 0x000001ec787c3160 nmethod 1669 0x000001ec002edb90 code [0x000001ec002ede40, 0x000001ec002eec68]
Event: 17.727 Thread 0x000001ec787c3160 1670       3       java.lang.AbstractStringBuilder::appendChars (207 bytes)
Event: 17.729 Thread 0x000001ec787c3160 nmethod 1670 0x000001ec002ef110 code [0x000001ec002ef3c0, 0x000001ec002f02f0]
Event: 18.026 Thread 0x000001ec787c3160 1671       3       java.net.URL::isValidProtocol (78 bytes)
Event: 18.027 Thread 0x000001ec787c3160 nmethod 1671 0x000001ec002f0810 code [0x000001ec002f0b20, 0x000001ec002f1d58]
Event: 18.028 Thread 0x000001ec787c3160 1672       1       sun.nio.fs.NativeBuffer::address (5 bytes)
Event: 18.028 Thread 0x000001ec787c3160 nmethod 1672 0x000001ec07b85010 code [0x000001ec07b851a0, 0x000001ec07b85268]
Event: 18.193 Thread 0x000001ec787c3160 1673       3       java.lang.AbstractStringBuilder::append (67 bytes)
Event: 18.193 Thread 0x000001ec787c3160 nmethod 1673 0x000001ec002f2490 code [0x000001ec002f26a0, 0x000001ec002f2d20]
Event: 18.222 Thread 0x000001ec76dab8e0 1674 %     4       java.io.WinNTFileSystem::normalize @ 58 (224 bytes)
Event: 18.223 Thread 0x000001ec787c3160 1676       3       sun.nio.fs.WindowsPathParser::nextNonSlash (24 bytes)
Event: 18.224 Thread 0x000001ec787c3160 nmethod 1676 0x000001ec002f2f10 code [0x000001ec002f3120, 0x000001ec002f3828]
Event: 18.260 Thread 0x000001ec787c3160 1677   !   3       java.io.WinNTFileSystem::isInvalid (78 bytes)
Event: 18.261 Thread 0x000001ec787c3160 nmethod 1677 0x000001ec002f3b90 code [0x000001ec002f3d60, 0x000001ec002f3fb0]
Event: 18.290 Thread 0x000001ec787c3160 1678       3       java.lang.ThreadLocal$ThreadLocalMap::getEntry (42 bytes)
Event: 18.290 Thread 0x000001ec787c3160 nmethod 1678 0x000001ec002f4110 code [0x000001ec002f42e0, 0x000001ec002f46a0]
Event: 18.314 Thread 0x000001ec787c3160 1679       3       java.lang.String::getChars (55 bytes)
Event: 18.315 Thread 0x000001ec787c3160 nmethod 1679 0x000001ec002f4890 code [0x000001ec002f4ac0, 0x000001ec002f51c8]
Event: 18.315 Thread 0x000001ec787c3160 1680       3       java.lang.StringLatin1::getChars (12 bytes)
Event: 18.315 Thread 0x000001ec787c3160 nmethod 1680 0x000001ec002f5510 code [0x000001ec002f56c0, 0x000001ec002f57e8]

GC Heap History (2 events):
Event: 6.542 GC heap before
{Heap before GC invocations=1 (full 0):
 PSYoungGen      total 29696K, used 25600K [0x00000000eab00000, 0x00000000ecc00000, 0x0000000100000000)
  eden space 25600K, 100% used [0x00000000eab00000,0x00000000ec400000,0x00000000ec400000)
  from space 4096K, 0% used [0x00000000ec800000,0x00000000ec800000,0x00000000ecc00000)
  to   space 4096K, 0% used [0x00000000ec400000,0x00000000ec400000,0x00000000ec800000)
 ParOldGen       total 68608K, used 0K [0x00000000c0000000, 0x00000000c4300000, 0x00000000eab00000)
  object space 68608K, 0% used [0x00000000c0000000,0x00000000c0000000,0x00000000c4300000)
 Metaspace       used 4345K, committed 4544K, reserved 1114112K
  class space    used 436K, committed 512K, reserved 1048576K
}
Event: 6.554 GC heap after
{Heap after GC invocations=1 (full 0):
 PSYoungGen      total 29696K, used 3205K [0x00000000eab00000, 0x00000000ecc00000, 0x0000000100000000)
  eden space 25600K, 0% used [0x00000000eab00000,0x00000000eab00000,0x00000000ec400000)
  from space 4096K, 78% used [0x00000000ec400000,0x00000000ec7217f0,0x00000000ec800000)
  to   space 4096K, 0% used [0x00000000ec800000,0x00000000ec800000,0x00000000ecc00000)
 ParOldGen       total 68608K, used 8K [0x00000000c0000000, 0x00000000c4300000, 0x00000000eab00000)
  object space 68608K, 0% used [0x00000000c0000000,0x00000000c0002000,0x00000000c4300000)
 Metaspace       used 4345K, committed 4544K, reserved 1114112K
  class space    used 436K, committed 512K, reserved 1048576K
}

Dll operation events (8 events):
Event: 0.086 Loaded shared library c:\Users\Fer\.vscode\extensions\redhat.java-1.41.2025030508-win32-x64\jre\21.0.6-win32-x86_64\bin\java.dll
Event: 1.703 Loaded shared library c:\Users\Fer\.vscode\extensions\redhat.java-1.41.2025030508-win32-x64\jre\21.0.6-win32-x86_64\bin\zip.dll
Event: 1.789 Loaded shared library C:\Users\Fer\.vscode\extensions\redhat.java-1.41.2025030508-win32-x64\jre\21.0.6-win32-x86_64\bin\instrument.dll
Event: 1.818 Loaded shared library C:\Users\Fer\.vscode\extensions\redhat.java-1.41.2025030508-win32-x64\jre\21.0.6-win32-x86_64\bin\net.dll
Event: 1.822 Loaded shared library C:\Users\Fer\.vscode\extensions\redhat.java-1.41.2025030508-win32-x64\jre\21.0.6-win32-x86_64\bin\nio.dll
Event: 1.829 Loaded shared library C:\Users\Fer\.vscode\extensions\redhat.java-1.41.2025030508-win32-x64\jre\21.0.6-win32-x86_64\bin\zip.dll
Event: 1.972 Loaded shared library C:\Users\Fer\.vscode\extensions\redhat.java-1.41.2025030508-win32-x64\jre\21.0.6-win32-x86_64\bin\jimage.dll
Event: 2.326 Loaded shared library c:\Users\Fer\.vscode\extensions\redhat.java-1.41.2025030508-win32-x64\jre\21.0.6-win32-x86_64\bin\verify.dll

Deoptimization events (20 events):
Event: 15.805 Thread 0x000001ec6f507c70 DEOPT PACKING pc=0x000001ec07b13458 sp=0x000000e357af8400
Event: 15.805 Thread 0x000001ec6f507c70 DEOPT UNPACKING pc=0x000001ec07586da2 sp=0x000000e357af83b0 mode 2
Event: 17.252 Thread 0x000001ec6f507c70 Uncommon trap: trap_request=0xffffff45 fr.pc=0x000001ec07b427cc relative=0x00000000000000ac
Event: 17.252 Thread 0x000001ec6f507c70 Uncommon trap: reason=unstable_if action=reinterpret pc=0x000001ec07b427cc method=java.util.concurrent.locks.ReentrantLock$NonfairSync.initialTryLock()Z @ 10 c2
Event: 17.252 Thread 0x000001ec6f507c70 DEOPT PACKING pc=0x000001ec07b427cc sp=0x000000e357afe880
Event: 17.252 Thread 0x000001ec6f507c70 DEOPT UNPACKING pc=0x000001ec07586da2 sp=0x000000e357afe810 mode 2
Event: 17.253 Thread 0x000001ec6f507c70 Uncommon trap: trap_request=0xffffff45 fr.pc=0x000001ec07b42434 relative=0x0000000000000094
Event: 17.253 Thread 0x000001ec6f507c70 Uncommon trap: reason=unstable_if action=reinterpret pc=0x000001ec07b42434 method=java.util.concurrent.locks.ReentrantLock$Sync.tryRelease(I)Z @ 26 c2
Event: 17.253 Thread 0x000001ec6f507c70 DEOPT PACKING pc=0x000001ec07b42434 sp=0x000000e357afe950
Event: 17.253 Thread 0x000001ec6f507c70 DEOPT UNPACKING pc=0x000001ec07586da2 sp=0x000000e357afe8d0 mode 2
Event: 17.492 Thread 0x000001ec6f507c70 DEOPT PACKING pc=0x000001ec0010078b sp=0x000000e357afc750
Event: 17.492 Thread 0x000001ec6f507c70 DEOPT UNPACKING pc=0x000001ec075878e2 sp=0x000000e357afbbc8 mode 0
Event: 17.493 Thread 0x000001ec6f507c70 DEOPT PACKING pc=0x000001ec00151488 sp=0x000000e357afc350
Event: 17.493 Thread 0x000001ec6f507c70 DEOPT UNPACKING pc=0x000001ec075878e2 sp=0x000000e357afb7d0 mode 0
Event: 17.497 Thread 0x000001ec6f507c70 DEOPT PACKING pc=0x000001ec00151488 sp=0x000000e357afc660
Event: 17.497 Thread 0x000001ec6f507c70 DEOPT UNPACKING pc=0x000001ec075878e2 sp=0x000000e357afbae0 mode 0
Event: 17.500 Thread 0x000001ec6f507c70 DEOPT PACKING pc=0x000001ec00151488 sp=0x000000e357afc5b0
Event: 17.500 Thread 0x000001ec6f507c70 DEOPT UNPACKING pc=0x000001ec075878e2 sp=0x000000e357afba30 mode 0
Event: 17.502 Thread 0x000001ec6f507c70 DEOPT PACKING pc=0x000001ec00151488 sp=0x000000e357afc8b0
Event: 17.502 Thread 0x000001ec6f507c70 DEOPT UNPACKING pc=0x000001ec075878e2 sp=0x000000e357afbd30 mode 0

Classes loaded (20 events):
Event: 17.479 Loading class java/security/KeyStoreException
Event: 17.479 Loading class java/security/KeyStoreException done
Event: 17.541 Loading class java/util/LinkedList$Node
Event: 17.541 Loading class java/util/LinkedList$Node done
Event: 17.542 Loading class java/util/LinkedList$ListItr
Event: 17.542 Loading class java/util/LinkedList$ListItr done
Event: 17.543 Loading class java/lang/Thread$Builder$OfPlatform
Event: 17.543 Loading class java/lang/Thread$Builder
Event: 17.544 Loading class java/lang/Thread$Builder done
Event: 17.544 Loading class java/lang/Thread$Builder$OfPlatform done
Event: 17.544 Loading class java/lang/Thread$Builder$OfVirtual
Event: 17.544 Loading class java/lang/Thread$Builder$OfVirtual done
Event: 17.574 Loading class sun/nio/fs/WindowsChannelFactory
Event: 17.574 Loading class sun/nio/fs/WindowsChannelFactory done
Event: 17.575 Loading class sun/nio/fs/WindowsChannelFactory$1
Event: 17.575 Loading class sun/nio/fs/WindowsChannelFactory$1 done
Event: 17.575 Loading class sun/nio/fs/WindowsChannelFactory$Flags
Event: 17.575 Loading class sun/nio/fs/WindowsChannelFactory$Flags done
Event: 17.575 Loading class sun/nio/ch/FileChannelImpl$Closer
Event: 17.576 Loading class sun/nio/ch/FileChannelImpl$Closer done

Classes unloaded (0 events):
No events

Classes redefined (0 events):
No events

Internal exceptions (20 events):
Event: 6.259 Thread 0x000001ec6f507c70 Exception <a 'java/io/FileNotFoundException'{0x00000000ec282e08}> (0x00000000ec282e08) 
thrown [s\src\hotspot\share\prims\jni.cpp, line 520]
Event: 6.492 Thread 0x000001ec6f507c70 Implicit null exception at 0x000001ec07b1b3c9 to 0x000001ec07b1bd5c
Event: 6.492 Thread 0x000001ec6f507c70 Implicit null exception at 0x000001ec07b2991a to 0x000001ec07b29b24
Event: 6.493 Thread 0x000001ec6f507c70 Exception <a 'java/lang/NoSuchMethodError'{0x00000000ec3af678}: 'void java.lang.invoke.DirectMethodHandle$Holder.invokeStatic(java.lang.Object, java.lang.Object, java.lang.Object, java.lang.Object)'> (0x00000000ec3af678) 
thrown [s\src\hotspot\share\interpreter\linkResolver.cpp, line 773]
Event: 6.495 Thread 0x000001ec6f507c70 Implicit null exception at 0x000001ec07b1f33c to 0x000001ec07b1f5cc
Event: 6.495 Thread 0x000001ec6f507c70 Implicit null exception at 0x000001ec07b1d5bd to 0x000001ec07b1d641
Event: 6.665 Thread 0x000001ec6f507c70 Exception <a 'java/lang/NoSuchMethodError'{0x00000000ead329f0}: 'long java.lang.invoke.DirectMethodHandle$Holder.invokeStatic(java.lang.Object, java.lang.Object, int)'> (0x00000000ead329f0) 
thrown [s\src\hotspot\share\interpreter\linkResolver.cpp, line 773]
Event: 6.666 Thread 0x000001ec6f507c70 Exception <a 'java/lang/NoSuchMethodError'{0x00000000ead3a558}: 'java.lang.Object java.lang.invoke.DirectMethodHandle$Holder.invokeSpecial(java.lang.Object, java.lang.Object, java.lang.Object, java.lang.Object, long)'> (0x00000000ead3a558) 
thrown [s\src\hotspot\share\interpreter\linkResolver.cpp, line 773]
Event: 6.669 Thread 0x000001ec6f507c70 Exception <a 'java/lang/NoSuchMethodError'{0x00000000ead47f50}: 'java.lang.Object java.lang.invoke.DirectMethodHandle$Holder.invokeSpecial(java.lang.Object, java.lang.Object, java.lang.Object, int, java.lang.Object)'> (0x00000000ead47f50) 
thrown [s\src\hotspot\share\interpreter\linkResolver.cpp, line 773]
Event: 6.672 Thread 0x000001ec6f507c70 Exception <a 'java/lang/NoSuchMethodError'{0x00000000ead61bb8}: 'java.lang.Object java.lang.invoke.Invokers$Holder.invokeExact_MT(java.lang.Object, java.lang.Object, java.lang.Object, java.lang.Object, java.lang.Object, java.lang.Object)'> (0x00000000ead61bb8) 
thrown [s\src\hotspot\share\interpreter\linkResolver.cpp, line 773]
Event: 7.702 Thread 0x000001ec6f507c70 Exception <a 'java/lang/NoSuchMethodError'{0x00000000ead7b4a8}: 'int java.lang.invoke.DirectMethodHandle$Holder.invokeStaticInit(java.lang.Object, java.lang.Object, java.lang.Object, java.lang.Object)'> (0x00000000ead7b4a8) 
thrown [s\src\hotspot\share\interpreter\linkResolver.cpp, line 773]
Event: 7.703 Thread 0x000001ec6f507c70 Exception <a 'java/lang/NoSuchMethodError'{0x00000000ead83ef8}: 'java.lang.Object java.lang.invoke.DirectMethodHandle$Holder.invokeInterface(java.lang.Object, java.lang.Object)'> (0x00000000ead83ef8) 
thrown [s\src\hotspot\share\interpreter\linkResolver.cpp, line 773]
Event: 7.703 Thread 0x000001ec6f507c70 Exception <a 'java/lang/IncompatibleClassChangeError'{0x00000000ead87430}: Found class java.lang.Object, but interface was expected> (0x00000000ead87430) 
thrown [s\src\hotspot\share\interpreter\linkResolver.cpp, line 840]
Event: 7.704 Thread 0x000001ec6f507c70 Exception <a 'java/lang/NoSuchMethodError'{0x00000000ead8b5e8}: 'void java.lang.invoke.DirectMethodHandle$Holder.invokeStatic(java.lang.Object, java.lang.Object)'> (0x00000000ead8b5e8) 
thrown [s\src\hotspot\share\interpreter\linkResolver.cpp, line 773]
Event: 7.704 Thread 0x000001ec6f507c70 Exception <a 'java/lang/NoSuchMethodError'{0x00000000ead8e990}: 'void java.lang.invoke.DirectMethodHandle$Holder.invokeStaticInit(java.lang.Object, java.lang.Object)'> (0x00000000ead8e990) 
thrown [s\src\hotspot\share\interpreter\linkResolver.cpp, line 773]
Event: 7.704 Thread 0x000001ec6f507c70 Exception <a 'java/lang/NoSuchMethodError'{0x00000000ead959d0}: 'int java.lang.invoke.DirectMethodHandle$Holder.invokeStaticInit(java.lang.Object, java.lang.Object)'> (0x00000000ead959d0) 
thrown [s\src\hotspot\share\interpreter\linkResolver.cpp, line 773]
Event: 15.179 Thread 0x000001ec6f507c70 Exception <a 'java/lang/NoSuchMethodError'{0x00000000eaef7a18}: 'void java.lang.invoke.DirectMethodHandle$Holder.invokeSpecial(java.lang.Object, java.lang.Object, java.lang.Object)'> (0x00000000eaef7a18) 
thrown [s\src\hotspot\share\interpreter\linkResolver.cpp, line 773]
Event: 16.181 Thread 0x000001ec6f507c70 Exception <a 'java/lang/NoSuchMethodError'{0x00000000eb8f58c8}: 'int java.lang.invoke.DirectMethodHandle$Holder.invokeVirtual(java.lang.Object, java.lang.Object)'> (0x00000000eb8f58c8) 
thrown [s\src\hotspot\share\interpreter\linkResolver.cpp, line 773]
Event: 17.339 Thread 0x000001ec6f507c70 Exception <a 'java/lang/NoSuchMethodError'{0x00000000ebc60868}: 'java.lang.Object java.lang.invoke.DirectMethodHandle$Holder.newInvokeSpecial(java.lang.Object, int, java.lang.Object)'> (0x00000000ebc60868) 
thrown [s\src\hotspot\share\interpreter\linkResolver.cpp, line 773]
Event: 17.423 Thread 0x000001ec6f507c70 Exception <a 'java/lang/NoSuchMethodError'{0x00000000ebe04808}: 'java.lang.Object java.lang.invoke.DirectMethodHandle$Holder.newInvokeSpecial(java.lang.Object, java.lang.Object, java.lang.Object, java.lang.Object, int, java.lang.Object)'> (0x00000000ebe04808) 
thrown [s\src\hotspot\share\interpreter\linkResolver.cpp, line 773]

ZGC Phase Switch (0 events):
No events

VM Operations (20 events):
Event: 6.187 Executing VM operation: HandshakeAllThreads (Deoptimize)
Event: 6.187 Executing VM operation: HandshakeAllThreads (Deoptimize) done
Event: 6.542 Executing VM operation: ParallelGCFailedAllocation (Allocation Failure)
Event: 6.554 Executing VM operation: ParallelGCFailedAllocation (Allocation Failure) done
Event: 7.556 Executing VM operation: Cleanup
Event: 7.698 Executing VM operation: Cleanup done
Event: 8.713 Executing VM operation: Cleanup
Event: 8.713 Executing VM operation: Cleanup done
Event: 15.769 Executing VM operation: Cleanup
Event: 15.785 Executing VM operation: Cleanup done
Event: 16.785 Executing VM operation: Cleanup
Event: 17.219 Executing VM operation: Cleanup done
Event: 17.297 Executing VM operation: HandshakeAllThreads (Deoptimize)
Event: 17.297 Executing VM operation: HandshakeAllThreads (Deoptimize) done
Event: 17.318 Executing VM operation: HandshakeAllThreads (Deoptimize)
Event: 17.318 Executing VM operation: HandshakeAllThreads (Deoptimize) done
Event: 17.411 Executing VM operation: HandshakeAllThreads (Deoptimize)
Event: 17.411 Executing VM operation: HandshakeAllThreads (Deoptimize) done
Event: 18.427 Executing VM operation: Cleanup
Event: 18.427 Executing VM operation: Cleanup done

Memory protections (0 events):
No events

Nmethod flushes (0 events):
No events

Events (20 events):
Event: 0.608 Thread 0x000001ec6f507c70 Thread added: 0x000001ec76da9610
Event: 0.608 Thread 0x000001ec6f507c70 Thread added: 0x000001ec76daa060
Event: 0.608 Thread 0x000001ec6f507c70 Thread added: 0x000001ec76daaab0
Event: 0.609 Thread 0x000001ec6f507c70 Thread added: 0x000001ec76dab8e0
Event: 0.661 Thread 0x000001ec6f507c70 Thread added: 0x000001ec787c3160
Event: 0.843 Thread 0x000001ec6f507c70 Thread added: 0x000001ec71a5bf00
Event: 2.298 Thread 0x000001ec76dab8e0 Thread added: 0x000001ec78a63740
Event: 2.407 Thread 0x000001ec78a63740 Thread exited: 0x000001ec78a63740
Event: 2.937 Thread 0x000001ec6f507c70 Thread added: 0x000001ec78a90ce0
Event: 5.347 Thread 0x000001ec787c3160 Thread added: 0x000001ec78ad68f0
Event: 5.491 Thread 0x000001ec78ad68f0 Thread added: 0x000001ec7d4cc530
Event: 5.870 Thread 0x000001ec7d4cc530 Thread exited: 0x000001ec7d4cc530
Event: 5.910 Thread 0x000001ec78ad68f0 Thread exited: 0x000001ec78ad68f0
Event: 15.538 Thread 0x000001ec787c3160 Thread added: 0x000001ec7d126600
Event: 15.538 Thread 0x000001ec787c3160 Thread added: 0x000001ec7d6f9890
Event: 15.952 Thread 0x000001ec7d6f9890 Thread exited: 0x000001ec7d6f9890
Event: 15.982 Thread 0x000001ec7d126600 Thread exited: 0x000001ec7d126600
Event: 16.043 Thread 0x000001ec787c3160 Thread added: 0x000001ec7d6f9890
Event: 17.221 Thread 0x000001ec7d6f9890 Thread exited: 0x000001ec7d6f9890
Event: 17.281 Thread 0x000001ec6f507c70 Thread added: 0x000001ec7d238860


Dynamic libraries:
0x00007ff6f5e00000 - 0x00007ff6f5e0e000 	c:\Users\Fer\.vscode\extensions\redhat.java-1.41.2025030508-win32-x64\jre\21.0.6-win32-x86_64\bin\java.exe
0x00007fffd3860000 - 0x00007fffd3ac3000 	C:\WINDOWS\SYSTEM32\ntdll.dll
0x00007fffd2750000 - 0x00007fffd2817000 	C:\WINDOWS\System32\KERNEL32.DLL
0x00007fffd0c90000 - 0x00007fffd1057000 	C:\WINDOWS\System32\KERNELBASE.dll
0x00007fffd1350000 - 0x00007fffd149c000 	C:\WINDOWS\System32\ucrtbase.dll
0x00007fffac540000 - 0x00007fffac558000 	c:\Users\Fer\.vscode\extensions\redhat.java-1.41.2025030508-win32-x64\jre\21.0.6-win32-x86_64\bin\jli.dll
0x00007fffd2f10000 - 0x00007fffd30d9000 	C:\WINDOWS\System32\USER32.dll
0x00007fffd1670000 - 0x00007fffd1697000 	C:\WINDOWS\System32\win32u.dll
0x00007fffd1f70000 - 0x00007fffd1f9a000 	C:\WINDOWS\System32\GDI32.dll
0x00007fffd14a0000 - 0x00007fffd15cb000 	C:\WINDOWS\System32\gdi32full.dll
0x00007fffd1060000 - 0x00007fffd1103000 	C:\WINDOWS\System32\msvcp_win.dll
0x00007fffa1550000 - 0x00007fffa156e000 	c:\Users\Fer\.vscode\extensions\redhat.java-1.41.2025030508-win32-x64\jre\21.0.6-win32-x86_64\bin\VCRUNTIME140.dll
0x00007fffa7c10000 - 0x00007fffa7ea0000 	C:\WINDOWS\WinSxS\amd64_microsoft.windows.common-controls_6595b64144ccf1df_6.0.26100.3037_none_3e09262ce333c378\COMCTL32.dll
0x00007fffd2920000 - 0x00007fffd29c9000 	C:\WINDOWS\System32\msvcrt.dll
0x00007fffd1820000 - 0x00007fffd184f000 	C:\WINDOWS\System32\IMM32.DLL
0x00007fffbd4b0000 - 0x00007fffbd4bc000 	c:\Users\Fer\.vscode\extensions\redhat.java-1.41.2025030508-win32-x64\jre\21.0.6-win32-x86_64\bin\vcruntime140_1.dll
0x00007fff67db0000 - 0x00007fff67e3d000 	c:\Users\Fer\.vscode\extensions\redhat.java-1.41.2025030508-win32-x64\jre\21.0.6-win32-x86_64\bin\msvcp140.dll
0x00007fff45bb0000 - 0x00007fff46940000 	c:\Users\Fer\.vscode\extensions\redhat.java-1.41.2025030508-win32-x64\jre\21.0.6-win32-x86_64\bin\server\jvm.dll
0x00007fffd1760000 - 0x00007fffd1814000 	C:\WINDOWS\System32\ADVAPI32.dll
0x00007fffd16b0000 - 0x00007fffd1756000 	C:\WINDOWS\System32\sechost.dll
0x00007fffd24d0000 - 0x00007fffd25e6000 	C:\WINDOWS\System32\RPCRT4.dll
0x00007fffd1fa0000 - 0x00007fffd2014000 	C:\WINDOWS\System32\WS2_32.dll
0x00007fffcfc00000 - 0x00007fffcfc4e000 	C:\WINDOWS\SYSTEM32\POWRPROF.dll
0x00007fffc1350000 - 0x00007fffc1386000 	C:\WINDOWS\SYSTEM32\WINMM.dll
0x00007fffc9840000 - 0x00007fffc984b000 	C:\WINDOWS\SYSTEM32\VERSION.dll
0x00007fffcfbe0000 - 0x00007fffcfbf4000 	C:\WINDOWS\SYSTEM32\UMPDC.dll
0x00007fffcfac0000 - 0x00007fffcfada000 	C:\WINDOWS\SYSTEM32\kernel.appcore.dll
0x00007fffbcf80000 - 0x00007fffbcf8a000 	c:\Users\Fer\.vscode\extensions\redhat.java-1.41.2025030508-win32-x64\jre\21.0.6-win32-x86_64\bin\jimage.dll
0x00007fffce400000 - 0x00007fffce641000 	C:\WINDOWS\SYSTEM32\DBGHELP.DLL
0x00007fffd3490000 - 0x00007fffd380e000 	C:\WINDOWS\System32\combase.dll
0x00007fffd33b0000 - 0x00007fffd3486000 	C:\WINDOWS\System32\OLEAUT32.dll
0x00007fff9bd00000 - 0x00007fff9bd39000 	C:\WINDOWS\SYSTEM32\dbgcore.DLL
0x00007fffd15d0000 - 0x00007fffd1669000 	C:\WINDOWS\System32\bcryptPrimitives.dll
0x00007fffba990000 - 0x00007fffba99f000 	c:\Users\Fer\.vscode\extensions\redhat.java-1.41.2025030508-win32-x64\jre\21.0.6-win32-x86_64\bin\instrument.dll
0x00007fff97a00000 - 0x00007fff97a1f000 	c:\Users\Fer\.vscode\extensions\redhat.java-1.41.2025030508-win32-x64\jre\21.0.6-win32-x86_64\bin\java.dll
0x00007fffd1860000 - 0x00007fffd1f64000 	C:\WINDOWS\System32\SHELL32.dll
0x00007fffce940000 - 0x00007fffcf177000 	C:\WINDOWS\SYSTEM32\windows.storage.dll
0x00007fffd20b0000 - 0x00007fffd2199000 	C:\WINDOWS\System32\SHCORE.dll
0x00007fffd2670000 - 0x00007fffd26cd000 	C:\WINDOWS\System32\shlwapi.dll
0x00007fffd0b10000 - 0x00007fffd0b3e000 	C:\WINDOWS\SYSTEM32\profapi.dll
0x00007fff97a90000 - 0x00007fff97aa8000 	c:\Users\Fer\.vscode\extensions\redhat.java-1.41.2025030508-win32-x64\jre\21.0.6-win32-x86_64\bin\zip.dll
0x00007fffb6d20000 - 0x00007fffb6d30000 	C:\Users\Fer\.vscode\extensions\redhat.java-1.41.2025030508-win32-x64\jre\21.0.6-win32-x86_64\bin\net.dll
0x00007fffc8eb0000 - 0x00007fffc8fce000 	C:\WINDOWS\SYSTEM32\WINHTTP.dll
0x00007fffd0050000 - 0x00007fffd00ba000 	C:\WINDOWS\system32\mswsock.dll
0x00007fff96e90000 - 0x00007fff96ea6000 	C:\Users\Fer\.vscode\extensions\redhat.java-1.41.2025030508-win32-x64\jre\21.0.6-win32-x86_64\bin\nio.dll
0x00007fffb5180000 - 0x00007fffb5190000 	c:\Users\Fer\.vscode\extensions\redhat.java-1.41.2025030508-win32-x64\jre\21.0.6-win32-x86_64\bin\verify.dll

dbghelp: loaded successfully - version: 4.0.5 - missing functions: none
symbol engine: initialized successfully - sym options: 0x614 - pdb path: .;c:\Users\Fer\.vscode\extensions\redhat.java-1.41.2025030508-win32-x64\jre\21.0.6-win32-x86_64\bin;C:\WINDOWS\SYSTEM32;C:\WINDOWS\WinSxS\amd64_microsoft.windows.common-controls_6595b64144ccf1df_6.0.26100.3037_none_3e09262ce333c378;c:\Users\Fer\.vscode\extensions\redhat.java-1.41.2025030508-win32-x64\jre\21.0.6-win32-x86_64\bin\server

VM Arguments:
jvm_args: --add-modules=ALL-SYSTEM --add-opens=java.base/java.util=ALL-UNNAMED --add-opens=java.base/java.lang=ALL-UNNAMED --add-opens=java.base/sun.nio.fs=ALL-UNNAMED -Declipse.application=org.eclipse.jdt.ls.core.id1 -Dosgi.bundles.defaultStartLevel=4 -Declipse.product=org.eclipse.jdt.ls.core.product -Djava.import.generatesMetadataFilesAtProjectRoot=false -DDetectVMInstallationsJob.disabled=true -Dfile.encoding=utf8 -XX:+UseParallelGC -XX:GCTimeRatio=4 -XX:AdaptiveSizePolicyWeight=90 -Dsun.zip.disableMemoryMapping=true -Xmx1G -Xms100m -Xlog:disable -javaagent:c:\Users\Fer\.vscode\extensions\redhat.java-1.41.2025030508-win32-x64\lombok\lombok-1.18.36.jar -XX:+HeapDumpOnOutOfMemoryError -XX:HeapDumpPath=c:\Users\Fer\AppData\Roaming\Code\User\workspaceStorage\398de21c129474aaeb59c0a7e6288a23\redhat.java -Daether.dependencyCollector.impl=bf 
java_command: c:\Users\Fer\.vscode\extensions\redhat.java-1.41.2025030508-win32-x64\server\plugins\org.eclipse.equinox.launcher_1.6.1000.v20250227-1734.jar -configuration c:\Users\Fer\AppData\Roaming\Code\User\globalStorage\redhat.java\1.41.2025030508\config_win -data c:\Users\Fer\AppData\Roaming\Code\User\workspaceStorage\398de21c129474aaeb59c0a7e6288a23\redhat.java\jdt_ws --pipe=\\.\pipe\lsp-4298727da9f8dc7d80f84cfb770ec97a-sock
java_class_path (initial): c:\Users\Fer\.vscode\extensions\redhat.java-1.41.2025030508-win32-x64\server\plugins\org.eclipse.equinox.launcher_1.6.1000.v20250227-1734.jar
Launcher Type: SUN_STANDARD

[Global flags]
    uintx AdaptiveSizePolicyWeight                 = 90                                        {product} {command line}
     intx CICompilerCount                          = 4                                         {product} {ergonomic}
    uintx GCTimeRatio                              = 4                                         {product} {command line}
     bool HeapDumpOnOutOfMemoryError               = true                                   {manageable} {command line}
    ccstr HeapDumpPath                             = c:\Users\Fer\AppData\Roaming\Code\User\workspaceStorage\398de21c129474aaeb59c0a7e6288a23\redhat.java         {manageable} {command line}
   size_t InitialHeapSize                          = 104857600                                 {product} {command line}
   size_t MaxHeapSize                              = 1073741824                                {product} {command line}
   size_t MaxNewSize                               = 357564416                                 {product} {ergonomic}
   size_t MinHeapDeltaBytes                        = 524288                                    {product} {ergonomic}
   size_t MinHeapSize                              = 104857600                                 {product} {command line}
   size_t NewSize                                  = 34603008                                  {product} {ergonomic}
    uintx NonNMethodCodeHeapSize                   = 5839372                                {pd product} {ergonomic}
    uintx NonProfiledCodeHeapSize                  = 122909434                              {pd product} {ergonomic}
   size_t OldSize                                  = 70254592                                  {product} {ergonomic}
    uintx ProfiledCodeHeapSize                     = 122909434                              {pd product} {ergonomic}
    uintx ReservedCodeCacheSize                    = 251658240                              {pd product} {ergonomic}
     bool SegmentedCodeCache                       = true                                      {product} {ergonomic}
   size_t SoftMaxHeapSize                          = 1073741824                             {manageable} {ergonomic}
     bool UseCompressedOops                        = true                           {product lp64_product} {ergonomic}
     bool UseLargePagesIndividualAllocation        = false                                  {pd product} {ergonomic}
     bool UseParallelGC                            = true                                      {product} {command line}

Logging:
Log output configuration:
 #0: stdout all=off uptime,level,tags foldmultilines=false
 #1: stderr all=off uptime,level,tags foldmultilines=false

Environment Variables:
PATH=C:\Program Files\sap\hdbclient;C:\Program Files\Common Files\Oracle\Java\javapath;C:\Program Files (x86)\Common Files\Oracle\Java\java8path;C:\Program Files (x86)\Common Files\Oracle\Java\javapath;C:\Windows\system32;C:\Windows;C:\Windows\System32\Wbem;C:\Windows\System32\WindowsPowerShell\v1.0\;C:\Windows\System32\OpenSSH\;C:\Program Files (x86)\Microsoft SQL Server\160\DTS\Binn\;C:\Program Files\Azure Data Studio\bin;C:\Program Files\Microsoft SQL Server\Client SDK\ODBC\170\Tools\Binn\;C:\Program Files (x86)\Microsoft SQL Server\150\Tools\Binn\;C:\Program Files\Microsoft SQL Server\150\Tools\Binn\;C:\Program Files\Microsoft SQL Server\150\DTS\Binn\;C:\Program Files\nodejs\;C:\apache-maven-3.9.9\bin;C:\Program Files\Git\cmd;C:\WINDOWS\system32;C:\WINDOWS;C:\WINDOWS\System32\Wbem;C:\WINDOWS\System32\WindowsPowerShell\v1.0\;C:\WINDOWS\System32\OpenSSH\;C:\Users\Fer\AppData\Local\Microsoft\WindowsApps;C:\Users\Fer\AppData\Local\Programs\Microsoft VS Code\bin;C:\Users\Fer\AppData\Local\GitHubDesktop\bin;C:\Program Files\Azure Data Studio\bin;C:\Users\Fer\AppData\Roaming\npm;
USERNAME=Fer
OS=Windows_NT
PROCESSOR_IDENTIFIER=Intel64 Family 6 Model 126 Stepping 5, GenuineIntel
TMP=C:\Users\Fer\AppData\Local\Temp
TEMP=C:\Users\Fer\AppData\Local\Temp




Periodic native trim disabled

---------------  S Y S T E M  ---------------

OS:
 Windows 11 , 64 bit Build 26100 (10.0.26100.3037)
OS uptime: 0 days 3:06 hours

CPU: total 8 (initial active 8) (4 cores per cpu, 2 threads per core) family 6 model 126 stepping 5 microcode 0xc2, cx8, cmov, fxsr, ht, mmx, 3dnowpref, sse, sse2, sse3, ssse3, sse4.1, sse4.2, popcnt, lzcnt, tsc, tscinvbit, avx, avx2, aes, erms, clmul, bmi1, bmi2, adx, avx512f, avx512dq, avx512cd, avx512bw, avx512vl, sha, fma, vzeroupper, avx512_vpopcntdq, avx512_vpclmulqdq, avx512_vaes, avx512_vnni, clflush, clflushopt, avx512_vbmi2, avx512_vbmi, rdtscp, rdpid, fsrm, gfni, avx512_bitalg, f16c, pku, avx512_ifma
Processor Information for the first 8 processors :
  Max Mhz: 1498, Current Mhz: 1298, Mhz Limit: 1288

Memory: 4k page, system-wide physical 7959M (705M free)
TotalPageFile size 32535M (AvailPageFile size 0M)
current process WorkingSet (physical memory assigned to process): 85M, peak: 87M
current process commit charge ("private bytes"): 203M, peak: 206M

vm_info: OpenJDK 64-Bit Server VM (21.0.6+7-LTS) for windows-amd64 JRE (21.0.6+7-LTS), built on 2025-01-21T00:00:00Z by "admin" with MS VC++ 17.7 (VS2022)

END.
