#
# There is insufficient memory for the Java Runtime Environment to continue.
# Native memory allocation (malloc) failed to allocate 1731216 bytes for Chunk::new
# Possible reasons:
#   The system is out of physical RAM or swap space
#   The process is running with CompressedOops enabled, and the Java Heap may be blocking the growth of the native heap
# Possible solutions:
#   Reduce memory load on the system
#   Increase physical memory or swap space
#   Check if swap backing store is full
#   Decrease Java heap size (-Xmx/-Xms)
#   Decrease number of Java threads
#   Decrease Java thread stack sizes (-Xss)
#   Set larger code cache with -XX:ReservedCodeCacheSize=
#   JVM is running with Zero Based Compressed Oops mode in which the Java heap is
#     placed in the first 32GB address space. The Java Heap base address is the
#     maximum limit for the native heap growth. Please use -XX:HeapBaseMinAddress
#     to set the Java Heap base and to place the Java Heap above 32GB virtual address.
# This output file may be truncated or incomplete.
#
#  Out of Memory Error (arena.cpp:189), pid=14356, tid=23096
#
# JRE version: Java(TM) SE Runtime Environment (17.0.15+9) (build 17.0.15+9-LTS-241)
# Java VM: Java HotSpot(TM) 64-Bit Server VM (17.0.15+9-LTS-241, mixed mode, sharing, tiered, compressed oops, compressed class ptrs, g1 gc, windows-amd64)
# No core dump will be written. Minidumps are not enabled by default on client versions of Windows
#

---------------  S U M M A R Y ------------

Command Line: -XX:+ShowCodeDetailsInExceptionMessages -Dspring.jmx.enabled=true -Dmanagement.endpoints.jmx.exposure.include=* -Dspring.application.admin.enabled=true -Dspring.boot.project.name=com.manamer.sellout.infraestructure.apigateway-apigateway -Djava.rmi.server.hostname=localhost -Dcom.sun.management.jmxremote.port=45557 -Dcom.sun.management.jmxremote.authenticate=false -Dcom.sun.management.jmxremote.ssl=false com.manamer.sellout.infraestructure.apigateway.ApigatewayApplication

Host: 11th Gen Intel(R) Core(TM) i7-1165G7 @ 2.80GHz, 8 cores, 39G,  Windows 11 , 64 bit Build 26100 (10.0.26100.5074)
Time: Fri Sep  5 10:42:15 2025 Hora est. Pacífico, Sudamérica elapsed time: 81971.546684 seconds (0d 22h 46m 11s)

---------------  T H R E A D  ---------------

Current thread (0x00000138b9034a10):  JavaThread "C2 CompilerThread0" daemon [_thread_in_native, id=23096, stack(0x0000002c87a00000,0x0000002c87b00000)]


Current CompileTask:
C2:81971547 15179       4       com.fasterxml.jackson.databind.type.TypeFactory::_fromClass (328 bytes)

Stack: [0x0000002c87a00000,0x0000002c87b00000]
Native frames: (J=compiled Java code, j=interpreted, Vv=VM code, C=native code)
V  [jvm.dll+0x67a46a]
V  [jvm.dll+0x7da6ad]
V  [jvm.dll+0x7dbff3]
V  [jvm.dll+0x7dc663]
V  [jvm.dll+0x24523f]
V  [jvm.dll+0xab763]
V  [jvm.dll+0xabd2c]
V  [jvm.dll+0x361ebf]
V  [jvm.dll+0x32c5e1]
V  [jvm.dll+0x32ba7a]
V  [jvm.dll+0x2169ef]
V  [jvm.dll+0x215e1f]
V  [jvm.dll+0x1a2a00]
V  [jvm.dll+0x2262bb]
V  [jvm.dll+0x22445b]
V  [jvm.dll+0x790acc]
V  [jvm.dll+0x78b0ba]
V  [jvm.dll+0x679355]
C  [ucrtbase.dll+0x37b0]
C  [KERNEL32.DLL+0x2e8d7]
C  [ntdll.dll+0x8d9c]


---------------  P R O C E S S  ---------------

Threads class SMR info:
_java_thread_list=0x00000138fe027c90, length=40, elements={
0x00000138b9019030, 0x00000138b901a380, 0x00000138b902f870, 0x00000138b9032230,
0x00000138b9033380, 0x00000138b9033d30, 0x00000138b9034a10, 0x00000138b9035400,
0x00000138b903ae20, 0x00000138bb950e90, 0x00000138bbaee0e0, 0x00000138fd48e890,
0x00000138fd2f4830, 0x00000138fd4af0c0, 0x00000138fd7acc20, 0x00000138fe0fa060,
0x00000138ff5170e0, 0x00000138ff5158d0, 0x00000138ff519760, 0x00000138ff51aaa0,
0x00000138ff51cc50, 0x00000138ff51af70, 0x00000138ff51b440, 0x00000138ff51c780,
0x00000138fe0f96c0, 0x00000138fe0f9b90, 0x00000138fd3e16f0, 0x00000138fd3e2560,
0x00000138fd3df540, 0x00000138fd3e33d0, 0x00000138fd3e38a0, 0x00000138fd3e3d70,
0x00000138fd3e03b0, 0x00000138fd3e4710, 0x00000138fd3e5a50, 0x00000138fd3e5580,
0x00000138fd3e4240, 0x00000138fd3e4be0, 0x00000138fd3e2090, 0x00000138fd3df070
}

Java Threads: ( => current thread )
  0x00000138b9019030 JavaThread "Reference Handler" daemon [_thread_blocked, id=24412, stack(0x0000002c87400000,0x0000002c87500000)]
  0x00000138b901a380 JavaThread "Finalizer" daemon [_thread_blocked, id=9936, stack(0x0000002c87500000,0x0000002c87600000)]
  0x00000138b902f870 JavaThread "Signal Dispatcher" daemon [_thread_blocked, id=25052, stack(0x0000002c87600000,0x0000002c87700000)]
  0x00000138b9032230 JavaThread "Attach Listener" daemon [_thread_blocked, id=2264, stack(0x0000002c87700000,0x0000002c87800000)]
  0x00000138b9033380 JavaThread "Service Thread" daemon [_thread_blocked, id=25000, stack(0x0000002c87800000,0x0000002c87900000)]
  0x00000138b9033d30 JavaThread "Monitor Deflation Thread" daemon [_thread_blocked, id=15228, stack(0x0000002c87900000,0x0000002c87a00000)]
=>0x00000138b9034a10 JavaThread "C2 CompilerThread0" daemon [_thread_in_native, id=23096, stack(0x0000002c87a00000,0x0000002c87b00000)]
  0x00000138b9035400 JavaThread "C1 CompilerThread0" daemon [_thread_blocked, id=4040, stack(0x0000002c87b00000,0x0000002c87c00000)]
  0x00000138b903ae20 JavaThread "Sweeper thread" daemon [_thread_blocked, id=11480, stack(0x0000002c87c00000,0x0000002c87d00000)]
  0x00000138bb950e90 JavaThread "Common-Cleaner" daemon [_thread_blocked, id=5156, stack(0x0000002c87d00000,0x0000002c87e00000)]
  0x00000138bbaee0e0 JavaThread "Notification Thread" daemon [_thread_blocked, id=12444, stack(0x0000002c87e00000,0x0000002c87f00000)]
  0x00000138fd48e890 JavaThread "RMI TCP Accept-0" daemon [_thread_in_native, id=21156, stack(0x0000002c88000000,0x0000002c88100000)]
  0x00000138fd2f4830 JavaThread "RMI TCP Accept-45557" daemon [_thread_in_native, id=21816, stack(0x0000002c88100000,0x0000002c88200000)]
  0x00000138fd4af0c0 JavaThread "RMI TCP Accept-0" daemon [_thread_in_native, id=14124, stack(0x0000002c88200000,0x0000002c88300000)]
  0x00000138fd7acc20 JavaThread "RMI Scheduler(0)" daemon [_thread_blocked, id=3404, stack(0x0000002c88600000,0x0000002c88700000)]
  0x00000138fe0fa060 JavaThread "boundedElastic-evictor-1" daemon [_thread_blocked, id=8928, stack(0x0000002c89300000,0x0000002c89400000)]
  0x00000138ff5170e0 JavaThread "DestroyJavaVM" [_thread_blocked, id=23640, stack(0x0000002c86d00000,0x0000002c86e00000)]
  0x00000138ff5158d0 JavaThread "parallel-1" daemon [_thread_blocked, id=152, stack(0x0000002c88500000,0x0000002c88600000)]
  0x00000138ff519760 JavaThread "pool-11-thread-1" daemon [_thread_blocked, id=17452, stack(0x0000002c88700000,0x0000002c88800000)]
  0x00000138ff51aaa0 JavaThread "Thread-15" daemon [_thread_in_native, id=22992, stack(0x0000002c8a500000,0x0000002c8a600000)]
  0x00000138ff51cc50 JavaThread "parallel-2" daemon [_thread_blocked, id=22152, stack(0x0000002c86c00000,0x0000002c86d00000)]
  0x00000138ff51af70 JavaThread "parallel-3" daemon [_thread_blocked, id=23404, stack(0x0000002c86b00000,0x0000002c86c00000)]
  0x00000138ff51b440 JavaThread "parallel-4" daemon [_thread_blocked, id=13612, stack(0x0000002c89000000,0x0000002c89100000)]
  0x00000138ff51c780 JavaThread "parallel-5" daemon [_thread_blocked, id=9080, stack(0x0000002c8a700000,0x0000002c8a800000)]
  0x00000138fe0f96c0 JavaThread "parallel-6" daemon [_thread_blocked, id=27356, stack(0x0000002c87f00000,0x0000002c88000000)]
  0x00000138fe0f9b90 JavaThread "parallel-7" daemon [_thread_blocked, id=27644, stack(0x0000002c89800000,0x0000002c89900000)]
  0x00000138fd3e16f0 JavaThread "parallel-8" daemon [_thread_blocked, id=18984, stack(0x0000002c8a800000,0x0000002c8a900000)]
  0x00000138fd3e2560 JavaThread "File Watcher" daemon [_thread_blocked, id=20912, stack(0x0000002c86a00000,0x0000002c86b00000)]
  0x00000138fd3df540 JavaThread "File Watcher" daemon [_thread_blocked, id=26972, stack(0x0000002c88400000,0x0000002c88500000)]
  0x00000138fd3e33d0 JavaThread "spring.cloud.inetutils" daemon [_thread_blocked, id=17692, stack(0x0000002c89700000,0x0000002c89800000)]
  0x00000138fd3e38a0 JavaThread "File Watcher" daemon [_thread_blocked, id=17388, stack(0x0000002c89600000,0x0000002c89700000)]
  0x00000138fd3e3d70 JavaThread "AsyncResolver-bootstrap-0" daemon [_thread_blocked, id=21908, stack(0x0000002c89900000,0x0000002c89a00000)]
  0x00000138fd3e03b0 JavaThread "idle-connection-evictor-1" daemon [_thread_blocked, id=32616, stack(0x0000002c89a00000,0x0000002c89b00000)]
  0x00000138fd3e4710 JavaThread "DiscoveryClient-0" daemon [_thread_blocked, id=22564, stack(0x0000002c89b00000,0x0000002c89c00000)]
  0x00000138fd3e5a50 JavaThread "DiscoveryClient-1" daemon [_thread_blocked, id=8480, stack(0x0000002c89c00000,0x0000002c89d00000)]
  0x00000138fd3e5580 JavaThread "DiscoveryClient-InstanceInfoReplicator-0" daemon [_thread_blocked, id=21364, stack(0x0000002c89d00000,0x0000002c89e00000)]
  0x00000138fd3e4240 JavaThread "reactor-http-nio-1" daemon [_thread_in_native, id=7200, stack(0x0000002c89e00000,0x0000002c89f00000)]
  0x00000138fd3e4be0 JavaThread "server" [_thread_blocked, id=27064, stack(0x0000002c89f00000,0x0000002c8a000000)]
  0x00000138fd3e2090 JavaThread "DiscoveryClient-CacheRefreshExecutor-0" daemon [_thread_blocked, id=21568, stack(0x0000002c89500000,0x0000002c89600000)]
  0x00000138fd3df070 JavaThread "DiscoveryClient-HeartbeatExecutor-0" daemon [_thread_blocked, id=19492, stack(0x0000002c8a000000,0x0000002c8a100000)]

Other Threads:
  0x00000138b9014df0 VMThread "VM Thread" [stack: 0x0000002c87300000,0x0000002c87400000] [id=9940]
  0x00000138b8e68430 WatcherThread [stack: 0x0000002c88300000,0x0000002c88400000] [id=14140]
  0x000001388a8a2ac0 GCTaskThread "GC Thread#0" [stack: 0x0000002c86e00000,0x0000002c86f00000] [id=21576]
  0x00000138fdeb8460 GCTaskThread "GC Thread#1" [stack: 0x0000002c88900000,0x0000002c88a00000] [id=20932]
  0x00000138fdd824a0 GCTaskThread "GC Thread#2" [stack: 0x0000002c88a00000,0x0000002c88b00000] [id=1524]
  0x00000138fdd7f340 GCTaskThread "GC Thread#3" [stack: 0x0000002c88b00000,0x0000002c88c00000] [id=18600]
  0x00000138fdd7f600 GCTaskThread "GC Thread#4" [stack: 0x0000002c88c00000,0x0000002c88d00000] [id=5376]
  0x00000138fdd71d40 GCTaskThread "GC Thread#5" [stack: 0x0000002c88d00000,0x0000002c88e00000] [id=1508]
  0x00000138fdd72000 GCTaskThread "GC Thread#6" [stack: 0x0000002c88e00000,0x0000002c88f00000] [id=9556]
  0x00000138fe2a7a50 GCTaskThread "GC Thread#7" [stack: 0x0000002c88f00000,0x0000002c89000000] [id=3472]
  0x000001388a8ad950 ConcurrentGCThread "G1 Main Marker" [stack: 0x0000002c86f00000,0x0000002c87000000] [id=24636]
  0x000001388a8ae360 ConcurrentGCThread "G1 Conc#0" [stack: 0x0000002c87000000,0x0000002c87100000] [id=20756]
  0x00000138fe2a7d10 ConcurrentGCThread "G1 Conc#1" [stack: 0x0000002c89400000,0x0000002c89500000] [id=25096]
  0x00000138b8f56030 ConcurrentGCThread "G1 Refine#0" [stack: 0x0000002c87100000,0x0000002c87200000] [id=9592]
  0x00000138b8f56900 ConcurrentGCThread "G1 Service" [stack: 0x0000002c87200000,0x0000002c87300000] [id=21604]

Threads with active compile tasks:
C2 CompilerThread0  81971599 15179       4       com.fasterxml.jackson.databind.type.TypeFactory::_fromClass (328 bytes)

VM state: not at safepoint (normal execution)

VM Mutex/Monitor currently owned by a thread: None

Heap address: 0x0000000583000000, size: 10192 MB, Compressed Oops mode: Zero based, Oop shift amount: 3

CDS archive(s) mapped at: [0x00000138bc000000-0x00000138bcbd0000-0x00000138bcbd0000), size 12386304, SharedBaseAddress: 0x00000138bc000000, ArchiveRelocationMode: 1.
Compressed class space mapped at: 0x00000138bd000000-0x00000138fd000000, reserved size: 1073741824
Narrow klass base: 0x00000138bc000000, Narrow klass shift: 0, Narrow klass range: 0x100000000

GC Precious Log:
 CPUs: 8 total, 8 available
 Memory: 40743M
 Large Page Support: Disabled
 NUMA Support: Disabled
 Compressed Oops: Enabled (Zero based)
 Heap Region Size: 8M
 Heap Min Capacity: 8M
 Heap Initial Capacity: 640M
 Heap Max Capacity: 10192M
 Pre-touch: Disabled
 Parallel Workers: 8
 Concurrent Workers: 2
 Concurrent Refinement Workers: 8
 Periodic GC: Disabled

Heap:
 garbage-first heap   total 98304K, used 33014K [0x0000000583000000, 0x0000000800000000)
  region size 8192K, 2 young (16384K), 1 survivors (8192K)
 Metaspace       used 63191K, committed 63744K, reserved 1114112K
  class space    used 7951K, committed 8192K, reserved 1048576K

Heap Regions: E=young(eden), S=young(survivor), O=old, HS=humongous(starts), HC=humongous(continues), CS=collection set, F=free, OA=open archive, CA=closed archive, TAMS=top-at-mark-start (previous, next)
|   0|0x0000000583000000, 0x00000005837fffc0, 0x0000000583800000| 99%| O|  |TAMS 0x00000005837fffc0, 0x0000000583000000| Untracked 
|   1|0x0000000583800000, 0x0000000583fff2c8, 0x0000000584000000| 99%| O|  |TAMS 0x0000000583fff2c8, 0x0000000583800000| Untracked 
|   2|0x0000000584000000, 0x0000000584800000, 0x0000000584800000|100%| O|  |TAMS 0x0000000584800000, 0x0000000584000000| Untracked 
|   3|0x0000000584800000, 0x0000000584831dd0, 0x0000000585000000|  2%| O|  |TAMS 0x0000000584831dd0, 0x0000000584800000| Complete 
|   4|0x0000000585000000, 0x000000058550b600, 0x0000000585800000| 63%| O|  |TAMS 0x00000005851a6200, 0x0000000585000000| Untracked 
|   5|0x0000000585800000, 0x0000000585800000, 0x0000000586000000|  0%| F|  |TAMS 0x0000000585800000, 0x0000000585800000| Untracked 
|   6|0x0000000586000000, 0x0000000586000000, 0x0000000586800000|  0%| F|  |TAMS 0x0000000586000000, 0x0000000586000000| Untracked 
|   7|0x0000000586800000, 0x0000000586800000, 0x0000000587000000|  0%| F|  |TAMS 0x0000000586800000, 0x0000000586800000| Untracked 
|   8|0x0000000587000000, 0x0000000587000000, 0x0000000587800000|  0%| F|  |TAMS 0x0000000587000000, 0x0000000587000000| Untracked 
|   9|0x0000000587800000, 0x0000000587800000, 0x0000000588000000|  0%| F|  |TAMS 0x0000000587800000, 0x0000000587800000| Untracked 
|  72|0x00000005a7000000, 0x00000005a73012f0, 0x00000005a7800000| 37%| S|CS|TAMS 0x00000005a7000000, 0x00000005a7000000| Complete 
|  79|0x00000005aa800000, 0x00000005aaf6c148, 0x00000005ab000000| 92%| E|  |TAMS 0x00000005aa800000, 0x00000005aa800000| Complete 

Card table byte_map: [0x00000138a27f0000,0x00000138a3be0000] _byte_map_base: 0x000001389fbd8000

Marking Bits (Prev, Next): (CMBitMap*) 0x000001388a8a3120, (CMBitMap*) 0x000001388a8a30e0
 Prev Bits: [0x00000138aef10000, 0x00000138b8e50000)
 Next Bits: [0x00000138a4fd0000, 0x00000138aef10000)

Polling page: 0x0000013888780000

Metaspace:

Usage:
  Non-class:     53.95 MB used.
      Class:      7.76 MB used.
       Both:     61.71 MB used.

Virtual space:
  Non-class space:       64.00 MB reserved,      54.25 MB ( 85%) committed,  1 nodes.
      Class space:        1.00 GB reserved,       8.00 MB ( <1%) committed,  1 nodes.
             Both:        1.06 GB reserved,      62.25 MB (  6%) committed. 

Chunk freelists:
   Non-Class:  8.83 MB
       Class:  8.00 MB
        Both:  16.83 MB

MaxMetaspaceSize: unlimited
CompressedClassSpaceSize: 1.00 GB
Initial GC threshold: 21.00 MB
Current GC threshold: 103.69 MB
CDS: on
MetaspaceReclaimPolicy: balanced
 - commit_granule_bytes: 65536.
 - commit_granule_words: 8192.
 - virtual_space_node_default_size: 8388608.
 - enlarge_chunks_in_place: 1.
 - new_chunks_are_fully_committed: 0.
 - uncommit_free_chunks: 1.
 - use_allocation_guard: 0.
 - handle_deallocations: 1.


Internal statistics:

num_allocs_failed_limit: 9.
num_arena_births: 976.
num_arena_deaths: 304.
num_vsnodes_births: 2.
num_vsnodes_deaths: 0.
num_space_committed: 996.
num_space_uncommitted: 0.
num_chunks_returned_to_freelist: 386.
num_chunks_taken_from_freelist: 3480.
num_chunk_merges: 125.
num_chunk_splits: 2210.
num_chunks_enlarged: 1575.
num_inconsistent_stats: 0.

CodeHeap 'non-profiled nmethods': size=120000Kb used=10050Kb max_used=10468Kb free=109949Kb
 bounds [0x0000013899ba0000, 0x000001389a5e0000, 0x00000138a10d0000]
CodeHeap 'profiled nmethods': size=120000Kb used=25988Kb max_used=26085Kb free=94011Kb
 bounds [0x00000138920d0000, 0x0000013893a70000, 0x0000013899600000]
CodeHeap 'non-nmethods': size=5760Kb used=1329Kb max_used=1392Kb free=4431Kb
 bounds [0x0000013899600000, 0x0000013899870000, 0x0000013899ba0000]
 total_blobs=13055 nmethods=12412 adapters=554
 compilation: enabled
              stopped_count=0, restarted_count=0
 full_count=0

Compilation events (20 events):
Event: 81970.436 Thread 0x00000138b9035400 nmethod 15185 0x00000138928c7b10 code [0x00000138928c7cc0, 0x00000138928c7ed8]
Event: 81970.436 Thread 0x00000138b9035400 15186       3       com.fasterxml.jackson.databind.cfg.BaseSettings::withTypeFactory (67 bytes)
Event: 81970.437 Thread 0x00000138b9035400 nmethod 15186 0x00000138936d4090 code [0x00000138936d4240, 0x00000138936d4568]
Event: 81970.437 Thread 0x00000138b9035400 15187       3       com.fasterxml.jackson.databind.cfg.MapperConfigBase::withInsertedAnnotationIntrospector (13 bytes)
Event: 81970.437 Thread 0x00000138b9035400 nmethod 15187 0x0000013892f57410 code [0x0000013892f57600, 0x0000013892f57bb8]
Event: 81970.437 Thread 0x00000138b9035400 15188       3       com.fasterxml.jackson.databind.cfg.BaseSettings::withInsertedAnnotationIntrospector (13 bytes)
Event: 81970.437 Thread 0x00000138b9035400 nmethod 15188 0x00000138936d7e10 code [0x00000138936d7fe0, 0x00000138936d8448]
Event: 81970.437 Thread 0x00000138b9035400 15189       3       com.fasterxml.jackson.databind.introspect.AnnotationIntrospectorPair::create (22 bytes)
Event: 81970.438 Thread 0x00000138b9035400 nmethod 15189 0x00000138935b3290 code [0x00000138935b3460, 0x00000138935b3858]
Event: 81970.438 Thread 0x00000138b9035400 15190       3       com.fasterxml.jackson.databind.introspect.AnnotationIntrospectorPair::<init> (15 bytes)
Event: 81970.438 Thread 0x00000138b9035400 nmethod 15190 0x00000138935b2d10 code [0x00000138935b2ec0, 0x00000138935b3158]
Event: 81970.438 Thread 0x00000138b9035400 15191   !   3       jdk.proxy2.$Proxy131::annotationType (29 bytes)
Event: 81970.438 Thread 0x00000138b9035400 nmethod 15191 0x0000013893648290 code [0x0000013893648460, 0x0000013893648858]
Event: 81970.438 Thread 0x00000138b9035400 15193       3       com.fasterxml.jackson.databind.introspect.AnnotationCollector$NCollector::asAnnotationMap (51 bytes)
Event: 81970.439 Thread 0x00000138b9035400 nmethod 15193 0x000001389301bc90 code [0x000001389301bea0, 0x000001389301c648]
Event: 81970.570 Thread 0x00000138b9035400 15195       1       sun.security.jca.ProviderList::providers (5 bytes)
Event: 81970.570 Thread 0x00000138b9035400 nmethod 15195 0x0000013899de2710 code [0x0000013899de28a0, 0x0000013899de2978]
Event: 81970.570 Thread 0x00000138b9035400 15196       3       sun.security.action.GetPropertyAction::privilegedGetProperty (28 bytes)
Event: 81970.571 Thread 0x00000138b9035400 nmethod 15196 0x0000013892fa4190 code [0x0000013892fa4420, 0x0000013892fa5148]
Event: 81970.571 Thread 0x00000138b9035400 15197   !   3       java.lang.Integer::getInteger (23 bytes)

GC Heap History (20 events):
Event: 78522.575 GC heap before
{Heap before GC invocations=47 (full 0):
 garbage-first heap   total 81920K, used 57542K [0x0000000583000000, 0x0000000800000000)
  region size 8192K, 4 young (32768K), 1 survivors (8192K)
 Metaspace       used 62322K, committed 62912K, reserved 1114112K
  class space    used 7917K, committed 8192K, reserved 1048576K
}
Event: 78522.581 GC heap after
{Heap after GC invocations=48 (full 0):
 garbage-first heap   total 81920K, used 33008K [0x0000000583000000, 0x0000000800000000)
  region size 8192K, 1 young (8192K), 1 survivors (8192K)
 Metaspace       used 62322K, committed 62912K, reserved 1114112K
  class space    used 7917K, committed 8192K, reserved 1048576K
}
Event: 79448.988 GC heap before
{Heap before GC invocations=48 (full 0):
 garbage-first heap   total 81920K, used 57584K [0x0000000583000000, 0x0000000800000000)
  region size 8192K, 4 young (32768K), 1 survivors (8192K)
 Metaspace       used 62338K, committed 62912K, reserved 1114112K
  class space    used 7917K, committed 8192K, reserved 1048576K
}
Event: 79448.993 GC heap after
{Heap after GC invocations=49 (full 0):
 garbage-first heap   total 81920K, used 33004K [0x0000000583000000, 0x0000000800000000)
  region size 8192K, 1 young (8192K), 1 survivors (8192K)
 Metaspace       used 62338K, committed 62912K, reserved 1114112K
  class space    used 7917K, committed 8192K, reserved 1048576K
}
Event: 81546.568 GC heap before
{Heap before GC invocations=49 (full 0):
 garbage-first heap   total 81920K, used 57580K [0x0000000583000000, 0x0000000800000000)
  region size 8192K, 4 young (32768K), 1 survivors (8192K)
 Metaspace       used 62347K, committed 62912K, reserved 1114112K
  class space    used 7917K, committed 8192K, reserved 1048576K
}
Event: 81546.573 GC heap after
{Heap after GC invocations=50 (full 0):
 garbage-first heap   total 81920K, used 33082K [0x0000000583000000, 0x0000000800000000)
  region size 8192K, 1 young (8192K), 1 survivors (8192K)
 Metaspace       used 62347K, committed 62912K, reserved 1114112K
  class space    used 7917K, committed 8192K, reserved 1048576K
}
Event: 81831.105 GC heap before
{Heap before GC invocations=50 (full 0):
 garbage-first heap   total 81920K, used 41274K [0x0000000583000000, 0x0000000800000000)
  region size 8192K, 3 young (24576K), 1 survivors (8192K)
 Metaspace       used 62490K, committed 63040K, reserved 1114112K
  class space    used 7943K, committed 8192K, reserved 1048576K
}
Event: 81832.301 GC heap after
{Heap after GC invocations=51 (full 1):
 garbage-first heap   total 81920K, used 24772K [0x0000000583000000, 0x0000000800000000)
  region size 8192K, 0 young (0K), 0 survivors (0K)
 Metaspace       used 62141K, committed 63040K, reserved 1114112K
  class space    used 7873K, committed 8192K, reserved 1048576K
}
Event: 81843.257 GC heap before
{Heap before GC invocations=51 (full 1):
 garbage-first heap   total 81920K, used 57540K [0x0000000583000000, 0x0000000800000000)
  region size 8192K, 4 young (32768K), 0 survivors (0K)
 Metaspace       used 62499K, committed 63104K, reserved 1114112K
  class space    used 7917K, committed 8192K, reserved 1048576K
}
Event: 81843.263 GC heap after
{Heap after GC invocations=52 (full 1):
 garbage-first heap   total 81920K, used 27527K [0x0000000583000000, 0x0000000800000000)
  region size 8192K, 1 young (8192K), 1 survivors (8192K)
 Metaspace       used 62499K, committed 63104K, reserved 1114112K
  class space    used 7917K, committed 8192K, reserved 1048576K
}
Event: 81843.899 GC heap before
{Heap before GC invocations=52 (full 1):
 garbage-first heap   total 81920K, used 52103K [0x0000000583000000, 0x0000000800000000)
  region size 8192K, 4 young (32768K), 1 survivors (8192K)
 Metaspace       used 62592K, committed 63168K, reserved 1114112K
  class space    used 7922K, committed 8192K, reserved 1048576K
}
Event: 81843.903 GC heap after
{Heap after GC invocations=53 (full 1):
 garbage-first heap   total 81920K, used 28535K [0x0000000583000000, 0x0000000800000000)
  region size 8192K, 1 young (8192K), 1 survivors (8192K)
 Metaspace       used 62592K, committed 63168K, reserved 1114112K
  class space    used 7922K, committed 8192K, reserved 1048576K
}
Event: 81846.316 GC heap before
{Heap before GC invocations=53 (full 1):
 garbage-first heap   total 81920K, used 53111K [0x0000000583000000, 0x0000000800000000)
  region size 8192K, 4 young (32768K), 1 survivors (8192K)
 Metaspace       used 62862K, committed 63424K, reserved 1114112K
  class space    used 7936K, committed 8192K, reserved 1048576K
}
Event: 81846.325 GC heap after
{Heap after GC invocations=54 (full 1):
 garbage-first heap   total 81920K, used 30949K [0x0000000583000000, 0x0000000800000000)
  region size 8192K, 1 young (8192K), 1 survivors (8192K)
 Metaspace       used 62862K, committed 63424K, reserved 1114112K
  class space    used 7936K, committed 8192K, reserved 1048576K
}
Event: 81849.314 GC heap before
{Heap before GC invocations=54 (full 1):
 garbage-first heap   total 81920K, used 55525K [0x0000000583000000, 0x0000000800000000)
  region size 8192K, 4 young (32768K), 1 survivors (8192K)
 Metaspace       used 62984K, committed 63552K, reserved 1114112K
  class space    used 7938K, committed 8192K, reserved 1048576K
}
Event: 81849.319 GC heap after
{Heap after GC invocations=55 (full 1):
 garbage-first heap   total 81920K, used 32885K [0x0000000583000000, 0x0000000800000000)
  region size 8192K, 1 young (8192K), 1 survivors (8192K)
 Metaspace       used 62984K, committed 63552K, reserved 1114112K
  class space    used 7938K, committed 8192K, reserved 1048576K
}
Event: 81879.878 GC heap before
{Heap before GC invocations=55 (full 1):
 garbage-first heap   total 81920K, used 41077K [0x0000000583000000, 0x0000000800000000)
  region size 8192K, 3 young (24576K), 1 survivors (8192K)
 Metaspace       used 63152K, committed 63680K, reserved 1114112K
  class space    used 7958K, committed 8192K, reserved 1048576K
}
Event: 81879.887 GC heap after
{Heap after GC invocations=56 (full 1):
 garbage-first heap   total 81920K, used 33186K [0x0000000583000000, 0x0000000800000000)
  region size 8192K, 1 young (8192K), 1 survivors (8192K)
 Metaspace       used 63152K, committed 63680K, reserved 1114112K
  class space    used 7958K, committed 8192K, reserved 1048576K
}
Event: 81935.740 GC heap before
{Heap before GC invocations=57 (full 1):
 garbage-first heap   total 98304K, used 41378K [0x0000000583000000, 0x0000000800000000)
  region size 8192K, 2 young (16384K), 1 survivors (8192K)
 Metaspace       used 63149K, committed 63680K, reserved 1114112K
  class space    used 7951K, committed 8192K, reserved 1048576K
}
Event: 81935.745 GC heap after
{Heap after GC invocations=58 (full 1):
 garbage-first heap   total 98304K, used 33014K [0x0000000583000000, 0x0000000800000000)
  region size 8192K, 1 young (8192K), 1 survivors (8192K)
 Metaspace       used 63149K, committed 63680K, reserved 1114112K
  class space    used 7951K, committed 8192K, reserved 1048576K
}

Deoptimization events (20 events):
Event: 81851.817 Thread 0x00000138fd3df070 DEOPT PACKING pc=0x0000013892be71b5 sp=0x0000002c891fe190
Event: 81851.817 Thread 0x00000138fd3df070 DEOPT UNPACKING pc=0x00000138996566e3 sp=0x0000002c891fd658 mode 0
Event: 81851.817 Thread 0x00000138fd3df070 DEOPT PACKING pc=0x0000013892be71b5 sp=0x0000002c891fe190
Event: 81851.817 Thread 0x00000138fd3df070 DEOPT UNPACKING pc=0x00000138996566e3 sp=0x0000002c891fd658 mode 0
Event: 81851.818 Thread 0x00000138fd3df070 DEOPT PACKING pc=0x0000013892be71b5 sp=0x0000002c891fe190
Event: 81851.818 Thread 0x00000138fd3df070 DEOPT UNPACKING pc=0x00000138996566e3 sp=0x0000002c891fd658 mode 0
Event: 81851.818 Thread 0x00000138fd3df070 DEOPT PACKING pc=0x0000013892be71b5 sp=0x0000002c891fe190
Event: 81851.818 Thread 0x00000138fd3df070 DEOPT UNPACKING pc=0x00000138996566e3 sp=0x0000002c891fd658 mode 0
Event: 81851.819 Thread 0x00000138fd3df070 DEOPT PACKING pc=0x0000013892be71b5 sp=0x0000002c891fe190
Event: 81851.819 Thread 0x00000138fd3df070 DEOPT UNPACKING pc=0x00000138996566e3 sp=0x0000002c891fd658 mode 0
Event: 81851.819 Thread 0x00000138fd3df070 DEOPT PACKING pc=0x0000013892be71b5 sp=0x0000002c891fe190
Event: 81851.819 Thread 0x00000138fd3df070 DEOPT UNPACKING pc=0x00000138996566e3 sp=0x0000002c891fd658 mode 0
Event: 81851.819 Thread 0x00000138fd3df070 Uncommon trap: trap_request=0xffffffbe fr.pc=0x0000013899faf078 relative=0x0000000000000c18
Event: 81851.819 Thread 0x00000138fd3df070 Uncommon trap: reason=profile_predicate action=maybe_recompile pc=0x0000013899faf078 method=java.util.TreeMap.forEach(Ljava/util/function/BiConsumer;)V @ 15 c2
Event: 81851.819 Thread 0x00000138fd3df070 DEOPT PACKING pc=0x0000013899faf078 sp=0x0000002c891fe370
Event: 81851.819 Thread 0x00000138fd3df070 DEOPT UNPACKING pc=0x0000013899655ba3 sp=0x0000002c891fe388 mode 2
Event: 81851.820 Thread 0x00000138fd3df070 DEOPT PACKING pc=0x0000013892be71b5 sp=0x0000002c891fe190
Event: 81851.820 Thread 0x00000138fd3df070 DEOPT UNPACKING pc=0x00000138996566e3 sp=0x0000002c891fd658 mode 0
Event: 81851.820 Thread 0x00000138fd3df070 DEOPT PACKING pc=0x0000013892be71b5 sp=0x0000002c891fe190
Event: 81851.820 Thread 0x00000138fd3df070 DEOPT UNPACKING pc=0x00000138996566e3 sp=0x0000002c891fd658 mode 0

Classes unloaded (20 events):
Event: 81831.426 Thread 0x00000138b9014df0 Unloading class 0x00000138bd006400 'java/lang/invoke/LambdaForm$MH+0x00000138bd006400'
Event: 81831.426 Thread 0x00000138b9014df0 Unloading class 0x00000138bd006000 'java/lang/invoke/LambdaForm$MH+0x00000138bd006000'
Event: 81831.426 Thread 0x00000138b9014df0 Unloading class 0x00000138bd005c00 'java/lang/invoke/LambdaForm$MH+0x00000138bd005c00'
Event: 81831.426 Thread 0x00000138b9014df0 Unloading class 0x00000138bd005800 'java/lang/invoke/LambdaForm$MH+0x00000138bd005800'
Event: 81831.426 Thread 0x00000138b9014df0 Unloading class 0x00000138bd004400 'java/lang/invoke/LambdaForm$MH+0x00000138bd004400'
Event: 81831.426 Thread 0x00000138b9014df0 Unloading class 0x00000138bd004000 'java/lang/invoke/LambdaForm$MH+0x00000138bd004000'
Event: 81879.966 Thread 0x00000138b9014df0 Unloading class 0x00000138bd6c0000 'jdk/internal/reflect/GeneratedMethodAccessor27'
Event: 81879.966 Thread 0x00000138b9014df0 Unloading class 0x00000138bd672400 'jdk/internal/reflect/GeneratedMethodAccessor26'
Event: 81879.966 Thread 0x00000138b9014df0 Unloading class 0x00000138bd672000 'jdk/internal/reflect/GeneratedMethodAccessor25'
Event: 81879.966 Thread 0x00000138b9014df0 Unloading class 0x00000138bd671c00 'jdk/internal/reflect/GeneratedMethodAccessor24'
Event: 81879.966 Thread 0x00000138b9014df0 Unloading class 0x00000138bd671800 'jdk/internal/reflect/GeneratedMethodAccessor23'
Event: 81879.966 Thread 0x00000138b9014df0 Unloading class 0x00000138bd671400 'jdk/internal/reflect/GeneratedMethodAccessor22'
Event: 81879.966 Thread 0x00000138b9014df0 Unloading class 0x00000138bd671000 'jdk/internal/reflect/GeneratedMethodAccessor21'
Event: 81879.966 Thread 0x00000138b9014df0 Unloading class 0x00000138bd660c00 'jdk/internal/reflect/GeneratedMethodAccessor18'
Event: 81879.966 Thread 0x00000138b9014df0 Unloading class 0x00000138bd660800 'jdk/internal/reflect/GeneratedMethodAccessor17'
Event: 81879.966 Thread 0x00000138b9014df0 Unloading class 0x00000138bd660400 'jdk/internal/reflect/GeneratedMethodAccessor16'
Event: 81879.966 Thread 0x00000138b9014df0 Unloading class 0x00000138bd660000 'jdk/internal/reflect/GeneratedMethodAccessor15'
Event: 81879.966 Thread 0x00000138b9014df0 Unloading class 0x00000138bd64c800 'jdk/internal/reflect/GeneratedMethodAccessor13'
Event: 81879.966 Thread 0x00000138b9014df0 Unloading class 0x00000138bd64c400 'jdk/internal/reflect/GeneratedMethodAccessor12'
Event: 81879.966 Thread 0x00000138b9014df0 Unloading class 0x00000138bd64c000 'jdk/internal/reflect/GeneratedMethodAccessor11'

Classes redefined (0 events):
No events

Internal exceptions (20 events):
Event: 81940.396 Thread 0x00000138fd3e2090 Exception <a 'java/net/ConnectException'{0x00000005aaa13f10}: Connection refused: no further information> (0x00000005aaa13f10) 
thrown [s\open\src\hotspot\share\prims\jni.cpp, line 535]
Event: 81940.396 Thread 0x00000138fd3e2090 Exception <a 'java/net/SocketException'{0x00000005aaa144f0}: Socket is not connected: shutdown> (0x00000005aaa144f0) 
thrown [s\open\src\hotspot\share\prims\jni.cpp, line 535]
Event: 81940.413 Thread 0x00000138fd3e2090 Exception <a 'java/net/ConnectException'{0x00000005aaa158f8}: Connection refused: no further information> (0x00000005aaa158f8) 
thrown [s\open\src\hotspot\share\prims\jni.cpp, line 535]
Event: 81940.413 Thread 0x00000138fd3e2090 Exception <a 'java/net/SocketException'{0x00000005aaa15ed8}: Socket is not connected: shutdown> (0x00000005aaa15ed8) 
thrown [s\open\src\hotspot\share\prims\jni.cpp, line 535]
Event: 81940.532 Thread 0x00000138fd3e5580 Exception <a 'java/net/ConnectException'{0x00000005aaaacf78}: Connection refused: no further information> (0x00000005aaaacf78) 
thrown [s\open\src\hotspot\share\prims\jni.cpp, line 535]
Event: 81940.532 Thread 0x00000138fd3e5580 Exception <a 'java/net/SocketException'{0x00000005aaaad558}: Socket is not connected: shutdown> (0x00000005aaaad558) 
thrown [s\open\src\hotspot\share\prims\jni.cpp, line 535]
Event: 81940.547 Thread 0x00000138fd3e5580 Exception <a 'java/net/ConnectException'{0x00000005aaaae960}: Connection refused: no further information> (0x00000005aaaae960) 
thrown [s\open\src\hotspot\share\prims\jni.cpp, line 535]
Event: 81940.547 Thread 0x00000138fd3e5580 Exception <a 'java/net/SocketException'{0x00000005aaaaef40}: Socket is not connected: shutdown> (0x00000005aaaaef40) 
thrown [s\open\src\hotspot\share\prims\jni.cpp, line 535]
Event: 81970.427 Thread 0x00000138fd3df070 Exception <a 'java/net/ConnectException'{0x00000005aad5c850}: Connection refused: no further information> (0x00000005aad5c850) 
thrown [s\open\src\hotspot\share\prims\jni.cpp, line 535]
Event: 81970.427 Thread 0x00000138fd3df070 Exception <a 'java/net/SocketException'{0x00000005aad5ce30}: Socket is not connected: shutdown> (0x00000005aad5ce30) 
thrown [s\open\src\hotspot\share\prims\jni.cpp, line 535]
Event: 81970.490 Thread 0x00000138fd3df070 Exception <a 'java/net/ConnectException'{0x00000005aad5e238}: Connection refused: no further information> (0x00000005aad5e238) 
thrown [s\open\src\hotspot\share\prims\jni.cpp, line 535]
Event: 81970.490 Thread 0x00000138fd3df070 Exception <a 'java/net/SocketException'{0x00000005aad5e818}: Socket is not connected: shutdown> (0x00000005aad5e818) 
thrown [s\open\src\hotspot\share\prims\jni.cpp, line 535]
Event: 81970.490 Thread 0x00000138fd3e2090 Exception <a 'java/net/ConnectException'{0x00000005aae30d80}: Connection refused: no further information> (0x00000005aae30d80) 
thrown [s\open\src\hotspot\share\prims\jni.cpp, line 535]
Event: 81970.490 Thread 0x00000138fd3e2090 Exception <a 'java/net/SocketException'{0x00000005aae31360}: Socket is not connected: shutdown> (0x00000005aae31360) 
thrown [s\open\src\hotspot\share\prims\jni.cpp, line 535]
Event: 81970.532 Thread 0x00000138fd3e2090 Exception <a 'java/net/ConnectException'{0x00000005aae32768}: Connection refused: no further information> (0x00000005aae32768) 
thrown [s\open\src\hotspot\share\prims\jni.cpp, line 535]
Event: 81970.532 Thread 0x00000138fd3e2090 Exception <a 'java/net/SocketException'{0x00000005aae32d48}: Socket is not connected: shutdown> (0x00000005aae32d48) 
thrown [s\open\src\hotspot\share\prims\jni.cpp, line 535]
Event: 81970.606 Thread 0x00000138fd3e5580 Exception <a 'java/net/ConnectException'{0x00000005aaf01fa0}: Connection refused: no further information> (0x00000005aaf01fa0) 
thrown [s\open\src\hotspot\share\prims\jni.cpp, line 535]
Event: 81970.606 Thread 0x00000138fd3e5580 Exception <a 'java/net/SocketException'{0x00000005aaf08870}: Socket is not connected: shutdown> (0x00000005aaf08870) 
thrown [s\open\src\hotspot\share\prims\jni.cpp, line 535]
Event: 81970.627 Thread 0x00000138fd3e5580 Exception <a 'java/net/ConnectException'{0x00000005aaf09c78}: Connection refused: no further information> (0x00000005aaf09c78) 
thrown [s\open\src\hotspot\share\prims\jni.cpp, line 535]
Event: 81970.627 Thread 0x00000138fd3e5580 Exception <a 'java/net/SocketException'{0x00000005aaf0a258}: Socket is not connected: shutdown> (0x00000005aaf0a258) 
thrown [s\open\src\hotspot\share\prims\jni.cpp, line 535]

VM Operations (20 events):
Event: 81862.906 Executing VM operation: Cleanup done
Event: 81873.469 Executing VM operation: HandshakeAllThreads
Event: 81873.469 Executing VM operation: HandshakeAllThreads done
Event: 81879.878 Executing VM operation: G1CollectForAllocation
Event: 81879.887 Executing VM operation: G1CollectForAllocation done
Event: 81879.934 Executing VM operation: G1Concurrent
Event: 81879.981 Executing VM operation: G1Concurrent done
Event: 81880.004 Executing VM operation: G1Concurrent
Event: 81880.004 Executing VM operation: G1Concurrent done
Event: 81881.017 Executing VM operation: Cleanup
Event: 81881.017 Executing VM operation: Cleanup done
Event: 81910.257 Executing VM operation: Cleanup
Event: 81910.257 Executing VM operation: Cleanup done
Event: 81911.270 Executing VM operation: Cleanup
Event: 81911.270 Executing VM operation: Cleanup done
Event: 81935.740 Executing VM operation: G1CollectForAllocation
Event: 81935.745 Executing VM operation: G1CollectForAllocation done
Event: 81940.793 Executing VM operation: Cleanup
Event: 81940.793 Executing VM operation: Cleanup done
Event: 81970.994 Executing VM operation: Cleanup

Events (20 events):
Event: 81845.041 Thread 0x00000138b903ae20 flushing nmethod 0x00000138939a4d90
Event: 81846.215 Thread 0x00000138fd3e33d0 Thread added: 0x00000138fd3e33d0
Event: 81846.303 Thread 0x000001388556a9c0 Thread exited: 0x000001388556a9c0
Event: 81846.859 Thread 0x0000013885569fa0 Thread added: 0x0000013885569fa0
Event: 81847.104 Thread 0x0000013885569fa0 Thread exited: 0x0000013885569fa0
Event: 81848.506 Thread 0x000001388556be00 Thread exited: 0x000001388556be00
Event: 81849.363 Thread 0x000001388556be00 Thread added: 0x000001388556be00
Event: 81849.385 Thread 0x00000138fd3e38a0 Thread added: 0x00000138fd3e38a0
Event: 81849.680 Thread 0x00000138fd3e3d70 Thread added: 0x00000138fd3e3d70
Event: 81849.682 Thread 0x00000138fd3e03b0 Thread added: 0x00000138fd3e03b0
Event: 81849.807 Thread 0x00000138fd3e4710 Thread added: 0x00000138fd3e4710
Event: 81849.813 Thread 0x00000138fd3e5a50 Thread added: 0x00000138fd3e5a50
Event: 81849.821 Thread 0x00000138fd3e5580 Thread added: 0x00000138fd3e5580
Event: 81849.972 Thread 0x00000138fd3e4240 Thread added: 0x00000138fd3e4240
Event: 81850.012 Thread 0x00000138fd3e4be0 Thread added: 0x00000138fd3e4be0
Event: 81850.528 Thread 0x000001388556be00 Thread exited: 0x000001388556be00
Event: 81851.854 Thread 0x00000138fd3df070 Thread exited: 0x00000138fd3df070
Event: 81851.854 Thread 0x00000138fd3e2090 Thread exited: 0x00000138fd3e2090
Event: 81879.816 Thread 0x00000138fd3e2090 Thread added: 0x00000138fd3e2090
Event: 81879.817 Thread 0x00000138fd3df070 Thread added: 0x00000138fd3df070


Dynamic libraries:
0x00007ff717410000 - 0x00007ff717420000 	C:\Program Files\Java\jdk-17\bin\java.exe
0x00007ffc09100000 - 0x00007ffc09369000 	C:\Windows\SYSTEM32\ntdll.dll
0x00007ffc086e0000 - 0x00007ffc087a9000 	C:\Windows\System32\KERNEL32.DLL
0x00007ffc06520000 - 0x00007ffc06913000 	C:\Windows\System32\KERNELBASE.dll
0x00007ffc06c00000 - 0x00007ffc06d4b000 	C:\Windows\System32\ucrtbase.dll
0x00007ffbd73f0000 - 0x00007ffbd740b000 	C:\Program Files\Java\jdk-17\bin\VCRUNTIME140.dll
0x00007ffbee170000 - 0x00007ffbee189000 	C:\Program Files\Java\jdk-17\bin\jli.dll
0x00007ffc081a0000 - 0x00007ffc08254000 	C:\Windows\System32\ADVAPI32.dll
0x00007ffc08f10000 - 0x00007ffc08fb9000 	C:\Windows\System32\msvcrt.dll
0x00007ffc07870000 - 0x00007ffc07916000 	C:\Windows\System32\sechost.dll
0x00007ffc07470000 - 0x00007ffc07588000 	C:\Windows\System32\RPCRT4.dll
0x00007ffc08950000 - 0x00007ffc08b14000 	C:\Windows\System32\USER32.dll
0x00007ffc06a60000 - 0x00007ffc06a87000 	C:\Windows\System32\win32u.dll
0x00007ffbea690000 - 0x00007ffbea923000 	C:\Windows\WinSxS\amd64_microsoft.windows.common-controls_6595b64144ccf1df_6.0.26100.5074_none_3e0d6f78e32fd63f\COMCTL32.dll
0x00007ffc07620000 - 0x00007ffc0764b000 	C:\Windows\System32\GDI32.dll
0x00007ffc063f0000 - 0x00007ffc0651d000 	C:\Windows\System32\gdi32full.dll
0x00007ffc069b0000 - 0x00007ffc06a53000 	C:\Windows\System32\msvcp_win.dll
0x00007ffbf51f0000 - 0x00007ffbf51fb000 	C:\Windows\SYSTEM32\VERSION.dll
0x00007ffc087b0000 - 0x00007ffc087df000 	C:\Windows\System32\IMM32.DLL
0x00007ffbeeda0000 - 0x00007ffbeedac000 	C:\Program Files\Java\jdk-17\bin\vcruntime140_1.dll
0x00007ffbd07d0000 - 0x00007ffbd085e000 	C:\Program Files\Java\jdk-17\bin\msvcp140.dll
0x00007ffb26ee0000 - 0x00007ffb27ac1000 	C:\Program Files\Java\jdk-17\bin\server\jvm.dll
0x00007ffbef310000 - 0x00007ffbef345000 	C:\Windows\SYSTEM32\WINMM.dll
0x00007ffc02e00000 - 0x00007ffc02e0a000 	C:\Windows\SYSTEM32\WSOCK32.dll
0x00007ffc07610000 - 0x00007ffc07618000 	C:\Windows\System32\PSAPI.DLL
0x00007ffc07590000 - 0x00007ffc07604000 	C:\Windows\System32\WS2_32.dll
0x00007ffc05030000 - 0x00007ffc0504b000 	C:\Windows\SYSTEM32\kernel.appcore.dll
0x00007ffbee9b0000 - 0x00007ffbee9ba000 	C:\Program Files\Java\jdk-17\bin\jimage.dll
0x00007ffc039d0000 - 0x00007ffc03c12000 	C:\Windows\SYSTEM32\DBGHELP.DLL
0x00007ffc08b90000 - 0x00007ffc08f0b000 	C:\Windows\System32\combase.dll
0x00007ffc087f0000 - 0x00007ffc088c7000 	C:\Windows\System32\OLEAUT32.dll
0x00007ffbce3e0000 - 0x00007ffbce41d000 	C:\Windows\SYSTEM32\dbgcore.DLL
0x00007ffc06350000 - 0x00007ffc063e9000 	C:\Windows\System32\bcryptPrimitives.dll
0x00007ffbd2dd0000 - 0x00007ffbd2df5000 	C:\Program Files\Java\jdk-17\bin\java.dll
0x00007ffb3af50000 - 0x00007ffb3b027000 	C:\Program Files\Java\jdk-17\bin\jsvml.dll
0x00007ffc07a50000 - 0x00007ffc0819d000 	C:\Windows\System32\SHELL32.dll
0x00007ffc06a90000 - 0x00007ffc06bfc000 	C:\Windows\System32\wintypes.dll
0x00007ffc03eb0000 - 0x00007ffc04709000 	C:\Windows\SYSTEM32\windows.storage.dll
0x00007ffc07360000 - 0x00007ffc07450000 	C:\Windows\System32\SHCORE.dll
0x00007ffc08670000 - 0x00007ffc086d2000 	C:\Windows\System32\shlwapi.dll
0x00007ffc061b0000 - 0x00007ffc061d9000 	C:\Windows\SYSTEM32\profapi.dll
0x00007ffbd6600000 - 0x00007ffbd6619000 	C:\Program Files\Java\jdk-17\bin\net.dll
0x00007ffbf8ed0000 - 0x00007ffbf8fef000 	C:\Windows\SYSTEM32\WINHTTP.dll
0x00007ffc05590000 - 0x00007ffc055fb000 	C:\Windows\system32\mswsock.dll
0x00007ffbd65a0000 - 0x00007ffbd65b6000 	C:\Program Files\Java\jdk-17\bin\nio.dll
0x00007ffbd64f0000 - 0x00007ffbd6508000 	C:\Program Files\Java\jdk-17\bin\zip.dll
0x00007ffbee6d0000 - 0x00007ffbee6da000 	C:\Program Files\Java\jdk-17\bin\management.dll
0x00007ffbee5f0000 - 0x00007ffbee5fb000 	C:\Program Files\Java\jdk-17\bin\management_ext.dll
0x00007ffbb7be0000 - 0x00007ffbb7bf8000 	C:\Windows\system32\napinsp.dll
0x00007ffbbea00000 - 0x00007ffbbea16000 	C:\Windows\system32\wshbth.dll
0x00007ffbb7b00000 - 0x00007ffbb7b28000 	C:\Windows\system32\nlansp_c.dll
0x00007ffc04ac0000 - 0x00007ffc04be6000 	C:\Windows\SYSTEM32\DNSAPI.dll
0x00007ffc04a30000 - 0x00007ffc04a64000 	C:\Windows\SYSTEM32\IPHLPAPI.DLL
0x00007ffc07a40000 - 0x00007ffc07a4a000 	C:\Windows\System32\NSI.dll
0x00007ffbb7ae0000 - 0x00007ffbb7af2000 	C:\Windows\System32\winrnr.dll
0x00007ffbf8200000 - 0x00007ffbf820b000 	C:\Windows\System32\rasadhlp.dll
0x00007ffc00770000 - 0x00007ffc007f6000 	C:\Windows\System32\fwpuclnt.dll
0x00007ffc05960000 - 0x00007ffc0597b000 	C:\Windows\SYSTEM32\CRYPTSP.dll
0x00007ffc04f90000 - 0x00007ffc04fcb000 	C:\Windows\system32\rsaenh.dll
0x00007ffc05630000 - 0x00007ffc0565b000 	C:\Windows\SYSTEM32\USERENV.dll
0x00007ffc06180000 - 0x00007ffc061a6000 	C:\Windows\SYSTEM32\bcrypt.dll
0x00007ffc057c0000 - 0x00007ffc057cc000 	C:\Windows\SYSTEM32\CRYPTBASE.dll
0x00007ffc00430000 - 0x00007ffc0044e000 	C:\Windows\SYSTEM32\dhcpcsvc6.DLL
0x00007ffc000e0000 - 0x00007ffc00103000 	C:\Windows\SYSTEM32\dhcpcsvc.DLL
0x00007ffbee160000 - 0x00007ffbee16e000 	C:\Program Files\Java\jdk-17\bin\sunmscapi.dll
0x00007ffc06d50000 - 0x00007ffc06ec7000 	C:\Windows\System32\CRYPT32.dll
0x00007ffc05ab0000 - 0x00007ffc05ae0000 	C:\Windows\SYSTEM32\ncrypt.dll
0x00007ffc05a60000 - 0x00007ffc05a9f000 	C:\Windows\SYSTEM32\NTASN1.dll
0x00007ffbeede0000 - 0x00007ffbeedf0000 	C:\Program Files\Java\jdk-17\bin\verify.dll
0x00007ffb585f0000 - 0x00007ffb585f8000 	C:\Windows\system32\wshunix.dll

dbghelp: loaded successfully - version: 4.0.5 - missing functions: none
symbol engine: initialized successfully - sym options: 0x614 - pdb path: .;C:\Program Files\Java\jdk-17\bin;C:\Windows\SYSTEM32;C:\Windows\WinSxS\amd64_microsoft.windows.common-controls_6595b64144ccf1df_6.0.26100.5074_none_3e0d6f78e32fd63f;C:\Program Files\Java\jdk-17\bin\server

VM Arguments:
jvm_args: -XX:+ShowCodeDetailsInExceptionMessages -Dspring.jmx.enabled=true -Dmanagement.endpoints.jmx.exposure.include=* -Dspring.application.admin.enabled=true -Dspring.boot.project.name=com.manamer.sellout.infraestructure.apigateway-apigateway -Djava.rmi.server.hostname=localhost -Dcom.sun.management.jmxremote.port=45557 -Dcom.sun.management.jmxremote.authenticate=false -Dcom.sun.management.jmxremote.ssl=false 
java_command: com.manamer.sellout.infraestructure.apigateway.ApigatewayApplication
java_class_path (initial): C:\Users\Fernanda Jama\OneDrive - Manamer\Documentos\PROYECTOS 2025-2026\sellout1\backend\infraestructure\apigateway\target\classes;C:\Users\Fernanda Jama\.m2\repository\org\springframework\cloud\spring-cloud-starter-gateway\4.1.2\spring-cloud-starter-gateway-4.1.2.jar;C:\Users\Fernanda Jama\.m2\repository\org\springframework\cloud\spring-cloud-starter\4.1.2\spring-cloud-starter-4.1.2.jar;C:\Users\Fernanda Jama\.m2\repository\org\springframework\cloud\spring-cloud-context\4.1.2\spring-cloud-context-4.1.2.jar;C:\Users\Fernanda Jama\.m2\repository\org\springframework\security\spring-security-crypto\6.3.1\spring-security-crypto-6.3.1.jar;C:\Users\Fernanda Jama\.m2\repository\org\springframework\cloud\spring-cloud-commons\4.1.2\spring-cloud-commons-4.1.2.jar;C:\Users\Fernanda Jama\.m2\repository\org\springframework\security\spring-security-rsa\1.1.2\spring-security-rsa-1.1.2.jar;C:\Users\Fernanda Jama\.m2\repository\org\bouncycastle\bcprov-jdk18on\1.77\bcprov-jdk18on-1.77.jar;C:\Users\Fernanda Jama\.m2\repository\org\springframework\cloud\spring-cloud-gateway-server\4.1.2\spring-cloud-gateway-server-4.1.2.jar;C:\Users\Fernanda Jama\.m2\repository\org\springframework\boot\spring-boot-starter-validation\3.2.4\spring-boot-starter-validation-3.2.4.jar;C:\Users\Fernanda Jama\.m2\repository\org\apache\tomcat\embed\tomcat-embed-el\10.1.19\tomcat-embed-el-10.1.19.jar;C:\Users\Fernanda Jama\.m2\repository\org\hibernate\validator\hibernate-validator\8.0.1.Final\hibernate-validator-8.0.1.Final.jar;C:\Users\Fernanda Jama\.m2\repository\jakarta\validation\jakarta.validation-api\3.0.2\jakarta.validation-api-3.0.2.jar;C:\Users\Fernanda Jama\.m2\repository\org\jboss\logging\jboss-logging\3.5.3.Final\jboss-logging-3.5.3.Final.jar;C:\Users\Fernanda Jama\.m2\repository\com\fasterxml\classmate\1.6.0\classmate-1.6.0.jar;C:\Users\Fernanda Jama\.m2\repository\io\projectreactor\addons\reactor-extra\3.5.1\reactor-extra-3.5.1.jar;C:\Users\Fernanda Jama\.m2\repository
Launcher Type: SUN_STANDARD

[Global flags]
     intx CICompilerCount                          = 4                                         {product} {ergonomic}
     uint ConcGCThreads                            = 2                                         {product} {ergonomic}
     uint G1ConcRefinementThreads                  = 8                                         {product} {ergonomic}
   size_t G1HeapRegionSize                         = 8388608                                   {product} {ergonomic}
    uintx GCDrainStackTargetSize                   = 64                                        {product} {ergonomic}
   size_t InitialHeapSize                          = 671088640                                 {product} {ergonomic}
     bool ManagementServer                         = true                                      {product} {command line}
   size_t MarkStackSize                            = 4194304                                   {product} {ergonomic}
   size_t MaxHeapSize                              = 10687086592                               {product} {ergonomic}
   size_t MaxNewSize                               = 6408896512                                {product} {ergonomic}
   size_t MinHeapDeltaBytes                        = 8388608                                   {product} {ergonomic}
   size_t MinHeapSize                              = 8388608                                   {product} {ergonomic}
    uintx NonNMethodCodeHeapSize                   = 5839372                                {pd product} {ergonomic}
    uintx NonProfiledCodeHeapSize                  = 122909434                              {pd product} {ergonomic}
    uintx ProfiledCodeHeapSize                     = 122909434                              {pd product} {ergonomic}
    uintx ReservedCodeCacheSize                    = 251658240                              {pd product} {ergonomic}
     bool SegmentedCodeCache                       = true                                      {product} {ergonomic}
     bool ShowCodeDetailsInExceptionMessages       = true                                   {manageable} {command line}
   size_t SoftMaxHeapSize                          = 10687086592                            {manageable} {ergonomic}
     bool UseCompressedClassPointers               = true                           {product lp64_product} {ergonomic}
     bool UseCompressedOops                        = true                           {product lp64_product} {ergonomic}
     bool UseG1GC                                  = true                                      {product} {ergonomic}
     bool UseLargePagesIndividualAllocation        = false                                  {pd product} {ergonomic}

Logging:
Log output configuration:
 #0: stdout all=warning uptime,level,tags
 #1: stderr all=off uptime,level,tags

Environment Variables:
JAVA_HOME=C:\\Program Files\\Java\\jdk-17
CLASSPATH=C:\Program Files\SAP\SAP Business One DI API\JCO\LIB\sbowrapper.jar;C:\Program Files\SAP\SAP Business One DI API\JCO\LIB\sboapi.jar
PATH=C:\\Program Files\\Java\\jdk-17\\bin;C:\\Users\\Fernanda Jama\\.trae\\tools\\maven\\latest\\bin;C:\\Users\\Fernanda Jama\\.trae\\tools\\gradle\\latest\\bin;C:\Program Files\Java\jdk-17\bin;C:\Users\Fernanda Jama\.trae\tools\maven\latest\bin;C:\Users\Fernanda Jama\.trae\tools\gradle\latest\bin;C:\Python313\Scripts\;C:\Python313\;C:\Program Files\Microsoft MPI\Bin\;C:\Program Files\Common Files\Oracle\Java\javapath;C:\Windows\system32;C:\Windows;C:\Windows\System32\Wbem;C:\Windows\System32\WindowsPowerShell\v1.0\;C:\Windows\System32\OpenSSH\;C:\Program Files\Microsoft SQL Server\Client SDK\ODBC\170\Tools\Binn\;C:\Program Files (x86)\Microsoft SQL Server\150\Tools\Binn\;C:\Program Files\Microsoft SQL Server\150\Tools\Binn\;C:\Program Files\Microsoft SQL Server\150\DTS\Binn\;C:\Program Files (x86)\Microsoft SQL Server\160\DTS\Binn\;C:\Program Files\nodejs\;C:\ProgramData\chocolatey\bin;C:\Program Files\SAP\SAP Business One DI API\JCO\LIB\;C:\Program Files\SAP\SAP Business One DI API\DI API 90;C:\Program Files\SAP\SAP Business One\;C:\Program Files\apache-maven-3.8.8-bin\apache-maven-3.8.8\bin;C:\Program Files\Git\cmd;C:\Users\Fernanda Jama\AppData\Local\Microsoft\WindowsApps;C:\Users\Fernanda Jama\AppData\Local\GitHubDesktop\bin;C:\Users\Fernanda Jama\AppData\Local\Programs\Microsoft VS Code\bin;C:\Users\Fernanda Jama\AppData\Roaming\npm
USERNAME=Fernanda Jama
LANG=en_US.UTF-8
OS=Windows_NT
PROCESSOR_IDENTIFIER=Intel64 Family 6 Model 140 Stepping 1, GenuineIntel



---------------  S Y S T E M  ---------------

OS:
 Windows 11 , 64 bit Build 26100 (10.0.26100.5074)
OS uptime: 1 days 1:43 hours
Hyper-V role detected

CPU: total 8 (initial active 8) (4 cores per cpu, 2 threads per core) family 6 model 140 stepping 1 microcode 0xb8, cx8, cmov, fxsr, ht, mmx, 3dnowpref, sse, sse2, sse3, ssse3, sse4.1, sse4.2, popcnt, lzcnt, tsc, tscinvbit, avx, avx2, aes, erms, clmul, bmi1, bmi2, adx, avx512f, avx512dq, avx512cd, avx512bw, avx512vl, sha, fma, vzeroupper, avx512_vpopcntdq, avx512_vpclmulqdq, avx512_vaes, avx512_vnni, clflush, clflushopt, clwb, avx512_vbmi2, avx512_vbmi, hv

Memory: 4k page, system-wide physical 40743M (2377M free)
TotalPageFile size 101623M (AvailPageFile size 0M)
current process WorkingSet (physical memory assigned to process): 284M, peak: 318M
current process commit charge ("private bytes"): 391M, peak: 825M

vm_info: Java HotSpot(TM) 64-Bit Server VM (17.0.15+9-LTS-241) for windows-amd64 JRE (17.0.15+9-LTS-241), built on Feb 20 2025 10:49:54 by "mach5one" with MS VC++ 17.6 (VS2022)

END.
