#
# There is insufficient memory for the Java Runtime Environment to continue.
# Native memory allocation (malloc) failed to allocate 327376 bytes for Chunk::new
# Possible reasons:
#   The system is out of physical RAM or swap space
#   The process is running with CompressedOops enabled, and the Java Heap may be blocking the growth of the native heap
# Possible solutions:
#   Reduce memory load on the system
#   Increase physical memory or swap space
#   Check if swap backing store is full
#   Decrease Java heap size (-Xmx/-Xms)
#   Decrease number of Java threads
#   Decrease Java thread stack sizes (-Xss)
#   Set larger code cache with -XX:ReservedCodeCacheSize=
#   JVM is running with Zero Based Compressed Oops mode in which the Java heap is
#     placed in the first 32GB address space. The Java Heap base address is the
#     maximum limit for the native heap growth. Please use -XX:HeapBaseMinAddress
#     to set the Java Heap base and to place the Java Heap above 32GB virtual address.
# This output file may be truncated or incomplete.
#
#  Out of Memory Error (arena.cpp:189), pid=12608, tid=8356
#
# JRE version: Java(TM) SE Runtime Environment (17.0.15+9) (build 17.0.15+9-LTS-241)
# Java VM: Java HotSpot(TM) 64-Bit Server VM (17.0.15+9-LTS-241, mixed mode, sharing, tiered, compressed oops, compressed class ptrs, g1 gc, windows-amd64)
# No core dump will be written. Minidumps are not enabled by default on client versions of Windows
#

---------------  S U M M A R Y ------------

Command Line: -XX:+ShowCodeDetailsInExceptionMessages -Dspring.jmx.enabled=true -Dmanagement.endpoints.jmx.exposure.include=* -Dspring.application.admin.enabled=true -Dspring.boot.project.name=com.manamer.sellout.infraestructure.eurekaserver-eurekaserver -Djava.rmi.server.hostname=localhost -Dcom.sun.management.jmxremote.port=45556 -Dcom.sun.management.jmxremote.authenticate=false -Dcom.sun.management.jmxremote.ssl=false com.manamer.sellout.infraestructure.eurekaserver.EurekaserverApplication

Host: 11th Gen Intel(R) Core(TM) i7-1165G7 @ 2.80GHz, 8 cores, 39G,  Windows 11 , 64 bit Build 26100 (10.0.26100.5074)
Time: Tue Sep  9 23:05:54 2025 Hora est. Pacífico, Sudamérica elapsed time: 22605.027453 seconds (0d 6h 16m 45s)

---------------  T H R E A D  ---------------

Current thread (0x000001f164ed8780):  JavaThread "C2 CompilerThread0" daemon [_thread_in_native, id=8356, stack(0x0000003b4c000000,0x0000003b4c100000)]


Current CompileTask:
C2:22605029 12767  s    4       java.io.BufferedOutputStream::flush (12 bytes)

Stack: [0x0000003b4c000000,0x0000003b4c100000]
Native frames: (J=compiled Java code, j=interpreted, Vv=VM code, C=native code)
V  [jvm.dll+0x67a46a]
V  [jvm.dll+0x7da6ad]
V  [jvm.dll+0x7dbff3]
V  [jvm.dll+0x7dc663]
V  [jvm.dll+0x24523f]
V  [jvm.dll+0xab763]
V  [jvm.dll+0xabd2c]
V  [jvm.dll+0x361ebf]
V  [jvm.dll+0x1ba52a]
V  [jvm.dll+0x216b47]
V  [jvm.dll+0x215e1f]
V  [jvm.dll+0x1a2a00]
V  [jvm.dll+0x2262bb]
V  [jvm.dll+0x22445b]
V  [jvm.dll+0x790acc]
V  [jvm.dll+0x78b0ba]
V  [jvm.dll+0x679355]
C  [ucrtbase.dll+0x37b0]
C  [KERNEL32.DLL+0x2e8d7]
C  [ntdll.dll+0x8d9c]


---------------  P R O C E S S  ---------------

Threads class SMR info:
_java_thread_list=0x000001f1af7b6e20, length=67, elements={
0x000001f164ebac00, 0x000001f164ebb5b0, 0x000001f164ecf980, 0x000001f164ed0240,
0x000001f164ed0bf0, 0x000001f164ed35b0, 0x000001f164ed8780, 0x000001f164ed99c0,
0x000001f164eeead0, 0x000001f1678d9260, 0x000001f167987120, 0x000001f1ad5a3280,
0x000001f1ad58f790, 0x000001f1ad5901e0, 0x000001f1ae026840, 0x000001f1ae4409f0,
0x000001f1ae440ec0, 0x000001f1ae442200, 0x000001f1ae4426d0, 0x000001f1ae443a10,
0x000001f1ae441d30, 0x000001f1ae443070, 0x000001f1ae443540, 0x000001f1ae443ee0,
0x000001f1af5b31f0, 0x000001f1af5b66e0, 0x000001f1af5b53a0, 0x000001f1af5b4530,
0x000001f1af5b6210, 0x000001f1af5b3b90, 0x000001f1af5b2d20, 0x000001f1af5b7550,
0x000001f1af5b4060, 0x000001f1af5b83c0, 0x000001f1af5b7080, 0x000001f1af5b7ef0,
0x000001f1af5b7a20, 0x000001f1af5b5870, 0x000001f1af5b4a00, 0x000001f1af5b5d40,
0x000001f1af5b6bb0, 0x000001f1af5b8890, 0x000001f1af5b4ed0, 0x000001f1af5b9700,
0x000001f1af5b8d60, 0x000001f1af5b9bd0, 0x000001f1af5b9230, 0x000001f1af5ba0a0,
0x000001f1af5ba570, 0x000001f1afb42000, 0x000001f1afb3f4b0, 0x000001f1afb407f0,
0x000001f1afb41660, 0x000001f1afb3fe50, 0x000001f1afb41b30, 0x000001f1afb40320,
0x000001f1afb40cc0, 0x000001f1afb41190, 0x000001f1afb424d0, 0x000001f1afb429a0,
0x000001f1afb3efe0, 0x000001f1afb44680, 0x000001f1afb46830, 0x000001f1afb43810,
0x000001f1afb454f0, 0x000001f1afb43340, 0x000001f1aff270d0
}

Java Threads: ( => current thread )
  0x000001f164ebac00 JavaThread "Reference Handler" daemon [_thread_blocked, id=17360, stack(0x0000003b4ba00000,0x0000003b4bb00000)]
  0x000001f164ebb5b0 JavaThread "Finalizer" daemon [_thread_blocked, id=21280, stack(0x0000003b4bb00000,0x0000003b4bc00000)]
  0x000001f164ecf980 JavaThread "Signal Dispatcher" daemon [_thread_blocked, id=4368, stack(0x0000003b4bc00000,0x0000003b4bd00000)]
  0x000001f164ed0240 JavaThread "Attach Listener" daemon [_thread_blocked, id=16916, stack(0x0000003b4bd00000,0x0000003b4be00000)]
  0x000001f164ed0bf0 JavaThread "Service Thread" daemon [_thread_blocked, id=21440, stack(0x0000003b4be00000,0x0000003b4bf00000)]
  0x000001f164ed35b0 JavaThread "Monitor Deflation Thread" daemon [_thread_blocked, id=1960, stack(0x0000003b4bf00000,0x0000003b4c000000)]
=>0x000001f164ed8780 JavaThread "C2 CompilerThread0" daemon [_thread_in_native, id=8356, stack(0x0000003b4c000000,0x0000003b4c100000)]
  0x000001f164ed99c0 JavaThread "C1 CompilerThread0" daemon [_thread_blocked, id=18552, stack(0x0000003b4c100000,0x0000003b4c200000)]
  0x000001f164eeead0 JavaThread "Sweeper thread" daemon [_thread_blocked, id=22152, stack(0x0000003b4c200000,0x0000003b4c300000)]
  0x000001f1678d9260 JavaThread "Common-Cleaner" daemon [_thread_blocked, id=22700, stack(0x0000003b4c300000,0x0000003b4c400000)]
  0x000001f167987120 JavaThread "Notification Thread" daemon [_thread_blocked, id=23580, stack(0x0000003b4c400000,0x0000003b4c500000)]
  0x000001f1ad5a3280 JavaThread "RMI TCP Accept-0" daemon [_thread_in_native, id=3360, stack(0x0000003b4c600000,0x0000003b4c700000)]
  0x000001f1ad58f790 JavaThread "RMI TCP Accept-45556" daemon [_thread_in_native, id=24328, stack(0x0000003b4c700000,0x0000003b4c800000)]
  0x000001f1ad5901e0 JavaThread "RMI TCP Accept-0" daemon [_thread_in_native, id=24476, stack(0x0000003b4c800000,0x0000003b4c900000)]
  0x000001f1ae026840 JavaThread "RMI Scheduler(0)" daemon [_thread_blocked, id=10868, stack(0x0000003b4d400000,0x0000003b4d500000)]
  0x000001f1ae4409f0 JavaThread "JMX server connection timeout 25" daemon [_thread_blocked, id=20696, stack(0x0000003b4d600000,0x0000003b4d700000)]
  0x000001f1ae440ec0 JavaThread "Catalina-utility-1" [_thread_blocked, id=20512, stack(0x0000003b4d900000,0x0000003b4da00000)]
  0x000001f1ae442200 JavaThread "Catalina-utility-2" [_thread_blocked, id=5216, stack(0x0000003b4da00000,0x0000003b4db00000)]
  0x000001f1ae4426d0 JavaThread "container-0" [_thread_blocked, id=2400, stack(0x0000003b4db00000,0x0000003b4dc00000)]
  0x000001f1ae443a10 JavaThread "spring.cloud.inetutils" daemon [_thread_blocked, id=22240, stack(0x0000003b4dc00000,0x0000003b4dd00000)]
  0x000001f1ae441d30 JavaThread "Live Reload Server" daemon [_thread_in_native, id=22908, stack(0x0000003b4df00000,0x0000003b4e000000)]
  0x000001f1ae443070 JavaThread "Eureka-DeltaRetentionTimer" daemon [_thread_blocked, id=22180, stack(0x0000003b4de00000,0x0000003b4df00000)]
  0x000001f1ae443540 JavaThread "Eureka-EvictionTimer" daemon [_thread_blocked, id=23872, stack(0x0000003b4e000000,0x0000003b4e100000)]
  0x000001f1ae443ee0 JavaThread "Eureka-MeasureRateTimer" daemon [_thread_blocked, id=2428, stack(0x0000003b4e100000,0x0000003b4e200000)]
  0x000001f1af5b31f0 JavaThread "ReplicaAwareInstanceRegistry - RenewalThresholdUpdater" daemon [_thread_blocked, id=10068, stack(0x0000003b4e200000,0x0000003b4e300000)]
  0x000001f1af5b66e0 JavaThread "Eureka-MeasureRateTimer" daemon [_thread_blocked, id=18912, stack(0x0000003b4e300000,0x0000003b4e400000)]
  0x000001f1af5b53a0 JavaThread "Eureka-Jersey3Client-Conn-Cleaner2" daemon [_thread_blocked, id=11696, stack(0x0000003b4e500000,0x0000003b4e600000)]
  0x000001f1af5b4530 JavaThread "TaskAcceptor-target_localhost" daemon [_thread_blocked, id=15272, stack(0x0000003b4e600000,0x0000003b4e700000)]
  0x000001f1af5b6210 JavaThread "StatsMonitor-0" daemon [_thread_blocked, id=24184, stack(0x0000003b4e700000,0x0000003b4e800000)]
  0x000001f1af5b3b90 JavaThread "TaskBatchingWorker-target_localhost-0" daemon [_thread_blocked, id=7996, stack(0x0000003b4e800000,0x0000003b4e900000)]
  0x000001f1af5b2d20 JavaThread "TaskBatchingWorker-target_localhost-1" daemon [_thread_blocked, id=7164, stack(0x0000003b4e900000,0x0000003b4ea00000)]
  0x000001f1af5b7550 JavaThread "TaskBatchingWorker-target_localhost-2" daemon [_thread_blocked, id=21980, stack(0x0000003b4ea00000,0x0000003b4eb00000)]
  0x000001f1af5b4060 JavaThread "TaskBatchingWorker-target_localhost-3" daemon [_thread_blocked, id=7600, stack(0x0000003b4eb00000,0x0000003b4ec00000)]
  0x000001f1af5b83c0 JavaThread "TaskBatchingWorker-target_localhost-4" daemon [_thread_blocked, id=19824, stack(0x0000003b4ec00000,0x0000003b4ed00000)]
  0x000001f1af5b7080 JavaThread "TaskBatchingWorker-target_localhost-5" daemon [_thread_blocked, id=17576, stack(0x0000003b4ed00000,0x0000003b4ee00000)]
  0x000001f1af5b7ef0 JavaThread "TaskBatchingWorker-target_localhost-6" daemon [_thread_blocked, id=11892, stack(0x0000003b4ee00000,0x0000003b4ef00000)]
  0x000001f1af5b7a20 JavaThread "TaskBatchingWorker-target_localhost-7" daemon [_thread_blocked, id=13308, stack(0x0000003b4ef00000,0x0000003b4f000000)]
  0x000001f1af5b5870 JavaThread "TaskBatchingWorker-target_localhost-8" daemon [_thread_blocked, id=21760, stack(0x0000003b4f000000,0x0000003b4f100000)]
  0x000001f1af5b4a00 JavaThread "TaskBatchingWorker-target_localhost-9" daemon [_thread_blocked, id=14980, stack(0x0000003b4f100000,0x0000003b4f200000)]
  0x000001f1af5b5d40 JavaThread "TaskBatchingWorker-target_localhost-10" daemon [_thread_blocked, id=17520, stack(0x0000003b4f200000,0x0000003b4f300000)]
  0x000001f1af5b6bb0 JavaThread "TaskBatchingWorker-target_localhost-11" daemon [_thread_blocked, id=23028, stack(0x0000003b4f300000,0x0000003b4f400000)]
  0x000001f1af5b8890 JavaThread "TaskBatchingWorker-target_localhost-12" daemon [_thread_blocked, id=20004, stack(0x0000003b4f400000,0x0000003b4f500000)]
  0x000001f1af5b4ed0 JavaThread "TaskBatchingWorker-target_localhost-13" daemon [_thread_blocked, id=8260, stack(0x0000003b4f500000,0x0000003b4f600000)]
  0x000001f1af5b9700 JavaThread "TaskBatchingWorker-target_localhost-14" daemon [_thread_blocked, id=24216, stack(0x0000003b4f600000,0x0000003b4f700000)]
  0x000001f1af5b8d60 JavaThread "TaskBatchingWorker-target_localhost-15" daemon [_thread_blocked, id=22204, stack(0x0000003b4f700000,0x0000003b4f800000)]
  0x000001f1af5b9bd0 JavaThread "TaskBatchingWorker-target_localhost-16" daemon [_thread_blocked, id=22284, stack(0x0000003b4f800000,0x0000003b4f900000)]
  0x000001f1af5b9230 JavaThread "TaskBatchingWorker-target_localhost-17" daemon [_thread_blocked, id=9252, stack(0x0000003b4f900000,0x0000003b4fa00000)]
  0x000001f1af5ba0a0 JavaThread "TaskBatchingWorker-target_localhost-18" daemon [_thread_blocked, id=14032, stack(0x0000003b4fa00000,0x0000003b4fb00000)]
  0x000001f1af5ba570 JavaThread "TaskBatchingWorker-target_localhost-19" daemon [_thread_blocked, id=13876, stack(0x0000003b4fb00000,0x0000003b4fc00000)]
  0x000001f1afb42000 JavaThread "TaskAcceptor-localhost" daemon [_thread_blocked, id=4392, stack(0x0000003b4fc00000,0x0000003b4fd00000)]
  0x000001f1afb3f4b0 JavaThread "TaskNonBatchingWorker-localhost-0" daemon [_thread_blocked, id=5640, stack(0x0000003b4fd00000,0x0000003b4fe00000)]
  0x000001f1afb407f0 JavaThread "Eureka-PeerNodesUpdater" daemon [_thread_blocked, id=18836, stack(0x0000003b4fe00000,0x0000003b4ff00000)]
  0x000001f1afb41660 JavaThread "Eureka-CacheFillTimer" daemon [_thread_blocked, id=6960, stack(0x0000003b4ff00000,0x0000003b50000000)]
  0x000001f1afb3fe50 JavaThread "http-nio-8762-exec-1" daemon [_thread_blocked, id=19916, stack(0x0000003b50100000,0x0000003b50200000)]
  0x000001f1afb41b30 JavaThread "http-nio-8762-exec-2" daemon [_thread_blocked, id=23908, stack(0x0000003b50200000,0x0000003b50300000)]
  0x000001f1afb40320 JavaThread "http-nio-8762-exec-3" daemon [_thread_blocked, id=2224, stack(0x0000003b50300000,0x0000003b50400000)]
  0x000001f1afb40cc0 JavaThread "http-nio-8762-exec-4" daemon [_thread_blocked, id=12760, stack(0x0000003b50400000,0x0000003b50500000)]
  0x000001f1afb41190 JavaThread "http-nio-8762-exec-5" daemon [_thread_blocked, id=1572, stack(0x0000003b50500000,0x0000003b50600000)]
  0x000001f1afb424d0 JavaThread "http-nio-8762-exec-6" daemon [_thread_blocked, id=2352, stack(0x0000003b50600000,0x0000003b50700000)]
  0x000001f1afb429a0 JavaThread "http-nio-8762-exec-7" daemon [_thread_blocked, id=23780, stack(0x0000003b50700000,0x0000003b50800000)]
  0x000001f1afb3efe0 JavaThread "http-nio-8762-exec-8" daemon [_thread_blocked, id=2336, stack(0x0000003b50800000,0x0000003b50900000)]
  0x000001f1afb44680 JavaThread "http-nio-8762-exec-9" daemon [_thread_blocked, id=22976, stack(0x0000003b50900000,0x0000003b50a00000)]
  0x000001f1afb46830 JavaThread "http-nio-8762-exec-10" daemon [_thread_blocked, id=23588, stack(0x0000003b50a00000,0x0000003b50b00000)]
  0x000001f1afb43810 JavaThread "http-nio-8762-Poller" daemon [_thread_in_native, id=4664, stack(0x0000003b50b00000,0x0000003b50c00000)]
  0x000001f1afb454f0 JavaThread "http-nio-8762-Acceptor" daemon [_thread_in_native, id=6556, stack(0x0000003b50c00000,0x0000003b50d00000)]
  0x000001f1afb43340 JavaThread "DestroyJavaVM" [_thread_blocked, id=22052, stack(0x0000003b4b300000,0x0000003b4b400000)]
  0x000001f1aff270d0 JavaThread "RMI TCP Connection(4)-127.0.0.1" daemon [_thread_in_native, id=20668, stack(0x0000003b4b000000,0x0000003b4b100000)]

Other Threads:
  0x000001f164eacaa0 VMThread "VM Thread" [stack: 0x0000003b4b900000,0x0000003b4ba00000] [id=10916]
  0x000001f13669b660 WatcherThread [stack: 0x0000003b4c900000,0x0000003b4ca00000] [id=19676]
  0x000001f1367471a0 GCTaskThread "GC Thread#0" [stack: 0x0000003b4b400000,0x0000003b4b500000] [id=14404]
  0x000001f1ae048880 GCTaskThread "GC Thread#1" [stack: 0x0000003b4cb00000,0x0000003b4cc00000] [id=24212]
  0x000001f1ae048b40 GCTaskThread "GC Thread#2" [stack: 0x0000003b4cc00000,0x0000003b4cd00000] [id=11780]
  0x000001f1ae048e00 GCTaskThread "GC Thread#3" [stack: 0x0000003b4cd00000,0x0000003b4ce00000] [id=15100]
  0x000001f1ae0490c0 GCTaskThread "GC Thread#4" [stack: 0x0000003b4ce00000,0x0000003b4cf00000] [id=3324]
  0x000001f1ae049380 GCTaskThread "GC Thread#5" [stack: 0x0000003b4cf00000,0x0000003b4d000000] [id=3220]
  0x000001f1ae049640 GCTaskThread "GC Thread#6" [stack: 0x0000003b4d000000,0x0000003b4d100000] [id=20176]
  0x000001f1ae049900 GCTaskThread "GC Thread#7" [stack: 0x0000003b4d100000,0x0000003b4d200000] [id=5456]
  0x000001f164cf5040 ConcurrentGCThread "G1 Main Marker" [stack: 0x0000003b4b500000,0x0000003b4b600000] [id=8104]
  0x000001f164cf5950 ConcurrentGCThread "G1 Conc#0" [stack: 0x0000003b4b600000,0x0000003b4b700000] [id=3416]
  0x000001f1af4e71f0 ConcurrentGCThread "G1 Conc#1" [stack: 0x0000003b4d800000,0x0000003b4d900000] [id=22428]
  0x000001f164deb030 ConcurrentGCThread "G1 Refine#0" [stack: 0x0000003b4b700000,0x0000003b4b800000] [id=19156]
  0x000001f164deb960 ConcurrentGCThread "G1 Service" [stack: 0x0000003b4b800000,0x0000003b4b900000] [id=15068]

Threads with active compile tasks:
C2 CompilerThread0  22605076 12767  s    4       java.io.BufferedOutputStream::flush (12 bytes)

VM state: not at safepoint (normal execution)

VM Mutex/Monitor currently owned by a thread: None

Heap address: 0x0000000583000000, size: 10192 MB, Compressed Oops mode: Zero based, Oop shift amount: 3

CDS archive(s) mapped at: [0x000001f168000000-0x000001f168bd0000-0x000001f168bd0000), size 12386304, SharedBaseAddress: 0x000001f168000000, ArchiveRelocationMode: 1.
Compressed class space mapped at: 0x000001f169000000-0x000001f1a9000000, reserved size: 1073741824
Narrow klass base: 0x000001f168000000, Narrow klass shift: 0, Narrow klass range: 0x100000000

GC Precious Log:
 CPUs: 8 total, 8 available
 Memory: 40743M
 Large Page Support: Disabled
 NUMA Support: Disabled
 Compressed Oops: Enabled (Zero based)
 Heap Region Size: 8M
 Heap Min Capacity: 8M
 Heap Initial Capacity: 640M
 Heap Max Capacity: 10192M
 Pre-touch: Disabled
 Parallel Workers: 8
 Concurrent Workers: 2
 Concurrent Refinement Workers: 8
 Periodic GC: Disabled

Heap:
 garbage-first heap   total 114688K, used 48553K [0x0000000583000000, 0x0000000800000000)
  region size 8192K, 3 young (24576K), 1 survivors (8192K)
 Metaspace       used 63873K, committed 64448K, reserved 1114112K
  class space    used 8091K, committed 8384K, reserved 1048576K

Heap Regions: E=young(eden), S=young(survivor), O=old, HS=humongous(starts), HC=humongous(continues), CS=collection set, F=free, OA=open archive, CA=closed archive, TAMS=top-at-mark-start (previous, next)
|   0|0x0000000583000000, 0x0000000583793800, 0x0000000583800000| 94%| O|  |TAMS 0x0000000583793800, 0x0000000583000000| Untracked 
|   1|0x0000000583800000, 0x0000000583800000, 0x0000000584000000|  0%| F|  |TAMS 0x0000000583800000, 0x0000000583800000| Untracked 
|   2|0x0000000584000000, 0x0000000584800000, 0x0000000584800000|100%| O|  |TAMS 0x0000000584800000, 0x0000000584000000| Untracked 
|   3|0x0000000584800000, 0x0000000585000000, 0x0000000585000000|100%| O|  |TAMS 0x0000000585000000, 0x0000000584800000| Untracked 
|   4|0x0000000585000000, 0x0000000585800000, 0x0000000585800000|100%| O|  |TAMS 0x0000000585800000, 0x0000000585000000| Untracked 
|   5|0x0000000585800000, 0x0000000585fc7400, 0x0000000586000000| 97%| O|  |TAMS 0x0000000585801a00, 0x0000000585800000| Untracked 
|   6|0x0000000586000000, 0x0000000586000000, 0x0000000586800000|  0%| F|  |TAMS 0x0000000586000000, 0x0000000586000000| Untracked 
|   7|0x0000000586800000, 0x0000000586800000, 0x0000000587000000|  0%| F|  |TAMS 0x0000000586800000, 0x0000000586800000| Untracked 
|   8|0x0000000587000000, 0x000000058700f900, 0x0000000587800000|  0%| S|CS|TAMS 0x0000000587000000, 0x0000000587000000| Complete 
|   9|0x0000000587800000, 0x0000000587800000, 0x0000000588000000|  0%| F|  |TAMS 0x0000000587800000, 0x0000000587800000| Untracked 
|  10|0x0000000588000000, 0x0000000588000000, 0x0000000588800000|  0%| F|  |TAMS 0x0000000588000000, 0x0000000588000000| Untracked 
|  11|0x0000000588800000, 0x0000000588800000, 0x0000000589000000|  0%| F|  |TAMS 0x0000000588800000, 0x0000000588800000| Untracked 
|  73|0x00000005a7800000, 0x00000005a795ac78, 0x00000005a8000000| 16%| E|  |TAMS 0x00000005a7800000, 0x00000005a7800000| Complete 
|  79|0x00000005aa800000, 0x00000005ab000000, 0x00000005ab000000|100%| E|CS|TAMS 0x00000005aa800000, 0x00000005aa800000| Complete 

Card table byte_map: [0x000001f14e690000,0x000001f14fa80000] _byte_map_base: 0x000001f14ba78000

Marking Bits (Prev, Next): (CMBitMap*) 0x000001f1367476c0, (CMBitMap*) 0x000001f136747700
 Prev Bits: [0x000001f150e70000, 0x000001f15adb0000)
 Next Bits: [0x000001f15adb0000, 0x000001f164cf0000)

Polling page: 0x000001f134620000

Metaspace:

Usage:
  Non-class:     54.47 MB used.
      Class:      7.90 MB used.
       Both:     62.38 MB used.

Virtual space:
  Non-class space:       64.00 MB reserved,      54.75 MB ( 86%) committed,  1 nodes.
      Class space:        1.00 GB reserved,       8.19 MB ( <1%) committed,  1 nodes.
             Both:        1.06 GB reserved,      62.94 MB (  6%) committed. 

Chunk freelists:
   Non-Class:  8.88 MB
       Class:  7.72 MB
        Both:  16.60 MB

MaxMetaspaceSize: unlimited
CompressedClassSpaceSize: 1.00 GB
Initial GC threshold: 21.00 MB
Current GC threshold: 104.38 MB
CDS: on
MetaspaceReclaimPolicy: balanced
 - commit_granule_bytes: 65536.
 - commit_granule_words: 8192.
 - virtual_space_node_default_size: 8388608.
 - enlarge_chunks_in_place: 1.
 - new_chunks_are_fully_committed: 0.
 - uncommit_free_chunks: 1.
 - use_allocation_guard: 0.
 - handle_deallocations: 1.


Internal statistics:

num_allocs_failed_limit: 6.
num_arena_births: 988.
num_arena_deaths: 0.
num_vsnodes_births: 2.
num_vsnodes_deaths: 0.
num_space_committed: 1007.
num_space_uncommitted: 0.
num_chunks_returned_to_freelist: 6.
num_chunks_taken_from_freelist: 3351.
num_chunk_merges: 6.
num_chunk_splits: 2242.
num_chunks_enlarged: 1575.
num_inconsistent_stats: 0.

CodeHeap 'non-profiled nmethods': size=120000Kb used=10331Kb max_used=10331Kb free=109668Kb
 bounds [0x000001f145a40000, 0x000001f146460000, 0x000001f14cf70000]
CodeHeap 'profiled nmethods': size=120000Kb used=20798Kb max_used=20798Kb free=99201Kb
 bounds [0x000001f13df70000, 0x000001f13f3d0000, 0x000001f1454a0000]
CodeHeap 'non-nmethods': size=5760Kb used=1321Kb max_used=1385Kb free=4438Kb
 bounds [0x000001f1454a0000, 0x000001f145710000, 0x000001f145a40000]
 total_blobs=11266 nmethods=10632 adapters=546
 compilation: enabled
              stopped_count=0, restarted_count=0
 full_count=0

Compilation events (20 events):
Event: 22354.463 Thread 0x000001f164ed8780 nmethod 12757 0x000001f146455910 code [0x000001f146455aa0, 0x000001f146455bb8]
Event: 22376.025 Thread 0x000001f164ed99c0 12758       3       com.fasterxml.jackson.core.io.IOContext::_verifyAlloc (15 bytes)
Event: 22376.035 Thread 0x000001f164ed99c0 nmethod 12758 0x000001f13f3be790 code [0x000001f13f3be940, 0x000001f13f3beb48]
Event: 22376.035 Thread 0x000001f164ed99c0 12759       3       com.fasterxml.jackson.core.util.TextBuffer::validateStringLength (1 bytes)
Event: 22376.036 Thread 0x000001f164ed99c0 nmethod 12759 0x000001f13f3bec10 code [0x000001f13f3beda0, 0x000001f13f3beeb8]
Event: 22376.036 Thread 0x000001f164ed99c0 12760       3       com.fasterxml.jackson.core.io.ContentReference::<init> (35 bytes)
Event: 22376.042 Thread 0x000001f164ed99c0 nmethod 12760 0x000001f13f3bef90 code [0x000001f13f3bf140, 0x000001f13f3bf358]
Event: 22402.639 Thread 0x000001f164ed8780 12761       4       java.util.Collections$UnmodifiableMap::hashCode (10 bytes)
Event: 22402.751 Thread 0x000001f164ed8780 nmethod 12761 0x000001f146455d10 code [0x000001f146455ee0, 0x000001f1464569f8]
Event: 22556.080 Thread 0x000001f164ed99c0 12762       3       com.google.common.base.Ticker::systemTicker (4 bytes)
Event: 22556.081 Thread 0x000001f164ed99c0 nmethod 12762 0x000001f13eb1b210 code [0x000001f13eb1b3a0, 0x000001f13eb1b498]
Event: 22556.081 Thread 0x000001f164ed99c0 12763       3       com.fasterxml.jackson.databind.PropertyName::isEmpty (23 bytes)
Event: 22556.084 Thread 0x000001f164ed99c0 nmethod 12763 0x000001f13f3bf490 code [0x000001f13f3bf640, 0x000001f13f3bf8b8]
Event: 22556.085 Thread 0x000001f164ed99c0 12764       3       com.fasterxml.jackson.core.JsonFactory::_getBufferRecycler (13 bytes)
Event: 22556.098 Thread 0x000001f164ed99c0 nmethod 12764 0x000001f13f3bf990 code [0x000001f13f3bfb80, 0x000001f13f3c0228]
Event: 22556.098 Thread 0x000001f164ed99c0 12765       3       com.fasterxml.jackson.core.JsonFactory::_getRecyclerPool (22 bytes)
Event: 22556.099 Thread 0x000001f164ed99c0 nmethod 12765 0x000001f13f3c0490 code [0x000001f13f3c0660, 0x000001f13f3c0a18]
Event: 22556.099 Thread 0x000001f164ed99c0 12766       3       com.fasterxml.jackson.core.util.RecyclerPool$ThreadLocalPoolBase::acquireAndLinkPooled (5 bytes)
Event: 22556.099 Thread 0x000001f164ed99c0 nmethod 12766 0x000001f13f3c0b90 code [0x000001f13f3c0d40, 0x000001f13f3c0f48]
Event: 22602.961 Thread 0x000001f164ed8780 12767  s    4       java.io.BufferedOutputStream::flush (12 bytes)

GC Heap History (20 events):
Event: 21607.751 GC heap before
{Heap before GC invocations=250 (full 0):
 garbage-first heap   total 114688K, used 73091K [0x0000000583000000, 0x0000000800000000)
  region size 8192K, 6 young (49152K), 1 survivors (8192K)
 Metaspace       used 63856K, committed 64448K, reserved 1114112K
  class space    used 8090K, committed 8384K, reserved 1048576K
}
Event: 21607.752 GC heap after
{Heap after GC invocations=251 (full 0):
 garbage-first heap   total 114688K, used 40321K [0x0000000583000000, 0x0000000800000000)
  region size 8192K, 1 young (8192K), 1 survivors (8192K)
 Metaspace       used 63856K, committed 64448K, reserved 1114112K
  class space    used 8090K, committed 8384K, reserved 1048576K
}
Event: 21712.896 GC heap before
{Heap before GC invocations=251 (full 0):
 garbage-first heap   total 114688K, used 73089K [0x0000000583000000, 0x0000000800000000)
  region size 8192K, 6 young (49152K), 1 survivors (8192K)
 Metaspace       used 63856K, committed 64448K, reserved 1114112K
  class space    used 8090K, committed 8384K, reserved 1048576K
}
Event: 21712.899 GC heap after
{Heap after GC invocations=252 (full 0):
 garbage-first heap   total 114688K, used 40323K [0x0000000583000000, 0x0000000800000000)
  region size 8192K, 1 young (8192K), 1 survivors (8192K)
 Metaspace       used 63856K, committed 64448K, reserved 1114112K
  class space    used 8090K, committed 8384K, reserved 1048576K
}
Event: 21819.885 GC heap before
{Heap before GC invocations=252 (full 0):
 garbage-first heap   total 114688K, used 81283K [0x0000000583000000, 0x0000000800000000)
  region size 8192K, 6 young (49152K), 1 survivors (8192K)
 Metaspace       used 63856K, committed 64448K, reserved 1114112K
  class space    used 8090K, committed 8384K, reserved 1048576K
}
Event: 21819.886 GC heap after
{Heap after GC invocations=253 (full 0):
 garbage-first heap   total 114688K, used 40326K [0x0000000583000000, 0x0000000800000000)
  region size 8192K, 1 young (8192K), 1 survivors (8192K)
 Metaspace       used 63856K, committed 64448K, reserved 1114112K
  class space    used 8090K, committed 8384K, reserved 1048576K
}
Event: 21925.572 GC heap before
{Heap before GC invocations=253 (full 0):
 garbage-first heap   total 114688K, used 81286K [0x0000000583000000, 0x0000000800000000)
  region size 8192K, 6 young (49152K), 1 survivors (8192K)
 Metaspace       used 63856K, committed 64448K, reserved 1114112K
  class space    used 8090K, committed 8384K, reserved 1048576K
}
Event: 21925.573 GC heap after
{Heap after GC invocations=254 (full 0):
 garbage-first heap   total 114688K, used 40343K [0x0000000583000000, 0x0000000800000000)
  region size 8192K, 1 young (8192K), 1 survivors (8192K)
 Metaspace       used 63856K, committed 64448K, reserved 1114112K
  class space    used 8090K, committed 8384K, reserved 1048576K
}
Event: 22033.147 GC heap before
{Heap before GC invocations=254 (full 0):
 garbage-first heap   total 114688K, used 73111K [0x0000000583000000, 0x0000000800000000)
  region size 8192K, 6 young (49152K), 1 survivors (8192K)
 Metaspace       used 63866K, committed 64448K, reserved 1114112K
  class space    used 8090K, committed 8384K, reserved 1048576K
}
Event: 22033.148 GC heap after
{Heap after GC invocations=255 (full 0):
 garbage-first heap   total 114688K, used 40327K [0x0000000583000000, 0x0000000800000000)
  region size 8192K, 1 young (8192K), 1 survivors (8192K)
 Metaspace       used 63866K, committed 64448K, reserved 1114112K
  class space    used 8090K, committed 8384K, reserved 1048576K
}
Event: 22139.179 GC heap before
{Heap before GC invocations=255 (full 0):
 garbage-first heap   total 114688K, used 73095K [0x0000000583000000, 0x0000000800000000)
  region size 8192K, 6 young (49152K), 1 survivors (8192K)
 Metaspace       used 63866K, committed 64448K, reserved 1114112K
  class space    used 8090K, committed 8384K, reserved 1048576K
}
Event: 22139.181 GC heap after
{Heap after GC invocations=256 (full 0):
 garbage-first heap   total 114688K, used 40342K [0x0000000583000000, 0x0000000800000000)
  region size 8192K, 1 young (8192K), 1 survivors (8192K)
 Metaspace       used 63866K, committed 64448K, reserved 1114112K
  class space    used 8090K, committed 8384K, reserved 1048576K
}
Event: 22246.140 GC heap before
{Heap before GC invocations=256 (full 0):
 garbage-first heap   total 114688K, used 81302K [0x0000000583000000, 0x0000000800000000)
  region size 8192K, 6 young (49152K), 1 survivors (8192K)
 Metaspace       used 63866K, committed 64448K, reserved 1114112K
  class space    used 8090K, committed 8384K, reserved 1048576K
}
Event: 22246.141 GC heap after
{Heap after GC invocations=257 (full 0):
 garbage-first heap   total 114688K, used 40326K [0x0000000583000000, 0x0000000800000000)
  region size 8192K, 1 young (8192K), 1 survivors (8192K)
 Metaspace       used 63866K, committed 64448K, reserved 1114112K
  class space    used 8090K, committed 8384K, reserved 1048576K
}
Event: 22354.449 GC heap before
{Heap before GC invocations=257 (full 0):
 garbage-first heap   total 114688K, used 73094K [0x0000000583000000, 0x0000000800000000)
  region size 8192K, 6 young (49152K), 1 survivors (8192K)
 Metaspace       used 63866K, committed 64448K, reserved 1114112K
  class space    used 8090K, committed 8384K, reserved 1048576K
}
Event: 22354.452 GC heap after
{Heap after GC invocations=258 (full 0):
 garbage-first heap   total 114688K, used 40326K [0x0000000583000000, 0x0000000800000000)
  region size 8192K, 1 young (8192K), 1 survivors (8192K)
 Metaspace       used 63866K, committed 64448K, reserved 1114112K
  class space    used 8090K, committed 8384K, reserved 1048576K
}
Event: 22468.862 GC heap before
{Heap before GC invocations=258 (full 0):
 garbage-first heap   total 114688K, used 73094K [0x0000000583000000, 0x0000000800000000)
  region size 8192K, 6 young (49152K), 1 survivors (8192K)
 Metaspace       used 63867K, committed 64448K, reserved 1114112K
  class space    used 8090K, committed 8384K, reserved 1048576K
}
Event: 22468.864 GC heap after
{Heap after GC invocations=259 (full 0):
 garbage-first heap   total 114688K, used 40341K [0x0000000583000000, 0x0000000800000000)
  region size 8192K, 1 young (8192K), 1 survivors (8192K)
 Metaspace       used 63867K, committed 64448K, reserved 1114112K
  class space    used 8090K, committed 8384K, reserved 1048576K
}
Event: 22582.785 GC heap before
{Heap before GC invocations=259 (full 0):
 garbage-first heap   total 114688K, used 81301K [0x0000000583000000, 0x0000000800000000)
  region size 8192K, 6 young (49152K), 1 survivors (8192K)
 Metaspace       used 63873K, committed 64448K, reserved 1114112K
  class space    used 8091K, committed 8384K, reserved 1048576K
}
Event: 22582.787 GC heap after
{Heap after GC invocations=260 (full 0):
 garbage-first heap   total 114688K, used 40361K [0x0000000583000000, 0x0000000800000000)
  region size 8192K, 1 young (8192K), 1 survivors (8192K)
 Metaspace       used 63873K, committed 64448K, reserved 1114112K
  class space    used 8091K, committed 8384K, reserved 1048576K
}

Deoptimization events (20 events):
Event: 22572.174 Thread 0x000001f1ae441860 Uncommon trap: trap_request=0xffffffde fr.pc=0x000001f1461a90f0 relative=0x0000000000000e90
Event: 22572.174 Thread 0x000001f1ae441860 Uncommon trap: reason=class_check action=maybe_recompile pc=0x000001f1461a90f0 method=java.io.BufferedOutputStream.flushBuffer()V @ 20 c2
Event: 22572.174 Thread 0x000001f1ae441860 DEOPT PACKING pc=0x000001f1461a90f0 sp=0x0000003b4ddfed80
Event: 22572.174 Thread 0x000001f1ae441860 DEOPT UNPACKING pc=0x000001f1454f5ba3 sp=0x0000003b4ddfed50 mode 2
Event: 22572.185 Thread 0x000001f1ae441860 Uncommon trap: trap_request=0xffffff66 fr.pc=0x000001f1460a11cc relative=0x000000000000058c
Event: 22572.185 Thread 0x000001f1ae441860 Uncommon trap: reason=speculate_class_check action=maybe_recompile pc=0x000001f1460a11cc method=java.lang.Throwable.getLocalizedMessage()Ljava/lang/String; @ 1 c2
Event: 22572.185 Thread 0x000001f1ae441860 DEOPT PACKING pc=0x000001f1460a11cc sp=0x0000003b4ddfef40
Event: 22572.185 Thread 0x000001f1ae441860 DEOPT UNPACKING pc=0x000001f1454f5ba3 sp=0x0000003b4ddfee98 mode 2
Event: 22572.186 Thread 0x000001f1ae441860 Uncommon trap: trap_request=0xffffffde fr.pc=0x000001f1461a90f0 relative=0x0000000000000e90
Event: 22572.186 Thread 0x000001f1ae441860 Uncommon trap: reason=class_check action=maybe_recompile pc=0x000001f1461a90f0 method=java.io.BufferedOutputStream.flushBuffer()V @ 20 c2
Event: 22572.186 Thread 0x000001f1ae441860 DEOPT PACKING pc=0x000001f1461a90f0 sp=0x0000003b4ddfebe0
Event: 22572.186 Thread 0x000001f1ae441860 DEOPT UNPACKING pc=0x000001f1454f5ba3 sp=0x0000003b4ddfebb0 mode 2
Event: 22572.191 Thread 0x000001f1ae441860 Uncommon trap: trap_request=0xffffffde fr.pc=0x000001f1461a90f0 relative=0x0000000000000e90
Event: 22572.191 Thread 0x000001f1ae441860 Uncommon trap: reason=class_check action=maybe_recompile pc=0x000001f1461a90f0 method=java.io.BufferedOutputStream.flushBuffer()V @ 20 c2
Event: 22572.191 Thread 0x000001f1ae441860 DEOPT PACKING pc=0x000001f1461a90f0 sp=0x0000003b4ddfebe0
Event: 22572.191 Thread 0x000001f1ae441860 DEOPT UNPACKING pc=0x000001f1454f5ba3 sp=0x0000003b4ddfebb0 mode 2
Event: 22572.191 Thread 0x000001f1ae441860 Uncommon trap: trap_request=0xffffffde fr.pc=0x000001f1461a90f0 relative=0x0000000000000e90
Event: 22572.191 Thread 0x000001f1ae441860 Uncommon trap: reason=class_check action=maybe_recompile pc=0x000001f1461a90f0 method=java.io.BufferedOutputStream.flushBuffer()V @ 20 c2
Event: 22572.191 Thread 0x000001f1ae441860 DEOPT PACKING pc=0x000001f1461a90f0 sp=0x0000003b4ddfebe0
Event: 22572.191 Thread 0x000001f1ae441860 DEOPT UNPACKING pc=0x000001f1454f5ba3 sp=0x0000003b4ddfebb0 mode 2

Classes unloaded (0 events):
No events

Classes redefined (0 events):
No events

Internal exceptions (20 events):
Event: 22604.334 Thread 0x000001f1af5b8d60 Exception <a 'java/net/ConnectException'{0x00000005a7905a50}: Connection refused: no further information> (0x00000005a7905a50) 
thrown [s\open\src\hotspot\share\prims\jni.cpp, line 535]
Event: 22604.334 Thread 0x000001f1af5b8d60 Exception <a 'java/net/SocketException'{0x00000005a7906018}: Socket is not connected: shutdown> (0x00000005a7906018) 
thrown [s\open\src\hotspot\share\prims\jni.cpp, line 535]
Event: 22604.365 Thread 0x000001f1af5b8d60 Exception <a 'java/net/ConnectException'{0x00000005a79067f8}: Connection refused: no further information> (0x00000005a79067f8) 
thrown [s\open\src\hotspot\share\prims\jni.cpp, line 535]
Event: 22604.365 Thread 0x000001f1af5b8d60 Exception <a 'java/net/SocketException'{0x00000005a7906dc0}: Socket is not connected: shutdown> (0x00000005a7906dc0) 
thrown [s\open\src\hotspot\share\prims\jni.cpp, line 535]
Event: 22604.498 Thread 0x000001f1af5b9bd0 Exception <a 'java/net/ConnectException'{0x00000005a7912da0}: Connection refused: no further information> (0x00000005a7912da0) 
thrown [s\open\src\hotspot\share\prims\jni.cpp, line 535]
Event: 22604.498 Thread 0x000001f1af5b9bd0 Exception <a 'java/net/SocketException'{0x00000005a7913368}: Socket is not connected: shutdown> (0x00000005a7913368) 
thrown [s\open\src\hotspot\share\prims\jni.cpp, line 535]
Event: 22604.519 Thread 0x000001f1af5b9bd0 Exception <a 'java/net/ConnectException'{0x00000005a7913d88}: Connection refused: no further information> (0x00000005a7913d88) 
thrown [s\open\src\hotspot\share\prims\jni.cpp, line 535]
Event: 22604.519 Thread 0x000001f1af5b9bd0 Exception <a 'java/net/SocketException'{0x00000005a7914350}: Socket is not connected: shutdown> (0x00000005a7914350) 
thrown [s\open\src\hotspot\share\prims\jni.cpp, line 535]
Event: 22604.644 Thread 0x000001f1af5b7ef0 Exception <a 'java/net/ConnectException'{0x00000005a78c5eb8}: Connection refused: no further information> (0x00000005a78c5eb8) 
thrown [s\open\src\hotspot\share\prims\jni.cpp, line 535]
Event: 22604.644 Thread 0x000001f1af5b7ef0 Exception <a 'java/net/SocketException'{0x00000005a78c6480}: Socket is not connected: shutdown> (0x00000005a78c6480) 
thrown [s\open\src\hotspot\share\prims\jni.cpp, line 535]
Event: 22604.659 Thread 0x000001f1af5b7ef0 Exception <a 'java/net/ConnectException'{0x00000005a7921680}: Connection refused: no further information> (0x00000005a7921680) 
thrown [s\open\src\hotspot\share\prims\jni.cpp, line 535]
Event: 22604.659 Thread 0x000001f1af5b7ef0 Exception <a 'java/net/SocketException'{0x00000005a7921c48}: Socket is not connected: shutdown> (0x00000005a7921c48) 
thrown [s\open\src\hotspot\share\prims\jni.cpp, line 535]
Event: 22604.780 Thread 0x000001f1af5b5870 Exception <a 'java/net/ConnectException'{0x00000005aaea22d8}: Connection refused: no further information> (0x00000005aaea22d8) 
thrown [s\open\src\hotspot\share\prims\jni.cpp, line 535]
Event: 22604.780 Thread 0x000001f1af5b5870 Exception <a 'java/net/SocketException'{0x00000005aaea28a0}: Socket is not connected: shutdown> (0x00000005aaea28a0) 
thrown [s\open\src\hotspot\share\prims\jni.cpp, line 535]
Event: 22604.790 Thread 0x000001f1af5b5870 Exception <a 'java/net/ConnectException'{0x00000005a7930b78}: Connection refused: no further information> (0x00000005a7930b78) 
thrown [s\open\src\hotspot\share\prims\jni.cpp, line 535]
Event: 22604.790 Thread 0x000001f1af5b5870 Exception <a 'java/net/SocketException'{0x00000005a7931140}: Socket is not connected: shutdown> (0x00000005a7931140) 
thrown [s\open\src\hotspot\share\prims\jni.cpp, line 535]
Event: 22604.908 Thread 0x000001f1af5b7080 Exception <a 'java/net/ConnectException'{0x00000005a78e1e48}: Connection refused: no further information> (0x00000005a78e1e48) 
thrown [s\open\src\hotspot\share\prims\jni.cpp, line 535]
Event: 22604.909 Thread 0x000001f1af5b7080 Exception <a 'java/net/SocketException'{0x00000005a78e2410}: Socket is not connected: shutdown> (0x00000005a78e2410) 
thrown [s\open\src\hotspot\share\prims\jni.cpp, line 535]
Event: 22604.922 Thread 0x000001f1af5b7080 Exception <a 'java/net/ConnectException'{0x00000005a78e2bf0}: Connection refused: no further information> (0x00000005a78e2bf0) 
thrown [s\open\src\hotspot\share\prims\jni.cpp, line 535]
Event: 22604.922 Thread 0x000001f1af5b7080 Exception <a 'java/net/SocketException'{0x00000005a793dba8}: Socket is not connected: shutdown> (0x00000005a793dba8) 
thrown [s\open\src\hotspot\share\prims\jni.cpp, line 535]

VM Operations (20 events):
Event: 22251.033 Executing VM operation: HandshakeAllThreads
Event: 22251.033 Executing VM operation: HandshakeAllThreads done
Event: 22311.269 Executing VM operation: HandshakeAllThreads
Event: 22311.269 Executing VM operation: HandshakeAllThreads done
Event: 22354.449 Executing VM operation: G1CollectForAllocation
Event: 22354.452 Executing VM operation: G1CollectForAllocation done
Event: 22371.308 Executing VM operation: HandshakeAllThreads
Event: 22371.435 Executing VM operation: HandshakeAllThreads done
Event: 22431.545 Executing VM operation: HandshakeAllThreads
Event: 22431.545 Executing VM operation: HandshakeAllThreads done
Event: 22468.862 Executing VM operation: G1CollectForAllocation
Event: 22468.864 Executing VM operation: G1CollectForAllocation done
Event: 22491.618 Executing VM operation: HandshakeAllThreads
Event: 22491.618 Executing VM operation: HandshakeAllThreads done
Event: 22572.375 Executing VM operation: Cleanup
Event: 22572.375 Executing VM operation: Cleanup done
Event: 22573.385 Executing VM operation: Cleanup
Event: 22573.385 Executing VM operation: Cleanup done
Event: 22582.785 Executing VM operation: G1CollectForAllocation
Event: 22582.787 Executing VM operation: G1CollectForAllocation done

Events (20 events):
Event: 11213.231 Thread 0x000001f164eeead0 flushing nmethod 0x000001f13ec44190
Event: 11213.231 Thread 0x000001f164eeead0 flushing nmethod 0x000001f13ec44890
Event: 11213.234 Thread 0x000001f164eeead0 flushing nmethod 0x000001f13ecc6410
Event: 11213.234 Thread 0x000001f164eeead0 flushing nmethod 0x000001f13ecc6b10
Event: 11213.234 Thread 0x000001f164eeead0 flushing nmethod 0x000001f13ecce990
Event: 11213.234 Thread 0x000001f164eeead0 flushing nmethod 0x000001f13ecd0d10
Event: 11213.234 Thread 0x000001f164eeead0 flushing nmethod 0x000001f13ecde490
Event: 11213.234 Thread 0x000001f164eeead0 flushing nmethod 0x000001f13ece0390
Event: 11213.241 Thread 0x000001f164eeead0 flushing nmethod 0x000001f13ee28510
Event: 11213.244 Thread 0x000001f164eeead0 flushing nmethod 0x000001f13eee3c10
Event: 11213.245 Thread 0x000001f164eeead0 flushing nmethod 0x000001f13ef0c990
Event: 11213.248 Thread 0x000001f164eeead0 flushing nmethod 0x000001f13efc1910
Event: 11213.250 Thread 0x000001f164eeead0 flushing nmethod 0x000001f13effaf10
Event: 11213.252 Thread 0x000001f164eeead0 flushing nmethod 0x000001f13f032e10
Event: 11213.253 Thread 0x000001f164eeead0 flushing nmethod 0x000001f13f096a90
Event: 11213.254 Thread 0x000001f164eeead0 flushing nmethod 0x000001f13f12a790
Event: 11213.256 Thread 0x000001f164eeead0 flushing nmethod 0x000001f13f1f2790
Event: 22572.177 loading class java/lang/Throwable$WrappedPrintStream
Event: 22572.184 loading class java/lang/Throwable$WrappedPrintStream done
Event: 22572.194 Thread 0x000001f1ae441860 Thread exited: 0x000001f1ae441860


Dynamic libraries:
0x00007ff685820000 - 0x00007ff685830000 	C:\Program Files\Java\jdk-17\bin\java.exe
0x00007ffe19d40000 - 0x00007ffe19fa9000 	C:\Windows\SYSTEM32\ntdll.dll
0x00007ffe18cf0000 - 0x00007ffe18db9000 	C:\Windows\System32\KERNEL32.DLL
0x00007ffe17380000 - 0x00007ffe17773000 	C:\Windows\System32\KERNELBASE.dll
0x00007ffe17230000 - 0x00007ffe1737b000 	C:\Windows\System32\ucrtbase.dll
0x00007ffdff870000 - 0x00007ffdff889000 	C:\Program Files\Java\jdk-17\bin\jli.dll
0x00007ffdfe200000 - 0x00007ffdfe21b000 	C:\Program Files\Java\jdk-17\bin\VCRUNTIME140.dll
0x00007ffe19380000 - 0x00007ffe19434000 	C:\Windows\System32\ADVAPI32.dll
0x00007ffe199d0000 - 0x00007ffe19a79000 	C:\Windows\System32\msvcrt.dll
0x00007ffe18260000 - 0x00007ffe18306000 	C:\Windows\System32\sechost.dll
0x00007ffe19be0000 - 0x00007ffe19cf8000 	C:\Windows\System32\RPCRT4.dll
0x00007ffe17b90000 - 0x00007ffe17d54000 	C:\Windows\System32\USER32.dll
0x00007ffe17a30000 - 0x00007ffe17a57000 	C:\Windows\System32\win32u.dll
0x00007ffe19800000 - 0x00007ffe1982b000 	C:\Windows\System32\GDI32.dll
0x00007ffe17780000 - 0x00007ffe178ad000 	C:\Windows\System32\gdi32full.dll
0x00007ffe17a60000 - 0x00007ffe17b03000 	C:\Windows\System32\msvcp_win.dll
0x00007ffdf8670000 - 0x00007ffdf8903000 	C:\Windows\WinSxS\amd64_microsoft.windows.common-controls_6595b64144ccf1df_6.0.26100.5074_none_3e0d6f78e32fd63f\COMCTL32.dll
0x00007ffe08e90000 - 0x00007ffe08e9b000 	C:\Windows\SYSTEM32\VERSION.dll
0x00007ffe19550000 - 0x00007ffe1957f000 	C:\Windows\System32\IMM32.DLL
0x00007ffe00cd0000 - 0x00007ffe00cdc000 	C:\Program Files\Java\jdk-17\bin\vcruntime140_1.dll
0x00007ffdc8360000 - 0x00007ffdc83ee000 	C:\Program Files\Java\jdk-17\bin\msvcp140.dll
0x00007ffd642a0000 - 0x00007ffd64e81000 	C:\Program Files\Java\jdk-17\bin\server\jvm.dll
0x00007ffe18ce0000 - 0x00007ffe18ce8000 	C:\Windows\System32\PSAPI.DLL
0x00007ffe07600000 - 0x00007ffe0760a000 	C:\Windows\SYSTEM32\WSOCK32.dll
0x00007ffe00210000 - 0x00007ffe00245000 	C:\Windows\SYSTEM32\WINMM.dll
0x00007ffe19140000 - 0x00007ffe191b4000 	C:\Windows\System32\WS2_32.dll
0x00007ffe15c70000 - 0x00007ffe15c8b000 	C:\Windows\SYSTEM32\kernel.appcore.dll
0x00007ffdfeb00000 - 0x00007ffdfeb0a000 	C:\Program Files\Java\jdk-17\bin\jimage.dll
0x00007ffe14610000 - 0x00007ffe14852000 	C:\Windows\SYSTEM32\DBGHELP.DLL
0x00007ffe18dc0000 - 0x00007ffe1913b000 	C:\Windows\System32\combase.dll
0x00007ffe19690000 - 0x00007ffe19767000 	C:\Windows\System32\OLEAUT32.dll
0x00007ffddcbc0000 - 0x00007ffddcbfd000 	C:\Windows\SYSTEM32\dbgcore.DLL
0x00007ffe17040000 - 0x00007ffe170d9000 	C:\Windows\System32\bcryptPrimitives.dll
0x00007ffdeda90000 - 0x00007ffdedab5000 	C:\Program Files\Java\jdk-17\bin\java.dll
0x00007ffdad910000 - 0x00007ffdad9e7000 	C:\Program Files\Java\jdk-17\bin\jsvml.dll
0x00007ffe18310000 - 0x00007ffe18a5d000 	C:\Windows\System32\SHELL32.dll
0x00007ffe16ed0000 - 0x00007ffe1703c000 	C:\Windows\System32\wintypes.dll
0x00007ffe14af0000 - 0x00007ffe15349000 	C:\Windows\SYSTEM32\windows.storage.dll
0x00007ffe19450000 - 0x00007ffe19540000 	C:\Windows\System32\SHCORE.dll
0x00007ffe19310000 - 0x00007ffe19372000 	C:\Windows\System32\shlwapi.dll
0x00007ffe16df0000 - 0x00007ffe16e19000 	C:\Windows\SYSTEM32\profapi.dll
0x00007ffde2430000 - 0x00007ffde2449000 	C:\Program Files\Java\jdk-17\bin\net.dll
0x00007ffe093b0000 - 0x00007ffe094cf000 	C:\Windows\SYSTEM32\WINHTTP.dll
0x00007ffe161d0000 - 0x00007ffe1623b000 	C:\Windows\system32\mswsock.dll
0x00007ffde2410000 - 0x00007ffde2426000 	C:\Program Files\Java\jdk-17\bin\nio.dll
0x00007ffde23f0000 - 0x00007ffde2408000 	C:\Program Files\Java\jdk-17\bin\zip.dll
0x00007ffe00f60000 - 0x00007ffe00f6a000 	C:\Program Files\Java\jdk-17\bin\management.dll
0x00007ffdfe1f0000 - 0x00007ffdfe1fb000 	C:\Program Files\Java\jdk-17\bin\management_ext.dll
0x00007ffde2b10000 - 0x00007ffde2b28000 	C:\Windows\system32\napinsp.dll
0x00007ffde2af0000 - 0x00007ffde2b06000 	C:\Windows\system32\wshbth.dll
0x00007ffde2ac0000 - 0x00007ffde2ae8000 	C:\Windows\system32\nlansp_c.dll
0x00007ffe15700000 - 0x00007ffe15826000 	C:\Windows\SYSTEM32\DNSAPI.dll
0x00007ffe15670000 - 0x00007ffe156a4000 	C:\Windows\SYSTEM32\IPHLPAPI.DLL
0x00007ffe19440000 - 0x00007ffe1944a000 	C:\Windows\System32\NSI.dll
0x00007ffde2aa0000 - 0x00007ffde2ab2000 	C:\Windows\System32\winrnr.dll
0x00007ffe0e690000 - 0x00007ffe0e69b000 	C:\Windows\System32\rasadhlp.dll
0x00007ffe113d0000 - 0x00007ffe11456000 	C:\Windows\System32\fwpuclnt.dll
0x00007ffe165a0000 - 0x00007ffe165bb000 	C:\Windows\SYSTEM32\CRYPTSP.dll
0x00007ffe15bd0000 - 0x00007ffe15c0b000 	C:\Windows\system32\rsaenh.dll
0x00007ffe16270000 - 0x00007ffe1629b000 	C:\Windows\SYSTEM32\USERENV.dll
0x00007ffe16dc0000 - 0x00007ffe16de6000 	C:\Windows\SYSTEM32\bcrypt.dll
0x00007ffe16400000 - 0x00007ffe1640c000 	C:\Windows\SYSTEM32\CRYPTBASE.dll
0x00007ffe10ee0000 - 0x00007ffe10efe000 	C:\Windows\SYSTEM32\dhcpcsvc6.DLL
0x00007ffe10a70000 - 0x00007ffe10a93000 	C:\Windows\SYSTEM32\dhcpcsvc.DLL
0x00007ffdfd8d0000 - 0x00007ffdfd8de000 	C:\Program Files\Java\jdk-17\bin\sunmscapi.dll
0x00007ffe178b0000 - 0x00007ffe17a27000 	C:\Windows\System32\CRYPT32.dll
0x00007ffe166f0000 - 0x00007ffe16720000 	C:\Windows\SYSTEM32\ncrypt.dll
0x00007ffe166a0000 - 0x00007ffe166df000 	C:\Windows\SYSTEM32\NTASN1.dll
0x00007ffded7e0000 - 0x00007ffded7f0000 	C:\Program Files\Java\jdk-17\bin\verify.dll
0x00007ffd60650000 - 0x00007ffd60658000 	C:\Windows\system32\wshunix.dll

dbghelp: loaded successfully - version: 4.0.5 - missing functions: none
symbol engine: initialized successfully - sym options: 0x614 - pdb path: .;C:\Program Files\Java\jdk-17\bin;C:\Windows\SYSTEM32;C:\Windows\WinSxS\amd64_microsoft.windows.common-controls_6595b64144ccf1df_6.0.26100.5074_none_3e0d6f78e32fd63f;C:\Program Files\Java\jdk-17\bin\server

VM Arguments:
jvm_args: -XX:+ShowCodeDetailsInExceptionMessages -Dspring.jmx.enabled=true -Dmanagement.endpoints.jmx.exposure.include=* -Dspring.application.admin.enabled=true -Dspring.boot.project.name=com.manamer.sellout.infraestructure.eurekaserver-eurekaserver -Djava.rmi.server.hostname=localhost -Dcom.sun.management.jmxremote.port=45556 -Dcom.sun.management.jmxremote.authenticate=false -Dcom.sun.management.jmxremote.ssl=false 
java_command: com.manamer.sellout.infraestructure.eurekaserver.EurekaserverApplication
java_class_path (initial): C:\Users\Fernanda Jama\OneDrive - Manamer\Documentos\PROYECTOS 2025-2026\sellout1\backend\infraestructure\eureka\target\classes;C:\Users\Fernanda Jama\.m2\repository\org\springframework\cloud\spring-cloud-starter-netflix-eureka-server\4.1.1\spring-cloud-starter-netflix-eureka-server-4.1.1.jar;C:\Users\Fernanda Jama\.m2\repository\org\springframework\cloud\spring-cloud-starter\4.1.2\spring-cloud-starter-4.1.2.jar;C:\Users\Fernanda Jama\.m2\repository\org\springframework\cloud\spring-cloud-context\4.1.2\spring-cloud-context-4.1.2.jar;C:\Users\Fernanda Jama\.m2\repository\org\springframework\security\spring-security-crypto\6.3.1\spring-security-crypto-6.3.1.jar;C:\Users\Fernanda Jama\.m2\repository\org\springframework\cloud\spring-cloud-commons\4.1.2\spring-cloud-commons-4.1.2.jar;C:\Users\Fernanda Jama\.m2\repository\org\springframework\security\spring-security-rsa\1.1.2\spring-security-rsa-1.1.2.jar;C:\Users\Fernanda Jama\.m2\repository\org\bouncycastle\bcprov-jdk18on\1.77\bcprov-jdk18on-1.77.jar;C:\Users\Fernanda Jama\.m2\repository\org\springframework\cloud\spring-cloud-netflix-eureka-server\4.1.1\spring-cloud-netflix-eureka-server-4.1.1.jar;C:\Users\Fernanda Jama\.m2\repository\org\springframework\boot\spring-boot-starter-web\3.2.4\spring-boot-starter-web-3.2.4.jar;C:\Users\Fernanda Jama\.m2\repository\org\springframework\boot\spring-boot-starter-json\3.2.4\spring-boot-starter-json-3.2.4.jar;C:\Users\Fernanda Jama\.m2\repository\com\fasterxml\jackson\datatype\jackson-datatype-jdk8\2.17.2\jackson-datatype-jdk8-2.17.2.jar;C:\Users\Fernanda Jama\.m2\repository\com\fasterxml\jackson\module\jackson-module-parameter-names\2.17.2\jackson-module-parameter-names-2.17.2.jar;C:\Users\Fernanda Jama\.m2\repository\org\springframework\boot\spring-boot-starter-tomcat\3.2.4\spring-boot-starter-tomcat-3.2.4.jar;C:\Users\Fernanda Jama\.m2\repository\org\apache\tomcat\embed\tomcat-embed-core\10.1.19\tomcat-embed-core-10.1.19.jar;C:\Users\Fernanda Jama\.m
Launcher Type: SUN_STANDARD

[Global flags]
     intx CICompilerCount                          = 4                                         {product} {ergonomic}
     uint ConcGCThreads                            = 2                                         {product} {ergonomic}
     uint G1ConcRefinementThreads                  = 8                                         {product} {ergonomic}
   size_t G1HeapRegionSize                         = 8388608                                   {product} {ergonomic}
    uintx GCDrainStackTargetSize                   = 64                                        {product} {ergonomic}
   size_t InitialHeapSize                          = 671088640                                 {product} {ergonomic}
     bool ManagementServer                         = true                                      {product} {command line}
   size_t MarkStackSize                            = 4194304                                   {product} {ergonomic}
   size_t MaxHeapSize                              = 10687086592                               {product} {ergonomic}
   size_t MaxNewSize                               = 6408896512                                {product} {ergonomic}
   size_t MinHeapDeltaBytes                        = 8388608                                   {product} {ergonomic}
   size_t MinHeapSize                              = 8388608                                   {product} {ergonomic}
    uintx NonNMethodCodeHeapSize                   = 5839372                                {pd product} {ergonomic}
    uintx NonProfiledCodeHeapSize                  = 122909434                              {pd product} {ergonomic}
    uintx ProfiledCodeHeapSize                     = 122909434                              {pd product} {ergonomic}
    uintx ReservedCodeCacheSize                    = 251658240                              {pd product} {ergonomic}
     bool SegmentedCodeCache                       = true                                      {product} {ergonomic}
     bool ShowCodeDetailsInExceptionMessages       = true                                   {manageable} {command line}
   size_t SoftMaxHeapSize                          = 10687086592                            {manageable} {ergonomic}
     bool UseCompressedClassPointers               = true                           {product lp64_product} {ergonomic}
     bool UseCompressedOops                        = true                           {product lp64_product} {ergonomic}
     bool UseG1GC                                  = true                                      {product} {ergonomic}
     bool UseLargePagesIndividualAllocation        = false                                  {pd product} {ergonomic}

Logging:
Log output configuration:
 #0: stdout all=warning uptime,level,tags
 #1: stderr all=off uptime,level,tags

Environment Variables:
JAVA_HOME=C:\\Program Files\\Java\\jdk-17
CLASSPATH=C:\Program Files\SAP\SAP Business One DI API\JCO\LIB\sbowrapper.jar;C:\Program Files\SAP\SAP Business One DI API\JCO\LIB\sboapi.jar
PATH=C:\\Program Files\\Java\\jdk-17\\bin;C:\\Users\\Fernanda Jama\\.trae\\tools\\maven\\latest\\bin;C:\\Users\\Fernanda Jama\\.trae\\tools\\gradle\\latest\\bin;C:\Program Files\Java\jdk-17\bin;C:\Users\Fernanda Jama\.trae\tools\maven\latest\bin;C:\Users\Fernanda Jama\.trae\tools\gradle\latest\bin;C:\Python313\Scripts\;C:\Python313\;C:\Program Files\Microsoft MPI\Bin\;C:\Program Files\Common Files\Oracle\Java\javapath;C:\Windows\system32;C:\Windows;C:\Windows\System32\Wbem;C:\Windows\System32\WindowsPowerShell\v1.0\;C:\Windows\System32\OpenSSH\;C:\Program Files\Microsoft SQL Server\Client SDK\ODBC\170\Tools\Binn\;C:\Program Files (x86)\Microsoft SQL Server\150\Tools\Binn\;C:\Program Files\Microsoft SQL Server\150\Tools\Binn\;C:\Program Files\Microsoft SQL Server\150\DTS\Binn\;C:\Program Files (x86)\Microsoft SQL Server\160\DTS\Binn\;C:\Program Files\nodejs\;C:\ProgramData\chocolatey\bin;C:\Program Files\SAP\SAP Business One DI API\JCO\LIB\;C:\Program Files\SAP\SAP Business One DI API\DI API 90;C:\Program Files\SAP\SAP Business One\;C:\Program Files\apache-maven-3.8.8-bin\apache-maven-3.8.8\bin;C:\Program Files\Git\cmd;C:\Users\Fernanda Jama\AppData\Local\Microsoft\WindowsApps;C:\Users\Fernanda Jama\AppData\Local\GitHubDesktop\bin;C:\Users\Fernanda Jama\AppData\Local\Programs\Microsoft VS Code\bin;C:\Users\Fernanda Jama\AppData\Roaming\npm
USERNAME=Fernanda Jama
LANG=en_US.UTF-8
OS=Windows_NT
PROCESSOR_IDENTIFIER=Intel64 Family 6 Model 140 Stepping 1, GenuineIntel



---------------  S Y S T E M  ---------------

OS:
 Windows 11 , 64 bit Build 26100 (10.0.26100.5074)
OS uptime: 0 days 6:42 hours
Hyper-V role detected

CPU: total 8 (initial active 8) (4 cores per cpu, 2 threads per core) family 6 model 140 stepping 1 microcode 0xb8, cx8, cmov, fxsr, ht, mmx, 3dnowpref, sse, sse2, sse3, ssse3, sse4.1, sse4.2, popcnt, lzcnt, tsc, tscinvbit, avx, avx2, aes, erms, clmul, bmi1, bmi2, adx, avx512f, avx512dq, avx512cd, avx512bw, avx512vl, sha, fma, vzeroupper, avx512_vpopcntdq, avx512_vpclmulqdq, avx512_vaes, avx512_vnni, clflush, clflushopt, clwb, avx512_vbmi2, avx512_vbmi, hv

Memory: 4k page, system-wide physical 40743M (390M free)
TotalPageFile size 101623M (AvailPageFile size 1M)
current process WorkingSet (physical memory assigned to process): 106M, peak: 299M
current process commit charge ("private bytes"): 337M, peak: 806M

vm_info: Java HotSpot(TM) 64-Bit Server VM (17.0.15+9-LTS-241) for windows-amd64 JRE (17.0.15+9-LTS-241), built on Feb 20 2025 10:49:54 by "mach5one" with MS VC++ 17.6 (VS2022)

END.
