#
# There is insufficient memory for the Java Runtime Environment to continue.
# Native memory allocation (malloc) failed to allocate 1826256 bytes. Error detail: Chunk::new
# Possible reasons:
#   The system is out of physical RAM or swap space
#   This process is running with CompressedOops enabled, and the Java Heap may be blocking the growth of the native heap
# Possible solutions:
#   Reduce memory load on the system
#   Increase physical memory or swap space
#   Check if swap backing store is full
#   Decrease Java heap size (-Xmx/-Xms)
#   Decrease number of Java threads
#   Decrease Java thread stack sizes (-Xss)
#   Set larger code cache with -XX:ReservedCodeCacheSize=
#   JVM is running with Unscaled Compressed Oops mode in which the Java heap is
#     placed in the first 4GB address space. The Java Heap base address is the
#     maximum limit for the native heap growth. Please use -XX:HeapBaseMinAddress
#     to set the Java Heap base and to place the Java Heap above 4GB virtual address.
# This output file may be truncated or incomplete.
#
#  Out of Memory Error (arena.cpp:168), pid=8, tid=576
#
# JRE version: OpenJDK Runtime Environment Temurin-21.0.6+7 (21.0.6+7) (build 21.0.6+7-LTS)
# Java VM: OpenJDK 64-Bit Server VM Temurin-21.0.6+7 (21.0.6+7-LTS, mixed mode, sharing, tiered, compressed oops, compressed class ptrs, parallel gc, windows-amd64)
# No core dump will be written. Minidumps are not enabled by default on client versions of Windows
#

---------------  S U M M A R Y ------------

Command Line: --add-modules=ALL-SYSTEM --add-opens=java.base/java.util=ALL-UNNAMED --add-opens=java.base/java.lang=ALL-UNNAMED --add-opens=java.base/sun.nio.fs=ALL-UNNAMED -Declipse.application=org.eclipse.jdt.ls.core.id1 -Dosgi.bundles.defaultStartLevel=4 -Declipse.product=org.eclipse.jdt.ls.core.product -Djava.import.generatesMetadataFilesAtProjectRoot=false -DDetectVMInstallationsJob.disabled=true -Dfile.encoding=utf8 -XX:+UseParallelGC -XX:GCTimeRatio=4 -XX:AdaptiveSizePolicyWeight=90 -Dsun.zip.disableMemoryMapping=true -Xmx1G -Xms100m -Xlog:disable -javaagent:c:\Users\Fer\.vscode\extensions\redhat.java-1.41.2025031208-win32-x64\lombok\lombok-1.18.36.jar c:\Users\Fer\.vscode\extensions\redhat.java-1.41.2025031208-win32-x64\server\plugins\org.eclipse.equinox.launcher_1.6.1100.v20250306-0509.jar -configuration c:\Users\Fer\AppData\Roaming\Code\User\globalStorage\redhat.java\1.41.2025031208\config_ss_win -data c:\Users\Fer\AppData\Roaming\Code\User\workspaceStorage\398de21c129474aaeb59c0a7e6288a23\redhat.java\ss_ws --pipe=\\.\pipe\lsp-105fae2d260a708ae6f25af77a611898-sock

Host: Intel(R) Core(TM) i7-1065G7 CPU @ 1.30GHz, 8 cores, 7G,  Windows 11 , 64 bit Build 26100 (10.0.26100.3037)
Time: Wed Mar 12 14:24:56 2025 Hora est. Pacífico, Sudamérica elapsed time: 10.658613 seconds (0d 0h 0m 10s)

---------------  T H R E A D  ---------------

Current thread (0x000001477b03ca60):  JavaThread "C2 CompilerThread0" daemon [_thread_in_native, id=576, stack(0x000000407fa00000,0x000000407fb00000) (1024K)]


Current CompileTask:
C2:10658 2740       4       org.lombokweb.asm.ClassReader::readMethod (1070 bytes)

Stack: [0x000000407fa00000,0x000000407fb00000]
Native frames: (J=compiled Java code, j=interpreted, Vv=VM code, C=native code)
V  [jvm.dll+0x6cdee9]
V  [jvm.dll+0x8a83d1]
V  [jvm.dll+0x8aa8fe]
V  [jvm.dll+0x8aafe3]
V  [jvm.dll+0x27f706]
V  [jvm.dll+0xc500d]
V  [jvm.dll+0xc5543]
V  [jvm.dll+0x3b6752]
V  [jvm.dll+0x1dfe13]
V  [jvm.dll+0x247b42]
V  [jvm.dll+0x246fcf]
V  [jvm.dll+0x1c75ee]
V  [jvm.dll+0x25685a]
V  [jvm.dll+0x254dfa]
V  [jvm.dll+0x3f0256]
V  [jvm.dll+0x851f8b]
V  [jvm.dll+0x6cc5ed]
C  [ucrtbase.dll+0x37b0]
C  [KERNEL32.DLL+0x2e8d7]
C  [ntdll.dll+0xbbf2c]


---------------  P R O C E S S  ---------------

Threads class SMR info:
_java_thread_list=0x000001477eb40bb0, length=20, elements={
0x0000014766c6a9e0, 0x0000014766d284e0, 0x0000014766d2d4d0, 0x000001477b029c90,
0x000001477b02cba0, 0x000001477b02f2a0, 0x000001477b036910, 0x000001477b03ca60,
0x000001477b03e110, 0x000001477caf54a0, 0x000001477caf5b30, 0x000001477caf7570,
0x000001477caf6850, 0x000001477caf61c0, 0x000001477caf7c00, 0x000001477caf6ee0,
0x000001477caf4780, 0x000001477caf4e10, 0x000001477d814ed0, 0x000001477d815560
}

Java Threads: ( => current thread )
  0x0000014766c6a9e0 JavaThread "main"                              [_thread_blocked, id=7736, stack(0x000000407f000000,0x000000407f100000) (1024K)]
  0x0000014766d284e0 JavaThread "Reference Handler"          daemon [_thread_blocked, id=12132, stack(0x000000407f400000,0x000000407f500000) (1024K)]
  0x0000014766d2d4d0 JavaThread "Finalizer"                  daemon [_thread_blocked, id=584, stack(0x000000407f500000,0x000000407f600000) (1024K)]
  0x000001477b029c90 JavaThread "Signal Dispatcher"          daemon [_thread_blocked, id=808, stack(0x000000407f600000,0x000000407f700000) (1024K)]
  0x000001477b02cba0 JavaThread "Attach Listener"            daemon [_thread_blocked, id=18584, stack(0x000000407f700000,0x000000407f800000) (1024K)]
  0x000001477b02f2a0 JavaThread "Service Thread"             daemon [_thread_blocked, id=7224, stack(0x000000407f800000,0x000000407f900000) (1024K)]
  0x000001477b036910 JavaThread "Monitor Deflation Thread"   daemon [_thread_blocked, id=10156, stack(0x000000407f900000,0x000000407fa00000) (1024K)]
=>0x000001477b03ca60 JavaThread "C2 CompilerThread0"         daemon [_thread_in_native, id=576, stack(0x000000407fa00000,0x000000407fb00000) (1024K)]
  0x000001477b03e110 JavaThread "C1 CompilerThread0"         daemon [_thread_blocked, id=676, stack(0x000000407fb00000,0x000000407fc00000) (1024K)]
  0x000001477caf54a0 JavaThread "Common-Cleaner"             daemon [_thread_blocked, id=18460, stack(0x000000407fc00000,0x000000407fd00000) (1024K)]
  0x000001477caf5b30 JavaThread "Notification Thread"        daemon [_thread_blocked, id=17196, stack(0x000000407fe00000,0x000000407ff00000) (1024K)]
  0x000001477caf7570 JavaThread "Active Thread: Equinox Container: ec42e2ca-eff3-432e-a291-6389e902cf47"        [_thread_blocked, id=5800, stack(0x0000004000600000,0x0000004000700000) (1024K)]
  0x000001477caf6850 JavaThread "Framework Event Dispatcher: Equinox Container: ec42e2ca-eff3-432e-a291-6389e902cf47" daemon [_thread_blocked, id=14904, stack(0x0000004000700000,0x0000004000800000) (1024K)]
  0x000001477caf61c0 JavaThread "Start Level: Equinox Container: ec42e2ca-eff3-432e-a291-6389e902cf47" daemon [_thread_in_native, id=19416, stack(0x0000004000800000,0x0000004000900000) (1024K)]
  0x000001477caf7c00 JavaThread "SCR Component Actor"        daemon [_thread_blocked, id=11044, stack(0x0000004000900000,0x0000004000a00000) (1024K)]
  0x000001477caf6ee0 JavaThread "SCR Component Registry"     daemon [_thread_blocked, id=9176, stack(0x0000004000b00000,0x0000004000c00000) (1024K)]
  0x000001477caf4780 JavaThread "Worker-JM"                         [_thread_blocked, id=11608, stack(0x0000004000c00000,0x0000004000d00000) (1024K)]
  0x000001477caf4e10 JavaThread "JNA Cleaner"                daemon [_thread_blocked, id=12156, stack(0x0000004000500000,0x0000004000600000) (1024K)]
  0x000001477d814ed0 JavaThread "Worker-0"                          [_thread_blocked, id=12140, stack(0x0000004000d00000,0x0000004000e00000) (1024K)]
  0x000001477d815560 JavaThread "Worker-1"                          [_thread_blocked, id=17992, stack(0x0000004000e00000,0x0000004000f00000) (1024K)]
Total: 20

Other Threads:
  0x0000014766d0ec20 VMThread "VM Thread"                           [id=11656, stack(0x000000407f300000,0x000000407f400000) (1024K)]
  0x0000014766cd7d20 WatcherThread "VM Periodic Task Thread"        [id=7976, stack(0x000000407f200000,0x000000407f300000) (1024K)]
  0x0000014766c89a30 WorkerThread "GC Thread#0"                     [id=18920, stack(0x000000407f100000,0x000000407f200000) (1024K)]
  0x000001477cfa3cf0 WorkerThread "GC Thread#1"                     [id=15216, stack(0x000000407ff00000,0x0000004080000000) (1024K)]
  0x000001477d35cf40 WorkerThread "GC Thread#2"                     [id=16520, stack(0x0000004000000000,0x0000004000100000) (1024K)]
  0x000001477d35d2e0 WorkerThread "GC Thread#3"                     [id=8648, stack(0x0000004000100000,0x0000004000200000) (1024K)]
  0x000001477d35d680 WorkerThread "GC Thread#4"                     [id=17252, stack(0x0000004000200000,0x0000004000300000) (1024K)]
  0x000001477cd7a530 WorkerThread "GC Thread#5"                     [id=9324, stack(0x0000004000300000,0x0000004000400000) (1024K)]
  0x000001477cd7a8d0 WorkerThread "GC Thread#6"                     [id=8972, stack(0x0000004000400000,0x0000004000500000) (1024K)]
  0x000001477d60f8f0 WorkerThread "GC Thread#7"                     [id=17932, stack(0x0000004000a00000,0x0000004000b00000) (1024K)]
Total: 10

Threads with active compile tasks:
C2 CompilerThread0  10987 2740       4       org.lombokweb.asm.ClassReader::readMethod (1070 bytes)
Total: 1

VM state: not at safepoint (normal execution)

VM Mutex/Monitor currently owned by a thread: None

Heap address: 0x00000000c0000000, size: 1024 MB, Compressed Oops mode: 32-bit

CDS archive(s) mapped at: [0x0000014700000000-0x0000014700ba0000-0x0000014700ba0000), size 12189696, SharedBaseAddress: 0x0000014700000000, ArchiveRelocationMode: 1.
Compressed class space mapped at: 0x0000014701000000-0x0000014741000000, reserved size: 1073741824
Narrow klass base: 0x0000014700000000, Narrow klass shift: 0, Narrow klass range: 0x100000000

GC Precious Log:
 CardTable entry size: 512
 CPUs: 8 total, 8 available
 Memory: 7959M
 Large Page Support: Disabled
 NUMA Support: Disabled
 Compressed Oops: Enabled (32-bit)
 Alignments: Space 512K, Generation 512K, Heap 2M
 Heap Min Capacity: 100M
 Heap Initial Capacity: 100M
 Heap Max Capacity: 1G
 Pre-touch: Disabled
 Parallel Workers: 8

Heap:
 PSYoungGen      total 7680K, used 5262K [0x00000000eab00000, 0x00000000eb980000, 0x0000000100000000)
  eden space 6144K, 70% used [0x00000000eab00000,0x00000000eaf392b8,0x00000000eb100000)
  from space 1536K, 61% used [0x00000000eb680000,0x00000000eb76a8e0,0x00000000eb800000)
  to   space 1024K, 0% used [0x00000000eb880000,0x00000000eb880000,0x00000000eb980000)
 ParOldGen       total 398848K, used 394476K [0x00000000c0000000, 0x00000000d8580000, 0x00000000eab00000)
  object space 398848K, 98% used [0x00000000c0000000,0x00000000d813b078,0x00000000d8580000)
 Metaspace       used 24551K, committed 25280K, reserved 1114112K
  class space    used 2300K, committed 2624K, reserved 1048576K

Card table byte_map: [0x0000014766610000,0x0000014766820000] _byte_map_base: 0x0000014766010000

Marking Bits: (ParMarkBitMap*) 0x00007ffee11d3260
 Begin Bits: [0x0000014778e60000, 0x0000014779e60000)
 End Bits:   [0x0000014779e60000, 0x000001477ae60000)

Polling page: 0x00000147649f0000

Metaspace:

Usage:
  Non-class:     21.73 MB used.
      Class:      2.25 MB used.
       Both:     23.98 MB used.

Virtual space:
  Non-class space:       64.00 MB reserved,      22.12 MB ( 35%) committed,  1 nodes.
      Class space:        1.00 GB reserved,       2.56 MB ( <1%) committed,  1 nodes.
             Both:        1.06 GB reserved,      24.69 MB (  2%) committed. 

Chunk freelists:
   Non-Class:  9.84 MB
       Class:  13.38 MB
        Both:  23.22 MB

MaxMetaspaceSize: unlimited
CompressedClassSpaceSize: 1.00 GB
Initial GC threshold: 21.00 MB
Current GC threshold: 35.00 MB
CDS: on
 - commit_granule_bytes: 65536.
 - commit_granule_words: 8192.
 - virtual_space_node_default_size: 8388608.
 - enlarge_chunks_in_place: 1.
 - use_allocation_guard: 0.


Internal statistics:

num_allocs_failed_limit: 3.
num_arena_births: 516.
num_arena_deaths: 14.
num_vsnodes_births: 2.
num_vsnodes_deaths: 0.
num_space_committed: 395.
num_space_uncommitted: 0.
num_chunks_returned_to_freelist: 17.
num_chunks_taken_from_freelist: 1436.
num_chunk_merges: 9.
num_chunk_splits: 949.
num_chunks_enlarged: 606.
num_inconsistent_stats: 0.

CodeHeap 'non-profiled nmethods': size=120000Kb used=1567Kb max_used=1567Kb free=118432Kb
 bounds [0x0000014771930000, 0x0000014771ba0000, 0x0000014778e60000]
CodeHeap 'profiled nmethods': size=120000Kb used=6239Kb max_used=6239Kb free=113760Kb
 bounds [0x0000014769e60000, 0x000001476a480000, 0x0000014771390000]
CodeHeap 'non-nmethods': size=5760Kb used=1338Kb max_used=1394Kb free=4421Kb
 bounds [0x0000014771390000, 0x0000014771600000, 0x0000014771930000]
 total_blobs=3744 nmethods=3129 adapters=521
 compilation: enabled
              stopped_count=0, restarted_count=0
 full_count=0

Compilation events (20 events):
Event: 9.589 Thread 0x000001477b03e110 nmethod 3065 0x000001476a45e690 code [0x000001476a45e840, 0x000001476a45e9e0]
Event: 9.589 Thread 0x000001477b03e110 3066       3       java.util.TreeMap::clear (21 bytes)
Event: 9.589 Thread 0x000001477b03e110 nmethod 3066 0x000001476a45ea90 code [0x000001476a45ec20, 0x000001476a45ed58]
Event: 9.595 Thread 0x000001477b03e110 3067       3       sun.net.util.URLUtil::urlNoFragString (143 bytes)
Event: 9.597 Thread 0x000001477b03e110 nmethod 3067 0x000001476a45ee10 code [0x000001476a45f140, 0x000001476a4600a0]
Event: 9.597 Thread 0x000001477b03e110 3068       3       java.net.URL::getDefaultPort (8 bytes)
Event: 9.597 Thread 0x000001477b03e110 nmethod 3068 0x000001476a460690 code [0x000001476a460840, 0x000001476a460a18]
Event: 9.597 Thread 0x000001477b03e110 3069       3       java.nio.HeapByteBuffer::byteOffset (7 bytes)
Event: 9.597 Thread 0x000001477b03e110 nmethod 3069 0x000001476a460b10 code [0x000001476a460ca0, 0x000001476a460db0]
Event: 9.597 Thread 0x000001477b03e110 3070       3       java.nio.Buffer::nextGetIndex (32 bytes)
Event: 9.599 Thread 0x000001477b03e110 nmethod 3070 0x000001476a460e10 code [0x000001476a460fc0, 0x000001476a461190]
Event: 9.600 Thread 0x000001477b03e110 3071       3       java.lang.invoke.DirectMethodHandle$Constructor::viewAsType (49 bytes)
Event: 9.600 Thread 0x000001477b03e110 nmethod 3071 0x000001476a461290 code [0x000001476a461440, 0x000001476a461618]
Event: 9.614 Thread 0x000001477b03e110 3073       1       java.nio.Buffer::capacity (5 bytes)
Event: 9.615 Thread 0x000001477b03e110 nmethod 3073 0x0000014771a9fb10 code [0x0000014771a9fca0, 0x0000014771a9fd68]
Event: 9.615 Thread 0x000001477b03e110 3074       3       java.lang.Integer::compare (20 bytes)
Event: 9.615 Thread 0x000001477b03e110 nmethod 3074 0x000001476a461710 code [0x000001476a4618c0, 0x000001476a461a90]
Event: 9.615 Thread 0x000001477b03e110 3076       3       java.nio.ByteOrder::nativeOrder (4 bytes)
Event: 9.615 Thread 0x000001477b03e110 nmethod 3076 0x000001476a461b10 code [0x000001476a461ca0, 0x000001476a461d98]
Event: 10.218 Thread 0x000001477b03e110 3077       3       java.util.concurrent.locks.AbstractQueuedSynchronizer::casTail (13 bytes)

GC Heap History (20 events):
Event: 6.714 GC heap before
{Heap before GC invocations=87 (full 0):
 PSYoungGen      total 6656K, used 6655K [0x00000000eab00000, 0x00000000eba00000, 0x0000000100000000)
  eden space 6144K, 100% used [0x00000000eab00000,0x00000000eb100000,0x00000000eb100000)
  from space 512K, 99% used [0x00000000eb980000,0x00000000eb9fff30,0x00000000eba00000)
  to   space 2048K, 0% used [0x00000000eb600000,0x00000000eb600000,0x00000000eb800000)
 ParOldGen       total 397824K, used 397528K [0x00000000c0000000, 0x00000000d8480000, 0x00000000eab00000)
  object space 397824K, 99% used [0x00000000c0000000,0x00000000d84363f0,0x00000000d8480000)
 Metaspace       used 17799K, committed 18432K, reserved 1114112K
  class space    used 1735K, committed 1984K, reserved 1048576K
}
Event: 6.716 GC heap after
{Heap after GC invocations=87 (full 0):
 PSYoungGen      total 8192K, used 586K [0x00000000eab00000, 0x00000000eba00000, 0x0000000100000000)
  eden space 6144K, 0% used [0x00000000eab00000,0x00000000eab00000,0x00000000eb100000)
  from space 2048K, 28% used [0x00000000eb600000,0x00000000eb6928f8,0x00000000eb800000)
  to   space 1024K, 0% used [0x00000000eb900000,0x00000000eb900000,0x00000000eba00000)
 ParOldGen       total 397824K, used 397786K [0x00000000c0000000, 0x00000000d8480000, 0x00000000eab00000)
  object space 397824K, 99% used [0x00000000c0000000,0x00000000d8476a80,0x00000000d8480000)
 Metaspace       used 17799K, committed 18432K, reserved 1114112K
  class space    used 1735K, committed 1984K, reserved 1048576K
}
Event: 6.844 GC heap before
{Heap before GC invocations=88 (full 0):
 PSYoungGen      total 8192K, used 6730K [0x00000000eab00000, 0x00000000eba00000, 0x0000000100000000)
  eden space 6144K, 100% used [0x00000000eab00000,0x00000000eb100000,0x00000000eb100000)
  from space 2048K, 28% used [0x00000000eb600000,0x00000000eb6928f8,0x00000000eb800000)
  to   space 1024K, 0% used [0x00000000eb900000,0x00000000eb900000,0x00000000eba00000)
 ParOldGen       total 397824K, used 397786K [0x00000000c0000000, 0x00000000d8480000, 0x00000000eab00000)
  object space 397824K, 99% used [0x00000000c0000000,0x00000000d8476a80,0x00000000d8480000)
 Metaspace       used 19021K, committed 19712K, reserved 1114112K
  class space    used 1816K, committed 2112K, reserved 1048576K
}
Event: 6.846 GC heap after
{Heap after GC invocations=88 (full 0):
 PSYoungGen      total 6656K, used 256K [0x00000000eab00000, 0x00000000eb980000, 0x0000000100000000)
  eden space 6144K, 0% used [0x00000000eab00000,0x00000000eab00000,0x00000000eb100000)
  from space 512K, 50% used [0x00000000eb900000,0x00000000eb940000,0x00000000eb980000)
  to   space 512K, 0% used [0x00000000eb880000,0x00000000eb880000,0x00000000eb900000)
 ParOldGen       total 398336K, used 398204K [0x00000000c0000000, 0x00000000d8500000, 0x00000000eab00000)
  object space 398336K, 99% used [0x00000000c0000000,0x00000000d84df378,0x00000000d8500000)
 Metaspace       used 19021K, committed 19712K, reserved 1114112K
  class space    used 1816K, committed 2112K, reserved 1048576K
}
Event: 6.951 GC heap before
{Heap before GC invocations=89 (full 0):
 PSYoungGen      total 6656K, used 6400K [0x00000000eab00000, 0x00000000eb980000, 0x0000000100000000)
  eden space 6144K, 100% used [0x00000000eab00000,0x00000000eb100000,0x00000000eb100000)
  from space 512K, 50% used [0x00000000eb900000,0x00000000eb940000,0x00000000eb980000)
  to   space 512K, 0% used [0x00000000eb880000,0x00000000eb880000,0x00000000eb900000)
 ParOldGen       total 398336K, used 398204K [0x00000000c0000000, 0x00000000d8500000, 0x00000000eab00000)
  object space 398336K, 99% used [0x00000000c0000000,0x00000000d84df378,0x00000000d8500000)
 Metaspace       used 20240K, committed 20928K, reserved 1114112K
  class space    used 1934K, committed 2240K, reserved 1048576K
}
Event: 6.953 GC heap after
{Heap after GC invocations=89 (full 0):
 PSYoungGen      total 6656K, used 256K [0x00000000eab00000, 0x00000000eb980000, 0x0000000100000000)
  eden space 6144K, 0% used [0x00000000eab00000,0x00000000eab00000,0x00000000eb100000)
  from space 512K, 50% used [0x00000000eb880000,0x00000000eb8c0000,0x00000000eb900000)
  to   space 512K, 0% used [0x00000000eb900000,0x00000000eb900000,0x00000000eb980000)
 ParOldGen       total 398336K, used 398273K [0x00000000c0000000, 0x00000000d8500000, 0x00000000eab00000)
  object space 398336K, 99% used [0x00000000c0000000,0x00000000d84f0430,0x00000000d8500000)
 Metaspace       used 20240K, committed 20928K, reserved 1114112K
  class space    used 1934K, committed 2240K, reserved 1048576K
}
Event: 7.016 GC heap before
{Heap before GC invocations=90 (full 0):
 PSYoungGen      total 6656K, used 6121K [0x00000000eab00000, 0x00000000eb980000, 0x0000000100000000)
  eden space 6144K, 95% used [0x00000000eab00000,0x00000000eb0ba548,0x00000000eb100000)
  from space 512K, 50% used [0x00000000eb880000,0x00000000eb8c0000,0x00000000eb900000)
  to   space 512K, 0% used [0x00000000eb900000,0x00000000eb900000,0x00000000eb980000)
 ParOldGen       total 398336K, used 398273K [0x00000000c0000000, 0x00000000d8500000, 0x00000000eab00000)
  object space 398336K, 99% used [0x00000000c0000000,0x00000000d84f0430,0x00000000d8500000)
 Metaspace       used 20899K, committed 21504K, reserved 1114112K
  class space    used 1982K, committed 2240K, reserved 1048576K
}
Event: 7.018 GC heap after
{Heap after GC invocations=90 (full 0):
 PSYoungGen      total 6656K, used 312K [0x00000000eab00000, 0x00000000eb980000, 0x0000000100000000)
  eden space 6144K, 0% used [0x00000000eab00000,0x00000000eab00000,0x00000000eb100000)
  from space 512K, 61% used [0x00000000eb900000,0x00000000eb94e288,0x00000000eb980000)
  to   space 512K, 0% used [0x00000000eb880000,0x00000000eb880000,0x00000000eb900000)
 ParOldGen       total 398848K, used 398415K [0x00000000c0000000, 0x00000000d8580000, 0x00000000eab00000)
  object space 398848K, 99% used [0x00000000c0000000,0x00000000d8513ce8,0x00000000d8580000)
 Metaspace       used 20899K, committed 21504K, reserved 1114112K
  class space    used 1982K, committed 2240K, reserved 1048576K
}
Event: 7.018 GC heap before
{Heap before GC invocations=91 (full 1):
 PSYoungGen      total 6656K, used 312K [0x00000000eab00000, 0x00000000eb980000, 0x0000000100000000)
  eden space 6144K, 0% used [0x00000000eab00000,0x00000000eab00000,0x00000000eb100000)
  from space 512K, 61% used [0x00000000eb900000,0x00000000eb94e288,0x00000000eb980000)
  to   space 512K, 0% used [0x00000000eb880000,0x00000000eb880000,0x00000000eb900000)
 ParOldGen       total 398848K, used 398415K [0x00000000c0000000, 0x00000000d8580000, 0x00000000eab00000)
  object space 398848K, 99% used [0x00000000c0000000,0x00000000d8513ce8,0x00000000d8580000)
 Metaspace       used 20899K, committed 21504K, reserved 1114112K
  class space    used 1982K, committed 2240K, reserved 1048576K
}
Event: 7.582 GC heap after
{Heap after GC invocations=91 (full 1):
 PSYoungGen      total 6656K, used 0K [0x00000000eab00000, 0x00000000eb980000, 0x0000000100000000)
  eden space 6144K, 0% used [0x00000000eab00000,0x00000000eab00000,0x00000000eb100000)
  from space 512K, 0% used [0x00000000eb900000,0x00000000eb900000,0x00000000eb980000)
  to   space 512K, 0% used [0x00000000eb880000,0x00000000eb880000,0x00000000eb900000)
 ParOldGen       total 398848K, used 391499K [0x00000000c0000000, 0x00000000d8580000, 0x00000000eab00000)
  object space 398848K, 98% used [0x00000000c0000000,0x00000000d7e52f10,0x00000000d8580000)
 Metaspace       used 20886K, committed 21504K, reserved 1114112K
  class space    used 1979K, committed 2240K, reserved 1048576K
}
Event: 7.642 GC heap before
{Heap before GC invocations=92 (full 1):
 PSYoungGen      total 6656K, used 6144K [0x00000000eab00000, 0x00000000eb980000, 0x0000000100000000)
  eden space 6144K, 100% used [0x00000000eab00000,0x00000000eb100000,0x00000000eb100000)
  from space 512K, 0% used [0x00000000eb900000,0x00000000eb900000,0x00000000eb980000)
  to   space 512K, 0% used [0x00000000eb880000,0x00000000eb880000,0x00000000eb900000)
 ParOldGen       total 398848K, used 391499K [0x00000000c0000000, 0x00000000d8580000, 0x00000000eab00000)
  object space 398848K, 98% used [0x00000000c0000000,0x00000000d7e52f10,0x00000000d8580000)
 Metaspace       used 21311K, committed 21888K, reserved 1114112K
  class space    used 1995K, committed 2240K, reserved 1048576K
}
Event: 7.646 GC heap after
{Heap after GC invocations=92 (full 1):
 PSYoungGen      total 6656K, used 366K [0x00000000eab00000, 0x00000000eb980000, 0x0000000100000000)
  eden space 6144K, 0% used [0x00000000eab00000,0x00000000eab00000,0x00000000eb100000)
  from space 512K, 71% used [0x00000000eb880000,0x00000000eb8db890,0x00000000eb900000)
  to   space 512K, 0% used [0x00000000eb900000,0x00000000eb900000,0x00000000eb980000)
 ParOldGen       total 398848K, used 393070K [0x00000000c0000000, 0x00000000d8580000, 0x00000000eab00000)
  object space 398848K, 98% used [0x00000000c0000000,0x00000000d7fdb930,0x00000000d8580000)
 Metaspace       used 21311K, committed 21888K, reserved 1114112K
  class space    used 1995K, committed 2240K, reserved 1048576K
}
Event: 7.650 GC heap before
{Heap before GC invocations=93 (full 1):
 PSYoungGen      total 6656K, used 6506K [0x00000000eab00000, 0x00000000eb980000, 0x0000000100000000)
  eden space 6144K, 99% used [0x00000000eab00000,0x00000000eb0ff108,0x00000000eb100000)
  from space 512K, 71% used [0x00000000eb880000,0x00000000eb8db890,0x00000000eb900000)
  to   space 512K, 0% used [0x00000000eb900000,0x00000000eb900000,0x00000000eb980000)
 ParOldGen       total 398848K, used 393070K [0x00000000c0000000, 0x00000000d8580000, 0x00000000eab00000)
  object space 398848K, 98% used [0x00000000c0000000,0x00000000d7fdb930,0x00000000d8580000)
 Metaspace       used 21323K, committed 21952K, reserved 1114112K
  class space    used 1995K, committed 2240K, reserved 1048576K
}
Event: 7.653 GC heap after
{Heap after GC invocations=93 (full 1):
 PSYoungGen      total 6656K, used 128K [0x00000000eab00000, 0x00000000eb980000, 0x0000000100000000)
  eden space 6144K, 0% used [0x00000000eab00000,0x00000000eab00000,0x00000000eb100000)
  from space 512K, 25% used [0x00000000eb900000,0x00000000eb920000,0x00000000eb980000)
  to   space 512K, 0% used [0x00000000eb880000,0x00000000eb880000,0x00000000eb900000)
 ParOldGen       total 398848K, used 393332K [0x00000000c0000000, 0x00000000d8580000, 0x00000000eab00000)
  object space 398848K, 98% used [0x00000000c0000000,0x00000000d801d130,0x00000000d8580000)
 Metaspace       used 21323K, committed 21952K, reserved 1114112K
  class space    used 1995K, committed 2240K, reserved 1048576K
}
Event: 7.796 GC heap before
{Heap before GC invocations=94 (full 1):
 PSYoungGen      total 6656K, used 6272K [0x00000000eab00000, 0x00000000eb980000, 0x0000000100000000)
  eden space 6144K, 100% used [0x00000000eab00000,0x00000000eb100000,0x00000000eb100000)
  from space 512K, 25% used [0x00000000eb900000,0x00000000eb920000,0x00000000eb980000)
  to   space 512K, 0% used [0x00000000eb880000,0x00000000eb880000,0x00000000eb900000)
 ParOldGen       total 398848K, used 393332K [0x00000000c0000000, 0x00000000d8580000, 0x00000000eab00000)
  object space 398848K, 98% used [0x00000000c0000000,0x00000000d801d130,0x00000000d8580000)
 Metaspace       used 21796K, committed 22464K, reserved 1114112K
  class space    used 2028K, committed 2304K, reserved 1048576K
}
Event: 7.802 GC heap after
{Heap after GC invocations=94 (full 1):
 PSYoungGen      total 6656K, used 374K [0x00000000eab00000, 0x00000000eb980000, 0x0000000100000000)
  eden space 6144K, 0% used [0x00000000eab00000,0x00000000eab00000,0x00000000eb100000)
  from space 512K, 73% used [0x00000000eb880000,0x00000000eb8dd9e0,0x00000000eb900000)
  to   space 512K, 0% used [0x00000000eb900000,0x00000000eb900000,0x00000000eb980000)
 ParOldGen       total 398848K, used 393372K [0x00000000c0000000, 0x00000000d8580000, 0x00000000eab00000)
  object space 398848K, 98% used [0x00000000c0000000,0x00000000d8027140,0x00000000d8580000)
 Metaspace       used 21796K, committed 22464K, reserved 1114112K
  class space    used 2028K, committed 2304K, reserved 1048576K
}
Event: 7.987 GC heap before
{Heap before GC invocations=95 (full 1):
 PSYoungGen      total 6656K, used 6518K [0x00000000eab00000, 0x00000000eb980000, 0x0000000100000000)
  eden space 6144K, 100% used [0x00000000eab00000,0x00000000eb100000,0x00000000eb100000)
  from space 512K, 73% used [0x00000000eb880000,0x00000000eb8dd9e0,0x00000000eb900000)
  to   space 512K, 0% used [0x00000000eb900000,0x00000000eb900000,0x00000000eb980000)
 ParOldGen       total 398848K, used 393372K [0x00000000c0000000, 0x00000000d8580000, 0x00000000eab00000)
  object space 398848K, 98% used [0x00000000c0000000,0x00000000d8027140,0x00000000d8580000)
 Metaspace       used 22737K, committed 23488K, reserved 1114112K
  class space    used 2115K, committed 2432K, reserved 1048576K
}
Event: 7.993 GC heap after
{Heap after GC invocations=95 (full 1):
 PSYoungGen      total 6656K, used 510K [0x00000000eab00000, 0x00000000eb980000, 0x0000000100000000)
  eden space 6144K, 0% used [0x00000000eab00000,0x00000000eab00000,0x00000000eb100000)
  from space 512K, 99% used [0x00000000eb900000,0x00000000eb97f920,0x00000000eb980000)
  to   space 1536K, 0% used [0x00000000eb680000,0x00000000eb680000,0x00000000eb800000)
 ParOldGen       total 398848K, used 393944K [0x00000000c0000000, 0x00000000d8580000, 0x00000000eab00000)
  object space 398848K, 98% used [0x00000000c0000000,0x00000000d80b6058,0x00000000d8580000)
 Metaspace       used 22737K, committed 23488K, reserved 1114112K
  class space    used 2115K, committed 2432K, reserved 1048576K
}
Event: 9.490 GC heap before
{Heap before GC invocations=96 (full 1):
 PSYoungGen      total 6656K, used 6654K [0x00000000eab00000, 0x00000000eb980000, 0x0000000100000000)
  eden space 6144K, 100% used [0x00000000eab00000,0x00000000eb100000,0x00000000eb100000)
  from space 512K, 99% used [0x00000000eb900000,0x00000000eb97f920,0x00000000eb980000)
  to   space 1536K, 0% used [0x00000000eb680000,0x00000000eb680000,0x00000000eb800000)
 ParOldGen       total 398848K, used 393944K [0x00000000c0000000, 0x00000000d8580000, 0x00000000eab00000)
  object space 398848K, 98% used [0x00000000c0000000,0x00000000d80b6058,0x00000000d8580000)
 Metaspace       used 23726K, committed 24512K, reserved 1114112K
  class space    used 2204K, committed 2560K, reserved 1048576K
}
Event: 9.494 GC heap after
{Heap after GC invocations=96 (full 1):
 PSYoungGen      total 7680K, used 938K [0x00000000eab00000, 0x00000000eb980000, 0x0000000100000000)
  eden space 6144K, 0% used [0x00000000eab00000,0x00000000eab00000,0x00000000eb100000)
  from space 1536K, 61% used [0x00000000eb680000,0x00000000eb76a8e0,0x00000000eb800000)
  to   space 1024K, 0% used [0x00000000eb880000,0x00000000eb880000,0x00000000eb980000)
 ParOldGen       total 398848K, used 394476K [0x00000000c0000000, 0x00000000d8580000, 0x00000000eab00000)
  object space 398848K, 98% used [0x00000000c0000000,0x00000000d813b078,0x00000000d8580000)
 Metaspace       used 23726K, committed 24512K, reserved 1114112K
  class space    used 2204K, committed 2560K, reserved 1048576K
}

Dll operation events (10 events):
Event: 0.026 Loaded shared library c:\Users\Fer\.vscode\extensions\redhat.java-1.41.2025031208-win32-x64\jre\21.0.6-win32-x86_64\bin\java.dll
Event: 0.162 Loaded shared library c:\Users\Fer\.vscode\extensions\redhat.java-1.41.2025031208-win32-x64\jre\21.0.6-win32-x86_64\bin\zip.dll
Event: 0.308 Loaded shared library C:\Users\Fer\.vscode\extensions\redhat.java-1.41.2025031208-win32-x64\jre\21.0.6-win32-x86_64\bin\instrument.dll
Event: 0.314 Loaded shared library C:\Users\Fer\.vscode\extensions\redhat.java-1.41.2025031208-win32-x64\jre\21.0.6-win32-x86_64\bin\net.dll
Event: 0.317 Loaded shared library C:\Users\Fer\.vscode\extensions\redhat.java-1.41.2025031208-win32-x64\jre\21.0.6-win32-x86_64\bin\nio.dll
Event: 0.321 Loaded shared library C:\Users\Fer\.vscode\extensions\redhat.java-1.41.2025031208-win32-x64\jre\21.0.6-win32-x86_64\bin\zip.dll
Event: 0.359 Loaded shared library C:\Users\Fer\.vscode\extensions\redhat.java-1.41.2025031208-win32-x64\jre\21.0.6-win32-x86_64\bin\jimage.dll
Event: 0.514 Loaded shared library c:\Users\Fer\.vscode\extensions\redhat.java-1.41.2025031208-win32-x64\jre\21.0.6-win32-x86_64\bin\verify.dll
Event: 2.327 Loaded shared library C:\Users\Fer\AppData\Roaming\Code\User\globalStorage\redhat.java\1.41.2025031208\config_ss_win\org.eclipse.equinox.launcher\org.eclipse.equinox.launcher.win32.win32.x86_64_1.2.1200.v20250212-0927\eclipse_11909.dll
Event: 6.263 Loaded shared library C:\Users\Fer\AppData\Local\Temp\jna-70515\jna8136029712378246641.dll

Deoptimization events (20 events):
Event: 8.300 Thread 0x000001477caf61c0 DEOPT PACKING pc=0x000001476a3f30c9 sp=0x00000040008f8ad0
Event: 8.300 Thread 0x000001477caf61c0 DEOPT UNPACKING pc=0x00000147713e78e2 sp=0x00000040008f7f40 mode 0
Event: 8.300 Thread 0x000001477caf61c0 DEOPT PACKING pc=0x000001476a3f30c9 sp=0x00000040008f8ad0
Event: 8.300 Thread 0x000001477caf61c0 DEOPT UNPACKING pc=0x00000147713e78e2 sp=0x00000040008f7f40 mode 0
Event: 8.300 Thread 0x000001477caf61c0 DEOPT PACKING pc=0x000001476a3f30c9 sp=0x00000040008f8ad0
Event: 8.300 Thread 0x000001477caf61c0 DEOPT UNPACKING pc=0x00000147713e78e2 sp=0x00000040008f7f40 mode 0
Event: 8.301 Thread 0x000001477caf61c0 DEOPT PACKING pc=0x000001476a3f30c9 sp=0x00000040008f8b50
Event: 8.301 Thread 0x000001477caf61c0 DEOPT UNPACKING pc=0x00000147713e78e2 sp=0x00000040008f7fc0 mode 0
Event: 8.301 Thread 0x000001477caf61c0 DEOPT PACKING pc=0x000001476a3f30c9 sp=0x00000040008f8b50
Event: 8.301 Thread 0x000001477caf61c0 DEOPT UNPACKING pc=0x00000147713e78e2 sp=0x00000040008f7fc0 mode 0
Event: 8.301 Thread 0x000001477caf61c0 DEOPT PACKING pc=0x000001476a3f30c9 sp=0x00000040008f8b50
Event: 8.301 Thread 0x000001477caf61c0 DEOPT UNPACKING pc=0x00000147713e78e2 sp=0x00000040008f7fc0 mode 0
Event: 8.301 Thread 0x000001477caf61c0 DEOPT PACKING pc=0x000001476a3f30c9 sp=0x00000040008f8b50
Event: 8.301 Thread 0x000001477caf61c0 DEOPT UNPACKING pc=0x00000147713e78e2 sp=0x00000040008f7fc0 mode 0
Event: 8.301 Thread 0x000001477caf61c0 DEOPT PACKING pc=0x000001476a3f30c9 sp=0x00000040008f8b50
Event: 8.302 Thread 0x000001477caf61c0 DEOPT UNPACKING pc=0x00000147713e78e2 sp=0x00000040008f7fc0 mode 0
Event: 8.302 Thread 0x000001477caf61c0 DEOPT PACKING pc=0x000001476a3f30c9 sp=0x00000040008f8b50
Event: 8.302 Thread 0x000001477caf61c0 DEOPT UNPACKING pc=0x00000147713e78e2 sp=0x00000040008f7fc0 mode 0
Event: 8.302 Thread 0x000001477caf61c0 DEOPT PACKING pc=0x000001476a3f30c9 sp=0x00000040008f8b50
Event: 8.302 Thread 0x000001477caf61c0 DEOPT UNPACKING pc=0x00000147713e78e2 sp=0x00000040008f7fc0 mode 0

Classes loaded (20 events):
Event: 9.558 Loading class com/sun/org/apache/xml/internal/serializer/ToStream$CharacterBuffer
Event: 9.559 Loading class com/sun/org/apache/xml/internal/serializer/ToStream$CharacterBuffer done
Event: 9.559 Loading class com/sun/org/apache/xml/internal/serializer/Encodings
Event: 9.560 Loading class com/sun/org/apache/xml/internal/serializer/Encodings done
Event: 9.560 Loading class com/sun/org/apache/xml/internal/serializer/Encodings$EncodingInfos
Event: 9.563 Loading class com/sun/org/apache/xml/internal/serializer/Encodings$EncodingInfos done
Event: 9.565 Loading class java/nio/charset/Charset$ExtendedProviderHolder
Event: 9.568 Loading class java/nio/charset/Charset$ExtendedProviderHolder done
Event: 9.568 Loading class java/nio/charset/Charset$ExtendedProviderHolder$1
Event: 9.569 Loading class java/nio/charset/Charset$ExtendedProviderHolder$1 done
Event: 9.586 Loading class java/nio/charset/Charset$ThreadTrackHolder
Event: 9.586 Loading class java/nio/charset/Charset$ThreadTrackHolder done
Event: 9.586 Loading class java/nio/charset/Charset$2
Event: 9.586 Loading class java/nio/charset/Charset$2 done
Event: 9.586 Loading class java/nio/charset/Charset$1
Event: 9.586 Loading class java/nio/charset/Charset$1 done
Event: 9.604 Loading class sun/nio/cs/ISO_8859_13
Event: 9.604 Loading class sun/nio/cs/ISO_8859_13 done
Event: 9.614 Loading class sun/nio/cs/DelegatableDecoder
Event: 9.614 Loading class sun/nio/cs/DelegatableDecoder done

Classes unloaded (7 events):
Event: 7.200 Thread 0x0000014766d0ec20 Unloading class 0x0000014701184c00 'java/lang/invoke/LambdaForm$MH+0x0000014701184c00'
Event: 7.200 Thread 0x0000014766d0ec20 Unloading class 0x0000014701184800 'java/lang/invoke/LambdaForm$MH+0x0000014701184800'
Event: 7.200 Thread 0x0000014766d0ec20 Unloading class 0x0000014701184400 'java/lang/invoke/LambdaForm$MH+0x0000014701184400'
Event: 7.200 Thread 0x0000014766d0ec20 Unloading class 0x0000014701184000 'java/lang/invoke/LambdaForm$MH+0x0000014701184000'
Event: 7.200 Thread 0x0000014766d0ec20 Unloading class 0x0000014701183c00 'java/lang/invoke/LambdaForm$BMH+0x0000014701183c00'
Event: 7.200 Thread 0x0000014766d0ec20 Unloading class 0x0000014701183800 'java/lang/invoke/LambdaForm$DMH+0x0000014701183800'
Event: 7.200 Thread 0x0000014766d0ec20 Unloading class 0x0000014701182400 'java/lang/invoke/LambdaForm$DMH+0x0000014701182400'

Classes redefined (0 events):
No events

Internal exceptions (20 events):
Event: 6.364 Thread 0x000001477caf61c0 Exception <a 'java/lang/NoSuchMethodError'{0x00000000eacbdb58}: 'java.lang.Object java.lang.invoke.DirectMethodHandle$Holder.invokeSpecial(java.lang.Object, java.lang.Object, java.lang.Object, long, java.lang.Object)'> (0x00000000eacbdb58) 
thrown [s\src\hotspot\share\interpreter\linkResolver.cpp, line 773]
Event: 6.365 Thread 0x000001477caf61c0 Exception <a 'java/lang/NoSuchMethodError'{0x00000000eacc52e8}: 'java.lang.Object java.lang.invoke.DirectMethodHandle$Holder.newInvokeSpecial(java.lang.Object, java.lang.Object, java.lang.Object, long)'> (0x00000000eacc52e8) 
thrown [s\src\hotspot\share\interpreter\linkResolver.cpp, line 773]
Event: 6.365 Thread 0x000001477caf61c0 Exception <a 'java/lang/NoSuchMethodError'{0x00000000eacc9148}: 'java.lang.Object java.lang.invoke.Invokers$Holder.linkToTargetMethod(java.lang.Object, java.lang.Object, long, java.lang.Object)'> (0x00000000eacc9148) 
thrown [s\src\hotspot\share\interpreter\linkResolver.cpp, line 773]
Event: 6.382 Thread 0x000001477caf61c0 Exception <a 'java/lang/NoSuchMethodError'{0x00000000ead2fc68}: 'int java.lang.invoke.DirectMethodHandle$Holder.invokeStaticInit(java.lang.Object, java.lang.Object, java.lang.Object)'> (0x00000000ead2fc68) 
thrown [s\src\hotspot\share\interpreter\linkResolver.cpp, line 773]
Event: 6.395 Thread 0x000001477caf61c0 Exception <a 'java/lang/IncompatibleClassChangeError'{0x00000000eadb1c68}: Found class java.lang.Object, but interface was expected> (0x00000000eadb1c68) 
thrown [s\src\hotspot\share\interpreter\linkResolver.cpp, line 840]
Event: 6.401 Thread 0x000001477caf61c0 Exception <a 'java/lang/NoSuchMethodError'{0x00000000eadc92a0}: 'java.lang.Object java.lang.invoke.DirectMethodHandle$Holder.invokeSpecial(java.lang.Object, java.lang.Object, java.lang.Object, int, java.lang.Object, java.lang.Object)'> (0x00000000eadc92a0) 
thrown [s\src\hotspot\share\interpreter\linkResolver.cpp, line 773]
Event: 6.402 Thread 0x000001477caf61c0 Exception <a 'java/lang/NoSuchMethodError'{0x00000000eadd0b38}: 'java.lang.Object java.lang.invoke.DirectMethodHandle$Holder.newInvokeSpecial(java.lang.Object, java.lang.Object, java.lang.Object, int, java.lang.Object)'> (0x00000000eadd0b38) 
thrown [s\src\hotspot\share\interpreter\linkResolver.cpp, line 773]
Event: 6.402 Thread 0x000001477caf61c0 Exception <a 'java/lang/NoSuchMethodError'{0x00000000eadd4628}: 'java.lang.Object java.lang.invoke.Invokers$Holder.linkToTargetMethod(java.lang.Object, java.lang.Object, int, java.lang.Object, java.lang.Object)'> (0x00000000eadd4628) 
thrown [s\src\hotspot\share\interpreter\linkResolver.cpp, line 773]
Event: 6.403 Thread 0x000001477d814ed0 Exception <a 'java/lang/NoSuchMethodError'{0x00000000ead12260}: 'java.lang.Object java.lang.invoke.DirectMethodHandle$Holder.invokeSpecial(java.lang.Object, java.lang.Object, int, java.lang.Object, java.lang.Object)'> (0x00000000ead12260) 
thrown [s\src\hotspot\share\interpreter\linkResolver.cpp, line 773]
Event: 6.404 Thread 0x000001477d814ed0 Exception <a 'java/lang/NoSuchMethodError'{0x00000000ead18f98}: 'java.lang.Object java.lang.invoke.DirectMethodHandle$Holder.newInvokeSpecial(java.lang.Object, java.lang.Object, int, java.lang.Object)'> (0x00000000ead18f98) 
thrown [s\src\hotspot\share\interpreter\linkResolver.cpp, line 773]
Event: 6.430 Thread 0x000001477caf61c0 Exception <a 'java/lang/NoSuchMethodError'{0x00000000eaedc1f0}: 'void java.lang.invoke.DirectMethodHandle$Holder.invokeSpecial(java.lang.Object, java.lang.Object, java.lang.Object, java.lang.Object, java.lang.Object)'> (0x00000000eaedc1f0) 
thrown [s\src\hotspot\share\interpreter\linkResolver.cpp, line 773]
Event: 6.467 Thread 0x000001477caf61c0 Exception <a 'java/lang/NoSuchMethodError'{0x00000000eb0f5938}: 'double java.lang.invoke.DirectMethodHandle$Holder.invokeStatic(java.lang.Object, java.lang.Object)'> (0x00000000eb0f5938) 
thrown [s\src\hotspot\share\interpreter\linkResolver.cpp, line 773]
Event: 6.468 Thread 0x000001477caf61c0 Exception <a 'java/lang/NoSuchMethodError'{0x00000000eb0f8ff8}: 'double java.lang.invoke.DirectMethodHandle$Holder.invokeStaticInit(java.lang.Object, java.lang.Object)'> (0x00000000eb0f8ff8) 
thrown [s\src\hotspot\share\interpreter\linkResolver.cpp, line 773]
Event: 6.924 Thread 0x000001477caf61c0 Implicit null exception at 0x0000014771a6abf5 to 0x0000014771a6ad08
Event: 7.881 Thread 0x000001477caf61c0 Exception <a 'java/lang/ClassNotFoundException'{0x00000000ead4c260}: com/sun/org/apache/xerces/internal/impl/msg/spi/DOMMessagesProvider> (0x00000000ead4c260) 
thrown [s\src\hotspot\share\classfile\systemDictionary.cpp, line 312]
Event: 7.885 Thread 0x000001477caf61c0 Exception <a 'java/lang/ClassNotFoundException'{0x00000000ead7a7a0}: com/sun/org/apache/xerces/internal/impl/msg/spi/XMLSerializerMessagesProvider> (0x00000000ead7a7a0) 
thrown [s\src\hotspot\share\classfile\systemDictionary.cpp, line 312]
Event: 7.887 Thread 0x000001477caf61c0 Exception <a 'java/lang/ClassNotFoundException'{0x00000000ead92fb0}: com/sun/org/apache/xerces/internal/impl/msg/spi/XMLMessagesProvider> (0x00000000ead92fb0) 
thrown [s\src\hotspot\share\classfile\systemDictionary.cpp, line 312]
Event: 7.937 Thread 0x000001477caf61c0 Exception <a 'java/lang/NoSuchMethodError'{0x00000000eafce760}: 'java.lang.Object java.lang.invoke.DirectMethodHandle$Holder.newInvokeSpecial(java.lang.Object, int, java.lang.Object, java.lang.Object)'> (0x00000000eafce760) 
thrown [s\src\hotspot\share\interpreter\linkResolver.cpp, line 773]
Event: 8.120 Thread 0x000001477caf61c0 Exception <a 'sun/nio/fs/WindowsException'{0x00000000eac08d78}> (0x00000000eac08d78) 
thrown [s\src\hotspot\share\prims\jni.cpp, line 520]
Event: 9.552 Thread 0x000001477caf61c0 Exception <a 'java/lang/ClassNotFoundException'{0x00000000eabf93e8}: com/sun/org/apache/xml/internal/serializer/spi/XMLEntitiesProvider> (0x00000000eabf93e8) 
thrown [s\src\hotspot\share\classfile\systemDictionary.cpp, line 312]

ZGC Phase Switch (0 events):
No events

VM Operations (20 events):
Event: 7.642 Executing VM operation: ParallelGCFailedAllocation (Allocation Failure)
Event: 7.646 Executing VM operation: ParallelGCFailedAllocation (Allocation Failure) done
Event: 7.650 Executing VM operation: ParallelGCFailedAllocation (Allocation Failure)
Event: 7.653 Executing VM operation: ParallelGCFailedAllocation (Allocation Failure) done
Event: 7.796 Executing VM operation: ParallelGCFailedAllocation (Allocation Failure)
Event: 7.802 Executing VM operation: ParallelGCFailedAllocation (Allocation Failure) done
Event: 7.810 Executing VM operation: HandshakeAllThreads (Deoptimize)
Event: 7.810 Executing VM operation: HandshakeAllThreads (Deoptimize) done
Event: 7.977 Executing VM operation: ParallelGCFailedAllocation (Allocation Failure)
Event: 7.993 Executing VM operation: ParallelGCFailedAllocation (Allocation Failure) done
Event: 8.050 Executing VM operation: HandshakeAllThreads (Deoptimize)
Event: 8.092 Executing VM operation: HandshakeAllThreads (Deoptimize) done
Event: 8.309 Executing VM operation: HandshakeAllThreads (Deoptimize)
Event: 8.309 Executing VM operation: HandshakeAllThreads (Deoptimize) done
Event: 8.310 Executing VM operation: HandshakeAllThreads (Deoptimize)
Event: 8.310 Executing VM operation: HandshakeAllThreads (Deoptimize) done
Event: 9.320 Executing VM operation: Cleanup
Event: 9.463 Executing VM operation: Cleanup done
Event: 9.490 Executing VM operation: ParallelGCFailedAllocation (Allocation Failure)
Event: 9.494 Executing VM operation: ParallelGCFailedAllocation (Allocation Failure) done

Memory protections (0 events):
No events

Nmethod flushes (0 events):
No events

Events (20 events):
Event: 2.934 Thread 0x000001477cd05850 Thread exited: 0x000001477cd05850
Event: 2.972 Thread 0x000001477b03ca60 Thread added: 0x000001477d865d10
Event: 3.196 Thread 0x000001477d865d10 Thread added: 0x000001477d6ec820
Event: 3.467 Thread 0x000001477d6ec820 Thread exited: 0x000001477d6ec820
Event: 3.538 Thread 0x000001477d865d10 Thread exited: 0x000001477d865d10
Event: 5.817 Thread 0x000001477b03e110 Thread added: 0x000001477d4ebbc0
Event: 5.844 Thread 0x000001477d4ebbc0 Thread added: 0x000001477d16fd20
Event: 6.023 Thread 0x000001477d16fd20 Thread exited: 0x000001477d16fd20
Event: 6.273 Thread 0x000001477d4ebbc0 Thread exited: 0x000001477d4ebbc0
Event: 6.310 Thread 0x000001477caf61c0 Thread added: 0x000001477caf4e10
Event: 6.370 Thread 0x000001477caf61c0 Thread added: 0x000001477d814ed0
Event: 6.404 Thread 0x000001477caf61c0 Thread added: 0x000001477d815560
Event: 6.608 Thread 0x000001477b03e110 Thread added: 0x000001477e081b00
Event: 6.615 Thread 0x000001477b03e110 Thread added: 0x000001477e08f430
Event: 6.814 Thread 0x000001477e08f430 Thread exited: 0x000001477e08f430
Event: 6.815 Thread 0x000001477e081b00 Thread exited: 0x000001477e081b00
Event: 7.722 Thread 0x000001477b03e110 Thread added: 0x000001477e3cf260
Event: 7.724 Thread 0x000001477b03e110 Thread added: 0x000001477db256b0
Event: 7.911 Thread 0x000001477caf61c0 Thread added: 0x000001477d814840
Event: 8.234 Thread 0x000001477d814840 Thread exited: 0x000001477d814840


Dynamic libraries:
0x00007ff613060000 - 0x00007ff61306e000 	c:\Users\Fer\.vscode\extensions\redhat.java-1.41.2025031208-win32-x64\jre\21.0.6-win32-x86_64\bin\java.exe
0x00007fff673e0000 - 0x00007fff67643000 	C:\WINDOWS\SYSTEM32\ntdll.dll
0x00007fff65220000 - 0x00007fff652e7000 	C:\WINDOWS\System32\KERNEL32.DLL
0x00007fff648d0000 - 0x00007fff64c97000 	C:\WINDOWS\System32\KERNELBASE.dll
0x00007fff64780000 - 0x00007fff648cc000 	C:\WINDOWS\System32\ucrtbase.dll
0x00007fff2d9a0000 - 0x00007fff2d9b8000 	c:\Users\Fer\.vscode\extensions\redhat.java-1.41.2025031208-win32-x64\jre\21.0.6-win32-x86_64\bin\jli.dll
0x00007fff26f30000 - 0x00007fff26f4e000 	c:\Users\Fer\.vscode\extensions\redhat.java-1.41.2025031208-win32-x64\jre\21.0.6-win32-x86_64\bin\VCRUNTIME140.dll
0x00007fff66770000 - 0x00007fff66939000 	C:\WINDOWS\System32\USER32.dll
0x00007fff64ee0000 - 0x00007fff64f07000 	C:\WINDOWS\System32\win32u.dll
0x00007fff3b980000 - 0x00007fff3bc10000 	C:\WINDOWS\WinSxS\amd64_microsoft.windows.common-controls_6595b64144ccf1df_6.0.26100.3037_none_3e09262ce333c378\COMCTL32.dll
0x00007fff67370000 - 0x00007fff6739a000 	C:\WINDOWS\System32\GDI32.dll
0x00007fff66f20000 - 0x00007fff66fc9000 	C:\WINDOWS\System32\msvcrt.dll
0x00007fff650f0000 - 0x00007fff6521b000 	C:\WINDOWS\System32\gdi32full.dll
0x00007fff64fa0000 - 0x00007fff65043000 	C:\WINDOWS\System32\msvcp_win.dll
0x00007fff66940000 - 0x00007fff6696f000 	C:\WINDOWS\System32\IMM32.DLL
0x00007fff5bbc0000 - 0x00007fff5bbcc000 	c:\Users\Fer\.vscode\extensions\redhat.java-1.41.2025031208-win32-x64\jre\21.0.6-win32-x86_64\bin\vcruntime140_1.dll
0x00007fff1c360000 - 0x00007fff1c3ed000 	c:\Users\Fer\.vscode\extensions\redhat.java-1.41.2025031208-win32-x64\jre\21.0.6-win32-x86_64\bin\msvcp140.dll
0x00007ffee0520000 - 0x00007ffee12b0000 	c:\Users\Fer\.vscode\extensions\redhat.java-1.41.2025031208-win32-x64\jre\21.0.6-win32-x86_64\bin\server\jvm.dll
0x00007fff65930000 - 0x00007fff659e4000 	C:\WINDOWS\System32\ADVAPI32.dll
0x00007fff65790000 - 0x00007fff65836000 	C:\WINDOWS\System32\sechost.dll
0x00007fff66650000 - 0x00007fff66766000 	C:\WINDOWS\System32\RPCRT4.dll
0x00007fff659f0000 - 0x00007fff65a64000 	C:\WINDOWS\System32\WS2_32.dll
0x00007fff63b70000 - 0x00007fff63bbe000 	C:\WINDOWS\SYSTEM32\POWRPROF.dll
0x00007fff53b20000 - 0x00007fff53b56000 	C:\WINDOWS\SYSTEM32\WINMM.dll
0x00007fff5d440000 - 0x00007fff5d44b000 	C:\WINDOWS\SYSTEM32\VERSION.dll
0x00007fff63ac0000 - 0x00007fff63ad4000 	C:\WINDOWS\SYSTEM32\UMPDC.dll
0x00007fff635b0000 - 0x00007fff635ca000 	C:\WINDOWS\SYSTEM32\kernel.appcore.dll
0x00007fff5bb10000 - 0x00007fff5bb1a000 	c:\Users\Fer\.vscode\extensions\redhat.java-1.41.2025031208-win32-x64\jre\21.0.6-win32-x86_64\bin\jimage.dll
0x00007fff61f40000 - 0x00007fff62181000 	C:\WINDOWS\SYSTEM32\DBGHELP.DLL
0x00007fff66fe0000 - 0x00007fff6735e000 	C:\WINDOWS\System32\combase.dll
0x00007fff65850000 - 0x00007fff65926000 	C:\WINDOWS\System32\OLEAUT32.dll
0x00007ffef01e0000 - 0x00007ffef0219000 	C:\WINDOWS\SYSTEM32\dbgcore.DLL
0x00007fff65050000 - 0x00007fff650e9000 	C:\WINDOWS\System32\bcryptPrimitives.dll
0x00007fff55680000 - 0x00007fff5568f000 	c:\Users\Fer\.vscode\extensions\redhat.java-1.41.2025031208-win32-x64\jre\21.0.6-win32-x86_64\bin\instrument.dll
0x00007fff26f10000 - 0x00007fff26f2f000 	c:\Users\Fer\.vscode\extensions\redhat.java-1.41.2025031208-win32-x64\jre\21.0.6-win32-x86_64\bin\java.dll
0x00007fff65c40000 - 0x00007fff66344000 	C:\WINDOWS\System32\SHELL32.dll
0x00007fff624c0000 - 0x00007fff62cf7000 	C:\WINDOWS\SYSTEM32\windows.storage.dll
0x00007fff66e30000 - 0x00007fff66f19000 	C:\WINDOWS\System32\SHCORE.dll
0x00007fff66450000 - 0x00007fff664ad000 	C:\WINDOWS\System32\shlwapi.dll
0x00007fff64690000 - 0x00007fff646be000 	C:\WINDOWS\SYSTEM32\profapi.dll
0x00007fff26700000 - 0x00007fff26718000 	c:\Users\Fer\.vscode\extensions\redhat.java-1.41.2025031208-win32-x64\jre\21.0.6-win32-x86_64\bin\zip.dll
0x00007fff512d0000 - 0x00007fff512e0000 	C:\Users\Fer\.vscode\extensions\redhat.java-1.41.2025031208-win32-x64\jre\21.0.6-win32-x86_64\bin\net.dll
0x00007fff5c920000 - 0x00007fff5ca3e000 	C:\WINDOWS\SYSTEM32\WINHTTP.dll
0x00007fff63bd0000 - 0x00007fff63c3a000 	C:\WINDOWS\system32\mswsock.dll
0x00007fff265f0000 - 0x00007fff26606000 	C:\Users\Fer\.vscode\extensions\redhat.java-1.41.2025031208-win32-x64\jre\21.0.6-win32-x86_64\bin\nio.dll
0x00007fff50e90000 - 0x00007fff50ea0000 	c:\Users\Fer\.vscode\extensions\redhat.java-1.41.2025031208-win32-x64\jre\21.0.6-win32-x86_64\bin\verify.dll
0x00007fff1ff50000 - 0x00007fff1ff95000 	C:\Users\Fer\AppData\Roaming\Code\User\globalStorage\redhat.java\1.41.2025031208\config_ss_win\org.eclipse.equinox.launcher\org.eclipse.equinox.launcher.win32.win32.x86_64_1.2.1200.v20250212-0927\eclipse_11909.dll
0x00007fff664b0000 - 0x00007fff66645000 	C:\WINDOWS\System32\ole32.dll
0x00007fff63e70000 - 0x00007fff63e8c000 	C:\WINDOWS\SYSTEM32\CRYPTSP.dll
0x00007fff63510000 - 0x00007fff63548000 	C:\WINDOWS\system32\rsaenh.dll
0x00007fff63c70000 - 0x00007fff63c9b000 	C:\WINDOWS\SYSTEM32\USERENV.dll
0x00007fff64040000 - 0x00007fff64066000 	C:\WINDOWS\SYSTEM32\bcrypt.dll
0x00007fff63e90000 - 0x00007fff63e9c000 	C:\WINDOWS\SYSTEM32\CRYPTBASE.dll
0x00007fff62ff0000 - 0x00007fff63022000 	C:\WINDOWS\SYSTEM32\IPHLPAPI.DLL
0x00007fff66fd0000 - 0x00007fff66fda000 	C:\WINDOWS\System32\NSI.dll
0x00007fff1c290000 - 0x00007fff1c2d9000 	C:\Users\Fer\AppData\Local\Temp\jna-70515\jna8136029712378246641.dll
0x00007fff65320000 - 0x00007fff65328000 	C:\WINDOWS\System32\PSAPI.DLL

dbghelp: loaded successfully - version: 4.0.5 - missing functions: none
symbol engine: initialized successfully - sym options: 0x614 - pdb path: .;c:\Users\Fer\.vscode\extensions\redhat.java-1.41.2025031208-win32-x64\jre\21.0.6-win32-x86_64\bin;C:\WINDOWS\SYSTEM32;C:\WINDOWS\WinSxS\amd64_microsoft.windows.common-controls_6595b64144ccf1df_6.0.26100.3037_none_3e09262ce333c378;c:\Users\Fer\.vscode\extensions\redhat.java-1.41.2025031208-win32-x64\jre\21.0.6-win32-x86_64\bin\server;C:\Users\Fer\AppData\Roaming\Code\User\globalStorage\redhat.java\1.41.2025031208\config_ss_win\org.eclipse.equinox.launcher\org.eclipse.equinox.launcher.win32.win32.x86_64_1.2.1200.v20250212-0927;C:\Users\Fer\AppData\Local\Temp\jna-70515

VM Arguments:
jvm_args: --add-modules=ALL-SYSTEM --add-opens=java.base/java.util=ALL-UNNAMED --add-opens=java.base/java.lang=ALL-UNNAMED --add-opens=java.base/sun.nio.fs=ALL-UNNAMED -Declipse.application=org.eclipse.jdt.ls.core.id1 -Dosgi.bundles.defaultStartLevel=4 -Declipse.product=org.eclipse.jdt.ls.core.product -Djava.import.generatesMetadataFilesAtProjectRoot=false -DDetectVMInstallationsJob.disabled=true -Dfile.encoding=utf8 -XX:+UseParallelGC -XX:GCTimeRatio=4 -XX:AdaptiveSizePolicyWeight=90 -Dsun.zip.disableMemoryMapping=true -Xmx1G -Xms100m -Xlog:disable -javaagent:c:\Users\Fer\.vscode\extensions\redhat.java-1.41.2025031208-win32-x64\lombok\lombok-1.18.36.jar 
java_command: c:\Users\Fer\.vscode\extensions\redhat.java-1.41.2025031208-win32-x64\server\plugins\org.eclipse.equinox.launcher_1.6.1100.v20250306-0509.jar -configuration c:\Users\Fer\AppData\Roaming\Code\User\globalStorage\redhat.java\1.41.2025031208\config_ss_win -data c:\Users\Fer\AppData\Roaming\Code\User\workspaceStorage\398de21c129474aaeb59c0a7e6288a23\redhat.java\ss_ws --pipe=\\.\pipe\lsp-105fae2d260a708ae6f25af77a611898-sock
java_class_path (initial): c:\Users\Fer\.vscode\extensions\redhat.java-1.41.2025031208-win32-x64\server\plugins\org.eclipse.equinox.launcher_1.6.1100.v20250306-0509.jar
Launcher Type: SUN_STANDARD

[Global flags]
    uintx AdaptiveSizePolicyWeight                 = 90                                        {product} {command line}
     intx CICompilerCount                          = 4                                         {product} {ergonomic}
    uintx GCTimeRatio                              = 4                                         {product} {command line}
   size_t InitialHeapSize                          = 104857600                                 {product} {command line}
   size_t MaxHeapSize                              = 1073741824                                {product} {command line}
   size_t MaxNewSize                               = 357564416                                 {product} {ergonomic}
   size_t MinHeapDeltaBytes                        = 524288                                    {product} {ergonomic}
   size_t MinHeapSize                              = 104857600                                 {product} {command line}
   size_t NewSize                                  = 34603008                                  {product} {ergonomic}
    uintx NonNMethodCodeHeapSize                   = 5839372                                {pd product} {ergonomic}
    uintx NonProfiledCodeHeapSize                  = 122909434                              {pd product} {ergonomic}
   size_t OldSize                                  = 70254592                                  {product} {ergonomic}
    uintx ProfiledCodeHeapSize                     = 122909434                              {pd product} {ergonomic}
    uintx ReservedCodeCacheSize                    = 251658240                              {pd product} {ergonomic}
     bool SegmentedCodeCache                       = true                                      {product} {ergonomic}
   size_t SoftMaxHeapSize                          = 1073741824                             {manageable} {ergonomic}
     bool UseCompressedOops                        = true                           {product lp64_product} {ergonomic}
     bool UseLargePagesIndividualAllocation        = false                                  {pd product} {ergonomic}
     bool UseParallelGC                            = true                                      {product} {command line}

Logging:
Log output configuration:
 #0: stdout all=off uptime,level,tags foldmultilines=false
 #1: stderr all=off uptime,level,tags foldmultilines=false

Environment Variables:
PATH=C:\Program Files\sap\hdbclient;C:\Program Files\Common Files\Oracle\Java\javapath;C:\Program Files (x86)\Common Files\Oracle\Java\java8path;C:\Program Files (x86)\Common Files\Oracle\Java\javapath;C:\Windows\system32;C:\Windows;C:\Windows\System32\Wbem;C:\Windows\System32\WindowsPowerShell\v1.0\;C:\Windows\System32\OpenSSH\;C:\Program Files (x86)\Microsoft SQL Server\160\DTS\Binn\;C:\Program Files\Azure Data Studio\bin;C:\Program Files\Microsoft SQL Server\Client SDK\ODBC\170\Tools\Binn\;C:\Program Files (x86)\Microsoft SQL Server\150\Tools\Binn\;C:\Program Files\Microsoft SQL Server\150\Tools\Binn\;C:\Program Files\Microsoft SQL Server\150\DTS\Binn\;C:\Program Files\nodejs\;C:\apache-maven-3.9.9\bin;C:\Program Files\Git\cmd;C:\WINDOWS\system32;C:\WINDOWS;C:\WINDOWS\System32\Wbem;C:\WINDOWS\System32\WindowsPowerShell\v1.0\;C:\WINDOWS\System32\OpenSSH\;C:\Users\Fer\AppData\Local\Microsoft\WindowsApps;C:\Users\Fer\AppData\Local\Programs\Microsoft VS Code\bin;C:\Users\Fer\AppData\Local\GitHubDesktop\bin;C:\Program Files\Azure Data Studio\bin;C:\Users\Fer\AppData\Roaming\npm;
USERNAME=Fer
OS=Windows_NT
PROCESSOR_IDENTIFIER=Intel64 Family 6 Model 126 Stepping 5, GenuineIntel
TMP=C:\Users\Fer\AppData\Local\Temp
TEMP=C:\Users\Fer\AppData\Local\Temp




Periodic native trim disabled

---------------  S Y S T E M  ---------------

OS:
 Windows 11 , 64 bit Build 26100 (10.0.26100.3037)
OS uptime: 0 days 22:15 hours

CPU: total 8 (initial active 8) (4 cores per cpu, 2 threads per core) family 6 model 126 stepping 5 microcode 0xc2, cx8, cmov, fxsr, ht, mmx, 3dnowpref, sse, sse2, sse3, ssse3, sse4.1, sse4.2, popcnt, lzcnt, tsc, tscinvbit, avx, avx2, aes, erms, clmul, bmi1, bmi2, adx, avx512f, avx512dq, avx512cd, avx512bw, avx512vl, sha, fma, vzeroupper, avx512_vpopcntdq, avx512_vpclmulqdq, avx512_vaes, avx512_vnni, clflush, clflushopt, avx512_vbmi2, avx512_vbmi, rdtscp, rdpid, fsrm, gfni, avx512_bitalg, f16c, pku, avx512_ifma
Processor Information for the first 8 processors :
  Max Mhz: 1498, Current Mhz: 1298, Mhz Limit: 1288

Memory: 4k page, system-wide physical 7959M (776M free)
TotalPageFile size 32535M (AvailPageFile size 7M)
current process WorkingSet (physical memory assigned to process): 542M, peak: 545M
current process commit charge ("private bytes"): 571M, peak: 575M

vm_info: OpenJDK 64-Bit Server VM (21.0.6+7-LTS) for windows-amd64 JRE (21.0.6+7-LTS), built on 2025-01-21T00:00:00Z by "admin" with MS VC++ 17.7 (VS2022)

END.
