#
# There is insufficient memory for the Java Runtime Environment to continue.
# Native memory allocation (malloc) failed to allocate 1178656 bytes for Chunk::new
# Possible reasons:
#   The system is out of physical RAM or swap space
#   The process is running with CompressedOops enabled, and the Java Heap may be blocking the growth of the native heap
# Possible solutions:
#   Reduce memory load on the system
#   Increase physical memory or swap space
#   Check if swap backing store is full
#   Decrease Java heap size (-Xmx/-Xms)
#   Decrease number of Java threads
#   Decrease Java thread stack sizes (-Xss)
#   Set larger code cache with -XX:ReservedCodeCacheSize=
#   JVM is running with Zero Based Compressed Oops mode in which the Java heap is
#     placed in the first 32GB address space. The Java Heap base address is the
#     maximum limit for the native heap growth. Please use -XX:HeapBaseMinAddress
#     to set the Java Heap base and to place the Java Heap above 32GB virtual address.
# This output file may be truncated or incomplete.
#
#  Out of Memory Error (arena.cpp:189), pid=22508, tid=14248
#
# JRE version: Java(TM) SE Runtime Environment (17.0.15+9) (build 17.0.15+9-LTS-241)
# Java VM: Java HotSpot(TM) 64-Bit Server VM (17.0.15+9-LTS-241, mixed mode, sharing, tiered, compressed oops, compressed class ptrs, g1 gc, windows-amd64)
# No core dump will be written. Minidumps are not enabled by default on client versions of Windows
#

---------------  S U M M A R Y ------------

Command Line: -XX:+ShowCodeDetailsInExceptionMessages com.manamer.sellout.infraestructure.apigateway.ApigatewayApplication

Host: 11th Gen Intel(R) Core(TM) i7-1165G7 @ 2.80GHz, 8 cores, 39G,  Windows 11 , 64 bit Build 26100 (10.0.26100.4768)
Time: Tue Jul 29 20:50:27 2025 Hora est. Pacífico, Sudamérica elapsed time: 18618.967714 seconds (0d 5h 10m 18s)

---------------  T H R E A D  ---------------

Current thread (0x000001ae5af6e1a0):  JavaThread "C2 CompilerThread0" daemon [_thread_in_native, id=14248, stack(0x0000002eecc00000,0x0000002eecd00000)]


Current CompileTask:
C2:18618968 13393       4       com.fasterxml.jackson.databind.deser.DeserializerCache::_createDeserializer2 (222 bytes)

Stack: [0x0000002eecc00000,0x0000002eecd00000]
Native frames: (J=compiled Java code, j=interpreted, Vv=VM code, C=native code)
V  [jvm.dll+0x67a46a]
V  [jvm.dll+0x7da6ad]
V  [jvm.dll+0x7dbff3]
V  [jvm.dll+0x7dc663]
V  [jvm.dll+0x24523f]
V  [jvm.dll+0xab763]
V  [jvm.dll+0xabd2c]
V  [jvm.dll+0x2aa6df]
V  [jvm.dll+0x5822c9]
V  [jvm.dll+0x21f5d2]
V  [jvm.dll+0x21852b]
V  [jvm.dll+0x215d15]
V  [jvm.dll+0x1a2a00]
V  [jvm.dll+0x2262bb]
V  [jvm.dll+0x22445b]
V  [jvm.dll+0x790acc]
V  [jvm.dll+0x78b0ba]
V  [jvm.dll+0x679355]
C  [ucrtbase.dll+0x37b0]
C  [KERNEL32.DLL+0x2e8d7]
C  [ntdll.dll+0x3c34c]


---------------  P R O C E S S  ---------------

Threads class SMR info:
_java_thread_list=0x000001aea704c2c0, length=41, elements={
0x000001ae5d8b49a0, 0x000001ae5af5c740, 0x000001ae5d8bb840, 0x000001ae5af6c380,
0x000001ae5af6cc40, 0x000001ae5af6d500, 0x000001ae5af6e1a0, 0x000001ae5d8bbd10,
0x000001ae5d8d69e0, 0x000001ae5da0b460, 0x000001ae5da16970, 0x000001aea3d55890,
0x000001aea3d56bd0, 0x000001aea3d53bb0, 0x000001aea3d54080, 0x000001aea3d54550,
0x000001aea3d54a20, 0x000001aea5645530, 0x000001aea5648080, 0x000001aea5648a20,
0x000001aea5648ef0, 0x000001aea56493c0, 0x000001aea5647bb0, 0x000001aea5648550,
0x000001aea56463a0, 0x000001aea5646d40, 0x000001aea5646870, 0x000001aea5647210,
0x000001aea5645a00, 0x000001aea56476e0, 0x000001aea5645ed0, 0x000001aea564a230,
0x000001aea5649d60, 0x000001aea564bf10, 0x000001aea564c3e0, 0x000001aea564b0a0,
0x000001aea564a700, 0x000001aea564b570, 0x000001aea564c8b0, 0x000001aea564abd0,
0x000001aea5649890
}

Java Threads: ( => current thread )
  0x000001ae5d8b49a0 JavaThread "Reference Handler" daemon [_thread_blocked, id=15372, stack(0x0000002eec600000,0x0000002eec700000)]
  0x000001ae5af5c740 JavaThread "Finalizer" daemon [_thread_blocked, id=18080, stack(0x0000002eec700000,0x0000002eec800000)]
  0x000001ae5d8bb840 JavaThread "Signal Dispatcher" daemon [_thread_blocked, id=6760, stack(0x0000002eec800000,0x0000002eec900000)]
  0x000001ae5af6c380 JavaThread "Attach Listener" daemon [_thread_blocked, id=12044, stack(0x0000002eec900000,0x0000002eeca00000)]
  0x000001ae5af6cc40 JavaThread "Service Thread" daemon [_thread_blocked, id=22096, stack(0x0000002eeca00000,0x0000002eecb00000)]
  0x000001ae5af6d500 JavaThread "Monitor Deflation Thread" daemon [_thread_blocked, id=22916, stack(0x0000002eecb00000,0x0000002eecc00000)]
=>0x000001ae5af6e1a0 JavaThread "C2 CompilerThread0" daemon [_thread_in_native, id=14248, stack(0x0000002eecc00000,0x0000002eecd00000)]
  0x000001ae5d8bbd10 JavaThread "C1 CompilerThread0" daemon [_thread_blocked, id=19212, stack(0x0000002eecd00000,0x0000002eece00000)]
  0x000001ae5d8d69e0 JavaThread "Sweeper thread" daemon [_thread_blocked, id=9436, stack(0x0000002eece00000,0x0000002eecf00000)]
  0x000001ae5da0b460 JavaThread "Notification Thread" daemon [_thread_blocked, id=11408, stack(0x0000002eecf00000,0x0000002eed000000)]
  0x000001ae5da16970 JavaThread "Common-Cleaner" daemon [_thread_blocked, id=25320, stack(0x0000002eed100000,0x0000002eed200000)]
  0x000001aea3d55890 JavaThread "boundedElastic-evictor-1" daemon [_thread_blocked, id=21448, stack(0x0000002eee000000,0x0000002eee100000)]
  0x000001aea3d56bd0 JavaThread "spring.cloud.inetutils" daemon [_thread_blocked, id=25584, stack(0x0000002eee100000,0x0000002eee200000)]
  0x000001aea3d53bb0 JavaThread "AsyncResolver-bootstrap-0" daemon [_thread_blocked, id=25384, stack(0x0000002eee300000,0x0000002eee400000)]
  0x000001aea3d54080 JavaThread "idle-connection-evictor-1" daemon [_thread_blocked, id=16224, stack(0x0000002eede00000,0x0000002eedf00000)]
  0x000001aea3d54550 JavaThread "DiscoveryClient-0" daemon [_thread_blocked, id=14668, stack(0x0000002eee400000,0x0000002eee500000)]
  0x000001aea3d54a20 JavaThread "DiscoveryClient-1" daemon [_thread_blocked, id=8540, stack(0x0000002eee500000,0x0000002eee600000)]
  0x000001aea5645530 JavaThread "DiscoveryClient-InstanceInfoReplicator-0" daemon [_thread_blocked, id=16328, stack(0x0000002eee600000,0x0000002eee700000)]
  0x000001aea5648080 JavaThread "reactor-http-nio-1" daemon [_thread_in_native, id=20820, stack(0x0000002eedd00000,0x0000002eede00000)]
  0x000001aea5648a20 JavaThread "server" [_thread_blocked, id=21276, stack(0x0000002eee700000,0x0000002eee800000)]
  0x000001aea5648ef0 JavaThread "DestroyJavaVM" [_thread_blocked, id=1684, stack(0x0000002eebf00000,0x0000002eec000000)]
  0x000001aea56493c0 JavaThread "DiscoveryClient-CacheRefreshExecutor-0" daemon [_thread_blocked, id=22988, stack(0x0000002eed500000,0x0000002eed600000)]
  0x000001aea5647bb0 JavaThread "DiscoveryClient-HeartbeatExecutor-0" daemon [_thread_blocked, id=11920, stack(0x0000002eee800000,0x0000002eee900000)]
  0x000001aea5648550 JavaThread "AsyncResolver-bootstrap-executor-0" daemon [_thread_blocked, id=9112, stack(0x0000002eebd00000,0x0000002eebe00000)]
  0x000001aea56463a0 JavaThread "reactor-http-nio-2" daemon [_thread_in_native, id=14660, stack(0x0000002eebc00000,0x0000002eebd00000)]
  0x000001aea5646d40 JavaThread "parallel-1" daemon [_thread_blocked, id=9420, stack(0x0000002eed200000,0x0000002eed300000)]
  0x000001aea5646870 JavaThread "pool-11-thread-1" daemon [_thread_blocked, id=22556, stack(0x0000002eed400000,0x0000002eed500000)]
  0x000001aea5647210 JavaThread "reactor-http-nio-3" daemon [_thread_in_native, id=25128, stack(0x0000002eee900000,0x0000002eeea00000)]
  0x000001aea5645a00 JavaThread "reactor-http-nio-4" daemon [_thread_in_native, id=11100, stack(0x0000002eeea00000,0x0000002eeeb00000)]
  0x000001aea56476e0 JavaThread "reactor-http-nio-5" daemon [_thread_in_native, id=10888, stack(0x0000002eeeb00000,0x0000002eeec00000)]
  0x000001aea5645ed0 JavaThread "reactor-http-nio-6" daemon [_thread_in_native, id=22356, stack(0x0000002eeec00000,0x0000002eeed00000)]
  0x000001aea564a230 JavaThread "reactor-http-nio-7" daemon [_thread_in_native, id=18992, stack(0x0000002eeed00000,0x0000002eeee00000)]
  0x000001aea5649d60 JavaThread "reactor-http-nio-8" daemon [_thread_in_native, id=4204, stack(0x0000002eeee00000,0x0000002eeef00000)]
  0x000001aea564bf10 JavaThread "Thread-15" daemon [_thread_in_native, id=20872, stack(0x0000002eebe00000,0x0000002eebf00000)]
  0x000001aea564c3e0 JavaThread "parallel-2" daemon [_thread_blocked, id=17020, stack(0x0000002eef200000,0x0000002eef300000)]
  0x000001aea564b0a0 JavaThread "parallel-3" daemon [_thread_blocked, id=17684, stack(0x0000002eef000000,0x0000002eef100000)]
  0x000001aea564a700 JavaThread "parallel-4" daemon [_thread_blocked, id=23984, stack(0x0000002eef100000,0x0000002eef200000)]
  0x000001aea564b570 JavaThread "parallel-5" daemon [_thread_blocked, id=12520, stack(0x0000002eeef00000,0x0000002eef000000)]
  0x000001aea564c8b0 JavaThread "parallel-6" daemon [_thread_blocked, id=18360, stack(0x0000002eef500000,0x0000002eef600000)]
  0x000001aea564abd0 JavaThread "parallel-7" daemon [_thread_blocked, id=22984, stack(0x0000002eef600000,0x0000002eef700000)]
  0x000001aea5649890 JavaThread "parallel-8" daemon [_thread_blocked, id=11192, stack(0x0000002eef700000,0x0000002eef800000)]

Other Threads:
  0x000001ae5d8b3010 VMThread "VM Thread" [stack: 0x0000002eec500000,0x0000002eec600000] [id=9760]
  0x000001ae5da0c950 WatcherThread [stack: 0x0000002eed000000,0x0000002eed100000] [id=7328]
  0x000001ae2c7c1e60 GCTaskThread "GC Thread#0" [stack: 0x0000002eec000000,0x0000002eec100000] [id=18776]
  0x000001aea4267cd0 GCTaskThread "GC Thread#1" [stack: 0x0000002eed600000,0x0000002eed700000] [id=22960]
  0x000001aea402c350 GCTaskThread "GC Thread#2" [stack: 0x0000002eed700000,0x0000002eed800000] [id=20528]
  0x000001aea402c610 GCTaskThread "GC Thread#3" [stack: 0x0000002eed800000,0x0000002eed900000] [id=19728]
  0x000001aea402c8d0 GCTaskThread "GC Thread#4" [stack: 0x0000002eed900000,0x0000002eeda00000] [id=25228]
  0x000001aea402cb90 GCTaskThread "GC Thread#5" [stack: 0x0000002eeda00000,0x0000002eedb00000] [id=7572]
  0x000001aea402ce50 GCTaskThread "GC Thread#6" [stack: 0x0000002eedb00000,0x0000002eedc00000] [id=23436]
  0x000001aea3a1a8a0 GCTaskThread "GC Thread#7" [stack: 0x0000002eedc00000,0x0000002eedd00000] [id=12572]
  0x000001ae2c7cdc00 ConcurrentGCThread "G1 Main Marker" [stack: 0x0000002eec100000,0x0000002eec200000] [id=20172]
  0x000001ae2c7ce510 ConcurrentGCThread "G1 Conc#0" [stack: 0x0000002eec200000,0x0000002eec300000] [id=17564]
  0x000001aea577d030 ConcurrentGCThread "G1 Conc#1" [stack: 0x0000002eed300000,0x0000002eed400000] [id=12604]
  0x000001ae5ae54030 ConcurrentGCThread "G1 Refine#0" [stack: 0x0000002eec300000,0x0000002eec400000] [id=13688]
  0x000001aea5c7bc40 ConcurrentGCThread "G1 Refine#1" [stack: 0x0000002eedf00000,0x0000002eee000000] [id=11332]
  0x000001ae5ae54800 ConcurrentGCThread "G1 Service" [stack: 0x0000002eec400000,0x0000002eec500000] [id=9196]

Threads with active compile tasks:
C2 CompilerThread0  18619018 13393       4       com.fasterxml.jackson.databind.deser.DeserializerCache::_createDeserializer2 (222 bytes)

VM state: at safepoint (normal execution)

VM Mutex/Monitor currently owned by a thread:  ([mutex/lock_event])
[0x000001ae2c713a70] Threads_lock - owner thread: 0x000001ae5d8b3010
[0x000001ae2c714d90] Heap_lock - owner thread: 0x000001ae2c7cdc00

Heap address: 0x0000000583000000, size: 10192 MB, Compressed Oops mode: Zero based, Oop shift amount: 3

CDS archive(s) mapped at: [0x000001ae5e000000-0x000001ae5ebd0000-0x000001ae5ebd0000), size 12386304, SharedBaseAddress: 0x000001ae5e000000, ArchiveRelocationMode: 1.
Compressed class space mapped at: 0x000001ae5f000000-0x000001ae9f000000, reserved size: 1073741824
Narrow klass base: 0x000001ae5e000000, Narrow klass shift: 0, Narrow klass range: 0x100000000

GC Precious Log:
 CPUs: 8 total, 8 available
 Memory: 40743M
 Large Page Support: Disabled
 NUMA Support: Disabled
 Compressed Oops: Enabled (Zero based)
 Heap Region Size: 8M
 Heap Min Capacity: 8M
 Heap Initial Capacity: 640M
 Heap Max Capacity: 10192M
 Pre-touch: Disabled
 Parallel Workers: 8
 Concurrent Workers: 2
 Concurrent Refinement Workers: 8
 Periodic GC: Disabled

Heap:
 garbage-first heap   total 81920K, used 31906K [0x0000000583000000, 0x0000000800000000)
  region size 8192K, 2 young (16384K), 1 survivors (8192K)
 Metaspace       used 59804K, committed 60352K, reserved 1114112K
  class space    used 7562K, committed 7808K, reserved 1048576K

Heap Regions: E=young(eden), S=young(survivor), O=old, HS=humongous(starts), HC=humongous(continues), CS=collection set, F=free, OA=open archive, CA=closed archive, TAMS=top-at-mark-start (previous, next)
|   0|0x0000000583000000, 0x0000000583800000, 0x0000000583800000|100%| O|  |TAMS 0x0000000583000000, 0x0000000583800000| Untracked 
|   1|0x0000000583800000, 0x0000000584000000, 0x0000000584000000|100%| O|  |TAMS 0x0000000584000000, 0x0000000584000000| Untracked 
|   2|0x0000000584000000, 0x0000000584800000, 0x0000000584800000|100%| O|  |TAMS 0x00000005845a1000, 0x0000000584800000| Untracked 
|   3|0x0000000584800000, 0x0000000584efbe00, 0x0000000585000000| 87%| O|  |TAMS 0x0000000584800000, 0x0000000584efa400| Untracked 
|   4|0x0000000585000000, 0x0000000585000000, 0x0000000585800000|  0%| F|  |TAMS 0x0000000585000000, 0x0000000585000000| Untracked 
|   5|0x0000000585800000, 0x0000000585800000, 0x0000000586000000|  0%| F|  |TAMS 0x0000000585800000, 0x0000000585800000| Untracked 
|   6|0x0000000586000000, 0x000000058602ccd0, 0x0000000586800000|  2%| S|CS|TAMS 0x0000000586000000, 0x0000000586000000| Complete 
|   7|0x0000000586800000, 0x0000000586800000, 0x0000000587000000|  0%| F|  |TAMS 0x0000000586800000, 0x0000000586800000| Untracked 
|  77|0x00000005a9800000, 0x00000005a9800000, 0x00000005aa000000|  0%| F|  |TAMS 0x00000005a9800000, 0x00000005a9800000| Untracked 
|  79|0x00000005aa800000, 0x00000005aa8a4e10, 0x00000005ab000000|  8%| E|  |TAMS 0x00000005aa800000, 0x00000005aa800000| Complete 

Card table byte_map: [0x000001ae44710000,0x000001ae45b00000] _byte_map_base: 0x000001ae41af8000

Marking Bits (Prev, Next): (CMBitMap*) 0x000001ae2c7c2380, (CMBitMap*) 0x000001ae2c7c23c0
 Prev Bits: [0x000001ae46ef0000, 0x000001ae50e30000)
 Next Bits: [0x000001ae50e30000, 0x000001ae5ad70000)

Polling page: 0x000001ae2a900000

Metaspace:

Usage:
  Non-class:     51.02 MB used.
      Class:      7.39 MB used.
       Both:     58.40 MB used.

Virtual space:
  Non-class space:       64.00 MB reserved,      51.31 MB ( 80%) committed,  1 nodes.
      Class space:        1.00 GB reserved,       7.62 MB ( <1%) committed,  1 nodes.
             Both:        1.06 GB reserved,      58.94 MB (  5%) committed. 

Chunk freelists:
   Non-Class:  12.61 MB
       Class:  8.32 MB
        Both:  20.93 MB

MaxMetaspaceSize: unlimited
CompressedClassSpaceSize: 1.00 GB
Initial GC threshold: 21.00 MB
Current GC threshold: 59.19 MB
CDS: on
MetaspaceReclaimPolicy: balanced
 - commit_granule_bytes: 65536.
 - commit_granule_words: 8192.
 - virtual_space_node_default_size: 8388608.
 - enlarge_chunks_in_place: 1.
 - new_chunks_are_fully_committed: 0.
 - uncommit_free_chunks: 1.
 - use_allocation_guard: 0.
 - handle_deallocations: 1.


Internal statistics:

num_allocs_failed_limit: 9.
num_arena_births: 776.
num_arena_deaths: 0.
num_vsnodes_births: 2.
num_vsnodes_deaths: 0.
num_space_committed: 943.
num_space_uncommitted: 0.
num_chunks_returned_to_freelist: 9.
num_chunks_taken_from_freelist: 3009.
num_chunk_merges: 6.
num_chunk_splits: 2055.
num_chunks_enlarged: 1519.
num_inconsistent_stats: 0.

CodeHeap 'non-profiled nmethods': size=120000Kb used=8853Kb max_used=8853Kb free=111146Kb
 bounds [0x000001ae3bac0000, 0x000001ae3c370000, 0x000001ae42ff0000]
CodeHeap 'profiled nmethods': size=120000Kb used=22949Kb max_used=25559Kb free=97051Kb
 bounds [0x000001ae33ff0000, 0x000001ae358f0000, 0x000001ae3b520000]
CodeHeap 'non-nmethods': size=5760Kb used=1326Kb max_used=1382Kb free=4433Kb
 bounds [0x000001ae3b520000, 0x000001ae3b790000, 0x000001ae3bac0000]
 total_blobs=11723 nmethods=11082 adapters=551
 compilation: enabled
              stopped_count=0, restarted_count=0
 full_count=0

Compilation events (20 events):
Event: 18617.424 Thread 0x000001ae5d8bbd10 13387       3       org.springframework.web.client.DefaultResponseErrorHandler::<init> (5 bytes)
Event: 18617.424 Thread 0x000001ae5d8bbd10 nmethod 13387 0x000001ae343edc10 code [0x000001ae343edda0, 0x000001ae343edef8]
Event: 18617.424 Thread 0x000001ae5d8bbd10 13390       3       com.fasterxml.jackson.databind.introspect.AnnotationIntrospectorPair::isIgnorableType (24 bytes)
Event: 18617.424 Thread 0x000001ae5d8bbd10 nmethod 13390 0x000001ae34721990 code [0x000001ae34721b40, 0x000001ae34721e38]
Event: 18617.424 Thread 0x000001ae5d8bbd10 13391       3       com.fasterxml.jackson.databind.introspect.AnnotationIntrospectorPair::findTypeName (31 bytes)
Event: 18617.425 Thread 0x000001ae5d8bbd10 nmethod 13391 0x000001ae34388710 code [0x000001ae343888e0, 0x000001ae34388cf8]
Event: 18617.425 Thread 0x000001ae5d8bbd10 13392       3       com.fasterxml.jackson.databind.introspect.AnnotationIntrospectorPair::findSubtypes (87 bytes)
Event: 18617.425 Thread 0x000001ae5d8bbd10 nmethod 13392 0x000001ae34cc5410 code [0x000001ae34cc5660, 0x000001ae34cc5fc8]
Event: 18617.425 Thread 0x000001ae5d8bbd10 13394       3       com.fasterxml.jackson.databind.deser.std.StdValueInstantiator::canInstantiate (69 bytes)
Event: 18617.426 Thread 0x000001ae5d8bbd10 nmethod 13394 0x000001ae34036690 code [0x000001ae340368c0, 0x000001ae34037358]
Event: 18617.426 Thread 0x000001ae5d8bbd10 13395       3       com.fasterxml.jackson.databind.deser.std.StdValueInstantiator::canCreateFromInt (13 bytes)
Event: 18617.426 Thread 0x000001ae5d8bbd10 nmethod 13395 0x000001ae3441e090 code [0x000001ae3441e220, 0x000001ae3441e398]
Event: 18617.426 Thread 0x000001ae5d8bbd10 13396       3       com.fasterxml.jackson.databind.module.SimpleDeserializers::findEnumDeserializer (72 bytes)
Event: 18617.426 Thread 0x000001ae5d8bbd10 nmethod 13396 0x000001ae341b6310 code [0x000001ae341b65a0, 0x000001ae341b7368]
Event: 18617.426 Thread 0x000001ae5d8bbd10 13386       3       java.util.Random::nextInt (7 bytes)
Event: 18617.427 Thread 0x000001ae5d8bbd10 nmethod 13386 0x000001ae3416c590 code [0x000001ae3416c740, 0x000001ae3416c908]
Event: 18617.427 Thread 0x000001ae5d8bbd10 13389       3       com.fasterxml.jackson.databind.PropertyNamingStrategies$NamingBase::nameForField (6 bytes)
Event: 18617.427 Thread 0x000001ae5d8bbd10 nmethod 13389 0x000001ae34ab8490 code [0x000001ae34ab8640, 0x000001ae34ab8808]
Event: 18617.453 Thread 0x000001ae5af6e1a0 nmethod 13388 0x000001ae3bea9510 code [0x000001ae3bea9720, 0x000001ae3beaa8c0]
Event: 18617.453 Thread 0x000001ae5af6e1a0 13393       4       com.fasterxml.jackson.databind.deser.DeserializerCache::_createDeserializer2 (222 bytes)

GC Heap History (20 events):
Event: 13704.870 GC heap before
{Heap before GC invocations=31 (full 0):
 garbage-first heap   total 81920K, used 56758K [0x0000000583000000, 0x0000000800000000)
  region size 8192K, 4 young (32768K), 1 survivors (8192K)
 Metaspace       used 59133K, committed 59712K, reserved 1114112K
  class space    used 7555K, committed 7808K, reserved 1048576K
}
Event: 13704.880 GC heap after
{Heap after GC invocations=32 (full 0):
 garbage-first heap   total 81920K, used 32281K [0x0000000583000000, 0x0000000800000000)
  region size 8192K, 1 young (8192K), 1 survivors (8192K)
 Metaspace       used 59133K, committed 59712K, reserved 1114112K
  class space    used 7555K, committed 7808K, reserved 1048576K
}
Event: 14672.980 GC heap before
{Heap before GC invocations=32 (full 0):
 garbage-first heap   total 81920K, used 56857K [0x0000000583000000, 0x0000000800000000)
  region size 8192K, 4 young (32768K), 1 survivors (8192K)
 Metaspace       used 59157K, committed 59712K, reserved 1114112K
  class space    used 7555K, committed 7808K, reserved 1048576K
}
Event: 14672.986 GC heap after
{Heap after GC invocations=33 (full 0):
 garbage-first heap   total 81920K, used 32252K [0x0000000583000000, 0x0000000800000000)
  region size 8192K, 1 young (8192K), 1 survivors (8192K)
 Metaspace       used 59157K, committed 59712K, reserved 1114112K
  class space    used 7555K, committed 7808K, reserved 1048576K
}
Event: 15663.856 GC heap before
{Heap before GC invocations=33 (full 0):
 garbage-first heap   total 81920K, used 56828K [0x0000000583000000, 0x0000000800000000)
  region size 8192K, 4 young (32768K), 1 survivors (8192K)
 Metaspace       used 59245K, committed 59776K, reserved 1114112K
  class space    used 7555K, committed 7808K, reserved 1048576K
}
Event: 15663.862 GC heap after
{Heap after GC invocations=34 (full 0):
 garbage-first heap   total 81920K, used 32178K [0x0000000583000000, 0x0000000800000000)
  region size 8192K, 1 young (8192K), 1 survivors (8192K)
 Metaspace       used 59245K, committed 59776K, reserved 1114112K
  class space    used 7555K, committed 7808K, reserved 1048576K
}
Event: 16361.628 GC heap before
{Heap before GC invocations=34 (full 0):
 garbage-first heap   total 81920K, used 56754K [0x0000000583000000, 0x0000000800000000)
  region size 8192K, 4 young (32768K), 1 survivors (8192K)
 Metaspace       used 59391K, committed 59904K, reserved 1114112K
  class space    used 7559K, committed 7808K, reserved 1048576K
}
Event: 16361.634 GC heap after
{Heap after GC invocations=35 (full 0):
 garbage-first heap   total 81920K, used 31906K [0x0000000583000000, 0x0000000800000000)
  region size 8192K, 1 young (8192K), 1 survivors (8192K)
 Metaspace       used 59391K, committed 59904K, reserved 1114112K
  class space    used 7559K, committed 7808K, reserved 1048576K
}
Event: 16726.484 GC heap before
{Heap before GC invocations=35 (full 0):
 garbage-first heap   total 81920K, used 56482K [0x0000000583000000, 0x0000000800000000)
  region size 8192K, 4 young (32768K), 1 survivors (8192K)
 Metaspace       used 59495K, committed 60096K, reserved 1114112K
  class space    used 7560K, committed 7808K, reserved 1048576K
}
Event: 16726.486 GC heap after
{Heap after GC invocations=36 (full 0):
 garbage-first heap   total 81920K, used 31991K [0x0000000583000000, 0x0000000800000000)
  region size 8192K, 1 young (8192K), 1 survivors (8192K)
 Metaspace       used 59495K, committed 60096K, reserved 1114112K
  class space    used 7560K, committed 7808K, reserved 1048576K
}
Event: 17117.611 GC heap before
{Heap before GC invocations=36 (full 0):
 garbage-first heap   total 81920K, used 56567K [0x0000000583000000, 0x0000000800000000)
  region size 8192K, 4 young (32768K), 1 survivors (8192K)
 Metaspace       used 59563K, committed 60160K, reserved 1114112K
  class space    used 7560K, committed 7808K, reserved 1048576K
}
Event: 17117.613 GC heap after
{Heap after GC invocations=37 (full 0):
 garbage-first heap   total 81920K, used 31901K [0x0000000583000000, 0x0000000800000000)
  region size 8192K, 1 young (8192K), 1 survivors (8192K)
 Metaspace       used 59563K, committed 60160K, reserved 1114112K
  class space    used 7560K, committed 7808K, reserved 1048576K
}
Event: 17508.765 GC heap before
{Heap before GC invocations=37 (full 0):
 garbage-first heap   total 81920K, used 56477K [0x0000000583000000, 0x0000000800000000)
  region size 8192K, 4 young (32768K), 1 survivors (8192K)
 Metaspace       used 59645K, committed 60160K, reserved 1114112K
  class space    used 7561K, committed 7808K, reserved 1048576K
}
Event: 17508.768 GC heap after
{Heap after GC invocations=38 (full 0):
 garbage-first heap   total 81920K, used 31959K [0x0000000583000000, 0x0000000800000000)
  region size 8192K, 1 young (8192K), 1 survivors (8192K)
 Metaspace       used 59645K, committed 60160K, reserved 1114112K
  class space    used 7561K, committed 7808K, reserved 1048576K
}
Event: 17899.935 GC heap before
{Heap before GC invocations=38 (full 0):
 garbage-first heap   total 81920K, used 56535K [0x0000000583000000, 0x0000000800000000)
  region size 8192K, 4 young (32768K), 1 survivors (8192K)
 Metaspace       used 59717K, committed 60288K, reserved 1114112K
  class space    used 7561K, committed 7808K, reserved 1048576K
}
Event: 17899.938 GC heap after
{Heap after GC invocations=39 (full 0):
 garbage-first heap   total 81920K, used 32026K [0x0000000583000000, 0x0000000800000000)
  region size 8192K, 1 young (8192K), 1 survivors (8192K)
 Metaspace       used 59717K, committed 60288K, reserved 1114112K
  class space    used 7561K, committed 7808K, reserved 1048576K
}
Event: 18316.391 GC heap before
{Heap before GC invocations=39 (full 0):
 garbage-first heap   total 81920K, used 56602K [0x0000000583000000, 0x0000000800000000)
  region size 8192K, 4 young (32768K), 1 survivors (8192K)
 Metaspace       used 59772K, committed 60288K, reserved 1114112K
  class space    used 7562K, committed 7808K, reserved 1048576K
}
Event: 18316.393 GC heap after
{Heap after GC invocations=40 (full 0):
 garbage-first heap   total 81920K, used 31901K [0x0000000583000000, 0x0000000800000000)
  region size 8192K, 1 young (8192K), 1 survivors (8192K)
 Metaspace       used 59772K, committed 60288K, reserved 1114112K
  class space    used 7562K, committed 7808K, reserved 1048576K
}
Event: 18617.395 GC heap before
{Heap before GC invocations=40 (full 0):
 garbage-first heap   total 81920K, used 48285K [0x0000000583000000, 0x0000000800000000)
  region size 8192K, 4 young (32768K), 1 survivors (8192K)
 Metaspace       used 59797K, committed 60288K, reserved 1114112K
  class space    used 7562K, committed 7808K, reserved 1048576K
}
Event: 18617.422 GC heap after
{Heap after GC invocations=41 (full 0):
 garbage-first heap   total 81920K, used 31906K [0x0000000583000000, 0x0000000800000000)
  region size 8192K, 1 young (8192K), 1 survivors (8192K)
 Metaspace       used 59797K, committed 60288K, reserved 1114112K
  class space    used 7562K, committed 7808K, reserved 1048576K
}

Deoptimization events (20 events):
Event: 18561.973 Thread 0x000001aea56493c0 Uncommon trap: trap_request=0xfffffff4 fr.pc=0x000001ae3c3676d8 relative=0x0000000000005898
Event: 18561.973 Thread 0x000001aea56493c0 Uncommon trap: reason=null_check action=make_not_entrant pc=0x000001ae3c3676d8 method=com.fasterxml.jackson.databind.deser.DeserializerCache._createDeserializer2(Lcom/fasterxml/jackson/databind/DeserializationContext;Lcom/fasterxml/jackson/databind/deser/
Event: 18561.973 Thread 0x000001aea56493c0 DEOPT PACKING pc=0x000001ae3c3676d8 sp=0x0000002eed5fc9b0
Event: 18561.973 Thread 0x000001aea56493c0 DEOPT UNPACKING pc=0x000001ae3b575ba3 sp=0x0000002eed5fc9c8 mode 2
Event: 18592.062 Thread 0x000001aea56493c0 Uncommon trap: trap_request=0xffffffd6 fr.pc=0x000001ae3bcf5520 relative=0x00000000000004e0
Event: 18592.062 Thread 0x000001aea56493c0 Uncommon trap: reason=array_check action=maybe_recompile pc=0x000001ae3bcf5520 method=com.fasterxml.jackson.databind.util.ArrayBuilders.insertInListNoDup([Ljava/lang/Object;Ljava/lang/Object;)[Ljava/lang/Object; @ 123 c2
Event: 18592.062 Thread 0x000001aea56493c0 DEOPT PACKING pc=0x000001ae3bcf5520 sp=0x0000002eed5fdbb0
Event: 18592.062 Thread 0x000001aea56493c0 DEOPT UNPACKING pc=0x000001ae3b575ba3 sp=0x0000002eed5fdb50 mode 2
Event: 18592.062 Thread 0x000001aea56493c0 Uncommon trap: trap_request=0xffffffd6 fr.pc=0x000001ae3bcf5520 relative=0x00000000000004e0
Event: 18592.062 Thread 0x000001aea56493c0 Uncommon trap: reason=array_check action=maybe_recompile pc=0x000001ae3bcf5520 method=com.fasterxml.jackson.databind.util.ArrayBuilders.insertInListNoDup([Ljava/lang/Object;Ljava/lang/Object;)[Ljava/lang/Object; @ 123 c2
Event: 18592.062 Thread 0x000001aea56493c0 DEOPT PACKING pc=0x000001ae3bcf5520 sp=0x0000002eed5fdba0
Event: 18592.062 Thread 0x000001aea56493c0 DEOPT UNPACKING pc=0x000001ae3b575ba3 sp=0x0000002eed5fdb40 mode 2
Event: 18592.062 Thread 0x000001aea56493c0 Uncommon trap: trap_request=0xffffffd6 fr.pc=0x000001ae3bcf5520 relative=0x00000000000004e0
Event: 18592.062 Thread 0x000001aea56493c0 Uncommon trap: reason=array_check action=maybe_recompile pc=0x000001ae3bcf5520 method=com.fasterxml.jackson.databind.util.ArrayBuilders.insertInListNoDup([Ljava/lang/Object;Ljava/lang/Object;)[Ljava/lang/Object; @ 123 c2
Event: 18592.062 Thread 0x000001aea56493c0 DEOPT PACKING pc=0x000001ae3bcf5520 sp=0x0000002eed5fdaa0
Event: 18592.063 Thread 0x000001aea56493c0 DEOPT UNPACKING pc=0x000001ae3b575ba3 sp=0x0000002eed5fda40 mode 2
Event: 18592.063 Thread 0x000001aea56493c0 Uncommon trap: trap_request=0xffffffd6 fr.pc=0x000001ae3bcf5520 relative=0x00000000000004e0
Event: 18592.063 Thread 0x000001aea56493c0 Uncommon trap: reason=array_check action=maybe_recompile pc=0x000001ae3bcf5520 method=com.fasterxml.jackson.databind.util.ArrayBuilders.insertInListNoDup([Ljava/lang/Object;Ljava/lang/Object;)[Ljava/lang/Object; @ 123 c2
Event: 18592.063 Thread 0x000001aea56493c0 DEOPT PACKING pc=0x000001ae3bcf5520 sp=0x0000002eed5fdaa0
Event: 18592.063 Thread 0x000001aea56493c0 DEOPT UNPACKING pc=0x000001ae3b575ba3 sp=0x0000002eed5fda40 mode 2

Classes unloaded (20 events):
Event: 18617.669 Thread 0x000001ae5d8b3010 Unloading class 0x000001ae5f118400 'java/lang/invoke/LambdaForm$MH+0x000001ae5f118400'
Event: 18617.669 Thread 0x000001ae5d8b3010 Unloading class 0x000001ae5f118000 'java/lang/invoke/LambdaForm$MH+0x000001ae5f118000'
Event: 18617.669 Thread 0x000001ae5d8b3010 Unloading class 0x000001ae5f038800 'java/lang/invoke/LambdaForm$MH+0x000001ae5f038800'
Event: 18617.669 Thread 0x000001ae5d8b3010 Unloading class 0x000001ae5f038400 'java/lang/invoke/LambdaForm$MH+0x000001ae5f038400'
Event: 18617.669 Thread 0x000001ae5d8b3010 Unloading class 0x000001ae5f038000 'java/lang/invoke/LambdaForm$MH+0x000001ae5f038000'
Event: 18617.669 Thread 0x000001ae5d8b3010 Unloading class 0x000001ae5f034c00 'java/lang/invoke/LambdaForm$MH+0x000001ae5f034c00'
Event: 18617.669 Thread 0x000001ae5d8b3010 Unloading class 0x000001ae5f034800 'java/lang/invoke/LambdaForm$MH+0x000001ae5f034800'
Event: 18617.669 Thread 0x000001ae5d8b3010 Unloading class 0x000001ae5f034400 'java/lang/invoke/LambdaForm$MH+0x000001ae5f034400'
Event: 18617.669 Thread 0x000001ae5d8b3010 Unloading class 0x000001ae5f018800 'java/lang/invoke/LambdaForm$MH+0x000001ae5f018800'
Event: 18617.669 Thread 0x000001ae5d8b3010 Unloading class 0x000001ae5f018400 'java/lang/invoke/LambdaForm$MH+0x000001ae5f018400'
Event: 18617.669 Thread 0x000001ae5d8b3010 Unloading class 0x000001ae5f017c00 'java/lang/invoke/LambdaForm$MH+0x000001ae5f017c00'
Event: 18617.669 Thread 0x000001ae5d8b3010 Unloading class 0x000001ae5f017800 'java/lang/invoke/LambdaForm$MH+0x000001ae5f017800'
Event: 18617.669 Thread 0x000001ae5d8b3010 Unloading class 0x000001ae5f016800 'java/lang/invoke/LambdaForm$MH+0x000001ae5f016800'
Event: 18617.670 Thread 0x000001ae5d8b3010 Unloading class 0x000001ae5f016000 'java/lang/invoke/LambdaForm$MH+0x000001ae5f016000'
Event: 18617.670 Thread 0x000001ae5d8b3010 Unloading class 0x000001ae5f015c00 'java/lang/invoke/LambdaForm$MH+0x000001ae5f015c00'
Event: 18617.670 Thread 0x000001ae5d8b3010 Unloading class 0x000001ae5f015800 'java/lang/invoke/LambdaForm$MH+0x000001ae5f015800'
Event: 18617.670 Thread 0x000001ae5d8b3010 Unloading class 0x000001ae5f015400 'java/lang/invoke/LambdaForm$MH+0x000001ae5f015400'
Event: 18617.670 Thread 0x000001ae5d8b3010 Unloading class 0x000001ae5f015000 'java/lang/invoke/LambdaForm$MH+0x000001ae5f015000'
Event: 18617.670 Thread 0x000001ae5d8b3010 Unloading class 0x000001ae5f014800 'java/lang/invoke/LambdaForm$MH+0x000001ae5f014800'
Event: 18617.670 Thread 0x000001ae5d8b3010 Unloading class 0x000001ae5f014000 'java/lang/invoke/LambdaForm$MH+0x000001ae5f014000'

Classes redefined (0 events):
No events

Internal exceptions (20 events):
Event: 18557.278 Thread 0x000001aea5647bb0 Exception <a 'java/net/SocketException'{0x00000005a9f33760}: Socket is not connected: shutdown> (0x00000005a9f33760) 
thrown [s\open\src\hotspot\share\prims\jni.cpp, line 535]
Event: 18557.304 Thread 0x000001aea5647bb0 Exception <a 'java/net/ConnectException'{0x00000005a9f34b68}: Connection refused: no further information> (0x00000005a9f34b68) 
thrown [s\open\src\hotspot\share\prims\jni.cpp, line 535]
Event: 18557.304 Thread 0x000001aea5647bb0 Exception <a 'java/net/SocketException'{0x00000005a9f35148}: Socket is not connected: shutdown> (0x00000005a9f35148) 
thrown [s\open\src\hotspot\share\prims\jni.cpp, line 535]
Event: 18561.973 Thread 0x000001aea56493c0 Implicit null exception at 0x000001ae3c36208c to 0x000001ae3c3676bc
Event: 18562.007 Thread 0x000001aea56493c0 Exception <a 'java/net/ConnectException'{0x000000058681de70}: Connection refused: no further information> (0x000000058681de70) 
thrown [s\open\src\hotspot\share\prims\jni.cpp, line 535]
Event: 18562.007 Thread 0x000001aea56493c0 Exception <a 'java/net/SocketException'{0x000000058681e450}: Socket is not connected: shutdown> (0x000000058681e450) 
thrown [s\open\src\hotspot\share\prims\jni.cpp, line 535]
Event: 18562.044 Thread 0x000001aea56493c0 Exception <a 'java/net/ConnectException'{0x000000058681f858}: Connection refused: no further information> (0x000000058681f858) 
thrown [s\open\src\hotspot\share\prims\jni.cpp, line 535]
Event: 18562.044 Thread 0x000001aea56493c0 Exception <a 'java/net/SocketException'{0x000000058681fe38}: Socket is not connected: shutdown> (0x000000058681fe38) 
thrown [s\open\src\hotspot\share\prims\jni.cpp, line 535]
Event: 18587.345 Thread 0x000001aea5647bb0 Exception <a 'java/net/ConnectException'{0x00000005868f5ec8}: Connection refused: no further information> (0x00000005868f5ec8) 
thrown [s\open\src\hotspot\share\prims\jni.cpp, line 535]
Event: 18587.345 Thread 0x000001aea5647bb0 Exception <a 'java/net/SocketException'{0x00000005868f64a8}: Socket is not connected: shutdown> (0x00000005868f64a8) 
thrown [s\open\src\hotspot\share\prims\jni.cpp, line 535]
Event: 18587.375 Thread 0x000001aea5647bb0 Exception <a 'java/net/ConnectException'{0x00000005868f78b0}: Connection refused: no further information> (0x00000005868f78b0) 
thrown [s\open\src\hotspot\share\prims\jni.cpp, line 535]
Event: 18587.375 Thread 0x000001aea5647bb0 Exception <a 'java/net/SocketException'{0x00000005868f7e90}: Socket is not connected: shutdown> (0x00000005868f7e90) 
thrown [s\open\src\hotspot\share\prims\jni.cpp, line 535]
Event: 18592.094 Thread 0x000001aea56493c0 Exception <a 'java/net/ConnectException'{0x00000005869e9648}: Connection refused: no further information> (0x00000005869e9648) 
thrown [s\open\src\hotspot\share\prims\jni.cpp, line 535]
Event: 18592.094 Thread 0x000001aea56493c0 Exception <a 'java/net/SocketException'{0x00000005869e9c28}: Socket is not connected: shutdown> (0x00000005869e9c28) 
thrown [s\open\src\hotspot\share\prims\jni.cpp, line 535]
Event: 18592.125 Thread 0x000001aea56493c0 Exception <a 'java/net/ConnectException'{0x00000005869eb030}: Connection refused: no further information> (0x00000005869eb030) 
thrown [s\open\src\hotspot\share\prims\jni.cpp, line 535]
Event: 18592.125 Thread 0x000001aea56493c0 Exception <a 'java/net/SocketException'{0x00000005869eb610}: Socket is not connected: shutdown> (0x00000005869eb610) 
thrown [s\open\src\hotspot\share\prims\jni.cpp, line 535]
Event: 18617.440 Thread 0x000001aea5647bb0 Exception <a 'java/net/ConnectException'{0x00000005aa8527b0}: Connection refused: no further information> (0x00000005aa8527b0) 
thrown [s\open\src\hotspot\share\prims\jni.cpp, line 535]
Event: 18617.441 Thread 0x000001aea5647bb0 Exception <a 'java/net/SocketException'{0x00000005aa852d90}: Socket is not connected: shutdown> (0x00000005aa852d90) 
thrown [s\open\src\hotspot\share\prims\jni.cpp, line 535]
Event: 18617.458 Thread 0x000001aea5647bb0 Exception <a 'java/net/ConnectException'{0x00000005aa854198}: Connection refused: no further information> (0x00000005aa854198) 
thrown [s\open\src\hotspot\share\prims\jni.cpp, line 535]
Event: 18617.458 Thread 0x000001aea5647bb0 Exception <a 'java/net/SocketException'{0x00000005aa854778}: Socket is not connected: shutdown> (0x00000005aa854778) 
thrown [s\open\src\hotspot\share\prims\jni.cpp, line 535]

VM Operations (20 events):
Event: 18196.785 Executing VM operation: Cleanup done
Event: 18226.997 Executing VM operation: Cleanup
Event: 18226.997 Executing VM operation: Cleanup done
Event: 18316.390 Executing VM operation: G1CollectForAllocation
Event: 18316.393 Executing VM operation: G1CollectForAllocation done
Event: 18351.717 Executing VM operation: Cleanup
Event: 18351.717 Executing VM operation: Cleanup done
Event: 18381.999 Executing VM operation: Cleanup
Event: 18381.999 Executing VM operation: Cleanup done
Event: 18471.739 Executing VM operation: Cleanup
Event: 18471.739 Executing VM operation: Cleanup done
Event: 18527.329 Executing VM operation: Cleanup
Event: 18527.329 Executing VM operation: Cleanup done
Event: 18562.685 Executing VM operation: Cleanup
Event: 18562.685 Executing VM operation: Cleanup done
Event: 18593.021 Executing VM operation: Cleanup
Event: 18593.021 Executing VM operation: Cleanup done
Event: 18617.395 Executing VM operation: CollectForMetadataAllocation
Event: 18617.422 Executing VM operation: CollectForMetadataAllocation done
Event: 18617.657 Executing VM operation: G1Concurrent

Events (20 events):
Event: 18075.882 Thread 0x000001ae5d8d69e0 flushing nmethod 0x000001ae353f5510
Event: 18075.882 Thread 0x000001ae5d8d69e0 flushing nmethod 0x000001ae35402410
Event: 18075.882 Thread 0x000001ae5d8d69e0 flushing nmethod 0x000001ae35403710
Event: 18075.882 Thread 0x000001ae5d8d69e0 flushing nmethod 0x000001ae35451c90
Event: 18075.883 Thread 0x000001ae5d8d69e0 flushing nmethod 0x000001ae3545b390
Event: 18075.883 Thread 0x000001ae5d8d69e0 flushing nmethod 0x000001ae3545d690
Event: 18075.883 Thread 0x000001ae5d8d69e0 flushing nmethod 0x000001ae35461a10
Event: 18075.883 Thread 0x000001ae5d8d69e0 flushing nmethod 0x000001ae35462910
Event: 18075.883 Thread 0x000001ae5d8d69e0 flushing nmethod 0x000001ae35472690
Event: 18075.883 Thread 0x000001ae5d8d69e0 flushing nmethod 0x000001ae354bd490
Event: 18075.883 Thread 0x000001ae5d8d69e0 flushing nmethod 0x000001ae354cbb10
Event: 18075.883 Thread 0x000001ae5d8d69e0 flushing nmethod 0x000001ae354ec810
Event: 18075.884 Thread 0x000001ae5d8d69e0 flushing nmethod 0x000001ae3559d410
Event: 18075.884 Thread 0x000001ae5d8d69e0 flushing nmethod 0x000001ae355a9010
Event: 18075.884 Thread 0x000001ae5d8d69e0 flushing nmethod 0x000001ae355ad890
Event: 18075.884 Thread 0x000001ae5d8d69e0 flushing nmethod 0x000001ae3560fe90
Event: 18075.885 Thread 0x000001ae5d8d69e0 flushing nmethod 0x000001ae35658690
Event: 18075.885 Thread 0x000001ae5d8d69e0 flushing nmethod 0x000001ae35705b90
Event: 18075.885 Thread 0x000001ae5d8d69e0 flushing nmethod 0x000001ae3571c610
Event: 18075.885 Thread 0x000001ae5d8d69e0 flushing nmethod 0x000001ae3573aa90


Dynamic libraries:
0x00007ff7ce1f0000 - 0x00007ff7ce200000 	C:\Program Files\Java\jdk-17\bin\java.exe
0x00007ff8259a0000 - 0x00007ff825c07000 	C:\Windows\SYSTEM32\ntdll.dll
0x00007ff8254b0000 - 0x00007ff825579000 	C:\Windows\System32\KERNEL32.DLL
0x00007ff822d70000 - 0x00007ff823160000 	C:\Windows\System32\KERNELBASE.dll
0x00007ff823380000 - 0x00007ff8234cb000 	C:\Windows\System32\ucrtbase.dll
0x00007fff6afb0000 - 0x00007fff6afc9000 	C:\Program Files\Java\jdk-17\bin\jli.dll
0x00007ff8256d0000 - 0x00007ff825784000 	C:\Windows\System32\ADVAPI32.dll
0x00007fff6af90000 - 0x00007fff6afab000 	C:\Program Files\Java\jdk-17\bin\VCRUNTIME140.dll
0x00007ff825790000 - 0x00007ff825839000 	C:\Windows\System32\msvcrt.dll
0x00007ff824dc0000 - 0x00007ff824e66000 	C:\Windows\System32\sechost.dll
0x00007ff825840000 - 0x00007ff825958000 	C:\Windows\System32\RPCRT4.dll
0x00007ff8245e0000 - 0x00007ff8247a5000 	C:\Windows\System32\USER32.dll
0x00007ff823650000 - 0x00007ff823677000 	C:\Windows\System32\win32u.dll
0x00007ff825580000 - 0x00007ff8255ab000 	C:\Windows\System32\GDI32.dll
0x00007ff822c30000 - 0x00007ff822d68000 	C:\Windows\System32\gdi32full.dll
0x00007ff823680000 - 0x00007ff823723000 	C:\Windows\System32\msvcp_win.dll
0x00007ff8072d0000 - 0x00007ff80756a000 	C:\Windows\WinSxS\amd64_microsoft.windows.common-controls_6595b64144ccf1df_6.0.26100.4768_none_3e0c112ce331287c\COMCTL32.dll
0x00007ff81a4f0000 - 0x00007ff81a4fb000 	C:\Windows\SYSTEM32\VERSION.dll
0x00007ff824430000 - 0x00007ff82445f000 	C:\Windows\System32\IMM32.DLL
0x00007fffeea40000 - 0x00007fffeea4c000 	C:\Program Files\Java\jdk-17\bin\vcruntime140_1.dll
0x00007fff69390000 - 0x00007fff6941e000 	C:\Program Files\Java\jdk-17\bin\msvcp140.dll
0x00007fff4aa10000 - 0x00007fff4b5f1000 	C:\Program Files\Java\jdk-17\bin\server\jvm.dll
0x00007ff807690000 - 0x00007ff80769a000 	C:\Windows\SYSTEM32\WSOCK32.dll
0x00007ff8255b0000 - 0x00007ff8255b8000 	C:\Windows\System32\PSAPI.DLL
0x00007ff80ab30000 - 0x00007ff80ab65000 	C:\Windows\SYSTEM32\WINMM.dll
0x00007ff824e70000 - 0x00007ff824ee4000 	C:\Windows\System32\WS2_32.dll
0x00007ff821810000 - 0x00007ff82182b000 	C:\Windows\SYSTEM32\kernel.appcore.dll
0x00007fffee530000 - 0x00007fffee53a000 	C:\Program Files\Java\jdk-17\bin\jimage.dll
0x00007ff81ffa0000 - 0x00007ff8201e1000 	C:\Windows\SYSTEM32\DBGHELP.DLL
0x00007ff8247b0000 - 0x00007ff824b35000 	C:\Windows\System32\combase.dll
0x00007ff824c40000 - 0x00007ff824d20000 	C:\Windows\System32\OLEAUT32.dll
0x00007fffe89f0000 - 0x00007fffe8a33000 	C:\Windows\SYSTEM32\dbgcore.DLL
0x00007ff822b90000 - 0x00007ff822c29000 	C:\Windows\System32\bcryptPrimitives.dll
0x00007fff6af60000 - 0x00007fff6af85000 	C:\Program Files\Java\jdk-17\bin\java.dll
0x00007fff62f70000 - 0x00007fff63047000 	C:\Program Files\Java\jdk-17\bin\jsvml.dll
0x00007ff823bd0000 - 0x00007ff82431d000 	C:\Windows\System32\SHELL32.dll
0x00007ff8234d0000 - 0x00007ff823643000 	C:\Windows\System32\wintypes.dll
0x00007ff820670000 - 0x00007ff820ecf000 	C:\Windows\SYSTEM32\windows.storage.dll
0x00007ff824b40000 - 0x00007ff824c35000 	C:\Windows\System32\SHCORE.dll
0x00007ff825660000 - 0x00007ff8256ca000 	C:\Windows\System32\shlwapi.dll
0x00007ff8229f0000 - 0x00007ff822a19000 	C:\Windows\SYSTEM32\profapi.dll
0x00007fff6af40000 - 0x00007fff6af59000 	C:\Program Files\Java\jdk-17\bin\net.dll
0x00007ff815590000 - 0x00007ff8156ae000 	C:\Windows\SYSTEM32\WINHTTP.dll
0x00007ff821d80000 - 0x00007ff821deb000 	C:\Windows\system32\mswsock.dll
0x00007fff6af20000 - 0x00007fff6af36000 	C:\Program Files\Java\jdk-17\bin\nio.dll
0x00007fff68ff0000 - 0x00007fff69008000 	C:\Program Files\Java\jdk-17\bin\zip.dll
0x00007fffd87a0000 - 0x00007fffd87aa000 	C:\Program Files\Java\jdk-17\bin\management.dll
0x00007fffcf3f0000 - 0x00007fffcf3fb000 	C:\Program Files\Java\jdk-17\bin\management_ext.dll
0x00007ff8213a0000 - 0x00007ff8214c6000 	C:\Windows\SYSTEM32\DNSAPI.dll
0x00007ff8212b0000 - 0x00007ff8212e3000 	C:\Windows\SYSTEM32\IPHLPAPI.DLL
0x00007ff8253f0000 - 0x00007ff8253fa000 	C:\Windows\System32\NSI.dll
0x00007ff81a500000 - 0x00007ff81a50b000 	C:\Windows\System32\rasadhlp.dll
0x00007ff81c010000 - 0x00007ff81c096000 	C:\Windows\System32\fwpuclnt.dll
0x00007ff81a490000 - 0x00007ff81a4af000 	C:\Windows\SYSTEM32\dhcpcsvc6.DLL
0x00007ff81a4c0000 - 0x00007ff81a4e5000 	C:\Windows\SYSTEM32\dhcpcsvc.DLL
0x00007ff822160000 - 0x00007ff82217b000 	C:\Windows\SYSTEM32\CRYPTSP.dll
0x00007ff821770000 - 0x00007ff8217ab000 	C:\Windows\system32\rsaenh.dll
0x00007ff821e20000 - 0x00007ff821e4b000 	C:\Windows\SYSTEM32\USERENV.dll
0x00007ff8229c0000 - 0x00007ff8229e6000 	C:\Windows\SYSTEM32\bcrypt.dll
0x00007ff821fc0000 - 0x00007ff821fcc000 	C:\Windows\SYSTEM32\CRYPTBASE.dll
0x00007ff809ac0000 - 0x00007ff809ace000 	C:\Program Files\Java\jdk-17\bin\sunmscapi.dll
0x00007ff823170000 - 0x00007ff8232e7000 	C:\Windows\System32\CRYPT32.dll
0x00007ff8222c0000 - 0x00007ff8222f0000 	C:\Windows\SYSTEM32\ncrypt.dll
0x00007ff822270000 - 0x00007ff8222af000 	C:\Windows\SYSTEM32\NTASN1.dll
0x00007ff809ae0000 - 0x00007ff809af0000 	C:\Program Files\Java\jdk-17\bin\verify.dll
0x00007fffac0a0000 - 0x00007fffac0a8000 	C:\Windows\system32\wshunix.dll
0x00007fffd77b0000 - 0x00007fffd77c8000 	C:\Windows\system32\napinsp.dll
0x00007fffd75b0000 - 0x00007fffd75d0000 	C:\Windows\system32\wshbth.dll
0x00007fffd7770000 - 0x00007fffd77a0000 	C:\Windows\system32\nlansp_c.dll
0x00007fffd7750000 - 0x00007fffd7762000 	C:\Windows\System32\winrnr.dll

dbghelp: loaded successfully - version: 4.0.5 - missing functions: none
symbol engine: initialized successfully - sym options: 0x614 - pdb path: .;C:\Program Files\Java\jdk-17\bin;C:\Windows\SYSTEM32;C:\Windows\WinSxS\amd64_microsoft.windows.common-controls_6595b64144ccf1df_6.0.26100.4768_none_3e0c112ce331287c;C:\Program Files\Java\jdk-17\bin\server

VM Arguments:
jvm_args: -XX:+ShowCodeDetailsInExceptionMessages 
java_command: com.manamer.sellout.infraestructure.apigateway.ApigatewayApplication
java_class_path (initial): C:\Users\Fernanda Jama\OneDrive - Manamer\Documentos\PROYECTOS 2025-2026\sellout1\backend\infraestructure\apigateway\target\classes;C:\Users\Fernanda Jama\.m2\repository\org\springframework\cloud\spring-cloud-starter-gateway\4.1.2\spring-cloud-starter-gateway-4.1.2.jar;C:\Users\Fernanda Jama\.m2\repository\org\springframework\cloud\spring-cloud-starter\4.1.2\spring-cloud-starter-4.1.2.jar;C:\Users\Fernanda Jama\.m2\repository\org\springframework\cloud\spring-cloud-context\4.1.2\spring-cloud-context-4.1.2.jar;C:\Users\Fernanda Jama\.m2\repository\org\springframework\security\spring-security-crypto\6.3.1\spring-security-crypto-6.3.1.jar;C:\Users\Fernanda Jama\.m2\repository\org\springframework\cloud\spring-cloud-commons\4.1.2\spring-cloud-commons-4.1.2.jar;C:\Users\Fernanda Jama\.m2\repository\org\springframework\security\spring-security-rsa\1.1.2\spring-security-rsa-1.1.2.jar;C:\Users\Fernanda Jama\.m2\repository\org\bouncycastle\bcprov-jdk18on\1.77\bcprov-jdk18on-1.77.jar;C:\Users\Fernanda Jama\.m2\repository\org\springframework\cloud\spring-cloud-gateway-server\4.1.2\spring-cloud-gateway-server-4.1.2.jar;C:\Users\Fernanda Jama\.m2\repository\org\springframework\boot\spring-boot-starter-validation\3.2.4\spring-boot-starter-validation-3.2.4.jar;C:\Users\Fernanda Jama\.m2\repository\org\apache\tomcat\embed\tomcat-embed-el\10.1.19\tomcat-embed-el-10.1.19.jar;C:\Users\Fernanda Jama\.m2\repository\org\hibernate\validator\hibernate-validator\8.0.1.Final\hibernate-validator-8.0.1.Final.jar;C:\Users\Fernanda Jama\.m2\repository\jakarta\validation\jakarta.validation-api\3.0.2\jakarta.validation-api-3.0.2.jar;C:\Users\Fernanda Jama\.m2\repository\org\jboss\logging\jboss-logging\3.5.3.Final\jboss-logging-3.5.3.Final.jar;C:\Users\Fernanda Jama\.m2\repository\com\fasterxml\classmate\1.6.0\classmate-1.6.0.jar;C:\Users\Fernanda Jama\.m2\repository\io\projectreactor\addons\reactor-extra\3.5.1\reactor-extra-3.5.1.jar;C:\Users\Fernanda Jama\.m2\repository
Launcher Type: SUN_STANDARD

[Global flags]
     intx CICompilerCount                          = 4                                         {product} {ergonomic}
     uint ConcGCThreads                            = 2                                         {product} {ergonomic}
     uint G1ConcRefinementThreads                  = 8                                         {product} {ergonomic}
   size_t G1HeapRegionSize                         = 8388608                                   {product} {ergonomic}
    uintx GCDrainStackTargetSize                   = 64                                        {product} {ergonomic}
   size_t InitialHeapSize                          = 671088640                                 {product} {ergonomic}
   size_t MarkStackSize                            = 4194304                                   {product} {ergonomic}
   size_t MaxHeapSize                              = 10687086592                               {product} {ergonomic}
   size_t MaxNewSize                               = 6408896512                                {product} {ergonomic}
   size_t MinHeapDeltaBytes                        = 8388608                                   {product} {ergonomic}
   size_t MinHeapSize                              = 8388608                                   {product} {ergonomic}
    uintx NonNMethodCodeHeapSize                   = 5839372                                {pd product} {ergonomic}
    uintx NonProfiledCodeHeapSize                  = 122909434                              {pd product} {ergonomic}
    uintx ProfiledCodeHeapSize                     = 122909434                              {pd product} {ergonomic}
    uintx ReservedCodeCacheSize                    = 251658240                              {pd product} {ergonomic}
     bool SegmentedCodeCache                       = true                                      {product} {ergonomic}
     bool ShowCodeDetailsInExceptionMessages       = true                                   {manageable} {command line}
   size_t SoftMaxHeapSize                          = 10687086592                            {manageable} {ergonomic}
     bool UseCompressedClassPointers               = true                           {product lp64_product} {ergonomic}
     bool UseCompressedOops                        = true                           {product lp64_product} {ergonomic}
     bool UseG1GC                                  = true                                      {product} {ergonomic}
     bool UseLargePagesIndividualAllocation        = false                                  {pd product} {ergonomic}

Logging:
Log output configuration:
 #0: stdout all=warning uptime,level,tags
 #1: stderr all=off uptime,level,tags

Environment Variables:
JAVA_HOME=C:\\Program Files\\Java\\jdk-17
CLASSPATH=C:\Program Files\SAP\SAP Business One DI API\JCO\LIB\sbowrapper.jar;C:\Program Files\SAP\SAP Business One DI API\JCO\LIB\sboapi.jar
PATH=C:\\Program Files\\Java\\jdk-17\\bin;C:\\Users\\Fernanda Jama\\.trae\\tools\\maven\\latest\\bin;C:\\Users\\Fernanda Jama\\.trae\\tools\\gradle\\latest\\bin;C:\Program Files\Java\jdk-17\bin;C:\Users\Fernanda Jama\.trae\tools\maven\latest\bin;C:\Users\Fernanda Jama\.trae\tools\gradle\latest\bin;C:\Python313\Scripts\;C:\Python313\;C:\Program Files\Microsoft MPI\Bin\;C:\Program Files\Common Files\Oracle\Java\javapath;C:\Windows\system32;C:\Windows;C:\Windows\System32\Wbem;C:\Windows\System32\WindowsPowerShell\v1.0\;C:\Windows\System32\OpenSSH\;C:\Program Files\Microsoft SQL Server\Client SDK\ODBC\170\Tools\Binn\;C:\Program Files (x86)\Microsoft SQL Server\150\Tools\Binn\;C:\Program Files\Microsoft SQL Server\150\Tools\Binn\;C:\Program Files\Microsoft SQL Server\150\DTS\Binn\;C:\Program Files (x86)\Microsoft SQL Server\160\DTS\Binn\;C:\Program Files\nodejs\;C:\ProgramData\chocolatey\bin;C:\Program Files\SAP\SAP Business One DI API\JCO\LIB\;C:\Program Files\SAP\SAP Business One DI API\DI API 90;C:\Program Files\SAP\SAP Business One\;C:\Program Files\apache-maven-3.8.8-bin\apache-maven-3.8.8\bin;C:\Users\Fernanda Jama\AppData\Local\Microsoft\WindowsApps;C:\Users\Fernanda Jama\AppData\Local\GitHubDesktop\bin;C:\Users\Fernanda Jama\AppData\Local\Programs\Microsoft VS Code\bin;C:\Users\Fernanda Jama\AppData\Roaming\npm
USERNAME=Fernanda Jama
LANG=en_US.UTF-8
OS=Windows_NT
PROCESSOR_IDENTIFIER=Intel64 Family 6 Model 140 Stepping 1, GenuineIntel



---------------  S Y S T E M  ---------------

OS:
 Windows 11 , 64 bit Build 26100 (10.0.26100.4768)
OS uptime: 0 days 6:04 hours
Hyper-V role detected

CPU: total 8 (initial active 8) (4 cores per cpu, 2 threads per core) family 6 model 140 stepping 1 microcode 0xb8, cx8, cmov, fxsr, ht, mmx, 3dnowpref, sse, sse2, sse3, ssse3, sse4.1, sse4.2, popcnt, lzcnt, tsc, tscinvbit, avx, avx2, aes, erms, clmul, bmi1, bmi2, adx, avx512f, avx512dq, avx512cd, avx512bw, avx512vl, sha, fma, vzeroupper, avx512_vpopcntdq, avx512_vpclmulqdq, avx512_vaes, avx512_vnni, clflush, clflushopt, clwb, avx512_vbmi2, avx512_vbmi, hv

Memory: 4k page, system-wide physical 40743M (269M free)
TotalPageFile size 101623M (AvailPageFile size 18M)
current process WorkingSet (physical memory assigned to process): 202M, peak: 300M
current process commit charge ("private bytes"): 352M, peak: 815M

vm_info: Java HotSpot(TM) 64-Bit Server VM (17.0.15+9-LTS-241) for windows-amd64 JRE (17.0.15+9-LTS-241), built on Feb 20 2025 10:49:54 by "mach5one" with MS VC++ 17.6 (VS2022)

END.
