#
# There is insufficient memory for the Java Runtime Environment to continue.
# Native memory allocation (malloc) failed to allocate 1149120 bytes for Chunk::new
# Possible reasons:
#   The system is out of physical RAM or swap space
#   The process is running with CompressedOops enabled, and the Java Heap may be blocking the growth of the native heap
# Possible solutions:
#   Reduce memory load on the system
#   Increase physical memory or swap space
#   Check if swap backing store is full
#   Decrease Java heap size (-Xmx/-Xms)
#   Decrease number of Java threads
#   Decrease Java thread stack sizes (-Xss)
#   Set larger code cache with -XX:ReservedCodeCacheSize=
#   JVM is running with Zero Based Compressed Oops mode in which the Java heap is
#     placed in the first 32GB address space. The Java Heap base address is the
#     maximum limit for the native heap growth. Please use -XX:HeapBaseMinAddress
#     to set the Java Heap base and to place the Java Heap above 32GB virtual address.
# This output file may be truncated or incomplete.
#
#  Out of Memory Error (arena.cpp:189), pid=21016, tid=24152
#
# JRE version: Java(TM) SE Runtime Environment (17.0.15+9) (build 17.0.15+9-LTS-241)
# Java VM: Java HotSpot(TM) 64-Bit Server VM (17.0.15+9-LTS-241, mixed mode, sharing, tiered, compressed oops, compressed class ptrs, g1 gc, windows-amd64)
# No core dump will be written. Minidumps are not enabled by default on client versions of Windows
#

---------------  S U M M A R Y ------------

Command Line: -XX:+ShowCodeDetailsInExceptionMessages -Dspring.jmx.enabled=true -Dmanagement.endpoints.jmx.exposure.include=* -Dspring.application.admin.enabled=true -Dspring.boot.project.name=com.manamer.sellout.business-sellout -Djava.rmi.server.hostname=localhost -Dcom.sun.management.jmxremote.port=45559 -Dcom.sun.management.jmxremote.authenticate=false -Dcom.sun.management.jmxremote.ssl=false com.manamer.backend.business.sellout.SelloutApplication

Host: 11th Gen Intel(R) Core(TM) i7-1165G7 @ 2.80GHz, 8 cores, 39G,  Windows 11 , 64 bit Build 26100 (10.0.26100.4768)
Time: Thu Aug 14 20:27:47 2025 Hora est. Pacífico, Sudamérica elapsed time: 20659.367050 seconds (0d 5h 44m 19s)

---------------  T H R E A D  ---------------

Current thread (0x000001dc729e1930):  JavaThread "C2 CompilerThread0" daemon [_thread_in_native, id=24152, stack(0x00000085e1d00000,0x00000085e1e00000)]


Current CompileTask:
C2:20659367 19182       4       com.fasterxml.jackson.databind.deser.BasicDeserializerFactory::constructCreatorProperty (234 bytes)

Stack: [0x00000085e1d00000,0x00000085e1e00000]
Native frames: (J=compiled Java code, j=interpreted, Vv=VM code, C=native code)
V  [jvm.dll+0x67a46a]
V  [jvm.dll+0x7da6ad]
V  [jvm.dll+0x7dbff3]
V  [jvm.dll+0x7dc663]
V  [jvm.dll+0x24523f]
V  [jvm.dll+0xab763]
V  [jvm.dll+0xabd2c]
V  [jvm.dll+0x361f0e]
V  [jvm.dll+0x32c5e1]
V  [jvm.dll+0x32ba7a]
V  [jvm.dll+0x2169ef]
V  [jvm.dll+0x215e1f]
V  [jvm.dll+0x1a2a00]
V  [jvm.dll+0x2262bb]
V  [jvm.dll+0x22445b]
V  [jvm.dll+0x790acc]
V  [jvm.dll+0x78b0ba]
V  [jvm.dll+0x679355]
C  [ucrtbase.dll+0x37b0]
C  [KERNEL32.DLL+0x2e8d7]
C  [ntdll.dll+0x3c34c]


---------------  P R O C E S S  ---------------

Threads class SMR info:
_java_thread_list=0x000001dc8067ad60, length=43, elements={
0x000001dc729c60a0, 0x000001dc729c77c0, 0x000001dc729dc4a0, 0x000001dc729dce50,
0x000001dc729deb10, 0x000001dc729df4c0, 0x000001dc729e1930, 0x000001dc729e3a30,
0x000001dc729ed320, 0x000001dc75572aa0, 0x000001dc755c4930, 0x000001dc75e4d750,
0x000001dc75604410, 0x000001dc75604e60, 0x000001dc7afa74b0, 0x000001dc7f5c97d0,
0x000001dc7c0067f0, 0x000001dc7c005980, 0x000001dc7c009810, 0x000001dc7c009ce0,
0x000001dc7c00a1b0, 0x000001dc7c00b4f0, 0x000001dc7e6d43e0, 0x000001dc7e6d4d80,
0x000001dc7e6d2bd0, 0x000001dc7e6d5bf0, 0x000001dc7e6d48b0, 0x000001dc7e6d30a0,
0x000001dc7e6d5250, 0x000001dc7e6d3a40, 0x000001dc7e6d2230, 0x000001dc7e6d3f10,
0x000001dc7f5cc7f0, 0x000001dc7f5ca170, 0x000001dc7f5ca640, 0x000001dc7f5cb4b0,
0x000001dc7f5c9300, 0x000001dc7f5cb980, 0x000001dc7f5cbe50, 0x000001dc7f5cc320,
0x000001dc7c004fe0, 0x000001dc7c00a680, 0x000001dc7afa87f0
}

Java Threads: ( => current thread )
  0x000001dc729c60a0 JavaThread "Reference Handler" daemon [_thread_blocked, id=5676, stack(0x00000085e1700000,0x00000085e1800000)]
  0x000001dc729c77c0 JavaThread "Finalizer" daemon [_thread_blocked, id=18964, stack(0x00000085e1800000,0x00000085e1900000)]
  0x000001dc729dc4a0 JavaThread "Signal Dispatcher" daemon [_thread_blocked, id=10740, stack(0x00000085e1900000,0x00000085e1a00000)]
  0x000001dc729dce50 JavaThread "Attach Listener" daemon [_thread_blocked, id=23964, stack(0x00000085e1a00000,0x00000085e1b00000)]
  0x000001dc729deb10 JavaThread "Service Thread" daemon [_thread_blocked, id=8128, stack(0x00000085e1b00000,0x00000085e1c00000)]
  0x000001dc729df4c0 JavaThread "Monitor Deflation Thread" daemon [_thread_blocked, id=21352, stack(0x00000085e1c00000,0x00000085e1d00000)]
=>0x000001dc729e1930 JavaThread "C2 CompilerThread0" daemon [_thread_in_native, id=24152, stack(0x00000085e1d00000,0x00000085e1e00000)]
  0x000001dc729e3a30 JavaThread "C1 CompilerThread0" daemon [_thread_blocked, id=12444, stack(0x00000085e1e00000,0x00000085e1f00000)]
  0x000001dc729ed320 JavaThread "Sweeper thread" daemon [_thread_blocked, id=9976, stack(0x00000085e1f00000,0x00000085e2000000)]
  0x000001dc75572aa0 JavaThread "Common-Cleaner" daemon [_thread_blocked, id=3224, stack(0x00000085e2000000,0x00000085e2100000)]
  0x000001dc755c4930 JavaThread "Notification Thread" daemon [_thread_blocked, id=26176, stack(0x00000085e2100000,0x00000085e2200000)]
  0x000001dc75e4d750 JavaThread "RMI TCP Accept-0" daemon [_thread_in_native, id=26316, stack(0x00000085e2300000,0x00000085e2400000)]
  0x000001dc75604410 JavaThread "RMI TCP Accept-45559" daemon [_thread_in_native, id=11120, stack(0x00000085e2400000,0x00000085e2500000)]
  0x000001dc75604e60 JavaThread "RMI TCP Accept-0" daemon [_thread_in_native, id=22216, stack(0x00000085e2500000,0x00000085e2600000)]
  0x000001dc7afa74b0 JavaThread "RMI Scheduler(0)" daemon [_thread_blocked, id=24968, stack(0x00000085e3600000,0x00000085e3700000)]
  0x000001dc7f5c97d0 JavaThread "DestroyJavaVM" [_thread_blocked, id=3904, stack(0x00000085e1000000,0x00000085e1100000)]
  0x000001dc7c0067f0 JavaThread "Catalina-utility-1" [_thread_blocked, id=21372, stack(0x00000085e3400000,0x00000085e3500000)]
  0x000001dc7c005980 JavaThread "Catalina-utility-2" [_thread_blocked, id=14360, stack(0x00000085e3700000,0x00000085e3800000)]
  0x000001dc7c009810 JavaThread "container-0" [_thread_blocked, id=21256, stack(0x00000085e3800000,0x00000085e3900000)]
  0x000001dc7c009ce0 JavaThread "mssql-jdbc-shared-timer-core-44" daemon [_thread_blocked, id=14648, stack(0x00000085e3900000,0x00000085e3a00000)]
  0x000001dc7c00a1b0 JavaThread "HikariPool-2 housekeeper" daemon [_thread_blocked, id=25824, stack(0x00000085e3a00000,0x00000085e3b00000)]
  0x000001dc7c00b4f0 JavaThread "spring.cloud.inetutils" daemon [_thread_blocked, id=21556, stack(0x00000085e3c00000,0x00000085e3d00000)]
  0x000001dc7e6d43e0 JavaThread "File Watcher" daemon [_thread_blocked, id=27184, stack(0x00000085e3d00000,0x00000085e3e00000)]
  0x000001dc7e6d4d80 JavaThread "AsyncResolver-bootstrap-0" daemon [_thread_blocked, id=21244, stack(0x00000085e3b00000,0x00000085e3c00000)]
  0x000001dc7e6d2bd0 JavaThread "idle-connection-evictor-1" daemon [_thread_blocked, id=26888, stack(0x00000085e3e00000,0x00000085e3f00000)]
  0x000001dc7e6d5bf0 JavaThread "DiscoveryClient-0" daemon [_thread_blocked, id=11680, stack(0x00000085e3f00000,0x00000085e4000000)]
  0x000001dc7e6d48b0 JavaThread "DiscoveryClient-1" daemon [_thread_blocked, id=27556, stack(0x00000085e4000000,0x00000085e4100000)]
  0x000001dc7e6d30a0 JavaThread "DiscoveryClient-InstanceInfoReplicator-0" daemon [_thread_blocked, id=28308, stack(0x00000085e4100000,0x00000085e4200000)]
  0x000001dc7e6d5250 JavaThread "http-nio-8092-exec-1" daemon [_thread_blocked, id=14060, stack(0x00000085e4200000,0x00000085e4300000)]
  0x000001dc7e6d3a40 JavaThread "http-nio-8092-exec-2" daemon [_thread_blocked, id=26336, stack(0x00000085e4300000,0x00000085e4400000)]
  0x000001dc7e6d2230 JavaThread "http-nio-8092-exec-3" daemon [_thread_blocked, id=18172, stack(0x00000085e4400000,0x00000085e4500000)]
  0x000001dc7e6d3f10 JavaThread "http-nio-8092-exec-4" daemon [_thread_blocked, id=15484, stack(0x00000085e4500000,0x00000085e4600000)]
  0x000001dc7f5cc7f0 JavaThread "http-nio-8092-exec-5" daemon [_thread_blocked, id=12840, stack(0x00000085e4600000,0x00000085e4700000)]
  0x000001dc7f5ca170 JavaThread "http-nio-8092-exec-6" daemon [_thread_blocked, id=26152, stack(0x00000085e4700000,0x00000085e4800000)]
  0x000001dc7f5ca640 JavaThread "http-nio-8092-exec-7" daemon [_thread_blocked, id=6012, stack(0x00000085e4800000,0x00000085e4900000)]
  0x000001dc7f5cb4b0 JavaThread "http-nio-8092-exec-8" daemon [_thread_blocked, id=22712, stack(0x00000085e4900000,0x00000085e4a00000)]
  0x000001dc7f5c9300 JavaThread "http-nio-8092-exec-9" daemon [_thread_blocked, id=19068, stack(0x00000085e4a00000,0x00000085e4b00000)]
  0x000001dc7f5cb980 JavaThread "http-nio-8092-exec-10" daemon [_thread_blocked, id=23480, stack(0x00000085e4b00000,0x00000085e4c00000)]
  0x000001dc7f5cbe50 JavaThread "http-nio-8092-Poller" daemon [_thread_in_native, id=7716, stack(0x00000085e4c00000,0x00000085e4d00000)]
  0x000001dc7f5cc320 JavaThread "http-nio-8092-Acceptor" daemon [_thread_in_native, id=24364, stack(0x00000085e4d00000,0x00000085e4e00000)]
  0x000001dc7c004fe0 JavaThread "DiscoveryClient-CacheRefreshExecutor-0" daemon [_thread_in_native, id=20684, stack(0x00000085e2200000,0x00000085e2300000)]
  0x000001dc7c00a680 JavaThread "DiscoveryClient-HeartbeatExecutor-0" daemon [_thread_in_native, id=2284, stack(0x00000085e2f00000,0x00000085e3000000)]
  0x000001dc7afa87f0 JavaThread "AsyncResolver-bootstrap-executor-0" daemon [_thread_blocked, id=4224, stack(0x00000085e0f00000,0x00000085e1000000)]

Other Threads:
  0x000001dc729bf2e0 VMThread "VM Thread" [stack: 0x00000085e1600000,0x00000085e1700000] [id=13116]
  0x000001dc75f445b0 WatcherThread [stack: 0x00000085e2600000,0x00000085e2700000] [id=22424]
  0x000001dc42273000 GCTaskThread "GC Thread#0" [stack: 0x00000085e1100000,0x00000085e1200000] [id=19780]
  0x000001dc7a776f00 GCTaskThread "GC Thread#1" [stack: 0x00000085e2700000,0x00000085e2800000] [id=19928]
  0x000001dc75fa1760 GCTaskThread "GC Thread#2" [stack: 0x00000085e2800000,0x00000085e2900000] [id=20632]
  0x000001dc75fa1a20 GCTaskThread "GC Thread#3" [stack: 0x00000085e2900000,0x00000085e2a00000] [id=20788]
  0x000001dc75fa1ce0 GCTaskThread "GC Thread#4" [stack: 0x00000085e2a00000,0x00000085e2b00000] [id=26548]
  0x000001dc75fa1fa0 GCTaskThread "GC Thread#5" [stack: 0x00000085e2b00000,0x00000085e2c00000] [id=8876]
  0x000001dc75fa2260 GCTaskThread "GC Thread#6" [stack: 0x00000085e2c00000,0x00000085e2d00000] [id=5580]
  0x000001dc75fa2520 GCTaskThread "GC Thread#7" [stack: 0x00000085e2d00000,0x00000085e2e00000] [id=17744]
  0x000001dc4227de90 ConcurrentGCThread "G1 Main Marker" [stack: 0x00000085e1200000,0x00000085e1300000] [id=7028]
  0x000001dc4227ea00 ConcurrentGCThread "G1 Conc#0" [stack: 0x00000085e1300000,0x00000085e1400000] [id=8900]
  0x000001dc7c5db0a0 ConcurrentGCThread "G1 Conc#1" [stack: 0x00000085e3500000,0x00000085e3600000] [id=6196]
  0x000001dc728fc020 ConcurrentGCThread "G1 Refine#0" [stack: 0x00000085e1400000,0x00000085e1500000] [id=24776]
  0x000001dc7a552c00 ConcurrentGCThread "G1 Refine#1" [stack: 0x00000085e2e00000,0x00000085e2f00000] [id=25688]
  0x000001dc728fca50 ConcurrentGCThread "G1 Service" [stack: 0x00000085e1500000,0x00000085e1600000] [id=24896]

Threads with active compile tasks:
C2 CompilerThread0  20659405 19182       4       com.fasterxml.jackson.databind.deser.BasicDeserializerFactory::constructCreatorProperty (234 bytes)

VM state: not at safepoint (normal execution)

VM Mutex/Monitor currently owned by a thread: None

Heap address: 0x0000000583000000, size: 10192 MB, Compressed Oops mode: Zero based, Oop shift amount: 3

CDS archive(s) mapped at: [0x000001dc00000000-0x000001dc00bd0000-0x000001dc00bd0000), size 12386304, SharedBaseAddress: 0x000001dc00000000, ArchiveRelocationMode: 1.
Compressed class space mapped at: 0x000001dc01000000-0x000001dc41000000, reserved size: 1073741824
Narrow klass base: 0x000001dc00000000, Narrow klass shift: 0, Narrow klass range: 0x100000000

GC Precious Log:
 CPUs: 8 total, 8 available
 Memory: 40743M
 Large Page Support: Disabled
 NUMA Support: Disabled
 Compressed Oops: Enabled (Zero based)
 Heap Region Size: 8M
 Heap Min Capacity: 8M
 Heap Initial Capacity: 640M
 Heap Max Capacity: 10192M
 Pre-touch: Disabled
 Parallel Workers: 8
 Concurrent Workers: 2
 Concurrent Refinement Workers: 8
 Periodic GC: Disabled

Heap:
 garbage-first heap   total 196608K, used 109862K [0x0000000583000000, 0x0000000800000000)
  region size 8192K, 7 young (57344K), 1 survivors (8192K)
 Metaspace       used 108972K, committed 109760K, reserved 1179648K
  class space    used 14089K, committed 14464K, reserved 1048576K

Heap Regions: E=young(eden), S=young(survivor), O=old, HS=humongous(starts), HC=humongous(continues), CS=collection set, F=free, OA=open archive, CA=closed archive, TAMS=top-at-mark-start (previous, next)
|   0|0x0000000583000000, 0x0000000583800000, 0x0000000583800000|100%| O|  |TAMS 0x0000000583800000, 0x0000000583000000| Untracked 
|   1|0x0000000583800000, 0x0000000583fdc790, 0x0000000584000000| 98%| O|  |TAMS 0x0000000583800000, 0x0000000583800000| Untracked 
|   2|0x0000000584000000, 0x00000005847fff50, 0x0000000584800000| 99%| O|  |TAMS 0x0000000584000000, 0x0000000584000000| Untracked 
|   3|0x0000000584800000, 0x0000000584fffff8, 0x0000000585000000| 99%| O|  |TAMS 0x0000000584800000, 0x0000000584800000| Untracked 
|   4|0x0000000585000000, 0x00000005857fffe8, 0x0000000585800000| 99%| O|  |TAMS 0x0000000585000000, 0x0000000585000000| Untracked 
|   5|0x0000000585800000, 0x0000000585df79b8, 0x0000000586000000| 74%| O|  |TAMS 0x0000000585800000, 0x0000000585800000| Untracked 
|   6|0x0000000586000000, 0x0000000586309c38, 0x0000000586800000| 37%| O|  |TAMS 0x0000000586000000, 0x0000000586000000| Untracked 
|   7|0x0000000586800000, 0x0000000587000000, 0x0000000587000000|100%| O|  |TAMS 0x0000000586800000, 0x0000000586800000| Untracked 
|   8|0x0000000587000000, 0x000000058747c000, 0x0000000587800000| 56%| O|  |TAMS 0x0000000587000000, 0x0000000587000000| Untracked 
|   9|0x0000000587800000, 0x0000000587800000, 0x0000000588000000|  0%| F|  |TAMS 0x0000000587800000, 0x0000000587800000| Untracked 
|  10|0x0000000588000000, 0x0000000588000000, 0x0000000588800000|  0%| F|  |TAMS 0x0000000588000000, 0x0000000588000000| Untracked 
|  11|0x0000000588800000, 0x0000000588800000, 0x0000000589000000|  0%| F|  |TAMS 0x0000000588800000, 0x0000000588800000| Untracked 
|  12|0x0000000589000000, 0x0000000589000000, 0x0000000589800000|  0%| F|  |TAMS 0x0000000589000000, 0x0000000589000000| Untracked 
|  13|0x0000000589800000, 0x0000000589800000, 0x000000058a000000|  0%| F|  |TAMS 0x0000000589800000, 0x0000000589800000| Untracked 
|  14|0x000000058a000000, 0x000000058a5efc20, 0x000000058a800000| 74%| S|CS|TAMS 0x000000058a000000, 0x000000058a000000| Complete 
|  15|0x000000058a800000, 0x000000058a800000, 0x000000058b000000|  0%| F|  |TAMS 0x000000058a800000, 0x000000058a800000| Untracked 
|  16|0x000000058b000000, 0x000000058b000000, 0x000000058b800000|  0%| F|  |TAMS 0x000000058b000000, 0x000000058b000000| Untracked 
|  17|0x000000058b800000, 0x000000058b800000, 0x000000058c000000|  0%| F|  |TAMS 0x000000058b800000, 0x000000058b800000| Untracked 
|  18|0x000000058c000000, 0x000000058c124c10, 0x000000058c800000| 14%| E|  |TAMS 0x000000058c000000, 0x000000058c000000| Complete 
|  19|0x000000058c800000, 0x000000058d000000, 0x000000058d000000|100%| E|CS|TAMS 0x000000058c800000, 0x000000058c800000| Complete 
|  20|0x000000058d000000, 0x000000058d800000, 0x000000058d800000|100%| E|CS|TAMS 0x000000058d000000, 0x000000058d000000| Complete 
|  21|0x000000058d800000, 0x000000058e000000, 0x000000058e000000|100%| E|CS|TAMS 0x000000058d800000, 0x000000058d800000| Complete 
|  22|0x000000058e000000, 0x000000058e800000, 0x000000058e800000|100%| E|CS|TAMS 0x000000058e000000, 0x000000058e000000| Complete 
|  23|0x000000058e800000, 0x000000058f000000, 0x000000058f000000|100%| E|CS|TAMS 0x000000058e800000, 0x000000058e800000| Complete 

Card table byte_map: [0x000001dc5c140000,0x000001dc5d530000] _byte_map_base: 0x000001dc59528000

Marking Bits (Prev, Next): (CMBitMap*) 0x000001dc42273620, (CMBitMap*) 0x000001dc42273660
 Prev Bits: [0x000001dc5e920000, 0x000001dc68860000)
 Next Bits: [0x000001dc68860000, 0x000001dc727a0000)

Polling page: 0x000001dc42280000

Metaspace:

Usage:
  Non-class:     92.66 MB used.
      Class:     13.76 MB used.
       Both:    106.42 MB used.

Virtual space:
  Non-class space:      128.00 MB reserved,      93.06 MB ( 73%) committed,  2 nodes.
      Class space:        1.00 GB reserved,      14.12 MB (  1%) committed,  1 nodes.
             Both:        1.12 GB reserved,     107.19 MB (  9%) committed. 

Chunk freelists:
   Non-Class:  2.42 MB
       Class:  1.95 MB
        Both:  4.37 MB

MaxMetaspaceSize: unlimited
CompressedClassSpaceSize: 1.00 GB
Initial GC threshold: 21.00 MB
Current GC threshold: 175.75 MB
CDS: on
MetaspaceReclaimPolicy: balanced
 - commit_granule_bytes: 65536.
 - commit_granule_words: 8192.
 - virtual_space_node_default_size: 8388608.
 - enlarge_chunks_in_place: 1.
 - new_chunks_are_fully_committed: 0.
 - uncommit_free_chunks: 1.
 - use_allocation_guard: 0.
 - handle_deallocations: 1.


Internal statistics:

num_allocs_failed_limit: 15.
num_arena_births: 1348.
num_arena_deaths: 334.
num_vsnodes_births: 3.
num_vsnodes_deaths: 0.
num_space_committed: 1715.
num_space_uncommitted: 0.
num_chunks_returned_to_freelist: 437.
num_chunks_taken_from_freelist: 5545.
num_chunk_merges: 142.
num_chunk_splits: 3701.
num_chunks_enlarged: 2709.
num_inconsistent_stats: 0.

CodeHeap 'non-profiled nmethods': size=120000Kb used=14092Kb max_used=14092Kb free=105907Kb
 bounds [0x000001dc52dc0000, 0x000001dc53b90000, 0x000001dc5a2f0000]
CodeHeap 'profiled nmethods': size=120000Kb used=31752Kb max_used=31752Kb free=88247Kb
 bounds [0x000001dc4b2f0000, 0x000001dc4d200000, 0x000001dc52820000]
CodeHeap 'non-nmethods': size=5760Kb used=1438Kb max_used=1496Kb free=4321Kb
 bounds [0x000001dc52820000, 0x000001dc52a90000, 0x000001dc52dc0000]
 total_blobs=16490 nmethods=15718 adapters=683
 compilation: enabled
              stopped_count=0, restarted_count=0
 full_count=0

Compilation events (20 events):
Event: 20627.985 Thread 0x000001dc729e1930 19174 %     4       com.fasterxml.jackson.databind.deser.BeanDeserializerFactory::addBeanProps @ 636 (862 bytes)
Event: 20628.152 Thread 0x000001dc729e3a30 19178       3       java.util.Formatter$FormatSpecifier::printString (107 bytes)
Event: 20628.154 Thread 0x000001dc729e3a30 nmethod 19178 0x000001dc4d1ebe90 code [0x000001dc4d1ec160, 0x000001dc4d1ed118]
Event: 20628.223 Thread 0x000001dc729e3a30 19179       3       java.lang.Class::getProtectionDomain (20 bytes)
Event: 20628.224 Thread 0x000001dc729e3a30 nmethod 19179 0x000001dc4d1ed690 code [0x000001dc4d1ed860, 0x000001dc4d1edbf8]
Event: 20628.236 Thread 0x000001dc729e3a30 19180       3       java.net.SocketException::<init> (6 bytes)
Event: 20628.236 Thread 0x000001dc729e3a30 nmethod 19180 0x000001dc4d1edd90 code [0x000001dc4d1edf40, 0x000001dc4d1ee148]
Event: 20628.684 Thread 0x000001dc729e1930 nmethod 19174% 0x000001dc53b64490 code [0x000001dc53b64dc0, 0x000001dc53b6c5c8]
Event: 20628.685 Thread 0x000001dc729e1930 19175       4       com.fasterxml.jackson.databind.introspect.POJOPropertiesCollector::_addInjectables (108 bytes)
Event: 20628.757 Thread 0x000001dc729e1930 nmethod 19175 0x000001dc53b73110 code [0x000001dc53b734c0, 0x000001dc53b75468]
Event: 20628.757 Thread 0x000001dc729e1930 19176       4       com.fasterxml.jackson.databind.deser.DeserializerCache::findValueDeserializer (37 bytes)
Event: 20629.166 Thread 0x000001dc729e1930 nmethod 19176 0x000001dc53b76c10 code [0x000001dc53b77280, 0x000001dc53b7d9a0]
Event: 20629.167 Thread 0x000001dc729e1930 19177       4       com.fasterxml.jackson.databind.introspect.JacksonAnnotationIntrospector::_isIgnorable (48 bytes)
Event: 20629.171 Thread 0x000001dc729e1930 nmethod 19177 0x000001dc53b82590 code [0x000001dc53b82740, 0x000001dc53b82938]
Event: 20658.274 Thread 0x000001dc729e1930 19181       4       com.fasterxml.jackson.databind.introspect.POJOPropertyBuilder$MemberIterator::next (5 bytes)
Event: 20658.276 Thread 0x000001dc729e1930 nmethod 19181 0x000001dc53b82b90 code [0x000001dc53b82d20, 0x000001dc53b82eb8]
Event: 20658.276 Thread 0x000001dc729e1930 19183       4       com.fasterxml.jackson.databind.util.ClassUtil::nonNullString (9 bytes)
Event: 20658.276 Thread 0x000001dc729e1930 nmethod 19183 0x000001dc53b82f90 code [0x000001dc53b83100, 0x000001dc53b83178]
Event: 20658.276 Thread 0x000001dc729e1930 19182       4       com.fasterxml.jackson.databind.deser.BasicDeserializerFactory::constructCreatorProperty (234 bytes)
Event: 20658.375 Thread 0x000001dc729e3a30 19184       3       com.fasterxml.jackson.databind.type.TypeFactory::constructSpecializedType (277 bytes)

GC Heap History (20 events):
Event: 7516.394 GC heap before
{Heap before GC invocations=26 (full 0):
 garbage-first heap   total 278528K, used 212678K [0x0000000583000000, 0x0000000800000000)
  region size 8192K, 19 young (155648K), 1 survivors (8192K)
 Metaspace       used 106139K, committed 106944K, reserved 1179648K
  class space    used 14011K, committed 14400K, reserved 1048576K
}
Event: 7516.416 GC heap after
{Heap after GC invocations=27 (full 0):
 garbage-first heap   total 278528K, used 65338K [0x0000000583000000, 0x0000000800000000)
  region size 8192K, 1 young (8192K), 1 survivors (8192K)
 Metaspace       used 106139K, committed 106944K, reserved 1179648K
  class space    used 14011K, committed 14400K, reserved 1048576K
}
Event: 10347.454 GC heap before
{Heap before GC invocations=27 (full 0):
 garbage-first heap   total 278528K, used 220986K [0x0000000583000000, 0x0000000800000000)
  region size 8192K, 20 young (163840K), 1 survivors (8192K)
 Metaspace       used 106502K, committed 107264K, reserved 1179648K
  class space    used 14012K, committed 14400K, reserved 1048576K
}
Event: 10347.511 GC heap after
{Heap after GC invocations=28 (full 0):
 garbage-first heap   total 278528K, used 64387K [0x0000000583000000, 0x0000000800000000)
  region size 8192K, 1 young (8192K), 1 survivors (8192K)
 Metaspace       used 106502K, committed 107264K, reserved 1179648K
  class space    used 14012K, committed 14400K, reserved 1048576K
}
Event: 13084.355 GC heap before
{Heap before GC invocations=28 (full 0):
 garbage-first heap   total 278528K, used 220035K [0x0000000583000000, 0x0000000800000000)
  region size 8192K, 20 young (163840K), 1 survivors (8192K)
 Metaspace       used 106669K, committed 107520K, reserved 1179648K
  class space    used 14013K, committed 14400K, reserved 1048576K
}
Event: 13084.408 GC heap after
{Heap after GC invocations=29 (full 0):
 garbage-first heap   total 278528K, used 65039K [0x0000000583000000, 0x0000000800000000)
  region size 8192K, 1 young (8192K), 1 survivors (8192K)
 Metaspace       used 106669K, committed 107520K, reserved 1179648K
  class space    used 14013K, committed 14400K, reserved 1048576K
}
Event: 15935.356 GC heap before
{Heap before GC invocations=29 (full 0):
 garbage-first heap   total 278528K, used 220687K [0x0000000583000000, 0x0000000800000000)
  region size 8192K, 20 young (163840K), 1 survivors (8192K)
 Metaspace       used 106806K, committed 107584K, reserved 1179648K
  class space    used 14014K, committed 14400K, reserved 1048576K
}
Event: 15935.443 GC heap after
{Heap after GC invocations=30 (full 0):
 garbage-first heap   total 278528K, used 63923K [0x0000000583000000, 0x0000000800000000)
  region size 8192K, 1 young (8192K), 1 survivors (8192K)
 Metaspace       used 106806K, committed 107584K, reserved 1179648K
  class space    used 14014K, committed 14400K, reserved 1048576K
}
Event: 18694.570 GC heap before
{Heap before GC invocations=30 (full 0):
 garbage-first heap   total 278528K, used 219571K [0x0000000583000000, 0x0000000800000000)
  region size 8192K, 20 young (163840K), 1 survivors (8192K)
 Metaspace       used 106907K, committed 107712K, reserved 1179648K
  class space    used 14014K, committed 14400K, reserved 1048576K
}
Event: 18694.641 GC heap after
{Heap after GC invocations=31 (full 0):
 garbage-first heap   total 278528K, used 64679K [0x0000000583000000, 0x0000000800000000)
  region size 8192K, 1 young (8192K), 1 survivors (8192K)
 Metaspace       used 106907K, committed 107712K, reserved 1179648K
  class space    used 14014K, committed 14400K, reserved 1048576K
}
Event: 19987.441 GC heap before
{Heap before GC invocations=31 (full 0):
 garbage-first heap   total 278528K, used 146599K [0x0000000583000000, 0x0000000800000000)
  region size 8192K, 12 young (98304K), 1 survivors (8192K)
 Metaspace       used 107159K, committed 107968K, reserved 1179648K
  class space    used 14047K, committed 14464K, reserved 1048576K
}
Event: 19990.146 GC heap after
{Heap after GC invocations=32 (full 1):
 garbage-first heap   total 196608K, used 50039K [0x0000000583000000, 0x0000000800000000)
  region size 8192K, 0 young (0K), 0 survivors (0K)
 Metaspace       used 106744K, committed 107968K, reserved 1179648K
  class space    used 13962K, committed 14464K, reserved 1048576K
}
Event: 20014.974 GC heap before
{Heap before GC invocations=32 (full 1):
 garbage-first heap   total 196608K, used 156535K [0x0000000583000000, 0x0000000800000000)
  region size 8192K, 13 young (106496K), 0 survivors (0K)
 Metaspace       used 107454K, committed 108224K, reserved 1179648K
  class space    used 14022K, committed 14464K, reserved 1048576K
}
Event: 20014.998 GC heap after
{Heap after GC invocations=33 (full 1):
 garbage-first heap   total 196608K, used 57516K [0x0000000583000000, 0x0000000800000000)
  region size 8192K, 1 young (8192K), 1 survivors (8192K)
 Metaspace       used 107454K, committed 108224K, reserved 1179648K
  class space    used 14022K, committed 14464K, reserved 1048576K
}
Event: 20019.024 GC heap before
{Heap before GC invocations=33 (full 1):
 garbage-first heap   total 196608K, used 147628K [0x0000000583000000, 0x0000000800000000)
  region size 8192K, 12 young (98304K), 1 survivors (8192K)
 Metaspace       used 108466K, committed 109248K, reserved 1179648K
  class space    used 14066K, committed 14464K, reserved 1048576K
}
Event: 20019.033 GC heap after
{Heap after GC invocations=34 (full 1):
 garbage-first heap   total 196608K, used 63235K [0x0000000583000000, 0x0000000800000000)
  region size 8192K, 2 young (16384K), 2 survivors (16384K)
 Metaspace       used 108466K, committed 109248K, reserved 1179648K
  class space    used 14066K, committed 14464K, reserved 1048576K
}
Event: 20023.598 GC heap before
{Heap before GC invocations=34 (full 1):
 garbage-first heap   total 196608K, used 145155K [0x0000000583000000, 0x0000000800000000)
  region size 8192K, 12 young (98304K), 2 survivors (16384K)
 Metaspace       used 108506K, committed 109312K, reserved 1179648K
  class space    used 14066K, committed 14464K, reserved 1048576K
}
Event: 20023.631 GC heap after
{Heap after GC invocations=35 (full 1):
 garbage-first heap   total 196608K, used 68180K [0x0000000583000000, 0x0000000800000000)
  region size 8192K, 2 young (16384K), 2 survivors (16384K)
 Metaspace       used 108506K, committed 109312K, reserved 1179648K
  class space    used 14066K, committed 14464K, reserved 1048576K
}
Event: 20370.601 GC heap before
{Heap before GC invocations=35 (full 1):
 garbage-first heap   total 196608K, used 141908K [0x0000000583000000, 0x0000000800000000)
  region size 8192K, 11 young (90112K), 2 survivors (16384K)
 Metaspace       used 108874K, committed 109568K, reserved 1179648K
  class space    used 14088K, committed 14464K, reserved 1048576K
}
Event: 20370.624 GC heap after
{Heap after GC invocations=36 (full 1):
 garbage-first heap   total 196608K, used 68902K [0x0000000583000000, 0x0000000800000000)
  region size 8192K, 1 young (8192K), 1 survivors (8192K)
 Metaspace       used 108874K, committed 109568K, reserved 1179648K
  class space    used 14088K, committed 14464K, reserved 1048576K
}

Deoptimization events (20 events):
Event: 20138.677 Thread 0x000001dc7c007b30 Uncommon trap: trap_request=0xffffff45 fr.pc=0x000001dc535aecc4 relative=0x00000000000009a4
Event: 20138.677 Thread 0x000001dc7c007b30 Uncommon trap: reason=unstable_if action=reinterpret pc=0x000001dc535aecc4 method=org.springframework.boot.devtools.filewatch.FileSnapshot.<init>(Ljava/io/File;)V @ 14 c2
Event: 20138.677 Thread 0x000001dc7c007b30 DEOPT PACKING pc=0x000001dc535aecc4 sp=0x00000085e0fff310
Event: 20138.677 Thread 0x000001dc7c007b30 DEOPT UNPACKING pc=0x000001dc52875ba3 sp=0x00000085e0fff300 mode 2
Event: 20138.678 Thread 0x000001dc7c007b30 Uncommon trap: trap_request=0xffffff45 fr.pc=0x000001dc538df234 relative=0x0000000000000034
Event: 20138.678 Thread 0x000001dc7c007b30 Uncommon trap: reason=unstable_if action=reinterpret pc=0x000001dc538df234 method=org.springframework.util.Assert.isTrue(ZLjava/lang/String;)V @ 1 c2
Event: 20138.678 Thread 0x000001dc7c007b30 DEOPT PACKING pc=0x000001dc538df234 sp=0x00000085e0fff2f0
Event: 20138.678 Thread 0x000001dc7c007b30 DEOPT UNPACKING pc=0x000001dc52875ba3 sp=0x00000085e0fff290 mode 2
Event: 20447.113 Thread 0x000001dc7c004fe0 Uncommon trap: trap_request=0xfffffff4 fr.pc=0x000001dc53b3e3f0 relative=0x0000000000000070
Event: 20447.113 Thread 0x000001dc7c004fe0 Uncommon trap: reason=null_check action=make_not_entrant pc=0x000001dc53b3e3f0 method=com.fasterxml.jackson.databind.JavaType.isAbstract()Z @ 4 c2
Event: 20447.113 Thread 0x000001dc7c004fe0 DEOPT PACKING pc=0x000001dc53b3e3f0 sp=0x00000085e22fc3b0
Event: 20447.113 Thread 0x000001dc7c004fe0 DEOPT UNPACKING pc=0x000001dc52875ba3 sp=0x00000085e22fc338 mode 2
Event: 20609.592 Thread 0x000001dc7e6d43e0 Uncommon trap: trap_request=0xffffff45 fr.pc=0x000001dc53b255f0 relative=0x0000000000003210
Event: 20609.592 Thread 0x000001dc7e6d43e0 Uncommon trap: reason=unstable_if action=reinterpret pc=0x000001dc53b255f0 method=java.io.File.normalizedList()[Ljava/lang/String; @ 34 c2
Event: 20609.592 Thread 0x000001dc7e6d43e0 DEOPT PACKING pc=0x000001dc53b255f0 sp=0x00000085e3dfee40
Event: 20609.592 Thread 0x000001dc7e6d43e0 DEOPT UNPACKING pc=0x000001dc52875ba3 sp=0x00000085e3dfed40 mode 2
Event: 20612.906 Thread 0x000001dc7e6d43e0 Uncommon trap: trap_request=0xffffff45 fr.pc=0x000001dc535c5c98 relative=0x00000000000006b8
Event: 20612.906 Thread 0x000001dc7e6d43e0 Uncommon trap: reason=unstable_if action=reinterpret pc=0x000001dc535c5c98 method=java.io.File.normalizedList()[Ljava/lang/String; @ 34 c2
Event: 20612.906 Thread 0x000001dc7e6d43e0 DEOPT PACKING pc=0x000001dc535c5c98 sp=0x00000085e3dfedd0
Event: 20612.906 Thread 0x000001dc7e6d43e0 DEOPT UNPACKING pc=0x000001dc52875ba3 sp=0x00000085e3dfed30 mode 2

Classes unloaded (20 events):
Event: 19988.026 Thread 0x000001dc729bf2e0 Unloading class 0x000001dc01095c00 'java/lang/invoke/LambdaForm$MH+0x000001dc01095c00'
Event: 19988.026 Thread 0x000001dc729bf2e0 Unloading class 0x000001dc01095800 'java/lang/invoke/LambdaForm$MH+0x000001dc01095800'
Event: 19988.026 Thread 0x000001dc729bf2e0 Unloading class 0x000001dc01095400 'java/lang/invoke/LambdaForm$MH+0x000001dc01095400'
Event: 19988.026 Thread 0x000001dc729bf2e0 Unloading class 0x000001dc01095000 'java/lang/invoke/LambdaForm$MH+0x000001dc01095000'
Event: 19988.026 Thread 0x000001dc729bf2e0 Unloading class 0x000001dc01094c00 'java/lang/invoke/LambdaForm$MH+0x000001dc01094c00'
Event: 19988.026 Thread 0x000001dc729bf2e0 Unloading class 0x000001dc01094400 'java/lang/invoke/LambdaForm$MH+0x000001dc01094400'
Event: 19988.026 Thread 0x000001dc729bf2e0 Unloading class 0x000001dc01094000 'java/lang/invoke/LambdaForm$MH+0x000001dc01094000'
Event: 19988.027 Thread 0x000001dc729bf2e0 Unloading class 0x000001dc01080800 'jdk/internal/reflect/GeneratedSerializationConstructorAccessor3'
Event: 19988.027 Thread 0x000001dc729bf2e0 Unloading class 0x000001dc01080400 'jdk/internal/reflect/GeneratedSerializationConstructorAccessor2'
Event: 19988.027 Thread 0x000001dc729bf2e0 Unloading class 0x000001dc01080000 'jdk/internal/reflect/GeneratedSerializationConstructorAccessor1'
Event: 19988.027 Thread 0x000001dc729bf2e0 Unloading class 0x000001dc01008800 'java/lang/invoke/LambdaForm$DMH+0x000001dc01008800'
Event: 19988.027 Thread 0x000001dc729bf2e0 Unloading class 0x000001dc01008000 'java/lang/invoke/LambdaForm$DMH+0x000001dc01008000'
Event: 19988.027 Thread 0x000001dc729bf2e0 Unloading class 0x000001dc01007400 'jdk/internal/reflect/GeneratedConstructorAccessor1'
Event: 19988.027 Thread 0x000001dc729bf2e0 Unloading class 0x000001dc01006800 'java/lang/invoke/LambdaForm$MH+0x000001dc01006800'
Event: 19988.027 Thread 0x000001dc729bf2e0 Unloading class 0x000001dc01006400 'java/lang/invoke/LambdaForm$MH+0x000001dc01006400'
Event: 19988.027 Thread 0x000001dc729bf2e0 Unloading class 0x000001dc01006000 'java/lang/invoke/LambdaForm$MH+0x000001dc01006000'
Event: 19988.027 Thread 0x000001dc729bf2e0 Unloading class 0x000001dc01005c00 'java/lang/invoke/LambdaForm$MH+0x000001dc01005c00'
Event: 19988.027 Thread 0x000001dc729bf2e0 Unloading class 0x000001dc01005800 'java/lang/invoke/LambdaForm$MH+0x000001dc01005800'
Event: 19988.027 Thread 0x000001dc729bf2e0 Unloading class 0x000001dc01004400 'java/lang/invoke/LambdaForm$MH+0x000001dc01004400'
Event: 19988.027 Thread 0x000001dc729bf2e0 Unloading class 0x000001dc01004000 'java/lang/invoke/LambdaForm$MH+0x000001dc01004000'

Classes redefined (0 events):
No events

Internal exceptions (20 events):
Event: 20568.005 Thread 0x000001dc7c004fe0 Exception <a 'java/net/ConnectException'{0x000000058d62f720}: Connection refused: no further information> (0x000000058d62f720) 
thrown [s\open\src\hotspot\share\prims\jni.cpp, line 535]
Event: 20568.006 Thread 0x000001dc7c004fe0 Exception <a 'java/net/SocketException'{0x000000058d62fd00}: Socket is not connected: shutdown> (0x000000058d62fd00) 
thrown [s\open\src\hotspot\share\prims\jni.cpp, line 535]
Event: 20597.935 Thread 0x000001dc7c00a680 Exception <a 'java/net/ConnectException'{0x000000058c990318}: Connection refused: no further information> (0x000000058c990318) 
thrown [s\open\src\hotspot\share\prims\jni.cpp, line 535]
Event: 20597.935 Thread 0x000001dc7c00a680 Exception <a 'java/net/SocketException'{0x000000058c9908f8}: Socket is not connected: shutdown> (0x000000058c9908f8) 
thrown [s\open\src\hotspot\share\prims\jni.cpp, line 535]
Event: 20597.967 Thread 0x000001dc7c00a680 Exception <a 'java/net/ConnectException'{0x000000058c991d00}: Connection refused: no further information> (0x000000058c991d00) 
thrown [s\open\src\hotspot\share\prims\jni.cpp, line 535]
Event: 20597.967 Thread 0x000001dc7c00a680 Exception <a 'java/net/SocketException'{0x000000058c9922e0}: Socket is not connected: shutdown> (0x000000058c9922e0) 
thrown [s\open\src\hotspot\share\prims\jni.cpp, line 535]
Event: 20598.061 Thread 0x000001dc7c004fe0 Exception <a 'java/net/ConnectException'{0x000000058ca9d9d0}: Connection refused: no further information> (0x000000058ca9d9d0) 
thrown [s\open\src\hotspot\share\prims\jni.cpp, line 535]
Event: 20598.061 Thread 0x000001dc7c004fe0 Exception <a 'java/net/SocketException'{0x000000058ca9dfb0}: Socket is not connected: shutdown> (0x000000058ca9dfb0) 
thrown [s\open\src\hotspot\share\prims\jni.cpp, line 535]
Event: 20598.083 Thread 0x000001dc7c004fe0 Exception <a 'java/net/ConnectException'{0x000000058ca9f3b8}: Connection refused: no further information> (0x000000058ca9f3b8) 
thrown [s\open\src\hotspot\share\prims\jni.cpp, line 535]
Event: 20598.083 Thread 0x000001dc7c004fe0 Exception <a 'java/net/SocketException'{0x000000058ca9f998}: Socket is not connected: shutdown> (0x000000058ca9f998) 
thrown [s\open\src\hotspot\share\prims\jni.cpp, line 535]
Event: 20609.592 Thread 0x000001dc7e6d43e0 Implicit null exception at 0x000001dc53b22597 to 0x000001dc53b255d8
Event: 20612.906 Thread 0x000001dc7e6d43e0 Implicit null exception at 0x000001dc535c5785 to 0x000001dc535c5c88
Event: 20628.130 Thread 0x000001dc7c00a680 Exception <a 'java/net/ConnectException'{0x000000058cd56440}: Connection refused: no further information> (0x000000058cd56440) 
thrown [s\open\src\hotspot\share\prims\jni.cpp, line 535]
Event: 20628.131 Thread 0x000001dc7c00a680 Exception <a 'java/net/SocketException'{0x000000058cd56a20}: Socket is not connected: shutdown> (0x000000058cd56a20) 
thrown [s\open\src\hotspot\share\prims\jni.cpp, line 535]
Event: 20628.211 Thread 0x000001dc7c00a680 Exception <a 'java/net/ConnectException'{0x000000058cd57e28}: Connection refused: no further information> (0x000000058cd57e28) 
thrown [s\open\src\hotspot\share\prims\jni.cpp, line 535]
Event: 20628.211 Thread 0x000001dc7c00a680 Exception <a 'java/net/SocketException'{0x000000058cd58408}: Socket is not connected: shutdown> (0x000000058cd58408) 
thrown [s\open\src\hotspot\share\prims\jni.cpp, line 535]
Event: 20628.237 Thread 0x000001dc7c004fe0 Exception <a 'java/net/ConnectException'{0x000000058ce15510}: Connection refused: no further information> (0x000000058ce15510) 
thrown [s\open\src\hotspot\share\prims\jni.cpp, line 535]
Event: 20628.238 Thread 0x000001dc7c004fe0 Exception <a 'java/net/SocketException'{0x000000058ce15af0}: Socket is not connected: shutdown> (0x000000058ce15af0) 
thrown [s\open\src\hotspot\share\prims\jni.cpp, line 535]
Event: 20628.337 Thread 0x000001dc7c004fe0 Exception <a 'java/net/ConnectException'{0x000000058ce16ef8}: Connection refused: no further information> (0x000000058ce16ef8) 
thrown [s\open\src\hotspot\share\prims\jni.cpp, line 535]
Event: 20628.338 Thread 0x000001dc7c004fe0 Exception <a 'java/net/SocketException'{0x000000058ce174d8}: Socket is not connected: shutdown> (0x000000058ce174d8) 
thrown [s\open\src\hotspot\share\prims\jni.cpp, line 535]

VM Operations (20 events):
Event: 20445.361 Executing VM operation: Cleanup done
Event: 20447.380 Executing VM operation: Cleanup
Event: 20447.396 Executing VM operation: Cleanup done
Event: 20477.665 Executing VM operation: Cleanup
Event: 20477.665 Executing VM operation: Cleanup done
Event: 20507.917 Executing VM operation: Cleanup
Event: 20507.917 Executing VM operation: Cleanup done
Event: 20538.222 Executing VM operation: Cleanup
Event: 20538.222 Executing VM operation: Cleanup done
Event: 20568.550 Executing VM operation: Cleanup
Event: 20568.551 Executing VM operation: Cleanup done
Event: 20598.765 Executing VM operation: Cleanup
Event: 20598.765 Executing VM operation: Cleanup done
Event: 20599.777 Executing VM operation: Cleanup
Event: 20599.777 Executing VM operation: Cleanup done
Event: 20629.095 Executing VM operation: Cleanup
Event: 20629.095 Executing VM operation: Cleanup done
Event: 20658.316 Executing VM operation: Cleanup
Event: 20658.316 Executing VM operation: Cleanup done
Event: 20659.327 Executing VM operation: Cleanup

Events (20 events):
Event: 20175.029 Thread 0x000001dc729ed320 flushing nmethod 0x000001dc4baff290
Event: 20175.030 Thread 0x000001dc729ed320 flushing nmethod 0x000001dc4bb30c90
Event: 20175.030 Thread 0x000001dc729ed320 flushing nmethod 0x000001dc4bb95190
Event: 20175.030 Thread 0x000001dc729ed320 flushing nmethod 0x000001dc4bbacb90
Event: 20175.031 Thread 0x000001dc729ed320 flushing nmethod 0x000001dc4bbb7510
Event: 20175.031 Thread 0x000001dc729ed320 flushing nmethod 0x000001dc4bbf5890
Event: 20175.031 Thread 0x000001dc729ed320 flushing nmethod 0x000001dc4bbf6290
Event: 20175.031 Thread 0x000001dc729ed320 flushing nmethod 0x000001dc4bbf9810
Event: 20175.031 Thread 0x000001dc729ed320 flushing nmethod 0x000001dc4bbfc410
Event: 20175.031 Thread 0x000001dc729ed320 flushing nmethod 0x000001dc4bbfca90
Event: 20175.035 Thread 0x000001dc729ed320 flushing nmethod 0x000001dc4be67b10
Event: 20175.036 Thread 0x000001dc729ed320 flushing nmethod 0x000001dc4bf84110
Event: 20175.036 Thread 0x000001dc729ed320 flushing nmethod 0x000001dc4bfb4210
Event: 20175.036 Thread 0x000001dc729ed320 flushing nmethod 0x000001dc4bfbb810
Event: 20175.039 Thread 0x000001dc729ed320 flushing nmethod 0x000001dc4c23c190
Event: 20175.039 Thread 0x000001dc729ed320 flushing nmethod 0x000001dc4c2b4a90
Event: 20175.039 Thread 0x000001dc729ed320 flushing nmethod 0x000001dc4c2c0090
Event: 20175.051 Thread 0x000001dc729ed320 flushing nmethod 0x000001dc4ceec010
Event: 20324.075 Thread 0x000001dc7afa87f0 Thread added: 0x000001dc7afa87f0
Event: 20605.449 Thread 0x000001dc7c006320 Thread exited: 0x000001dc7c006320


Dynamic libraries:
0x00007ff759810000 - 0x00007ff759820000 	C:\Program Files\Java\jdk-17\bin\java.exe
0x00007ffe41f20000 - 0x00007ffe42187000 	C:\Windows\SYSTEM32\ntdll.dll
0x00007ffe40c50000 - 0x00007ffe40d19000 	C:\Windows\System32\KERNEL32.DLL
0x00007ffe3f570000 - 0x00007ffe3f960000 	C:\Windows\System32\KERNELBASE.dll
0x00007ffe3fb60000 - 0x00007ffe3fcab000 	C:\Windows\System32\ucrtbase.dll
0x00007ffda5aa0000 - 0x00007ffda5ab9000 	C:\Program Files\Java\jdk-17\bin\jli.dll
0x00007ffe40670000 - 0x00007ffe40724000 	C:\Windows\System32\ADVAPI32.dll
0x00007ffe40730000 - 0x00007ffe407d9000 	C:\Windows\System32\msvcrt.dll
0x00007ffe415c0000 - 0x00007ffe41666000 	C:\Windows\System32\sechost.dll
0x00007ffe40ab0000 - 0x00007ffe40bc8000 	C:\Windows\System32\RPCRT4.dll
0x00007ffe40400000 - 0x00007ffe405c5000 	C:\Windows\System32\USER32.dll
0x00007ffe3f3c0000 - 0x00007ffe3f3e7000 	C:\Windows\System32\win32u.dll
0x00007ffe41780000 - 0x00007ffe417ab000 	C:\Windows\System32\GDI32.dll
0x00007ffe3f280000 - 0x00007ffe3f3b8000 	C:\Windows\System32\gdi32full.dll
0x00007ffe3f1d0000 - 0x00007ffe3f273000 	C:\Windows\System32\msvcp_win.dll
0x00007ffda5a80000 - 0x00007ffda5a9b000 	C:\Program Files\Java\jdk-17\bin\VCRUNTIME140.dll
0x00007ffe235d0000 - 0x00007ffe2386a000 	C:\Windows\WinSxS\amd64_microsoft.windows.common-controls_6595b64144ccf1df_6.0.26100.4768_none_3e0c112ce331287c\COMCTL32.dll
0x00007ffe35fd0000 - 0x00007ffe35fdb000 	C:\Windows\SYSTEM32\VERSION.dll
0x00007ffe41ea0000 - 0x00007ffe41ecf000 	C:\Windows\System32\IMM32.DLL
0x00007ffded380000 - 0x00007ffded38c000 	C:\Program Files\Java\jdk-17\bin\vcruntime140_1.dll
0x00007ffd9f560000 - 0x00007ffd9f5ee000 	C:\Program Files\Java\jdk-17\bin\msvcp140.dll
0x00007ffd9d850000 - 0x00007ffd9e431000 	C:\Program Files\Java\jdk-17\bin\server\jvm.dll
0x00007ffe40aa0000 - 0x00007ffe40aa8000 	C:\Windows\System32\PSAPI.DLL
0x00007ffdecdf0000 - 0x00007ffdecdfa000 	C:\Windows\SYSTEM32\WSOCK32.dll
0x00007ffe27bc0000 - 0x00007ffe27bf5000 	C:\Windows\SYSTEM32\WINMM.dll
0x00007ffe40bd0000 - 0x00007ffe40c44000 	C:\Windows\System32\WS2_32.dll
0x00007ffe3dd90000 - 0x00007ffe3ddab000 	C:\Windows\SYSTEM32\kernel.appcore.dll
0x00007ffdeb250000 - 0x00007ffdeb25a000 	C:\Program Files\Java\jdk-17\bin\jimage.dll
0x00007ffe3c880000 - 0x00007ffe3cac1000 	C:\Windows\SYSTEM32\DBGHELP.DLL
0x00007ffe417c0000 - 0x00007ffe41b45000 	C:\Windows\System32\combase.dll
0x00007ffe41cb0000 - 0x00007ffe41d90000 	C:\Windows\System32\OLEAUT32.dll
0x00007ffe05910000 - 0x00007ffe05953000 	C:\Windows\SYSTEM32\dbgcore.DLL
0x00007ffe3fac0000 - 0x00007ffe3fb59000 	C:\Windows\System32\bcryptPrimitives.dll
0x00007ffda5a50000 - 0x00007ffda5a75000 	C:\Program Files\Java\jdk-17\bin\java.dll
0x00007ffd9f480000 - 0x00007ffd9f557000 	C:\Program Files\Java\jdk-17\bin\jsvml.dll
0x00007ffe3fcb0000 - 0x00007ffe403fd000 	C:\Windows\System32\SHELL32.dll
0x00007ffe3f3f0000 - 0x00007ffe3f563000 	C:\Windows\System32\wintypes.dll
0x00007ffe3cbf0000 - 0x00007ffe3d450000 	C:\Windows\SYSTEM32\windows.storage.dll
0x00007ffe41da0000 - 0x00007ffe41e95000 	C:\Windows\System32\SHCORE.dll
0x00007ffe40a20000 - 0x00007ffe40a8a000 	C:\Windows\System32\shlwapi.dll
0x00007ffe3ef70000 - 0x00007ffe3ef99000 	C:\Windows\SYSTEM32\profapi.dll
0x00007ffda5a10000 - 0x00007ffda5a29000 	C:\Program Files\Java\jdk-17\bin\net.dll
0x00007ffe30bf0000 - 0x00007ffe30d0e000 	C:\Windows\SYSTEM32\WINHTTP.dll
0x00007ffe3e300000 - 0x00007ffe3e36b000 	C:\Windows\system32\mswsock.dll
0x00007ffda5910000 - 0x00007ffda5926000 	C:\Program Files\Java\jdk-17\bin\nio.dll
0x00007ffda58f0000 - 0x00007ffda5908000 	C:\Program Files\Java\jdk-17\bin\zip.dll
0x00007ffddcd30000 - 0x00007ffddcd3a000 	C:\Program Files\Java\jdk-17\bin\management.dll
0x00007ffdc3830000 - 0x00007ffdc383b000 	C:\Program Files\Java\jdk-17\bin\management_ext.dll
0x00007ffdb7e40000 - 0x00007ffdb7e58000 	C:\Windows\system32\napinsp.dll
0x00007ffdf4660000 - 0x00007ffdf4680000 	C:\Windows\system32\wshbth.dll
0x00007ffdb7e00000 - 0x00007ffdb7e30000 	C:\Windows\system32\nlansp_c.dll
0x00007ffe3d7c0000 - 0x00007ffe3d8e6000 	C:\Windows\SYSTEM32\DNSAPI.dll
0x00007ffe3d780000 - 0x00007ffe3d7b3000 	C:\Windows\SYSTEM32\IPHLPAPI.DLL
0x00007ffe40a90000 - 0x00007ffe40a9a000 	C:\Windows\System32\NSI.dll
0x00007ffdb7de0000 - 0x00007ffdb7df2000 	C:\Windows\System32\winrnr.dll
0x00007ffe35fe0000 - 0x00007ffe35feb000 	C:\Windows\System32\rasadhlp.dll
0x00007ffe392f0000 - 0x00007ffe39376000 	C:\Windows\System32\fwpuclnt.dll
0x00007ffe3e6e0000 - 0x00007ffe3e6fb000 	C:\Windows\SYSTEM32\CRYPTSP.dll
0x00007ffe3dcf0000 - 0x00007ffe3dd2b000 	C:\Windows\system32\rsaenh.dll
0x00007ffe3e3a0000 - 0x00007ffe3e3cb000 	C:\Windows\SYSTEM32\USERENV.dll
0x00007ffe3ef40000 - 0x00007ffe3ef66000 	C:\Windows\SYSTEM32\bcrypt.dll
0x00007ffe3e540000 - 0x00007ffe3e54c000 	C:\Windows\SYSTEM32\CRYPTBASE.dll
0x00007ffe38ad0000 - 0x00007ffe38aef000 	C:\Windows\SYSTEM32\dhcpcsvc6.DLL
0x00007ffe38a00000 - 0x00007ffe38a25000 	C:\Windows\SYSTEM32\dhcpcsvc.DLL
0x00007ffe2ebc0000 - 0x00007ffe2ebce000 	C:\Program Files\Java\jdk-17\bin\sunmscapi.dll
0x00007ffe3f050000 - 0x00007ffe3f1c7000 	C:\Windows\System32\CRYPT32.dll
0x00007ffe3e840000 - 0x00007ffe3e870000 	C:\Windows\SYSTEM32\ncrypt.dll
0x00007ffe3e7f0000 - 0x00007ffe3e82f000 	C:\Windows\SYSTEM32\NTASN1.dll
0x00007ffe177d0000 - 0x00007ffe177e0000 	C:\Program Files\Java\jdk-17\bin\verify.dll
0x00007ffe3bbd0000 - 0x00007ffe3bbd8000 	C:\Windows\system32\wshunix.dll

dbghelp: loaded successfully - version: 4.0.5 - missing functions: none
symbol engine: initialized successfully - sym options: 0x614 - pdb path: .;C:\Program Files\Java\jdk-17\bin;C:\Windows\SYSTEM32;C:\Windows\WinSxS\amd64_microsoft.windows.common-controls_6595b64144ccf1df_6.0.26100.4768_none_3e0c112ce331287c;C:\Program Files\Java\jdk-17\bin\server

VM Arguments:
jvm_args: -XX:+ShowCodeDetailsInExceptionMessages -Dspring.jmx.enabled=true -Dmanagement.endpoints.jmx.exposure.include=* -Dspring.application.admin.enabled=true -Dspring.boot.project.name=com.manamer.sellout.business-sellout -Djava.rmi.server.hostname=localhost -Dcom.sun.management.jmxremote.port=45559 -Dcom.sun.management.jmxremote.authenticate=false -Dcom.sun.management.jmxremote.ssl=false 
java_command: com.manamer.backend.business.sellout.SelloutApplication
java_class_path (initial): C:\Users\Fernanda Jama\OneDrive - Manamer\Documentos\PROYECTOS 2025-2026\sellout1\backend\business\sellout\target\classes;C:\Users\Fernanda Jama\.m2\repository\org\springframework\boot\spring-boot-starter\3.2.4\spring-boot-starter-3.2.4.jar;C:\Users\Fernanda Jama\.m2\repository\org\springframework\boot\spring-boot\3.2.4\spring-boot-3.2.4.jar;C:\Users\Fernanda Jama\.m2\repository\org\springframework\boot\spring-boot-autoconfigure\3.2.4\spring-boot-autoconfigure-3.2.4.jar;C:\Users\Fernanda Jama\.m2\repository\org\springframework\boot\spring-boot-starter-logging\3.2.4\spring-boot-starter-logging-3.2.4.jar;C:\Users\Fernanda Jama\.m2\repository\ch\qos\logback\logback-classic\1.4.14\logback-classic-1.4.14.jar;C:\Users\Fernanda Jama\.m2\repository\ch\qos\logback\logback-core\1.4.14\logback-core-1.4.14.jar;C:\Users\Fernanda Jama\.m2\repository\org\apache\logging\log4j\log4j-to-slf4j\2.23.1\log4j-to-slf4j-2.23.1.jar;C:\Users\Fernanda Jama\.m2\repository\org\slf4j\jul-to-slf4j\2.0.12\jul-to-slf4j-2.0.12.jar;C:\Users\Fernanda Jama\.m2\repository\jakarta\annotation\jakarta.annotation-api\2.1.1\jakarta.annotation-api-2.1.1.jar;C:\Users\Fernanda Jama\.m2\repository\org\springframework\spring-core\6.1.11\spring-core-6.1.11.jar;C:\Users\Fernanda Jama\.m2\repository\org\springframework\spring-jcl\6.1.11\spring-jcl-6.1.11.jar;C:\Users\Fernanda Jama\.m2\repository\org\yaml\snakeyaml\2.2\snakeyaml-2.2.jar;C:\Users\Fernanda Jama\.m2\repository\com\microsoft\sqlserver\mssql-jdbc\12.4.2.jre11\mssql-jdbc-12.4.2.jre11.jar;C:\Users\Fernanda Jama\.m2\repository\org\projectlombok\lombok\1.18.28\lombok-1.18.28.jar;C:\Users\Fernanda Jama\.m2\repository\org\springframework\boot\spring-boot-starter-data-jpa\3.2.4\spring-boot-starter-data-jpa-3.2.4.jar;C:\Users\Fernanda Jama\.m2\repository\org\springframework\boot\spring-boot-starter-aop\3.2.4\spring-boot-starter-aop-3.2.4.jar;C:\Users\Fernanda Jama\.m2\repository\org\aspectj\aspectjweaver\1.9.21\aspectjweaver-1.9.21.ja
Launcher Type: SUN_STANDARD

[Global flags]
     intx CICompilerCount                          = 4                                         {product} {ergonomic}
     uint ConcGCThreads                            = 2                                         {product} {ergonomic}
     uint G1ConcRefinementThreads                  = 8                                         {product} {ergonomic}
   size_t G1HeapRegionSize                         = 8388608                                   {product} {ergonomic}
    uintx GCDrainStackTargetSize                   = 64                                        {product} {ergonomic}
   size_t InitialHeapSize                          = 671088640                                 {product} {ergonomic}
     bool ManagementServer                         = true                                      {product} {command line}
   size_t MarkStackSize                            = 4194304                                   {product} {ergonomic}
   size_t MaxHeapSize                              = 10687086592                               {product} {ergonomic}
   size_t MaxNewSize                               = 6408896512                                {product} {ergonomic}
   size_t MinHeapDeltaBytes                        = 8388608                                   {product} {ergonomic}
   size_t MinHeapSize                              = 8388608                                   {product} {ergonomic}
    uintx NonNMethodCodeHeapSize                   = 5839372                                {pd product} {ergonomic}
    uintx NonProfiledCodeHeapSize                  = 122909434                              {pd product} {ergonomic}
    uintx ProfiledCodeHeapSize                     = 122909434                              {pd product} {ergonomic}
    uintx ReservedCodeCacheSize                    = 251658240                              {pd product} {ergonomic}
     bool SegmentedCodeCache                       = true                                      {product} {ergonomic}
     bool ShowCodeDetailsInExceptionMessages       = true                                   {manageable} {command line}
   size_t SoftMaxHeapSize                          = 10687086592                            {manageable} {ergonomic}
     bool UseCompressedClassPointers               = true                           {product lp64_product} {ergonomic}
     bool UseCompressedOops                        = true                           {product lp64_product} {ergonomic}
     bool UseG1GC                                  = true                                      {product} {ergonomic}
     bool UseLargePagesIndividualAllocation        = false                                  {pd product} {ergonomic}

Logging:
Log output configuration:
 #0: stdout all=warning uptime,level,tags
 #1: stderr all=off uptime,level,tags

Environment Variables:
JAVA_HOME=C:\\Program Files\\Java\\jdk-17
CLASSPATH=C:\Program Files\SAP\SAP Business One DI API\JCO\LIB\sbowrapper.jar;C:\Program Files\SAP\SAP Business One DI API\JCO\LIB\sboapi.jar
PATH=C:\\Program Files\\Java\\jdk-17\\bin;C:\\Users\\Fernanda Jama\\.trae\\tools\\maven\\latest\\bin;C:\\Users\\Fernanda Jama\\.trae\\tools\\gradle\\latest\\bin;C:\Program Files\Java\jdk-17\bin;C:\Users\Fernanda Jama\.trae\tools\maven\latest\bin;C:\Users\Fernanda Jama\.trae\tools\gradle\latest\bin;C:\Python313\Scripts\;C:\Python313\;C:\Program Files\Microsoft MPI\Bin\;C:\Program Files\Common Files\Oracle\Java\javapath;C:\Windows\system32;C:\Windows;C:\Windows\System32\Wbem;C:\Windows\System32\WindowsPowerShell\v1.0\;C:\Windows\System32\OpenSSH\;C:\Program Files\Microsoft SQL Server\Client SDK\ODBC\170\Tools\Binn\;C:\Program Files (x86)\Microsoft SQL Server\150\Tools\Binn\;C:\Program Files\Microsoft SQL Server\150\Tools\Binn\;C:\Program Files\Microsoft SQL Server\150\DTS\Binn\;C:\Program Files (x86)\Microsoft SQL Server\160\DTS\Binn\;C:\Program Files\nodejs\;C:\ProgramData\chocolatey\bin;C:\Program Files\SAP\SAP Business One DI API\JCO\LIB\;C:\Program Files\SAP\SAP Business One DI API\DI API 90;C:\Program Files\SAP\SAP Business One\;C:\Program Files\apache-maven-3.8.8-bin\apache-maven-3.8.8\bin;C:\Program Files\Git\cmd;C:\Users\Fernanda Jama\AppData\Local\Microsoft\WindowsApps;C:\Users\Fernanda Jama\AppData\Local\GitHubDesktop\bin;C:\Users\Fernanda Jama\AppData\Local\Programs\Microsoft VS Code\bin;C:\Users\Fernanda Jama\AppData\Roaming\npm
USERNAME=Fernanda Jama
LANG=en_US.UTF-8
OS=Windows_NT
PROCESSOR_IDENTIFIER=Intel64 Family 6 Model 140 Stepping 1, GenuineIntel



---------------  S Y S T E M  ---------------

OS:
 Windows 11 , 64 bit Build 26100 (10.0.26100.4768)
OS uptime: 0 days 6:11 hours
Hyper-V role detected

CPU: total 8 (initial active 8) (4 cores per cpu, 2 threads per core) family 6 model 140 stepping 1 microcode 0xb8, cx8, cmov, fxsr, ht, mmx, 3dnowpref, sse, sse2, sse3, ssse3, sse4.1, sse4.2, popcnt, lzcnt, tsc, tscinvbit, avx, avx2, aes, erms, clmul, bmi1, bmi2, adx, avx512f, avx512dq, avx512cd, avx512bw, avx512vl, sha, fma, vzeroupper, avx512_vpopcntdq, avx512_vpclmulqdq, avx512_vaes, avx512_vnni, clflush, clflushopt, clwb, avx512_vbmi2, avx512_vbmi, hv

Memory: 4k page, system-wide physical 40743M (386M free)
TotalPageFile size 101623M (AvailPageFile size 3M)
current process WorkingSet (physical memory assigned to process): 449M, peak: 598M
current process commit charge ("private bytes"): 535M, peak: 810M

vm_info: Java HotSpot(TM) 64-Bit Server VM (17.0.15+9-LTS-241) for windows-amd64 JRE (17.0.15+9-LTS-241), built on Feb 20 2025 10:49:54 by "mach5one" with MS VC++ 17.6 (VS2022)

END.
