#
# There is insufficient memory for the Java Runtime Environment to continue.
# Native memory allocation (malloc) failed to allocate 326816 bytes for Chunk::new
# Possible reasons:
#   The system is out of physical RAM or swap space
#   The process is running with CompressedOops enabled, and the Java Heap may be blocking the growth of the native heap
# Possible solutions:
#   Reduce memory load on the system
#   Increase physical memory or swap space
#   Check if swap backing store is full
#   Decrease Java heap size (-Xmx/-Xms)
#   Decrease number of Java threads
#   Decrease Java thread stack sizes (-Xss)
#   Set larger code cache with -XX:ReservedCodeCacheSize=
#   JVM is running with Zero Based Compressed Oops mode in which the Java heap is
#     placed in the first 32GB address space. The Java Heap base address is the
#     maximum limit for the native heap growth. Please use -XX:HeapBaseMinAddress
#     to set the Java Heap base and to place the Java Heap above 32GB virtual address.
# This output file may be truncated or incomplete.
#
#  Out of Memory Error (arena.cpp:189), pid=26156, tid=27564
#
# JRE version: Java(TM) SE Runtime Environment (17.0.15+9) (build 17.0.15+9-LTS-241)
# Java VM: Java HotSpot(TM) 64-Bit Server VM (17.0.15+9-LTS-241, mixed mode, sharing, tiered, compressed oops, compressed class ptrs, g1 gc, windows-amd64)
# No core dump will be written. Minidumps are not enabled by default on client versions of Windows
#

---------------  S U M M A R Y ------------

Command Line: -XX:+ShowCodeDetailsInExceptionMessages com.manamer.sellout.infraestructure.eurekaserver.EurekaserverApplication

Host: 11th Gen Intel(R) Core(TM) i7-1165G7 @ 2.80GHz, 8 cores, 39G,  Windows 11 , 64 bit Build 26100 (10.0.26100.4768)
Time: Wed Jul 30 16:49:11 2025 Hora est. Pacífico, Sudamérica elapsed time: 1956.792686 seconds (0d 0h 32m 36s)

---------------  T H R E A D  ---------------

Current thread (0x000002102644ad70):  JavaThread "C2 CompilerThread0" daemon [_thread_in_native, id=27564, stack(0x000000a06a400000,0x000000a06a500000)]


Current CompileTask:
C2:1956793 9986       4       org.springframework.util.StringUtils::cleanPath (346 bytes)

Stack: [0x000000a06a400000,0x000000a06a500000]
Native frames: (J=compiled Java code, j=interpreted, Vv=VM code, C=native code)
V  [jvm.dll+0x67a46a]
V  [jvm.dll+0x7da6ad]
V  [jvm.dll+0x7dbff3]
V  [jvm.dll+0x7dc663]
V  [jvm.dll+0x24523f]
V  [jvm.dll+0xab763]
V  [jvm.dll+0xabd2c]
V  [jvm.dll+0x2aa6df]
V  [jvm.dll+0x5822c9]
V  [jvm.dll+0x21f5d2]
V  [jvm.dll+0x2182cb]
V  [jvm.dll+0x215d15]
V  [jvm.dll+0x1a2a00]
V  [jvm.dll+0x2262bb]
V  [jvm.dll+0x22445b]
V  [jvm.dll+0x790acc]
V  [jvm.dll+0x78b0ba]
V  [jvm.dll+0x679355]
C  [ucrtbase.dll+0x37b0]
C  [KERNEL32.DLL+0x2e8d7]
C  [ntdll.dll+0x3c34c]


---------------  P R O C E S S  ---------------

Threads class SMR info:
_java_thread_list=0x000002106d14c720, length=62, elements={
0x0000021026430940, 0x0000021026432060, 0x0000021026444e70, 0x0000021026446d40,
0x0000021026447800, 0x000002102644a0d0, 0x000002102644ad70, 0x000002102644d970,
0x000002102646d430, 0x0000021026d821b0, 0x0000021026d90150, 0x000002106fe5ead0,
0x000002106cc4ca10, 0x000002106ec24660, 0x000002106ec259a0, 0x000002106ec25000,
0x000002106ec27680, 0x000002106ec26340, 0x000002106ec26ce0, 0x000002106ec26810,
0x000002106ec271b0, 0x000002106ec27b50, 0x000002106ec24b30, 0x000002106ec254d0,
0x000002106f1f7c60, 0x000002106f1f9940, 0x000002106f1f8130, 0x000002106f1f8600,
0x000002106f1f9470, 0x000002106f1f9e10, 0x000002106f1fa2e0, 0x000002106f1f8ad0,
0x000002106f1f7790, 0x000002106f1f8fa0, 0x000002106f1f72c0, 0x000002106f1fe170,
0x000002106f1fce30, 0x000002106f1fb150, 0x000002106f1fa7b0, 0x000002106f1fd300,
0x000002106f1fbfc0, 0x000002106f1fc490, 0x000002106f1fe640, 0x000002106f1fb620,
0x000002106f1fc960, 0x000002106f1fd7d0, 0x000002106f1fdca0, 0x000002106f1fac80,
0x000002106f1fbaf0, 0x0000021071f7e6c0, 0x0000021071f7c040, 0x0000021071f7c9e0,
0x0000021071f7ceb0, 0x0000021071f7d380, 0x0000021071f7bb70, 0x0000021071f7d850,
0x0000021071f7c510, 0x0000021071f7dd20, 0x0000021071f7e1f0, 0x0000021071f7ad00,
0x0000021071f7eb90, 0x0000021071f81bb0
}

Java Threads: ( => current thread )
  0x0000021026430940 JavaThread "Reference Handler" daemon [_thread_blocked, id=9460, stack(0x000000a069e00000,0x000000a069f00000)]
  0x0000021026432060 JavaThread "Finalizer" daemon [_thread_blocked, id=7356, stack(0x000000a069f00000,0x000000a06a000000)]
  0x0000021026444e70 JavaThread "Signal Dispatcher" daemon [_thread_blocked, id=22936, stack(0x000000a06a000000,0x000000a06a100000)]
  0x0000021026446d40 JavaThread "Attach Listener" daemon [_thread_blocked, id=3192, stack(0x000000a06a100000,0x000000a06a200000)]
  0x0000021026447800 JavaThread "Service Thread" daemon [_thread_blocked, id=16568, stack(0x000000a06a200000,0x000000a06a300000)]
  0x000002102644a0d0 JavaThread "Monitor Deflation Thread" daemon [_thread_blocked, id=7872, stack(0x000000a06a300000,0x000000a06a400000)]
=>0x000002102644ad70 JavaThread "C2 CompilerThread0" daemon [_thread_in_native, id=27564, stack(0x000000a06a400000,0x000000a06a500000)]
  0x000002102644d970 JavaThread "C1 CompilerThread0" daemon [_thread_blocked, id=7072, stack(0x000000a06a500000,0x000000a06a600000)]
  0x000002102646d430 JavaThread "Sweeper thread" daemon [_thread_blocked, id=23772, stack(0x000000a06a600000,0x000000a06a700000)]
  0x0000021026d821b0 JavaThread "Notification Thread" daemon [_thread_blocked, id=16284, stack(0x000000a06a700000,0x000000a06a800000)]
  0x0000021026d90150 JavaThread "Common-Cleaner" daemon [_thread_blocked, id=22884, stack(0x000000a06a900000,0x000000a06aa00000)]
  0x000002106fe5ead0 JavaThread "Catalina-utility-1" [_thread_blocked, id=5072, stack(0x000000a06b900000,0x000000a06ba00000)]
  0x000002106cc4ca10 JavaThread "Catalina-utility-2" [_thread_blocked, id=25808, stack(0x000000a06ba00000,0x000000a06bb00000)]
  0x000002106ec24660 JavaThread "container-0" [_thread_blocked, id=19108, stack(0x000000a06bb00000,0x000000a06bc00000)]
  0x000002106ec259a0 JavaThread "spring.cloud.inetutils" daemon [_thread_blocked, id=24604, stack(0x000000a06bc00000,0x000000a06bd00000)]
  0x000002106ec25000 JavaThread "Live Reload Server" daemon [_thread_in_native, id=26504, stack(0x000000a06c000000,0x000000a06c100000)]
  0x000002106ec27680 JavaThread "Eureka-DeltaRetentionTimer" daemon [_thread_blocked, id=2420, stack(0x000000a06bf00000,0x000000a06c000000)]
  0x000002106ec26340 JavaThread "Eureka-EvictionTimer" daemon [_thread_blocked, id=25928, stack(0x000000a06c100000,0x000000a06c200000)]
  0x000002106ec26ce0 JavaThread "Eureka-MeasureRateTimer" daemon [_thread_blocked, id=23664, stack(0x000000a06c200000,0x000000a06c300000)]
  0x000002106ec26810 JavaThread "ReplicaAwareInstanceRegistry - RenewalThresholdUpdater" daemon [_thread_blocked, id=1860, stack(0x000000a06c300000,0x000000a06c400000)]
  0x000002106ec271b0 JavaThread "Eureka-MeasureRateTimer" daemon [_thread_blocked, id=15156, stack(0x000000a06c400000,0x000000a06c500000)]
  0x000002106ec27b50 JavaThread "Eureka-Jersey3Client-Conn-Cleaner2" daemon [_thread_blocked, id=22180, stack(0x000000a06b500000,0x000000a06b600000)]
  0x000002106ec24b30 JavaThread "TaskAcceptor-target_localhost" daemon [_thread_blocked, id=14160, stack(0x000000a06b800000,0x000000a06b900000)]
  0x000002106ec254d0 JavaThread "StatsMonitor-0" daemon [_thread_blocked, id=15300, stack(0x000000a06c500000,0x000000a06c600000)]
  0x000002106f1f7c60 JavaThread "TaskBatchingWorker-target_localhost-0" daemon [_thread_in_native, id=14276, stack(0x000000a06c600000,0x000000a06c700000)]
  0x000002106f1f9940 JavaThread "TaskBatchingWorker-target_localhost-1" daemon [_thread_blocked, id=22204, stack(0x000000a06c700000,0x000000a06c800000)]
  0x000002106f1f8130 JavaThread "TaskBatchingWorker-target_localhost-2" daemon [_thread_blocked, id=7176, stack(0x000000a06c800000,0x000000a06c900000)]
  0x000002106f1f8600 JavaThread "TaskBatchingWorker-target_localhost-3" daemon [_thread_blocked, id=18144, stack(0x000000a06c900000,0x000000a06ca00000)]
  0x000002106f1f9470 JavaThread "TaskBatchingWorker-target_localhost-4" daemon [_thread_blocked, id=20468, stack(0x000000a06ca00000,0x000000a06cb00000)]
  0x000002106f1f9e10 JavaThread "TaskBatchingWorker-target_localhost-5" daemon [_thread_blocked, id=1080, stack(0x000000a06cb00000,0x000000a06cc00000)]
  0x000002106f1fa2e0 JavaThread "TaskBatchingWorker-target_localhost-6" daemon [_thread_blocked, id=13740, stack(0x000000a06cc00000,0x000000a06cd00000)]
  0x000002106f1f8ad0 JavaThread "TaskBatchingWorker-target_localhost-7" daemon [_thread_blocked, id=24216, stack(0x000000a06cd00000,0x000000a06ce00000)]
  0x000002106f1f7790 JavaThread "TaskBatchingWorker-target_localhost-8" daemon [_thread_blocked, id=11288, stack(0x000000a06ce00000,0x000000a06cf00000)]
  0x000002106f1f8fa0 JavaThread "TaskBatchingWorker-target_localhost-9" daemon [_thread_blocked, id=17620, stack(0x000000a06cf00000,0x000000a06d000000)]
  0x000002106f1f72c0 JavaThread "TaskBatchingWorker-target_localhost-10" daemon [_thread_blocked, id=6344, stack(0x000000a06d000000,0x000000a06d100000)]
  0x000002106f1fe170 JavaThread "TaskBatchingWorker-target_localhost-11" daemon [_thread_blocked, id=4400, stack(0x000000a06d100000,0x000000a06d200000)]
  0x000002106f1fce30 JavaThread "TaskBatchingWorker-target_localhost-12" daemon [_thread_blocked, id=20524, stack(0x000000a06d200000,0x000000a06d300000)]
  0x000002106f1fb150 JavaThread "TaskBatchingWorker-target_localhost-13" daemon [_thread_blocked, id=2200, stack(0x000000a06d300000,0x000000a06d400000)]
  0x000002106f1fa7b0 JavaThread "TaskBatchingWorker-target_localhost-14" daemon [_thread_blocked, id=27244, stack(0x000000a06d400000,0x000000a06d500000)]
  0x000002106f1fd300 JavaThread "TaskBatchingWorker-target_localhost-15" daemon [_thread_blocked, id=26404, stack(0x000000a06d500000,0x000000a06d600000)]
  0x000002106f1fbfc0 JavaThread "TaskBatchingWorker-target_localhost-16" daemon [_thread_blocked, id=26184, stack(0x000000a06d600000,0x000000a06d700000)]
  0x000002106f1fc490 JavaThread "TaskBatchingWorker-target_localhost-17" daemon [_thread_blocked, id=25940, stack(0x000000a06d700000,0x000000a06d800000)]
  0x000002106f1fe640 JavaThread "TaskBatchingWorker-target_localhost-18" daemon [_thread_blocked, id=24012, stack(0x000000a06d800000,0x000000a06d900000)]
  0x000002106f1fb620 JavaThread "TaskBatchingWorker-target_localhost-19" daemon [_thread_blocked, id=20168, stack(0x000000a06d900000,0x000000a06da00000)]
  0x000002106f1fc960 JavaThread "TaskAcceptor-localhost" daemon [_thread_blocked, id=22700, stack(0x000000a06da00000,0x000000a06db00000)]
  0x000002106f1fd7d0 JavaThread "TaskNonBatchingWorker-localhost-0" daemon [_thread_blocked, id=26480, stack(0x000000a06db00000,0x000000a06dc00000)]
  0x000002106f1fdca0 JavaThread "Eureka-PeerNodesUpdater" daemon [_thread_blocked, id=21508, stack(0x000000a06dc00000,0x000000a06dd00000)]
  0x000002106f1fac80 JavaThread "Eureka-CacheFillTimer" daemon [_thread_blocked, id=7008, stack(0x000000a06dd00000,0x000000a06de00000)]
  0x000002106f1fbaf0 JavaThread "http-nio-8762-exec-1" daemon [_thread_blocked, id=18176, stack(0x000000a06e100000,0x000000a06e200000)]
  0x0000021071f7e6c0 JavaThread "http-nio-8762-exec-2" daemon [_thread_blocked, id=26352, stack(0x000000a06e200000,0x000000a06e300000)]
  0x0000021071f7c040 JavaThread "http-nio-8762-exec-3" daemon [_thread_blocked, id=23548, stack(0x000000a06e300000,0x000000a06e400000)]
  0x0000021071f7c9e0 JavaThread "http-nio-8762-exec-4" daemon [_thread_blocked, id=18548, stack(0x000000a06e400000,0x000000a06e500000)]
  0x0000021071f7ceb0 JavaThread "http-nio-8762-exec-5" daemon [_thread_blocked, id=10312, stack(0x000000a06e500000,0x000000a06e600000)]
  0x0000021071f7d380 JavaThread "http-nio-8762-exec-6" daemon [_thread_blocked, id=15616, stack(0x000000a06e600000,0x000000a06e700000)]
  0x0000021071f7bb70 JavaThread "http-nio-8762-exec-7" daemon [_thread_blocked, id=26544, stack(0x000000a06e700000,0x000000a06e800000)]
  0x0000021071f7d850 JavaThread "http-nio-8762-exec-8" daemon [_thread_blocked, id=17664, stack(0x000000a06e800000,0x000000a06e900000)]
  0x0000021071f7c510 JavaThread "http-nio-8762-exec-9" daemon [_thread_blocked, id=18804, stack(0x000000a06e900000,0x000000a06ea00000)]
  0x0000021071f7dd20 JavaThread "http-nio-8762-exec-10" daemon [_thread_blocked, id=14996, stack(0x000000a06ea00000,0x000000a06eb00000)]
  0x0000021071f7e1f0 JavaThread "http-nio-8762-Poller" daemon [_thread_in_native, id=20652, stack(0x000000a06eb00000,0x000000a06ec00000)]
  0x0000021071f7ad00 JavaThread "http-nio-8762-Acceptor" daemon [_thread_in_native, id=1796, stack(0x000000a06ec00000,0x000000a06ed00000)]
  0x0000021071f7eb90 JavaThread "DestroyJavaVM" [_thread_blocked, id=25956, stack(0x000000a069700000,0x000000a069800000)]
  0x0000021071f81bb0 JavaThread "Thread-7" [_thread_in_Java, id=24076, stack(0x000000a069600000,0x000000a069700000)]

Other Threads:
  0x0000021026426b60 VMThread "VM Thread" [stack: 0x000000a069d00000,0x000000a069e00000] [id=20920]
  0x0000021026d82ea0 WatcherThread [stack: 0x000000a06a800000,0x000000a06a900000] [id=21600]
  0x0000021075b3f050 GCTaskThread "GC Thread#0" [stack: 0x000000a069800000,0x000000a069900000] [id=25032]
  0x000002106c753740 GCTaskThread "GC Thread#1" [stack: 0x000000a06ac00000,0x000000a06ad00000] [id=22868]
  0x000002106c753a00 GCTaskThread "GC Thread#2" [stack: 0x000000a06ad00000,0x000000a06ae00000] [id=21820]
  0x000002106c7eb160 GCTaskThread "GC Thread#3" [stack: 0x000000a06ae00000,0x000000a06af00000] [id=24476]
  0x000002106c7eb420 GCTaskThread "GC Thread#4" [stack: 0x000000a06af00000,0x000000a06b000000] [id=19864]
  0x000002106c7eb6e0 GCTaskThread "GC Thread#5" [stack: 0x000000a06b000000,0x000000a06b100000] [id=22584]
  0x000002106c7eb9a0 GCTaskThread "GC Thread#6" [stack: 0x000000a06b100000,0x000000a06b200000] [id=17164]
  0x000002106c6318a0 GCTaskThread "GC Thread#7" [stack: 0x000000a06b200000,0x000000a06b300000] [id=2672]
  0x0000021075b49f60 ConcurrentGCThread "G1 Main Marker" [stack: 0x000000a069900000,0x000000a069a00000] [id=22604]
  0x0000021075b4a970 ConcurrentGCThread "G1 Conc#0" [stack: 0x000000a069a00000,0x000000a069b00000] [id=9364]
  0x000002106e5e1770 ConcurrentGCThread "G1 Conc#1" [stack: 0x000000a06b300000,0x000000a06b400000] [id=12868]
  0x0000021026362030 ConcurrentGCThread "G1 Refine#0" [stack: 0x000000a069b00000,0x000000a069c00000] [id=18372]
  0x000002106f267100 ConcurrentGCThread "G1 Refine#1" [stack: 0x000000a06b400000,0x000000a06b500000] [id=5580]
  0x000002106d3e0f20 ConcurrentGCThread "G1 Refine#2" [stack: 0x000000a06b700000,0x000000a06b800000] [id=15652]
  0x000002106ff4ac70 ConcurrentGCThread "G1 Refine#3" [stack: 0x000000a06b600000,0x000000a06b700000] [id=19992]
  0x000002106ff4bb20 ConcurrentGCThread "G1 Refine#4" [stack: 0x000000a06bd00000,0x000000a06be00000] [id=20848]
  0x0000021026363730 ConcurrentGCThread "G1 Service" [stack: 0x000000a069c00000,0x000000a069d00000] [id=23280]

Threads with active compile tasks:
C2 CompilerThread0  1956878 9986       4       org.springframework.util.StringUtils::cleanPath (346 bytes)

VM state: not at safepoint (normal execution)

VM Mutex/Monitor currently owned by a thread: None

Heap address: 0x0000000583000000, size: 10192 MB, Compressed Oops mode: Zero based, Oop shift amount: 3

CDS archive(s) mapped at: [0x0000021027000000-0x0000021027bd0000-0x0000021027bd0000), size 12386304, SharedBaseAddress: 0x0000021027000000, ArchiveRelocationMode: 1.
Compressed class space mapped at: 0x0000021028000000-0x0000021068000000, reserved size: 1073741824
Narrow klass base: 0x0000021027000000, Narrow klass shift: 0, Narrow klass range: 0x100000000

GC Precious Log:
 CPUs: 8 total, 8 available
 Memory: 40743M
 Large Page Support: Disabled
 NUMA Support: Disabled
 Compressed Oops: Enabled (Zero based)
 Heap Region Size: 8M
 Heap Min Capacity: 8M
 Heap Initial Capacity: 640M
 Heap Max Capacity: 10192M
 Pre-touch: Disabled
 Parallel Workers: 8
 Concurrent Workers: 2
 Concurrent Refinement Workers: 8
 Periodic GC: Disabled

Heap:
 garbage-first heap   total 139264K, used 95757K [0x0000000583000000, 0x0000000800000000)
  region size 8192K, 9 young (73728K), 1 survivors (8192K)
 Metaspace       used 59742K, committed 60288K, reserved 1114112K
  class space    used 7706K, committed 8000K, reserved 1048576K

Heap Regions: E=young(eden), S=young(survivor), O=old, HS=humongous(starts), HC=humongous(continues), CS=collection set, F=free, OA=open archive, CA=closed archive, TAMS=top-at-mark-start (previous, next)
|   0|0x0000000583000000, 0x0000000583462a00, 0x0000000583800000| 54%| O|  |TAMS 0x0000000583000000, 0x0000000583000000| Untracked 
|   1|0x0000000583800000, 0x0000000584000000, 0x0000000584000000|100%| O|  |TAMS 0x0000000584000000, 0x0000000583800000| Untracked 
|   2|0x0000000584000000, 0x0000000584800000, 0x0000000584800000|100%| O|  |TAMS 0x0000000584800000, 0x0000000584000000| Untracked 
|   3|0x0000000584800000, 0x0000000585000000, 0x0000000585000000|100%| O|  |TAMS 0x0000000584800000, 0x0000000584800000| Untracked 
|   4|0x0000000585000000, 0x0000000585800000, 0x0000000585800000|100%| O|  |TAMS 0x0000000585000000, 0x0000000585000000| Untracked 
|   5|0x0000000585800000, 0x0000000585800000, 0x0000000586000000|  0%| F|  |TAMS 0x0000000585800000, 0x0000000585800000| Untracked 
|   6|0x0000000586000000, 0x0000000586000000, 0x0000000586800000|  0%| F|  |TAMS 0x0000000586000000, 0x0000000586000000| Untracked 
|   7|0x0000000586800000, 0x0000000586920be8, 0x0000000587000000| 14%| S|CS|TAMS 0x0000000586800000, 0x0000000586800000| Complete 
|   8|0x0000000587000000, 0x0000000587000000, 0x0000000587800000|  0%| F|  |TAMS 0x0000000587000000, 0x0000000587000000| Untracked 
|   9|0x0000000587800000, 0x0000000587c85e68, 0x0000000588000000| 56%| E|  |TAMS 0x0000000587800000, 0x0000000587800000| Complete 
|  10|0x0000000588000000, 0x0000000588800000, 0x0000000588800000|100%| E|CS|TAMS 0x0000000588000000, 0x0000000588000000| Complete 
|  11|0x0000000588800000, 0x0000000589000000, 0x0000000589000000|100%| E|CS|TAMS 0x0000000588800000, 0x0000000588800000| Complete 
|  12|0x0000000589000000, 0x0000000589800000, 0x0000000589800000|100%| E|CS|TAMS 0x0000000589000000, 0x0000000589000000| Complete 
|  13|0x0000000589800000, 0x000000058a000000, 0x000000058a000000|100%| E|CS|TAMS 0x0000000589800000, 0x0000000589800000| Complete 
|  14|0x000000058a000000, 0x000000058a800000, 0x000000058a800000|100%| E|CS|TAMS 0x000000058a000000, 0x000000058a000000| Complete 
|  15|0x000000058a800000, 0x000000058b000000, 0x000000058b000000|100%| E|CS|TAMS 0x000000058a800000, 0x000000058a800000| Complete 
|  79|0x00000005aa800000, 0x00000005ab000000, 0x00000005ab000000|100%| E|CS|TAMS 0x00000005aa800000, 0x00000005aa800000| Complete 

Card table byte_map: [0x000002107ea90000,0x000002107fe80000] _byte_map_base: 0x000002107be78000

Marking Bits (Prev, Next): (CMBitMap*) 0x0000021075b3f670, (CMBitMap*) 0x0000021075b3f6b0
 Prev Bits: [0x00000210103f0000, 0x000002101a330000)
 Next Bits: [0x000002101a330000, 0x0000021024270000)

Polling page: 0x00000210739d0000

Metaspace:

Usage:
  Non-class:     50.82 MB used.
      Class:      7.53 MB used.
       Both:     58.34 MB used.

Virtual space:
  Non-class space:       64.00 MB reserved,      51.06 MB ( 80%) committed,  1 nodes.
      Class space:        1.00 GB reserved,       7.81 MB ( <1%) committed,  1 nodes.
             Both:        1.06 GB reserved,      58.88 MB (  5%) committed. 

Chunk freelists:
   Non-Class:  12.95 MB
       Class:  8.23 MB
        Both:  21.18 MB

MaxMetaspaceSize: unlimited
CompressedClassSpaceSize: 1.00 GB
Initial GC threshold: 21.00 MB
Current GC threshold: 59.06 MB
CDS: on
MetaspaceReclaimPolicy: balanced
 - commit_granule_bytes: 65536.
 - commit_granule_words: 8192.
 - virtual_space_node_default_size: 8388608.
 - enlarge_chunks_in_place: 1.
 - new_chunks_are_fully_committed: 0.
 - uncommit_free_chunks: 1.
 - use_allocation_guard: 0.
 - handle_deallocations: 1.


Internal statistics:

num_allocs_failed_limit: 6.
num_arena_births: 820.
num_arena_deaths: 0.
num_vsnodes_births: 2.
num_vsnodes_deaths: 0.
num_space_committed: 942.
num_space_uncommitted: 0.
num_chunks_returned_to_freelist: 6.
num_chunks_taken_from_freelist: 2995.
num_chunk_merges: 3.
num_chunk_splits: 2053.
num_chunks_enlarged: 1499.
num_inconsistent_stats: 0.

CodeHeap 'non-profiled nmethods': size=120000Kb used=6783Kb max_used=6783Kb free=113217Kb
 bounds [0x0000021007ad0000, 0x0000021008170000, 0x000002100f000000]
CodeHeap 'profiled nmethods': size=120000Kb used=17613Kb max_used=17613Kb free=102386Kb
 bounds [0x0000021000000000, 0x0000021001140000, 0x0000021007530000]
CodeHeap 'non-nmethods': size=5760Kb used=1317Kb max_used=1361Kb free=4442Kb
 bounds [0x0000021007530000, 0x00000210077a0000, 0x0000021007ad0000]
 total_blobs=9253 nmethods=8622 adapters=543
 compilation: enabled
              stopped_count=0, restarted_count=0
 full_count=0

Compilation events (20 events):
Event: 1939.116 Thread 0x000002102644d970 nmethod 9976 0x000002100816f010 code [0x000002100816f1a0, 0x000002100816f278]
Event: 1939.129 Thread 0x000002102644d970 9977   !   3       org.apache.tomcat.util.threads.ThreadPoolExecutor::getTask (177 bytes)
Event: 1939.131 Thread 0x000002102644d970 nmethod 9977 0x000002100112cd10 code [0x000002100112cfa0, 0x000002100112de98]
Event: 1939.131 Thread 0x000002102644d970 9978       3       org.apache.tomcat.util.threads.TaskQueue::take (5 bytes)
Event: 1939.131 Thread 0x000002102644d970 nmethod 9978 0x000002100112e310 code [0x000002100112e4c0, 0x000002100112e608]
Event: 1939.131 Thread 0x000002102644d970 9979       3       org.apache.tomcat.util.threads.TaskQueue::take (43 bytes)
Event: 1939.131 Thread 0x000002102644d970 nmethod 9979 0x000002100112e690 code [0x000002100112e880, 0x000002100112ecf8]
Event: 1939.196 Thread 0x000002102644d970 9980       3       org.springframework.beans.factory.support.DefaultListableBeanFactory::resolveNamedBean (346 bytes)
Event: 1939.201 Thread 0x000002102644d970 nmethod 9980 0x000002100112ee90 code [0x000002100112f3c0, 0x0000021001132708]
Event: 1939.201 Thread 0x000002102644d970 9981       3       org.springframework.beans.factory.support.DefaultListableBeanFactory::getBeanNamesForType (8 bytes)
Event: 1939.201 Thread 0x000002102644d970 nmethod 9981 0x0000021001133590 code [0x0000021001133740, 0x0000021001133888]
Event: 1943.120 Thread 0x000002102644ad70 9982       4       org.glassfish.jersey.message.internal.OutboundMessageContext::setEntity (10 bytes)
Event: 1943.124 Thread 0x000002102644ad70 nmethod 9982 0x000002100816f310 code [0x000002100816f4a0, 0x000002100816f798]
Event: 1945.642 Thread 0x000002102644d970 9983       3       com.fasterxml.jackson.databind.ser.DefaultSerializerProvider$Impl::createInstance (7 bytes)
Event: 1945.642 Thread 0x000002102644d970 nmethod 9983 0x0000021001133910 code [0x0000021001133aa0, 0x0000021001133be8]
Event: 1945.642 Thread 0x000002102644d970 9984       3       com.fasterxml.jackson.databind.ser.DefaultSerializerProvider$Impl::createInstance (11 bytes)
Event: 1945.642 Thread 0x000002102644d970 nmethod 9984 0x0000021001133c90 code [0x0000021001133e40, 0x00000210011340e8]
Event: 1953.415 Thread 0x000002102644ad70 9985       4       java.lang.StringConcatHelper::checkOverflow (17 bytes)
Event: 1953.416 Thread 0x000002102644ad70 nmethod 9985 0x000002100816f910 code [0x000002100816fa80, 0x000002100816faf8]
Event: 1954.719 Thread 0x000002102644ad70 9986       4       org.springframework.util.StringUtils::cleanPath (346 bytes)

GC Heap History (20 events):
Event: 23.672 GC heap before
{Heap before GC invocations=12 (full 0):
 garbage-first heap   total 139264K, used 41396K [0x0000000583000000, 0x0000000800000000)
  region size 8192K, 3 young (24576K), 2 survivors (16384K)
 Metaspace       used 47289K, committed 47744K, reserved 1114112K
  class space    used 6276K, committed 6464K, reserved 1048576K
}
Event: 23.682 GC heap after
{Heap after GC invocations=13 (full 0):
 garbage-first heap   total 139264K, used 34085K [0x0000000583000000, 0x0000000800000000)
  region size 8192K, 1 young (8192K), 1 survivors (8192K)
 Metaspace       used 47289K, committed 47744K, reserved 1114112K
  class space    used 6276K, committed 6464K, reserved 1048576K
}
Event: 123.887 GC heap before
{Heap before GC invocations=13 (full 0):
 garbage-first heap   total 139264K, used 83237K [0x0000000583000000, 0x0000000800000000)
  region size 8192K, 7 young (57344K), 1 survivors (8192K)
 Metaspace       used 55602K, committed 56192K, reserved 1114112K
  class space    used 7385K, committed 7680K, reserved 1048576K
}
Event: 123.902 GC heap after
{Heap after GC invocations=14 (full 0):
 garbage-first heap   total 139264K, used 37506K [0x0000000583000000, 0x0000000800000000)
  region size 8192K, 1 young (8192K), 1 survivors (8192K)
 Metaspace       used 55602K, committed 56192K, reserved 1114112K
  class space    used 7385K, committed 7680K, reserved 1048576K
}
Event: 222.885 GC heap before
{Heap before GC invocations=14 (full 0):
 garbage-first heap   total 139264K, used 78466K [0x0000000583000000, 0x0000000800000000)
  region size 8192K, 7 young (57344K), 1 survivors (8192K)
 Metaspace       used 58512K, committed 59072K, reserved 1114112K
  class space    used 7687K, committed 7936K, reserved 1048576K
}
Event: 222.890 GC heap after
{Heap after GC invocations=15 (full 0):
 garbage-first heap   total 139264K, used 38635K [0x0000000583000000, 0x0000000800000000)
  region size 8192K, 1 young (8192K), 1 survivors (8192K)
 Metaspace       used 58512K, committed 59072K, reserved 1114112K
  class space    used 7687K, committed 7936K, reserved 1048576K
}
Event: 381.202 GC heap before
{Heap before GC invocations=15 (full 0):
 garbage-first heap   total 139264K, used 87787K [0x0000000583000000, 0x0000000800000000)
  region size 8192K, 7 young (57344K), 1 survivors (8192K)
 Metaspace       used 58781K, committed 59392K, reserved 1114112K
  class space    used 7691K, committed 8000K, reserved 1048576K
}
Event: 381.205 GC heap after
{Heap after GC invocations=16 (full 0):
 garbage-first heap   total 139264K, used 38408K [0x0000000583000000, 0x0000000800000000)
  region size 8192K, 1 young (8192K), 1 survivors (8192K)
 Metaspace       used 58781K, committed 59392K, reserved 1114112K
  class space    used 7691K, committed 8000K, reserved 1048576K
}
Event: 537.533 GC heap before
{Heap before GC invocations=16 (full 0):
 garbage-first heap   total 139264K, used 95752K [0x0000000583000000, 0x0000000800000000)
  region size 8192K, 8 young (65536K), 1 survivors (8192K)
 Metaspace       used 59007K, committed 59584K, reserved 1114112K
  class space    used 7695K, committed 8000K, reserved 1048576K
}
Event: 537.536 GC heap after
{Heap after GC invocations=17 (full 0):
 garbage-first heap   total 139264K, used 38429K [0x0000000583000000, 0x0000000800000000)
  region size 8192K, 1 young (8192K), 1 survivors (8192K)
 Metaspace       used 59007K, committed 59584K, reserved 1114112K
  class space    used 7695K, committed 8000K, reserved 1048576K
}
Event: 703.432 GC heap before
{Heap before GC invocations=17 (full 0):
 garbage-first heap   total 139264K, used 95773K [0x0000000583000000, 0x0000000800000000)
  region size 8192K, 8 young (65536K), 1 survivors (8192K)
 Metaspace       used 59144K, committed 59776K, reserved 1114112K
  class space    used 7696K, committed 8000K, reserved 1048576K
}
Event: 703.436 GC heap after
{Heap after GC invocations=18 (full 0):
 garbage-first heap   total 139264K, used 38368K [0x0000000583000000, 0x0000000800000000)
  region size 8192K, 1 young (8192K), 1 survivors (8192K)
 Metaspace       used 59144K, committed 59776K, reserved 1114112K
  class space    used 7696K, committed 8000K, reserved 1048576K
}
Event: 993.609 GC heap before
{Heap before GC invocations=18 (full 0):
 garbage-first heap   total 139264K, used 95712K [0x0000000583000000, 0x0000000800000000)
  region size 8192K, 8 young (65536K), 1 survivors (8192K)
 Metaspace       used 59299K, committed 59904K, reserved 1114112K
  class space    used 7696K, committed 8000K, reserved 1048576K
}
Event: 993.612 GC heap after
{Heap after GC invocations=19 (full 0):
 garbage-first heap   total 139264K, used 38387K [0x0000000583000000, 0x0000000800000000)
  region size 8192K, 1 young (8192K), 1 survivors (8192K)
 Metaspace       used 59299K, committed 59904K, reserved 1114112K
  class space    used 7696K, committed 8000K, reserved 1048576K
}
Event: 1232.672 GC heap before
{Heap before GC invocations=19 (full 0):
 garbage-first heap   total 139264K, used 103923K [0x0000000583000000, 0x0000000800000000)
  region size 8192K, 9 young (73728K), 1 survivors (8192K)
 Metaspace       used 59390K, committed 59968K, reserved 1114112K
  class space    used 7696K, committed 8000K, reserved 1048576K
}
Event: 1232.676 GC heap after
{Heap after GC invocations=20 (full 0):
 garbage-first heap   total 139264K, used 38416K [0x0000000583000000, 0x0000000800000000)
  region size 8192K, 1 young (8192K), 1 survivors (8192K)
 Metaspace       used 59390K, committed 59968K, reserved 1114112K
  class space    used 7696K, committed 8000K, reserved 1048576K
}
Event: 1454.997 GC heap before
{Heap before GC invocations=20 (full 0):
 garbage-first heap   total 139264K, used 103952K [0x0000000583000000, 0x0000000800000000)
  region size 8192K, 9 young (73728K), 1 survivors (8192K)
 Metaspace       used 59591K, committed 60160K, reserved 1114112K
  class space    used 7697K, committed 8000K, reserved 1048576K
}
Event: 1455.000 GC heap after
{Heap after GC invocations=21 (full 0):
 garbage-first heap   total 139264K, used 38409K [0x0000000583000000, 0x0000000800000000)
  region size 8192K, 1 young (8192K), 1 survivors (8192K)
 Metaspace       used 59591K, committed 60160K, reserved 1114112K
  class space    used 7697K, committed 8000K, reserved 1048576K
}
Event: 1656.689 GC heap before
{Heap before GC invocations=21 (full 0):
 garbage-first heap   total 139264K, used 103945K [0x0000000583000000, 0x0000000800000000)
  region size 8192K, 9 young (73728K), 1 survivors (8192K)
 Metaspace       used 59645K, committed 60224K, reserved 1114112K
  class space    used 7698K, committed 8000K, reserved 1048576K
}
Event: 1656.694 GC heap after
{Heap after GC invocations=22 (full 0):
 garbage-first heap   total 139264K, used 38413K [0x0000000583000000, 0x0000000800000000)
  region size 8192K, 1 young (8192K), 1 survivors (8192K)
 Metaspace       used 59645K, committed 60224K, reserved 1114112K
  class space    used 7698K, committed 8000K, reserved 1048576K
}

Deoptimization events (20 events):
Event: 1952.837 Thread 0x000002106ec25e70 DEOPT PACKING pc=0x0000021008080d44 sp=0x000000a06beff320
Event: 1952.837 Thread 0x000002106ec25e70 DEOPT UNPACKING pc=0x0000021007585ba3 sp=0x000000a06beff288 mode 2
Event: 1953.242 Thread 0x000002106ec25e70 Uncommon trap: trap_request=0xffffff45 fr.pc=0x00000210080e2308 relative=0x0000000000000168
Event: 1953.242 Thread 0x000002106ec25e70 Uncommon trap: reason=unstable_if action=reinterpret pc=0x00000210080e2308 method=java.util.AbstractSet.equals(Ljava/lang/Object;)Z @ 31 c2
Event: 1953.242 Thread 0x000002106ec25e70 DEOPT PACKING pc=0x00000210080e2308 sp=0x000000a06beff530
Event: 1953.243 Thread 0x000002106ec25e70 DEOPT UNPACKING pc=0x0000021007585ba3 sp=0x000000a06beff4b8 mode 2
Event: 1954.684 Thread 0x000002106ec25e70 Uncommon trap: trap_request=0xffffffc6 fr.pc=0x0000021007c265c0 relative=0x00000000000007e0
Event: 1954.684 Thread 0x000002106ec25e70 Uncommon trap: reason=bimorphic_or_optimized_type_check action=maybe_recompile pc=0x0000021007c265c0 method=java.util.HashMap.removeNode(ILjava/lang/Object;Ljava/lang/Object;ZZ)Ljava/util/HashMap$Node; @ 68 c2
Event: 1954.684 Thread 0x000002106ec25e70 DEOPT PACKING pc=0x0000021007c265c0 sp=0x000000a06beff520
Event: 1954.684 Thread 0x000002106ec25e70 DEOPT UNPACKING pc=0x0000021007585ba3 sp=0x000000a06beff448 mode 2
Event: 1954.750 Thread 0x000002106ec25e70 Uncommon trap: trap_request=0xffffff45 fr.pc=0x0000021008055ea8 relative=0x0000000000002228
Event: 1954.750 Thread 0x000002106ec25e70 Uncommon trap: reason=unstable_if action=reinterpret pc=0x0000021008055ea8 method=java.util.Formatter.parse(Ljava/lang/String;)Ljava/util/List; @ 62 c2
Event: 1954.750 Thread 0x000002106ec25e70 DEOPT PACKING pc=0x0000021008055ea8 sp=0x000000a06befeec0
Event: 1954.750 Thread 0x000002106ec25e70 DEOPT UNPACKING pc=0x0000021007585ba3 sp=0x000000a06befee58 mode 2
Event: 1954.750 Thread 0x000002106ec25e70 Uncommon trap: trap_request=0xffffff45 fr.pc=0x0000021007e9a64c relative=0x000000000000024c
Event: 1954.750 Thread 0x000002106ec25e70 Uncommon trap: reason=unstable_if action=reinterpret pc=0x0000021007e9a64c method=ch.qos.logback.classic.Level.fromLocationAwareLoggerInteger(I)Lch/qos/logback/classic/Level; @ 1 c2
Event: 1954.751 Thread 0x000002106ec25e70 DEOPT PACKING pc=0x0000021007e9a64c sp=0x000000a06beff030
Event: 1954.751 Thread 0x000002106ec25e70 DEOPT UNPACKING pc=0x0000021007585ba3 sp=0x000000a06befefb0 mode 2
Event: 1954.759 Thread 0x000002106ec25e70 Uncommon trap: trap_request=0xffffffde fr.pc=0x0000021007e98e94 relative=0x0000000000000374
Event: 1956.772 Thread 0x000002106ec25e70 Uncommon trap: reason=class_check action=maybe_recompile pc=0x0000021007e98e94 method=org.apache.commons.logging.LogAdapter$Slf4jLocationAwareLog.debug(Ljava/lang/Object;)V @ 1 c2

Classes unloaded (0 events):
No events

Classes redefined (0 events):
No events

Internal exceptions (20 events):
Event: 1951.748 Thread 0x000002106f1f8130 Exception <a 'java/net/ConnectException'{0x0000000587bb70f8}: Connection refused: no further information> (0x0000000587bb70f8) 
thrown [s\open\src\hotspot\share\prims\jni.cpp, line 535]
Event: 1951.749 Thread 0x000002106f1f8130 Exception <a 'java/net/SocketException'{0x0000000587bb76d8}: Socket is not connected: shutdown> (0x0000000587bb76d8) 
thrown [s\open\src\hotspot\share\prims\jni.cpp, line 535]
Event: 1951.834 Thread 0x000002106f1f8130 Exception <a 'java/net/ConnectException'{0x0000000587bb7ed0}: Connection refused: no further information> (0x0000000587bb7ed0) 
thrown [s\open\src\hotspot\share\prims\jni.cpp, line 535]
Event: 1951.834 Thread 0x000002106f1f8130 Exception <a 'java/net/SocketException'{0x0000000587bb84b0}: Socket is not connected: shutdown> (0x0000000587bb84b0) 
thrown [s\open\src\hotspot\share\prims\jni.cpp, line 535]
Event: 1952.058 Thread 0x000002106f1f9470 Exception <a 'java/net/ConnectException'{0x0000000587bcfbf8}: Connection refused: no further information> (0x0000000587bcfbf8) 
thrown [s\open\src\hotspot\share\prims\jni.cpp, line 535]
Event: 1952.058 Thread 0x000002106f1f9470 Exception <a 'java/net/SocketException'{0x0000000587bd01d8}: Socket is not connected: shutdown> (0x0000000587bd01d8) 
thrown [s\open\src\hotspot\share\prims\jni.cpp, line 535]
Event: 1952.149 Thread 0x000002106f1f9470 Exception <a 'java/net/ConnectException'{0x0000000587bd09d0}: Connection refused: no further information> (0x0000000587bd09d0) 
thrown [s\open\src\hotspot\share\prims\jni.cpp, line 535]
Event: 1952.150 Thread 0x000002106f1f9470 Exception <a 'java/net/SocketException'{0x0000000587bd0fb0}: Socket is not connected: shutdown> (0x0000000587bd0fb0) 
thrown [s\open\src\hotspot\share\prims\jni.cpp, line 535]
Event: 1952.331 Thread 0x000002106f1f8ad0 Exception <a 'java/net/ConnectException'{0x0000000587b40e28}: Connection refused: no further information> (0x0000000587b40e28) 
thrown [s\open\src\hotspot\share\prims\jni.cpp, line 535]
Event: 1952.331 Thread 0x000002106f1f8ad0 Exception <a 'java/net/SocketException'{0x0000000587b41408}: Socket is not connected: shutdown> (0x0000000587b41408) 
thrown [s\open\src\hotspot\share\prims\jni.cpp, line 535]
Event: 1952.399 Thread 0x000002106f1f8ad0 Exception <a 'java/net/ConnectException'{0x0000000587b41c00}: Connection refused: no further information> (0x0000000587b41c00) 
thrown [s\open\src\hotspot\share\prims\jni.cpp, line 535]
Event: 1952.399 Thread 0x000002106f1f8ad0 Exception <a 'java/net/SocketException'{0x0000000587bd6950}: Socket is not connected: shutdown> (0x0000000587bd6950) 
thrown [s\open\src\hotspot\share\prims\jni.cpp, line 535]
Event: 1952.555 Thread 0x000002106f1fb620 Exception <a 'java/net/ConnectException'{0x0000000587832ba0}: Connection refused: no further information> (0x0000000587832ba0) 
thrown [s\open\src\hotspot\share\prims\jni.cpp, line 535]
Event: 1952.555 Thread 0x000002106f1fb620 Exception <a 'java/net/SocketException'{0x0000000587833180}: Socket is not connected: shutdown> (0x0000000587833180) 
thrown [s\open\src\hotspot\share\prims\jni.cpp, line 535]
Event: 1953.638 Thread 0x000002106f1fb620 Exception <a 'java/net/ConnectException'{0x0000000587833978}: Connection refused: no further information> (0x0000000587833978) 
thrown [s\open\src\hotspot\share\prims\jni.cpp, line 535]
Event: 1953.638 Thread 0x000002106f1fb620 Exception <a 'java/net/SocketException'{0x0000000587833f58}: Socket is not connected: shutdown> (0x0000000587833f58) 
thrown [s\open\src\hotspot\share\prims\jni.cpp, line 535]
Event: 1953.890 Thread 0x000002106f1f8130 Exception <a 'java/net/ConnectException'{0x0000000587c06cb0}: Connection refused: no further information> (0x0000000587c06cb0) 
thrown [s\open\src\hotspot\share\prims\jni.cpp, line 535]
Event: 1953.890 Thread 0x000002106f1f8130 Exception <a 'java/net/SocketException'{0x0000000587c07290}: Socket is not connected: shutdown> (0x0000000587c07290) 
thrown [s\open\src\hotspot\share\prims\jni.cpp, line 535]
Event: 1954.014 Thread 0x000002106f1f8130 Exception <a 'java/net/ConnectException'{0x0000000587c07a88}: Connection refused: no further information> (0x0000000587c07a88) 
thrown [s\open\src\hotspot\share\prims\jni.cpp, line 535]
Event: 1954.014 Thread 0x000002106f1f8130 Exception <a 'java/net/SocketException'{0x0000000587c08068}: Socket is not connected: shutdown> (0x0000000587c08068) 
thrown [s\open\src\hotspot\share\prims\jni.cpp, line 535]

VM Operations (20 events):
Event: 1788.363 Executing VM operation: Cleanup done
Event: 1803.532 Executing VM operation: HandshakeAllThreads
Event: 1803.532 Executing VM operation: HandshakeAllThreads done
Event: 1860.977 Executing VM operation: Cleanup
Event: 1860.977 Executing VM operation: Cleanup done
Event: 1863.692 Executing VM operation: HandshakeAllThreads
Event: 1863.692 Executing VM operation: HandshakeAllThreads done
Event: 1863.692 Executing VM operation: Cleanup
Event: 1863.692 Executing VM operation: Cleanup done
Event: 1866.708 Executing VM operation: Cleanup
Event: 1866.709 Executing VM operation: Cleanup done
Event: 1877.790 Executing VM operation: Cleanup
Event: 1877.790 Executing VM operation: Cleanup done
Event: 1886.882 Executing VM operation: Cleanup
Event: 1886.883 Executing VM operation: Cleanup done
Event: 1923.776 Executing VM operation: HandshakeAllThreads
Event: 1923.776 Executing VM operation: HandshakeAllThreads done
Event: 1954.027 Executing VM operation: Cleanup
Event: 1954.684 Executing VM operation: Cleanup done
Event: 1956.694 Executing VM operation: Cleanup

Events (20 events):
Event: 198.497 Thread 0x000002102646d430 flushing nmethod 0x0000021000c67d10
Event: 198.497 Thread 0x000002102646d430 flushing nmethod 0x0000021000c6ee10
Event: 198.497 Thread 0x000002102646d430 flushing nmethod 0x0000021000c77890
Event: 198.497 Thread 0x000002102646d430 flushing nmethod 0x0000021000c79d10
Event: 198.497 Thread 0x000002102646d430 flushing nmethod 0x0000021000c7ac10
Event: 198.497 Thread 0x000002102646d430 flushing nmethod 0x0000021000c7bf90
Event: 198.497 Thread 0x000002102646d430 flushing nmethod 0x0000021000c81710
Event: 601.776 loading class java/util/concurrent/atomic/Striped64$Cell
Event: 601.776 loading class java/util/concurrent/atomic/Striped64$Cell done
Event: 1374.641 Thread 0x000002102646d430 flushing nmethod 0x0000021000473010
Event: 1374.641 Thread 0x000002102646d430 flushing nmethod 0x000002100051ed90
Event: 1374.641 Thread 0x000002102646d430 flushing nmethod 0x000002100051f690
Event: 1374.646 Thread 0x000002102646d430 flushing nmethod 0x00000210009ed690
Event: 1374.649 Thread 0x000002102646d430 flushing nmethod 0x0000021000c73010
Event: 1374.649 Thread 0x000002102646d430 flushing nmethod 0x0000021000caa490
Event: 1374.649 Thread 0x000002102646d430 flushing nmethod 0x0000021000cb5f90
Event: 1374.649 Thread 0x000002102646d430 flushing nmethod 0x0000021000cb7390
Event: 1374.649 Thread 0x000002102646d430 flushing nmethod 0x0000021000cd2a10
Event: 1374.649 Thread 0x000002102646d430 flushing nmethod 0x0000021000d0a690
Event: 1374.649 Thread 0x000002102646d430 flushing nmethod 0x0000021000d52210


Dynamic libraries:
0x00007ff7dd9e0000 - 0x00007ff7dd9f0000 	C:\Program Files\Java\jdk-17\bin\java.exe
0x00007ff8e4b00000 - 0x00007ff8e4d67000 	C:\Windows\SYSTEM32\ntdll.dll
0x00007ff8e3b80000 - 0x00007ff8e3c49000 	C:\Windows\System32\KERNEL32.DLL
0x00007ff8e2080000 - 0x00007ff8e2470000 	C:\Windows\System32\KERNELBASE.dll
0x00007ff8e2480000 - 0x00007ff8e25cb000 	C:\Windows\System32\ucrtbase.dll
0x00007ff8c7d40000 - 0x00007ff8c7d59000 	C:\Program Files\Java\jdk-17\bin\jli.dll
0x00007ff8e3dd0000 - 0x00007ff8e3e84000 	C:\Windows\System32\ADVAPI32.dll
0x00007ff8e3d20000 - 0x00007ff8e3dc9000 	C:\Windows\System32\msvcrt.dll
0x00007ff8e3a60000 - 0x00007ff8e3b06000 	C:\Windows\System32\sechost.dll
0x00007ff8e3e90000 - 0x00007ff8e3fa8000 	C:\Windows\System32\RPCRT4.dll
0x00007ff8e4550000 - 0x00007ff8e4715000 	C:\Windows\System32\USER32.dll
0x00007ff8e1e30000 - 0x00007ff8e1e57000 	C:\Windows\System32\win32u.dll
0x00007ff8e34c0000 - 0x00007ff8e34eb000 	C:\Windows\System32\GDI32.dll
0x00007ff8e2750000 - 0x00007ff8e2888000 	C:\Windows\System32\gdi32full.dll
0x00007ff8e1d80000 - 0x00007ff8e1e23000 	C:\Windows\System32\msvcp_win.dll
0x00007ff8c7d20000 - 0x00007ff8c7d3b000 	C:\Program Files\Java\jdk-17\bin\VCRUNTIME140.dll
0x00007ff8e1030000 - 0x00007ff8e12ca000 	C:\Windows\WinSxS\amd64_microsoft.windows.common-controls_6595b64144ccf1df_6.0.26100.4768_none_3e0c112ce331287c\COMCTL32.dll
0x00007ff8d1030000 - 0x00007ff8d103b000 	C:\Windows\SYSTEM32\VERSION.dll
0x00007ff8e3ce0000 - 0x00007ff8e3d0f000 	C:\Windows\System32\IMM32.DLL
0x00007ff8c7dc0000 - 0x00007ff8c7dcc000 	C:\Program Files\Java\jdk-17\bin\vcruntime140_1.dll
0x00007ff883f40000 - 0x00007ff883fce000 	C:\Program Files\Java\jdk-17\bin\msvcp140.dll
0x00007ff8468f0000 - 0x00007ff8474d1000 	C:\Program Files\Java\jdk-17\bin\server\jvm.dll
0x00007ff8e3cd0000 - 0x00007ff8e3cd8000 	C:\Windows\System32\PSAPI.DLL
0x00007ff8adde0000 - 0x00007ff8addea000 	C:\Windows\SYSTEM32\WSOCK32.dll
0x00007ff8e3440000 - 0x00007ff8e34b4000 	C:\Windows\System32\WS2_32.dll
0x00007ff8c9910000 - 0x00007ff8c9945000 	C:\Windows\SYSTEM32\WINMM.dll
0x00007ff8e0030000 - 0x00007ff8e004b000 	C:\Windows\SYSTEM32\kernel.appcore.dll
0x00007ff8c7cf0000 - 0x00007ff8c7cfa000 	C:\Program Files\Java\jdk-17\bin\jimage.dll
0x00007ff8e13f0000 - 0x00007ff8e1631000 	C:\Windows\SYSTEM32\DBGHELP.DLL
0x00007ff8e4730000 - 0x00007ff8e4ab5000 	C:\Windows\System32\combase.dll
0x00007ff8e35a0000 - 0x00007ff8e3680000 	C:\Windows\System32\OLEAUT32.dll
0x00007ff8e12d0000 - 0x00007ff8e1313000 	C:\Windows\SYSTEM32\dbgcore.DLL
0x00007ff8e1e60000 - 0x00007ff8e1ef9000 	C:\Windows\System32\bcryptPrimitives.dll
0x00007ff8c3ed0000 - 0x00007ff8c3ef5000 	C:\Program Files\Java\jdk-17\bin\java.dll
0x00007ff865830000 - 0x00007ff865907000 	C:\Program Files\Java\jdk-17\bin\jsvml.dll
0x00007ff8e2a40000 - 0x00007ff8e318d000 	C:\Windows\System32\SHELL32.dll
0x00007ff8e25d0000 - 0x00007ff8e2743000 	C:\Windows\System32\wintypes.dll
0x00007ff8ded60000 - 0x00007ff8df5bf000 	C:\Windows\SYSTEM32\windows.storage.dll
0x00007ff8e2940000 - 0x00007ff8e2a35000 	C:\Windows\System32\SHCORE.dll
0x00007ff8e3800000 - 0x00007ff8e386a000 	C:\Windows\System32\shlwapi.dll
0x00007ff8e1b50000 - 0x00007ff8e1b79000 	C:\Windows\SYSTEM32\profapi.dll
0x00007ff8ac290000 - 0x00007ff8ac2a9000 	C:\Program Files\Java\jdk-17\bin\net.dll
0x00007ff8d27b0000 - 0x00007ff8d28ce000 	C:\Windows\SYSTEM32\WINHTTP.dll
0x00007ff8e0560000 - 0x00007ff8e05cb000 	C:\Windows\system32\mswsock.dll
0x00007ff8ac150000 - 0x00007ff8ac166000 	C:\Program Files\Java\jdk-17\bin\nio.dll
0x00007ff8a96c0000 - 0x00007ff8a96d8000 	C:\Program Files\Java\jdk-17\bin\zip.dll
0x00007ff8c7360000 - 0x00007ff8c736a000 	C:\Program Files\Java\jdk-17\bin\management.dll
0x00007ff8c6c30000 - 0x00007ff8c6c3b000 	C:\Program Files\Java\jdk-17\bin\management_ext.dll
0x00007ff8dfa60000 - 0x00007ff8dfa93000 	C:\Windows\SYSTEM32\IPHLPAPI.DLL
0x00007ff8e3590000 - 0x00007ff8e359a000 	C:\Windows\System32\NSI.dll
0x00007ff8da360000 - 0x00007ff8da37f000 	C:\Windows\SYSTEM32\dhcpcsvc6.DLL
0x00007ff8da310000 - 0x00007ff8da335000 	C:\Windows\SYSTEM32\dhcpcsvc.DLL
0x00007ff8dfaf0000 - 0x00007ff8dfc16000 	C:\Windows\SYSTEM32\DNSAPI.dll
0x00007ff8d8b80000 - 0x00007ff8d8b8b000 	C:\Windows\System32\rasadhlp.dll
0x00007ff8daf90000 - 0x00007ff8db016000 	C:\Windows\System32\fwpuclnt.dll
0x00007ff8c6bb0000 - 0x00007ff8c6bbe000 	C:\Program Files\Java\jdk-17\bin\sunmscapi.dll
0x00007ff8e1f00000 - 0x00007ff8e2077000 	C:\Windows\System32\CRYPT32.dll
0x00007ff8e0b70000 - 0x00007ff8e0ba0000 	C:\Windows\SYSTEM32\ncrypt.dll
0x00007ff8e0b20000 - 0x00007ff8e0b5f000 	C:\Windows\SYSTEM32\NTASN1.dll
0x00007ff8e1760000 - 0x00007ff8e177b000 	C:\Windows\SYSTEM32\CRYPTSP.dll
0x00007ff8e0c20000 - 0x00007ff8e0c5b000 	C:\Windows\system32\rsaenh.dll
0x00007ff8e05d0000 - 0x00007ff8e05fb000 	C:\Windows\SYSTEM32\USERENV.dll
0x00007ff8e1b20000 - 0x00007ff8e1b46000 	C:\Windows\SYSTEM32\bcrypt.dll
0x00007ff8e0c10000 - 0x00007ff8e0c1c000 	C:\Windows\SYSTEM32\CRYPTBASE.dll
0x00007ff8c6140000 - 0x00007ff8c6150000 	C:\Program Files\Java\jdk-17\bin\verify.dll
0x00007ff89e0e0000 - 0x00007ff89e0f8000 	C:\Windows\system32\napinsp.dll
0x00007ff89e0b0000 - 0x00007ff89e0d0000 	C:\Windows\system32\wshbth.dll
0x00007ff88ff90000 - 0x00007ff88ffc0000 	C:\Windows\system32\nlansp_c.dll
0x00007ff88ff70000 - 0x00007ff88ff82000 	C:\Windows\System32\winrnr.dll
0x00007ff8c6f80000 - 0x00007ff8c6f88000 	C:\Windows\system32\wshunix.dll

dbghelp: loaded successfully - version: 4.0.5 - missing functions: none
symbol engine: initialized successfully - sym options: 0x614 - pdb path: .;C:\Program Files\Java\jdk-17\bin;C:\Windows\SYSTEM32;C:\Windows\WinSxS\amd64_microsoft.windows.common-controls_6595b64144ccf1df_6.0.26100.4768_none_3e0c112ce331287c;C:\Program Files\Java\jdk-17\bin\server

VM Arguments:
jvm_args: -XX:+ShowCodeDetailsInExceptionMessages 
java_command: com.manamer.sellout.infraestructure.eurekaserver.EurekaserverApplication
java_class_path (initial): C:\Users\Fernanda Jama\OneDrive - Manamer\Documentos\PROYECTOS 2025-2026\sellout1\backend\infraestructure\eureka\target\classes;C:\Users\Fernanda Jama\.m2\repository\org\springframework\cloud\spring-cloud-starter-netflix-eureka-server\4.1.1\spring-cloud-starter-netflix-eureka-server-4.1.1.jar;C:\Users\Fernanda Jama\.m2\repository\org\springframework\cloud\spring-cloud-starter\4.1.2\spring-cloud-starter-4.1.2.jar;C:\Users\Fernanda Jama\.m2\repository\org\springframework\cloud\spring-cloud-context\4.1.2\spring-cloud-context-4.1.2.jar;C:\Users\Fernanda Jama\.m2\repository\org\springframework\security\spring-security-crypto\6.3.1\spring-security-crypto-6.3.1.jar;C:\Users\Fernanda Jama\.m2\repository\org\springframework\cloud\spring-cloud-commons\4.1.2\spring-cloud-commons-4.1.2.jar;C:\Users\Fernanda Jama\.m2\repository\org\springframework\security\spring-security-rsa\1.1.2\spring-security-rsa-1.1.2.jar;C:\Users\Fernanda Jama\.m2\repository\org\bouncycastle\bcprov-jdk18on\1.77\bcprov-jdk18on-1.77.jar;C:\Users\Fernanda Jama\.m2\repository\org\springframework\cloud\spring-cloud-netflix-eureka-server\4.1.1\spring-cloud-netflix-eureka-server-4.1.1.jar;C:\Users\Fernanda Jama\.m2\repository\org\springframework\boot\spring-boot-starter-web\3.2.4\spring-boot-starter-web-3.2.4.jar;C:\Users\Fernanda Jama\.m2\repository\org\springframework\boot\spring-boot-starter-json\3.2.4\spring-boot-starter-json-3.2.4.jar;C:\Users\Fernanda Jama\.m2\repository\com\fasterxml\jackson\datatype\jackson-datatype-jdk8\2.17.2\jackson-datatype-jdk8-2.17.2.jar;C:\Users\Fernanda Jama\.m2\repository\com\fasterxml\jackson\module\jackson-module-parameter-names\2.17.2\jackson-module-parameter-names-2.17.2.jar;C:\Users\Fernanda Jama\.m2\repository\org\springframework\boot\spring-boot-starter-tomcat\3.2.4\spring-boot-starter-tomcat-3.2.4.jar;C:\Users\Fernanda Jama\.m2\repository\org\apache\tomcat\embed\tomcat-embed-core\10.1.19\tomcat-embed-core-10.1.19.jar;C:\Users\Fernanda Jama\.m
Launcher Type: SUN_STANDARD

[Global flags]
     intx CICompilerCount                          = 4                                         {product} {ergonomic}
     uint ConcGCThreads                            = 2                                         {product} {ergonomic}
     uint G1ConcRefinementThreads                  = 8                                         {product} {ergonomic}
   size_t G1HeapRegionSize                         = 8388608                                   {product} {ergonomic}
    uintx GCDrainStackTargetSize                   = 64                                        {product} {ergonomic}
   size_t InitialHeapSize                          = 671088640                                 {product} {ergonomic}
   size_t MarkStackSize                            = 4194304                                   {product} {ergonomic}
   size_t MaxHeapSize                              = 10687086592                               {product} {ergonomic}
   size_t MaxNewSize                               = 6408896512                                {product} {ergonomic}
   size_t MinHeapDeltaBytes                        = 8388608                                   {product} {ergonomic}
   size_t MinHeapSize                              = 8388608                                   {product} {ergonomic}
    uintx NonNMethodCodeHeapSize                   = 5839372                                {pd product} {ergonomic}
    uintx NonProfiledCodeHeapSize                  = 122909434                              {pd product} {ergonomic}
    uintx ProfiledCodeHeapSize                     = 122909434                              {pd product} {ergonomic}
    uintx ReservedCodeCacheSize                    = 251658240                              {pd product} {ergonomic}
     bool SegmentedCodeCache                       = true                                      {product} {ergonomic}
     bool ShowCodeDetailsInExceptionMessages       = true                                   {manageable} {command line}
   size_t SoftMaxHeapSize                          = 10687086592                            {manageable} {ergonomic}
     bool UseCompressedClassPointers               = true                           {product lp64_product} {ergonomic}
     bool UseCompressedOops                        = true                           {product lp64_product} {ergonomic}
     bool UseG1GC                                  = true                                      {product} {ergonomic}
     bool UseLargePagesIndividualAllocation        = false                                  {pd product} {ergonomic}

Logging:
Log output configuration:
 #0: stdout all=warning uptime,level,tags
 #1: stderr all=off uptime,level,tags

Environment Variables:
JAVA_HOME=C:\\Program Files\\Java\\jdk-17
CLASSPATH=C:\Program Files\SAP\SAP Business One DI API\JCO\LIB\sbowrapper.jar;C:\Program Files\SAP\SAP Business One DI API\JCO\LIB\sboapi.jar
PATH=C:\\Program Files\\Java\\jdk-17\\bin;C:\\Users\\Fernanda Jama\\.trae\\tools\\maven\\latest\\bin;C:\\Users\\Fernanda Jama\\.trae\\tools\\gradle\\latest\\bin;C:\Program Files\Java\jdk-17\bin;C:\Users\Fernanda Jama\.trae\tools\maven\latest\bin;C:\Users\Fernanda Jama\.trae\tools\gradle\latest\bin;C:\Python313\Scripts\;C:\Python313\;C:\Program Files\Microsoft MPI\Bin\;C:\Program Files\Common Files\Oracle\Java\javapath;C:\Windows\system32;C:\Windows;C:\Windows\System32\Wbem;C:\Windows\System32\WindowsPowerShell\v1.0\;C:\Windows\System32\OpenSSH\;C:\Program Files\Microsoft SQL Server\Client SDK\ODBC\170\Tools\Binn\;C:\Program Files (x86)\Microsoft SQL Server\150\Tools\Binn\;C:\Program Files\Microsoft SQL Server\150\Tools\Binn\;C:\Program Files\Microsoft SQL Server\150\DTS\Binn\;C:\Program Files (x86)\Microsoft SQL Server\160\DTS\Binn\;C:\Program Files\nodejs\;C:\ProgramData\chocolatey\bin;C:\Program Files\SAP\SAP Business One DI API\JCO\LIB\;C:\Program Files\SAP\SAP Business One DI API\DI API 90;C:\Program Files\SAP\SAP Business One\;C:\Program Files\apache-maven-3.8.8-bin\apache-maven-3.8.8\bin;C:\Users\Fernanda Jama\AppData\Local\Microsoft\WindowsApps;C:\Users\Fernanda Jama\AppData\Local\GitHubDesktop\bin;C:\Users\Fernanda Jama\AppData\Local\Programs\Microsoft VS Code\bin;C:\Users\Fernanda Jama\AppData\Roaming\npm
USERNAME=Fernanda Jama
LANG=en_US.UTF-8
OS=Windows_NT
PROCESSOR_IDENTIFIER=Intel64 Family 6 Model 140 Stepping 1, GenuineIntel



---------------  S Y S T E M  ---------------

OS:
 Windows 11 , 64 bit Build 26100 (10.0.26100.4768)
OS uptime: 0 days 19:32 hours
Hyper-V role detected

CPU: total 8 (initial active 8) (4 cores per cpu, 2 threads per core) family 6 model 140 stepping 1 microcode 0xb8, cx8, cmov, fxsr, ht, mmx, 3dnowpref, sse, sse2, sse3, ssse3, sse4.1, sse4.2, popcnt, lzcnt, tsc, tscinvbit, avx, avx2, aes, erms, clmul, bmi1, bmi2, adx, avx512f, avx512dq, avx512cd, avx512bw, avx512vl, sha, fma, vzeroupper, avx512_vpopcntdq, avx512_vpclmulqdq, avx512_vaes, avx512_vnni, clflush, clflushopt, clwb, avx512_vbmi2, avx512_vbmi, hv

Memory: 4k page, system-wide physical 40743M (4043M free)
TotalPageFile size 101623M (AvailPageFile size 0M)
current process WorkingSet (physical memory assigned to process): 220M, peak: 339M
current process commit charge ("private bytes"): 369M, peak: 822M

vm_info: Java HotSpot(TM) 64-Bit Server VM (17.0.15+9-LTS-241) for windows-amd64 JRE (17.0.15+9-LTS-241), built on Feb 20 2025 10:49:54 by "mach5one" with MS VC++ 17.6 (VS2022)

END.
