#
# There is insufficient memory for the Java Runtime Environment to continue.
# Native memory allocation (malloc) failed to allocate 1048576 bytes for AllocateHeap
# Possible reasons:
#   The system is out of physical RAM or swap space
#   The process is running with CompressedOops enabled, and the Java Heap may be blocking the growth of the native heap
# Possible solutions:
#   Reduce memory load on the system
#   Increase physical memory or swap space
#   Check if swap backing store is full
#   Decrease Java heap size (-Xmx/-Xms)
#   Decrease number of Java threads
#   Decrease Java thread stack sizes (-Xss)
#   Set larger code cache with -XX:ReservedCodeCacheSize=
#   JVM is running with Zero Based Compressed Oops mode in which the Java heap is
#     placed in the first 32GB address space. The Java Heap base address is the
#     maximum limit for the native heap growth. Please use -XX:HeapBaseMinAddress
#     to set the Java Heap base and to place the Java Heap above 32GB virtual address.
# This output file may be truncated or incomplete.
#
#  Out of Memory Error (allocation.cpp:44), pid=9068, tid=5536
#
# JRE version: Java(TM) SE Runtime Environment (17.0.15+9) (build 17.0.15+9-LTS-241)
# Java VM: Java HotSpot(TM) 64-Bit Server VM (17.0.15+9-LTS-241, mixed mode, sharing, tiered, compressed oops, compressed class ptrs, g1 gc, windows-amd64)
# No core dump will be written. Minidumps are not enabled by default on client versions of Windows
#

---------------  S U M M A R Y ------------

Command Line: -XX:+ShowCodeDetailsInExceptionMessages -Dspring.jmx.enabled=true -Dmanagement.endpoints.jmx.exposure.include=* -Dspring.application.admin.enabled=true -Dspring.boot.project.name=com.manamer.sellout.infraestructure.apigateway-apigateway -Djava.rmi.server.hostname=localhost -Dcom.sun.management.jmxremote.port=45557 -Dcom.sun.management.jmxremote.authenticate=false -Dcom.sun.management.jmxremote.ssl=false com.manamer.sellout.infraestructure.apigateway.ApigatewayApplication

Host: 11th Gen Intel(R) Core(TM) i7-1165G7 @ 2.80GHz, 8 cores, 39G,  Windows 11 , 64 bit Build 26100 (10.0.26100.4768)
Time: Thu Aug 28 18:26:14 2025 Hora est. Pacífico, Sudamérica elapsed time: 24632.647243 seconds (0d 6h 50m 32s)

---------------  T H R E A D  ---------------

Current thread (0x0000018a3a8e3f80):  VMThread "VM Thread" [stack: 0x0000006d33500000,0x0000006d33600000] [id=5536]

Stack: [0x0000006d33500000,0x0000006d33600000]
Native frames: (J=compiled Java code, j=interpreted, Vv=VM code, C=native code)
V  [jvm.dll+0x67a46a]
V  [jvm.dll+0x7da6ad]
V  [jvm.dll+0x7dbff3]
V  [jvm.dll+0x7dc663]
V  [jvm.dll+0x24523f]
V  [jvm.dll+0xa5e1b]
V  [jvm.dll+0x2f3373]
V  [jvm.dll+0x2ef2f0]
V  [jvm.dll+0x2d7a87]
V  [jvm.dll+0x31a8a7]
V  [jvm.dll+0x7e0f5b]
V  [jvm.dll+0x7e1c94]
V  [jvm.dll+0x7e21ad]
V  [jvm.dll+0x7e2584]
V  [jvm.dll+0x7e2650]
V  [jvm.dll+0x78b0ba]
V  [jvm.dll+0x679355]
C  [ucrtbase.dll+0x37b0]
C  [KERNEL32.DLL+0x2e8d7]
C  [ntdll.dll+0x3c34c]

VM_Operation (0x0000006d36cff500): G1CollectFull, mode: safepoint, requested by thread 0x0000018a04ca1e70


---------------  P R O C E S S  ---------------

Threads class SMR info:
_java_thread_list=0x0000018a046d63c0, length=28, elements={
0x0000018a3a8e81c0, 0x0000018a3a8e8d70, 0x0000018a3a8fb2e0, 0x0000018a3a8fdca0,
0x0000018a3a8fe650, 0x0000018a3a8ff000, 0x0000018a3a8ffd90, 0x0000018a3a900830,
0x0000018a3a91ce10, 0x0000018a3d2fd4a0, 0x0000018a3d3cce70, 0x0000018a3db9bca0,
0x0000018a3db6b380, 0x0000018a3db81cf0, 0x0000018a04460500, 0x0000018a04461370,
0x0000018a076e5740, 0x0000018a076e5c10, 0x0000018a076e8760, 0x0000018a076e9aa0,
0x0000018a076e9f70, 0x0000018a076ea440, 0x0000018a076eade0, 0x0000018a076eb2b0,
0x0000018a076ebc50, 0x0000018a0445fb60, 0x0000018a0445e350, 0x0000018a04ca1e70
}

Java Threads: ( => current thread )
  0x0000018a3a8e81c0 JavaThread "Reference Handler" daemon [_thread_blocked, id=6308, stack(0x0000006d33600000,0x0000006d33700000)]
  0x0000018a3a8e8d70 JavaThread "Finalizer" daemon [_thread_blocked, id=23128, stack(0x0000006d33700000,0x0000006d33800000)]
  0x0000018a3a8fb2e0 JavaThread "Signal Dispatcher" daemon [_thread_blocked, id=16008, stack(0x0000006d33800000,0x0000006d33900000)]
  0x0000018a3a8fdca0 JavaThread "Attach Listener" daemon [_thread_blocked, id=23864, stack(0x0000006d33900000,0x0000006d33a00000)]
  0x0000018a3a8fe650 JavaThread "Service Thread" daemon [_thread_blocked, id=15656, stack(0x0000006d33a00000,0x0000006d33b00000)]
  0x0000018a3a8ff000 JavaThread "Monitor Deflation Thread" daemon [_thread_blocked, id=26292, stack(0x0000006d33b00000,0x0000006d33c00000)]
  0x0000018a3a8ffd90 JavaThread "C2 CompilerThread0" daemon [_thread_blocked, id=22356, stack(0x0000006d33c00000,0x0000006d33d00000)]
  0x0000018a3a900830 JavaThread "C1 CompilerThread0" daemon [_thread_blocked, id=2800, stack(0x0000006d33d00000,0x0000006d33e00000)]
  0x0000018a3a91ce10 JavaThread "Sweeper thread" daemon [_thread_blocked, id=21364, stack(0x0000006d33e00000,0x0000006d33f00000)]
  0x0000018a3d2fd4a0 JavaThread "Common-Cleaner" daemon [_thread_blocked, id=2212, stack(0x0000006d33f00000,0x0000006d34000000)]
  0x0000018a3d3cce70 JavaThread "Notification Thread" daemon [_thread_blocked, id=23932, stack(0x0000006d34000000,0x0000006d34100000)]
  0x0000018a3db9bca0 JavaThread "RMI TCP Accept-0" daemon [_thread_in_native, id=25984, stack(0x0000006d34200000,0x0000006d34300000)]
  0x0000018a3db6b380 JavaThread "RMI TCP Accept-45557" daemon [_thread_in_native, id=23072, stack(0x0000006d34300000,0x0000006d34400000)]
  0x0000018a3db81cf0 JavaThread "RMI TCP Accept-0" daemon [_thread_in_native, id=5304, stack(0x0000006d34400000,0x0000006d34500000)]
  0x0000018a04460500 JavaThread "RMI Scheduler(0)" daemon [_thread_blocked, id=10616, stack(0x0000006d35400000,0x0000006d35500000)]
  0x0000018a04461370 JavaThread "boundedElastic-evictor-1" daemon [_thread_blocked, id=21656, stack(0x0000006d35100000,0x0000006d35200000)]
  0x0000018a076e5740 JavaThread "DestroyJavaVM" [_thread_blocked, id=14712, stack(0x0000006d32f00000,0x0000006d33000000)]
  0x0000018a076e5c10 JavaThread "parallel-1" daemon [_thread_blocked, id=19608, stack(0x0000006d32e00000,0x0000006d32f00000)]
  0x0000018a076e8760 JavaThread "pool-11-thread-1" daemon [_thread_blocked, id=8332, stack(0x0000006d35300000,0x0000006d35400000)]
  0x0000018a076e9aa0 JavaThread "Thread-15" daemon [_thread_in_native, id=26404, stack(0x0000006d36600000,0x0000006d36700000)]
  0x0000018a076e9f70 JavaThread "parallel-2" daemon [_thread_blocked, id=16792, stack(0x0000006d36700000,0x0000006d36800000)]
  0x0000018a076ea440 JavaThread "parallel-3" daemon [_thread_blocked, id=20288, stack(0x0000006d34f00000,0x0000006d35000000)]
  0x0000018a076eade0 JavaThread "parallel-4" daemon [_thread_blocked, id=13448, stack(0x0000006d36900000,0x0000006d36a00000)]
  0x0000018a076eb2b0 JavaThread "parallel-5" daemon [_thread_blocked, id=21824, stack(0x0000006d34600000,0x0000006d34700000)]
  0x0000018a076ebc50 JavaThread "parallel-6" daemon [_thread_blocked, id=12696, stack(0x0000006d32d00000,0x0000006d32e00000)]
  0x0000018a0445fb60 JavaThread "parallel-7" daemon [_thread_blocked, id=3176, stack(0x0000006d36a00000,0x0000006d36b00000)]
  0x0000018a0445e350 JavaThread "parallel-8" daemon [_thread_blocked, id=20544, stack(0x0000006d36b00000,0x0000006d36c00000)]
  0x0000018a04ca1e70 JavaThread "Thread-1" [_thread_blocked, id=26196, stack(0x0000006d36c00000,0x0000006d36d00000)]

Other Threads:
=>0x0000018a3a8e3f80 VMThread "VM Thread" [stack: 0x0000006d33500000,0x0000006d33600000] [id=5536]
  0x0000018a3a727620 WatcherThread [stack: 0x0000006d34500000,0x0000006d34600000] [id=25500]
  0x0000018a0c173a60 GCTaskThread "GC Thread#0" [stack: 0x0000006d33000000,0x0000006d33100000] [id=6304]
  0x0000018a04599f60 GCTaskThread "GC Thread#1" [stack: 0x0000006d34700000,0x0000006d34800000] [id=2164]
  0x0000018a04983a10 GCTaskThread "GC Thread#2" [stack: 0x0000006d34800000,0x0000006d34900000] [id=23664]
  0x0000018a04983cd0 GCTaskThread "GC Thread#3" [stack: 0x0000006d34900000,0x0000006d34a00000] [id=21732]
  0x0000018a047db700 GCTaskThread "GC Thread#4" [stack: 0x0000006d34a00000,0x0000006d34b00000] [id=3144]
  0x0000018a047dc1d0 GCTaskThread "GC Thread#5" [stack: 0x0000006d34b00000,0x0000006d34c00000] [id=5400]
  0x0000018a047dc890 GCTaskThread "GC Thread#6" [stack: 0x0000006d34c00000,0x0000006d34d00000] [id=19128]
  0x0000018a047dcb50 GCTaskThread "GC Thread#7" [stack: 0x0000006d34d00000,0x0000006d34e00000] [id=9872]
  0x0000018a0c17e8f0 ConcurrentGCThread "G1 Main Marker" [stack: 0x0000006d33100000,0x0000006d33200000] [id=23884]
  0x0000018a3a7203d0 ConcurrentGCThread "G1 Conc#0" [stack: 0x0000006d33200000,0x0000006d33300000] [id=25976]
  0x0000018a04ee57e0 ConcurrentGCThread "G1 Conc#1" [stack: 0x0000006d35700000,0x0000006d35800000] [id=21232]
  0x0000018a3a819020 ConcurrentGCThread "G1 Refine#0" [stack: 0x0000006d33300000,0x0000006d33400000] [id=26008]
  0x0000018a0473b340 ConcurrentGCThread "G1 Refine#1" [stack: 0x0000006d34e00000,0x0000006d34f00000] [id=12508]
  0x0000018a04607b50 ConcurrentGCThread "G1 Refine#2" [stack: 0x0000006d35e00000,0x0000006d35f00000] [id=21308]
  0x0000018a3a81a900 ConcurrentGCThread "G1 Service" [stack: 0x0000006d33400000,0x0000006d33500000] [id=24488]

Threads with active compile tasks:
C2 CompilerThread0  24632688 13533       4       org.apache.hc.core5.net.PercentCodec::encode (147 bytes)

VM state: at safepoint (normal execution)

VM Mutex/Monitor currently owned by a thread:  ([mutex/lock_event])
[0x0000018a0c0c7040] Threads_lock - owner thread: 0x0000018a3a8e3f80
[0x0000018a0c0c6230] Heap_lock - owner thread: 0x0000018a04ca1e70

Heap address: 0x0000000583000000, size: 10192 MB, Compressed Oops mode: Zero based, Oop shift amount: 3

CDS archive(s) mapped at: [0x0000018a3e000000-0x0000018a3ebd0000-0x0000018a3ebd0000), size 12386304, SharedBaseAddress: 0x0000018a3e000000, ArchiveRelocationMode: 1.
Compressed class space mapped at: 0x0000018a3f000000-0x0000018a7f000000, reserved size: 1073741824
Narrow klass base: 0x0000018a3e000000, Narrow klass shift: 0, Narrow klass range: 0x100000000

GC Precious Log:
 CPUs: 8 total, 8 available
 Memory: 40743M
 Large Page Support: Disabled
 NUMA Support: Disabled
 Compressed Oops: Enabled (Zero based)
 Heap Region Size: 8M
 Heap Min Capacity: 8M
 Heap Initial Capacity: 640M
 Heap Max Capacity: 10192M
 Pre-touch: Disabled
 Parallel Workers: 8
 Concurrent Workers: 2
 Concurrent Refinement Workers: 8
 Periodic GC: Disabled

Heap:
 garbage-first heap   total 114688K, used 73055K [0x0000000583000000, 0x0000000800000000)
  region size 8192K, 7 young (57344K), 1 survivors (8192K)
 Metaspace       used 61931K, committed 62592K, reserved 1114112K
  class space    used 7873K, committed 8192K, reserved 1048576K

Heap Regions: E=young(eden), S=young(survivor), O=old, HS=humongous(starts), HC=humongous(continues), CS=collection set, F=free, OA=open archive, CA=closed archive, TAMS=top-at-mark-start (previous, next)
|   0|0x0000000583000000, 0x00000005837db800, 0x0000000583800000| 98%| O|  |TAMS 0x00000005837db800, 0x0000000583000000| Untracked 
|   1|0x0000000583800000, 0x0000000583800000, 0x0000000584000000|  0%| F|  |TAMS 0x0000000583800000, 0x0000000583800000| Untracked 
|   2|0x0000000584000000, 0x0000000584800000, 0x0000000584800000|100%| O|  |TAMS 0x0000000584800000, 0x0000000584000000| Untracked 
|   3|0x0000000584800000, 0x0000000585000000, 0x0000000585000000|100%| O|  |TAMS 0x0000000585000000, 0x0000000584800000| Untracked 
|   4|0x0000000585000000, 0x0000000585687600, 0x0000000585800000| 81%| O|  |TAMS 0x0000000585000000, 0x0000000585000000| Untracked 
|   5|0x0000000585800000, 0x0000000585800000, 0x0000000586000000|  0%| F|  |TAMS 0x0000000585800000, 0x0000000585800000| Untracked 
|   6|0x0000000586000000, 0x00000005860f4fc8, 0x0000000586800000| 11%| S|CS|TAMS 0x0000000586000000, 0x0000000586000000| Complete 
|   7|0x0000000586800000, 0x0000000586800000, 0x0000000587000000|  0%| F|  |TAMS 0x0000000586800000, 0x0000000586800000| Untracked 
|   8|0x0000000587000000, 0x0000000587187648, 0x0000000587800000| 19%| E|  |TAMS 0x0000000587000000, 0x0000000587000000| Complete 
|   9|0x0000000587800000, 0x0000000588000000, 0x0000000588000000|100%| E|CS|TAMS 0x0000000587800000, 0x0000000587800000| Complete 
|  10|0x0000000588000000, 0x0000000588800000, 0x0000000588800000|100%| E|CS|TAMS 0x0000000588000000, 0x0000000588000000| Complete 
|  77|0x00000005a9800000, 0x00000005aa000000, 0x00000005aa000000|100%| E|CS|TAMS 0x00000005a9800000, 0x00000005a9800000| Complete 
|  78|0x00000005aa000000, 0x00000005aa800000, 0x00000005aa800000|100%| E|CS|TAMS 0x00000005aa000000, 0x00000005aa000000| Complete 
|  79|0x00000005aa800000, 0x00000005ab000000, 0x00000005ab000000|100%| E|CS|TAMS 0x00000005aa800000, 0x00000005aa800000| Complete 

Card table byte_map: [0x0000018a240c0000,0x0000018a254b0000] _byte_map_base: 0x0000018a214a8000

Marking Bits (Prev, Next): (CMBitMap*) 0x0000018a0c1740c0, (CMBitMap*) 0x0000018a0c174080
 Prev Bits: [0x0000018a307e0000, 0x0000018a3a720000)
 Next Bits: [0x0000018a268a0000, 0x0000018a307e0000)

Polling page: 0x0000018a09fa0000

Metaspace:

Usage:
  Non-class:     52.79 MB used.
      Class:      7.69 MB used.
       Both:     60.48 MB used.

Virtual space:
  Non-class space:       64.00 MB reserved,      53.12 MB ( 83%) committed,  1 nodes.
      Class space:        1.00 GB reserved,       8.00 MB ( <1%) committed,  1 nodes.
             Both:        1.06 GB reserved,      61.12 MB (  6%) committed. 

Chunk freelists:
   Non-Class:  10.08 MB
       Class:  7.91 MB
        Both:  17.99 MB

MaxMetaspaceSize: unlimited
CompressedClassSpaceSize: 1.00 GB
Initial GC threshold: 21.00 MB
Current GC threshold: 98.25 MB
CDS: on
MetaspaceReclaimPolicy: balanced
 - commit_granule_bytes: 65536.
 - commit_granule_words: 8192.
 - virtual_space_node_default_size: 8388608.
 - enlarge_chunks_in_place: 1.
 - new_chunks_are_fully_committed: 0.
 - uncommit_free_chunks: 1.
 - use_allocation_guard: 0.
 - handle_deallocations: 1.


Internal statistics:

num_allocs_failed_limit: 9.
num_arena_births: 916.
num_arena_deaths: 0.
num_vsnodes_births: 2.
num_vsnodes_deaths: 0.
num_space_committed: 978.
num_space_uncommitted: 0.
num_chunks_returned_to_freelist: 9.
num_chunks_taken_from_freelist: 3248.
num_chunk_merges: 9.
num_chunk_splits: 2166.
num_chunks_enlarged: 1540.
num_inconsistent_stats: 0.

CodeHeap 'non-profiled nmethods': size=120000Kb used=8502Kb max_used=8502Kb free=111497Kb
 bounds [0x0000018a1b470000, 0x0000018a1bcc0000, 0x0000018a229a0000]
CodeHeap 'profiled nmethods': size=120000Kb used=26317Kb max_used=26317Kb free=93682Kb
 bounds [0x0000018a139a0000, 0x0000018a15360000, 0x0000018a1aed0000]
CodeHeap 'non-nmethods': size=5760Kb used=1326Kb max_used=1383Kb free=4433Kb
 bounds [0x0000018a1aed0000, 0x0000018a1b140000, 0x0000018a1b470000]
 total_blobs=12817 nmethods=12174 adapters=554
 compilation: enabled
              stopped_count=0, restarted_count=0
 full_count=0

Compilation events (20 events):
Event: 24631.554 Thread 0x0000018a3a900830 13535  s    3       java.lang.StringBuffer::append (15 bytes)
Event: 24631.555 Thread 0x0000018a3a900830 nmethod 13535 0x0000018a1534d690 code [0x0000018a1534d840, 0x0000018a1534da68]
Event: 24631.555 Thread 0x0000018a3a900830 13537       3       java.lang.System::lineSeparator (4 bytes)
Event: 24631.555 Thread 0x0000018a3a900830 nmethod 13537 0x0000018a1534db10 code [0x0000018a1534dca0, 0x0000018a1534dd98]
Event: 24631.555 Thread 0x0000018a3a900830 13536       3       java.io.PrintWriter::ensureOpen (18 bytes)
Event: 24631.556 Thread 0x0000018a3a900830 nmethod 13536 0x0000018a1534de10 code [0x0000018a1534dfc0, 0x0000018a1534e1c8]
Event: 24631.604 Thread 0x0000018a3a900830 13538       3       com.netflix.servo.tag.BasicTagList::iterator (8 bytes)
Event: 24631.605 Thread 0x0000018a3a900830 nmethod 13538 0x0000018a1534e290 code [0x0000018a1534e440, 0x0000018a1534e7b8]
Event: 24631.607 Thread 0x0000018a3a900830 13539       3       com.netflix.servo.monitor.MonitorConfig$Builder::build (10 bytes)
Event: 24631.608 Thread 0x0000018a3a900830 nmethod 13539 0x0000018a1534e910 code [0x0000018a1534eac0, 0x0000018a1534ecc8]
Event: 24631.608 Thread 0x0000018a3a900830 13540       3       com.netflix.servo.monitor.MonitorConfig::<init> (6 bytes)
Event: 24631.608 Thread 0x0000018a3a900830 nmethod 13540 0x0000018a1534ee10 code [0x0000018a1534efa0, 0x0000018a1534f0e8]
Event: 24631.608 Thread 0x0000018a3a900830 13541       3       com.netflix.servo.monitor.MonitorConfig::<init> (75 bytes)
Event: 24631.609 Thread 0x0000018a3a900830 nmethod 13541 0x0000018a1534f190 code [0x0000018a1534f3c0, 0x0000018a1534fcb8]
Event: 24631.609 Thread 0x0000018a3a900830 13542       3       com.netflix.servo.tag.SmallTagMap$Builder::isEmpty (13 bytes)
Event: 24631.609 Thread 0x0000018a3a900830 nmethod 13542 0x0000018a1534ff90 code [0x0000018a15350120, 0x0000018a15350298]
Event: 24631.612 Thread 0x0000018a3a900830 13543       3       javax.management.MBeanInfo::<init> (15 bytes)
Event: 24631.613 Thread 0x0000018a3a900830 nmethod 13543 0x0000018a15350310 code [0x0000018a153504a0, 0x0000018a153505e8]
Event: 24631.618 Thread 0x0000018a3a900830 13544   !   3       org.springframework.beans.factory.support.DefaultSingletonBeanRegistry::destroyBean (346 bytes)
Event: 24631.620 Thread 0x0000018a3a900830 nmethod 13544 0x0000018a15350690 code [0x0000018a15350a80, 0x0000018a15352c98]

GC Heap History (20 events):
Event: 7533.393 GC heap before
{Heap before GC invocations=17 (full 0):
 garbage-first heap   total 114688K, used 41118K [0x0000000583000000, 0x0000000800000000)
  region size 8192K, 2 young (16384K), 1 survivors (8192K)
 Metaspace       used 60265K, committed 60864K, reserved 1114112K
  class space    used 7830K, committed 8128K, reserved 1048576K
}
Event: 7533.431 GC heap after
{Heap after GC invocations=18 (full 0):
 garbage-first heap   total 114688K, used 32030K [0x0000000583000000, 0x0000000800000000)
  region size 8192K, 1 young (8192K), 1 survivors (8192K)
 Metaspace       used 60265K, committed 60864K, reserved 1114112K
  class space    used 7830K, committed 8128K, reserved 1048576K
}
Event: 9354.129 GC heap before
{Heap before GC invocations=18 (full 0):
 garbage-first heap   total 114688K, used 81182K [0x0000000583000000, 0x0000000800000000)
  region size 8192K, 7 young (57344K), 1 survivors (8192K)
 Metaspace       used 60559K, committed 61184K, reserved 1114112K
  class space    used 7831K, committed 8128K, reserved 1048576K
}
Event: 9354.132 GC heap after
{Heap after GC invocations=19 (full 0):
 garbage-first heap   total 114688K, used 32006K [0x0000000583000000, 0x0000000800000000)
  region size 8192K, 1 young (8192K), 1 survivors (8192K)
 Metaspace       used 60559K, committed 61184K, reserved 1114112K
  class space    used 7831K, committed 8128K, reserved 1048576K
}
Event: 11245.773 GC heap before
{Heap before GC invocations=19 (full 0):
 garbage-first heap   total 114688K, used 81158K [0x0000000583000000, 0x0000000800000000)
  region size 8192K, 7 young (57344K), 1 survivors (8192K)
 Metaspace       used 60693K, committed 61312K, reserved 1114112K
  class space    used 7835K, committed 8128K, reserved 1048576K
}
Event: 11245.777 GC heap after
{Heap after GC invocations=20 (full 0):
 garbage-first heap   total 114688K, used 32019K [0x0000000583000000, 0x0000000800000000)
  region size 8192K, 1 young (8192K), 1 survivors (8192K)
 Metaspace       used 60693K, committed 61312K, reserved 1114112K
  class space    used 7835K, committed 8128K, reserved 1048576K
}
Event: 12957.392 GC heap before
{Heap before GC invocations=20 (full 0):
 garbage-first heap   total 114688K, used 81171K [0x0000000583000000, 0x0000000800000000)
  region size 8192K, 7 young (57344K), 1 survivors (8192K)
 Metaspace       used 60950K, committed 61568K, reserved 1114112K
  class space    used 7838K, committed 8128K, reserved 1048576K
}
Event: 12957.398 GC heap after
{Heap after GC invocations=21 (full 0):
 garbage-first heap   total 114688K, used 32056K [0x0000000583000000, 0x0000000800000000)
  region size 8192K, 1 young (8192K), 1 survivors (8192K)
 Metaspace       used 60950K, committed 61568K, reserved 1114112K
  class space    used 7838K, committed 8128K, reserved 1048576K
}
Event: 14338.611 GC heap before
{Heap before GC invocations=21 (full 0):
 garbage-first heap   total 114688K, used 81208K [0x0000000583000000, 0x0000000800000000)
  region size 8192K, 7 young (57344K), 1 survivors (8192K)
 Metaspace       used 61305K, committed 61888K, reserved 1114112K
  class space    used 7839K, committed 8128K, reserved 1048576K
}
Event: 14338.616 GC heap after
{Heap after GC invocations=22 (full 0):
 garbage-first heap   total 114688K, used 32041K [0x0000000583000000, 0x0000000800000000)
  region size 8192K, 1 young (8192K), 1 survivors (8192K)
 Metaspace       used 61305K, committed 61888K, reserved 1114112K
  class space    used 7839K, committed 8128K, reserved 1048576K
}
Event: 16017.934 GC heap before
{Heap before GC invocations=22 (full 0):
 garbage-first heap   total 114688K, used 81193K [0x0000000583000000, 0x0000000800000000)
  region size 8192K, 7 young (57344K), 1 survivors (8192K)
 Metaspace       used 61447K, committed 62080K, reserved 1114112K
  class space    used 7839K, committed 8128K, reserved 1048576K
}
Event: 16017.938 GC heap after
{Heap after GC invocations=23 (full 0):
 garbage-first heap   total 114688K, used 32057K [0x0000000583000000, 0x0000000800000000)
  region size 8192K, 1 young (8192K), 1 survivors (8192K)
 Metaspace       used 61447K, committed 62080K, reserved 1114112K
  class space    used 7839K, committed 8128K, reserved 1048576K
}
Event: 17611.513 GC heap before
{Heap before GC invocations=23 (full 0):
 garbage-first heap   total 114688K, used 81209K [0x0000000583000000, 0x0000000800000000)
  region size 8192K, 7 young (57344K), 1 survivors (8192K)
 Metaspace       used 61539K, committed 62144K, reserved 1114112K
  class space    used 7840K, committed 8128K, reserved 1048576K
}
Event: 17611.521 GC heap after
{Heap after GC invocations=24 (full 0):
 garbage-first heap   total 114688K, used 32084K [0x0000000583000000, 0x0000000800000000)
  region size 8192K, 1 young (8192K), 1 survivors (8192K)
 Metaspace       used 61539K, committed 62144K, reserved 1114112K
  class space    used 7840K, committed 8128K, reserved 1048576K
}
Event: 19215.360 GC heap before
{Heap before GC invocations=24 (full 0):
 garbage-first heap   total 114688K, used 81236K [0x0000000583000000, 0x0000000800000000)
  region size 8192K, 7 young (57344K), 1 survivors (8192K)
 Metaspace       used 61683K, committed 62272K, reserved 1114112K
  class space    used 7840K, committed 8128K, reserved 1048576K
}
Event: 19215.366 GC heap after
{Heap after GC invocations=25 (full 0):
 garbage-first heap   total 114688K, used 32102K [0x0000000583000000, 0x0000000800000000)
  region size 8192K, 1 young (8192K), 1 survivors (8192K)
 Metaspace       used 61683K, committed 62272K, reserved 1114112K
  class space    used 7840K, committed 8128K, reserved 1048576K
}
Event: 21184.967 GC heap before
{Heap before GC invocations=25 (full 0):
 garbage-first heap   total 114688K, used 81254K [0x0000000583000000, 0x0000000800000000)
  region size 8192K, 7 young (57344K), 1 survivors (8192K)
 Metaspace       used 61704K, committed 62272K, reserved 1114112K
  class space    used 7840K, committed 8128K, reserved 1048576K
}
Event: 21184.995 GC heap after
{Heap after GC invocations=26 (full 0):
 garbage-first heap   total 114688K, used 32098K [0x0000000583000000, 0x0000000800000000)
  region size 8192K, 1 young (8192K), 1 survivors (8192K)
 Metaspace       used 61704K, committed 62272K, reserved 1114112K
  class space    used 7840K, committed 8128K, reserved 1048576K
}
Event: 23104.196 GC heap before
{Heap before GC invocations=26 (full 0):
 garbage-first heap   total 114688K, used 81250K [0x0000000583000000, 0x0000000800000000)
  region size 8192K, 7 young (57344K), 1 survivors (8192K)
 Metaspace       used 61739K, committed 62336K, reserved 1114112K
  class space    used 7840K, committed 8128K, reserved 1048576K
}
Event: 23104.225 GC heap after
{Heap after GC invocations=27 (full 0):
 garbage-first heap   total 114688K, used 32095K [0x0000000583000000, 0x0000000800000000)
  region size 8192K, 1 young (8192K), 1 survivors (8192K)
 Metaspace       used 61739K, committed 62336K, reserved 1114112K
  class space    used 7840K, committed 8128K, reserved 1048576K
}

Deoptimization events (20 events):
Event: 24631.472 Thread 0x0000018a04ca1e70 Uncommon trap: trap_request=0xfffffff4 fr.pc=0x0000018a1b7ef614 relative=0x0000000000000bf4
Event: 24631.473 Thread 0x0000018a04ca1e70 Uncommon trap: reason=null_check action=make_not_entrant pc=0x0000018a1b7ef614 method=sun.nio.cs.ThreadLocalCoders$Cache.forName(Ljava/lang/Object;)Ljava/lang/Object; @ 7 c2
Event: 24631.473 Thread 0x0000018a04ca1e70 DEOPT PACKING pc=0x0000018a1b7ef614 sp=0x0000006d36cfc5c0
Event: 24631.473 Thread 0x0000018a04ca1e70 DEOPT UNPACKING pc=0x0000018a1af25ba3 sp=0x0000006d36cfc428 mode 2
Event: 24631.477 Thread 0x0000018a04ca1e70 Uncommon trap: trap_request=0xfffffff4 fr.pc=0x0000018a1bb1d954 relative=0x00000000000006d4
Event: 24631.477 Thread 0x0000018a04ca1e70 Uncommon trap: reason=null_check action=make_not_entrant pc=0x0000018a1bb1d954 method=sun.nio.cs.ThreadLocalCoders$Cache.forName(Ljava/lang/Object;)Ljava/lang/Object; @ 7 c2
Event: 24631.477 Thread 0x0000018a04ca1e70 DEOPT PACKING pc=0x0000018a1bb1d954 sp=0x0000006d36cfc6d0
Event: 24631.477 Thread 0x0000018a04ca1e70 DEOPT UNPACKING pc=0x0000018a1af25ba3 sp=0x0000006d36cfc558 mode 2
Event: 24631.535 Thread 0x0000018a04ca1e70 Uncommon trap: trap_request=0xffffffbe fr.pc=0x0000018a1ba244d4 relative=0x0000000000001eb4
Event: 24631.535 Thread 0x0000018a04ca1e70 Uncommon trap: reason=profile_predicate action=maybe_recompile pc=0x0000018a1ba244d4 method=java.lang.PublicMethods$MethodList.filter([Ljava/lang/reflect/Method;Ljava/lang/String;[Ljava/lang/Class;Z)Ljava/lang/PublicMethods$MethodList; @ 21 c2
Event: 24631.535 Thread 0x0000018a04ca1e70 DEOPT PACKING pc=0x0000018a1ba244d4 sp=0x0000006d36cf8bb0
Event: 24631.536 Thread 0x0000018a04ca1e70 DEOPT UNPACKING pc=0x0000018a1af25ba3 sp=0x0000006d36cf8ae8 mode 2
Event: 24631.556 Thread 0x0000018a04ca1e70 Uncommon trap: trap_request=0xffffff45 fr.pc=0x0000018a1bbad8bc relative=0x00000000000006bc
Event: 24631.556 Thread 0x0000018a04ca1e70 Uncommon trap: reason=unstable_if action=reinterpret pc=0x0000018a1bbad8bc method=ch.qos.logback.classic.spi.EventArgUtil.extractThrowable([Ljava/lang/Object;)Ljava/lang/Throwable; @ 22 c2
Event: 24631.556 Thread 0x0000018a04ca1e70 DEOPT PACKING pc=0x0000018a1bbad8bc sp=0x0000006d36cfe270
Event: 24631.556 Thread 0x0000018a04ca1e70 DEOPT UNPACKING pc=0x0000018a1af25ba3 sp=0x0000006d36cfe070 mode 2
Event: 24631.600 Thread 0x0000018a04ca1e70 Uncommon trap: trap_request=0xffffffec fr.pc=0x0000018a1bc9b114 relative=0x0000000000000074
Event: 24631.600 Thread 0x0000018a04ca1e70 Uncommon trap: reason=null_assert_or_unreached0 action=make_not_entrant pc=0x0000018a1bc9b114 method=ch.qos.logback.classic.spi.LoggingEvent.getThrowableProxy()Lch/qos/logback/classic/spi/IThrowableProxy; @ 4 c2
Event: 24631.600 Thread 0x0000018a04ca1e70 DEOPT PACKING pc=0x0000018a1bc9b114 sp=0x0000006d36cfe050
Event: 24631.600 Thread 0x0000018a04ca1e70 DEOPT UNPACKING pc=0x0000018a1af25ba3 sp=0x0000006d36cfdee8 mode 2

Classes unloaded (0 events):
No events

Classes redefined (0 events):
No events

Internal exceptions (20 events):
Event: 115.165 Thread 0x0000018a076e8290 Exception <a 'java/lang/NoSuchMethodError'{0x00000005871658e8}: 'java.lang.Object java.lang.invoke.DirectMethodHandle$Holder.invokeStatic(java.lang.Object, java.lang.Object, java.lang.Object, int, java.lang.Object, java.lang.Object)'> (0x00000005871658e8) 
thrown [s\open\src\hotspot\share\interpreter\linkResolver.cpp, line 759]
Event: 115.224 Thread 0x0000018a076e8290 Exception <a 'java/lang/NoSuchMethodError'{0x00000005871a26e0}: 'void java.lang.invoke.DirectMethodHandle$Holder.invokeStatic(java.lang.Object, java.lang.Object, java.lang.Object, java.lang.Object, int, java.lang.Object, java.lang.Object)'> (0x00000005871a26e0) 
thrown [s\open\src\hotspot\share\interpreter\linkResolver.cpp, line 759]
Event: 115.227 Thread 0x0000018a076e8290 Exception <a 'java/lang/NoSuchMethodError'{0x00000005871aa070}: 'java.lang.Object java.lang.invoke.DirectMethodHandle$Holder.newInvokeSpecial(java.lang.Object, java.lang.Object, java.lang.Object, java.lang.Object, int, java.lang.Object)'> (0x00000005871aa070) 
thrown [s\open\src\hotspot\share\interpreter\linkResolver.cpp, line 759]
Event: 115.228 Thread 0x0000018a076e8290 Exception <a 'java/lang/NoSuchMethodError'{0x00000005871ae058}: 'java.lang.Object java.lang.invoke.DirectMethodHandle$Holder.invokeSpecial(java.lang.Object, java.lang.Object, java.lang.Object, java.lang.Object, java.lang.Object, int, java.lang.Object)'> (0x00000005871ae058) 
thrown [s\open\src\hotspot\share\interpreter\linkResolver.cpp, line 759]
Event: 115.229 Thread 0x0000018a076e8290 Exception <a 'java/lang/NoSuchMethodError'{0x00000005871b1940}: 'java.lang.Object java.lang.invoke.Invokers$Holder.linkToTargetMethod(java.lang.Object, java.lang.Object, java.lang.Object, int, java.lang.Object, java.lang.Object)'> (0x00000005871b1940) 
thrown [s\open\src\hotspot\share\interpreter\linkResolver.cpp, line 759]
Event: 115.255 Thread 0x0000018a076e8290 Exception <a 'java/lang/NoSuchMethodError'{0x000000058722f970}: 'void java.lang.invoke.DirectMethodHandle$Holder.invokeStaticInit(java.lang.Object)'> (0x000000058722f970) 
thrown [s\open\src\hotspot\share\interpreter\linkResolver.cpp, line 759]
Event: 120.693 Thread 0x0000018a076e65b0 Exception <a 'java/lang/reflect/InvocationTargetException'{0x00000005873faad0}> (0x00000005873faad0) 
thrown [s\open\src\hotspot\share\runtime\reflection.cpp, line 1121]
Event: 121.692 Thread 0x0000018a076e9100 Exception <a 'java/lang/NoSuchMethodError'{0x00000005876aec70}: 'void java.lang.invoke.DirectMethodHandle$Holder.invokeSpecial(java.lang.Object, java.lang.Object, long)'> (0x00000005876aec70) 
thrown [s\open\src\hotspot\share\interpreter\linkResolver.cpp, line 759]
Event: 676.415 Thread 0x0000018a076e8c30 Exception <a 'java/net/SocketException'{0x00000005a9c0c438}: Connection reset by peer: shutdown> (0x00000005a9c0c438) 
thrown [s\open\src\hotspot\share\prims\jni.cpp, line 535]
Event: 1517.337 Thread 0x0000018a076e8c30 Exception <a 'java/net/SocketException'{0x00000005aaa2c118}: Connection reset by peer: shutdown> (0x00000005aaa2c118) 
thrown [s\open\src\hotspot\share\prims\jni.cpp, line 535]
Event: 1815.182 Thread 0x0000018a0445de80 Exception <a 'java/lang/NoSuchMethodError'{0x00000005aa2e8970}: 'void java.lang.invoke.DirectMethodHandle$Holder.invokeStatic(java.lang.Object, long, java.lang.Object)'> (0x00000005aa2e8970) 
thrown [s\open\src\hotspot\share\interpreter\linkResolver.cpp, line 759]
Event: 1815.183 Thread 0x0000018a0445de80 Exception <a 'java/lang/NoSuchMethodError'{0x00000005aa2ee698}: 'java.lang.Object java.lang.invoke.DirectMethodHandle$Holder.newInvokeSpecial(java.lang.Object, long)'> (0x00000005aa2ee698) 
thrown [s\open\src\hotspot\share\interpreter\linkResolver.cpp, line 759]
Event: 7792.799 Thread 0x0000018a076e8c30 Exception <a 'java/net/SocketException'{0x00000005aafd15e0}: Connection reset by peer: shutdown> (0x00000005aafd15e0) 
thrown [s\open\src\hotspot\share\prims\jni.cpp, line 535]
Event: 10795.408 Thread 0x0000018a076e8c30 Exception <a 'java/net/SocketException'{0x0000000587d0aca8}: Connection reset by peer: shutdown> (0x0000000587d0aca8) 
thrown [s\open\src\hotspot\share\prims\jni.cpp, line 535]
Event: 12615.237 Thread 0x0000018a0445de80 Exception <a 'java/net/SocketException'{0x0000000587c9ab58}: Connection reset by peer: shutdown> (0x0000000587c9ab58) 
thrown [s\open\src\hotspot\share\prims\jni.cpp, line 535]
Event: 24624.054 Thread 0x0000018a0445f690 Implicit null exception at 0x0000018a1b5bdf81 to 0x0000018a1b5be498
Event: 24626.865 Thread 0x0000018a0445f690 Implicit null exception at 0x0000018a1bc4afab to 0x0000018a1bc4b0c1
Event: 24626.945 Thread 0x0000018a0445f690 Implicit null exception at 0x0000018a1bc17934 to 0x0000018a1bc17f9f
Event: 24628.362 Thread 0x0000018a0445de80 Exception <a 'java/lang/InterruptedException'{0x00000005aa0d54c0}: sleep interrupted> (0x00000005aa0d54c0) 
thrown [s\open\src\hotspot\share\prims\jvm.cpp, line 3064]
Event: 24628.374 Thread 0x0000018a04ca1e70 Exception <a 'java/lang/NoSuchMethodError'{0x0000000587f70a90}: 'void java.lang.invoke.DirectMethodHandle$Holder.invokeInterface(java.lang.Object, java.lang.Object)'> (0x0000000587f70a90) 
thrown [s\open\src\hotspot\share\interpreter\linkResolver.cpp, line 759]

VM Operations (20 events):
Event: 23978.176 Executing VM operation: Cleanup done
Event: 24009.421 Executing VM operation: Cleanup
Event: 24009.421 Executing VM operation: Cleanup done
Event: 24068.904 Executing VM operation: Cleanup
Event: 24068.904 Executing VM operation: Cleanup done
Event: 24309.846 Executing VM operation: Cleanup
Event: 24309.846 Executing VM operation: Cleanup done
Event: 24459.163 Executing VM operation: Cleanup
Event: 24459.164 Executing VM operation: Cleanup done
Event: 24550.076 Executing VM operation: Cleanup
Event: 24550.076 Executing VM operation: Cleanup done
Event: 24624.874 Executing VM operation: Cleanup
Event: 24624.874 Executing VM operation: Cleanup done
Event: 24626.895 Executing VM operation: Cleanup
Event: 24626.896 Executing VM operation: Cleanup done
Event: 24627.908 Executing VM operation: Cleanup
Event: 24628.208 Executing VM operation: Cleanup done
Event: 24629.221 Executing VM operation: Cleanup
Event: 24629.221 Executing VM operation: Cleanup done
Event: 24631.624 Executing VM operation: G1CollectFull

Events (20 events):
Event: 24628.331 Thread 0x0000018a076e65b0 Thread exited: 0x0000018a076e65b0
Event: 24628.331 Thread 0x0000018a076e9100 Thread exited: 0x0000018a076e9100
Event: 24628.331 Thread 0x0000018a076e6a80 Thread exited: 0x0000018a076e6a80
Event: 24628.331 Thread 0x0000018a076e60e0 Thread exited: 0x0000018a076e60e0
Event: 24628.331 Thread 0x0000018a076e6f50 Thread exited: 0x0000018a076e6f50
Event: 24628.334 Thread 0x0000018a076e8290 Thread exited: 0x0000018a076e8290
Event: 24628.340 Thread 0x0000018a04c9ee50 Thread added: 0x0000018a04c9ee50
Event: 24628.340 Thread 0x0000018a076e5270 Thread exited: 0x0000018a076e5270
Event: 24628.343 Thread 0x0000018a04c9ee50 Thread exited: 0x0000018a04c9ee50
Event: 24628.362 Thread 0x0000018a0445de80 Thread exited: 0x0000018a0445de80
Event: 24628.416 Thread 0x0000018a0445ecf0 Thread exited: 0x0000018a0445ecf0
Event: 24631.455 Thread 0x0000018a076e7dc0 Thread exited: 0x0000018a076e7dc0
Event: 24631.455 Thread 0x0000018a076e48d0 Thread exited: 0x0000018a076e48d0
Event: 24631.455 Thread 0x0000018a076e8c30 Thread exited: 0x0000018a076e8c30
Event: 24631.456 Thread 0x0000018a076e7420 Thread exited: 0x0000018a076e7420
Event: 24631.456 Thread 0x0000018a076e4400 Thread exited: 0x0000018a076e4400
Event: 24631.540 loading class java/lang/Throwable$WrappedPrintWriter
Event: 24631.542 loading class java/lang/Throwable$WrappedPrintWriter done
Event: 24631.604 Thread 0x0000018a076ea910 Thread exited: 0x0000018a076ea910
Event: 24631.604 Thread 0x0000018a04461840 Thread exited: 0x0000018a04461840


Dynamic libraries:
0x00007ff6cb650000 - 0x00007ff6cb660000 	C:\Program Files\Java\jdk-17\bin\java.exe
0x00007ff90a620000 - 0x00007ff90a887000 	C:\Windows\SYSTEM32\ntdll.dll
0x00007ff909d50000 - 0x00007ff909e19000 	C:\Windows\System32\KERNEL32.DLL
0x00007ff907c10000 - 0x00007ff908000000 	C:\Windows\System32\KERNELBASE.dll
0x00007ff907980000 - 0x00007ff907acb000 	C:\Windows\System32\ucrtbase.dll
0x00007ff8d6a70000 - 0x00007ff8d6a89000 	C:\Program Files\Java\jdk-17\bin\jli.dll
0x00007ff8d6a90000 - 0x00007ff8d6aab000 	C:\Program Files\Java\jdk-17\bin\VCRUNTIME140.dll
0x00007ff909f20000 - 0x00007ff909fd4000 	C:\Windows\System32\ADVAPI32.dll
0x00007ff908710000 - 0x00007ff9087b9000 	C:\Windows\System32\msvcrt.dll
0x00007ff908650000 - 0x00007ff9086f6000 	C:\Windows\System32\sechost.dll
0x00007ff9083b0000 - 0x00007ff9084c8000 	C:\Windows\System32\RPCRT4.dll
0x00007ff909b50000 - 0x00007ff909d15000 	C:\Windows\System32\USER32.dll
0x00007ff907750000 - 0x00007ff907777000 	C:\Windows\System32\win32u.dll
0x00007ff909b20000 - 0x00007ff909b4b000 	C:\Windows\System32\GDI32.dll
0x00007ff907ad0000 - 0x00007ff907c08000 	C:\Windows\System32\gdi32full.dll
0x00007ff907780000 - 0x00007ff907823000 	C:\Windows\System32\msvcp_win.dll
0x00007ff8eb6e0000 - 0x00007ff8eb97a000 	C:\Windows\WinSxS\amd64_microsoft.windows.common-controls_6595b64144ccf1df_6.0.26100.4768_none_3e0c112ce331287c\COMCTL32.dll
0x00007ff8f28c0000 - 0x00007ff8f28cb000 	C:\Windows\SYSTEM32\VERSION.dll
0x00007ff9099a0000 - 0x00007ff9099cf000 	C:\Windows\System32\IMM32.DLL
0x00007ff8d6a60000 - 0x00007ff8d6a6c000 	C:\Program Files\Java\jdk-17\bin\vcruntime140_1.dll
0x00007ff8ce510000 - 0x00007ff8ce59e000 	C:\Program Files\Java\jdk-17\bin\msvcp140.dll
0x00007ff833200000 - 0x00007ff833de1000 	C:\Program Files\Java\jdk-17\bin\server\jvm.dll
0x00007ff8ee0e0000 - 0x00007ff8ee0ea000 	C:\Windows\SYSTEM32\WSOCK32.dll
0x00007ff908f20000 - 0x00007ff908f28000 	C:\Windows\System32\PSAPI.DLL
0x00007ff909e20000 - 0x00007ff909e94000 	C:\Windows\System32\WS2_32.dll
0x00007ff8f0d00000 - 0x00007ff8f0d35000 	C:\Windows\SYSTEM32\WINMM.dll
0x00007ff906490000 - 0x00007ff9064ab000 	C:\Windows\SYSTEM32\kernel.appcore.dll
0x00007ff8d6a50000 - 0x00007ff8d6a5a000 	C:\Program Files\Java\jdk-17\bin\jimage.dll
0x00007ff904ce0000 - 0x00007ff904f21000 	C:\Windows\SYSTEM32\DBGHELP.DLL
0x00007ff909fe0000 - 0x00007ff90a365000 	C:\Windows\System32\combase.dll
0x00007ff9084d0000 - 0x00007ff9085b0000 	C:\Windows\System32\OLEAUT32.dll
0x00007ff8cd770000 - 0x00007ff8cd7b3000 	C:\Windows\SYSTEM32\dbgcore.DLL
0x00007ff908310000 - 0x00007ff9083a9000 	C:\Windows\System32\bcryptPrimitives.dll
0x00007ff8d4760000 - 0x00007ff8d4785000 	C:\Program Files\Java\jdk-17\bin\java.dll
0x00007ff869a30000 - 0x00007ff869b07000 	C:\Program Files\Java\jdk-17\bin\jsvml.dll
0x00007ff908f30000 - 0x00007ff90967d000 	C:\Windows\System32\SHELL32.dll
0x00007ff908010000 - 0x00007ff908183000 	C:\Windows\System32\wintypes.dll
0x00007ff9052f0000 - 0x00007ff905b50000 	C:\Windows\SYSTEM32\windows.storage.dll
0x00007ff90a370000 - 0x00007ff90a465000 	C:\Windows\System32\SHCORE.dll
0x00007ff909a60000 - 0x00007ff909aca000 	C:\Windows\System32\shlwapi.dll
0x00007ff907670000 - 0x00007ff907699000 	C:\Windows\SYSTEM32\profapi.dll
0x00007ff8d3210000 - 0x00007ff8d3229000 	C:\Program Files\Java\jdk-17\bin\net.dll
0x00007ff8f61d0000 - 0x00007ff8f62ee000 	C:\Windows\SYSTEM32\WINHTTP.dll
0x00007ff906a00000 - 0x00007ff906a6b000 	C:\Windows\system32\mswsock.dll
0x00007ff8d2c70000 - 0x00007ff8d2c86000 	C:\Program Files\Java\jdk-17\bin\nio.dll
0x00007ff8d2c50000 - 0x00007ff8d2c68000 	C:\Program Files\Java\jdk-17\bin\zip.dll
0x00007ff8d3200000 - 0x00007ff8d320a000 	C:\Program Files\Java\jdk-17\bin\management.dll
0x00007ff8d2530000 - 0x00007ff8d253b000 	C:\Program Files\Java\jdk-17\bin\management_ext.dll
0x00007ff8b96d0000 - 0x00007ff8b96e8000 	C:\Windows\system32\napinsp.dll
0x00007ff8bb380000 - 0x00007ff8bb3a0000 	C:\Windows\system32\wshbth.dll
0x00007ff8b8c20000 - 0x00007ff8b8c50000 	C:\Windows\system32\nlansp_c.dll
0x00007ff905ec0000 - 0x00007ff905fe6000 	C:\Windows\SYSTEM32\DNSAPI.dll
0x00007ff905e80000 - 0x00007ff905eb3000 	C:\Windows\SYSTEM32\IPHLPAPI.DLL
0x00007ff908700000 - 0x00007ff90870a000 	C:\Windows\System32\NSI.dll
0x00007ff8b8c00000 - 0x00007ff8b8c12000 	C:\Windows\System32\winrnr.dll
0x00007ff8fb9c0000 - 0x00007ff8fb9cb000 	C:\Windows\System32\rasadhlp.dll
0x00007ff8fdb50000 - 0x00007ff8fdbd6000 	C:\Windows\System32\fwpuclnt.dll
0x00007ff906de0000 - 0x00007ff906dfb000 	C:\Windows\SYSTEM32\CRYPTSP.dll
0x00007ff9063f0000 - 0x00007ff90642b000 	C:\Windows\system32\rsaenh.dll
0x00007ff906aa0000 - 0x00007ff906acb000 	C:\Windows\SYSTEM32\USERENV.dll
0x00007ff907640000 - 0x00007ff907666000 	C:\Windows\SYSTEM32\bcrypt.dll
0x00007ff906c40000 - 0x00007ff906c4c000 	C:\Windows\SYSTEM32\CRYPTBASE.dll
0x00007ff8fbc20000 - 0x00007ff8fbc3f000 	C:\Windows\SYSTEM32\dhcpcsvc6.DLL
0x00007ff8fbbd0000 - 0x00007ff8fbbf5000 	C:\Windows\SYSTEM32\dhcpcsvc.DLL
0x00007ff8d2340000 - 0x00007ff8d234e000 	C:\Program Files\Java\jdk-17\bin\sunmscapi.dll
0x00007ff908190000 - 0x00007ff908307000 	C:\Windows\System32\CRYPT32.dll
0x00007ff906f40000 - 0x00007ff906f70000 	C:\Windows\SYSTEM32\ncrypt.dll
0x00007ff906ef0000 - 0x00007ff906f2f000 	C:\Windows\SYSTEM32\NTASN1.dll
0x00007ff8d1470000 - 0x00007ff8d1480000 	C:\Program Files\Java\jdk-17\bin\verify.dll
0x00007ff87dce0000 - 0x00007ff87dce8000 	C:\Windows\system32\wshunix.dll

dbghelp: loaded successfully - version: 4.0.5 - missing functions: none
symbol engine: initialized successfully - sym options: 0x614 - pdb path: .;C:\Program Files\Java\jdk-17\bin;C:\Windows\SYSTEM32;C:\Windows\WinSxS\amd64_microsoft.windows.common-controls_6595b64144ccf1df_6.0.26100.4768_none_3e0c112ce331287c;C:\Program Files\Java\jdk-17\bin\server

VM Arguments:
jvm_args: -XX:+ShowCodeDetailsInExceptionMessages -Dspring.jmx.enabled=true -Dmanagement.endpoints.jmx.exposure.include=* -Dspring.application.admin.enabled=true -Dspring.boot.project.name=com.manamer.sellout.infraestructure.apigateway-apigateway -Djava.rmi.server.hostname=localhost -Dcom.sun.management.jmxremote.port=45557 -Dcom.sun.management.jmxremote.authenticate=false -Dcom.sun.management.jmxremote.ssl=false 
java_command: com.manamer.sellout.infraestructure.apigateway.ApigatewayApplication
java_class_path (initial): C:\Users\Fernanda Jama\OneDrive - Manamer\Documentos\PROYECTOS 2025-2026\sellout1\backend\infraestructure\apigateway\target\classes;C:\Users\Fernanda Jama\.m2\repository\org\springframework\cloud\spring-cloud-starter-gateway\4.1.2\spring-cloud-starter-gateway-4.1.2.jar;C:\Users\Fernanda Jama\.m2\repository\org\springframework\cloud\spring-cloud-starter\4.1.2\spring-cloud-starter-4.1.2.jar;C:\Users\Fernanda Jama\.m2\repository\org\springframework\cloud\spring-cloud-context\4.1.2\spring-cloud-context-4.1.2.jar;C:\Users\Fernanda Jama\.m2\repository\org\springframework\security\spring-security-crypto\6.3.1\spring-security-crypto-6.3.1.jar;C:\Users\Fernanda Jama\.m2\repository\org\springframework\cloud\spring-cloud-commons\4.1.2\spring-cloud-commons-4.1.2.jar;C:\Users\Fernanda Jama\.m2\repository\org\springframework\security\spring-security-rsa\1.1.2\spring-security-rsa-1.1.2.jar;C:\Users\Fernanda Jama\.m2\repository\org\bouncycastle\bcprov-jdk18on\1.77\bcprov-jdk18on-1.77.jar;C:\Users\Fernanda Jama\.m2\repository\org\springframework\cloud\spring-cloud-gateway-server\4.1.2\spring-cloud-gateway-server-4.1.2.jar;C:\Users\Fernanda Jama\.m2\repository\org\springframework\boot\spring-boot-starter-validation\3.2.4\spring-boot-starter-validation-3.2.4.jar;C:\Users\Fernanda Jama\.m2\repository\org\apache\tomcat\embed\tomcat-embed-el\10.1.19\tomcat-embed-el-10.1.19.jar;C:\Users\Fernanda Jama\.m2\repository\org\hibernate\validator\hibernate-validator\8.0.1.Final\hibernate-validator-8.0.1.Final.jar;C:\Users\Fernanda Jama\.m2\repository\jakarta\validation\jakarta.validation-api\3.0.2\jakarta.validation-api-3.0.2.jar;C:\Users\Fernanda Jama\.m2\repository\org\jboss\logging\jboss-logging\3.5.3.Final\jboss-logging-3.5.3.Final.jar;C:\Users\Fernanda Jama\.m2\repository\com\fasterxml\classmate\1.6.0\classmate-1.6.0.jar;C:\Users\Fernanda Jama\.m2\repository\io\projectreactor\addons\reactor-extra\3.5.1\reactor-extra-3.5.1.jar;C:\Users\Fernanda Jama\.m2\repository
Launcher Type: SUN_STANDARD

[Global flags]
     intx CICompilerCount                          = 4                                         {product} {ergonomic}
     uint ConcGCThreads                            = 2                                         {product} {ergonomic}
     uint G1ConcRefinementThreads                  = 8                                         {product} {ergonomic}
   size_t G1HeapRegionSize                         = 8388608                                   {product} {ergonomic}
    uintx GCDrainStackTargetSize                   = 64                                        {product} {ergonomic}
   size_t InitialHeapSize                          = 671088640                                 {product} {ergonomic}
     bool ManagementServer                         = true                                      {product} {command line}
   size_t MarkStackSize                            = 4194304                                   {product} {ergonomic}
   size_t MaxHeapSize                              = 10687086592                               {product} {ergonomic}
   size_t MaxNewSize                               = 6408896512                                {product} {ergonomic}
   size_t MinHeapDeltaBytes                        = 8388608                                   {product} {ergonomic}
   size_t MinHeapSize                              = 8388608                                   {product} {ergonomic}
    uintx NonNMethodCodeHeapSize                   = 5839372                                {pd product} {ergonomic}
    uintx NonProfiledCodeHeapSize                  = 122909434                              {pd product} {ergonomic}
    uintx ProfiledCodeHeapSize                     = 122909434                              {pd product} {ergonomic}
    uintx ReservedCodeCacheSize                    = 251658240                              {pd product} {ergonomic}
     bool SegmentedCodeCache                       = true                                      {product} {ergonomic}
     bool ShowCodeDetailsInExceptionMessages       = true                                   {manageable} {command line}
   size_t SoftMaxHeapSize                          = 10687086592                            {manageable} {ergonomic}
     bool UseCompressedClassPointers               = true                           {product lp64_product} {ergonomic}
     bool UseCompressedOops                        = true                           {product lp64_product} {ergonomic}
     bool UseG1GC                                  = true                                      {product} {ergonomic}
     bool UseLargePagesIndividualAllocation        = false                                  {pd product} {ergonomic}

Logging:
Log output configuration:
 #0: stdout all=warning uptime,level,tags
 #1: stderr all=off uptime,level,tags

Environment Variables:
JAVA_HOME=C:\\Program Files\\Java\\jdk-17
CLASSPATH=C:\Program Files\SAP\SAP Business One DI API\JCO\LIB\sbowrapper.jar;C:\Program Files\SAP\SAP Business One DI API\JCO\LIB\sboapi.jar
PATH=C:\\Program Files\\Java\\jdk-17\\bin;C:\\Users\\Fernanda Jama\\.trae\\tools\\maven\\latest\\bin;C:\\Users\\Fernanda Jama\\.trae\\tools\\gradle\\latest\\bin;C:\Program Files\Java\jdk-17\bin;C:\Users\Fernanda Jama\.trae\tools\maven\latest\bin;C:\Users\Fernanda Jama\.trae\tools\gradle\latest\bin;C:\Python313\Scripts\;C:\Python313\;C:\Program Files\Microsoft MPI\Bin\;C:\Program Files\Common Files\Oracle\Java\javapath;C:\Windows\system32;C:\Windows;C:\Windows\System32\Wbem;C:\Windows\System32\WindowsPowerShell\v1.0\;C:\Windows\System32\OpenSSH\;C:\Program Files\Microsoft SQL Server\Client SDK\ODBC\170\Tools\Binn\;C:\Program Files (x86)\Microsoft SQL Server\150\Tools\Binn\;C:\Program Files\Microsoft SQL Server\150\Tools\Binn\;C:\Program Files\Microsoft SQL Server\150\DTS\Binn\;C:\Program Files (x86)\Microsoft SQL Server\160\DTS\Binn\;C:\Program Files\nodejs\;C:\ProgramData\chocolatey\bin;C:\Program Files\SAP\SAP Business One DI API\JCO\LIB\;C:\Program Files\SAP\SAP Business One DI API\DI API 90;C:\Program Files\SAP\SAP Business One\;C:\Program Files\apache-maven-3.8.8-bin\apache-maven-3.8.8\bin;C:\Program Files\Git\cmd;C:\Users\Fernanda Jama\AppData\Local\Microsoft\WindowsApps;C:\Users\Fernanda Jama\AppData\Local\GitHubDesktop\bin;C:\Users\Fernanda Jama\AppData\Local\Programs\Microsoft VS Code\bin;C:\Users\Fernanda Jama\AppData\Roaming\npm
USERNAME=Fernanda Jama
LANG=en_US.UTF-8
OS=Windows_NT
PROCESSOR_IDENTIFIER=Intel64 Family 6 Model 140 Stepping 1, GenuineIntel



---------------  S Y S T E M  ---------------

OS:
 Windows 11 , 64 bit Build 26100 (10.0.26100.4768)
OS uptime: 0 days 7:03 hours
Hyper-V role detected

CPU: total 8 (initial active 8) (4 cores per cpu, 2 threads per core) family 6 model 140 stepping 1 microcode 0xb8, cx8, cmov, fxsr, ht, mmx, 3dnowpref, sse, sse2, sse3, ssse3, sse4.1, sse4.2, popcnt, lzcnt, tsc, tscinvbit, avx, avx2, aes, erms, clmul, bmi1, bmi2, adx, avx512f, avx512dq, avx512cd, avx512bw, avx512vl, sha, fma, vzeroupper, avx512_vpopcntdq, avx512_vpclmulqdq, avx512_vaes, avx512_vnni, clflush, clflushopt, clwb, avx512_vbmi2, avx512_vbmi, hv

Memory: 4k page, system-wide physical 40743M (521M free)
TotalPageFile size 101623M (AvailPageFile size 0M)
current process WorkingSet (physical memory assigned to process): 169M, peak: 345M
current process commit charge ("private bytes"): 389M, peak: 805M

vm_info: Java HotSpot(TM) 64-Bit Server VM (17.0.15+9-LTS-241) for windows-amd64 JRE (17.0.15+9-LTS-241), built on Feb 20 2025 10:49:54 by "mach5one" with MS VC++ 17.6 (VS2022)

END.
