#
# There is insufficient memory for the Java Runtime Environment to continue.
# Native memory allocation (malloc) failed to allocate 32744 bytes for ChunkPool::allocate
# Possible reasons:
#   The system is out of physical RAM or swap space
#   The process is running with CompressedOops enabled, and the Java Heap may be blocking the growth of the native heap
# Possible solutions:
#   Reduce memory load on the system
#   Increase physical memory or swap space
#   Check if swap backing store is full
#   Decrease Java heap size (-Xmx/-Xms)
#   Decrease number of Java threads
#   Decrease Java thread stack sizes (-Xss)
#   Set larger code cache with -XX:ReservedCodeCacheSize=
#   JVM is running with Zero Based Compressed Oops mode in which the Java heap is
#     placed in the first 32GB address space. The Java Heap base address is the
#     maximum limit for the native heap growth. Please use -XX:HeapBaseMinAddress
#     to set the Java Heap base and to place the Java Heap above 32GB virtual address.
# This output file may be truncated or incomplete.
#
#  Out of Memory Error (arena.cpp:78), pid=9448, tid=17700
#
# JRE version: Java(TM) SE Runtime Environment (17.0.15+9) (build 17.0.15+9-LTS-241)
# Java VM: Java HotSpot(TM) 64-Bit Server VM (17.0.15+9-LTS-241, mixed mode, sharing, tiered, compressed oops, compressed class ptrs, g1 gc, windows-amd64)
# No core dump will be written. Minidumps are not enabled by default on client versions of Windows
#

---------------  S U M M A R Y ------------

Command Line: -XX:+ShowCodeDetailsInExceptionMessages com.manamer.sellout.infraestructure.apigateway.ApigatewayApplication

Host: 11th Gen Intel(R) Core(TM) i7-1165G7 @ 2.80GHz, 8 cores, 39G,  Windows 11 , 64 bit Build 26100 (10.0.26100.4484)
Time: Tue Jul 22 19:21:39 2025 Hora est. Pacífico, Sudamérica elapsed time: 10561.806927 seconds (0d 2h 56m 1s)

---------------  T H R E A D  ---------------

Current thread (0x000001e5faf8f6c0):  JavaThread "C2 CompilerThread0" daemon [_thread_in_native, id=17700, stack(0x0000007e87400000,0x0000007e87500000)]


Current CompileTask:
C2:10561807 10143   !   4       sun.reflect.annotation.AnnotationParser::parseAnnotation2 (271 bytes)

Stack: [0x0000007e87400000,0x0000007e87500000]
Native frames: (J=compiled Java code, j=interpreted, Vv=VM code, C=native code)
V  [jvm.dll+0x67a46a]
V  [jvm.dll+0x7da6ad]
V  [jvm.dll+0x7dbff3]
V  [jvm.dll+0x7dc663]
V  [jvm.dll+0x24523f]
V  [jvm.dll+0xab994]
V  [jvm.dll+0xabd2c]
V  [jvm.dll+0x657f40]
V  [jvm.dll+0x33df40]
V  [jvm.dll+0x33c889]
V  [jvm.dll+0x33c98e]
V  [jvm.dll+0x689c86]
V  [jvm.dll+0x687d52]
V  [jvm.dll+0x1a58fc]
V  [jvm.dll+0x1a6458]
V  [jvm.dll+0x2a990c]
V  [jvm.dll+0x6927b6]
V  [jvm.dll+0x68a7f5]
V  [jvm.dll+0x689e40]
V  [jvm.dll+0x687d52]
V  [jvm.dll+0x1a58fc]
V  [jvm.dll+0x1a6458]
V  [jvm.dll+0x2a990c]
V  [jvm.dll+0x6927b6]
V  [jvm.dll+0x68a7f5]
V  [jvm.dll+0x689e40]
V  [jvm.dll+0x687d52]
V  [jvm.dll+0x1a58fc]
V  [jvm.dll+0x2a990c]
V  [jvm.dll+0x6927b6]
V  [jvm.dll+0x68a7f5]
V  [jvm.dll+0x689e40]
V  [jvm.dll+0x687d52]
V  [jvm.dll+0x1a58fc]
V  [jvm.dll+0x2a990c]
V  [jvm.dll+0x6927b6]
V  [jvm.dll+0x68a7f5]
V  [jvm.dll+0x689e40]
V  [jvm.dll+0x687d52]
V  [jvm.dll+0x1a58fc]
V  [jvm.dll+0x1a6458]
V  [jvm.dll+0x2a990c]
V  [jvm.dll+0x6927b6]
V  [jvm.dll+0x68a7f5]
V  [jvm.dll+0x689e40]
V  [jvm.dll+0x687d52]
V  [jvm.dll+0x1a58fc]
V  [jvm.dll+0x1a6458]
V  [jvm.dll+0x2a990c]
V  [jvm.dll+0x6927b6]
V  [jvm.dll+0x68a7f5]
V  [jvm.dll+0x689e40]
V  [jvm.dll+0x687d52]
V  [jvm.dll+0x1a58fc]
V  [jvm.dll+0x2a990c]
V  [jvm.dll+0x6927b6]
V  [jvm.dll+0x68a7f5]
V  [jvm.dll+0x689e40]
V  [jvm.dll+0x687d52]
V  [jvm.dll+0x1a58fc]
V  [jvm.dll+0x2a990c]
V  [jvm.dll+0x6927b6]
V  [jvm.dll+0x68a7f5]
V  [jvm.dll+0x689e40]
V  [jvm.dll+0x687d52]
V  [jvm.dll+0x1a58fc]
V  [jvm.dll+0x2a990c]
V  [jvm.dll+0x6927b6]
V  [jvm.dll+0x68a7f5]
V  [jvm.dll+0x689e40]
V  [jvm.dll+0x687d52]
V  [jvm.dll+0x1a58fc]
V  [jvm.dll+0x2159c8]
V  [jvm.dll+0x1a2a00]
V  [jvm.dll+0x2262bb]
V  [jvm.dll+0x22445b]
V  [jvm.dll+0x790acc]
V  [jvm.dll+0x78b0ba]
V  [jvm.dll+0x679355]
C  [ucrtbase.dll+0x37b0]
C  [KERNEL32.DLL+0x2e8d7]
C  [ntdll.dll+0x3c34c]


---------------  P R O C E S S  ---------------

Threads class SMR info:
_java_thread_list=0x000001e5fba619c0, length=38, elements={
0x000001e5faf74e60, 0x000001e5faf76380, 0x000001e5faf8a430, 0x000001e5faf8acf0,
0x000001e5faf8b5b0, 0x000001e5faf8be70, 0x000001e5faf8f6c0, 0x000001e5faf98830,
0x000001e5cb0cc6d0, 0x000001e5cb1a2800, 0x000001e5cb1ad2f0, 0x000001e5fcfdb8b0,
0x000001e5d0a247f0, 0x000001e5cbd1da00, 0x000001e5cbd20550, 0x000001e5cbd1fbb0,
0x000001e5cbd1f210, 0x000001e5cbd1e3a0, 0x000001e5cbd20a20, 0x000001e5cbd1e870,
0x000001e5cbd1ed40, 0x000001e5cbd1d060, 0x000001e5d02e5060, 0x000001e5d02e3850,
0x000001e5d02e6d40, 0x000001e5d02e5530, 0x000001e5d02e3d20, 0x000001e5d02e5a00,
0x000001e5d02e41f0, 0x000001e5d02e46c0, 0x000001e5d02e5ed0, 0x000001e5d02e6870,
0x000001e5d02e3380, 0x000001e5d02e8550, 0x000001e5d02e7210, 0x000001e5d02e7bb0,
0x000001e5d02e4b90, 0x000001e5d02eabd0
}

Java Threads: ( => current thread )
  0x000001e5faf74e60 JavaThread "Reference Handler" daemon [_thread_blocked, id=12440, stack(0x0000007e86e00000,0x0000007e86f00000)]
  0x000001e5faf76380 JavaThread "Finalizer" daemon [_thread_blocked, id=23604, stack(0x0000007e86f00000,0x0000007e87000000)]
  0x000001e5faf8a430 JavaThread "Signal Dispatcher" daemon [_thread_blocked, id=16220, stack(0x0000007e87000000,0x0000007e87100000)]
  0x000001e5faf8acf0 JavaThread "Attach Listener" daemon [_thread_blocked, id=21548, stack(0x0000007e87100000,0x0000007e87200000)]
  0x000001e5faf8b5b0 JavaThread "Service Thread" daemon [_thread_blocked, id=4632, stack(0x0000007e87200000,0x0000007e87300000)]
  0x000001e5faf8be70 JavaThread "Monitor Deflation Thread" daemon [_thread_blocked, id=24580, stack(0x0000007e87300000,0x0000007e87400000)]
=>0x000001e5faf8f6c0 JavaThread "C2 CompilerThread0" daemon [_thread_in_native, id=17700, stack(0x0000007e87400000,0x0000007e87500000)]
  0x000001e5faf98830 JavaThread "C1 CompilerThread0" daemon [_thread_blocked, id=24444, stack(0x0000007e87500000,0x0000007e87600000)]
  0x000001e5cb0cc6d0 JavaThread "Sweeper thread" daemon [_thread_blocked, id=1004, stack(0x0000007e87600000,0x0000007e87700000)]
  0x000001e5cb1a2800 JavaThread "Notification Thread" daemon [_thread_blocked, id=14228, stack(0x0000007e87700000,0x0000007e87800000)]
  0x000001e5cb1ad2f0 JavaThread "Common-Cleaner" daemon [_thread_blocked, id=22656, stack(0x0000007e87900000,0x0000007e87a00000)]
  0x000001e5fcfdb8b0 JavaThread "boundedElastic-evictor-1" daemon [_thread_blocked, id=9372, stack(0x0000007e88800000,0x0000007e88900000)]
  0x000001e5d0a247f0 JavaThread "spring.cloud.inetutils" daemon [_thread_blocked, id=20476, stack(0x0000007e88900000,0x0000007e88a00000)]
  0x000001e5cbd1da00 JavaThread "File Watcher" daemon [_thread_blocked, id=23300, stack(0x0000007e88a00000,0x0000007e88b00000)]
  0x000001e5cbd20550 JavaThread "AsyncResolver-bootstrap-0" daemon [_thread_blocked, id=8976, stack(0x0000007e88700000,0x0000007e88800000)]
  0x000001e5cbd1fbb0 JavaThread "idle-connection-evictor-1" daemon [_thread_blocked, id=15948, stack(0x0000007e88c00000,0x0000007e88d00000)]
  0x000001e5cbd1f210 JavaThread "DiscoveryClient-0" daemon [_thread_blocked, id=24064, stack(0x0000007e87a00000,0x0000007e87b00000)]
  0x000001e5cbd1e3a0 JavaThread "DiscoveryClient-1" daemon [_thread_blocked, id=4364, stack(0x0000007e88b00000,0x0000007e88c00000)]
  0x000001e5cbd20a20 JavaThread "DiscoveryClient-InstanceInfoReplicator-0" daemon [_thread_blocked, id=2840, stack(0x0000007e88d00000,0x0000007e88e00000)]
  0x000001e5cbd1e870 JavaThread "reactor-http-nio-1" daemon [_thread_in_native, id=9220, stack(0x0000007e88f00000,0x0000007e89000000)]
  0x000001e5cbd1ed40 JavaThread "server" [_thread_blocked, id=2076, stack(0x0000007e89000000,0x0000007e89100000)]
  0x000001e5cbd1d060 JavaThread "DestroyJavaVM" [_thread_blocked, id=7588, stack(0x0000007e86700000,0x0000007e86800000)]
  0x000001e5d02e5060 JavaThread "DiscoveryClient-CacheRefreshExecutor-0" daemon [_thread_blocked, id=21880, stack(0x0000007e87d00000,0x0000007e87e00000)]
  0x000001e5d02e3850 JavaThread "DiscoveryClient-HeartbeatExecutor-0" daemon [_thread_blocked, id=8800, stack(0x0000007e88e00000,0x0000007e88f00000)]
  0x000001e5d02e6d40 JavaThread "AsyncResolver-bootstrap-executor-0" daemon [_thread_blocked, id=25320, stack(0x0000007e86600000,0x0000007e86700000)]
  0x000001e5d02e5530 JavaThread "reactor-http-nio-2" daemon [_thread_in_native, id=11856, stack(0x0000007e87c00000,0x0000007e87d00000)]
  0x000001e5d02e3d20 JavaThread "parallel-1" daemon [_thread_blocked, id=16008, stack(0x0000007e89100000,0x0000007e89200000)]
  0x000001e5d02e5a00 JavaThread "pool-11-thread-1" daemon [_thread_blocked, id=2780, stack(0x0000007e89200000,0x0000007e89300000)]
  0x000001e5d02e41f0 JavaThread "reactor-http-nio-3" daemon [_thread_in_native, id=11632, stack(0x0000007e89300000,0x0000007e89400000)]
  0x000001e5d02e46c0 JavaThread "reactor-http-nio-4" daemon [_thread_in_native, id=1644, stack(0x0000007e89400000,0x0000007e89500000)]
  0x000001e5d02e5ed0 JavaThread "reactor-http-nio-5" daemon [_thread_in_native, id=20612, stack(0x0000007e89500000,0x0000007e89600000)]
  0x000001e5d02e6870 JavaThread "reactor-http-nio-6" daemon [_thread_in_native, id=18836, stack(0x0000007e89600000,0x0000007e89700000)]
  0x000001e5d02e3380 JavaThread "reactor-http-nio-7" daemon [_thread_in_native, id=3356, stack(0x0000007e89700000,0x0000007e89800000)]
  0x000001e5d02e8550 JavaThread "reactor-http-nio-8" daemon [_thread_in_native, id=4188, stack(0x0000007e89800000,0x0000007e89900000)]
  0x000001e5d02e7210 JavaThread "Thread-15" daemon [_thread_in_native, id=6580, stack(0x0000007e89900000,0x0000007e89a00000)]
  0x000001e5d02e7bb0 JavaThread "parallel-2" daemon [_thread_blocked, id=19464, stack(0x0000007e89b00000,0x0000007e89c00000)]
  0x000001e5d02e4b90 JavaThread "parallel-3" daemon [_thread_blocked, id=26520, stack(0x0000007e86500000,0x0000007e86600000)]
  0x000001e5d02eabd0 JavaThread "parallel-4" daemon [_thread_blocked, id=21216, stack(0x0000007e86400000,0x0000007e86500000)]

Other Threads:
  0x000001e5faf6b180 VMThread "VM Thread" [stack: 0x0000007e86d00000,0x0000007e86e00000] [id=16380]
  0x000001e5cb1a54f0 WatcherThread [stack: 0x0000007e87800000,0x0000007e87900000] [id=16148]
  0x000001e5d4630e60 GCTaskThread "GC Thread#0" [stack: 0x0000007e86800000,0x0000007e86900000] [id=20804]
  0x000001e5cbc83360 GCTaskThread "GC Thread#1" [stack: 0x0000007e87e00000,0x0000007e87f00000] [id=16216]
  0x000001e5d04e1f70 GCTaskThread "GC Thread#2" [stack: 0x0000007e87f00000,0x0000007e88000000] [id=9480]
  0x000001e5d04e2230 GCTaskThread "GC Thread#3" [stack: 0x0000007e88000000,0x0000007e88100000] [id=24300]
  0x000001e5d04e24f0 GCTaskThread "GC Thread#4" [stack: 0x0000007e88100000,0x0000007e88200000] [id=9416]
  0x000001e5d02e23d0 GCTaskThread "GC Thread#5" [stack: 0x0000007e88200000,0x0000007e88300000] [id=24184]
  0x000001e5d02e2690 GCTaskThread "GC Thread#6" [stack: 0x0000007e88300000,0x0000007e88400000] [id=25120]
  0x000001e5d02e2950 GCTaskThread "GC Thread#7" [stack: 0x0000007e88400000,0x0000007e88500000] [id=21588]
  0x000001e5d463cc00 ConcurrentGCThread "G1 Main Marker" [stack: 0x0000007e86900000,0x0000007e86a00000] [id=24176]
  0x000001e5d463d510 ConcurrentGCThread "G1 Conc#0" [stack: 0x0000007e86a00000,0x0000007e86b00000] [id=4476]
  0x000001e5fbf2a830 ConcurrentGCThread "G1 Conc#1" [stack: 0x0000007e87b00000,0x0000007e87c00000] [id=18944]
  0x000001e5faea4020 ConcurrentGCThread "G1 Refine#0" [stack: 0x0000007e86b00000,0x0000007e86c00000] [id=21172]
  0x000001e5cbd22d90 ConcurrentGCThread "G1 Refine#1" [stack: 0x0000007e88600000,0x0000007e88700000] [id=2036]
  0x000001e5faea4950 ConcurrentGCThread "G1 Service" [stack: 0x0000007e86c00000,0x0000007e86d00000] [id=20648]

Threads with active compile tasks:
C2 CompilerThread0  10561897 10143   !   4       sun.reflect.annotation.AnnotationParser::parseAnnotation2 (271 bytes)

VM state: not at safepoint (normal execution)

VM Mutex/Monitor currently owned by a thread: None

Heap address: 0x0000000583000000, size: 10192 MB, Compressed Oops mode: Zero based, Oop shift amount: 3

CDS archive(s) mapped at: [0x000001e58a000000-0x000001e58abd0000-0x000001e58abd0000), size 12386304, SharedBaseAddress: 0x000001e58a000000, ArchiveRelocationMode: 1.
Compressed class space mapped at: 0x000001e58b000000-0x000001e5cb000000, reserved size: 1073741824
Narrow klass base: 0x000001e58a000000, Narrow klass shift: 0, Narrow klass range: 0x100000000

GC Precious Log:
 CPUs: 8 total, 8 available
 Memory: 40743M
 Large Page Support: Disabled
 NUMA Support: Disabled
 Compressed Oops: Enabled (Zero based)
 Heap Region Size: 8M
 Heap Min Capacity: 8M
 Heap Initial Capacity: 640M
 Heap Max Capacity: 10192M
 Pre-touch: Disabled
 Parallel Workers: 8
 Concurrent Workers: 2
 Concurrent Refinement Workers: 8
 Periodic GC: Disabled

Heap:
 garbage-first heap   total 81920K, used 47299K [0x0000000583000000, 0x0000000800000000)
  region size 8192K, 4 young (32768K), 1 survivors (8192K)
 Metaspace       used 57593K, committed 58176K, reserved 1114112K
  class space    used 7484K, committed 7744K, reserved 1048576K

Heap Regions: E=young(eden), S=young(survivor), O=old, HS=humongous(starts), HC=humongous(continues), CS=collection set, F=free, OA=open archive, CA=closed archive, TAMS=top-at-mark-start (previous, next)
|   0|0x0000000583000000, 0x0000000583800000, 0x0000000583800000|100%| O|  |TAMS 0x0000000583000000, 0x0000000583000000| Untracked 
|   1|0x0000000583800000, 0x0000000584000000, 0x0000000584000000|100%| O|  |TAMS 0x0000000584000000, 0x0000000583800000| Untracked 
|   2|0x0000000584000000, 0x0000000584800000, 0x0000000584800000|100%| O|  |TAMS 0x00000005844f5c00, 0x0000000584000000| Untracked 
|   3|0x0000000584800000, 0x0000000584a67800, 0x0000000585000000| 30%| O|  |TAMS 0x0000000584800000, 0x0000000584800000| Untracked 
|   4|0x0000000585000000, 0x0000000585000000, 0x0000000585800000|  0%| F|  |TAMS 0x0000000585000000, 0x0000000585000000| Untracked 
|   5|0x0000000585800000, 0x0000000585bc9590, 0x0000000586000000| 47%| S|CS|TAMS 0x0000000585800000, 0x0000000585800000| Complete 
|   6|0x0000000586000000, 0x0000000586000000, 0x0000000586800000|  0%| F|  |TAMS 0x0000000586000000, 0x0000000586000000| Untracked 
|   7|0x0000000586800000, 0x0000000586a1dcd0, 0x0000000587000000| 26%| E|  |TAMS 0x0000000586800000, 0x0000000586800000| Complete 
|  76|0x00000005a9000000, 0x00000005a9800000, 0x00000005a9800000|100%| E|CS|TAMS 0x00000005a9000000, 0x00000005a9000000| Complete 
|  79|0x00000005aa800000, 0x00000005ab000000, 0x00000005ab000000|100%| E|CS|TAMS 0x00000005aa800000, 0x00000005aa800000| Complete 

Card table byte_map: [0x000001e5ec580000,0x000001e5ed970000] _byte_map_base: 0x000001e5e9968000

Marking Bits (Prev, Next): (CMBitMap*) 0x000001e5d4631380, (CMBitMap*) 0x000001e5d46313c0
 Prev Bits: [0x000001e5eed60000, 0x000001e5f8ca0000)
 Next Bits: [0x000001e580000000, 0x000001e589f40000)

Polling page: 0x000001e5d2520000

Metaspace:

Usage:
  Non-class:     48.94 MB used.
      Class:      7.31 MB used.
       Both:     56.24 MB used.

Virtual space:
  Non-class space:       64.00 MB reserved,      49.25 MB ( 77%) committed,  1 nodes.
      Class space:        1.00 GB reserved,       7.56 MB ( <1%) committed,  1 nodes.
             Both:        1.06 GB reserved,      56.81 MB (  5%) committed. 

Chunk freelists:
   Non-Class:  14.78 MB
       Class:  8.48 MB
        Both:  23.26 MB

MaxMetaspaceSize: unlimited
CompressedClassSpaceSize: 1.00 GB
Initial GC threshold: 21.00 MB
Current GC threshold: 58.69 MB
CDS: on
MetaspaceReclaimPolicy: balanced
 - commit_granule_bytes: 65536.
 - commit_granule_words: 8192.
 - virtual_space_node_default_size: 8388608.
 - enlarge_chunks_in_place: 1.
 - new_chunks_are_fully_committed: 0.
 - uncommit_free_chunks: 1.
 - use_allocation_guard: 0.
 - handle_deallocations: 1.


Internal statistics:

num_allocs_failed_limit: 6.
num_arena_births: 770.
num_arena_deaths: 0.
num_vsnodes_births: 2.
num_vsnodes_deaths: 0.
num_space_committed: 909.
num_space_uncommitted: 0.
num_chunks_returned_to_freelist: 6.
num_chunks_taken_from_freelist: 2885.
num_chunk_merges: 3.
num_chunk_splits: 1978.
num_chunks_enlarged: 1482.
num_inconsistent_stats: 0.

CodeHeap 'non-profiled nmethods': size=120000Kb used=5585Kb max_used=5607Kb free=114414Kb
 bounds [0x000001e5e3930000, 0x000001e5e3eb0000, 0x000001e5eae60000]
CodeHeap 'profiled nmethods': size=120000Kb used=18975Kb max_used=18975Kb free=101024Kb
 bounds [0x000001e5dbe60000, 0x000001e5dd0f0000, 0x000001e5e3390000]
CodeHeap 'non-nmethods': size=5760Kb used=1324Kb max_used=1370Kb free=4435Kb
 bounds [0x000001e5e3390000, 0x000001e5e3600000, 0x000001e5e3930000]
 total_blobs=9471 nmethods=8829 adapters=551
 compilation: enabled
              stopped_count=0, restarted_count=0
 full_count=0

Compilation events (20 events):
Event: 10558.745 Thread 0x000001e5faf98830 nmethod 10136 0x000001e5dd0e0c10 code [0x000001e5dd0e0ee0, 0x000001e5dd0e1c08]
Event: 10558.745 Thread 0x000001e5faf98830 10137       3       org.apache.hc.core5.util.Args::notEmpty (20 bytes)
Event: 10558.746 Thread 0x000001e5faf98830 nmethod 10137 0x000001e5dd0e2110 code [0x000001e5dd0e2340, 0x000001e5dd0e2a08]
Event: 10558.746 Thread 0x000001e5faf98830 10138       3       com.fasterxml.jackson.databind.cfg.MapperConfigBase::<init> (71 bytes)
Event: 10558.755 Thread 0x000001e5faf8f6c0 10143   !   4       sun.reflect.annotation.AnnotationParser::parseAnnotation2 (271 bytes)
Event: 10558.756 Thread 0x000001e5faf98830 nmethod 10138 0x000001e5dd0e2d10 code [0x000001e5dd0e2ee0, 0x000001e5dd0e3478]
Event: 10558.756 Thread 0x000001e5faf98830 10141       3       com.fasterxml.jackson.databind.introspect.POJOPropertiesCollector::collectAll (212 bytes)
Event: 10558.759 Thread 0x000001e5faf98830 nmethod 10141 0x000001e5dd0e3590 code [0x000001e5dd0e39a0, 0x000001e5dd0e58b8]
Event: 10558.759 Thread 0x000001e5faf98830 10142       3       com.fasterxml.jackson.databind.introspect.BasicClassIntrospector::_resolveAnnotatedClass (7 bytes)
Event: 10558.760 Thread 0x000001e5faf98830 nmethod 10142 0x000001e5dd0e6110 code [0x000001e5dd0e62a0, 0x000001e5dd0e63e8]
Event: 10558.760 Thread 0x000001e5faf98830 10139       3       com.fasterxml.jackson.databind.introspect.BasicClassIntrospector::_isStdJDKCollection (50 bytes)
Event: 10558.760 Thread 0x000001e5faf98830 nmethod 10139 0x000001e5dd0e6490 code [0x000001e5dd0e6680, 0x000001e5dd0e6b68]
Event: 10558.761 Thread 0x000001e5faf98830 10140       3       com.fasterxml.jackson.databind.cfg.MapperConfig::getAccessorNaming (8 bytes)
Event: 10558.763 Thread 0x000001e5faf98830 nmethod 10140 0x000001e5dd0e6c90 code [0x000001e5dd0e6e20, 0x000001e5dd0e6f58]
Event: 10558.763 Thread 0x000001e5faf98830 10146       3       com.fasterxml.jackson.databind.introspect.JacksonAnnotationIntrospector::findPropertyIgnoralByName (24 bytes)
Event: 10558.767 Thread 0x000001e5faf98830 nmethod 10146 0x000001e5dd0e7010 code [0x000001e5dd0e71e0, 0x000001e5dd0e76b8]
Event: 10558.767 Thread 0x000001e5faf98830 10145       3       com.fasterxml.jackson.databind.type.ClassStack::<init> (15 bytes)
Event: 10558.767 Thread 0x000001e5faf98830 nmethod 10145 0x000001e5dd0e7810 code [0x000001e5dd0e79c0, 0x000001e5dd0e7bf8]
Event: 10558.767 Thread 0x000001e5faf98830 10147       1       com.fasterxml.jackson.databind.deser.impl.BeanPropertyMap::isCaseInsensitive (5 bytes)
Event: 10558.767 Thread 0x000001e5faf98830 nmethod 10147 0x000001e5e3bf8910 code [0x000001e5e3bf8aa0, 0x000001e5e3bf8b78]

GC Heap History (20 events):
Event: 1187.290 GC heap before
{Heap before GC invocations=15 (full 0):
 garbage-first heap   total 81920K, used 54013K [0x0000000583000000, 0x0000000800000000)
  region size 8192K, 4 young (32768K), 1 survivors (8192K)
 Metaspace       used 55718K, committed 56192K, reserved 1114112K
  class space    used 7473K, committed 7680K, reserved 1048576K
}
Event: 1187.303 GC heap after
{Heap after GC invocations=16 (full 0):
 garbage-first heap   total 81920K, used 30405K [0x0000000583000000, 0x0000000800000000)
  region size 8192K, 1 young (8192K), 1 survivors (8192K)
 Metaspace       used 55718K, committed 56192K, reserved 1114112K
  class space    used 7473K, committed 7680K, reserved 1048576K
}
Event: 2073.454 GC heap before
{Heap before GC invocations=16 (full 0):
 garbage-first heap   total 81920K, used 54981K [0x0000000583000000, 0x0000000800000000)
  region size 8192K, 4 young (32768K), 1 survivors (8192K)
 Metaspace       used 56347K, committed 56896K, reserved 1114112K
  class space    used 7481K, committed 7744K, reserved 1048576K
}
Event: 2073.463 GC heap after
{Heap after GC invocations=17 (full 0):
 garbage-first heap   total 81920K, used 30894K [0x0000000583000000, 0x0000000800000000)
  region size 8192K, 1 young (8192K), 1 survivors (8192K)
 Metaspace       used 56347K, committed 56896K, reserved 1114112K
  class space    used 7481K, committed 7744K, reserved 1048576K
}
Event: 3085.404 GC heap before
{Heap before GC invocations=17 (full 0):
 garbage-first heap   total 81920K, used 55470K [0x0000000583000000, 0x0000000800000000)
  region size 8192K, 4 young (32768K), 1 survivors (8192K)
 Metaspace       used 56534K, committed 57088K, reserved 1114112K
  class space    used 7481K, committed 7744K, reserved 1048576K
}
Event: 3085.409 GC heap after
{Heap after GC invocations=18 (full 0):
 garbage-first heap   total 81920K, used 30784K [0x0000000583000000, 0x0000000800000000)
  region size 8192K, 1 young (8192K), 1 survivors (8192K)
 Metaspace       used 56534K, committed 57088K, reserved 1114112K
  class space    used 7481K, committed 7744K, reserved 1048576K
}
Event: 4041.427 GC heap before
{Heap before GC invocations=18 (full 0):
 garbage-first heap   total 81920K, used 55360K [0x0000000583000000, 0x0000000800000000)
  region size 8192K, 4 young (32768K), 1 survivors (8192K)
 Metaspace       used 56814K, committed 57408K, reserved 1114112K
  class space    used 7482K, committed 7744K, reserved 1048576K
}
Event: 4041.433 GC heap after
{Heap after GC invocations=19 (full 0):
 garbage-first heap   total 81920K, used 30717K [0x0000000583000000, 0x0000000800000000)
  region size 8192K, 1 young (8192K), 1 survivors (8192K)
 Metaspace       used 56814K, committed 57408K, reserved 1114112K
  class space    used 7482K, committed 7744K, reserved 1048576K
}
Event: 4966.411 GC heap before
{Heap before GC invocations=19 (full 0):
 garbage-first heap   total 81920K, used 55293K [0x0000000583000000, 0x0000000800000000)
  region size 8192K, 4 young (32768K), 1 survivors (8192K)
 Metaspace       used 56945K, committed 57536K, reserved 1114112K
  class space    used 7483K, committed 7744K, reserved 1048576K
}
Event: 4966.419 GC heap after
{Heap after GC invocations=20 (full 0):
 garbage-first heap   total 81920K, used 30953K [0x0000000583000000, 0x0000000800000000)
  region size 8192K, 1 young (8192K), 1 survivors (8192K)
 Metaspace       used 56945K, committed 57536K, reserved 1114112K
  class space    used 7483K, committed 7744K, reserved 1048576K
}
Event: 5958.654 GC heap before
{Heap before GC invocations=20 (full 0):
 garbage-first heap   total 81920K, used 55529K [0x0000000583000000, 0x0000000800000000)
  region size 8192K, 4 young (32768K), 1 survivors (8192K)
 Metaspace       used 57082K, committed 57664K, reserved 1114112K
  class space    used 7483K, committed 7744K, reserved 1048576K
}
Event: 5958.661 GC heap after
{Heap after GC invocations=21 (full 0):
 garbage-first heap   total 81920K, used 31018K [0x0000000583000000, 0x0000000800000000)
  region size 8192K, 1 young (8192K), 1 survivors (8192K)
 Metaspace       used 57082K, committed 57664K, reserved 1114112K
  class space    used 7483K, committed 7744K, reserved 1048576K
}
Event: 6930.426 GC heap before
{Heap before GC invocations=21 (full 0):
 garbage-first heap   total 81920K, used 55594K [0x0000000583000000, 0x0000000800000000)
  region size 8192K, 4 young (32768K), 1 survivors (8192K)
 Metaspace       used 57134K, committed 57664K, reserved 1114112K
  class space    used 7483K, committed 7744K, reserved 1048576K
}
Event: 6930.438 GC heap after
{Heap after GC invocations=22 (full 0):
 garbage-first heap   total 81920K, used 30785K [0x0000000583000000, 0x0000000800000000)
  region size 8192K, 1 young (8192K), 1 survivors (8192K)
 Metaspace       used 57134K, committed 57664K, reserved 1114112K
  class space    used 7483K, committed 7744K, reserved 1048576K
}
Event: 7886.279 GC heap before
{Heap before GC invocations=22 (full 0):
 garbage-first heap   total 81920K, used 55361K [0x0000000583000000, 0x0000000800000000)
  region size 8192K, 4 young (32768K), 1 survivors (8192K)
 Metaspace       used 57468K, committed 57984K, reserved 1114112K
  class space    used 7483K, committed 7744K, reserved 1048576K
}
Event: 7886.287 GC heap after
{Heap after GC invocations=23 (full 0):
 garbage-first heap   total 81920K, used 30874K [0x0000000583000000, 0x0000000800000000)
  region size 8192K, 1 young (8192K), 1 survivors (8192K)
 Metaspace       used 57468K, committed 57984K, reserved 1114112K
  class space    used 7483K, committed 7744K, reserved 1048576K
}
Event: 8883.233 GC heap before
{Heap before GC invocations=23 (full 0):
 garbage-first heap   total 81920K, used 55450K [0x0000000583000000, 0x0000000800000000)
  region size 8192K, 4 young (32768K), 1 survivors (8192K)
 Metaspace       used 57484K, committed 57984K, reserved 1114112K
  class space    used 7483K, committed 7744K, reserved 1048576K
}
Event: 8883.241 GC heap after
{Heap after GC invocations=24 (full 0):
 garbage-first heap   total 81920K, used 30785K [0x0000000583000000, 0x0000000800000000)
  region size 8192K, 1 young (8192K), 1 survivors (8192K)
 Metaspace       used 57484K, committed 57984K, reserved 1114112K
  class space    used 7483K, committed 7744K, reserved 1048576K
}
Event: 9862.040 GC heap before
{Heap before GC invocations=24 (full 0):
 garbage-first heap   total 81920K, used 55361K [0x0000000583000000, 0x0000000800000000)
  region size 8192K, 4 young (32768K), 1 survivors (8192K)
 Metaspace       used 57554K, committed 58112K, reserved 1114112K
  class space    used 7484K, committed 7744K, reserved 1048576K
}
Event: 9862.047 GC heap after
{Heap after GC invocations=25 (full 0):
 garbage-first heap   total 81920K, used 30915K [0x0000000583000000, 0x0000000800000000)
  region size 8192K, 1 young (8192K), 1 survivors (8192K)
 Metaspace       used 57554K, committed 58112K, reserved 1114112K
  class space    used 7484K, committed 7744K, reserved 1048576K
}

Deoptimization events (20 events):
Event: 4196.797 Thread 0x000001e5d02e5060 Uncommon trap: reason=profile_predicate action=maybe_recompile pc=0x000001e5e3d13ec4 method=java.util.LinkedHashMap.keysToArray([Ljava/lang/Object;)[Ljava/lang/Object; @ 12 c2
Event: 4196.797 Thread 0x000001e5d02e5060 DEOPT PACKING pc=0x000001e5e3d13ec4 sp=0x0000007e87dfbd40
Event: 4196.801 Thread 0x000001e5d02e5060 DEOPT UNPACKING pc=0x000001e5e33e5ba3 sp=0x0000007e87dfbcf8 mode 2
Event: 4256.868 Thread 0x000001e5d02e5060 Uncommon trap: trap_request=0xffffffd6 fr.pc=0x000001e5e3d132b0 relative=0x0000000000000390
Event: 4256.868 Thread 0x000001e5d02e5060 Uncommon trap: reason=array_check action=maybe_recompile pc=0x000001e5e3d132b0 method=java.util.LinkedHashMap.keysToArray([Ljava/lang/Object;)[Ljava/lang/Object; @ 25 c2
Event: 4256.868 Thread 0x000001e5d02e5060 DEOPT PACKING pc=0x000001e5e3d132b0 sp=0x0000007e87dfc7d0
Event: 4256.868 Thread 0x000001e5d02e5060 DEOPT UNPACKING pc=0x000001e5e33e5ba3 sp=0x0000007e87dfc778 mode 2
Event: 4256.868 Thread 0x000001e5d02e5060 Uncommon trap: trap_request=0xffffffd6 fr.pc=0x000001e5e3d132b0 relative=0x0000000000000390
Event: 4256.868 Thread 0x000001e5d02e5060 Uncommon trap: reason=array_check action=maybe_recompile pc=0x000001e5e3d132b0 method=java.util.LinkedHashMap.keysToArray([Ljava/lang/Object;)[Ljava/lang/Object; @ 25 c2
Event: 4256.869 Thread 0x000001e5d02e5060 DEOPT PACKING pc=0x000001e5e3d132b0 sp=0x0000007e87dfbd40
Event: 4256.869 Thread 0x000001e5d02e5060 DEOPT UNPACKING pc=0x000001e5e33e5ba3 sp=0x0000007e87dfbce8 mode 2
Event: 4256.869 Thread 0x000001e5d02e5060 Uncommon trap: trap_request=0xffffffd6 fr.pc=0x000001e5e3d132b0 relative=0x0000000000000390
Event: 4256.869 Thread 0x000001e5d02e5060 Uncommon trap: reason=array_check action=maybe_recompile pc=0x000001e5e3d132b0 method=java.util.LinkedHashMap.keysToArray([Ljava/lang/Object;)[Ljava/lang/Object; @ 25 c2
Event: 4256.869 Thread 0x000001e5d02e5060 DEOPT PACKING pc=0x000001e5e3d132b0 sp=0x0000007e87dfbb90
Event: 4256.869 Thread 0x000001e5d02e5060 DEOPT UNPACKING pc=0x000001e5e33e5ba3 sp=0x0000007e87dfbb38 mode 2
Event: 4256.869 Thread 0x000001e5d02e5060 Uncommon trap: trap_request=0xffffffd6 fr.pc=0x000001e5e3d132b0 relative=0x0000000000000390
Event: 4256.869 Thread 0x000001e5d02e5060 Uncommon trap: reason=array_check action=maybe_recompile pc=0x000001e5e3d132b0 method=java.util.LinkedHashMap.keysToArray([Ljava/lang/Object;)[Ljava/lang/Object; @ 25 c2
Event: 4256.869 Thread 0x000001e5d02e5060 DEOPT PACKING pc=0x000001e5e3d132b0 sp=0x0000007e87dfbe70
Event: 4256.869 Thread 0x000001e5d02e5060 DEOPT UNPACKING pc=0x000001e5e33e5ba3 sp=0x0000007e87dfbe18 mode 2
Event: 10560.649 Thread 0x000001e5cbd1da00 Uncommon trap: trap_request=0xffffff45 fr.pc=0x000001e5e3ea72e8 relative=0x00000000000026a8

Classes unloaded (0 events):
No events

Classes redefined (0 events):
No events

Internal exceptions (20 events):
Event: 363.120 Thread 0x000001e5d02e5530 Exception <a 'java/lang/reflect/InvocationTargetException'{0x00000005a920b300}> (0x00000005a920b300) 
thrown [s\open\src\hotspot\share\runtime\reflection.cpp, line 1121]
Event: 363.243 Thread 0x000001e5d02e5530 Exception <a 'java/lang/NoSuchMethodError'{0x00000005a943daf0}: 'void java.lang.invoke.DirectMethodHandle$Holder.invokeSpecial(java.lang.Object, java.lang.Object, java.lang.Object, java.lang.Object, java.lang.Object, java.lang.Object, java.lang.Object, java.lang.Object)'> (0x00000005a943daf0) 
thrown [s\open\src\hotspot\share\interpreter\linkResolver.cpp, line 759]
Event: 363.305 Thread 0x000001e5d02e5530 Implicit null exception at 0x000001e5e3954af2 to 0x000001e5e3955144
Event: 363.305 Thread 0x000001e5d02e5530 Implicit null exception at 0x000001e5e397e772 to 0x000001e5e397edd8
Event: 363.391 Thread 0x000001e5d02e5530 Exception <a 'java/io/FileNotFoundException'{0x00000005a9793ad8}> (0x00000005a9793ad8) 
thrown [s\open\src\hotspot\share\prims\jni.cpp, line 516]
Event: 363.423 Thread 0x000001e5d02e5530 Exception <a 'sun/nio/fs/WindowsException'{0x000000058682e8a8}> (0x000000058682e8a8) 
thrown [s\open\src\hotspot\share\prims\jni.cpp, line 516]
Event: 363.474 Thread 0x000001e5d02e5530 Exception <a 'java/lang/NoSuchMethodError'{0x000000058687b070}: 'java.lang.Object java.lang.invoke.DirectMethodHandle$Holder.newInvokeSpecial(java.lang.Object, java.lang.Object, java.lang.Object, java.lang.Object, java.lang.Object, java.lang.Object)'> (0x000000058687b070) 
thrown [s\open\src\hotspot\share\interpreter\linkResolver.cpp, line 759]
Event: 363.503 Thread 0x000001e5d02e5530 Exception <a 'java/lang/NoSuchMethodError'{0x000000058694f568}: 'java.lang.Object java.lang.invoke.DirectMethodHandle$Holder.newInvokeSpecial(java.lang.Object, java.lang.Object, long, java.lang.Object)'> (0x000000058694f568) 
thrown [s\open\src\hotspot\share\interpreter\linkResolver.cpp, line 759]
Event: 363.527 Thread 0x000001e5d02e5530 Exception <a 'java/lang/NoSuchMethodError'{0x00000005869bf198}: 'java.lang.Object java.lang.invoke.DirectMethodHandle$Holder.newInvokeSpecial(java.lang.Object, java.lang.Object, java.lang.Object, java.lang.Object, java.lang.Object, java.lang.Object, int, java.lang.Object)'> (0x00000005869bf198) 
thrown [s\open\src\hotspot\share\interpreter\linkResolver.cpp, line 759]
Event: 363.606 Thread 0x000001e5d02e5530 Exception <a 'java/lang/NoSuchMethodError'{0x0000000586b3b770}: 'java.lang.Object java.lang.invoke.Invokers$Holder.linkToTargetMethod(java.lang.Object, int, java.lang.Object, java.lang.Object, java.lang.Object, java.lang.Object)'> (0x0000000586b3b770) 
thrown [s\open\src\hotspot\share\interpreter\linkResolver.cpp, line 759]
Event: 363.607 Thread 0x000001e5d02e5530 Exception <a 'java/lang/NoSuchMethodError'{0x0000000586b40550}: 'java.lang.Object java.lang.invoke.DirectMethodHandle$Holder.invokeStatic(java.lang.Object, java.lang.Object, java.lang.Object, int, java.lang.Object, java.lang.Object)'> (0x0000000586b40550) 
thrown [s\open\src\hotspot\share\interpreter\linkResolver.cpp, line 759]
Event: 363.657 Thread 0x000001e5d02e5530 Exception <a 'java/lang/NoSuchMethodError'{0x0000000586b85c40}: 'java.lang.Object java.lang.invoke.DirectMethodHandle$Holder.newInvokeSpecial(java.lang.Object, java.lang.Object, java.lang.Object, java.lang.Object, int, java.lang.Object)'> (0x0000000586b85c40) 
thrown [s\open\src\hotspot\share\interpreter\linkResolver.cpp, line 759]
Event: 363.657 Thread 0x000001e5d02e5530 Exception <a 'java/lang/NoSuchMethodError'{0x0000000586b89c28}: 'java.lang.Object java.lang.invoke.DirectMethodHandle$Holder.invokeSpecial(java.lang.Object, java.lang.Object, java.lang.Object, java.lang.Object, java.lang.Object, int, java.lang.Object)'> (0x0000000586b89c28) 
thrown [s\open\src\hotspot\share\interpreter\linkResolver.cpp, line 759]
Event: 363.657 Thread 0x000001e5d02e5530 Exception <a 'java/lang/NoSuchMethodError'{0x0000000586b8d510}: 'java.lang.Object java.lang.invoke.Invokers$Holder.linkToTargetMethod(java.lang.Object, java.lang.Object, java.lang.Object, int, java.lang.Object, java.lang.Object)'> (0x0000000586b8d510) 
thrown [s\open\src\hotspot\share\interpreter\linkResolver.cpp, line 759]
Event: 363.736 Thread 0x000001e5d02e5530 Exception <a 'java/lang/NoSuchMethodError'{0x0000000586c0bba0}: 'void java.lang.invoke.DirectMethodHandle$Holder.invokeStaticInit(java.lang.Object)'> (0x0000000586c0bba0) 
thrown [s\open\src\hotspot\share\interpreter\linkResolver.cpp, line 759]
Event: 366.601 Thread 0x000001e5d02e41f0 Exception <a 'java/lang/NoSuchMethodError'{0x0000000586df4940}: 'void java.lang.invoke.DirectMethodHandle$Holder.invokeSpecial(java.lang.Object, java.lang.Object, long)'> (0x0000000586df4940) 
thrown [s\open\src\hotspot\share\interpreter\linkResolver.cpp, line 759]
Event: 641.101 Thread 0x000001e5d02e46c0 Exception <a 'java/lang/reflect/InvocationTargetException'{0x00000005aad9b960}> (0x00000005aad9b960) 
thrown [s\open\src\hotspot\share\runtime\reflection.cpp, line 1121]
Event: 641.151 Thread 0x000001e5d02e46c0 Implicit null exception at 0x000001e5e3e319db to 0x000001e5e3e31b67
Event: 1817.976 Thread 0x000001e5cbd1fbb0 Exception <a 'java/lang/NoSuchMethodError'{0x00000005869c96c8}: 'void java.lang.invoke.DirectMethodHandle$Holder.invokeStatic(java.lang.Object, long, java.lang.Object)'> (0x00000005869c96c8) 
thrown [s\open\src\hotspot\share\interpreter\linkResolver.cpp, line 759]
Event: 1817.977 Thread 0x000001e5cbd1fbb0 Exception <a 'java/lang/NoSuchMethodError'{0x00000005869cf3f0}: 'java.lang.Object java.lang.invoke.DirectMethodHandle$Holder.newInvokeSpecial(java.lang.Object, long)'> (0x00000005869cf3f0) 
thrown [s\open\src\hotspot\share\interpreter\linkResolver.cpp, line 759]

VM Operations (20 events):
Event: 9575.180 Executing VM operation: Cleanup
Event: 9575.181 Executing VM operation: Cleanup done
Event: 9598.392 Executing VM operation: Cleanup
Event: 9598.392 Executing VM operation: Cleanup done
Event: 9628.659 Executing VM operation: Cleanup
Event: 9628.659 Executing VM operation: Cleanup done
Event: 9634.723 Executing VM operation: Cleanup
Event: 9634.723 Executing VM operation: Cleanup done
Event: 9815.318 Executing VM operation: Cleanup
Event: 9815.319 Executing VM operation: Cleanup done
Event: 9862.040 Executing VM operation: G1CollectForAllocation
Event: 9862.047 Executing VM operation: G1CollectForAllocation done
Event: 9863.049 Executing VM operation: Cleanup
Event: 9863.049 Executing VM operation: Cleanup done
Event: 9964.992 Executing VM operation: Cleanup
Event: 9964.992 Executing VM operation: Cleanup done
Event: 10295.961 Executing VM operation: Cleanup
Event: 10295.962 Executing VM operation: Cleanup done
Event: 10559.305 Executing VM operation: Cleanup
Event: 10559.306 Executing VM operation: Cleanup done

Events (20 events):
Event: 859.693 Thread 0x000001e5cb0cc6d0 flushing nmethod 0x000001e5dca39190
Event: 859.693 Thread 0x000001e5cb0cc6d0 flushing nmethod 0x000001e5dca45510
Event: 859.693 Thread 0x000001e5cb0cc6d0 flushing nmethod 0x000001e5dca60490
Event: 859.693 Thread 0x000001e5cb0cc6d0 flushing nmethod 0x000001e5dca60810
Event: 859.693 Thread 0x000001e5cb0cc6d0 flushing nmethod 0x000001e5dcac1e90
Event: 859.693 Thread 0x000001e5cb0cc6d0 flushing nmethod 0x000001e5dcac2690
Event: 859.693 Thread 0x000001e5cb0cc6d0 flushing nmethod 0x000001e5dcac4d90
Event: 859.693 Thread 0x000001e5cb0cc6d0 flushing nmethod 0x000001e5dcac7610
Event: 859.693 Thread 0x000001e5cb0cc6d0 flushing nmethod 0x000001e5dcadd810
Event: 859.693 Thread 0x000001e5cb0cc6d0 flushing nmethod 0x000001e5dcb0ec90
Event: 859.693 Thread 0x000001e5cb0cc6d0 flushing nmethod 0x000001e5dcb0f010
Event: 859.693 Thread 0x000001e5cb0cc6d0 flushing nmethod 0x000001e5dcb1b610
Event: 859.693 Thread 0x000001e5cb0cc6d0 flushing nmethod 0x000001e5dcb1d610
Event: 859.693 Thread 0x000001e5cb0cc6d0 flushing nmethod 0x000001e5dcb1e210
Event: 859.693 Thread 0x000001e5cb0cc6d0 flushing nmethod 0x000001e5dcb26310
Event: 859.693 Thread 0x000001e5cb0cc6d0 flushing nmethod 0x000001e5dcb26c10
Event: 859.693 Thread 0x000001e5cb0cc6d0 flushing nmethod 0x000001e5dcb27310
Event: 859.693 Thread 0x000001e5cb0cc6d0 flushing nmethod 0x000001e5dcb36210
Event: 859.693 Thread 0x000001e5cb0cc6d0 flushing nmethod 0x000001e5dcb39110
Event: 1187.272 Thread 0x000001e5d02eabd0 Thread added: 0x000001e5d02eabd0


Dynamic libraries:
0x00007ff6e3d40000 - 0x00007ff6e3d50000 	C:\Program Files\Java\jdk-17\bin\java.exe
0x00007ffda75a0000 - 0x00007ffda7808000 	C:\Windows\SYSTEM32\ntdll.dll
0x00007ffda5f20000 - 0x00007ffda5fe9000 	C:\Windows\System32\KERNEL32.DLL
0x00007ffda4dd0000 - 0x00007ffda51bd000 	C:\Windows\System32\KERNELBASE.dll
0x00007ffda51f0000 - 0x00007ffda533b000 	C:\Windows\System32\ucrtbase.dll
0x00007ffd8afc0000 - 0x00007ffd8afd9000 	C:\Program Files\Java\jdk-17\bin\jli.dll
0x00007ffda5b40000 - 0x00007ffda5bf4000 	C:\Windows\System32\ADVAPI32.dll
0x00007ffda6ef0000 - 0x00007ffda6f99000 	C:\Windows\System32\msvcrt.dll
0x00007ffda62f0000 - 0x00007ffda6396000 	C:\Windows\System32\sechost.dll
0x00007ffda5c10000 - 0x00007ffda5d28000 	C:\Windows\System32\RPCRT4.dll
0x00007ffda5340000 - 0x00007ffda550c000 	C:\Windows\System32\USER32.dll
0x00007ffd75110000 - 0x00007ffd7512b000 	C:\Program Files\Java\jdk-17\bin\VCRUNTIME140.dll
0x00007ffda51c0000 - 0x00007ffda51e7000 	C:\Windows\System32\win32u.dll
0x00007ffda5e30000 - 0x00007ffda5e5b000 	C:\Windows\System32\GDI32.dll
0x00007ffda4c90000 - 0x00007ffda4dc7000 	C:\Windows\System32\gdi32full.dll
0x00007ffda46f0000 - 0x00007ffda4793000 	C:\Windows\System32\msvcp_win.dll
0x00007ffd887a0000 - 0x00007ffd88a3a000 	C:\Windows\WinSxS\amd64_microsoft.windows.common-controls_6595b64144ccf1df_6.0.26100.4484_none_3e0e6d4ce32ef3b3\COMCTL32.dll
0x00007ffd9b510000 - 0x00007ffd9b51b000 	C:\Windows\SYSTEM32\VERSION.dll
0x00007ffda5e80000 - 0x00007ffda5eaf000 	C:\Windows\System32\IMM32.DLL
0x00007ffd9ec60000 - 0x00007ffd9ec6c000 	C:\Program Files\Java\jdk-17\bin\vcruntime140_1.dll
0x00007ffd6d9c0000 - 0x00007ffd6da4e000 	C:\Program Files\Java\jdk-17\bin\msvcp140.dll
0x00007ffcee250000 - 0x00007ffceee31000 	C:\Program Files\Java\jdk-17\bin\server\jvm.dll
0x00007ffda61f0000 - 0x00007ffda61f8000 	C:\Windows\System32\PSAPI.DLL
0x00007ffd8ded0000 - 0x00007ffd8deda000 	C:\Windows\SYSTEM32\WSOCK32.dll
0x00007ffda5710000 - 0x00007ffda5784000 	C:\Windows\System32\WS2_32.dll
0x00007ffd8cfb0000 - 0x00007ffd8cfe5000 	C:\Windows\SYSTEM32\WINMM.dll
0x00007ffda3450000 - 0x00007ffda346b000 	C:\Windows\SYSTEM32\kernel.appcore.dll
0x00007ffd8c820000 - 0x00007ffd8c82a000 	C:\Program Files\Java\jdk-17\bin\jimage.dll
0x00007ffda1e10000 - 0x00007ffda2051000 	C:\Windows\SYSTEM32\DBGHELP.DLL
0x00007ffda5790000 - 0x00007ffda5b16000 	C:\Windows\System32\combase.dll
0x00007ffda6200000 - 0x00007ffda62e0000 	C:\Windows\System32\OLEAUT32.dll
0x00007ffd681c0000 - 0x00007ffd68203000 	C:\Windows\SYSTEM32\dbgcore.DLL
0x00007ffda4b60000 - 0x00007ffda4bf9000 	C:\Windows\System32\bcryptPrimitives.dll
0x00007ffd6f7c0000 - 0x00007ffd6f7e5000 	C:\Program Files\Java\jdk-17\bin\java.dll
0x00007ffd31080000 - 0x00007ffd31157000 	C:\Program Files\Java\jdk-17\bin\jsvml.dll
0x00007ffda6420000 - 0x00007ffda6b6a000 	C:\Windows\System32\SHELL32.dll
0x00007ffda4860000 - 0x00007ffda49d4000 	C:\Windows\System32\wintypes.dll
0x00007ffda22f0000 - 0x00007ffda2b4b000 	C:\Windows\SYSTEM32\windows.storage.dll
0x00007ffda5d30000 - 0x00007ffda5e25000 	C:\Windows\System32\SHCORE.dll
0x00007ffda6e80000 - 0x00007ffda6eea000 	C:\Windows\System32\shlwapi.dll
0x00007ffda4600000 - 0x00007ffda462f000 	C:\Windows\SYSTEM32\profapi.dll
0x00007ffd70590000 - 0x00007ffd705a9000 	C:\Program Files\Java\jdk-17\bin\net.dll
0x00007ffd9d150000 - 0x00007ffd9d26e000 	C:\Windows\SYSTEM32\WINHTTP.dll
0x00007ffda39c0000 - 0x00007ffda3a2a000 	C:\Windows\system32\mswsock.dll
0x00007ffd6f870000 - 0x00007ffd6f886000 	C:\Program Files\Java\jdk-17\bin\nio.dll
0x00007ffd6d750000 - 0x00007ffd6d768000 	C:\Program Files\Java\jdk-17\bin\zip.dll
0x00007ffd8c5c0000 - 0x00007ffd8c5ca000 	C:\Program Files\Java\jdk-17\bin\management.dll
0x00007ffd8bd90000 - 0x00007ffd8bd9b000 	C:\Program Files\Java\jdk-17\bin\management_ext.dll
0x00007ffda2f50000 - 0x00007ffda3076000 	C:\Windows\SYSTEM32\DNSAPI.dll
0x00007ffda2f10000 - 0x00007ffda2f43000 	C:\Windows\SYSTEM32\IPHLPAPI.DLL
0x00007ffda5b20000 - 0x00007ffda5b2a000 	C:\Windows\System32\NSI.dll
0x00007ffd9b500000 - 0x00007ffd9b50b000 	C:\Windows\System32\rasadhlp.dll
0x00007ffd9e040000 - 0x00007ffd9e0c6000 	C:\Windows\System32\fwpuclnt.dll
0x00007ffd9def0000 - 0x00007ffd9df0f000 	C:\Windows\SYSTEM32\dhcpcsvc6.DLL
0x00007ffd9dec0000 - 0x00007ffd9dee5000 	C:\Windows\SYSTEM32\dhcpcsvc.DLL
0x00007ffda3da0000 - 0x00007ffda3dbb000 	C:\Windows\SYSTEM32\CRYPTSP.dll
0x00007ffda33b0000 - 0x00007ffda33eb000 	C:\Windows\system32\rsaenh.dll
0x00007ffda3a60000 - 0x00007ffda3a8b000 	C:\Windows\SYSTEM32\USERENV.dll
0x00007ffda45d0000 - 0x00007ffda45f6000 	C:\Windows\SYSTEM32\bcrypt.dll
0x00007ffda3c00000 - 0x00007ffda3c0c000 	C:\Windows\SYSTEM32\CRYPTBASE.dll
0x00007ffd8baa0000 - 0x00007ffd8baae000 	C:\Program Files\Java\jdk-17\bin\sunmscapi.dll
0x00007ffda49e0000 - 0x00007ffda4b57000 	C:\Windows\System32\CRYPT32.dll
0x00007ffda3ef0000 - 0x00007ffda3f20000 	C:\Windows\SYSTEM32\ncrypt.dll
0x00007ffda3ea0000 - 0x00007ffda3edf000 	C:\Windows\SYSTEM32\NTASN1.dll
0x00007ffd8b020000 - 0x00007ffd8b030000 	C:\Program Files\Java\jdk-17\bin\verify.dll
0x00007ffd029f0000 - 0x00007ffd029f8000 	C:\Windows\system32\wshunix.dll
0x00007ffd554e0000 - 0x00007ffd554f8000 	C:\Windows\system32\napinsp.dll
0x00007ffd55f10000 - 0x00007ffd55f30000 	C:\Windows\system32\wshbth.dll
0x00007ffd554a0000 - 0x00007ffd554d0000 	C:\Windows\system32\nlansp_c.dll
0x00007ffd55480000 - 0x00007ffd55492000 	C:\Windows\System32\winrnr.dll

dbghelp: loaded successfully - version: 4.0.5 - missing functions: none
symbol engine: initialized successfully - sym options: 0x614 - pdb path: .;C:\Program Files\Java\jdk-17\bin;C:\Windows\SYSTEM32;C:\Windows\WinSxS\amd64_microsoft.windows.common-controls_6595b64144ccf1df_6.0.26100.4484_none_3e0e6d4ce32ef3b3;C:\Program Files\Java\jdk-17\bin\server

VM Arguments:
jvm_args: -XX:+ShowCodeDetailsInExceptionMessages 
java_command: com.manamer.sellout.infraestructure.apigateway.ApigatewayApplication
java_class_path (initial): C:\Users\Fernanda Jama\OneDrive - Manamer\Documentos\PROYECTOS 2025-2026\sellout1\backend\infraestructure\apigateway\target\classes;C:\Users\Fernanda Jama\.m2\repository\org\springframework\cloud\spring-cloud-starter-gateway\4.1.2\spring-cloud-starter-gateway-4.1.2.jar;C:\Users\Fernanda Jama\.m2\repository\org\springframework\cloud\spring-cloud-starter\4.1.2\spring-cloud-starter-4.1.2.jar;C:\Users\Fernanda Jama\.m2\repository\org\springframework\cloud\spring-cloud-context\4.1.2\spring-cloud-context-4.1.2.jar;C:\Users\Fernanda Jama\.m2\repository\org\springframework\security\spring-security-crypto\6.3.1\spring-security-crypto-6.3.1.jar;C:\Users\Fernanda Jama\.m2\repository\org\springframework\cloud\spring-cloud-commons\4.1.2\spring-cloud-commons-4.1.2.jar;C:\Users\Fernanda Jama\.m2\repository\org\springframework\security\spring-security-rsa\1.1.2\spring-security-rsa-1.1.2.jar;C:\Users\Fernanda Jama\.m2\repository\org\bouncycastle\bcprov-jdk18on\1.77\bcprov-jdk18on-1.77.jar;C:\Users\Fernanda Jama\.m2\repository\org\springframework\cloud\spring-cloud-gateway-server\4.1.2\spring-cloud-gateway-server-4.1.2.jar;C:\Users\Fernanda Jama\.m2\repository\org\springframework\boot\spring-boot-starter-validation\3.2.4\spring-boot-starter-validation-3.2.4.jar;C:\Users\Fernanda Jama\.m2\repository\org\apache\tomcat\embed\tomcat-embed-el\10.1.19\tomcat-embed-el-10.1.19.jar;C:\Users\Fernanda Jama\.m2\repository\org\hibernate\validator\hibernate-validator\8.0.1.Final\hibernate-validator-8.0.1.Final.jar;C:\Users\Fernanda Jama\.m2\repository\jakarta\validation\jakarta.validation-api\3.0.2\jakarta.validation-api-3.0.2.jar;C:\Users\Fernanda Jama\.m2\repository\org\jboss\logging\jboss-logging\3.5.3.Final\jboss-logging-3.5.3.Final.jar;C:\Users\Fernanda Jama\.m2\repository\com\fasterxml\classmate\1.6.0\classmate-1.6.0.jar;C:\Users\Fernanda Jama\.m2\repository\io\projectreactor\addons\reactor-extra\3.5.1\reactor-extra-3.5.1.jar;C:\Users\Fernanda Jama\.m2\repository
Launcher Type: SUN_STANDARD

[Global flags]
     intx CICompilerCount                          = 4                                         {product} {ergonomic}
     uint ConcGCThreads                            = 2                                         {product} {ergonomic}
     uint G1ConcRefinementThreads                  = 8                                         {product} {ergonomic}
   size_t G1HeapRegionSize                         = 8388608                                   {product} {ergonomic}
    uintx GCDrainStackTargetSize                   = 64                                        {product} {ergonomic}
   size_t InitialHeapSize                          = 671088640                                 {product} {ergonomic}
   size_t MarkStackSize                            = 4194304                                   {product} {ergonomic}
   size_t MaxHeapSize                              = 10687086592                               {product} {ergonomic}
   size_t MaxNewSize                               = 6408896512                                {product} {ergonomic}
   size_t MinHeapDeltaBytes                        = 8388608                                   {product} {ergonomic}
   size_t MinHeapSize                              = 8388608                                   {product} {ergonomic}
    uintx NonNMethodCodeHeapSize                   = 5839372                                {pd product} {ergonomic}
    uintx NonProfiledCodeHeapSize                  = 122909434                              {pd product} {ergonomic}
    uintx ProfiledCodeHeapSize                     = 122909434                              {pd product} {ergonomic}
    uintx ReservedCodeCacheSize                    = 251658240                              {pd product} {ergonomic}
     bool SegmentedCodeCache                       = true                                      {product} {ergonomic}
     bool ShowCodeDetailsInExceptionMessages       = true                                   {manageable} {command line}
   size_t SoftMaxHeapSize                          = 10687086592                            {manageable} {ergonomic}
     bool UseCompressedClassPointers               = true                           {product lp64_product} {ergonomic}
     bool UseCompressedOops                        = true                           {product lp64_product} {ergonomic}
     bool UseG1GC                                  = true                                      {product} {ergonomic}
     bool UseLargePagesIndividualAllocation        = false                                  {pd product} {ergonomic}

Logging:
Log output configuration:
 #0: stdout all=warning uptime,level,tags
 #1: stderr all=off uptime,level,tags

Environment Variables:
JAVA_HOME=C:\\Program Files\\Java\\jdk-17
CLASSPATH=C:\Program Files\SAP\SAP Business One DI API\JCO\LIB\sbowrapper.jar;C:\Program Files\SAP\SAP Business One DI API\JCO\LIB\sboapi.jar
PATH=C:\\Program Files\\Java\\jdk-17\\bin;C:\\Users\\Fernanda Jama\\.trae\\tools\\maven\\latest\\bin;C:\\Users\\Fernanda Jama\\.trae\\tools\\gradle\\latest\\bin;C:\Program Files\Java\jdk-17\bin;C:\Users\Fernanda Jama\.trae\tools\maven\latest\bin;C:\Users\Fernanda Jama\.trae\tools\gradle\latest\bin;C:\Python313\Scripts\;C:\Python313\;C:\Program Files\Microsoft MPI\Bin\;C:\Program Files\Common Files\Oracle\Java\javapath;C:\Windows\system32;C:\Windows;C:\Windows\System32\Wbem;C:\Windows\System32\WindowsPowerShell\v1.0\;C:\Windows\System32\OpenSSH\;C:\Program Files\Microsoft SQL Server\Client SDK\ODBC\170\Tools\Binn\;C:\Program Files (x86)\Microsoft SQL Server\150\Tools\Binn\;C:\Program Files\Microsoft SQL Server\150\Tools\Binn\;C:\Program Files\Microsoft SQL Server\150\DTS\Binn\;C:\Program Files (x86)\Microsoft SQL Server\160\DTS\Binn\;C:\Program Files\nodejs\;C:\ProgramData\chocolatey\bin;C:\Program Files\SAP\SAP Business One DI API\JCO\LIB\;C:\Program Files\SAP\SAP Business One DI API\DI API 90;C:\Program Files\SAP\SAP Business One\;C:\Program Files\apache-maven-3.8.8-bin\apache-maven-3.8.8\bin;C:\Users\Fernanda Jama\AppData\Local\Microsoft\WindowsApps;C:\Users\Fernanda Jama\AppData\Local\GitHubDesktop\bin;C:\Users\Fernanda Jama\AppData\Local\Programs\Microsoft VS Code\bin;C:\Users\Fernanda Jama\AppData\Roaming\npm
USERNAME=Fernanda Jama
LANG=en_US.UTF-8
OS=Windows_NT
PROCESSOR_IDENTIFIER=Intel64 Family 6 Model 140 Stepping 1, GenuineIntel



---------------  S Y S T E M  ---------------

OS:
 Windows 11 , 64 bit Build 26100 (10.0.26100.4484)
OS uptime: 0 days 10:47 hours
Hyper-V role detected

CPU: total 8 (initial active 8) (4 cores per cpu, 2 threads per core) family 6 model 140 stepping 1 microcode 0xb8, cx8, cmov, fxsr, ht, mmx, 3dnowpref, sse, sse2, sse3, ssse3, sse4.1, sse4.2, popcnt, lzcnt, tsc, tscinvbit, avx, avx2, aes, erms, clmul, bmi1, bmi2, adx, avx512f, avx512dq, avx512cd, avx512bw, avx512vl, sha, fma, vzeroupper, avx512_vpopcntdq, avx512_vpclmulqdq, avx512_vaes, avx512_vnni, clflush, clflushopt, clwb, avx512_vbmi2, avx512_vbmi, hv

Memory: 4k page, system-wide physical 40743M (325M free)
TotalPageFile size 101623M (AvailPageFile size 44M)
current process WorkingSet (physical memory assigned to process): 109M, peak: 274M
current process commit charge ("private bytes"): 308M, peak: 822M

vm_info: Java HotSpot(TM) 64-Bit Server VM (17.0.15+9-LTS-241) for windows-amd64 JRE (17.0.15+9-LTS-241), built on Feb 20 2025 10:49:54 by "mach5one" with MS VC++ 17.6 (VS2022)

END.
