#
# There is insufficient memory for the Java Runtime Environment to continue.
# Native memory allocation (malloc) failed to allocate 1048576 bytes. Error detail: AllocateHeap
# Possible reasons:
#   The system is out of physical RAM or swap space
#   This process is running with CompressedOops enabled, and the Java Heap may be blocking the growth of the native heap
# Possible solutions:
#   Reduce memory load on the system
#   Increase physical memory or swap space
#   Check if swap backing store is full
#   Decrease Java heap size (-Xmx/-Xms)
#   Decrease number of Java threads
#   Decrease Java thread stack sizes (-Xss)
#   Set larger code cache with -XX:ReservedCodeCacheSize=
#   JVM is running with Unscaled Compressed Oops mode in which the Java heap is
#     placed in the first 4GB address space. The Java Heap base address is the
#     maximum limit for the native heap growth. Please use -XX:HeapBaseMinAddress
#     to set the Java Heap base and to place the Java Heap above 4GB virtual address.
# This output file may be truncated or incomplete.
#
#  Out of Memory Error (allocation.cpp:44), pid=17664, tid=16496
#
# JRE version: OpenJDK Runtime Environment Temurin-21.0.8+9 (21.0.8+9) (build 21.0.8+9-LTS)
# Java VM: OpenJDK 64-Bit Server VM Temurin-21.0.8+9 (21.0.8+9-LTS, mixed mode, sharing, tiered, compressed oops, compressed class ptrs, parallel gc, windows-amd64)
# No core dump will be written. Minidumps are not enabled by default on client versions of Windows
#

---------------  S U M M A R Y ------------

Command Line: --add-modules=ALL-SYSTEM --add-opens=java.base/java.util=ALL-UNNAMED --add-opens=java.base/java.lang=ALL-UNNAMED --add-opens=java.base/sun.nio.fs=ALL-UNNAMED -Declipse.application=org.eclipse.jdt.ls.core.id1 -Dosgi.bundles.defaultStartLevel=4 -Declipse.product=org.eclipse.jdt.ls.core.product -Djava.import.generatesMetadataFilesAtProjectRoot=false -DDetectVMInstallationsJob.disabled=true -Dfile.encoding=utf8 -XX:+UseParallelGC -XX:GCTimeRatio=4 -XX:AdaptiveSizePolicyWeight=90 -Dsun.zip.disableMemoryMapping=true -Xmx2G -Xms100m -Xlog:disable -javaagent:c:\Users\Fernanda Jama\.trae\extensions\redhat.java-1.44.0-win32-x64\lombok\lombok-1.18.39-4050.jar -XX:+HeapDumpOnOutOfMemoryError -XX:HeapDumpPath=c:\Users\Fernanda Jama\AppData\Roaming\Trae\User\workspaceStorage\15c722b02b3b73826bcb58a08aa3cd52\redhat.java -Daether.dependencyCollector.impl=bf c:\Users\Fernanda Jama\.trae\extensions\redhat.java-1.44.0-win32-x64\server\plugins\org.eclipse.equinox.launcher_1.7.0.v20250519-0528.jar -configuration c:\Users\Fernanda Jama\AppData\Roaming\Trae\User\globalStorage\redhat.java\1.44.0\config_win -data c:\Users\Fernanda Jama\AppData\Roaming\Trae\User\workspaceStorage\15c722b02b3b73826bcb58a08aa3cd52\redhat.java\jdt_ws --pipe=\\.\pipe\lsp-f6f56def979cfb19b05977160f004e8b-sock

Host: 11th Gen Intel(R) Core(TM) i7-1165G7 @ 2.80GHz, 8 cores, 39G,  Windows 11 , 64 bit Build 26100 (10.0.26100.4768)
Time: Thu Aug 14 20:15:28 2025 Hora est. Pacífico, Sudamérica elapsed time: 21493.699418 seconds (0d 5h 58m 13s)

---------------  T H R E A D  ---------------

Current thread (0x000002149bb19ee0):  JavaThread "Attach Listener" daemon [_thread_in_vm, id=16496, stack(0x0000005894700000,0x0000005894800000) (1024K)]

Stack: [0x0000005894700000,0x0000005894800000]
Native frames: (J=compiled Java code, j=interpreted, Vv=VM code, C=native code)
V  [jvm.dll+0x6d2449]
V  [jvm.dll+0x8ae341]
V  [jvm.dll+0x8b08be]
V  [jvm.dll+0x8b0fa3]
V  [jvm.dll+0x280c96]
V  [jvm.dll+0xc0347]
V  [jvm.dll+0x6d2cf9]
V  [jvm.dll+0x131116]
V  [jvm.dll+0x3f2d16]
V  [jvm.dll+0x857e6b]
V  [jvm.dll+0x6d0b0d]
C  [ucrtbase.dll+0x37b0]
C  [KERNEL32.DLL+0x2e8d7]
C  [ntdll.dll+0x3c34c]


---------------  P R O C E S S  ---------------

Threads class SMR info:
_java_thread_list=0x00000214e6ecd130, length=50, elements={
0x00000214850b3e70, 0x000002148516b2a0, 0x000002149bb14af0, 0x000002149bb19290,
0x000002149bb19ee0, 0x000002149bb1d950, 0x000002149bb1e3a0, 0x000002149bb1f1d0,
0x000002149bb41fa0, 0x00000214de4f0900, 0x00000214de6b6fb0, 0x00000214e37d0cf0,
0x00000214e335d860, 0x00000214e373f130, 0x00000214e37379e0, 0x00000214e3cc7da0,
0x00000214e3c6a270, 0x00000214e3c68ec0, 0x00000214e3c6a900, 0x00000214e3c67b10,
0x00000214e662a620, 0x00000214e662acb0, 0x00000214e6627ec0, 0x00000214e662b340,
0x00000214e6629270, 0x00000214e662b9d0, 0x00000214e6628550, 0x00000214e6628be0,
0x00000214e6629900, 0x00000214e662cd80, 0x00000214e6629f90, 0x00000214e662d410,
0x00000214e662daa0, 0x00000214e79b92d0, 0x00000214e79bf540, 0x00000214e79bc750,
0x00000214e79beeb0, 0x00000214e79bd470, 0x00000214e79bdb00, 0x00000214e662e7c0,
0x00000214e649bbd0, 0x00000214e649e330, 0x00000214e649e9c0, 0x00000214e649f050,
0x00000214e649f6e0, 0x00000214e649c260, 0x00000214e64a31f0, 0x00000214e64a24d0,
0x00000214e64a0400, 0x00000214e649cf80
}

Java Threads: ( => current thread )
  0x00000214850b3e70 JavaThread "main"                              [_thread_blocked, id=17028, stack(0x0000005894000000,0x0000005894100000) (1024K)]
  0x000002148516b2a0 JavaThread "Reference Handler"          daemon [_thread_blocked, id=11968, stack(0x0000005894400000,0x0000005894500000) (1024K)]
  0x000002149bb14af0 JavaThread "Finalizer"                  daemon [_thread_blocked, id=14888, stack(0x0000005894500000,0x0000005894600000) (1024K)]
  0x000002149bb19290 JavaThread "Signal Dispatcher"          daemon [_thread_blocked, id=16188, stack(0x0000005894600000,0x0000005894700000) (1024K)]
=>0x000002149bb19ee0 JavaThread "Attach Listener"            daemon [_thread_in_vm, id=16496, stack(0x0000005894700000,0x0000005894800000) (1024K)]
  0x000002149bb1d950 JavaThread "Service Thread"             daemon [_thread_blocked, id=16372, stack(0x0000005894800000,0x0000005894900000) (1024K)]
  0x000002149bb1e3a0 JavaThread "Monitor Deflation Thread"   daemon [_thread_blocked, id=5816, stack(0x0000005894900000,0x0000005894a00000) (1024K)]
  0x000002149bb1f1d0 JavaThread "C2 CompilerThread0"         daemon [_thread_blocked, id=5836, stack(0x0000005894a00000,0x0000005894b00000) (1024K)]
  0x000002149bb41fa0 JavaThread "C1 CompilerThread0"         daemon [_thread_blocked, id=16980, stack(0x0000005894b00000,0x0000005894c00000) (1024K)]
  0x00000214de4f0900 JavaThread "Common-Cleaner"             daemon [_thread_blocked, id=10792, stack(0x0000005894c00000,0x0000005894d00000) (1024K)]
  0x00000214de6b6fb0 JavaThread "Notification Thread"        daemon [_thread_blocked, id=18360, stack(0x0000005894d00000,0x0000005894e00000) (1024K)]
  0x00000214e37d0cf0 JavaThread "Active Thread: Equinox Container: 364db27e-60b6-4f55-af0b-28696c01b52d"        [_thread_blocked, id=17484, stack(0x0000005895600000,0x0000005895700000) (1024K)]
  0x00000214e335d860 JavaThread "Refresh Thread: Equinox Container: 364db27e-60b6-4f55-af0b-28696c01b52d" daemon [_thread_blocked, id=18152, stack(0x0000005895800000,0x0000005895900000) (1024K)]
  0x00000214e373f130 JavaThread "Framework Event Dispatcher: Equinox Container: 364db27e-60b6-4f55-af0b-28696c01b52d" daemon [_thread_blocked, id=17964, stack(0x0000005895900000,0x0000005895a00000) (1024K)]
  0x00000214e37379e0 JavaThread "Start Level: Equinox Container: 364db27e-60b6-4f55-af0b-28696c01b52d" daemon [_thread_blocked, id=18064, stack(0x0000005895a00000,0x0000005895b00000) (1024K)]
  0x00000214e3cc7da0 JavaThread "Bundle File Closer"         daemon [_thread_blocked, id=4116, stack(0x0000005895500000,0x0000005895600000) (1024K)]
  0x00000214e3c6a270 JavaThread "SCR Component Actor"        daemon [_thread_blocked, id=18180, stack(0x0000005895400000,0x0000005895500000) (1024K)]
  0x00000214e3c68ec0 JavaThread "Worker-JM"                         [_thread_blocked, id=4192, stack(0x0000005895d00000,0x0000005895e00000) (1024K)]
  0x00000214e3c6a900 JavaThread "JNA Cleaner"                daemon [_thread_blocked, id=15904, stack(0x0000005895e00000,0x0000005895f00000) (1024K)]
  0x00000214e3c67b10 JavaThread "Java indexing"              daemon [_thread_blocked, id=17740, stack(0x0000005896300000,0x0000005896400000) (1024K)]
  0x00000214e662a620 JavaThread "Thread-2"                   daemon [_thread_in_native, id=7576, stack(0x0000005896800000,0x0000005896900000) (1024K)]
  0x00000214e662acb0 JavaThread "Thread-3"                   daemon [_thread_in_native, id=17472, stack(0x0000005896900000,0x0000005896a00000) (1024K)]
  0x00000214e6627ec0 JavaThread "Thread-4"                   daemon [_thread_in_native, id=16292, stack(0x0000005896a00000,0x0000005896b00000) (1024K)]
  0x00000214e662b340 JavaThread "Thread-5"                   daemon [_thread_in_native, id=9500, stack(0x0000005896b00000,0x0000005896c00000) (1024K)]
  0x00000214e6629270 JavaThread "Thread-6"                   daemon [_thread_in_native, id=17704, stack(0x0000005896c00000,0x0000005896d00000) (1024K)]
  0x00000214e662b9d0 JavaThread "Thread-7"                   daemon [_thread_in_native, id=14596, stack(0x0000005896d00000,0x0000005896e00000) (1024K)]
  0x00000214e6628550 JavaThread "Thread-8"                   daemon [_thread_in_native, id=17376, stack(0x0000005896e00000,0x0000005896f00000) (1024K)]
  0x00000214e6628be0 JavaThread "Thread-9"                   daemon [_thread_in_native, id=14548, stack(0x0000005896f00000,0x0000005897000000) (1024K)]
  0x00000214e6629900 JavaThread "Thread-10"                  daemon [_thread_in_native, id=11772, stack(0x0000005897000000,0x0000005897100000) (1024K)]
  0x00000214e662cd80 JavaThread "pool-2-thread-1"                   [_thread_blocked, id=3240, stack(0x0000005897100000,0x0000005897200000) (1024K)]
  0x00000214e6629f90 JavaThread "WorkspaceEventsHandler"            [_thread_blocked, id=17384, stack(0x0000005897200000,0x0000005897300000) (1024K)]
  0x00000214e662d410 JavaThread "pool-1-thread-1"                   [_thread_blocked, id=17132, stack(0x0000005897300000,0x0000005897400000) (1024K)]
  0x00000214e662daa0 JavaThread "Worker-5"                          [_thread_blocked, id=10888, stack(0x0000005897400000,0x0000005897500000) (1024K)]
  0x00000214e79b92d0 JavaThread "Cleaner-0"                  daemon [_thread_blocked, id=15384, stack(0x0000005898e00000,0x0000005898f00000) (1024K)]
  0x00000214e79bf540 JavaThread "Java Debug Server"          daemon [_thread_in_native, id=9184, stack(0x0000005896100000,0x0000005896200000) (1024K)]
  0x00000214e79bc750 JavaThread "pool-18-thread-1"                  [_thread_in_native, id=9072, stack(0x0000005898200000,0x0000005898300000) (1024K)]
  0x00000214e79beeb0 JavaThread "RxSchedulerPurge-1"         daemon [_thread_blocked, id=9020, stack(0x0000005898c00000,0x0000005898d00000) (1024K)]
  0x00000214e79bd470 JavaThread "RxCachedWorkerPoolEvictor-1" daemon [_thread_blocked, id=18272, stack(0x0000005898d00000,0x0000005898e00000) (1024K)]
  0x00000214e79bdb00 JavaThread "RxNewThreadScheduler-1"     daemon [_thread_blocked, id=16868, stack(0x0000005899100000,0x0000005899200000) (1024K)]
  0x00000214e662e7c0 JavaThread "process reaper (pid 13944)" daemon [_thread_in_native, id=14264, stack(0x00000058939a0000,0x00000058939c0000) (128K)]
  0x00000214e649bbd0 JavaThread "pool-18-thread-2"                  [_thread_in_native, id=20168, stack(0x0000005896000000,0x0000005896100000) (1024K)]
  0x00000214e649e330 JavaThread "RxNewThreadScheduler-3"     daemon [_thread_blocked, id=6988, stack(0x0000005896400000,0x0000005896500000) (1024K)]
  0x00000214e649e9c0 JavaThread "process reaper (pid 2908)"  daemon [_thread_in_native, id=19812, stack(0x00000058939c0000,0x00000058939e0000) (128K)]
  0x00000214e649f050 JavaThread "pool-18-thread-3"                  [_thread_in_native, id=19888, stack(0x0000005896700000,0x0000005896800000) (1024K)]
  0x00000214e649f6e0 JavaThread "RxNewThreadScheduler-5"     daemon [_thread_blocked, id=22396, stack(0x0000005897500000,0x0000005897600000) (1024K)]
  0x00000214e649c260 JavaThread "process reaper (pid 23444)" daemon [_thread_in_native, id=24868, stack(0x00000058939e0000,0x0000005893a00000) (128K)]
  0x00000214e64a31f0 JavaThread "pool-18-thread-4"                  [_thread_in_native, id=24236, stack(0x0000005897700000,0x0000005897800000) (1024K)]
  0x00000214e64a24d0 JavaThread "RxNewThreadScheduler-7"     daemon [_thread_blocked, id=20704, stack(0x0000005897800000,0x0000005897900000) (1024K)]
  0x00000214e64a0400 JavaThread "process reaper (pid 21016)" daemon [_thread_in_native, id=23812, stack(0x0000005897900000,0x0000005897920000) (128K)]
  0x00000214e649cf80 JavaThread "Worker-11"                         [_thread_blocked, id=8636, stack(0x0000005893e00000,0x0000005893f00000) (1024K)]
Total: 50

Other Threads:
  0x000002149bb12490 VMThread "VM Thread"                           [id=17860, stack(0x0000005894300000,0x0000005894400000) (1024K)]
  0x00000214851207f0 WatcherThread "VM Periodic Task Thread"        [id=11816, stack(0x0000005894200000,0x0000005894300000) (1024K)]
  0x00000214850d3810 WorkerThread "GC Thread#0"                     [id=17680, stack(0x0000005894100000,0x0000005894200000) (1024K)]
  0x00000214e31b6390 WorkerThread "GC Thread#1"                     [id=17820, stack(0x0000005894e00000,0x0000005894f00000) (1024K)]
  0x00000214e3375720 WorkerThread "GC Thread#2"                     [id=17928, stack(0x0000005894f00000,0x0000005895000000) (1024K)]
  0x00000214e3375ac0 WorkerThread "GC Thread#3"                     [id=17540, stack(0x0000005895000000,0x0000005895100000) (1024K)]
  0x00000214e3375e60 WorkerThread "GC Thread#4"                     [id=17056, stack(0x0000005895100000,0x0000005895200000) (1024K)]
  0x00000214e3376200 WorkerThread "GC Thread#5"                     [id=8084, stack(0x0000005895200000,0x0000005895300000) (1024K)]
  0x00000214e33765a0 WorkerThread "GC Thread#6"                     [id=16180, stack(0x0000005895300000,0x0000005895400000) (1024K)]
  0x00000214e38142c0 WorkerThread "GC Thread#7"                     [id=6748, stack(0x0000005895700000,0x0000005895800000) (1024K)]
Total: 10

Threads with active compile tasks:
Total: 0

VM state: not at safepoint (normal execution)

VM Mutex/Monitor currently owned by a thread: None

Heap address: 0x0000000080000000, size: 2048 MB, Compressed Oops mode: 32-bit

CDS archive(s) mapped at: [0x000002149c000000-0x000002149cba0000-0x000002149cba0000), size 12189696, SharedBaseAddress: 0x000002149c000000, ArchiveRelocationMode: 1.
Compressed class space mapped at: 0x000002149d000000-0x00000214dd000000, reserved size: 1073741824
Narrow klass base: 0x000002149c000000, Narrow klass shift: 0, Narrow klass range: 0x100000000

GC Precious Log:
 CardTable entry size: 512
 CPUs: 8 total, 8 available
 Memory: 40743M
 Large Page Support: Disabled
 NUMA Support: Disabled
 Compressed Oops: Enabled (32-bit)
 Alignments: Space 512K, Generation 512K, Heap 2M
 Heap Min Capacity: 100M
 Heap Initial Capacity: 100M
 Heap Max Capacity: 2G
 Pre-touch: Disabled
 Parallel Workers: 8

Heap:
 PSYoungGen      total 3072K, used 2620K [0x00000000d5580000, 0x00000000d5a00000, 0x0000000100000000)
  eden space 2560K, 96% used [0x00000000d5580000,0x00000000d57e7220,0x00000000d5800000)
  from space 512K, 31% used [0x00000000d5800000,0x00000000d5828000,0x00000000d5880000)
  to   space 512K, 0% used [0x00000000d5980000,0x00000000d5980000,0x00000000d5a00000)
 ParOldGen       total 916992K, used 289562K [0x0000000080000000, 0x00000000b7f80000, 0x00000000d5580000)
  object space 916992K, 31% used [0x0000000080000000,0x0000000091ac6b58,0x00000000b7f80000)
 Metaspace       used 85175K, committed 87040K, reserved 1179648K
  class space    used 8525K, committed 9472K, reserved 1048576K

Card table byte_map: [0x0000021484a50000,0x0000021484e60000] _byte_map_base: 0x0000021484650000

Marking Bits: (ParMarkBitMap*) 0x00007ffdb639a340
 Begin Bits: [0x0000021497550000, 0x0000021499550000)
 End Bits:   [0x0000021499550000, 0x000002149b550000)

Polling page: 0x0000021482f30000

Metaspace:

Usage:
  Non-class:     74.85 MB used.
      Class:      8.33 MB used.
       Both:     83.18 MB used.

Virtual space:
  Non-class space:      128.00 MB reserved,      75.75 MB ( 59%) committed,  2 nodes.
      Class space:        1.00 GB reserved,       9.25 MB ( <1%) committed,  1 nodes.
             Both:        1.12 GB reserved,      85.00 MB (  7%) committed. 

Chunk freelists:
   Non-Class:  3.42 MB
       Class:  6.91 MB
        Both:  10.33 MB

MaxMetaspaceSize: unlimited
CompressedClassSpaceSize: 1.00 GB
Initial GC threshold: 21.00 MB
Current GC threshold: 141.06 MB
CDS: on
 - commit_granule_bytes: 65536.
 - commit_granule_words: 8192.
 - virtual_space_node_default_size: 8388608.
 - enlarge_chunks_in_place: 1.
 - use_allocation_guard: 0.


Internal statistics:

num_allocs_failed_limit: 9.
num_arena_births: 1756.
num_arena_deaths: 512.
num_vsnodes_births: 3.
num_vsnodes_deaths: 0.
num_space_committed: 1360.
num_space_uncommitted: 0.
num_chunks_returned_to_freelist: 624.
num_chunks_taken_from_freelist: 6093.
num_chunk_merges: 192.
num_chunk_splits: 3620.
num_chunks_enlarged: 2054.
num_inconsistent_stats: 0.

CodeHeap 'non-profiled nmethods': size=120000Kb used=22506Kb max_used=24581Kb free=97493Kb
 bounds [0x000002148fd70000, 0x0000021491580000, 0x00000214972a0000]
CodeHeap 'profiled nmethods': size=120000Kb used=42750Kb max_used=49971Kb free=77249Kb
 bounds [0x00000214882a0000, 0x000002148b370000, 0x000002148f7d0000]
CodeHeap 'non-nmethods': size=5760Kb used=1513Kb max_used=1614Kb free=4246Kb
 bounds [0x000002148f7d0000, 0x000002148fa40000, 0x000002148fd70000]
CodeCache: size=245760Kb, used=66769Kb, max_used=76166Kb, free=178988Kb
 total_blobs=19122, nmethods=18293, adapters=732, full_count=0
Compilation: enabled, stopped_count=0, restarted_count=0

Compilation events (20 events):
Event: 12906.259 Thread 0x000002149bb1f1d0 23201       4       sun.security.provider.HashDrbg::addBytes (130 bytes)
Event: 12906.264 Thread 0x000002149bb41fa0 23202       3       org.eclipse.core.internal.resources.MarkerSet::shareStrings (57 bytes)
Event: 12906.301 Thread 0x000002149bb41fa0 nmethod 23202 0x00000214890e9290 code [0x00000214890e9460, 0x00000214890e99d0]
Event: 12906.307 Thread 0x000002149bb1f1d0 nmethod 23201 0x000002148ff0f510 code [0x000002148ff0f6a0, 0x000002148ff0fa60]
Event: 13003.032 Thread 0x000002149bb1f1d0 23203   !   4       java.util.concurrent.locks.AbstractQueuedSynchronizer$ConditionObject::newConditionNode (78 bytes)
Event: 13003.065 Thread 0x000002149bb1f1d0 nmethod 23203 0x000002148fe5c190 code [0x000002148fe5c380, 0x000002148fe5c750]
Event: 14903.079 Thread 0x000002149bb1f1d0 23204       4       java.util.concurrent.locks.AbstractQueuedSynchronizer$ConditionObject::enableWait (84 bytes)
Event: 14903.119 Thread 0x000002149bb1f1d0 nmethod 23204 0x000002149075ad10 code [0x000002149075aee0, 0x000002149075b1e0]
Event: 15472.802 Thread 0x000002149bb41fa0 23205       3       io.reactivex.internal.schedulers.IoScheduler$CachedWorkerPool::run (5 bytes)
Event: 15472.809 Thread 0x000002149bb41fa0 nmethod 23205 0x00000214888e9890 code [0x00000214888e9a40, 0x00000214888e9b78]
Event: 15472.809 Thread 0x000002149bb41fa0 23206       3       io.reactivex.internal.schedulers.IoScheduler$CachedWorkerPool::evictExpiredWorkers (79 bytes)
Event: 15472.888 Thread 0x000002149bb41fa0 nmethod 23206 0x0000021489769e10 code [0x000002148976a0a0, 0x000002148976ab60]
Event: 15606.474 Thread 0x000002149bb1f1d0 23207       4       java.lang.Long::formatUnsignedLong0 (47 bytes)
Event: 15607.134 Thread 0x000002149bb1f1d0 nmethod 23207 0x000002149067e310 code [0x000002149067e4a0, 0x000002149067e758]
Event: 18404.587 Thread 0x000002149bb1f1d0 23208       4       java.util.concurrent.locks.AbstractQueuedSynchronizer$ConditionObject::unlinkCancelledWaiters (91 bytes)
Event: 18404.601 Thread 0x000002149bb1f1d0 nmethod 23208 0x0000021490744090 code [0x0000021490744220, 0x0000021490744370]
Event: 20466.637 Thread 0x000002149bb1f1d0 23209       4       org.eclipse.core.internal.jobs.JobManager::lifeTimeInMs (19 bytes)
Event: 20466.659 Thread 0x000002149bb1f1d0 nmethod 23209 0x00000214909ba590 code [0x00000214909ba720, 0x00000214909ba7f0]
Event: 20466.659 Thread 0x000002149bb1f1d0 23210       4       java.util.concurrent.atomic.AtomicLong::updateAndGet (59 bytes)
Event: 20466.680 Thread 0x000002149bb1f1d0 nmethod 23210 0x0000021490acaf90 code [0x0000021490acb120, 0x0000021490acb2a0]

GC Heap History (20 events):
Event: 6682.072 GC heap before
{Heap before GC invocations=3371 (full 5):
 PSYoungGen      total 4096K, used 4064K [0x00000000d5580000, 0x00000000d5b00000, 0x0000000100000000)
  eden space 3584K, 100% used [0x00000000d5580000,0x00000000d5900000,0x00000000d5900000)
  from space 512K, 93% used [0x00000000d5980000,0x00000000d59f8000,0x00000000d5a00000)
  to   space 1024K, 0% used [0x00000000d5a00000,0x00000000d5a00000,0x00000000d5b00000)
 ParOldGen       total 916992K, used 286841K [0x0000000080000000, 0x00000000b7f80000, 0x00000000d5580000)
  object space 916992K, 31% used [0x0000000080000000,0x000000009181e5d8,0x00000000b7f80000)
 Metaspace       used 85097K, committed 87040K, reserved 1179648K
  class space    used 8523K, committed 9472K, reserved 1048576K
}
Event: 6682.074 GC heap after
{Heap after GC invocations=3371 (full 5):
 PSYoungGen      total 4096K, used 384K [0x00000000d5580000, 0x00000000d5a80000, 0x0000000100000000)
  eden space 3584K, 0% used [0x00000000d5580000,0x00000000d5580000,0x00000000d5900000)
  from space 512K, 75% used [0x00000000d5a00000,0x00000000d5a60000,0x00000000d5a80000)
  to   space 512K, 0% used [0x00000000d5980000,0x00000000d5980000,0x00000000d5a00000)
 ParOldGen       total 916992K, used 287169K [0x0000000080000000, 0x00000000b7f80000, 0x00000000d5580000)
  object space 916992K, 31% used [0x0000000080000000,0x00000000918705f8,0x00000000b7f80000)
 Metaspace       used 85097K, committed 87040K, reserved 1179648K
  class space    used 8523K, committed 9472K, reserved 1048576K
}
Event: 6682.088 GC heap before
{Heap before GC invocations=3372 (full 5):
 PSYoungGen      total 4096K, used 3968K [0x00000000d5580000, 0x00000000d5a80000, 0x0000000100000000)
  eden space 3584K, 100% used [0x00000000d5580000,0x00000000d5900000,0x00000000d5900000)
  from space 512K, 75% used [0x00000000d5a00000,0x00000000d5a60000,0x00000000d5a80000)
  to   space 512K, 0% used [0x00000000d5980000,0x00000000d5980000,0x00000000d5a00000)
 ParOldGen       total 916992K, used 287169K [0x0000000080000000, 0x00000000b7f80000, 0x00000000d5580000)
  object space 916992K, 31% used [0x0000000080000000,0x00000000918705f8,0x00000000b7f80000)
 Metaspace       used 85097K, committed 87040K, reserved 1179648K
  class space    used 8523K, committed 9472K, reserved 1048576K
}
Event: 6682.090 GC heap after
{Heap after GC invocations=3372 (full 5):
 PSYoungGen      total 4096K, used 501K [0x00000000d5580000, 0x00000000d5b00000, 0x0000000100000000)
  eden space 3584K, 0% used [0x00000000d5580000,0x00000000d5580000,0x00000000d5900000)
  from space 512K, 97% used [0x00000000d5980000,0x00000000d59fd528,0x00000000d5a00000)
  to   space 1024K, 0% used [0x00000000d5a00000,0x00000000d5a00000,0x00000000d5b00000)
 ParOldGen       total 916992K, used 287577K [0x0000000080000000, 0x00000000b7f80000, 0x00000000d5580000)
  object space 916992K, 31% used [0x0000000080000000,0x00000000918d6608,0x00000000b7f80000)
 Metaspace       used 85097K, committed 87040K, reserved 1179648K
  class space    used 8523K, committed 9472K, reserved 1048576K
}
Event: 6682.118 GC heap before
{Heap before GC invocations=3373 (full 5):
 PSYoungGen      total 4096K, used 4085K [0x00000000d5580000, 0x00000000d5b00000, 0x0000000100000000)
  eden space 3584K, 100% used [0x00000000d5580000,0x00000000d5900000,0x00000000d5900000)
  from space 512K, 97% used [0x00000000d5980000,0x00000000d59fd528,0x00000000d5a00000)
  to   space 1024K, 0% used [0x00000000d5a00000,0x00000000d5a00000,0x00000000d5b00000)
 ParOldGen       total 916992K, used 287577K [0x0000000080000000, 0x00000000b7f80000, 0x00000000d5580000)
  object space 916992K, 31% used [0x0000000080000000,0x00000000918d6608,0x00000000b7f80000)
 Metaspace       used 85125K, committed 87040K, reserved 1179648K
  class space    used 8523K, committed 9472K, reserved 1048576K
}
Event: 6682.120 GC heap after
{Heap after GC invocations=3373 (full 5):
 PSYoungGen      total 3584K, used 1015K [0x00000000d5580000, 0x00000000d5d00000, 0x0000000100000000)
  eden space 2560K, 0% used [0x00000000d5580000,0x00000000d5580000,0x00000000d5800000)
  from space 1024K, 99% used [0x00000000d5a00000,0x00000000d5afddd0,0x00000000d5b00000)
  to   space 2048K, 0% used [0x00000000d5800000,0x00000000d5800000,0x00000000d5a00000)
 ParOldGen       total 916992K, used 288150K [0x0000000080000000, 0x00000000b7f80000, 0x00000000d5580000)
  object space 916992K, 31% used [0x0000000080000000,0x0000000091965b50,0x00000000b7f80000)
 Metaspace       used 85125K, committed 87040K, reserved 1179648K
  class space    used 8523K, committed 9472K, reserved 1048576K
}
Event: 6682.136 GC heap before
{Heap before GC invocations=3374 (full 5):
 PSYoungGen      total 3584K, used 3575K [0x00000000d5580000, 0x00000000d5d00000, 0x0000000100000000)
  eden space 2560K, 100% used [0x00000000d5580000,0x00000000d5800000,0x00000000d5800000)
  from space 1024K, 99% used [0x00000000d5a00000,0x00000000d5afddd0,0x00000000d5b00000)
  to   space 2048K, 0% used [0x00000000d5800000,0x00000000d5800000,0x00000000d5a00000)
 ParOldGen       total 916992K, used 288150K [0x0000000080000000, 0x00000000b7f80000, 0x00000000d5580000)
  object space 916992K, 31% used [0x0000000080000000,0x0000000091965b50,0x00000000b7f80000)
 Metaspace       used 85127K, committed 87040K, reserved 1179648K
  class space    used 8523K, committed 9472K, reserved 1048576K
}
Event: 6682.139 GC heap after
{Heap after GC invocations=3374 (full 5):
 PSYoungGen      total 3072K, used 342K [0x00000000d5580000, 0x00000000d5a80000, 0x0000000100000000)
  eden space 2560K, 0% used [0x00000000d5580000,0x00000000d5580000,0x00000000d5800000)
  from space 512K, 66% used [0x00000000d5800000,0x00000000d5855888,0x00000000d5880000)
  to   space 1024K, 0% used [0x00000000d5980000,0x00000000d5980000,0x00000000d5a80000)
 ParOldGen       total 916992K, used 289120K [0x0000000080000000, 0x00000000b7f80000, 0x00000000d5580000)
  object space 916992K, 31% used [0x0000000080000000,0x0000000091a58050,0x00000000b7f80000)
 Metaspace       used 85127K, committed 87040K, reserved 1179648K
  class space    used 8523K, committed 9472K, reserved 1048576K
}
Event: 6682.152 GC heap before
{Heap before GC invocations=3375 (full 5):
 PSYoungGen      total 3072K, used 2902K [0x00000000d5580000, 0x00000000d5a80000, 0x0000000100000000)
  eden space 2560K, 100% used [0x00000000d5580000,0x00000000d5800000,0x00000000d5800000)
  from space 512K, 66% used [0x00000000d5800000,0x00000000d5855888,0x00000000d5880000)
  to   space 1024K, 0% used [0x00000000d5980000,0x00000000d5980000,0x00000000d5a80000)
 ParOldGen       total 916992K, used 289120K [0x0000000080000000, 0x00000000b7f80000, 0x00000000d5580000)
  object space 916992K, 31% used [0x0000000080000000,0x0000000091a58050,0x00000000b7f80000)
 Metaspace       used 85130K, committed 87040K, reserved 1179648K
  class space    used 8523K, committed 9472K, reserved 1048576K
}
Event: 6682.155 GC heap after
{Heap after GC invocations=3375 (full 5):
 PSYoungGen      total 3072K, used 224K [0x00000000d5580000, 0x00000000d5a00000, 0x0000000100000000)
  eden space 2560K, 0% used [0x00000000d5580000,0x00000000d5580000,0x00000000d5800000)
  from space 512K, 43% used [0x00000000d5980000,0x00000000d59b8000,0x00000000d5a00000)
  to   space 512K, 0% used [0x00000000d5800000,0x00000000d5800000,0x00000000d5880000)
 ParOldGen       total 916992K, used 289346K [0x0000000080000000, 0x00000000b7f80000, 0x00000000d5580000)
  object space 916992K, 31% used [0x0000000080000000,0x0000000091a90b58,0x00000000b7f80000)
 Metaspace       used 85130K, committed 87040K, reserved 1179648K
  class space    used 8523K, committed 9472K, reserved 1048576K
}
Event: 6682.167 GC heap before
{Heap before GC invocations=3376 (full 5):
 PSYoungGen      total 3072K, used 2784K [0x00000000d5580000, 0x00000000d5a00000, 0x0000000100000000)
  eden space 2560K, 100% used [0x00000000d5580000,0x00000000d5800000,0x00000000d5800000)
  from space 512K, 43% used [0x00000000d5980000,0x00000000d59b8000,0x00000000d5a00000)
  to   space 512K, 0% used [0x00000000d5800000,0x00000000d5800000,0x00000000d5880000)
 ParOldGen       total 916992K, used 289346K [0x0000000080000000, 0x00000000b7f80000, 0x00000000d5580000)
  object space 916992K, 31% used [0x0000000080000000,0x0000000091a90b58,0x00000000b7f80000)
 Metaspace       used 85131K, committed 87040K, reserved 1179648K
  class space    used 8523K, committed 9472K, reserved 1048576K
}
Event: 6682.168 GC heap after
{Heap after GC invocations=3376 (full 5):
 PSYoungGen      total 3072K, used 192K [0x00000000d5580000, 0x00000000d5a00000, 0x0000000100000000)
  eden space 2560K, 0% used [0x00000000d5580000,0x00000000d5580000,0x00000000d5800000)
  from space 512K, 37% used [0x00000000d5800000,0x00000000d5830000,0x00000000d5880000)
  to   space 512K, 0% used [0x00000000d5980000,0x00000000d5980000,0x00000000d5a00000)
 ParOldGen       total 916992K, used 289402K [0x0000000080000000, 0x00000000b7f80000, 0x00000000d5580000)
  object space 916992K, 31% used [0x0000000080000000,0x0000000091a9eb58,0x00000000b7f80000)
 Metaspace       used 85131K, committed 87040K, reserved 1179648K
  class space    used 8523K, committed 9472K, reserved 1048576K
}
Event: 6682.181 GC heap before
{Heap before GC invocations=3377 (full 5):
 PSYoungGen      total 3072K, used 2752K [0x00000000d5580000, 0x00000000d5a00000, 0x0000000100000000)
  eden space 2560K, 100% used [0x00000000d5580000,0x00000000d5800000,0x00000000d5800000)
  from space 512K, 37% used [0x00000000d5800000,0x00000000d5830000,0x00000000d5880000)
  to   space 512K, 0% used [0x00000000d5980000,0x00000000d5980000,0x00000000d5a00000)
 ParOldGen       total 916992K, used 289402K [0x0000000080000000, 0x00000000b7f80000, 0x00000000d5580000)
  object space 916992K, 31% used [0x0000000080000000,0x0000000091a9eb58,0x00000000b7f80000)
 Metaspace       used 85133K, committed 87040K, reserved 1179648K
  class space    used 8523K, committed 9472K, reserved 1048576K
}
Event: 6682.182 GC heap after
{Heap after GC invocations=3377 (full 5):
 PSYoungGen      total 3072K, used 128K [0x00000000d5580000, 0x00000000d5a00000, 0x0000000100000000)
  eden space 2560K, 0% used [0x00000000d5580000,0x00000000d5580000,0x00000000d5800000)
  from space 512K, 25% used [0x00000000d5980000,0x00000000d59a0000,0x00000000d5a00000)
  to   space 512K, 0% used [0x00000000d5800000,0x00000000d5800000,0x00000000d5880000)
 ParOldGen       total 916992K, used 289434K [0x0000000080000000, 0x00000000b7f80000, 0x00000000d5580000)
  object space 916992K, 31% used [0x0000000080000000,0x0000000091aa6b58,0x00000000b7f80000)
 Metaspace       used 85133K, committed 87040K, reserved 1179648K
  class space    used 8523K, committed 9472K, reserved 1048576K
}
Event: 6979.236 GC heap before
{Heap before GC invocations=3378 (full 5):
 PSYoungGen      total 3072K, used 2687K [0x00000000d5580000, 0x00000000d5a00000, 0x0000000100000000)
  eden space 2560K, 99% used [0x00000000d5580000,0x00000000d57ffff0,0x00000000d5800000)
  from space 512K, 25% used [0x00000000d5980000,0x00000000d59a0000,0x00000000d5a00000)
  to   space 512K, 0% used [0x00000000d5800000,0x00000000d5800000,0x00000000d5880000)
 ParOldGen       total 916992K, used 289434K [0x0000000080000000, 0x00000000b7f80000, 0x00000000d5580000)
  object space 916992K, 31% used [0x0000000080000000,0x0000000091aa6b58,0x00000000b7f80000)
 Metaspace       used 85147K, committed 87040K, reserved 1179648K
  class space    used 8525K, committed 9472K, reserved 1048576K
}
Event: 6979.238 GC heap after
{Heap after GC invocations=3378 (full 5):
 PSYoungGen      total 3072K, used 224K [0x00000000d5580000, 0x00000000d5a00000, 0x0000000100000000)
  eden space 2560K, 0% used [0x00000000d5580000,0x00000000d5580000,0x00000000d5800000)
  from space 512K, 43% used [0x00000000d5800000,0x00000000d5838000,0x00000000d5880000)
  to   space 512K, 0% used [0x00000000d5980000,0x00000000d5980000,0x00000000d5a00000)
 ParOldGen       total 916992K, used 289490K [0x0000000080000000, 0x00000000b7f80000, 0x00000000d5580000)
  object space 916992K, 31% used [0x0000000080000000,0x0000000091ab4b58,0x00000000b7f80000)
 Metaspace       used 85147K, committed 87040K, reserved 1179648K
  class space    used 8525K, committed 9472K, reserved 1048576K
}
Event: 10000.623 GC heap before
{Heap before GC invocations=3379 (full 5):
 PSYoungGen      total 3072K, used 2783K [0x00000000d5580000, 0x00000000d5a00000, 0x0000000100000000)
  eden space 2560K, 99% used [0x00000000d5580000,0x00000000d57ffff8,0x00000000d5800000)
  from space 512K, 43% used [0x00000000d5800000,0x00000000d5838000,0x00000000d5880000)
  to   space 512K, 0% used [0x00000000d5980000,0x00000000d5980000,0x00000000d5a00000)
 ParOldGen       total 916992K, used 289490K [0x0000000080000000, 0x00000000b7f80000, 0x00000000d5580000)
  object space 916992K, 31% used [0x0000000080000000,0x0000000091ab4b58,0x00000000b7f80000)
 Metaspace       used 85170K, committed 87040K, reserved 1179648K
  class space    used 8525K, committed 9472K, reserved 1048576K
}
Event: 10000.640 GC heap after
{Heap after GC invocations=3379 (full 5):
 PSYoungGen      total 3072K, used 256K [0x00000000d5580000, 0x00000000d5a00000, 0x0000000100000000)
  eden space 2560K, 0% used [0x00000000d5580000,0x00000000d5580000,0x00000000d5800000)
  from space 512K, 50% used [0x00000000d5980000,0x00000000d59c0000,0x00000000d5a00000)
  to   space 512K, 0% used [0x00000000d5800000,0x00000000d5800000,0x00000000d5880000)
 ParOldGen       total 916992K, used 289538K [0x0000000080000000, 0x00000000b7f80000, 0x00000000d5580000)
  object space 916992K, 31% used [0x0000000080000000,0x0000000091ac0b58,0x00000000b7f80000)
 Metaspace       used 85170K, committed 87040K, reserved 1179648K
  class space    used 8525K, committed 9472K, reserved 1048576K
}
Event: 15753.630 GC heap before
{Heap before GC invocations=3380 (full 5):
 PSYoungGen      total 3072K, used 2815K [0x00000000d5580000, 0x00000000d5a00000, 0x0000000100000000)
  eden space 2560K, 99% used [0x00000000d5580000,0x00000000d57ffff0,0x00000000d5800000)
  from space 512K, 50% used [0x00000000d5980000,0x00000000d59c0000,0x00000000d5a00000)
  to   space 512K, 0% used [0x00000000d5800000,0x00000000d5800000,0x00000000d5880000)
 ParOldGen       total 916992K, used 289538K [0x0000000080000000, 0x00000000b7f80000, 0x00000000d5580000)
  object space 916992K, 31% used [0x0000000080000000,0x0000000091ac0b58,0x00000000b7f80000)
 Metaspace       used 85175K, committed 87040K, reserved 1179648K
  class space    used 8525K, committed 9472K, reserved 1048576K
}
Event: 15753.715 GC heap after
{Heap after GC invocations=3380 (full 5):
 PSYoungGen      total 3072K, used 160K [0x00000000d5580000, 0x00000000d5a00000, 0x0000000100000000)
  eden space 2560K, 0% used [0x00000000d5580000,0x00000000d5580000,0x00000000d5800000)
  from space 512K, 31% used [0x00000000d5800000,0x00000000d5828000,0x00000000d5880000)
  to   space 512K, 0% used [0x00000000d5980000,0x00000000d5980000,0x00000000d5a00000)
 ParOldGen       total 916992K, used 289562K [0x0000000080000000, 0x00000000b7f80000, 0x00000000d5580000)
  object space 916992K, 31% used [0x0000000080000000,0x0000000091ac6b58,0x00000000b7f80000)
 Metaspace       used 85175K, committed 87040K, reserved 1179648K
  class space    used 8525K, committed 9472K, reserved 1048576K
}

Dll operation events (12 events):
Event: 0.020 Loaded shared library c:\Users\Fernanda Jama\.trae\extensions\redhat.java-1.44.0-win32-x64\jre\21.0.8-win32-x86_64\bin\java.dll
Event: 0.145 Loaded shared library c:\Users\Fernanda Jama\.trae\extensions\redhat.java-1.44.0-win32-x64\jre\21.0.8-win32-x86_64\bin\zip.dll
Event: 0.196 Loaded shared library C:\Users\Fernanda Jama\.trae\extensions\redhat.java-1.44.0-win32-x64\jre\21.0.8-win32-x86_64\bin\instrument.dll
Event: 0.268 Loaded shared library C:\Users\Fernanda Jama\.trae\extensions\redhat.java-1.44.0-win32-x64\jre\21.0.8-win32-x86_64\bin\net.dll
Event: 0.270 Loaded shared library C:\Users\Fernanda Jama\.trae\extensions\redhat.java-1.44.0-win32-x64\jre\21.0.8-win32-x86_64\bin\nio.dll
Event: 0.278 Loaded shared library C:\Users\Fernanda Jama\.trae\extensions\redhat.java-1.44.0-win32-x64\jre\21.0.8-win32-x86_64\bin\zip.dll
Event: 0.362 Loaded shared library C:\Users\Fernanda Jama\.trae\extensions\redhat.java-1.44.0-win32-x64\jre\21.0.8-win32-x86_64\bin\jimage.dll
Event: 0.719 Loaded shared library c:\Users\Fernanda Jama\.trae\extensions\redhat.java-1.44.0-win32-x64\jre\21.0.8-win32-x86_64\bin\verify.dll
Event: 2.785 Loaded shared library C:\Users\Fernanda Jama\AppData\Roaming\Trae\User\globalStorage\redhat.java\1.44.0\config_win\org.eclipse.equinox.launcher\org.eclipse.equinox.launcher.win32.win32.x86_64_1.2.1400.v20250730-1736\eclipse_11913.dll
Event: 5.810 Loaded shared library C:\Users\Fernanda Jama\AppData\Local\Temp\jna--1470441178\jna6427239316617457152.dll
Event: 91.993 Loaded shared library C:\Users\Fernanda Jama\.trae\extensions\redhat.java-1.44.0-win32-x64\jre\21.0.8-win32-x86_64\bin\sunmscapi.dll
Event: 110.301 Loaded shared library C:\Users\Fernanda Jama\.trae\extensions\redhat.java-1.44.0-win32-x64\jre\21.0.8-win32-x86_64\bin\extnet.dll

Deoptimization events (20 events):
Event: 6676.464 Thread 0x00000214e79ba680 DEOPT PACKING pc=0x0000021490772480 sp=0x0000005897b1dc00
Event: 6676.464 Thread 0x00000214e79ba680 DEOPT UNPACKING pc=0x000002148f826da2 sp=0x0000005897b1db90 mode 2
Event: 7506.213 Thread 0x00000214e662daa0 DEOPT PACKING pc=0x000002148a88894d sp=0x00000058974feb10
Event: 7506.213 Thread 0x00000214e662daa0 DEOPT UNPACKING pc=0x000002148f8278e2 sp=0x00000058974fdf70 mode 0
Event: 8406.227 Thread 0x00000214e649cf80 Uncommon trap: trap_request=0xffffffbe fr.pc=0x0000021490567d34 relative=0x0000000000000294
Event: 8406.227 Thread 0x00000214e649cf80 Uncommon trap: reason=profile_predicate action=maybe_recompile pc=0x0000021490567d34 method=sun.security.provider.HashDrbg.addBytes([BI[[B)V @ 36 c2
Event: 8406.227 Thread 0x00000214e649cf80 DEOPT PACKING pc=0x0000021490567d34 sp=0x0000005893efee00
Event: 8406.227 Thread 0x00000214e649cf80 DEOPT UNPACKING pc=0x000002148f826da2 sp=0x0000005893efed50 mode 2
Event: 8406.227 Thread 0x00000214e649cf80 Uncommon trap: trap_request=0xffffffbe fr.pc=0x0000021490567d34 relative=0x0000000000000294
Event: 8406.227 Thread 0x00000214e649cf80 Uncommon trap: reason=profile_predicate action=maybe_recompile pc=0x0000021490567d34 method=sun.security.provider.HashDrbg.addBytes([BI[[B)V @ 36 c2
Event: 8406.227 Thread 0x00000214e649cf80 DEOPT PACKING pc=0x0000021490567d34 sp=0x0000005893eff000
Event: 8406.227 Thread 0x00000214e649cf80 DEOPT UNPACKING pc=0x000002148f826da2 sp=0x0000005893efef50 mode 2
Event: 9306.232 Thread 0x00000214e662daa0 Uncommon trap: trap_request=0xffffffbe fr.pc=0x0000021490567d34 relative=0x0000000000000294
Event: 9306.232 Thread 0x00000214e662daa0 Uncommon trap: reason=profile_predicate action=maybe_recompile pc=0x0000021490567d34 method=sun.security.provider.HashDrbg.addBytes([BI[[B)V @ 36 c2
Event: 9306.232 Thread 0x00000214e662daa0 DEOPT PACKING pc=0x0000021490567d34 sp=0x00000058974fe920
Event: 9306.232 Thread 0x00000214e662daa0 DEOPT UNPACKING pc=0x000002148f826da2 sp=0x00000058974fe870 mode 2
Event: 9306.233 Thread 0x00000214e662daa0 Uncommon trap: trap_request=0xffffffbe fr.pc=0x0000021490567d34 relative=0x0000000000000294
Event: 9306.233 Thread 0x00000214e662daa0 Uncommon trap: reason=profile_predicate action=maybe_recompile pc=0x0000021490567d34 method=sun.security.provider.HashDrbg.addBytes([BI[[B)V @ 36 c2
Event: 9306.233 Thread 0x00000214e662daa0 DEOPT PACKING pc=0x0000021490567d34 sp=0x00000058974feb20
Event: 9306.233 Thread 0x00000214e662daa0 DEOPT UNPACKING pc=0x000002148f826da2 sp=0x00000058974fea70 mode 2

Classes loaded (20 events):
Event: 127.843 Loading class java/util/stream/ReduceOps$1
Event: 127.844 Loading class java/util/stream/ReduceOps$1 done
Event: 127.844 Loading class java/util/stream/ReduceOps$1ReducingSink
Event: 127.844 Loading class java/util/stream/ReduceOps$1ReducingSink done
Event: 313.398 Loading class java/util/stream/Nodes$CollectorTask$OfRef
Event: 313.399 Loading class java/util/stream/Nodes$CollectorTask
Event: 313.399 Loading class java/util/stream/Nodes$CollectorTask done
Event: 313.399 Loading class java/util/stream/Nodes$CollectorTask$OfRef done
Event: 313.417 Loading class java/util/function/LongFunction
Event: 313.417 Loading class java/util/function/LongFunction done
Event: 313.417 Loading class java/util/stream/Nodes$ConcNode
Event: 313.418 Loading class java/util/stream/Nodes$AbstractConcNode
Event: 313.418 Loading class java/util/stream/Nodes$AbstractConcNode done
Event: 313.418 Loading class java/util/stream/Nodes$ConcNode done
Event: 313.444 Loading class java/io/ObjectOutputStream$BlockDataOutputStream
Event: 313.444 Loading class java/io/ObjectOutputStream$BlockDataOutputStream done
Event: 313.444 Loading class java/io/ObjectOutputStream$HandleTable
Event: 313.445 Loading class java/io/ObjectOutputStream$HandleTable done
Event: 313.445 Loading class java/io/ObjectOutputStream$ReplaceTable
Event: 313.445 Loading class java/io/ObjectOutputStream$ReplaceTable done

Classes unloaded (20 events):
Event: 6495.403 Thread 0x000002149bb12490 Unloading class 0x000002149d014800 'java/lang/invoke/LambdaForm$MH+0x000002149d014800'
Event: 6495.403 Thread 0x000002149bb12490 Unloading class 0x000002149d00d800 'java/lang/invoke/LambdaForm$MH+0x000002149d00d800'
Event: 6495.403 Thread 0x000002149bb12490 Unloading class 0x000002149d00d400 'java/lang/invoke/LambdaForm$MH+0x000002149d00d400'
Event: 6495.403 Thread 0x000002149bb12490 Unloading class 0x000002149d00d000 'java/lang/invoke/LambdaForm$MH+0x000002149d00d000'
Event: 6495.403 Thread 0x000002149bb12490 Unloading class 0x000002149d00cc00 'java/lang/invoke/LambdaForm$MH+0x000002149d00cc00'
Event: 6495.403 Thread 0x000002149bb12490 Unloading class 0x000002149d00c800 'java/lang/invoke/LambdaForm$BMH+0x000002149d00c800'
Event: 6495.403 Thread 0x000002149bb12490 Unloading class 0x000002149d00c000 'java/lang/invoke/LambdaForm$DMH+0x000002149d00c000'
Event: 6495.403 Thread 0x000002149bb12490 Unloading class 0x000002149d008c00 'java/lang/invoke/LambdaForm$MH+0x000002149d008c00'
Event: 6495.403 Thread 0x000002149bb12490 Unloading class 0x000002149d008800 'java/lang/invoke/LambdaForm$MH+0x000002149d008800'
Event: 6495.403 Thread 0x000002149bb12490 Unloading class 0x000002149d008400 'java/lang/invoke/LambdaForm$MH+0x000002149d008400'
Event: 6495.403 Thread 0x000002149bb12490 Unloading class 0x000002149d007000 'java/lang/invoke/LambdaForm$MH+0x000002149d007000'
Event: 6495.403 Thread 0x000002149bb12490 Unloading class 0x000002149d006c00 'java/lang/invoke/LambdaForm$MH+0x000002149d006c00'
Event: 6495.403 Thread 0x000002149bb12490 Unloading class 0x000002149d006800 'java/lang/invoke/LambdaForm$MH+0x000002149d006800'
Event: 6495.403 Thread 0x000002149bb12490 Unloading class 0x000002149d006400 'java/lang/invoke/LambdaForm$MH+0x000002149d006400'
Event: 6495.403 Thread 0x000002149bb12490 Unloading class 0x000002149d005c00 'java/lang/invoke/LambdaForm$BMH+0x000002149d005c00'
Event: 6495.403 Thread 0x000002149bb12490 Unloading class 0x000002149d004800 'java/lang/invoke/LambdaForm$DMH+0x000002149d004800'
Event: 6495.403 Thread 0x000002149bb12490 Unloading class 0x000002149d002800 'java/lang/invoke/LambdaForm$MH+0x000002149d002800'
Event: 6495.403 Thread 0x000002149bb12490 Unloading class 0x000002149d002400 'java/lang/invoke/LambdaForm$MH+0x000002149d002400'
Event: 6495.403 Thread 0x000002149bb12490 Unloading class 0x000002149d002000 'java/lang/invoke/LambdaForm$MH+0x000002149d002000'
Event: 6495.403 Thread 0x000002149bb12490 Unloading class 0x000002149d001800 'java/lang/invoke/LambdaForm$MH+0x000002149d001800'

Classes redefined (0 events):
No events

Internal exceptions (20 events):
Event: 1569.192 Thread 0x00000214e649dca0 Exception <a 'sun/nio/fs/WindowsException'{0x00000000d58a53d8}> (0x00000000d58a53d8) 
thrown [s\src\hotspot\share\prims\jni.cpp, line 520]
Event: 1569.204 Thread 0x00000214e649dca0 Exception <a 'sun/nio/fs/WindowsException'{0x00000000d55b76d0}> (0x00000000d55b76d0) 
thrown [s\src\hotspot\share\prims\jni.cpp, line 520]
Event: 1569.204 Thread 0x00000214e649dca0 Exception <a 'sun/nio/fs/WindowsException'{0x00000000d55b7f98}> (0x00000000d55b7f98) 
thrown [s\src\hotspot\share\prims\jni.cpp, line 520]
Event: 1570.611 Thread 0x00000214e64a24d0 Exception <a 'sun/nio/fs/WindowsException'{0x00000000d57310a8}> (0x00000000d57310a8) 
thrown [s\src\hotspot\share\prims\jni.cpp, line 520]
Event: 1570.611 Thread 0x00000214e64a24d0 Exception <a 'sun/nio/fs/WindowsException'{0x00000000d5731730}> (0x00000000d5731730) 
thrown [s\src\hotspot\share\prims\jni.cpp, line 520]
Event: 6487.692 Thread 0x00000214e662daa0 Implicit null exception at 0x0000021491259186 to 0x00000214912593d4
Event: 6490.187 Thread 0x00000214e649dca0 Exception <a 'java/lang/NoSuchMethodError'{0x00000000d5a444d0}: 'void java.lang.invoke.DirectMethodHandle$Holder.invokeSpecial(java.lang.Object, java.lang.Object, int)'> (0x00000000d5a444d0) 
thrown [s\src\hotspot\share\interpreter\linkResolver.cpp, line 773]
Event: 6490.312 Thread 0x00000214e649dca0 Exception <a 'java/lang/NoSuchMethodError'{0x00000000d5cc0468}: 'int java.lang.invoke.DirectMethodHandle$Holder.invokeVirtual(java.lang.Object, java.lang.Object, java.lang.Object, int)'> (0x00000000d5cc0468) 
thrown [s\src\hotspot\share\interpreter\linkResolver.cpp, line 773]
Event: 6495.974 Thread 0x00000214e79b9960 Implicit null exception at 0x000002149002948e to 0x0000021490029535
Event: 6495.975 Thread 0x00000214e79b9960 Implicit null exception at 0x00000214907edd49 to 0x00000214907eee08
Event: 6670.794 Thread 0x00000214e662d410 Implicit null exception at 0x000002149122a6b5 to 0x000002149122a8bc
Event: 6670.794 Thread 0x00000214e662d410 Exception <a 'java/lang/IncompatibleClassChangeError'{0x00000000d5be0730}: Found class java.lang.Object, but interface was expected> (0x00000000d5be0730) 
thrown [s\src\hotspot\share\interpreter\linkResolver.cpp, line 840]
Event: 6670.794 Thread 0x00000214e662d410 Implicit null exception at 0x0000021490484176 to 0x0000021490486624
Event: 6670.797 Thread 0x00000214e662d410 Exception <a 'java/lang/IncompatibleClassChangeError'{0x00000000d5c0cab0}: Found class java.lang.Object, but interface was expected> (0x00000000d5c0cab0) 
thrown [s\src\hotspot\share\interpreter\linkResolver.cpp, line 840]
Event: 6670.834 Thread 0x00000214e662d410 Exception <a 'java/lang/IncompatibleClassChangeError'{0x00000000d569ffc8}: Found class java.lang.Object, but interface was expected> (0x00000000d569ffc8) 
thrown [s\src\hotspot\share\interpreter\linkResolver.cpp, line 840]
Event: 6670.834 Thread 0x00000214e662d410 Implicit null exception at 0x00000214900b92d1 to 0x00000214900b953c
Event: 6670.847 Thread 0x00000214e79ba680 Exception <a 'java/lang/NoSuchMethodError'{0x00000000d571fe40}: 'java.lang.Object java.lang.invoke.DirectMethodHandle$Holder.invokeStatic(java.lang.Object, int, int, java.lang.Object)'> (0x00000000d571fe40) 
thrown [s\src\hotspot\share\interpreter\linkResolver.cpp, line 773]
Event: 6672.421 Thread 0x00000214e79ba680 Implicit null exception at 0x00000214910feb18 to 0x00000214910ff010
Event: 6672.422 Thread 0x00000214e79ba680 Implicit null exception at 0x00000214908ba235 to 0x00000214908ba4b0
Event: 6673.587 Thread 0x00000214e79ba680 Exception <a 'sun/nio/fs/WindowsException'{0x00000000d57cef10}> (0x00000000d57cef10) 
thrown [s\src\hotspot\share\prims\jni.cpp, line 520]

ZGC Phase Switch (0 events):
No events

VM Operations (20 events):
Event: 20384.691 Executing VM operation: HandshakeAllThreads (HandshakeForDeflation)
Event: 20384.692 Executing VM operation: HandshakeAllThreads (HandshakeForDeflation) done
Event: 20384.692 Executing VM operation: RendezvousGCThreads
Event: 20384.692 Executing VM operation: RendezvousGCThreads done
Event: 20504.878 Executing VM operation: HandshakeAllThreads (HandshakeForDeflation)
Event: 20504.878 Executing VM operation: HandshakeAllThreads (HandshakeForDeflation) done
Event: 20504.878 Executing VM operation: RendezvousGCThreads
Event: 20504.878 Executing VM operation: RendezvousGCThreads done
Event: 20564.895 Executing VM operation: HandshakeAllThreads (HandshakeForDeflation)
Event: 20564.895 Executing VM operation: HandshakeAllThreads (HandshakeForDeflation) done
Event: 20564.895 Executing VM operation: RendezvousGCThreads
Event: 20564.895 Executing VM operation: RendezvousGCThreads done
Event: 20985.796 Executing VM operation: HandshakeAllThreads (HandshakeForDeflation)
Event: 20985.796 Executing VM operation: HandshakeAllThreads (HandshakeForDeflation) done
Event: 20985.796 Executing VM operation: RendezvousGCThreads
Event: 20985.796 Executing VM operation: RendezvousGCThreads done
Event: 21166.125 Executing VM operation: HandshakeAllThreads (HandshakeForDeflation)
Event: 21166.125 Executing VM operation: HandshakeAllThreads (HandshakeForDeflation) done
Event: 21166.125 Executing VM operation: RendezvousGCThreads
Event: 21166.125 Executing VM operation: RendezvousGCThreads done

Memory protections (0 events):
No events

Nmethod flushes (20 events):
Event: 6495.524 Thread 0x000002149bb12490 flushing  nmethod 0x000002148a7d6b90
Event: 6495.524 Thread 0x000002149bb12490 flushing  nmethod 0x000002148a7d9410
Event: 6495.524 Thread 0x000002149bb12490 flushing  nmethod 0x000002148a7e2110
Event: 6495.524 Thread 0x000002149bb12490 flushing  nmethod 0x000002148a7e6c90
Event: 6495.524 Thread 0x000002149bb12490 flushing  nmethod 0x000002148a7efa90
Event: 6495.524 Thread 0x000002149bb12490 flushing osr nmethod 0x000002148a806610
Event: 6495.524 Thread 0x000002149bb12490 flushing  nmethod 0x000002148a812f90
Event: 6495.524 Thread 0x000002149bb12490 flushing  nmethod 0x000002148a81cf90
Event: 6495.524 Thread 0x000002149bb12490 flushing  nmethod 0x000002148a830990
Event: 6495.524 Thread 0x000002149bb12490 flushing  nmethod 0x000002148a842890
Event: 6495.524 Thread 0x000002149bb12490 flushing  nmethod 0x000002148a848c10
Event: 6495.524 Thread 0x000002149bb12490 flushing  nmethod 0x000002148a853b10
Event: 6495.524 Thread 0x000002149bb12490 flushing  nmethod 0x000002148a859a10
Event: 6495.524 Thread 0x000002149bb12490 flushing  nmethod 0x000002148a85b010
Event: 6495.524 Thread 0x000002149bb12490 flushing  nmethod 0x000002148a85c010
Event: 6495.524 Thread 0x000002149bb12490 flushing  nmethod 0x000002148a861710
Event: 6495.524 Thread 0x000002149bb12490 flushing  nmethod 0x000002148a86e810
Event: 6495.524 Thread 0x000002149bb12490 flushing  nmethod 0x000002148a877810
Event: 6495.524 Thread 0x000002149bb12490 flushing  nmethod 0x000002148a88bb10
Event: 6495.524 Thread 0x000002149bb12490 flushing  nmethod 0x000002148a890310

Events (20 events):
Event: 6672.321 Thread 0x000002149bb41fa0 Thread added: 0x00000214f19a52a0
Event: 6673.062 Thread 0x00000214f19a52a0 Thread exited: 0x00000214f19a52a0
Event: 6673.886 Thread 0x00000214e79ba680 Thread added: 0x00000214e3c69550
Event: 6673.955 Thread 0x000002149bb1f1d0 Thread added: 0x00000214f19a3090
Event: 6674.067 Thread 0x000002149bb41fa0 Thread added: 0x00000214f19a4500
Event: 6674.985 Thread 0x00000214f19a3090 Thread exited: 0x00000214f19a3090
Event: 6674.985 Thread 0x00000214f19a4500 Thread exited: 0x00000214f19a4500
Event: 6675.159 Thread 0x000002149bb41fa0 Thread added: 0x00000214f19a4500
Event: 6675.266 Thread 0x00000214f19a4500 Thread exited: 0x00000214f19a4500
Event: 6676.534 Thread 0x000002149bb41fa0 Thread added: 0x00000214f19a4500
Event: 6682.020 Thread 0x00000214f19a4500 Thread exited: 0x00000214f19a4500
Event: 6682.043 Thread 0x000002149bb41fa0 Thread added: 0x00000214f19a4500
Event: 6687.193 Thread 0x00000214f19a4500 Thread exited: 0x00000214f19a4500
Event: 6742.191 Thread 0x00000214e79ba680 Thread exited: 0x00000214e79ba680
Event: 6802.193 Thread 0x00000214e64a0a90 Thread exited: 0x00000214e64a0a90
Event: 6862.200 Thread 0x00000214e649d610 Thread exited: 0x00000214e649d610
Event: 6922.210 Thread 0x00000214e3c69550 Thread exited: 0x00000214e3c69550
Event: 7039.267 Thread 0x00000214e79b85b0 Thread exited: 0x00000214e79b85b0
Event: 7099.271 Thread 0x00000214e64a1120 Thread exited: 0x00000214e64a1120
Event: 7159.272 Thread 0x00000214e649dca0 Thread exited: 0x00000214e649dca0


Dynamic libraries:
0x00007ff78c380000 - 0x00007ff78c38e000 	c:\Users\Fernanda Jama\.trae\extensions\redhat.java-1.44.0-win32-x64\jre\21.0.8-win32-x86_64\bin\java.exe
0x00007ffe41f20000 - 0x00007ffe42187000 	C:\Windows\SYSTEM32\ntdll.dll
0x00007ffe40c50000 - 0x00007ffe40d19000 	C:\Windows\System32\KERNEL32.DLL
0x00007ffe3f570000 - 0x00007ffe3f960000 	C:\Windows\System32\KERNELBASE.dll
0x00007ffe3fb60000 - 0x00007ffe3fcab000 	C:\Windows\System32\ucrtbase.dll
0x00007ffe35fb0000 - 0x00007ffe35fc8000 	c:\Users\Fernanda Jama\.trae\extensions\redhat.java-1.44.0-win32-x64\jre\21.0.8-win32-x86_64\bin\jli.dll
0x00007ffe40400000 - 0x00007ffe405c5000 	C:\Windows\System32\USER32.dll
0x00007ffe3f3c0000 - 0x00007ffe3f3e7000 	C:\Windows\System32\win32u.dll
0x00007ffe41780000 - 0x00007ffe417ab000 	C:\Windows\System32\GDI32.dll
0x00007ffe2f160000 - 0x00007ffe2f17e000 	c:\Users\Fernanda Jama\.trae\extensions\redhat.java-1.44.0-win32-x64\jre\21.0.8-win32-x86_64\bin\VCRUNTIME140.dll
0x00007ffe3f280000 - 0x00007ffe3f3b8000 	C:\Windows\System32\gdi32full.dll
0x00007ffe3f1d0000 - 0x00007ffe3f273000 	C:\Windows\System32\msvcp_win.dll
0x00007ffe235d0000 - 0x00007ffe2386a000 	C:\Windows\WinSxS\amd64_microsoft.windows.common-controls_6595b64144ccf1df_6.0.26100.4768_none_3e0c112ce331287c\COMCTL32.dll
0x00007ffe40730000 - 0x00007ffe407d9000 	C:\Windows\System32\msvcrt.dll
0x00007ffe41ea0000 - 0x00007ffe41ecf000 	C:\Windows\System32\IMM32.DLL
0x00007ffe35fa0000 - 0x00007ffe35fac000 	c:\Users\Fernanda Jama\.trae\extensions\redhat.java-1.44.0-win32-x64\jre\21.0.8-win32-x86_64\bin\vcruntime140_1.dll
0x00007ffe2eda0000 - 0x00007ffe2ee2d000 	c:\Users\Fernanda Jama\.trae\extensions\redhat.java-1.44.0-win32-x64\jre\21.0.8-win32-x86_64\bin\msvcp140.dll
0x00007ffdb56e0000 - 0x00007ffdb6477000 	c:\Users\Fernanda Jama\.trae\extensions\redhat.java-1.44.0-win32-x64\jre\21.0.8-win32-x86_64\bin\server\jvm.dll
0x00007ffe40670000 - 0x00007ffe40724000 	C:\Windows\System32\ADVAPI32.dll
0x00007ffe415c0000 - 0x00007ffe41666000 	C:\Windows\System32\sechost.dll
0x00007ffe40ab0000 - 0x00007ffe40bc8000 	C:\Windows\System32\RPCRT4.dll
0x00007ffe40bd0000 - 0x00007ffe40c44000 	C:\Windows\System32\WS2_32.dll
0x00007ffe3eeb0000 - 0x00007ffe3ef0e000 	C:\Windows\SYSTEM32\POWRPROF.dll
0x00007ffe27bc0000 - 0x00007ffe27bf5000 	C:\Windows\SYSTEM32\WINMM.dll
0x00007ffe35fd0000 - 0x00007ffe35fdb000 	C:\Windows\SYSTEM32\VERSION.dll
0x00007ffe3ee90000 - 0x00007ffe3eea4000 	C:\Windows\SYSTEM32\UMPDC.dll
0x00007ffe3dd90000 - 0x00007ffe3ddab000 	C:\Windows\SYSTEM32\kernel.appcore.dll
0x00007ffe2ed90000 - 0x00007ffe2ed9a000 	c:\Users\Fernanda Jama\.trae\extensions\redhat.java-1.44.0-win32-x64\jre\21.0.8-win32-x86_64\bin\jimage.dll
0x00007ffe3c880000 - 0x00007ffe3cac1000 	C:\Windows\SYSTEM32\DBGHELP.DLL
0x00007ffe417c0000 - 0x00007ffe41b45000 	C:\Windows\System32\combase.dll
0x00007ffe41cb0000 - 0x00007ffe41d90000 	C:\Windows\System32\OLEAUT32.dll
0x00007ffe05910000 - 0x00007ffe05953000 	C:\Windows\SYSTEM32\dbgcore.DLL
0x00007ffe3fac0000 - 0x00007ffe3fb59000 	C:\Windows\System32\bcryptPrimitives.dll
0x00007ffe2ed80000 - 0x00007ffe2ed8f000 	c:\Users\Fernanda Jama\.trae\extensions\redhat.java-1.44.0-win32-x64\jre\21.0.8-win32-x86_64\bin\instrument.dll
0x00007ffe2ed60000 - 0x00007ffe2ed7f000 	c:\Users\Fernanda Jama\.trae\extensions\redhat.java-1.44.0-win32-x64\jre\21.0.8-win32-x86_64\bin\java.dll
0x00007ffe3fcb0000 - 0x00007ffe403fd000 	C:\Windows\System32\SHELL32.dll
0x00007ffe3f3f0000 - 0x00007ffe3f563000 	C:\Windows\System32\wintypes.dll
0x00007ffe3cbf0000 - 0x00007ffe3d450000 	C:\Windows\SYSTEM32\windows.storage.dll
0x00007ffe41da0000 - 0x00007ffe41e95000 	C:\Windows\System32\SHCORE.dll
0x00007ffe40a20000 - 0x00007ffe40a8a000 	C:\Windows\System32\shlwapi.dll
0x00007ffe3ef70000 - 0x00007ffe3ef99000 	C:\Windows\SYSTEM32\profapi.dll
0x00007ffe2ed00000 - 0x00007ffe2ed18000 	c:\Users\Fernanda Jama\.trae\extensions\redhat.java-1.44.0-win32-x64\jre\21.0.8-win32-x86_64\bin\zip.dll
0x00007ffe2ecf0000 - 0x00007ffe2ed00000 	C:\Users\Fernanda Jama\.trae\extensions\redhat.java-1.44.0-win32-x64\jre\21.0.8-win32-x86_64\bin\net.dll
0x00007ffe30bf0000 - 0x00007ffe30d0e000 	C:\Windows\SYSTEM32\WINHTTP.dll
0x00007ffe3e300000 - 0x00007ffe3e36b000 	C:\Windows\system32\mswsock.dll
0x00007ffe2ecd0000 - 0x00007ffe2ece6000 	C:\Users\Fernanda Jama\.trae\extensions\redhat.java-1.44.0-win32-x64\jre\21.0.8-win32-x86_64\bin\nio.dll
0x00007ffe2ec80000 - 0x00007ffe2ec90000 	c:\Users\Fernanda Jama\.trae\extensions\redhat.java-1.44.0-win32-x64\jre\21.0.8-win32-x86_64\bin\verify.dll
0x00007ffe2ea00000 - 0x00007ffe2ea45000 	C:\Users\Fernanda Jama\AppData\Roaming\Trae\User\globalStorage\redhat.java\1.44.0\config_win\org.eclipse.equinox.launcher\org.eclipse.equinox.launcher.win32.win32.x86_64_1.2.1400.v20250730-1736\eclipse_11913.dll
0x00007ffe40870000 - 0x00007ffe40a10000 	C:\Windows\System32\ole32.dll
0x00007ffe3e6e0000 - 0x00007ffe3e6fb000 	C:\Windows\SYSTEM32\CRYPTSP.dll
0x00007ffe3dcf0000 - 0x00007ffe3dd2b000 	C:\Windows\system32\rsaenh.dll
0x00007ffe3e3a0000 - 0x00007ffe3e3cb000 	C:\Windows\SYSTEM32\USERENV.dll
0x00007ffe3ef40000 - 0x00007ffe3ef66000 	C:\Windows\SYSTEM32\bcrypt.dll
0x00007ffe3e540000 - 0x00007ffe3e54c000 	C:\Windows\SYSTEM32\CRYPTBASE.dll
0x00007ffe3d780000 - 0x00007ffe3d7b3000 	C:\Windows\SYSTEM32\IPHLPAPI.DLL
0x00007ffe40a90000 - 0x00007ffe40a9a000 	C:\Windows\System32\NSI.dll
0x00007ffe2eaa0000 - 0x00007ffe2eae9000 	C:\Users\Fernanda Jama\AppData\Local\Temp\jna--1470441178\jna6427239316617457152.dll
0x00007ffe40aa0000 - 0x00007ffe40aa8000 	C:\Windows\System32\PSAPI.DLL
0x00007ffe38ad0000 - 0x00007ffe38aef000 	C:\Windows\SYSTEM32\dhcpcsvc6.DLL
0x00007ffe38a00000 - 0x00007ffe38a25000 	C:\Windows\SYSTEM32\dhcpcsvc.DLL
0x00007ffdf7ce0000 - 0x00007ffdf7cee000 	C:\Users\Fernanda Jama\.trae\extensions\redhat.java-1.44.0-win32-x64\jre\21.0.8-win32-x86_64\bin\sunmscapi.dll
0x00007ffe3f050000 - 0x00007ffe3f1c7000 	C:\Windows\System32\CRYPT32.dll
0x00007ffe3e840000 - 0x00007ffe3e870000 	C:\Windows\SYSTEM32\ncrypt.dll
0x00007ffe3e7f0000 - 0x00007ffe3e82f000 	C:\Windows\SYSTEM32\NTASN1.dll
0x00007ffe3bbc0000 - 0x00007ffe3bbc9000 	C:\Users\Fernanda Jama\.trae\extensions\redhat.java-1.44.0-win32-x64\jre\21.0.8-win32-x86_64\bin\extnet.dll

JVMTI agents:
c:\Users\Fernanda Jama\.trae\extensions\redhat.java-1.44.0-win32-x64\lombok\lombok-1.18.39-4050.jar path:c:\Users\Fernanda Jama\.trae\extensions\redhat.java-1.44.0-win32-x64\jre\21.0.8-win32-x86_64\bin\instrument.dll, loaded, initialized, instrumentlib options:none

dbghelp: loaded successfully - version: 4.0.5 - missing functions: none
symbol engine: initialized successfully - sym options: 0x614 - pdb path: .;c:\Users\Fernanda Jama\.trae\extensions\redhat.java-1.44.0-win32-x64\jre\21.0.8-win32-x86_64\bin;C:\Windows\SYSTEM32;C:\Windows\WinSxS\amd64_microsoft.windows.common-controls_6595b64144ccf1df_6.0.26100.4768_none_3e0c112ce331287c;c:\Users\Fernanda Jama\.trae\extensions\redhat.java-1.44.0-win32-x64\jre\21.0.8-win32-x86_64\bin\server;C:\Users\Fernanda Jama\AppData\Roaming\Trae\User\globalStorage\redhat.java\1.44.0\config_win\org.eclipse.equinox.launcher\org.eclipse.equinox.launcher.win32.win32.x86_64_1.2.1400.v20250730-1736;C:\Users\Fernanda Jama\AppData\Local\Temp\jna--1470441178

VM Arguments:
jvm_args: --add-modules=ALL-SYSTEM --add-opens=java.base/java.util=ALL-UNNAMED --add-opens=java.base/java.lang=ALL-UNNAMED --add-opens=java.base/sun.nio.fs=ALL-UNNAMED -Declipse.application=org.eclipse.jdt.ls.core.id1 -Dosgi.bundles.defaultStartLevel=4 -Declipse.product=org.eclipse.jdt.ls.core.product -Djava.import.generatesMetadataFilesAtProjectRoot=false -DDetectVMInstallationsJob.disabled=true -Dfile.encoding=utf8 -XX:+UseParallelGC -XX:GCTimeRatio=4 -XX:AdaptiveSizePolicyWeight=90 -Dsun.zip.disableMemoryMapping=true -Xmx2G -Xms100m -Xlog:disable -javaagent:c:\Users\Fernanda Jama\.trae\extensions\redhat.java-1.44.0-win32-x64\lombok\lombok-1.18.39-4050.jar -XX:+HeapDumpOnOutOfMemoryError -XX:HeapDumpPath=c:\Users\Fernanda Jama\AppData\Roaming\Trae\User\workspaceStorage\15c722b02b3b73826bcb58a08aa3cd52\redhat.java -Daether.dependencyCollector.impl=bf 
java_command: c:\Users\Fernanda Jama\.trae\extensions\redhat.java-1.44.0-win32-x64\server\plugins\org.eclipse.equinox.launcher_1.7.0.v20250519-0528.jar -configuration c:\Users\Fernanda Jama\AppData\Roaming\Trae\User\globalStorage\redhat.java\1.44.0\config_win -data c:\Users\Fernanda Jama\AppData\Roaming\Trae\User\workspaceStorage\15c722b02b3b73826bcb58a08aa3cd52\redhat.java\jdt_ws --pipe=\\.\pipe\lsp-f6f56def979cfb19b05977160f004e8b-sock
java_class_path (initial): c:\Users\Fernanda Jama\.trae\extensions\redhat.java-1.44.0-win32-x64\server\plugins\org.eclipse.equinox.launcher_1.7.0.v20250519-0528.jar
Launcher Type: SUN_STANDARD

[Global flags]
    uintx AdaptiveSizePolicyWeight                 = 90                                        {product} {command line}
     intx CICompilerCount                          = 4                                         {product} {ergonomic}
    uintx GCTimeRatio                              = 4                                         {product} {command line}
     bool HeapDumpOnOutOfMemoryError               = true                                   {manageable} {command line}
    ccstr HeapDumpPath                             = c:\Users\Fernanda Jama\AppData\Roaming\Trae\User\workspaceStorage\15c722b02b3b73826bcb58a08aa3cd52\redhat.java         {manageable} {command line}
   size_t InitialHeapSize                          = 104857600                                 {product} {command line}
   size_t MaxHeapSize                              = 2147483648                                {product} {command line}
   size_t MaxNewSize                               = 715653120                                 {product} {ergonomic}
   size_t MinHeapDeltaBytes                        = 524288                                    {product} {ergonomic}
   size_t MinHeapSize                              = 104857600                                 {product} {command line}
   size_t NewSize                                  = 34603008                                  {product} {ergonomic}
    uintx NonNMethodCodeHeapSize                   = 5839372                                {pd product} {ergonomic}
    uintx NonProfiledCodeHeapSize                  = 122909434                              {pd product} {ergonomic}
   size_t OldSize                                  = 70254592                                  {product} {ergonomic}
    uintx ProfiledCodeHeapSize                     = 122909434                              {pd product} {ergonomic}
    uintx ReservedCodeCacheSize                    = 251658240                              {pd product} {ergonomic}
     bool SegmentedCodeCache                       = true                                      {product} {ergonomic}
   size_t SoftMaxHeapSize                          = 2147483648                             {manageable} {ergonomic}
     bool UseCompressedOops                        = true                           {product lp64_product} {ergonomic}
     bool UseLargePagesIndividualAllocation        = false                                  {pd product} {ergonomic}
     bool UseParallelGC                            = true                                      {product} {command line}

Logging:
Log output configuration:
 #0: stdout all=off uptime,level,tags foldmultilines=false
 #1: stderr all=off uptime,level,tags foldmultilines=false

Environment Variables:
JAVA_HOME=C:\Program Files\Java\jdk-17
CLASSPATH=C:\Program Files\SAP\SAP Business One DI API\JCO\LIB\sbowrapper.jar;C:\Program Files\SAP\SAP Business One DI API\JCO\LIB\sboapi.jar
PATH=C:\Users\Fernanda Jama\.trae\tools\gradle\latest\bin;C:\Program Files\Java\jdk-17\bin;C:\Users\Fernanda Jama\.trae\tools\maven\latest\bin;C:\Python313\Scripts\;C:\Python313\;C:\Program Files\Microsoft MPI\Bin\;C:\Program Files\Common Files\Oracle\Java\javapath;C:\Windows\system32;C:\Windows;C:\Windows\System32\Wbem;C:\Windows\System32\WindowsPowerShell\v1.0\;C:\Windows\System32\OpenSSH\;C:\Program Files\Microsoft SQL Server\Client SDK\ODBC\170\Tools\Binn\;C:\Program Files (x86)\Microsoft SQL Server\150\Tools\Binn\;C:\Program Files\Microsoft SQL Server\150\Tools\Binn\;C:\Program Files\Microsoft SQL Server\150\DTS\Binn\;C:\Program Files (x86)\Microsoft SQL Server\160\DTS\Binn\;C:\Program Files\nodejs\;C:\ProgramData\chocolatey\bin;C:\Program Files\SAP\SAP Business One DI API\JCO\LIB\;C:\Program Files\SAP\SAP Business One DI API\DI API 90;C:\Program Files\SAP\SAP Business One\;C:\Program Files\apache-maven-3.8.8-bin\apache-maven-3.8.8\bin;C:\Program Files\Git\cmd;C:\Users\Fernanda Jama\AppData\Local\Microsoft\WindowsApps;C:\Users\Fernanda Jama\AppData\Local\GitHubDesktop\bin;C:\Users\Fernanda Jama\AppData\Local\Programs\Microsoft VS Code\bin;C:\Users\Fernanda Jama\AppData\Roaming\npm;c:\Users\Fernanda Jama\AppData\Local\Programs\Trae\resources\app\bin\lib
USERNAME=Fernanda Jama
OS=Windows_NT
PROCESSOR_IDENTIFIER=Intel64 Family 6 Model 140 Stepping 1, GenuineIntel
TMP=C:\Users\FERNAN~1\AppData\Local\Temp
TEMP=C:\Users\FERNAN~1\AppData\Local\Temp




Periodic native trim disabled

---------------  S Y S T E M  ---------------

OS:
 Windows 11 , 64 bit Build 26100 (10.0.26100.4768)
OS uptime: 0 days 5:59 hours
Hyper-V role detected

CPU: total 8 (initial active 8) (4 cores per cpu, 2 threads per core) family 6 model 140 stepping 1 microcode 0xb8, cx8, cmov, fxsr, ht, mmx, 3dnowpref, sse, sse2, sse3, ssse3, sse4.1, sse4.2, popcnt, lzcnt, tsc, tscinvbit, avx, avx2, aes, erms, clmul, bmi1, bmi2, adx, avx512f, avx512dq, avx512cd, avx512bw, avx512vl, sha, fma, vzeroupper, avx512_vpopcntdq, avx512_vpclmulqdq, avx512_vaes, avx512_vnni, clflush, clflushopt, clwb, avx512_vbmi2, avx512_vbmi, hv, rdtscp, rdpid, fsrm, gfni, avx512_bitalg, f16c, cet_ibt, cet_ss, avx512_ifma
Processor Information for the first 8 processors :
  Max Mhz: 2803, Current Mhz: 2803, Mhz Limit: 2803

Memory: 4k page, system-wide physical 40743M (334M free)
TotalPageFile size 101623M (AvailPageFile size 0M)
current process WorkingSet (physical memory assigned to process): 17M, peak: 1370M
current process commit charge ("private bytes"): 1259M, peak: 1319M

vm_info: OpenJDK 64-Bit Server VM (21.0.8+9-LTS) for windows-amd64 JRE (21.0.8+9-LTS), built on 2025-07-15T00:00:00Z by "admin" with MS VC++ 17.7 (VS2022)

END.
