#
# There is insufficient memory for the Java Runtime Environment to continue.
# Native memory allocation (mmap) failed to map 276824064 bytes for G1 virtual space
# Possible reasons:
#   The system is out of physical RAM or swap space
#   The process is running with CompressedOops enabled, and the Java Heap may be blocking the growth of the native heap
# Possible solutions:
#   Reduce memory load on the system
#   Increase physical memory or swap space
#   Check if swap backing store is full
#   Decrease Java heap size (-Xmx/-Xms)
#   Decrease number of Java threads
#   Decrease Java thread stack sizes (-Xss)
#   Set larger code cache with -XX:ReservedCodeCacheSize=
#   JVM is running with Zero Based Compressed Oops mode in which the Java heap is
#     placed in the first 32GB address space. The Java Heap base address is the
#     maximum limit for the native heap growth. Please use -XX:HeapBaseMinAddress
#     to set the Java Heap base and to place the Java Heap above 32GB virtual address.
# This output file may be truncated or incomplete.
#
#  Out of Memory Error (os_windows.cpp:3551), pid=23596, tid=22220
#
# JRE version: Java(TM) SE Runtime Environment (17.0.15+9) (build 17.0.15+9-LTS-241)
# Java VM: Java HotSpot(TM) 64-Bit Server VM (17.0.15+9-LTS-241, mixed mode, sharing, tiered, compressed oops, compressed class ptrs, g1 gc, windows-amd64)
# No core dump will be written. Minidumps are not enabled by default on client versions of Windows
#

---------------  S U M M A R Y ------------

Command Line: -XX:+ShowCodeDetailsInExceptionMessages -Dspring.jmx.enabled=true -Dmanagement.endpoints.jmx.exposure.include=* -Dspring.application.admin.enabled=true -Dspring.boot.project.name=com.manamer.sellout.business-sellout -Djava.rmi.server.hostname=localhost -Dcom.sun.management.jmxremote.port=45559 -Dcom.sun.management.jmxremote.authenticate=false -Dcom.sun.management.jmxremote.ssl=false com.manamer.backend.business.sellout.SelloutApplication

Host: 11th Gen Intel(R) Core(TM) i7-1165G7 @ 2.80GHz, 8 cores, 39G,  Windows 11 , 64 bit Build 26100 (10.0.26100.4768)
Time: Fri Aug 15 15:27:41 2025 Hora est. Pacífico, Sudamérica elapsed time: 1628.454288 seconds (0d 0h 27m 8s)

---------------  T H R E A D  ---------------

Current thread (0x000002485746f880):  VMThread "VM Thread" [stack: 0x000000af3e900000,0x000000af3ea00000] [id=22220]

Stack: [0x000000af3e900000,0x000000af3ea00000]
Native frames: (J=compiled Java code, j=interpreted, Vv=VM code, C=native code)
V  [jvm.dll+0x67a46a]
V  [jvm.dll+0x7da6ad]
V  [jvm.dll+0x7dbff3]
V  [jvm.dll+0x7dc663]
V  [jvm.dll+0x24523f]
V  [jvm.dll+0x677499]
V  [jvm.dll+0x66c122]
V  [jvm.dll+0x302156]
V  [jvm.dll+0x3096f6]
V  [jvm.dll+0x35a04e]
V  [jvm.dll+0x35a27f]
V  [jvm.dll+0x2d9228]
V  [jvm.dll+0x2d765d]
V  [jvm.dll+0x2d6cac]
V  [jvm.dll+0x31a80b]
V  [jvm.dll+0x7e0f5b]
V  [jvm.dll+0x7e1c94]
V  [jvm.dll+0x7e21ad]
V  [jvm.dll+0x7e2584]
V  [jvm.dll+0x7e2650]
V  [jvm.dll+0x78b0ba]
V  [jvm.dll+0x679355]
C  [ucrtbase.dll+0x37b0]
C  [KERNEL32.DLL+0x2e8d7]
C  [ntdll.dll+0x3c34c]

VM_Operation (0x000000af41dfca80): G1CollectForAllocation, mode: safepoint, requested by thread 0x00000248a07563f0


---------------  P R O C E S S  ---------------

Threads class SMR info:
_java_thread_list=0x00000248a353af30, length=45, elements={
0x0000024857474630, 0x00000248574764f0, 0x0000024857488b00, 0x000002485748b4c0,
0x000002485748be70, 0x000002485748c820, 0x000002485748d500, 0x0000024857496d00,
0x0000024857498a00, 0x000002489b081420, 0x000002489b1d9b20, 0x000002489b9f3800,
0x000002489b25ab70, 0x000002489ba0dae0, 0x00000248a0e74750, 0x00000248a1931a80,
0x00000248a1934100, 0x00000248a1930740, 0x00000248a1930c10, 0x00000248a1932dc0,
0x00000248a1933760, 0x00000248a19310e0, 0x00000248a07538a0, 0x00000248a0752a30,
0x00000248a0750d50, 0x00000248a07533d0, 0x00000248a0754710, 0x00000248a0754be0,
0x00000248a07550b0, 0x00000248a07516f0, 0x00000248a0754240, 0x00000248a0755580,
0x00000248a0755a50, 0x00000248a0752090, 0x00000248a07563f0, 0x00000248a0755f20,
0x00000248a07568c0, 0x00000248a0756d90, 0x00000248a0757260, 0x00000248a0757730,
0x00000248a0757c00, 0x00000248a07580d0, 0x00000248a3dcf2d0, 0x00000248a3dd0610,
0x00000248a3dcdac0
}

Java Threads: ( => current thread )
  0x0000024857474630 JavaThread "Reference Handler" daemon [_thread_blocked, id=2148, stack(0x000000af3ea00000,0x000000af3eb00000)]
  0x00000248574764f0 JavaThread "Finalizer" daemon [_thread_blocked, id=4284, stack(0x000000af3eb00000,0x000000af3ec00000)]
  0x0000024857488b00 JavaThread "Signal Dispatcher" daemon [_thread_blocked, id=18416, stack(0x000000af3ec00000,0x000000af3ed00000)]
  0x000002485748b4c0 JavaThread "Attach Listener" daemon [_thread_blocked, id=23028, stack(0x000000af3ed00000,0x000000af3ee00000)]
  0x000002485748be70 JavaThread "Service Thread" daemon [_thread_blocked, id=22012, stack(0x000000af3ee00000,0x000000af3ef00000)]
  0x000002485748c820 JavaThread "Monitor Deflation Thread" daemon [_thread_blocked, id=17064, stack(0x000000af3ef00000,0x000000af3f000000)]
  0x000002485748d500 JavaThread "C2 CompilerThread0" daemon [_thread_blocked, id=15176, stack(0x000000af3f000000,0x000000af3f100000)]
  0x0000024857496d00 JavaThread "C1 CompilerThread0" daemon [_thread_blocked, id=26740, stack(0x000000af3f100000,0x000000af3f200000)]
  0x0000024857498a00 JavaThread "Sweeper thread" daemon [_thread_blocked, id=24360, stack(0x000000af3f200000,0x000000af3f300000)]
  0x000002489b081420 JavaThread "Common-Cleaner" daemon [_thread_blocked, id=15348, stack(0x000000af3f300000,0x000000af3f400000)]
  0x000002489b1d9b20 JavaThread "Notification Thread" daemon [_thread_blocked, id=12232, stack(0x000000af3f400000,0x000000af3f500000)]
  0x000002489b9f3800 JavaThread "RMI TCP Accept-0" daemon [_thread_in_native, id=13672, stack(0x000000af3f600000,0x000000af3f700000)]
  0x000002489b25ab70 JavaThread "RMI TCP Accept-45559" daemon [_thread_in_native, id=14792, stack(0x000000af3f700000,0x000000af3f800000)]
  0x000002489ba0dae0 JavaThread "RMI TCP Accept-0" daemon [_thread_in_native, id=17088, stack(0x000000af3f800000,0x000000af3f900000)]
  0x00000248a0e74750 JavaThread "RMI Scheduler(0)" daemon [_thread_blocked, id=7908, stack(0x000000af40200000,0x000000af40300000)]
  0x00000248a1931a80 JavaThread "RMI TCP Connection(2)-127.0.0.1" daemon [_thread_blocked, id=22848, stack(0x000000af40500000,0x000000af40600000)]
  0x00000248a1934100 JavaThread "JMX server connection timeout 26" daemon [_thread_blocked, id=4128, stack(0x000000af40600000,0x000000af40700000)]
  0x00000248a1930740 JavaThread "Catalina-utility-1" [_thread_blocked, id=23844, stack(0x000000af40900000,0x000000af40a00000)]
  0x00000248a1930c10 JavaThread "Catalina-utility-2" [_thread_blocked, id=10576, stack(0x000000af40b00000,0x000000af40c00000)]
  0x00000248a1932dc0 JavaThread "container-0" [_thread_blocked, id=26620, stack(0x000000af40c00000,0x000000af40d00000)]
  0x00000248a1933760 JavaThread "mssql-jdbc-shared-timer-core-0" daemon [_thread_blocked, id=25480, stack(0x000000af40800000,0x000000af40900000)]
  0x00000248a19310e0 JavaThread "HikariPool-1 housekeeper" daemon [_thread_blocked, id=15588, stack(0x000000af40f00000,0x000000af41000000)]
  0x00000248a07538a0 JavaThread "spring.cloud.inetutils" daemon [_thread_blocked, id=23948, stack(0x000000af41000000,0x000000af41100000)]
  0x00000248a0752a30 JavaThread "File Watcher" daemon [_thread_blocked, id=11472, stack(0x000000af41200000,0x000000af41300000)]
  0x00000248a0750d50 JavaThread "AsyncResolver-bootstrap-0" daemon [_thread_blocked, id=25052, stack(0x000000af41300000,0x000000af41400000)]
  0x00000248a07533d0 JavaThread "idle-connection-evictor-1" daemon [_thread_blocked, id=24372, stack(0x000000af41400000,0x000000af41500000)]
  0x00000248a0754710 JavaThread "DiscoveryClient-0" daemon [_thread_blocked, id=23900, stack(0x000000af41500000,0x000000af41600000)]
  0x00000248a0754be0 JavaThread "DiscoveryClient-1" daemon [_thread_blocked, id=11940, stack(0x000000af41600000,0x000000af41700000)]
  0x00000248a07550b0 JavaThread "DiscoveryClient-InstanceInfoReplicator-0" daemon [_thread_blocked, id=25864, stack(0x000000af41700000,0x000000af41800000)]
  0x00000248a07516f0 JavaThread "http-nio-8092-exec-1" daemon [_thread_blocked, id=16608, stack(0x000000af41800000,0x000000af41900000)]
  0x00000248a0754240 JavaThread "http-nio-8092-exec-2" daemon [_thread_blocked, id=25708, stack(0x000000af41900000,0x000000af41a00000)]
  0x00000248a0755580 JavaThread "http-nio-8092-exec-3" daemon [_thread_blocked, id=16976, stack(0x000000af41a00000,0x000000af41b00000)]
  0x00000248a0755a50 JavaThread "http-nio-8092-exec-4" daemon [_thread_blocked, id=988, stack(0x000000af41b00000,0x000000af41c00000)]
  0x00000248a0752090 JavaThread "http-nio-8092-exec-5" daemon [_thread_blocked, id=10224, stack(0x000000af41c00000,0x000000af41d00000)]
  0x00000248a07563f0 JavaThread "http-nio-8092-exec-6" daemon [_thread_blocked, id=25028, stack(0x000000af41d00000,0x000000af41e00000)]
  0x00000248a0755f20 JavaThread "http-nio-8092-exec-7" daemon [_thread_blocked, id=15100, stack(0x000000af41e00000,0x000000af41f00000)]
  0x00000248a07568c0 JavaThread "http-nio-8092-exec-8" daemon [_thread_blocked, id=19280, stack(0x000000af41f00000,0x000000af42000000)]
  0x00000248a0756d90 JavaThread "http-nio-8092-exec-9" daemon [_thread_blocked, id=16724, stack(0x000000af42000000,0x000000af42100000)]
  0x00000248a0757260 JavaThread "http-nio-8092-exec-10" daemon [_thread_blocked, id=10972, stack(0x000000af42100000,0x000000af42200000)]
  0x00000248a0757730 JavaThread "http-nio-8092-Poller" daemon [_thread_blocked, id=6796, stack(0x000000af42200000,0x000000af42300000)]
  0x00000248a0757c00 JavaThread "http-nio-8092-Acceptor" daemon [_thread_in_native, id=20752, stack(0x000000af42300000,0x000000af42400000)]
  0x00000248a07580d0 JavaThread "DestroyJavaVM" [_thread_blocked, id=424, stack(0x000000af3e300000,0x000000af3e400000)]
  0x00000248a3dcf2d0 JavaThread "DiscoveryClient-CacheRefreshExecutor-0" daemon [_thread_blocked, id=9924, stack(0x000000af40400000,0x000000af40500000)]
  0x00000248a3dd0610 JavaThread "DiscoveryClient-HeartbeatExecutor-0" daemon [_thread_blocked, id=14244, stack(0x000000af40700000,0x000000af40800000)]
  0x00000248a3dcdac0 JavaThread "AsyncResolver-bootstrap-executor-0" daemon [_thread_blocked, id=17916, stack(0x000000af40300000,0x000000af40400000)]

Other Threads:
=>0x000002485746f880 VMThread "VM Thread" [stack: 0x000000af3e900000,0x000000af3ea00000] [id=22220]
  0x000002489b25b040 WatcherThread [stack: 0x000000af3f900000,0x000000af3fa00000] [id=27400]
  0x0000024828d07b80 GCTaskThread "GC Thread#0" [stack: 0x000000af3e400000,0x000000af3e500000] [id=8824]
  0x00000248a054b5c0 GCTaskThread "GC Thread#1" [stack: 0x000000af3fa00000,0x000000af3fb00000] [id=2432]
  0x00000248a054b880 GCTaskThread "GC Thread#2" [stack: 0x000000af3fb00000,0x000000af3fc00000] [id=26852]
  0x00000248a0482920 GCTaskThread "GC Thread#3" [stack: 0x000000af3fc00000,0x000000af3fd00000] [id=24820]
  0x00000248a0482be0 GCTaskThread "GC Thread#4" [stack: 0x000000af3fd00000,0x000000af3fe00000] [id=19612]
  0x00000248a02ef1d0 GCTaskThread "GC Thread#5" [stack: 0x000000af3fe00000,0x000000af3ff00000] [id=25344]
  0x00000248a02ef490 GCTaskThread "GC Thread#6" [stack: 0x000000af3ff00000,0x000000af40000000] [id=26868]
  0x00000248a02ef750 GCTaskThread "GC Thread#7" [stack: 0x000000af40000000,0x000000af40100000] [id=2540]
  0x0000024828d0da50 ConcurrentGCThread "G1 Main Marker" [stack: 0x000000af3e500000,0x000000af3e600000] [id=16752]
  0x0000024828d0e460 ConcurrentGCThread "G1 Conc#0" [stack: 0x000000af3e600000,0x000000af3e700000] [id=15456]
  0x00000248a0b2c220 ConcurrentGCThread "G1 Conc#1" [stack: 0x000000af40a00000,0x000000af40b00000] [id=18220]
  0x00000248573af020 ConcurrentGCThread "G1 Refine#0" [stack: 0x000000af3e700000,0x000000af3e800000] [id=16988]
  0x00000248a036aba0 ConcurrentGCThread "G1 Refine#1" [stack: 0x000000af40100000,0x000000af40200000] [id=26548]
  0x00000248a602d810 ConcurrentGCThread "G1 Refine#2" [stack: 0x000000af3e000000,0x000000af3e100000] [id=3524]
  0x00000248a602db00 ConcurrentGCThread "G1 Refine#3" [stack: 0x000000af3f500000,0x000000af3f600000] [id=25716]
  0x00000248a602e9b0 ConcurrentGCThread "G1 Refine#4" [stack: 0x000000af41100000,0x000000af41200000] [id=24540]
  0x00000248a602ddf0 ConcurrentGCThread "G1 Refine#5" [stack: 0x000000af3e100000,0x000000af3e200000] [id=13076]
  0x00000248a602e6c0 ConcurrentGCThread "G1 Refine#6" [stack: 0x000000af40d00000,0x000000af40e00000] [id=26364]
  0x00000248a602d520 ConcurrentGCThread "G1 Refine#7" [stack: 0x000000af42400000,0x000000af42500000] [id=23748]
  0x00000248573af8f0 ConcurrentGCThread "G1 Service" [stack: 0x000000af3e800000,0x000000af3e900000] [id=2140]

Threads with active compile tasks:

VM state: at safepoint (normal execution)

VM Mutex/Monitor currently owned by a thread:  ([mutex/lock_event])
[0x0000024826921c40] Threads_lock - owner thread: 0x000002485746f880
[0x0000024828c5aab0] Heap_lock - owner thread: 0x00000248a07563f0

Heap address: 0x0000000583000000, size: 10192 MB, Compressed Oops mode: Zero based, Oop shift amount: 3

CDS archive(s) mapped at: [0x000002485a000000-0x000002485abd0000-0x000002485abd0000), size 12386304, SharedBaseAddress: 0x000002485a000000, ArchiveRelocationMode: 1.
Compressed class space mapped at: 0x000002485b000000-0x000002489b000000, reserved size: 1073741824
Narrow klass base: 0x000002485a000000, Narrow klass shift: 0, Narrow klass range: 0x100000000

GC Precious Log:
 CPUs: 8 total, 8 available
 Memory: 40743M
 Large Page Support: Disabled
 NUMA Support: Disabled
 Compressed Oops: Enabled (Zero based)
 Heap Region Size: 8M
 Heap Min Capacity: 8M
 Heap Initial Capacity: 640M
 Heap Max Capacity: 10192M
 Pre-touch: Disabled
 Parallel Workers: 8
 Concurrent Workers: 2
 Concurrent Refinement Workers: 8
 Periodic GC: Disabled

Heap:
 garbage-first heap   total 2310144K, used 308647K [0x0000000583000000, 0x0000000800000000)
  region size 8192K, 1 young (8192K), 1 survivors (8192K)
 Metaspace       used 100642K, committed 101376K, reserved 1179648K
  class space    used 13514K, committed 13888K, reserved 1048576K

Heap Regions: E=young(eden), S=young(survivor), O=old, HS=humongous(starts), HC=humongous(continues), CS=collection set, F=free, OA=open archive, CA=closed archive, TAMS=top-at-mark-start (previous, next)
|   0|0x0000000583000000, 0x0000000583800000, 0x0000000583800000|100%| O|  |TAMS 0x0000000583800000, 0x0000000583000000| Untracked 
|   1|0x0000000583800000, 0x0000000584000000, 0x0000000584000000|100%| O|  |TAMS 0x0000000584000000, 0x0000000583800000| Untracked 
|   2|0x0000000584000000, 0x0000000584800000, 0x0000000584800000|100%| O|  |TAMS 0x0000000584800000, 0x0000000584000000| Untracked 
|   3|0x0000000584800000, 0x0000000585000000, 0x0000000585000000|100%| O|  |TAMS 0x0000000585000000, 0x0000000584800000| Untracked 
|   4|0x0000000585000000, 0x0000000585800000, 0x0000000585800000|100%| O|  |TAMS 0x0000000585800000, 0x0000000585000000| Untracked 
|   5|0x0000000585800000, 0x0000000586000000, 0x0000000586000000|100%| O|  |TAMS 0x0000000586000000, 0x0000000585800000| Untracked 
|   6|0x0000000586000000, 0x0000000586800000, 0x0000000586800000|100%| O|  |TAMS 0x0000000586800000, 0x0000000586000000| Untracked 
|   7|0x0000000586800000, 0x0000000587000000, 0x0000000587000000|100%| O|  |TAMS 0x0000000587000000, 0x0000000586800000| Untracked 
|   8|0x0000000587000000, 0x0000000587800000, 0x0000000587800000|100%| O|  |TAMS 0x0000000587000000, 0x0000000587000000| Untracked 
|   9|0x0000000587800000, 0x0000000588000000, 0x0000000588000000|100%|HS|  |TAMS 0x0000000588000000, 0x0000000587800000| Complete 
|  10|0x0000000588000000, 0x0000000588800000, 0x0000000588800000|100%| O|  |TAMS 0x0000000588000000, 0x0000000588000000| Untracked 
|  11|0x0000000588800000, 0x0000000589000000, 0x0000000589000000|100%| O|  |TAMS 0x0000000589000000, 0x0000000588800000| Untracked 
|  12|0x0000000589000000, 0x0000000589800000, 0x0000000589800000|100%| O|  |TAMS 0x0000000589000000, 0x0000000589000000| Untracked 
|  13|0x0000000589800000, 0x000000058a000000, 0x000000058a000000|100%| O|  |TAMS 0x0000000589800000, 0x0000000589800000| Untracked 
|  14|0x000000058a000000, 0x000000058a800000, 0x000000058a800000|100%| O|  |TAMS 0x000000058a000000, 0x000000058a000000| Untracked 
|  15|0x000000058a800000, 0x000000058b000000, 0x000000058b000000|100%| O|  |TAMS 0x000000058b000000, 0x000000058a800000| Untracked 
|  16|0x000000058b000000, 0x000000058b800000, 0x000000058b800000|100%| O|  |TAMS 0x000000058b000000, 0x000000058b000000| Untracked 
|  17|0x000000058b800000, 0x000000058c000000, 0x000000058c000000|100%| O|  |TAMS 0x000000058b800000, 0x000000058b800000| Untracked 
|  18|0x000000058c000000, 0x000000058c800000, 0x000000058c800000|100%| O|  |TAMS 0x000000058c000000, 0x000000058c000000| Untracked 
|  19|0x000000058c800000, 0x000000058d000000, 0x000000058d000000|100%| O|  |TAMS 0x000000058c800000, 0x000000058c800000| Untracked 
|  20|0x000000058d000000, 0x000000058d57e000, 0x000000058d800000| 68%| O|  |TAMS 0x000000058d000000, 0x000000058d000000| Untracked 
|  21|0x000000058d800000, 0x000000058d800000, 0x000000058e000000|  0%| F|  |TAMS 0x000000058d800000, 0x000000058d800000| Untracked 
|  22|0x000000058e000000, 0x000000058e000000, 0x000000058e800000|  0%| F|  |TAMS 0x000000058e000000, 0x000000058e000000| Untracked 
|  23|0x000000058e800000, 0x000000058f000000, 0x000000058f000000|100%| O|  |TAMS 0x000000058f000000, 0x000000058e800000| Untracked 
|  24|0x000000058f000000, 0x000000058f800000, 0x000000058f800000|100%| O|  |TAMS 0x000000058f800000, 0x000000058f000000| Untracked 
|  25|0x000000058f800000, 0x0000000590000000, 0x0000000590000000|100%| O|  |TAMS 0x0000000590000000, 0x000000058f800000| Untracked 
|  26|0x0000000590000000, 0x0000000590000000, 0x0000000590800000|  0%| F|  |TAMS 0x0000000590000000, 0x0000000590000000| Untracked 
|  27|0x0000000590800000, 0x0000000590800000, 0x0000000591000000|  0%| F|  |TAMS 0x0000000590800000, 0x0000000590800000| Untracked 
|  28|0x0000000591000000, 0x0000000591800000, 0x0000000591800000|100%| O|  |TAMS 0x0000000591800000, 0x0000000591000000| Untracked 
|  29|0x0000000591800000, 0x0000000592000000, 0x0000000592000000|100%| O|  |TAMS 0x0000000592000000, 0x0000000591800000| Untracked 
|  30|0x0000000592000000, 0x0000000592800000, 0x0000000592800000|100%| O|  |TAMS 0x0000000592800000, 0x0000000592000000| Untracked 
|  31|0x0000000592800000, 0x0000000593000000, 0x0000000593000000|100%| O|  |TAMS 0x0000000593000000, 0x0000000592800000| Untracked 
|  32|0x0000000593000000, 0x0000000593800000, 0x0000000593800000|100%| O|  |TAMS 0x0000000593800000, 0x0000000593000000| Untracked 
|  33|0x0000000593800000, 0x0000000594000000, 0x0000000594000000|100%| O|  |TAMS 0x0000000594000000, 0x0000000593800000| Untracked 
|  34|0x0000000594000000, 0x0000000594000000, 0x0000000594800000|  0%| F|  |TAMS 0x0000000594000000, 0x0000000594000000| Untracked 
|  35|0x0000000594800000, 0x0000000595000000, 0x0000000595000000|100%| O|  |TAMS 0x0000000595000000, 0x0000000594800000| Untracked 
|  36|0x0000000595000000, 0x0000000595800000, 0x0000000595800000|100%| O|  |TAMS 0x0000000595800000, 0x0000000595000000| Untracked 
|  37|0x0000000595800000, 0x0000000596000000, 0x0000000596000000|100%| O|  |TAMS 0x0000000596000000, 0x0000000595800000| Untracked 
|  38|0x0000000596000000, 0x0000000596800000, 0x0000000596800000|100%| O|  |TAMS 0x0000000596800000, 0x0000000596000000| Untracked 
|  39|0x0000000596800000, 0x0000000597000000, 0x0000000597000000|100%| O|  |TAMS 0x0000000597000000, 0x0000000596800000| Untracked 
|  40|0x0000000597000000, 0x0000000597000000, 0x0000000597800000|  0%| F|  |TAMS 0x0000000597000000, 0x0000000597000000| Untracked 
|  41|0x0000000597800000, 0x0000000598000000, 0x0000000598000000|100%| O|  |TAMS 0x0000000598000000, 0x0000000597800000| Untracked 
|  42|0x0000000598000000, 0x0000000598800000, 0x0000000598800000|100%| O|  |TAMS 0x0000000598135200, 0x0000000598000000| Untracked 
|  43|0x0000000598800000, 0x0000000598800000, 0x0000000599000000|  0%| F|  |TAMS 0x0000000598800000, 0x0000000598800000| Untracked 
|  44|0x0000000599000000, 0x0000000599000000, 0x0000000599800000|  0%| F|  |TAMS 0x0000000599000000, 0x0000000599000000| Untracked 
|  45|0x0000000599800000, 0x0000000599800000, 0x000000059a000000|  0%| F|  |TAMS 0x0000000599800000, 0x0000000599800000| Untracked 
|  46|0x000000059a000000, 0x000000059a000000, 0x000000059a800000|  0%| F|  |TAMS 0x000000059a000000, 0x000000059a000000| Untracked 
|  47|0x000000059a800000, 0x000000059a800000, 0x000000059b000000|  0%| F|  |TAMS 0x000000059a800000, 0x000000059a800000| Untracked 
|  48|0x000000059b000000, 0x000000059b000000, 0x000000059b800000|  0%| F|  |TAMS 0x000000059b000000, 0x000000059b000000| Untracked 
|  49|0x000000059b800000, 0x000000059b800000, 0x000000059c000000|  0%| F|  |TAMS 0x000000059b800000, 0x000000059b800000| Untracked 
|  50|0x000000059c000000, 0x000000059c000000, 0x000000059c800000|  0%| F|  |TAMS 0x000000059c000000, 0x000000059c000000| Untracked 
|  51|0x000000059c800000, 0x000000059c800000, 0x000000059d000000|  0%| F|  |TAMS 0x000000059c800000, 0x000000059c800000| Untracked 
|  52|0x000000059d000000, 0x000000059d000000, 0x000000059d800000|  0%| F|  |TAMS 0x000000059d000000, 0x000000059d000000| Untracked 
|  53|0x000000059d800000, 0x000000059d800000, 0x000000059e000000|  0%| F|  |TAMS 0x000000059d800000, 0x000000059d800000| Untracked 
|  54|0x000000059e000000, 0x000000059e000000, 0x000000059e800000|  0%| F|  |TAMS 0x000000059e000000, 0x000000059e000000| Untracked 
|  55|0x000000059e800000, 0x000000059e800000, 0x000000059f000000|  0%| F|  |TAMS 0x000000059e800000, 0x000000059e800000| Untracked 
|  56|0x000000059f000000, 0x000000059f000000, 0x000000059f800000|  0%| F|  |TAMS 0x000000059f000000, 0x000000059f000000| Untracked 
|  57|0x000000059f800000, 0x000000059f800000, 0x00000005a0000000|  0%| F|  |TAMS 0x000000059f800000, 0x000000059f800000| Untracked 
|  58|0x00000005a0000000, 0x00000005a0000000, 0x00000005a0800000|  0%| F|  |TAMS 0x00000005a0000000, 0x00000005a0000000| Untracked 
|  59|0x00000005a0800000, 0x00000005a0800000, 0x00000005a1000000|  0%| F|  |TAMS 0x00000005a0800000, 0x00000005a0800000| Untracked 
|  60|0x00000005a1000000, 0x00000005a1000000, 0x00000005a1800000|  0%| F|  |TAMS 0x00000005a1000000, 0x00000005a1000000| Untracked 
|  61|0x00000005a1800000, 0x00000005a1800000, 0x00000005a2000000|  0%| F|  |TAMS 0x00000005a1800000, 0x00000005a1800000| Untracked 
|  62|0x00000005a2000000, 0x00000005a2000000, 0x00000005a2800000|  0%| F|  |TAMS 0x00000005a2000000, 0x00000005a2000000| Untracked 
|  63|0x00000005a2800000, 0x00000005a2800000, 0x00000005a3000000|  0%| F|  |TAMS 0x00000005a2800000, 0x00000005a2800000| Untracked 
|  64|0x00000005a3000000, 0x00000005a3000000, 0x00000005a3800000|  0%| F|  |TAMS 0x00000005a3000000, 0x00000005a3000000| Untracked 
|  65|0x00000005a3800000, 0x00000005a3800000, 0x00000005a4000000|  0%| F|  |TAMS 0x00000005a3800000, 0x00000005a3800000| Untracked 
|  66|0x00000005a4000000, 0x00000005a4000000, 0x00000005a4800000|  0%| F|  |TAMS 0x00000005a4000000, 0x00000005a4000000| Untracked 
|  67|0x00000005a4800000, 0x00000005a4800000, 0x00000005a5000000|  0%| F|  |TAMS 0x00000005a4800000, 0x00000005a4800000| Untracked 
|  68|0x00000005a5000000, 0x00000005a5000000, 0x00000005a5800000|  0%| F|  |TAMS 0x00000005a5000000, 0x00000005a5000000| Untracked 
|  69|0x00000005a5800000, 0x00000005a5800000, 0x00000005a6000000|  0%| F|  |TAMS 0x00000005a5800000, 0x00000005a5800000| Untracked 
|  70|0x00000005a6000000, 0x00000005a6000000, 0x00000005a6800000|  0%| F|  |TAMS 0x00000005a6000000, 0x00000005a6000000| Untracked 
|  71|0x00000005a6800000, 0x00000005a6800000, 0x00000005a7000000|  0%| F|  |TAMS 0x00000005a6800000, 0x00000005a6800000| Untracked 
|  72|0x00000005a7000000, 0x00000005a7000000, 0x00000005a7800000|  0%| F|  |TAMS 0x00000005a7000000, 0x00000005a7000000| Untracked 
|  73|0x00000005a7800000, 0x00000005a7800000, 0x00000005a8000000|  0%| F|  |TAMS 0x00000005a7800000, 0x00000005a7800000| Untracked 
|  74|0x00000005a8000000, 0x00000005a8000000, 0x00000005a8800000|  0%| F|  |TAMS 0x00000005a8000000, 0x00000005a8000000| Untracked 
|  75|0x00000005a8800000, 0x00000005a8800000, 0x00000005a9000000|  0%| F|  |TAMS 0x00000005a8800000, 0x00000005a8800000| Untracked 
|  76|0x00000005a9000000, 0x00000005a9000000, 0x00000005a9800000|  0%| F|  |TAMS 0x00000005a9000000, 0x00000005a9000000| Untracked 
|  77|0x00000005a9800000, 0x00000005a9800000, 0x00000005aa000000|  0%| F|  |TAMS 0x00000005a9800000, 0x00000005a9800000| Untracked 
|  78|0x00000005aa000000, 0x00000005aa000000, 0x00000005aa800000|  0%| F|  |TAMS 0x00000005aa000000, 0x00000005aa000000| Untracked 
|  79|0x00000005aa800000, 0x00000005aa800000, 0x00000005ab000000|  0%| F|  |TAMS 0x00000005aa800000, 0x00000005aa800000| Untracked 
|  80|0x00000005ab000000, 0x00000005ab000000, 0x00000005ab800000|  0%| F|  |TAMS 0x00000005ab000000, 0x00000005ab000000| Untracked 
|  81|0x00000005ab800000, 0x00000005ab800000, 0x00000005ac000000|  0%| F|  |TAMS 0x00000005ab800000, 0x00000005ab800000| Untracked 
|  82|0x00000005ac000000, 0x00000005ac000000, 0x00000005ac800000|  0%| F|  |TAMS 0x00000005ac000000, 0x00000005ac000000| Untracked 
|  83|0x00000005ac800000, 0x00000005ac800000, 0x00000005ad000000|  0%| F|  |TAMS 0x00000005ac800000, 0x00000005ac800000| Untracked 
|  84|0x00000005ad000000, 0x00000005ad000000, 0x00000005ad800000|  0%| F|  |TAMS 0x00000005ad000000, 0x00000005ad000000| Untracked 
|  85|0x00000005ad800000, 0x00000005ad800000, 0x00000005ae000000|  0%| F|  |TAMS 0x00000005ad800000, 0x00000005ad800000| Untracked 
|  86|0x00000005ae000000, 0x00000005ae000000, 0x00000005ae800000|  0%| F|  |TAMS 0x00000005ae000000, 0x00000005ae000000| Untracked 
|  87|0x00000005ae800000, 0x00000005ae800000, 0x00000005af000000|  0%| F|  |TAMS 0x00000005ae800000, 0x00000005ae800000| Untracked 
|  88|0x00000005af000000, 0x00000005af000000, 0x00000005af800000|  0%| F|  |TAMS 0x00000005af000000, 0x00000005af000000| Untracked 
|  89|0x00000005af800000, 0x00000005af800000, 0x00000005b0000000|  0%| F|  |TAMS 0x00000005af800000, 0x00000005af800000| Untracked 
|  90|0x00000005b0000000, 0x00000005b0000000, 0x00000005b0800000|  0%| F|  |TAMS 0x00000005b0000000, 0x00000005b0000000| Untracked 
|  91|0x00000005b0800000, 0x00000005b0800000, 0x00000005b1000000|  0%| F|  |TAMS 0x00000005b0800000, 0x00000005b0800000| Untracked 
|  92|0x00000005b1000000, 0x00000005b1000000, 0x00000005b1800000|  0%| F|  |TAMS 0x00000005b1000000, 0x00000005b1000000| Untracked 
|  93|0x00000005b1800000, 0x00000005b1800000, 0x00000005b2000000|  0%| F|  |TAMS 0x00000005b1800000, 0x00000005b1800000| Untracked 
|  94|0x00000005b2000000, 0x00000005b2000000, 0x00000005b2800000|  0%| F|  |TAMS 0x00000005b2000000, 0x00000005b2000000| Untracked 
|  95|0x00000005b2800000, 0x00000005b2800000, 0x00000005b3000000|  0%| F|  |TAMS 0x00000005b2800000, 0x00000005b2800000| Untracked 
|  96|0x00000005b3000000, 0x00000005b3000000, 0x00000005b3800000|  0%| F|  |TAMS 0x00000005b3000000, 0x00000005b3000000| Untracked 
|  97|0x00000005b3800000, 0x00000005b3800000, 0x00000005b4000000|  0%| F|  |TAMS 0x00000005b3800000, 0x00000005b3800000| Untracked 
|  98|0x00000005b4000000, 0x00000005b4000000, 0x00000005b4800000|  0%| F|  |TAMS 0x00000005b4000000, 0x00000005b4000000| Untracked 
|  99|0x00000005b4800000, 0x00000005b4800000, 0x00000005b5000000|  0%| F|  |TAMS 0x00000005b4800000, 0x00000005b4800000| Untracked 
| 100|0x00000005b5000000, 0x00000005b5000000, 0x00000005b5800000|  0%| F|  |TAMS 0x00000005b5000000, 0x00000005b5000000| Untracked 
| 101|0x00000005b5800000, 0x00000005b5800000, 0x00000005b6000000|  0%| F|  |TAMS 0x00000005b5800000, 0x00000005b5800000| Untracked 
| 102|0x00000005b6000000, 0x00000005b6000000, 0x00000005b6800000|  0%| F|  |TAMS 0x00000005b6000000, 0x00000005b6000000| Untracked 
| 103|0x00000005b6800000, 0x00000005b6800000, 0x00000005b7000000|  0%| F|  |TAMS 0x00000005b6800000, 0x00000005b6800000| Untracked 
| 104|0x00000005b7000000, 0x00000005b7000000, 0x00000005b7800000|  0%| F|  |TAMS 0x00000005b7000000, 0x00000005b7000000| Untracked 
| 105|0x00000005b7800000, 0x00000005b7800000, 0x00000005b8000000|  0%| F|  |TAMS 0x00000005b7800000, 0x00000005b7800000| Untracked 
| 106|0x00000005b8000000, 0x00000005b8000000, 0x00000005b8800000|  0%| F|  |TAMS 0x00000005b8000000, 0x00000005b8000000| Untracked 
| 107|0x00000005b8800000, 0x00000005b8800000, 0x00000005b9000000|  0%| F|  |TAMS 0x00000005b8800000, 0x00000005b8800000| Untracked 
| 108|0x00000005b9000000, 0x00000005b9000000, 0x00000005b9800000|  0%| F|  |TAMS 0x00000005b9000000, 0x00000005b9000000| Untracked 
| 109|0x00000005b9800000, 0x00000005b9800000, 0x00000005ba000000|  0%| F|  |TAMS 0x00000005b9800000, 0x00000005b9800000| Untracked 
| 110|0x00000005ba000000, 0x00000005ba000000, 0x00000005ba800000|  0%| F|  |TAMS 0x00000005ba000000, 0x00000005ba000000| Untracked 
| 111|0x00000005ba800000, 0x00000005ba800000, 0x00000005bb000000|  0%| F|  |TAMS 0x00000005ba800000, 0x00000005ba800000| Untracked 
| 112|0x00000005bb000000, 0x00000005bb000000, 0x00000005bb800000|  0%| F|  |TAMS 0x00000005bb000000, 0x00000005bb000000| Untracked 
| 113|0x00000005bb800000, 0x00000005bb800000, 0x00000005bc000000|  0%| F|  |TAMS 0x00000005bb800000, 0x00000005bb800000| Untracked 
| 114|0x00000005bc000000, 0x00000005bc000000, 0x00000005bc800000|  0%| F|  |TAMS 0x00000005bc000000, 0x00000005bc000000| Untracked 
| 115|0x00000005bc800000, 0x00000005bc800000, 0x00000005bd000000|  0%| F|  |TAMS 0x00000005bc800000, 0x00000005bc800000| Untracked 
| 116|0x00000005bd000000, 0x00000005bd000000, 0x00000005bd800000|  0%| F|  |TAMS 0x00000005bd000000, 0x00000005bd000000| Untracked 
| 117|0x00000005bd800000, 0x00000005bd800000, 0x00000005be000000|  0%| F|  |TAMS 0x00000005bd800000, 0x00000005bd800000| Untracked 
| 118|0x00000005be000000, 0x00000005be000000, 0x00000005be800000|  0%| F|  |TAMS 0x00000005be000000, 0x00000005be000000| Untracked 
| 119|0x00000005be800000, 0x00000005be800000, 0x00000005bf000000|  0%| F|  |TAMS 0x00000005be800000, 0x00000005be800000| Untracked 
| 120|0x00000005bf000000, 0x00000005bf000000, 0x00000005bf800000|  0%| F|  |TAMS 0x00000005bf000000, 0x00000005bf000000| Untracked 
| 121|0x00000005bf800000, 0x00000005bf800000, 0x00000005c0000000|  0%| F|  |TAMS 0x00000005bf800000, 0x00000005bf800000| Untracked 
| 122|0x00000005c0000000, 0x00000005c0000000, 0x00000005c0800000|  0%| F|  |TAMS 0x00000005c0000000, 0x00000005c0000000| Untracked 
| 123|0x00000005c0800000, 0x00000005c0800000, 0x00000005c1000000|  0%| F|  |TAMS 0x00000005c0800000, 0x00000005c0800000| Untracked 
| 124|0x00000005c1000000, 0x00000005c1000000, 0x00000005c1800000|  0%| F|  |TAMS 0x00000005c1000000, 0x00000005c1000000| Untracked 
| 125|0x00000005c1800000, 0x00000005c1800000, 0x00000005c2000000|  0%| F|  |TAMS 0x00000005c1800000, 0x00000005c1800000| Untracked 
| 126|0x00000005c2000000, 0x00000005c2000000, 0x00000005c2800000|  0%| F|  |TAMS 0x00000005c2000000, 0x00000005c2000000| Untracked 
| 127|0x00000005c2800000, 0x00000005c2800000, 0x00000005c3000000|  0%| F|  |TAMS 0x00000005c2800000, 0x00000005c2800000| Untracked 
| 128|0x00000005c3000000, 0x00000005c3000000, 0x00000005c3800000|  0%| F|  |TAMS 0x00000005c3000000, 0x00000005c3000000| Untracked 
| 129|0x00000005c3800000, 0x00000005c3800000, 0x00000005c4000000|  0%| F|  |TAMS 0x00000005c3800000, 0x00000005c3800000| Untracked 
| 130|0x00000005c4000000, 0x00000005c4000000, 0x00000005c4800000|  0%| F|  |TAMS 0x00000005c4000000, 0x00000005c4000000| Untracked 
| 131|0x00000005c4800000, 0x00000005c4800000, 0x00000005c5000000|  0%| F|  |TAMS 0x00000005c4800000, 0x00000005c4800000| Untracked 
| 132|0x00000005c5000000, 0x00000005c5000000, 0x00000005c5800000|  0%| F|  |TAMS 0x00000005c5000000, 0x00000005c5000000| Untracked 
| 133|0x00000005c5800000, 0x00000005c5800000, 0x00000005c6000000|  0%| F|  |TAMS 0x00000005c5800000, 0x00000005c5800000| Untracked 
| 134|0x00000005c6000000, 0x00000005c6000000, 0x00000005c6800000|  0%| F|  |TAMS 0x00000005c6000000, 0x00000005c6000000| Untracked 
| 135|0x00000005c6800000, 0x00000005c6800000, 0x00000005c7000000|  0%| F|  |TAMS 0x00000005c6800000, 0x00000005c6800000| Untracked 
| 136|0x00000005c7000000, 0x00000005c7000000, 0x00000005c7800000|  0%| F|  |TAMS 0x00000005c7000000, 0x00000005c7000000| Untracked 
| 137|0x00000005c7800000, 0x00000005c7800000, 0x00000005c8000000|  0%| F|  |TAMS 0x00000005c7800000, 0x00000005c7800000| Untracked 
| 138|0x00000005c8000000, 0x00000005c8000000, 0x00000005c8800000|  0%| F|  |TAMS 0x00000005c8000000, 0x00000005c8000000| Untracked 
| 139|0x00000005c8800000, 0x00000005c8800000, 0x00000005c9000000|  0%| F|  |TAMS 0x00000005c8800000, 0x00000005c8800000| Untracked 
| 140|0x00000005c9000000, 0x00000005c9000000, 0x00000005c9800000|  0%| F|  |TAMS 0x00000005c9000000, 0x00000005c9000000| Untracked 
| 141|0x00000005c9800000, 0x00000005c9800000, 0x00000005ca000000|  0%| F|  |TAMS 0x00000005c9800000, 0x00000005c9800000| Untracked 
| 142|0x00000005ca000000, 0x00000005ca000000, 0x00000005ca800000|  0%| F|  |TAMS 0x00000005ca000000, 0x00000005ca000000| Untracked 
| 143|0x00000005ca800000, 0x00000005ca800000, 0x00000005cb000000|  0%| F|  |TAMS 0x00000005ca800000, 0x00000005ca800000| Untracked 
| 144|0x00000005cb000000, 0x00000005cb000000, 0x00000005cb800000|  0%| F|  |TAMS 0x00000005cb000000, 0x00000005cb000000| Untracked 
| 145|0x00000005cb800000, 0x00000005cb800000, 0x00000005cc000000|  0%| F|  |TAMS 0x00000005cb800000, 0x00000005cb800000| Untracked 
| 146|0x00000005cc000000, 0x00000005cc000000, 0x00000005cc800000|  0%| F|  |TAMS 0x00000005cc000000, 0x00000005cc000000| Untracked 
| 147|0x00000005cc800000, 0x00000005cc800000, 0x00000005cd000000|  0%| F|  |TAMS 0x00000005cc800000, 0x00000005cc800000| Untracked 
| 148|0x00000005cd000000, 0x00000005cd000000, 0x00000005cd800000|  0%| F|  |TAMS 0x00000005cd000000, 0x00000005cd000000| Untracked 
| 149|0x00000005cd800000, 0x00000005cd800000, 0x00000005ce000000|  0%| F|  |TAMS 0x00000005cd800000, 0x00000005cd800000| Untracked 
| 150|0x00000005ce000000, 0x00000005ce000000, 0x00000005ce800000|  0%| F|  |TAMS 0x00000005ce000000, 0x00000005ce000000| Untracked 
| 151|0x00000005ce800000, 0x00000005ce800000, 0x00000005cf000000|  0%| F|  |TAMS 0x00000005ce800000, 0x00000005ce800000| Untracked 
| 152|0x00000005cf000000, 0x00000005cf000000, 0x00000005cf800000|  0%| F|  |TAMS 0x00000005cf000000, 0x00000005cf000000| Untracked 
| 153|0x00000005cf800000, 0x00000005cf800000, 0x00000005d0000000|  0%| F|  |TAMS 0x00000005cf800000, 0x00000005cf800000| Untracked 
| 154|0x00000005d0000000, 0x00000005d0000000, 0x00000005d0800000|  0%| F|  |TAMS 0x00000005d0000000, 0x00000005d0000000| Untracked 
| 155|0x00000005d0800000, 0x00000005d0800000, 0x00000005d1000000|  0%| F|  |TAMS 0x00000005d0800000, 0x00000005d0800000| Untracked 
| 156|0x00000005d1000000, 0x00000005d1000000, 0x00000005d1800000|  0%| F|  |TAMS 0x00000005d1000000, 0x00000005d1000000| Untracked 
| 157|0x00000005d1800000, 0x00000005d1800000, 0x00000005d2000000|  0%| F|  |TAMS 0x00000005d1800000, 0x00000005d1800000| Untracked 
| 158|0x00000005d2000000, 0x00000005d2000000, 0x00000005d2800000|  0%| F|  |TAMS 0x00000005d2000000, 0x00000005d2000000| Untracked 
| 159|0x00000005d2800000, 0x00000005d2800000, 0x00000005d3000000|  0%| F|  |TAMS 0x00000005d2800000, 0x00000005d2800000| Untracked 
| 160|0x00000005d3000000, 0x00000005d3000000, 0x00000005d3800000|  0%| F|  |TAMS 0x00000005d3000000, 0x00000005d3000000| Untracked 
| 161|0x00000005d3800000, 0x00000005d3800000, 0x00000005d4000000|  0%| F|  |TAMS 0x00000005d3800000, 0x00000005d3800000| Untracked 
| 162|0x00000005d4000000, 0x00000005d4000000, 0x00000005d4800000|  0%| F|  |TAMS 0x00000005d4000000, 0x00000005d4000000| Untracked 
| 163|0x00000005d4800000, 0x00000005d4800000, 0x00000005d5000000|  0%| F|  |TAMS 0x00000005d4800000, 0x00000005d4800000| Untracked 
| 164|0x00000005d5000000, 0x00000005d5000000, 0x00000005d5800000|  0%| F|  |TAMS 0x00000005d5000000, 0x00000005d5000000| Untracked 
| 165|0x00000005d5800000, 0x00000005d5800000, 0x00000005d6000000|  0%| F|  |TAMS 0x00000005d5800000, 0x00000005d5800000| Untracked 
| 166|0x00000005d6000000, 0x00000005d6000000, 0x00000005d6800000|  0%| F|  |TAMS 0x00000005d6000000, 0x00000005d6000000| Untracked 
| 167|0x00000005d6800000, 0x00000005d6800000, 0x00000005d7000000|  0%| F|  |TAMS 0x00000005d6800000, 0x00000005d6800000| Untracked 
| 168|0x00000005d7000000, 0x00000005d7000000, 0x00000005d7800000|  0%| F|  |TAMS 0x00000005d7000000, 0x00000005d7000000| Untracked 
| 169|0x00000005d7800000, 0x00000005d7800000, 0x00000005d8000000|  0%| F|  |TAMS 0x00000005d7800000, 0x00000005d7800000| Untracked 
| 170|0x00000005d8000000, 0x00000005d8000000, 0x00000005d8800000|  0%| F|  |TAMS 0x00000005d8000000, 0x00000005d8000000| Untracked 
| 171|0x00000005d8800000, 0x00000005d8800000, 0x00000005d9000000|  0%| F|  |TAMS 0x00000005d8800000, 0x00000005d8800000| Untracked 
| 172|0x00000005d9000000, 0x00000005d9000000, 0x00000005d9800000|  0%| F|  |TAMS 0x00000005d9000000, 0x00000005d9000000| Untracked 
| 173|0x00000005d9800000, 0x00000005d9800000, 0x00000005da000000|  0%| F|  |TAMS 0x00000005d9800000, 0x00000005d9800000| Untracked 
| 174|0x00000005da000000, 0x00000005da000000, 0x00000005da800000|  0%| F|  |TAMS 0x00000005da000000, 0x00000005da000000| Untracked 
| 175|0x00000005da800000, 0x00000005da800000, 0x00000005db000000|  0%| F|  |TAMS 0x00000005da800000, 0x00000005da800000| Untracked 
| 176|0x00000005db000000, 0x00000005db000000, 0x00000005db800000|  0%| F|  |TAMS 0x00000005db000000, 0x00000005db000000| Untracked 
| 177|0x00000005db800000, 0x00000005db800000, 0x00000005dc000000|  0%| F|  |TAMS 0x00000005db800000, 0x00000005db800000| Untracked 
| 178|0x00000005dc000000, 0x00000005dc000000, 0x00000005dc800000|  0%| F|  |TAMS 0x00000005dc000000, 0x00000005dc000000| Untracked 
| 179|0x00000005dc800000, 0x00000005dc800000, 0x00000005dd000000|  0%| F|  |TAMS 0x00000005dc800000, 0x00000005dc800000| Untracked 
| 180|0x00000005dd000000, 0x00000005dd000000, 0x00000005dd800000|  0%| F|  |TAMS 0x00000005dd000000, 0x00000005dd000000| Untracked 
| 181|0x00000005dd800000, 0x00000005dd800000, 0x00000005de000000|  0%| F|  |TAMS 0x00000005dd800000, 0x00000005dd800000| Untracked 
| 182|0x00000005de000000, 0x00000005de000000, 0x00000005de800000|  0%| F|  |TAMS 0x00000005de000000, 0x00000005de000000| Untracked 
| 183|0x00000005de800000, 0x00000005de800000, 0x00000005df000000|  0%| F|  |TAMS 0x00000005de800000, 0x00000005de800000| Untracked 
| 184|0x00000005df000000, 0x00000005df000000, 0x00000005df800000|  0%| F|  |TAMS 0x00000005df000000, 0x00000005df000000| Untracked 
| 185|0x00000005df800000, 0x00000005df800000, 0x00000005e0000000|  0%| F|  |TAMS 0x00000005df800000, 0x00000005df800000| Untracked 
| 186|0x00000005e0000000, 0x00000005e0000000, 0x00000005e0800000|  0%| F|  |TAMS 0x00000005e0000000, 0x00000005e0000000| Untracked 
| 187|0x00000005e0800000, 0x00000005e0800000, 0x00000005e1000000|  0%| F|  |TAMS 0x00000005e0800000, 0x00000005e0800000| Untracked 
| 188|0x00000005e1000000, 0x00000005e1000000, 0x00000005e1800000|  0%| F|  |TAMS 0x00000005e1000000, 0x00000005e1000000| Untracked 
| 189|0x00000005e1800000, 0x00000005e1800000, 0x00000005e2000000|  0%| F|  |TAMS 0x00000005e1800000, 0x00000005e1800000| Untracked 
| 190|0x00000005e2000000, 0x00000005e2000000, 0x00000005e2800000|  0%| F|  |TAMS 0x00000005e2000000, 0x00000005e2000000| Untracked 
| 191|0x00000005e2800000, 0x00000005e2800000, 0x00000005e3000000|  0%| F|  |TAMS 0x00000005e2800000, 0x00000005e2800000| Untracked 
| 192|0x00000005e3000000, 0x00000005e3000000, 0x00000005e3800000|  0%| F|  |TAMS 0x00000005e3000000, 0x00000005e3000000| Untracked 
| 193|0x00000005e3800000, 0x00000005e3800000, 0x00000005e4000000|  0%| F|  |TAMS 0x00000005e3800000, 0x00000005e3800000| Untracked 
| 194|0x00000005e4000000, 0x00000005e4000000, 0x00000005e4800000|  0%| F|  |TAMS 0x00000005e4000000, 0x00000005e4000000| Untracked 
| 195|0x00000005e4800000, 0x00000005e4800000, 0x00000005e5000000|  0%| F|  |TAMS 0x00000005e4800000, 0x00000005e4800000| Untracked 
| 196|0x00000005e5000000, 0x00000005e5000000, 0x00000005e5800000|  0%| F|  |TAMS 0x00000005e5000000, 0x00000005e5000000| Untracked 
| 197|0x00000005e5800000, 0x00000005e5800000, 0x00000005e6000000|  0%| F|  |TAMS 0x00000005e5800000, 0x00000005e5800000| Untracked 
| 198|0x00000005e6000000, 0x00000005e6000000, 0x00000005e6800000|  0%| F|  |TAMS 0x00000005e6000000, 0x00000005e6000000| Untracked 
| 199|0x00000005e6800000, 0x00000005e6800000, 0x00000005e7000000|  0%| F|  |TAMS 0x00000005e6800000, 0x00000005e6800000| Untracked 
| 200|0x00000005e7000000, 0x00000005e7000000, 0x00000005e7800000|  0%| F|  |TAMS 0x00000005e7000000, 0x00000005e7000000| Untracked 
| 201|0x00000005e7800000, 0x00000005e7800000, 0x00000005e8000000|  0%| F|  |TAMS 0x00000005e7800000, 0x00000005e7800000| Untracked 
| 202|0x00000005e8000000, 0x00000005e8000000, 0x00000005e8800000|  0%| F|  |TAMS 0x00000005e8000000, 0x00000005e8000000| Untracked 
| 203|0x00000005e8800000, 0x00000005e8800000, 0x00000005e9000000|  0%| F|  |TAMS 0x00000005e8800000, 0x00000005e8800000| Untracked 
| 204|0x00000005e9000000, 0x00000005e9000000, 0x00000005e9800000|  0%| F|  |TAMS 0x00000005e9000000, 0x00000005e9000000| Untracked 
| 205|0x00000005e9800000, 0x00000005e9800000, 0x00000005ea000000|  0%| F|  |TAMS 0x00000005e9800000, 0x00000005e9800000| Untracked 
| 206|0x00000005ea000000, 0x00000005ea000000, 0x00000005ea800000|  0%| F|  |TAMS 0x00000005ea000000, 0x00000005ea000000| Untracked 
| 207|0x00000005ea800000, 0x00000005ea800000, 0x00000005eb000000|  0%| F|  |TAMS 0x00000005ea800000, 0x00000005ea800000| Untracked 
| 208|0x00000005eb000000, 0x00000005eb000000, 0x00000005eb800000|  0%| F|  |TAMS 0x00000005eb000000, 0x00000005eb000000| Untracked 
| 209|0x00000005eb800000, 0x00000005eb800000, 0x00000005ec000000|  0%| F|  |TAMS 0x00000005eb800000, 0x00000005eb800000| Untracked 
| 210|0x00000005ec000000, 0x00000005ec000000, 0x00000005ec800000|  0%| F|  |TAMS 0x00000005ec000000, 0x00000005ec000000| Untracked 
| 211|0x00000005ec800000, 0x00000005ec800000, 0x00000005ed000000|  0%| F|  |TAMS 0x00000005ec800000, 0x00000005ec800000| Untracked 
| 212|0x00000005ed000000, 0x00000005ed000000, 0x00000005ed800000|  0%| F|  |TAMS 0x00000005ed000000, 0x00000005ed000000| Untracked 
| 213|0x00000005ed800000, 0x00000005ed800000, 0x00000005ee000000|  0%| F|  |TAMS 0x00000005ed800000, 0x00000005ed800000| Untracked 
| 214|0x00000005ee000000, 0x00000005ee000000, 0x00000005ee800000|  0%| F|  |TAMS 0x00000005ee000000, 0x00000005ee000000| Untracked 
| 215|0x00000005ee800000, 0x00000005ee800000, 0x00000005ef000000|  0%| F|  |TAMS 0x00000005ee800000, 0x00000005ee800000| Untracked 
| 216|0x00000005ef000000, 0x00000005ef000000, 0x00000005ef800000|  0%| F|  |TAMS 0x00000005ef000000, 0x00000005ef000000| Untracked 
| 217|0x00000005ef800000, 0x00000005ef800000, 0x00000005f0000000|  0%| F|  |TAMS 0x00000005ef800000, 0x00000005ef800000| Untracked 
| 218|0x00000005f0000000, 0x00000005f0000000, 0x00000005f0800000|  0%| F|  |TAMS 0x00000005f0000000, 0x00000005f0000000| Untracked 
| 219|0x00000005f0800000, 0x00000005f0800000, 0x00000005f1000000|  0%| F|  |TAMS 0x00000005f0800000, 0x00000005f0800000| Untracked 
| 220|0x00000005f1000000, 0x00000005f1000000, 0x00000005f1800000|  0%| F|  |TAMS 0x00000005f1000000, 0x00000005f1000000| Untracked 
| 221|0x00000005f1800000, 0x00000005f1800000, 0x00000005f2000000|  0%| F|  |TAMS 0x00000005f1800000, 0x00000005f1800000| Untracked 
| 222|0x00000005f2000000, 0x00000005f2000000, 0x00000005f2800000|  0%| F|  |TAMS 0x00000005f2000000, 0x00000005f2000000| Untracked 
| 223|0x00000005f2800000, 0x00000005f2800000, 0x00000005f3000000|  0%| F|  |TAMS 0x00000005f2800000, 0x00000005f2800000| Untracked 
| 224|0x00000005f3000000, 0x00000005f3000000, 0x00000005f3800000|  0%| F|  |TAMS 0x00000005f3000000, 0x00000005f3000000| Untracked 
| 225|0x00000005f3800000, 0x00000005f3800000, 0x00000005f4000000|  0%| F|  |TAMS 0x00000005f3800000, 0x00000005f3800000| Untracked 
| 226|0x00000005f4000000, 0x00000005f4000000, 0x00000005f4800000|  0%| F|  |TAMS 0x00000005f4000000, 0x00000005f4000000| Untracked 
| 227|0x00000005f4800000, 0x00000005f4800000, 0x00000005f5000000|  0%| F|  |TAMS 0x00000005f4800000, 0x00000005f4800000| Untracked 
| 228|0x00000005f5000000, 0x00000005f5000000, 0x00000005f5800000|  0%| F|  |TAMS 0x00000005f5000000, 0x00000005f5000000| Untracked 
| 229|0x00000005f5800000, 0x00000005f5800000, 0x00000005f6000000|  0%| F|  |TAMS 0x00000005f5800000, 0x00000005f5800000| Untracked 
| 230|0x00000005f6000000, 0x00000005f6000000, 0x00000005f6800000|  0%| F|  |TAMS 0x00000005f6000000, 0x00000005f6000000| Untracked 
| 231|0x00000005f6800000, 0x00000005f6800000, 0x00000005f7000000|  0%| F|  |TAMS 0x00000005f6800000, 0x00000005f6800000| Untracked 
| 232|0x00000005f7000000, 0x00000005f7000000, 0x00000005f7800000|  0%| F|  |TAMS 0x00000005f7000000, 0x00000005f7000000| Untracked 
| 233|0x00000005f7800000, 0x00000005f7800000, 0x00000005f8000000|  0%| F|  |TAMS 0x00000005f7800000, 0x00000005f7800000| Untracked 
| 234|0x00000005f8000000, 0x00000005f8000000, 0x00000005f8800000|  0%| F|  |TAMS 0x00000005f8000000, 0x00000005f8000000| Untracked 
| 235|0x00000005f8800000, 0x00000005f8800000, 0x00000005f9000000|  0%| F|  |TAMS 0x00000005f8800000, 0x00000005f8800000| Untracked 
| 236|0x00000005f9000000, 0x00000005f9000000, 0x00000005f9800000|  0%| F|  |TAMS 0x00000005f9000000, 0x00000005f9000000| Untracked 
| 237|0x00000005f9800000, 0x00000005f9800000, 0x00000005fa000000|  0%| F|  |TAMS 0x00000005f9800000, 0x00000005f9800000| Untracked 
| 238|0x00000005fa000000, 0x00000005fa000000, 0x00000005fa800000|  0%| F|  |TAMS 0x00000005fa000000, 0x00000005fa000000| Untracked 
| 239|0x00000005fa800000, 0x00000005fa800000, 0x00000005fb000000|  0%| F|  |TAMS 0x00000005fa800000, 0x00000005fa800000| Untracked 
| 240|0x00000005fb000000, 0x00000005fb000000, 0x00000005fb800000|  0%| F|  |TAMS 0x00000005fb000000, 0x00000005fb000000| Untracked 
| 241|0x00000005fb800000, 0x00000005fb800000, 0x00000005fc000000|  0%| F|  |TAMS 0x00000005fb800000, 0x00000005fb800000| Untracked 
| 242|0x00000005fc000000, 0x00000005fc000000, 0x00000005fc800000|  0%| F|  |TAMS 0x00000005fc000000, 0x00000005fc000000| Untracked 
| 243|0x00000005fc800000, 0x00000005fc800000, 0x00000005fd000000|  0%| F|  |TAMS 0x00000005fc800000, 0x00000005fc800000| Untracked 
| 244|0x00000005fd000000, 0x00000005fd000000, 0x00000005fd800000|  0%| F|  |TAMS 0x00000005fd000000, 0x00000005fd000000| Untracked 
| 245|0x00000005fd800000, 0x00000005fd800000, 0x00000005fe000000|  0%| F|  |TAMS 0x00000005fd800000, 0x00000005fd800000| Untracked 
| 246|0x00000005fe000000, 0x00000005fe000000, 0x00000005fe800000|  0%| F|  |TAMS 0x00000005fe000000, 0x00000005fe000000| Untracked 
| 247|0x00000005fe800000, 0x00000005fe800000, 0x00000005ff000000|  0%| F|  |TAMS 0x00000005fe800000, 0x00000005fe800000| Untracked 
| 248|0x00000005ff000000, 0x00000005ff000000, 0x00000005ff800000|  0%| F|  |TAMS 0x00000005ff000000, 0x00000005ff000000| Untracked 
| 249|0x00000005ff800000, 0x00000005ff800000, 0x0000000600000000|  0%| F|  |TAMS 0x00000005ff800000, 0x00000005ff800000| Untracked 
| 250|0x0000000600000000, 0x0000000600000000, 0x0000000600800000|  0%| F|  |TAMS 0x0000000600000000, 0x0000000600000000| Untracked 
| 251|0x0000000600800000, 0x0000000600800000, 0x0000000601000000|  0%| F|  |TAMS 0x0000000600800000, 0x0000000600800000| Untracked 
| 252|0x0000000601000000, 0x0000000601000000, 0x0000000601800000|  0%| F|  |TAMS 0x0000000601000000, 0x0000000601000000| Untracked 
| 253|0x0000000601800000, 0x0000000601800000, 0x0000000602000000|  0%| F|  |TAMS 0x0000000601800000, 0x0000000601800000| Untracked 
| 254|0x0000000602000000, 0x0000000602000000, 0x0000000602800000|  0%| F|  |TAMS 0x0000000602000000, 0x0000000602000000| Untracked 
| 255|0x0000000602800000, 0x0000000602800000, 0x0000000603000000|  0%| F|  |TAMS 0x0000000602800000, 0x0000000602800000| Untracked 
| 256|0x0000000603000000, 0x0000000603000000, 0x0000000603800000|  0%| F|  |TAMS 0x0000000603000000, 0x0000000603000000| Untracked 
| 257|0x0000000603800000, 0x0000000603800000, 0x0000000604000000|  0%| F|  |TAMS 0x0000000603800000, 0x0000000603800000| Untracked 
| 258|0x0000000604000000, 0x0000000604000000, 0x0000000604800000|  0%| F|  |TAMS 0x0000000604000000, 0x0000000604000000| Untracked 
| 259|0x0000000604800000, 0x0000000604800000, 0x0000000605000000|  0%| F|  |TAMS 0x0000000604800000, 0x0000000604800000| Untracked 
| 260|0x0000000605000000, 0x0000000605000000, 0x0000000605800000|  0%| F|  |TAMS 0x0000000605000000, 0x0000000605000000| Untracked 
| 261|0x0000000605800000, 0x0000000605800000, 0x0000000606000000|  0%| F|  |TAMS 0x0000000605800000, 0x0000000605800000| Untracked 
| 262|0x0000000606000000, 0x0000000606000000, 0x0000000606800000|  0%| F|  |TAMS 0x0000000606000000, 0x0000000606000000| Untracked 
| 263|0x0000000606800000, 0x0000000606800000, 0x0000000607000000|  0%| F|  |TAMS 0x0000000606800000, 0x0000000606800000| Untracked 
| 264|0x0000000607000000, 0x0000000607000000, 0x0000000607800000|  0%| F|  |TAMS 0x0000000607000000, 0x0000000607000000| Untracked 
| 265|0x0000000607800000, 0x0000000607800000, 0x0000000608000000|  0%| F|  |TAMS 0x0000000607800000, 0x0000000607800000| Untracked 
| 266|0x0000000608000000, 0x0000000608000000, 0x0000000608800000|  0%| F|  |TAMS 0x0000000608000000, 0x0000000608000000| Untracked 
| 267|0x0000000608800000, 0x0000000608800000, 0x0000000609000000|  0%| F|  |TAMS 0x0000000608800000, 0x0000000608800000| Untracked 
| 268|0x0000000609000000, 0x0000000609000000, 0x0000000609800000|  0%| F|  |TAMS 0x0000000609000000, 0x0000000609000000| Untracked 
| 269|0x0000000609800000, 0x0000000609800000, 0x000000060a000000|  0%| F|  |TAMS 0x0000000609800000, 0x0000000609800000| Untracked 
| 270|0x000000060a000000, 0x000000060a000000, 0x000000060a800000|  0%| F|  |TAMS 0x000000060a000000, 0x000000060a000000| Untracked 
| 271|0x000000060a800000, 0x000000060a800000, 0x000000060b000000|  0%| F|  |TAMS 0x000000060a800000, 0x000000060a800000| Untracked 
| 272|0x000000060b000000, 0x000000060b000000, 0x000000060b800000|  0%| F|  |TAMS 0x000000060b000000, 0x000000060b000000| Untracked 
| 273|0x000000060b800000, 0x000000060b800000, 0x000000060c000000|  0%| F|  |TAMS 0x000000060b800000, 0x000000060b800000| Untracked 
| 274|0x000000060c000000, 0x000000060c000000, 0x000000060c800000|  0%| F|  |TAMS 0x000000060c000000, 0x000000060c000000| Untracked 
| 275|0x000000060c800000, 0x000000060c800000, 0x000000060d000000|  0%| F|  |TAMS 0x000000060c800000, 0x000000060c800000| Untracked 
| 276|0x000000060d000000, 0x000000060d000000, 0x000000060d800000|  0%| F|  |TAMS 0x000000060d000000, 0x000000060d000000| Untracked 
| 310|0x000000061e000000, 0x000000061e000000, 0x000000061e800000|  0%| F|  |TAMS 0x000000061e000000, 0x000000061e000000| Untracked 
| 311|0x000000061e800000, 0x000000061efebe68, 0x000000061f000000| 99%| S|CS|TAMS 0x000000061e800000, 0x000000061e800000| Complete 
| 312|0x000000061f000000, 0x000000061f000000, 0x000000061f800000|  0%| F|  |TAMS 0x000000061f000000, 0x000000061f000000| Untracked 
| 313|0x000000061f800000, 0x000000061f800000, 0x0000000620000000|  0%| F|  |TAMS 0x000000061f800000, 0x000000061f800000| Untracked 
| 314|0x0000000620000000, 0x0000000620000000, 0x0000000620800000|  0%| F|  |TAMS 0x0000000620000000, 0x0000000620000000| Untracked 

Card table byte_map: [0x0000024840c50000,0x0000024842040000] _byte_map_base: 0x000002483e038000

Marking Bits (Prev, Next): (CMBitMap*) 0x0000024828d081e0, (CMBitMap*) 0x0000024828d081a0
 Prev Bits: [0x000002484d370000, 0x00000248572b0000)
 Next Bits: [0x0000024843430000, 0x000002484d370000)

Polling page: 0x0000024826bc0000

Metaspace:

Usage:
  Non-class:     85.09 MB used.
      Class:     13.20 MB used.
       Both:     98.28 MB used.

Virtual space:
  Non-class space:      128.00 MB reserved,      85.44 MB ( 67%) committed,  2 nodes.
      Class space:        1.00 GB reserved,      13.56 MB (  1%) committed,  1 nodes.
             Both:        1.12 GB reserved,      99.00 MB (  9%) committed. 

Chunk freelists:
   Non-Class:  10.44 MB
       Class:  2.35 MB
        Both:  12.79 MB

MaxMetaspaceSize: unlimited
CompressedClassSpaceSize: 1.00 GB
Initial GC threshold: 21.00 MB
Current GC threshold: 165.00 MB
CDS: on
MetaspaceReclaimPolicy: balanced
 - commit_granule_bytes: 65536.
 - commit_granule_words: 8192.
 - virtual_space_node_default_size: 8388608.
 - enlarge_chunks_in_place: 1.
 - new_chunks_are_fully_committed: 0.
 - uncommit_free_chunks: 1.
 - use_allocation_guard: 0.
 - handle_deallocations: 1.


Internal statistics:

num_allocs_failed_limit: 12.
num_arena_births: 1142.
num_arena_deaths: 4.
num_vsnodes_births: 3.
num_vsnodes_deaths: 0.
num_space_committed: 1584.
num_space_uncommitted: 0.
num_chunks_returned_to_freelist: 17.
num_chunks_taken_from_freelist: 4811.
num_chunk_merges: 12.
num_chunk_splits: 3416.
num_chunks_enlarged: 2575.
num_inconsistent_stats: 0.

CodeHeap 'non-profiled nmethods': size=120000Kb used=9445Kb max_used=9445Kb free=110554Kb
 bounds [0x0000024838000000, 0x0000024838940000, 0x000002483f530000]
CodeHeap 'profiled nmethods': size=120000Kb used=19292Kb max_used=20407Kb free=100707Kb
 bounds [0x0000024830530000, 0x0000024831930000, 0x0000024837a60000]
CodeHeap 'non-nmethods': size=5760Kb used=1433Kb max_used=1513Kb free=4326Kb
 bounds [0x0000024837a60000, 0x0000024837cd0000, 0x0000024838000000]
 total_blobs=11188 nmethods=10423 adapters=676
 compilation: enabled
              stopped_count=0, restarted_count=0
 full_count=0

Compilation events (20 events):
Event: 1624.455 Thread 0x00000248a09b31c0 12834       4       org.apache.poi.xssf.usermodel.XSSFSheet::createRow (193 bytes)
Event: 1624.516 Thread 0x000002485748d500 nmethod 12812 0x0000024838916190 code [0x0000024838916a60, 0x000002483891fb40]
Event: 1624.517 Thread 0x000002485748d500 12836   !   4       org.openxmlformats.schemas.spreadsheetml.x2006.main.impl.CTSstImpl::addNewSi (40 bytes)
Event: 1624.544 Thread 0x000002485748d500 nmethod 12836 0x0000024838925690 code [0x00000248389258c0, 0x0000024838926740]
Event: 1624.544 Thread 0x000002485748d500 12837   !   4       org.apache.xmlbeans.impl.values.XmlObjectBase::set (313 bytes)
Event: 1624.571 Thread 0x00000248a09b2cb0 nmethod 12833 0x0000024838927110 code [0x00000248389275a0, 0x000002483892b798]
Event: 1624.572 Thread 0x00000248a09b2cb0 12838       4       org.apache.xmlbeans.impl.values.XmlObjectBase::setterHelper (36 bytes)
Event: 1624.576 Thread 0x00000248a09b31c0 nmethod 12834 0x000002483892e090 code [0x000002483892e520, 0x0000024838932718]
Event: 1624.576 Thread 0x00000248a09b31c0 12835   !   4       jdk.internal.reflect.GeneratedConstructorAccessor88::newInstance (53 bytes)
Event: 1624.581 Thread 0x00000248a09b31c0 nmethod 12835 0x0000024838934f90 code [0x0000024838935140, 0x0000024838935388]
Event: 1624.582 Thread 0x00000248a09b2cb0 nmethod 12838 0x0000024838935590 code [0x00000248389357c0, 0x0000024838935d30]
Event: 1624.584 Thread 0x000002485748d500 nmethod 12837 0x0000024838936310 code [0x0000024838936600, 0x0000024838937d50]
Event: 1624.605 Thread 0x00000248a09b31c0 12839       4       org.apache.xmlbeans.impl.schema.SchemaTypeImpl::createBuiltinInstance (618 bytes)
Event: 1624.606 Thread 0x00000248a09b31c0 nmethod 12839 0x0000024838938f10 code [0x00000248389390a0, 0x00000248389391b8]
Event: 1624.807 Thread 0x0000024857496d00 12840       3       org.apache.xmlbeans.impl.store.Locale::pollQueue (43 bytes)
Event: 1624.808 Thread 0x0000024857496d00 nmethod 12840 0x0000024830a39f90 code [0x0000024830a3a180, 0x0000024830a3a758]
Event: 1625.367 Thread 0x00000248a09b31c0 12841       4       javax.management.openmbean.SimpleType::equals (26 bytes)
Event: 1625.369 Thread 0x00000248a09b31c0 nmethod 12841 0x0000024838939290 code [0x0000024838939420, 0x0000024838939638]
Event: 1626.379 Thread 0x0000024857496d00 12842       3       java.util.TreeMap$TreeMapSpliterator::getEstimate (68 bytes)
Event: 1626.380 Thread 0x0000024857496d00 nmethod 12842 0x00000248307fe910 code [0x00000248307feae0, 0x00000248307feee8]

GC Heap History (20 events):
Event: 693.798 GC heap after
{Heap after GC invocations=47 (full 0):
 garbage-first heap   total 2514944K, used 656470K [0x0000000583000000, 0x0000000800000000)
  region size 8192K, 2 young (16384K), 2 survivors (16384K)
 Metaspace       used 93835K, committed 94592K, reserved 1179648K
  class space    used 12693K, committed 13056K, reserved 1048576K
}
Event: 836.255 GC heap before
{Heap before GC invocations=47 (full 0):
 garbage-first heap   total 2514944K, used 869462K [0x0000000583000000, 0x0000000800000000)
  region size 8192K, 30 young (245760K), 2 survivors (16384K)
 Metaspace       used 93867K, committed 94592K, reserved 1179648K
  class space    used 12693K, committed 13056K, reserved 1048576K
}
Event: 836.340 GC heap after
{Heap after GC invocations=48 (full 0):
 garbage-first heap   total 2514944K, used 730740K [0x0000000583000000, 0x0000000800000000)
  region size 8192K, 8 young (65536K), 8 survivors (65536K)
 Metaspace       used 93867K, committed 94592K, reserved 1179648K
  class space    used 12693K, committed 13056K, reserved 1048576K
}
Event: 854.824 GC heap before
{Heap before GC invocations=49 (full 0):
 garbage-first heap   total 1638400K, used 722548K [0x0000000583000000, 0x0000000800000000)
  region size 8192K, 42 young (344064K), 8 survivors (65536K)
 Metaspace       used 93880K, committed 94592K, reserved 1179648K
  class space    used 12693K, committed 13056K, reserved 1048576K
}
Event: 854.950 GC heap after
{Heap after GC invocations=50 (full 0):
 garbage-first heap   total 1638400K, used 525299K [0x0000000583000000, 0x0000000800000000)
  region size 8192K, 6 young (49152K), 6 survivors (49152K)
 Metaspace       used 93880K, committed 94592K, reserved 1179648K
  class space    used 12693K, committed 13056K, reserved 1048576K
}
Event: 855.158 GC heap before
{Heap before GC invocations=50 (full 0):
 garbage-first heap   total 1638400K, used 558067K [0x0000000583000000, 0x0000000800000000)
  region size 8192K, 10 young (81920K), 6 survivors (49152K)
 Metaspace       used 93880K, committed 94592K, reserved 1179648K
  class space    used 12693K, committed 13056K, reserved 1048576K
}
Event: 855.227 GC heap after
{Heap after GC invocations=51 (full 0):
 garbage-first heap   total 1638400K, used 388211K [0x0000000583000000, 0x0000000800000000)
  region size 8192K, 2 young (16384K), 2 survivors (16384K)
 Metaspace       used 93880K, committed 94592K, reserved 1179648K
  class space    used 12693K, committed 13056K, reserved 1048576K
}
Event: 1107.684 GC heap before
{Heap before GC invocations=51 (full 0):
 garbage-first heap   total 1638400K, used 445555K [0x0000000583000000, 0x0000000800000000)
  region size 8192K, 10 young (81920K), 2 survivors (16384K)
 Metaspace       used 93920K, committed 94656K, reserved 1179648K
  class space    used 12694K, committed 13056K, reserved 1048576K
}
Event: 1107.705 GC heap after
{Heap after GC invocations=52 (full 0):
 garbage-first heap   total 1638400K, used 396848K [0x0000000583000000, 0x0000000800000000)
  region size 8192K, 2 young (16384K), 2 survivors (16384K)
 Metaspace       used 93920K, committed 94656K, reserved 1179648K
  class space    used 12694K, committed 13056K, reserved 1048576K
}
Event: 1108.314 GC heap before
{Heap before GC invocations=52 (full 0):
 garbage-first heap   total 1638400K, used 536112K [0x0000000583000000, 0x0000000800000000)
  region size 8192K, 21 young (172032K), 2 survivors (16384K)
 Metaspace       used 93924K, committed 94656K, reserved 1179648K
  class space    used 12694K, committed 13056K, reserved 1048576K
}
Event: 1108.377 GC heap after
{Heap after GC invocations=53 (full 0):
 garbage-first heap   total 1638400K, used 454927K [0x0000000583000000, 0x0000000800000000)
  region size 8192K, 10 young (81920K), 10 survivors (81920K)
 Metaspace       used 93924K, committed 94656K, reserved 1179648K
  class space    used 12694K, committed 13056K, reserved 1048576K
}
Event: 1619.956 GC heap before
{Heap before GC invocations=54 (full 0):
 garbage-first heap   total 1392640K, used 753087K [0x0000000583000000, 0x0000000800000000)
  region size 8192K, 58 young (475136K), 10 survivors (81920K)
 Metaspace       used 97625K, committed 98368K, reserved 1179648K
  class space    used 13123K, committed 13504K, reserved 1048576K
}
Event: 1620.060 GC heap after
{Heap after GC invocations=55 (full 0):
 garbage-first heap   total 1392640K, used 384113K [0x0000000583000000, 0x0000000800000000)
  region size 8192K, 8 young (65536K), 8 survivors (65536K)
 Metaspace       used 97625K, committed 98368K, reserved 1179648K
  class space    used 13123K, committed 13504K, reserved 1048576K
}
Event: 1620.077 GC heap before
{Heap before GC invocations=55 (full 0):
 garbage-first heap   total 1392640K, used 392305K [0x0000000583000000, 0x0000000800000000)
  region size 8192K, 9 young (73728K), 8 survivors (65536K)
 Metaspace       used 97625K, committed 98368K, reserved 1179648K
  class space    used 13123K, committed 13504K, reserved 1048576K
}
Event: 1620.159 GC heap after
{Heap after GC invocations=56 (full 0):
 garbage-first heap   total 1392640K, used 307563K [0x0000000583000000, 0x0000000800000000)
  region size 8192K, 1 young (8192K), 1 survivors (8192K)
 Metaspace       used 97625K, committed 98368K, reserved 1179648K
  class space    used 13123K, committed 13504K, reserved 1048576K
}
Event: 1625.327 GC heap before
{Heap before GC invocations=56 (full 0):
 garbage-first heap   total 1392640K, used 987499K [0x0000000583000000, 0x0000000800000000)
  region size 8192K, 84 young (688128K), 1 survivors (8192K)
 Metaspace       used 100642K, committed 101376K, reserved 1179648K
  class space    used 13514K, committed 13888K, reserved 1048576K
}
Event: 1625.366 GC heap after
{Heap after GC invocations=57 (full 0):
 garbage-first heap   total 1392640K, used 350101K [0x0000000583000000, 0x0000000800000000)
  region size 8192K, 6 young (49152K), 6 survivors (49152K)
 Metaspace       used 100642K, committed 101376K, reserved 1179648K
  class space    used 13514K, committed 13888K, reserved 1048576K
}
Event: 1626.327 GC heap before
{Heap before GC invocations=58 (full 0):
 garbage-first heap   total 1392640K, used 859316K [0x0000000583000000, 0x0000000800000000)
  region size 8192K, 78 young (638976K), 6 survivors (49152K)
 Metaspace       used 100642K, committed 101376K, reserved 1179648K
  class space    used 13514K, committed 13888K, reserved 1048576K
}
Event: 1626.378 GC heap after
{Heap after GC invocations=59 (full 0):
 garbage-first heap   total 1392640K, used 308859K [0x0000000583000000, 0x0000000800000000)
  region size 8192K, 5 young (40960K), 5 survivors (40960K)
 Metaspace       used 100642K, committed 101376K, reserved 1179648K
  class space    used 13514K, committed 13888K, reserved 1048576K
}
Event: 1626.418 GC heap before
{Heap before GC invocations=59 (full 0):
 garbage-first heap   total 1392640K, used 333435K [0x0000000583000000, 0x0000000800000000)
  region size 8192K, 8 young (65536K), 5 survivors (40960K)
 Metaspace       used 100642K, committed 101376K, reserved 1179648K
  class space    used 13514K, committed 13888K, reserved 1048576K
}

Deoptimization events (20 events):
Event: 1620.634 Thread 0x00000248a07563f0 Uncommon trap: trap_request=0xffffff45 fr.pc=0x000002483817ea60 relative=0x0000000000001fe0
Event: 1620.634 Thread 0x00000248a07563f0 Uncommon trap: reason=unstable_if action=reinterpret pc=0x000002483817ea60 method=jdk.internal.jimage.ImageLocation.verifyName(Ljava/lang/String;Ljava/lang/String;IIIIIILjdk/internal/jimage/ImageStrings;)Z @ 2 c2
Event: 1620.634 Thread 0x00000248a07563f0 DEOPT PACKING pc=0x000002483817ea60 sp=0x000000af41dfbf90
Event: 1620.635 Thread 0x00000248a07563f0 DEOPT UNPACKING pc=0x0000024837ab5ba3 sp=0x000000af41dfbd18 mode 2
Event: 1620.705 Thread 0x00000248a07563f0 Uncommon trap: trap_request=0xffffffbe fr.pc=0x0000024838129690 relative=0x0000000000000470
Event: 1620.705 Thread 0x00000248a07563f0 Uncommon trap: reason=profile_predicate action=maybe_recompile pc=0x0000024838129690 method=jdk.internal.jimage.ImageStringsReader.stringFromByteBufferMatches(Ljava/nio/ByteBuffer;ILjava/lang/String;I)I @ 19 c2
Event: 1620.705 Thread 0x00000248a07563f0 DEOPT PACKING pc=0x0000024838129690 sp=0x000000af41dfbc50
Event: 1620.705 Thread 0x00000248a07563f0 DEOPT UNPACKING pc=0x0000024837ab5ba3 sp=0x000000af41dfbb50 mode 2
Event: 1620.705 Thread 0x00000248a07563f0 Uncommon trap: trap_request=0xffffffbe fr.pc=0x0000024838129690 relative=0x0000000000000470
Event: 1620.705 Thread 0x00000248a07563f0 Uncommon trap: reason=profile_predicate action=maybe_recompile pc=0x0000024838129690 method=jdk.internal.jimage.ImageStringsReader.stringFromByteBufferMatches(Ljava/nio/ByteBuffer;ILjava/lang/String;I)I @ 19 c2
Event: 1620.705 Thread 0x00000248a07563f0 DEOPT PACKING pc=0x0000024838129690 sp=0x000000af41dfbc50
Event: 1620.705 Thread 0x00000248a07563f0 DEOPT UNPACKING pc=0x0000024837ab5ba3 sp=0x000000af41dfbb50 mode 2
Event: 1620.705 Thread 0x00000248a07563f0 Uncommon trap: trap_request=0xffffffbe fr.pc=0x0000024838129690 relative=0x0000000000000470
Event: 1620.705 Thread 0x00000248a07563f0 Uncommon trap: reason=profile_predicate action=maybe_recompile pc=0x0000024838129690 method=jdk.internal.jimage.ImageStringsReader.stringFromByteBufferMatches(Ljava/nio/ByteBuffer;ILjava/lang/String;I)I @ 19 c2
Event: 1620.705 Thread 0x00000248a07563f0 DEOPT PACKING pc=0x0000024838129690 sp=0x000000af41dfbc50
Event: 1620.705 Thread 0x00000248a07563f0 DEOPT UNPACKING pc=0x0000024837ab5ba3 sp=0x000000af41dfbb50 mode 2
Event: 1620.705 Thread 0x00000248a07563f0 Uncommon trap: trap_request=0xffffffbe fr.pc=0x0000024838129690 relative=0x0000000000000470
Event: 1620.705 Thread 0x00000248a07563f0 Uncommon trap: reason=profile_predicate action=maybe_recompile pc=0x0000024838129690 method=jdk.internal.jimage.ImageStringsReader.stringFromByteBufferMatches(Ljava/nio/ByteBuffer;ILjava/lang/String;I)I @ 19 c2
Event: 1620.705 Thread 0x00000248a07563f0 DEOPT PACKING pc=0x0000024838129690 sp=0x000000af41dfbc50
Event: 1620.705 Thread 0x00000248a07563f0 DEOPT UNPACKING pc=0x0000024837ab5ba3 sp=0x000000af41dfbb50 mode 2

Classes unloaded (2 events):
Event: 100.972 Thread 0x000002485746f880 Unloading class 0x000002485bc9c400 'java/lang/invoke/LambdaForm$DMH+0x000002485bc9c400'
Event: 100.972 Thread 0x000002485746f880 Unloading class 0x000002485ba4cc00 'jdk/internal/reflect/GeneratedSerializationConstructorAccessor26'

Classes redefined (0 events):
No events

Internal exceptions (20 events):
Event: 27.136 Thread 0x00000248a1931a80 Exception <a 'java/lang/ClassNotFoundException'{0x00000005aad2ba38}: org/springframework/boot/actuate/endpoint/jmx/DataEndpointMBean> (0x00000005aad2ba38) 
thrown [s\open\src\hotspot\share\classfile\systemDictionary.cpp, line 256]
Event: 27.136 Thread 0x00000248a1931a80 Exception <a 'java/lang/ClassNotFoundException'{0x00000005aad2bdf0}: org/springframework/context/support/LiveBeansView> (0x00000005aad2bdf0) 
thrown [s\open\src\hotspot\share\classfile\systemDictionary.cpp, line 256]
Event: 27.144 Thread 0x00000248a1931a80 Exception <a 'java/lang/NoSuchMethodError'{0x00000005aad5ff48}: 'double java.lang.invoke.DirectMethodHandle$Holder.invokeInterface(java.lang.Object, java.lang.Object)'> (0x00000005aad5ff48) 
thrown [s\open\src\hotspot\share\interpreter\linkResolver.cpp, line 759]
Event: 93.968 Thread 0x00000248a07516f0 Exception <a 'java/lang/NoSuchMethodError'{0x00000005aa955ad8}: 'java.lang.Object java.lang.invoke.DirectMethodHandle$Holder.invokeSpecial(java.lang.Object, java.lang.Object, java.lang.Object, java.lang.Object, java.lang.Object, long)'> (0x00000005aa955ad8) 
thrown [s\open\src\hotspot\share\interpreter\linkResolver.cpp, line 759]
Event: 93.969 Thread 0x00000248a07516f0 Exception <a 'java/lang/NoSuchMethodError'{0x00000005aa9594d0}: 'java.lang.Object java.lang.invoke.Invokers$Holder.linkToTargetMethod(java.lang.Object, java.lang.Object, java.lang.Object, long, java.lang.Object)'> (0x00000005aa9594d0) 
thrown [s\open\src\hotspot\share\interpreter\linkResolver.cpp, line 759]
Event: 94.300 Thread 0x00000248a07516f0 Exception <a 'java/lang/NoSuchMethodError'{0x00000005aaea3be8}: 'java.lang.Object java.lang.invoke.DirectMethodHandle$Holder.invokeInterface(java.lang.Object, java.lang.Object, java.lang.Object, java.lang.Object)'> (0x00000005aaea3be8) 
thrown [s\open\src\hotspot\share\interpreter\linkResolver.cpp, line 759]
Event: 94.300 Thread 0x00000248a0754240 Exception <a 'java/lang/NoSuchMethodError'{0x00000005aaeab9e0}: 'java.lang.Object java.lang.invoke.DirectMethodHandle$Holder.invokeInterface(java.lang.Object, java.lang.Object, java.lang.Object, java.lang.Object)'> (0x00000005aaeab9e0) 
thrown [s\open\src\hotspot\share\interpreter\linkResolver.cpp, line 759]
Event: 94.585 Thread 0x00000248a0754240 Exception <a 'java/lang/IncompatibleClassChangeError'{0x00000005a941d8b8}: Found class java.lang.Object, but interface was expected> (0x00000005a941d8b8) 
thrown [s\open\src\hotspot\share\interpreter\linkResolver.cpp, line 826]
Event: 94.623 Thread 0x00000248a0754240 Exception <a 'java/lang/NoSuchMethodError'{0x00000005a946e018}: 'java.lang.Object java.lang.invoke.DirectMethodHandle$Holder.newInvokeSpecial(java.lang.Object, java.lang.Object, java.lang.Object, long)'> (0x00000005a946e018) 
thrown [s\open\src\hotspot\share\interpreter\linkResolver.cpp, line 759]
Event: 94.624 Thread 0x00000248a0754240 Exception <a 'java/lang/NoSuchMethodError'{0x00000005a94725a8}: 'java.lang.Object java.lang.invoke.DirectMethodHandle$Holder.invokeSpecial(java.lang.Object, java.lang.Object, java.lang.Object, java.lang.Object, long)'> (0x00000005a94725a8) 
thrown [s\open\src\hotspot\share\interpreter\linkResolver.cpp, line 759]
Event: 94.624 Thread 0x00000248a0754240 Exception <a 'java/lang/NoSuchMethodError'{0x00000005a9476490}: 'java.lang.Object java.lang.invoke.Invokers$Holder.linkToTargetMethod(java.lang.Object, java.lang.Object, long, java.lang.Object)'> (0x00000005a9476490) 
thrown [s\open\src\hotspot\share\interpreter\linkResolver.cpp, line 759]
Event: 98.316 Thread 0x00000248a0752090 Implicit null exception at 0x000002483875b08a to 0x000002483875b154
Event: 98.318 Thread 0x00000248a07516f0 Implicit null exception at 0x000002483875b08a to 0x000002483875b154
Event: 98.869 Thread 0x00000248a0756d90 Implicit null exception at 0x0000024838335fdc to 0x0000024838336ba8
Event: 103.894 Thread 0x00000248a07516f0 Implicit null exception at 0x00000248387ef60a to 0x00000248387ef7d0
Event: 1439.008 Thread 0x00000248a3dd0610 Exception <a 'java/net/SocketException'{0x00000005cd33dbb8}: Connection reset by peer: shutdown> (0x00000005cd33dbb8) 
thrown [s\open\src\hotspot\share\prims\jni.cpp, line 535]
Event: 1619.179 Thread 0x00000248a07563f0 Exception <a 'java/lang/IncompatibleClassChangeError'{0x00000005bcb84280}: Found class java.lang.Object, but interface was expected> (0x00000005bcb84280) 
thrown [s\open\src\hotspot\share\interpreter\linkResolver.cpp, line 826]
Event: 1619.560 Thread 0x00000248a07563f0 Exception <a 'java/lang/NoSuchMethodError'{0x00000005bc0b1218}: 'java.lang.Object java.lang.invoke.DirectMethodHandle$Holder.invokeStatic(java.lang.Object, java.lang.Object, int, int)'> (0x00000005bc0b1218) 
thrown [s\open\src\hotspot\share\interpreter\linkResolver.cpp, line 759]
Event: 1619.560 Thread 0x00000248a07563f0 Exception <a 'java/lang/NoSuchMethodError'{0x00000005bc0b4ef0}: 'java.lang.Object java.lang.invoke.DirectMethodHandle$Holder.invokeStaticInit(java.lang.Object, java.lang.Object, int, int)'> (0x00000005bc0b4ef0) 
thrown [s\open\src\hotspot\share\interpreter\linkResolver.cpp, line 759]
Event: 1620.509 Thread 0x00000248a07563f0 Implicit null exception at 0x000002483813ae9b to 0x000002483813b868

VM Operations (20 events):
Event: 1620.218 Executing VM operation: HandshakeAllThreads done
Event: 1621.220 Executing VM operation: Cleanup
Event: 1621.220 Executing VM operation: Cleanup done
Event: 1621.751 Executing VM operation: HandshakeAllThreads
Event: 1621.751 Executing VM operation: HandshakeAllThreads done
Event: 1622.753 Executing VM operation: Cleanup
Event: 1622.769 Executing VM operation: Cleanup done
Event: 1623.770 Executing VM operation: Cleanup
Event: 1623.771 Executing VM operation: Cleanup done
Event: 1624.786 Executing VM operation: Cleanup
Event: 1624.786 Executing VM operation: Cleanup done
Event: 1625.326 Executing VM operation: G1CollectForAllocation
Event: 1625.366 Executing VM operation: G1CollectForAllocation done
Event: 1625.749 Executing VM operation: G1Concurrent
Event: 1625.757 Executing VM operation: G1Concurrent done
Event: 1625.923 Executing VM operation: G1Concurrent
Event: 1625.923 Executing VM operation: G1Concurrent done
Event: 1626.327 Executing VM operation: G1CollectForAllocation
Event: 1626.378 Executing VM operation: G1CollectForAllocation done
Event: 1626.418 Executing VM operation: G1CollectForAllocation

Events (20 events):
Event: 1621.771 Thread 0x0000024857498a00 flushing nmethod 0x0000024831675490
Event: 1621.771 Thread 0x0000024857498a00 flushing nmethod 0x0000024831675a10
Event: 1621.771 Thread 0x0000024857498a00 flushing nmethod 0x0000024831676c10
Event: 1621.771 Thread 0x0000024857498a00 flushing nmethod 0x0000024831677e10
Event: 1621.771 Thread 0x0000024857498a00 flushing nmethod 0x0000024831678510
Event: 1621.771 Thread 0x0000024857498a00 flushing nmethod 0x000002483167e810
Event: 1621.771 Thread 0x0000024857498a00 flushing nmethod 0x0000024831680390
Event: 1621.771 Thread 0x0000024857498a00 flushing nmethod 0x0000024831681b90
Event: 1621.771 Thread 0x0000024857498a00 flushing nmethod 0x0000024831681f10
Event: 1621.771 Thread 0x0000024857498a00 flushing nmethod 0x000002483168df10
Event: 1621.771 Thread 0x0000024857498a00 flushing nmethod 0x00000248316a2410
Event: 1621.771 Thread 0x0000024857498a00 flushing nmethod 0x00000248316a2790
Event: 1621.771 Thread 0x0000024857498a00 flushing nmethod 0x00000248316cb090
Event: 1621.772 Thread 0x0000024857498a00 flushing nmethod 0x00000248316cb410
Event: 1621.772 Thread 0x0000024857498a00 flushing nmethod 0x0000024831747510
Event: 1621.772 Thread 0x0000024857498a00 flushing nmethod 0x0000024831748790
Event: 1621.772 Thread 0x0000024857498a00 flushing nmethod 0x000002483174ad90
Event: 1621.772 Thread 0x0000024857498a00 flushing nmethod 0x0000024831784790
Event: 1624.807 Thread 0x00000248a09b2cb0 Thread exited: 0x00000248a09b2cb0
Event: 1626.379 Thread 0x00000248a09b31c0 Thread exited: 0x00000248a09b31c0


Dynamic libraries:
0x00007ff7042d0000 - 0x00007ff7042e0000 	C:\Program Files\Java\jdk-17\bin\java.exe
0x00007ffc5d240000 - 0x00007ffc5d4a7000 	C:\Windows\SYSTEM32\ntdll.dll
0x00007ffc5b1b0000 - 0x00007ffc5b279000 	C:\Windows\System32\KERNEL32.DLL
0x00007ffc5a7f0000 - 0x00007ffc5abe0000 	C:\Windows\System32\KERNELBASE.dll
0x00007ffc5acb0000 - 0x00007ffc5adfb000 	C:\Windows\System32\ucrtbase.dll
0x00007ffc2c140000 - 0x00007ffc2c159000 	C:\Program Files\Java\jdk-17\bin\jli.dll
0x00007ffc5c460000 - 0x00007ffc5c514000 	C:\Windows\System32\ADVAPI32.dll
0x00007ffc33eb0000 - 0x00007ffc33ecb000 	C:\Program Files\Java\jdk-17\bin\VCRUNTIME140.dll
0x00007ffc5b280000 - 0x00007ffc5b329000 	C:\Windows\System32\msvcrt.dll
0x00007ffc5b7a0000 - 0x00007ffc5b846000 	C:\Windows\System32\sechost.dll
0x00007ffc5b680000 - 0x00007ffc5b798000 	C:\Windows\System32\RPCRT4.dll
0x00007ffc5afd0000 - 0x00007ffc5b195000 	C:\Windows\System32\USER32.dll
0x00007ffc5a7c0000 - 0x00007ffc5a7e7000 	C:\Windows\System32\win32u.dll
0x00007ffc5c520000 - 0x00007ffc5c54b000 	C:\Windows\System32\GDI32.dll
0x00007ffc5ae00000 - 0x00007ffc5af38000 	C:\Windows\System32\gdi32full.dll
0x00007ffc5a370000 - 0x00007ffc5a413000 	C:\Windows\System32\msvcp_win.dll
0x00007ffc3d920000 - 0x00007ffc3dbba000 	C:\Windows\WinSxS\amd64_microsoft.windows.common-controls_6595b64144ccf1df_6.0.26100.4768_none_3e0c112ce331287c\COMCTL32.dll
0x00007ffc469f0000 - 0x00007ffc469fb000 	C:\Windows\SYSTEM32\VERSION.dll
0x00007ffc5b9f0000 - 0x00007ffc5ba1f000 	C:\Windows\System32\IMM32.DLL
0x00007ffc40b70000 - 0x00007ffc40b7c000 	C:\Program Files\Java\jdk-17\bin\vcruntime140_1.dll
0x00007ffbf8260000 - 0x00007ffbf82ee000 	C:\Program Files\Java\jdk-17\bin\msvcp140.dll
0x00007ffb98700000 - 0x00007ffb992e1000 	C:\Program Files\Java\jdk-17\bin\server\jvm.dll
0x00007ffc5b520000 - 0x00007ffc5b528000 	C:\Windows\System32\PSAPI.DLL
0x00007ffc47670000 - 0x00007ffc4767a000 	C:\Windows\SYSTEM32\WSOCK32.dll
0x00007ffc5cc80000 - 0x00007ffc5ccf4000 	C:\Windows\System32\WS2_32.dll
0x00007ffc42880000 - 0x00007ffc428b5000 	C:\Windows\SYSTEM32\WINMM.dll
0x00007ffc590b0000 - 0x00007ffc590cb000 	C:\Windows\SYSTEM32\kernel.appcore.dll
0x00007ffc40510000 - 0x00007ffc4051a000 	C:\Program Files\Java\jdk-17\bin\jimage.dll
0x00007ffc57a30000 - 0x00007ffc57c71000 	C:\Windows\SYSTEM32\DBGHELP.DLL
0x00007ffc5cd00000 - 0x00007ffc5d085000 	C:\Windows\System32\combase.dll
0x00007ffc5c550000 - 0x00007ffc5c630000 	C:\Windows\System32\OLEAUT32.dll
0x00007ffc1f510000 - 0x00007ffc1f553000 	C:\Windows\SYSTEM32\dbgcore.DLL
0x00007ffc5a420000 - 0x00007ffc5a4b9000 	C:\Windows\System32\bcryptPrimitives.dll
0x00007ffc207c0000 - 0x00007ffc207e5000 	C:\Program Files\Java\jdk-17\bin\java.dll
0x00007ffbd1ae0000 - 0x00007ffbd1bb7000 	C:\Program Files\Java\jdk-17\bin\jsvml.dll
0x00007ffc5bce0000 - 0x00007ffc5c42d000 	C:\Windows\System32\SHELL32.dll
0x00007ffc5a640000 - 0x00007ffc5a7b3000 	C:\Windows\System32\wintypes.dll
0x00007ffc57f10000 - 0x00007ffc58770000 	C:\Windows\SYSTEM32\windows.storage.dll
0x00007ffc5ba30000 - 0x00007ffc5bb25000 	C:\Windows\System32\SHCORE.dll
0x00007ffc5cc10000 - 0x00007ffc5cc7a000 	C:\Windows\System32\shlwapi.dll
0x00007ffc5a290000 - 0x00007ffc5a2b9000 	C:\Windows\SYSTEM32\profapi.dll
0x00007ffc2c0f0000 - 0x00007ffc2c109000 	C:\Program Files\Java\jdk-17\bin\net.dll
0x00007ffc49070000 - 0x00007ffc4918e000 	C:\Windows\SYSTEM32\WINHTTP.dll
0x00007ffc59620000 - 0x00007ffc5968b000 	C:\Windows\system32\mswsock.dll
0x00007ffc255a0000 - 0x00007ffc255b6000 	C:\Program Files\Java\jdk-17\bin\nio.dll
0x00007ffc207a0000 - 0x00007ffc207b8000 	C:\Program Files\Java\jdk-17\bin\zip.dll
0x00007ffc40210000 - 0x00007ffc4021a000 	C:\Program Files\Java\jdk-17\bin\management.dll
0x00007ffc3fec0000 - 0x00007ffc3fecb000 	C:\Program Files\Java\jdk-17\bin\management_ext.dll
0x00007ffc009e0000 - 0x00007ffc009f8000 	C:\Windows\system32\napinsp.dll
0x00007ffc012c0000 - 0x00007ffc012e0000 	C:\Windows\system32\wshbth.dll
0x00007ffbfd6c0000 - 0x00007ffbfd6f0000 	C:\Windows\system32\nlansp_c.dll
0x00007ffc58b30000 - 0x00007ffc58c56000 	C:\Windows\SYSTEM32\DNSAPI.dll
0x00007ffc58aa0000 - 0x00007ffc58ad3000 	C:\Windows\SYSTEM32\IPHLPAPI.DLL
0x00007ffc5c6c0000 - 0x00007ffc5c6ca000 	C:\Windows\System32\NSI.dll
0x00007ffbfd6a0000 - 0x00007ffbfd6b2000 	C:\Windows\System32\winrnr.dll
0x00007ffc47730000 - 0x00007ffc4773b000 	C:\Windows\System32\rasadhlp.dll
0x00007ffc50540000 - 0x00007ffc505c6000 	C:\Windows\System32\fwpuclnt.dll
0x00007ffc59a00000 - 0x00007ffc59a1b000 	C:\Windows\SYSTEM32\CRYPTSP.dll
0x00007ffc59010000 - 0x00007ffc5904b000 	C:\Windows\system32\rsaenh.dll
0x00007ffc596c0000 - 0x00007ffc596eb000 	C:\Windows\SYSTEM32\USERENV.dll
0x00007ffc5a260000 - 0x00007ffc5a286000 	C:\Windows\SYSTEM32\bcrypt.dll
0x00007ffc59860000 - 0x00007ffc5986c000 	C:\Windows\SYSTEM32\CRYPTBASE.dll
0x00007ffc4eea0000 - 0x00007ffc4eebf000 	C:\Windows\SYSTEM32\dhcpcsvc6.DLL
0x00007ffc4ee70000 - 0x00007ffc4ee95000 	C:\Windows\SYSTEM32\dhcpcsvc.DLL
0x00007ffc3c2c0000 - 0x00007ffc3c2ce000 	C:\Program Files\Java\jdk-17\bin\sunmscapi.dll
0x00007ffc5a4c0000 - 0x00007ffc5a637000 	C:\Windows\System32\CRYPT32.dll
0x00007ffc59b60000 - 0x00007ffc59b90000 	C:\Windows\SYSTEM32\ncrypt.dll
0x00007ffc59b10000 - 0x00007ffc59b4f000 	C:\Windows\SYSTEM32\NTASN1.dll
0x00007ffc39790000 - 0x00007ffc397a0000 	C:\Program Files\Java\jdk-17\bin\verify.dll
0x00007ffbba1f0000 - 0x00007ffbba1f8000 	C:\Windows\system32\wshunix.dll

dbghelp: loaded successfully - version: 4.0.5 - missing functions: none
symbol engine: initialized successfully - sym options: 0x614 - pdb path: .;C:\Program Files\Java\jdk-17\bin;C:\Windows\SYSTEM32;C:\Windows\WinSxS\amd64_microsoft.windows.common-controls_6595b64144ccf1df_6.0.26100.4768_none_3e0c112ce331287c;C:\Program Files\Java\jdk-17\bin\server

VM Arguments:
jvm_args: -XX:+ShowCodeDetailsInExceptionMessages -Dspring.jmx.enabled=true -Dmanagement.endpoints.jmx.exposure.include=* -Dspring.application.admin.enabled=true -Dspring.boot.project.name=com.manamer.sellout.business-sellout -Djava.rmi.server.hostname=localhost -Dcom.sun.management.jmxremote.port=45559 -Dcom.sun.management.jmxremote.authenticate=false -Dcom.sun.management.jmxremote.ssl=false 
java_command: com.manamer.backend.business.sellout.SelloutApplication
java_class_path (initial): C:\Users\Fernanda Jama\OneDrive - Manamer\Documentos\PROYECTOS 2025-2026\sellout1\backend\business\sellout\target\classes;C:\Users\Fernanda Jama\.m2\repository\org\springframework\boot\spring-boot-starter\3.2.4\spring-boot-starter-3.2.4.jar;C:\Users\Fernanda Jama\.m2\repository\org\springframework\boot\spring-boot\3.2.4\spring-boot-3.2.4.jar;C:\Users\Fernanda Jama\.m2\repository\org\springframework\boot\spring-boot-autoconfigure\3.2.4\spring-boot-autoconfigure-3.2.4.jar;C:\Users\Fernanda Jama\.m2\repository\org\springframework\boot\spring-boot-starter-logging\3.2.4\spring-boot-starter-logging-3.2.4.jar;C:\Users\Fernanda Jama\.m2\repository\ch\qos\logback\logback-classic\1.4.14\logback-classic-1.4.14.jar;C:\Users\Fernanda Jama\.m2\repository\ch\qos\logback\logback-core\1.4.14\logback-core-1.4.14.jar;C:\Users\Fernanda Jama\.m2\repository\org\apache\logging\log4j\log4j-to-slf4j\2.23.1\log4j-to-slf4j-2.23.1.jar;C:\Users\Fernanda Jama\.m2\repository\org\slf4j\jul-to-slf4j\2.0.12\jul-to-slf4j-2.0.12.jar;C:\Users\Fernanda Jama\.m2\repository\jakarta\annotation\jakarta.annotation-api\2.1.1\jakarta.annotation-api-2.1.1.jar;C:\Users\Fernanda Jama\.m2\repository\org\springframework\spring-core\6.1.11\spring-core-6.1.11.jar;C:\Users\Fernanda Jama\.m2\repository\org\springframework\spring-jcl\6.1.11\spring-jcl-6.1.11.jar;C:\Users\Fernanda Jama\.m2\repository\org\yaml\snakeyaml\2.2\snakeyaml-2.2.jar;C:\Users\Fernanda Jama\.m2\repository\com\microsoft\sqlserver\mssql-jdbc\12.4.2.jre11\mssql-jdbc-12.4.2.jre11.jar;C:\Users\Fernanda Jama\.m2\repository\org\projectlombok\lombok\1.18.28\lombok-1.18.28.jar;C:\Users\Fernanda Jama\.m2\repository\org\springframework\boot\spring-boot-starter-data-jpa\3.2.4\spring-boot-starter-data-jpa-3.2.4.jar;C:\Users\Fernanda Jama\.m2\repository\org\springframework\boot\spring-boot-starter-aop\3.2.4\spring-boot-starter-aop-3.2.4.jar;C:\Users\Fernanda Jama\.m2\repository\org\aspectj\aspectjweaver\1.9.21\aspectjweaver-1.9.21.ja
Launcher Type: SUN_STANDARD

[Global flags]
     intx CICompilerCount                          = 4                                         {product} {ergonomic}
     uint ConcGCThreads                            = 2                                         {product} {ergonomic}
     uint G1ConcRefinementThreads                  = 8                                         {product} {ergonomic}
   size_t G1HeapRegionSize                         = 8388608                                   {product} {ergonomic}
    uintx GCDrainStackTargetSize                   = 64                                        {product} {ergonomic}
   size_t InitialHeapSize                          = 671088640                                 {product} {ergonomic}
     bool ManagementServer                         = true                                      {product} {command line}
   size_t MarkStackSize                            = 4194304                                   {product} {ergonomic}
   size_t MaxHeapSize                              = 10687086592                               {product} {ergonomic}
   size_t MaxNewSize                               = 6408896512                                {product} {ergonomic}
   size_t MinHeapDeltaBytes                        = 8388608                                   {product} {ergonomic}
   size_t MinHeapSize                              = 8388608                                   {product} {ergonomic}
    uintx NonNMethodCodeHeapSize                   = 5839372                                {pd product} {ergonomic}
    uintx NonProfiledCodeHeapSize                  = 122909434                              {pd product} {ergonomic}
    uintx ProfiledCodeHeapSize                     = 122909434                              {pd product} {ergonomic}
    uintx ReservedCodeCacheSize                    = 251658240                              {pd product} {ergonomic}
     bool SegmentedCodeCache                       = true                                      {product} {ergonomic}
     bool ShowCodeDetailsInExceptionMessages       = true                                   {manageable} {command line}
   size_t SoftMaxHeapSize                          = 10687086592                            {manageable} {ergonomic}
     bool UseCompressedClassPointers               = true                           {product lp64_product} {ergonomic}
     bool UseCompressedOops                        = true                           {product lp64_product} {ergonomic}
     bool UseG1GC                                  = true                                      {product} {ergonomic}
     bool UseLargePagesIndividualAllocation        = false                                  {pd product} {ergonomic}

Logging:
Log output configuration:
 #0: stdout all=warning uptime,level,tags
 #1: stderr all=off uptime,level,tags

Environment Variables:
JAVA_HOME=C:\\Program Files\\Java\\jdk-17
CLASSPATH=C:\Program Files\SAP\SAP Business One DI API\JCO\LIB\sbowrapper.jar;C:\Program Files\SAP\SAP Business One DI API\JCO\LIB\sboapi.jar
PATH=C:\\Program Files\\Java\\jdk-17\\bin;C:\\Users\\Fernanda Jama\\.trae\\tools\\maven\\latest\\bin;C:\\Users\\Fernanda Jama\\.trae\\tools\\gradle\\latest\\bin;C:\Program Files\Java\jdk-17\bin;C:\Users\Fernanda Jama\.trae\tools\maven\latest\bin;C:\Users\Fernanda Jama\.trae\tools\gradle\latest\bin;C:\Python313\Scripts\;C:\Python313\;C:\Program Files\Microsoft MPI\Bin\;C:\Program Files\Common Files\Oracle\Java\javapath;C:\Windows\system32;C:\Windows;C:\Windows\System32\Wbem;C:\Windows\System32\WindowsPowerShell\v1.0\;C:\Windows\System32\OpenSSH\;C:\Program Files\Microsoft SQL Server\Client SDK\ODBC\170\Tools\Binn\;C:\Program Files (x86)\Microsoft SQL Server\150\Tools\Binn\;C:\Program Files\Microsoft SQL Server\150\Tools\Binn\;C:\Program Files\Microsoft SQL Server\150\DTS\Binn\;C:\Program Files (x86)\Microsoft SQL Server\160\DTS\Binn\;C:\Program Files\nodejs\;C:\ProgramData\chocolatey\bin;C:\Program Files\SAP\SAP Business One DI API\JCO\LIB\;C:\Program Files\SAP\SAP Business One DI API\DI API 90;C:\Program Files\SAP\SAP Business One\;C:\Program Files\apache-maven-3.8.8-bin\apache-maven-3.8.8\bin;C:\Program Files\Git\cmd;C:\Users\Fernanda Jama\AppData\Local\Microsoft\WindowsApps;C:\Users\Fernanda Jama\AppData\Local\GitHubDesktop\bin;C:\Users\Fernanda Jama\AppData\Local\Programs\Microsoft VS Code\bin;C:\Users\Fernanda Jama\AppData\Roaming\npm
USERNAME=Fernanda Jama
LANG=en_US.UTF-8
OS=Windows_NT
PROCESSOR_IDENTIFIER=Intel64 Family 6 Model 140 Stepping 1, GenuineIntel



---------------  S Y S T E M  ---------------

OS:
 Windows 11 , 64 bit Build 26100 (10.0.26100.4768)
OS uptime: 0 days 6:50 hours
Hyper-V role detected

CPU: total 8 (initial active 8) (4 cores per cpu, 2 threads per core) family 6 model 140 stepping 1 microcode 0xb8, cx8, cmov, fxsr, ht, mmx, 3dnowpref, sse, sse2, sse3, ssse3, sse4.1, sse4.2, popcnt, lzcnt, tsc, tscinvbit, avx, avx2, aes, erms, clmul, bmi1, bmi2, adx, avx512f, avx512dq, avx512cd, avx512bw, avx512vl, sha, fma, vzeroupper, avx512_vpopcntdq, avx512_vpclmulqdq, avx512_vaes, avx512_vnni, clflush, clflushopt, clwb, avx512_vbmi2, avx512_vbmi, hv

Memory: 4k page, system-wide physical 40743M (1643M free)
TotalPageFile size 101623M (AvailPageFile size 235M)
current process WorkingSet (physical memory assigned to process): 1487M, peak: 1543M
current process commit charge ("private bytes"): 2617M, peak: 2934M

vm_info: Java HotSpot(TM) 64-Bit Server VM (17.0.15+9-LTS-241) for windows-amd64 JRE (17.0.15+9-LTS-241), built on Feb 20 2025 10:49:54 by "mach5one" with MS VC++ 17.6 (VS2022)

END.
