#
# There is insufficient memory for the Java Runtime Environment to continue.
# Native memory allocation (mmap) failed to map 2667577344 bytes for G1 virtual space
# Possible reasons:
#   The system is out of physical RAM or swap space
#   The process is running with CompressedOops enabled, and the Java Heap may be blocking the growth of the native heap
# Possible solutions:
#   Reduce memory load on the system
#   Increase physical memory or swap space
#   Check if swap backing store is full
#   Decrease Java heap size (-Xmx/-Xms)
#   Decrease number of Java threads
#   Decrease Java thread stack sizes (-Xss)
#   Set larger code cache with -XX:ReservedCodeCacheSize=
#   JVM is running with Zero Based Compressed Oops mode in which the Java heap is
#     placed in the first 32GB address space. The Java Heap base address is the
#     maximum limit for the native heap growth. Please use -XX:HeapBaseMinAddress
#     to set the Java Heap base and to place the Java Heap above 32GB virtual address.
# This output file may be truncated or incomplete.
#
#  Out of Memory Error (os_windows.cpp:3551), pid=7280, tid=22036
#
# JRE version: Java(TM) SE Runtime Environment (17.0.15+9) (build 17.0.15+9-LTS-241)
# Java VM: Java HotSpot(TM) 64-Bit Server VM (17.0.15+9-LTS-241, mixed mode, sharing, tiered, compressed oops, compressed class ptrs, g1 gc, windows-amd64)
# No core dump will be written. Minidumps are not enabled by default on client versions of Windows
#

---------------  S U M M A R Y ------------

Command Line: -XX:+ShowCodeDetailsInExceptionMessages -Dspring.jmx.enabled=true -Dmanagement.endpoints.jmx.exposure.include=* -Dspring.application.admin.enabled=true -Dspring.boot.project.name=com.manamer.sellout.business-sellout -Djava.rmi.server.hostname=localhost -Dcom.sun.management.jmxremote.port=45559 -Dcom.sun.management.jmxremote.authenticate=false -Dcom.sun.management.jmxremote.ssl=false com.manamer.backend.business.sellout.SelloutApplication

Host: 11th Gen Intel(R) Core(TM) i7-1165G7 @ 2.80GHz, 8 cores, 39G,  Windows 11 , 64 bit Build 26100 (10.0.26100.5074)
Time: Thu Sep 11 15:09:52 2025 Hora est. Pacífico, Sudamérica elapsed time: 12638.587481 seconds (0d 3h 30m 38s)

---------------  T H R E A D  ---------------

Current thread (0x000002c0f1821fa0):  VMThread "VM Thread" [stack: 0x000000ec96400000,0x000000ec96500000] [id=22036]

Stack: [0x000000ec96400000,0x000000ec96500000]
Native frames: (J=compiled Java code, j=interpreted, Vv=VM code, C=native code)
V  [jvm.dll+0x67a46a]
V  [jvm.dll+0x7da6ad]
V  [jvm.dll+0x7dbff3]
V  [jvm.dll+0x7dc663]
V  [jvm.dll+0x24523f]
V  [jvm.dll+0x677499]
V  [jvm.dll+0x66c122]
V  [jvm.dll+0x302156]
V  [jvm.dll+0x3096f6]
V  [jvm.dll+0x35a04e]
V  [jvm.dll+0x35a27f]
V  [jvm.dll+0x2d9228]
V  [jvm.dll+0x2d765d]
V  [jvm.dll+0x2d6cac]
V  [jvm.dll+0x31ab31]
V  [jvm.dll+0x7e0f5b]
V  [jvm.dll+0x7e1c94]
V  [jvm.dll+0x7e21ad]
V  [jvm.dll+0x7e2584]
V  [jvm.dll+0x7e2650]
V  [jvm.dll+0x78b0ba]
V  [jvm.dll+0x679355]
C  [ucrtbase.dll+0x37b0]
C  [KERNEL32.DLL+0x2e8d7]
C  [ntdll.dll+0x8d9c]

VM_Operation (0x000000ec997f9978): G1TryInitiateConcMark, mode: safepoint, requested by thread 0x000002c13e180bb0


---------------  P R O C E S S  ---------------

Threads class SMR info:
_java_thread_list=0x000002c0f41913c0, length=44, elements={
0x000002c0f1828d60, 0x000002c0f182a480, 0x000002c0f183d700, 0x000002c0f183e2c0,
0x000002c0f1840c80, 0x000002c0f1841630, 0x000002c0f18423c0, 0x000002c0f18460c0,
0x000002c0f185b4b0, 0x000002c0f4161200, 0x000002c0f43e35b0, 0x000002c13a075fc0,
0x000002c13a076490, 0x000002c0f4b82eb0, 0x000002c13b4a3c40, 0x000002c13b4a32a0,
0x000002c13b4a4110, 0x000002c13e1853e0, 0x000002c13ba91ea0, 0x000002c13ba919d0,
0x000002c13ba8e4e0, 0x000002c13ba92370, 0x000002c13ba8e9b0, 0x000002c13ba8fcf0,
0x000002c13ba8ccd0, 0x000002c13ba93b80, 0x000002c13ba92d10, 0x000002c13ba931e0,
0x000002c13e17fd40, 0x000002c13e180210, 0x000002c13e17f870, 0x000002c13e17eed0,
0x000002c13e1806e0, 0x000002c13e180bb0, 0x000002c13e17e060, 0x000002c13e181080,
0x000002c13e181550, 0x000002c13e17db90, 0x000002c13e181a20, 0x000002c13e181ef0,
0x000002c13e17f3a0, 0x000002c13e1823c0, 0x000002c13e17ea00, 0x000002c13e184570
}

Java Threads: ( => current thread )
  0x000002c0f1828d60 JavaThread "Reference Handler" daemon [_thread_blocked, id=24900, stack(0x000000ec96500000,0x000000ec96600000)]
  0x000002c0f182a480 JavaThread "Finalizer" daemon [_thread_blocked, id=25476, stack(0x000000ec96600000,0x000000ec96700000)]
  0x000002c0f183d700 JavaThread "Signal Dispatcher" daemon [_thread_blocked, id=1732, stack(0x000000ec96700000,0x000000ec96800000)]
  0x000002c0f183e2c0 JavaThread "Attach Listener" daemon [_thread_blocked, id=16172, stack(0x000000ec96800000,0x000000ec96900000)]
  0x000002c0f1840c80 JavaThread "Service Thread" daemon [_thread_blocked, id=12620, stack(0x000000ec96900000,0x000000ec96a00000)]
  0x000002c0f1841630 JavaThread "Monitor Deflation Thread" daemon [_thread_blocked, id=19612, stack(0x000000ec96a00000,0x000000ec96b00000)]
  0x000002c0f18423c0 JavaThread "C2 CompilerThread0" daemon [_thread_blocked, id=23588, stack(0x000000ec96b00000,0x000000ec96c00000)]
  0x000002c0f18460c0 JavaThread "C1 CompilerThread0" daemon [_thread_blocked, id=24380, stack(0x000000ec96c00000,0x000000ec96d00000)]
  0x000002c0f185b4b0 JavaThread "Sweeper thread" daemon [_thread_blocked, id=22728, stack(0x000000ec96d00000,0x000000ec96e00000)]
  0x000002c0f4161200 JavaThread "Common-Cleaner" daemon [_thread_blocked, id=19836, stack(0x000000ec96e00000,0x000000ec96f00000)]
  0x000002c0f43e35b0 JavaThread "Notification Thread" daemon [_thread_blocked, id=22972, stack(0x000000ec97000000,0x000000ec97100000)]
  0x000002c13a075fc0 JavaThread "RMI TCP Accept-0" daemon [_thread_in_native, id=25360, stack(0x000000ec97100000,0x000000ec97200000)]
  0x000002c13a076490 JavaThread "RMI TCP Accept-45559" daemon [_thread_in_native, id=11016, stack(0x000000ec97200000,0x000000ec97300000)]
  0x000002c0f4b82eb0 JavaThread "RMI TCP Accept-0" daemon [_thread_in_native, id=25308, stack(0x000000ec97300000,0x000000ec97400000)]
  0x000002c13b4a3c40 JavaThread "RMI Scheduler(0)" daemon [_thread_blocked, id=25412, stack(0x000000ec98300000,0x000000ec98400000)]
  0x000002c13b4a32a0 JavaThread "RMI TCP Connection(2)-127.0.0.1" daemon [_thread_in_native, id=25444, stack(0x000000ec96f00000,0x000000ec97000000)]
  0x000002c13b4a4110 JavaThread "JMX server connection timeout 29" daemon [_thread_blocked, id=25508, stack(0x000000ec98400000,0x000000ec98500000)]
  0x000002c13e1853e0 JavaThread "DestroyJavaVM" [_thread_blocked, id=1736, stack(0x000000ec95e00000,0x000000ec95f00000)]
  0x000002c13ba91ea0 JavaThread "Catalina-utility-1" [_thread_blocked, id=26380, stack(0x000000ec95d00000,0x000000ec95e00000)]
  0x000002c13ba919d0 JavaThread "Catalina-utility-2" [_thread_blocked, id=17884, stack(0x000000ec98500000,0x000000ec98600000)]
  0x000002c13ba8e4e0 JavaThread "container-0" [_thread_blocked, id=27236, stack(0x000000ec98600000,0x000000ec98700000)]
  0x000002c13ba92370 JavaThread "mssql-jdbc-shared-timer-core-30" daemon [_thread_blocked, id=4924, stack(0x000000ec95b00000,0x000000ec95c00000)]
  0x000002c13ba8e9b0 JavaThread "HikariPool-2 housekeeper" daemon [_thread_blocked, id=9572, stack(0x000000ec98700000,0x000000ec98800000)]
  0x000002c13ba8fcf0 JavaThread "spring.cloud.inetutils" daemon [_thread_blocked, id=23028, stack(0x000000ec98c00000,0x000000ec98d00000)]
  0x000002c13ba8ccd0 JavaThread "File Watcher" daemon [_thread_blocked, id=7068, stack(0x000000ec98900000,0x000000ec98a00000)]
  0x000002c13ba93b80 JavaThread "AsyncResolver-bootstrap-0" daemon [_thread_blocked, id=23396, stack(0x000000ec98d00000,0x000000ec98e00000)]
  0x000002c13ba92d10 JavaThread "idle-connection-evictor-1" daemon [_thread_blocked, id=19036, stack(0x000000ec98f00000,0x000000ec99000000)]
  0x000002c13ba931e0 JavaThread "DiscoveryClient-0" daemon [_thread_blocked, id=19544, stack(0x000000ec99100000,0x000000ec99200000)]
  0x000002c13e17fd40 JavaThread "DiscoveryClient-1" daemon [_thread_blocked, id=8664, stack(0x000000ec99200000,0x000000ec99300000)]
  0x000002c13e180210 JavaThread "DiscoveryClient-InstanceInfoReplicator-0" daemon [_thread_blocked, id=15736, stack(0x000000ec99300000,0x000000ec99400000)]
  0x000002c13e17f870 JavaThread "http-nio-8092-exec-1" daemon [_thread_blocked, id=8420, stack(0x000000ec99400000,0x000000ec99500000)]
  0x000002c13e17eed0 JavaThread "http-nio-8092-exec-2" daemon [_thread_blocked, id=24144, stack(0x000000ec99500000,0x000000ec99600000)]
  0x000002c13e1806e0 JavaThread "http-nio-8092-exec-3" daemon [_thread_blocked, id=25660, stack(0x000000ec99600000,0x000000ec99700000)]
  0x000002c13e180bb0 JavaThread "http-nio-8092-exec-4" daemon [_thread_blocked, id=13052, stack(0x000000ec99700000,0x000000ec99800000)]
  0x000002c13e17e060 JavaThread "http-nio-8092-exec-5" daemon [_thread_blocked, id=25292, stack(0x000000ec99800000,0x000000ec99900000)]
  0x000002c13e181080 JavaThread "http-nio-8092-exec-6" daemon [_thread_blocked, id=16544, stack(0x000000ec99900000,0x000000ec99a00000)]
  0x000002c13e181550 JavaThread "http-nio-8092-exec-7" daemon [_thread_blocked, id=20092, stack(0x000000ec99a00000,0x000000ec99b00000)]
  0x000002c13e17db90 JavaThread "http-nio-8092-exec-8" daemon [_thread_blocked, id=23760, stack(0x000000ec99b00000,0x000000ec99c00000)]
  0x000002c13e181a20 JavaThread "http-nio-8092-exec-9" daemon [_thread_blocked, id=27644, stack(0x000000ec99c00000,0x000000ec99d00000)]
  0x000002c13e181ef0 JavaThread "http-nio-8092-exec-10" daemon [_thread_blocked, id=25564, stack(0x000000ec99d00000,0x000000ec99e00000)]
  0x000002c13e17f3a0 JavaThread "http-nio-8092-Poller" daemon [_thread_blocked, id=4312, stack(0x000000ec99e00000,0x000000ec99f00000)]
  0x000002c13e1823c0 JavaThread "http-nio-8092-Acceptor" daemon [_thread_in_native, id=21452, stack(0x000000ec99f00000,0x000000ec9a000000)]
  0x000002c13e17ea00 JavaThread "DiscoveryClient-CacheRefreshExecutor-0" daemon [_thread_blocked, id=25056, stack(0x000000ec95c00000,0x000000ec95d00000)]
  0x000002c13e184570 JavaThread "DiscoveryClient-HeartbeatExecutor-0" daemon [_thread_blocked, id=24312, stack(0x000000ec98000000,0x000000ec98100000)]

Other Threads:
=>0x000002c0f1821fa0 VMThread "VM Thread" [stack: 0x000000ec96400000,0x000000ec96500000] [id=22036]
  0x000002c13a007660 WatcherThread [stack: 0x000000ec97400000,0x000000ec97500000] [id=14384]
  0x000002c0c1376e20 GCTaskThread "GC Thread#0" [stack: 0x000000ec95f00000,0x000000ec96000000] [id=17216]
  0x000002c13a44ad50 GCTaskThread "GC Thread#1" [stack: 0x000000ec97500000,0x000000ec97600000] [id=24600]
  0x000002c13a3e7970 GCTaskThread "GC Thread#2" [stack: 0x000000ec97600000,0x000000ec97700000] [id=1780]
  0x000002c13a3e7c30 GCTaskThread "GC Thread#3" [stack: 0x000000ec97700000,0x000000ec97800000] [id=19964]
  0x000002c13a3e8300 GCTaskThread "GC Thread#4" [stack: 0x000000ec97800000,0x000000ec97900000] [id=23064]
  0x000002c13a380850 GCTaskThread "GC Thread#5" [stack: 0x000000ec97900000,0x000000ec97a00000] [id=16448]
  0x000002c13a380f10 GCTaskThread "GC Thread#6" [stack: 0x000000ec97a00000,0x000000ec97b00000] [id=16352]
  0x000002c13a3811d0 GCTaskThread "GC Thread#7" [stack: 0x000000ec97b00000,0x000000ec97c00000] [id=13596]
  0x000002c0f1665040 ConcurrentGCThread "G1 Main Marker" [stack: 0x000000ec96000000,0x000000ec96100000] [id=15964]
  0x000002c0f1666720 ConcurrentGCThread "G1 Conc#0" [stack: 0x000000ec96100000,0x000000ec96200000] [id=14236]
  0x000002c13bd45470 ConcurrentGCThread "G1 Conc#1" [stack: 0x000000ec98100000,0x000000ec98200000] [id=25348]
  0x000002c0f175b020 ConcurrentGCThread "G1 Refine#0" [stack: 0x000000ec96200000,0x000000ec96300000] [id=23796]
  0x000002c0f4dfdcb0 ConcurrentGCThread "G1 Refine#1" [stack: 0x000000ec97c00000,0x000000ec97d00000] [id=3488]
  0x000002c13b4f9a00 ConcurrentGCThread "G1 Refine#2" [stack: 0x000000ec99000000,0x000000ec99100000] [id=17356]
  0x000002c0f4dadbc0 ConcurrentGCThread "G1 Refine#3" [stack: 0x000000ec97d00000,0x000000ec97e00000] [id=25504]
  0x000002c0f4daca20 ConcurrentGCThread "G1 Refine#4" [stack: 0x000000ec98200000,0x000000ec98300000] [id=24712]
  0x000002c0f4dae1a0 ConcurrentGCThread "G1 Refine#5" [stack: 0x000000ec98a00000,0x000000ec98b00000] [id=24984]
  0x000002c13cf0eee0 ConcurrentGCThread "G1 Refine#6" [stack: 0x000000ec98b00000,0x000000ec98c00000] [id=15024]
  0x000002c13cf0e030 ConcurrentGCThread "G1 Refine#7" [stack: 0x000000ec98e00000,0x000000ec98f00000] [id=15292]
  0x000002c0f175ba50 ConcurrentGCThread "G1 Service" [stack: 0x000000ec96300000,0x000000ec96400000] [id=25188]

Threads with active compile tasks:

VM state: at safepoint (normal execution)

VM Mutex/Monitor currently owned by a thread:  ([mutex/lock_event])
[0x000002c0c12c91b0] Threads_lock - owner thread: 0x000002c0f1821fa0
[0x000002c0c12c9240] Heap_lock - owner thread: 0x000002c13e180bb0

Heap address: 0x0000000583000000, size: 10192 MB, Compressed Oops mode: Zero based, Oop shift amount: 3

CDS archive(s) mapped at: [0x000002c0f5000000-0x000002c0f5bd0000-0x000002c0f5bd0000), size 12386304, SharedBaseAddress: 0x000002c0f5000000, ArchiveRelocationMode: 1.
Compressed class space mapped at: 0x000002c0f6000000-0x000002c136000000, reserved size: 1073741824
Narrow klass base: 0x000002c0f5000000, Narrow klass shift: 0, Narrow klass range: 0x100000000

GC Precious Log:
 CPUs: 8 total, 8 available
 Memory: 40743M
 Large Page Support: Disabled
 NUMA Support: Disabled
 Compressed Oops: Enabled (Zero based)
 Heap Region Size: 8M
 Heap Min Capacity: 8M
 Heap Initial Capacity: 640M
 Heap Max Capacity: 10192M
 Pre-touch: Disabled
 Parallel Workers: 8
 Concurrent Workers: 2
 Concurrent Refinement Workers: 8
 Periodic GC: Disabled

Heap:
 garbage-first heap   total 1302528K, used 505710K [0x0000000583000000, 0x0000000800000000)
  region size 8192K, 8 young (65536K), 8 survivors (65536K)
 Metaspace       used 113019K, committed 113728K, reserved 1179648K
  class space    used 14598K, committed 14912K, reserved 1048576K

Heap Regions: E=young(eden), S=young(survivor), O=old, HS=humongous(starts), HC=humongous(continues), CS=collection set, F=free, OA=open archive, CA=closed archive, TAMS=top-at-mark-start (previous, next)
|   0|0x0000000583000000, 0x0000000583800000, 0x0000000583800000|100%| O|  |TAMS 0x0000000583800000, 0x0000000583800000| Untracked 
|   1|0x0000000583800000, 0x0000000583dc4460, 0x0000000584000000| 72%| O|  |TAMS 0x0000000583dc4460, 0x0000000583dc4460| Untracked 
|   2|0x0000000584000000, 0x000000058466b530, 0x0000000584800000| 80%| O|  |TAMS 0x000000058466b530, 0x000000058466b530| Untracked 
|   3|0x0000000584800000, 0x0000000585000000, 0x0000000585000000|100%| O|  |TAMS 0x0000000585000000, 0x0000000585000000| Untracked 
|   4|0x0000000585000000, 0x0000000585366800, 0x0000000585800000| 42%| O|  |TAMS 0x0000000585000000, 0x0000000585000000| Untracked 
|   5|0x0000000585800000, 0x0000000585e45780, 0x0000000586000000| 78%| O|  |TAMS 0x0000000585e45780, 0x0000000585e45780| Untracked 
|   6|0x0000000586000000, 0x0000000586800000, 0x0000000586800000|100%| O|  |TAMS 0x0000000586800000, 0x0000000586800000| Untracked 
|   7|0x0000000586800000, 0x0000000587000000, 0x0000000587000000|100%| O|  |TAMS 0x0000000587000000, 0x0000000587000000| Untracked 
|   8|0x0000000587000000, 0x0000000587000000, 0x0000000587800000|  0%| F|  |TAMS 0x0000000587000000, 0x0000000587000000| Untracked 
|   9|0x0000000587800000, 0x0000000588000000, 0x0000000588000000|100%| O|  |TAMS 0x0000000588000000, 0x0000000588000000| Untracked 
|  10|0x0000000588000000, 0x0000000588800000, 0x0000000588800000|100%| O|  |TAMS 0x0000000588800000, 0x0000000588800000| Untracked 
|  11|0x0000000588800000, 0x0000000589000000, 0x0000000589000000|100%| O|  |TAMS 0x0000000589000000, 0x0000000589000000| Untracked 
|  12|0x0000000589000000, 0x0000000589800000, 0x0000000589800000|100%| O|  |TAMS 0x0000000589000000, 0x0000000589800000| Untracked 
|  13|0x0000000589800000, 0x000000058a000000, 0x000000058a000000|100%| O|  |TAMS 0x0000000589800000, 0x000000058a000000| Untracked 
|  14|0x000000058a000000, 0x000000058a800000, 0x000000058a800000|100%| O|  |TAMS 0x000000058a800000, 0x000000058a800000| Untracked 
|  15|0x000000058a800000, 0x000000058b000000, 0x000000058b000000|100%| O|  |TAMS 0x000000058a800000, 0x000000058b000000| Untracked 
|  16|0x000000058b000000, 0x000000058b800000, 0x000000058b800000|100%| O|  |TAMS 0x000000058b000000, 0x000000058b800000| Untracked 
|  17|0x000000058b800000, 0x000000058c000000, 0x000000058c000000|100%| O|  |TAMS 0x000000058c000000, 0x000000058c000000| Untracked 
|  18|0x000000058c000000, 0x000000058c800000, 0x000000058c800000|100%| O|  |TAMS 0x000000058c800000, 0x000000058c800000| Untracked 
|  19|0x000000058c800000, 0x000000058d000000, 0x000000058d000000|100%| O|  |TAMS 0x000000058d000000, 0x000000058d000000| Untracked 
|  20|0x000000058d000000, 0x000000058d000000, 0x000000058d800000|  0%| F|  |TAMS 0x000000058d000000, 0x000000058d000000| Untracked 
|  21|0x000000058d800000, 0x000000058e000000, 0x000000058e000000|100%| O|  |TAMS 0x000000058e000000, 0x000000058e000000| Untracked 
|  22|0x000000058e000000, 0x000000058e800000, 0x000000058e800000|100%| O|  |TAMS 0x000000058e800000, 0x000000058e800000| Untracked 
|  23|0x000000058e800000, 0x000000058f000000, 0x000000058f000000|100%| O|  |TAMS 0x000000058f000000, 0x000000058f000000| Untracked 
|  24|0x000000058f000000, 0x000000058f800000, 0x000000058f800000|100%| O|  |TAMS 0x000000058f800000, 0x000000058f800000| Untracked 
|  25|0x000000058f800000, 0x0000000590000000, 0x0000000590000000|100%| O|  |TAMS 0x0000000590000000, 0x0000000590000000| Untracked 
|  26|0x0000000590000000, 0x0000000590800000, 0x0000000590800000|100%| O|  |TAMS 0x0000000590800000, 0x0000000590800000| Untracked 
|  27|0x0000000590800000, 0x0000000590800000, 0x0000000591000000|  0%| F|  |TAMS 0x0000000590800000, 0x0000000590800000| Untracked 
|  28|0x0000000591000000, 0x0000000591800000, 0x0000000591800000|100%| O|  |TAMS 0x0000000591000000, 0x0000000591800000| Untracked 
|  29|0x0000000591800000, 0x0000000592000000, 0x0000000592000000|100%| O|  |TAMS 0x0000000591d3b200, 0x0000000592000000| Untracked 
|  30|0x0000000592000000, 0x0000000592800000, 0x0000000592800000|100%| O|  |TAMS 0x0000000592000000, 0x0000000592800000| Untracked 
|  31|0x0000000592800000, 0x0000000593000000, 0x0000000593000000|100%| O|  |TAMS 0x0000000593000000, 0x0000000593000000| Untracked 
|  32|0x0000000593000000, 0x0000000593800000, 0x0000000593800000|100%| O|  |TAMS 0x0000000593800000, 0x0000000593800000| Untracked 
|  33|0x0000000593800000, 0x0000000594000000, 0x0000000594000000|100%| O|  |TAMS 0x0000000593800000, 0x0000000594000000| Untracked 
|  34|0x0000000594000000, 0x0000000594800000, 0x0000000594800000|100%| O|  |TAMS 0x0000000594800000, 0x0000000594800000| Untracked 
|  35|0x0000000594800000, 0x0000000595000000, 0x0000000595000000|100%| O|  |TAMS 0x0000000594800000, 0x0000000595000000| Untracked 
|  36|0x0000000595000000, 0x0000000595800000, 0x0000000595800000|100%| O|  |TAMS 0x0000000595800000, 0x0000000595800000| Untracked 
|  37|0x0000000595800000, 0x0000000596000000, 0x0000000596000000|100%| O|  |TAMS 0x0000000595800000, 0x0000000596000000| Untracked 
|  38|0x0000000596000000, 0x0000000596800000, 0x0000000596800000|100%| O|  |TAMS 0x0000000596000000, 0x0000000596800000| Untracked 
|  39|0x0000000596800000, 0x0000000597000000, 0x0000000597000000|100%| O|  |TAMS 0x0000000596800000, 0x0000000597000000| Untracked 
|  40|0x0000000597000000, 0x0000000597800000, 0x0000000597800000|100%| O|  |TAMS 0x0000000597000000, 0x0000000597800000| Untracked 
|  41|0x0000000597800000, 0x0000000597800000, 0x0000000598000000|  0%| F|  |TAMS 0x0000000597800000, 0x0000000597800000| Untracked 
|  42|0x0000000598000000, 0x0000000598800000, 0x0000000598800000|100%| O|  |TAMS 0x0000000598000000, 0x0000000598800000| Untracked 
|  43|0x0000000598800000, 0x0000000599000000, 0x0000000599000000|100%| O|  |TAMS 0x0000000599000000, 0x0000000599000000| Untracked 
|  44|0x0000000599000000, 0x0000000599800000, 0x0000000599800000|100%| O|  |TAMS 0x0000000599800000, 0x0000000599800000| Untracked 
|  45|0x0000000599800000, 0x000000059a000000, 0x000000059a000000|100%| O|  |TAMS 0x000000059a000000, 0x000000059a000000| Untracked 
|  46|0x000000059a000000, 0x000000059a800000, 0x000000059a800000|100%| O|  |TAMS 0x000000059a800000, 0x000000059a800000| Untracked 
|  47|0x000000059a800000, 0x000000059b000000, 0x000000059b000000|100%| O|  |TAMS 0x000000059b000000, 0x000000059b000000| Untracked 
|  48|0x000000059b000000, 0x000000059b800000, 0x000000059b800000|100%| O|  |TAMS 0x000000059b800000, 0x000000059b800000| Untracked 
|  49|0x000000059b800000, 0x000000059c000000, 0x000000059c000000|100%| O|  |TAMS 0x000000059c000000, 0x000000059c000000| Untracked 
|  50|0x000000059c000000, 0x000000059c800000, 0x000000059c800000|100%| O|  |TAMS 0x000000059c800000, 0x000000059c800000| Untracked 
|  51|0x000000059c800000, 0x000000059d000000, 0x000000059d000000|100%| O|  |TAMS 0x000000059d000000, 0x000000059d000000| Untracked 
|  52|0x000000059d000000, 0x000000059d800000, 0x000000059d800000|100%| O|  |TAMS 0x000000059d000000, 0x000000059d800000| Untracked 
|  53|0x000000059d800000, 0x000000059e000000, 0x000000059e000000|100%| O|  |TAMS 0x000000059d800000, 0x000000059e000000| Untracked 
|  54|0x000000059e000000, 0x000000059e000000, 0x000000059e800000|  0%| F|  |TAMS 0x000000059e000000, 0x000000059e000000| Untracked 
|  55|0x000000059e800000, 0x000000059f000000, 0x000000059f000000|100%| O|  |TAMS 0x000000059f000000, 0x000000059f000000| Untracked 
|  56|0x000000059f000000, 0x000000059f800000, 0x000000059f800000|100%| O|  |TAMS 0x000000059f800000, 0x000000059f800000| Untracked 
|  57|0x000000059f800000, 0x00000005a0000000, 0x00000005a0000000|100%| O|  |TAMS 0x00000005a0000000, 0x00000005a0000000| Untracked 
|  58|0x00000005a0000000, 0x00000005a0800000, 0x00000005a0800000|100%|HS|  |TAMS 0x00000005a0800000, 0x00000005a0800000| Complete 
|  59|0x00000005a0800000, 0x00000005a1000000, 0x00000005a1000000|100%| O|  |TAMS 0x00000005a0800000, 0x00000005a0a07800| Untracked 
|  60|0x00000005a1000000, 0x00000005a1000000, 0x00000005a1800000|  0%| F|  |TAMS 0x00000005a1000000, 0x00000005a1000000| Untracked 
|  61|0x00000005a1800000, 0x00000005a1800000, 0x00000005a2000000|  0%| F|  |TAMS 0x00000005a1800000, 0x00000005a1800000| Untracked 
|  62|0x00000005a2000000, 0x00000005a2000000, 0x00000005a2800000|  0%| F|  |TAMS 0x00000005a2000000, 0x00000005a2000000| Untracked 
|  63|0x00000005a2800000, 0x00000005a2800000, 0x00000005a3000000|  0%| F|  |TAMS 0x00000005a2800000, 0x00000005a2800000| Untracked 
|  64|0x00000005a3000000, 0x00000005a3000000, 0x00000005a3800000|  0%| F|  |TAMS 0x00000005a3000000, 0x00000005a3000000| Untracked 
|  65|0x00000005a3800000, 0x00000005a3800000, 0x00000005a4000000|  0%| F|  |TAMS 0x00000005a3800000, 0x00000005a3800000| Untracked 
|  66|0x00000005a4000000, 0x00000005a4000000, 0x00000005a4800000|  0%| F|  |TAMS 0x00000005a4000000, 0x00000005a4000000| Untracked 
|  67|0x00000005a4800000, 0x00000005a4800000, 0x00000005a5000000|  0%| F|  |TAMS 0x00000005a4800000, 0x00000005a4800000| Untracked 
|  68|0x00000005a5000000, 0x00000005a5000000, 0x00000005a5800000|  0%| F|  |TAMS 0x00000005a5000000, 0x00000005a5000000| Untracked 
|  69|0x00000005a5800000, 0x00000005a5800000, 0x00000005a6000000|  0%| F|  |TAMS 0x00000005a5800000, 0x00000005a5800000| Untracked 
|  70|0x00000005a6000000, 0x00000005a6000000, 0x00000005a6800000|  0%| F|  |TAMS 0x00000005a6000000, 0x00000005a6000000| Untracked 
|  71|0x00000005a6800000, 0x00000005a6800000, 0x00000005a7000000|  0%| F|  |TAMS 0x00000005a6800000, 0x00000005a6800000| Untracked 
|  72|0x00000005a7000000, 0x00000005a7000000, 0x00000005a7800000|  0%| F|  |TAMS 0x00000005a7000000, 0x00000005a7000000| Untracked 
|  73|0x00000005a7800000, 0x00000005a7800000, 0x00000005a8000000|  0%| F|  |TAMS 0x00000005a7800000, 0x00000005a7800000| Untracked 
|  74|0x00000005a8000000, 0x00000005a8000000, 0x00000005a8800000|  0%| F|  |TAMS 0x00000005a8000000, 0x00000005a8000000| Untracked 
|  75|0x00000005a8800000, 0x00000005a8800000, 0x00000005a9000000|  0%| F|  |TAMS 0x00000005a8800000, 0x00000005a8800000| Untracked 
|  76|0x00000005a9000000, 0x00000005a9000000, 0x00000005a9800000|  0%| F|  |TAMS 0x00000005a9000000, 0x00000005a9000000| Untracked 
|  77|0x00000005a9800000, 0x00000005a9800000, 0x00000005aa000000|  0%| F|  |TAMS 0x00000005a9800000, 0x00000005a9800000| Untracked 
|  78|0x00000005aa000000, 0x00000005aa000000, 0x00000005aa800000|  0%| F|  |TAMS 0x00000005aa000000, 0x00000005aa000000| Untracked 
|  79|0x00000005aa800000, 0x00000005aa800000, 0x00000005ab000000|  0%| F|  |TAMS 0x00000005aa800000, 0x00000005aa800000| Untracked 
|  80|0x00000005ab000000, 0x00000005ab000000, 0x00000005ab800000|  0%| F|  |TAMS 0x00000005ab000000, 0x00000005ab000000| Untracked 
|  81|0x00000005ab800000, 0x00000005ab800000, 0x00000005ac000000|  0%| F|  |TAMS 0x00000005ab800000, 0x00000005ab800000| Untracked 
|  82|0x00000005ac000000, 0x00000005ac000000, 0x00000005ac800000|  0%| F|  |TAMS 0x00000005ac000000, 0x00000005ac000000| Untracked 
|  83|0x00000005ac800000, 0x00000005ac800000, 0x00000005ad000000|  0%| F|  |TAMS 0x00000005ac800000, 0x00000005ac800000| Untracked 
|  84|0x00000005ad000000, 0x00000005ad000000, 0x00000005ad800000|  0%| F|  |TAMS 0x00000005ad000000, 0x00000005ad000000| Untracked 
|  85|0x00000005ad800000, 0x00000005ad800000, 0x00000005ae000000|  0%| F|  |TAMS 0x00000005ad800000, 0x00000005ad800000| Untracked 
|  86|0x00000005ae000000, 0x00000005ae000000, 0x00000005ae800000|  0%| F|  |TAMS 0x00000005ae000000, 0x00000005ae000000| Untracked 
|  87|0x00000005ae800000, 0x00000005ae800000, 0x00000005af000000|  0%| F|  |TAMS 0x00000005ae800000, 0x00000005ae800000| Untracked 
|  88|0x00000005af000000, 0x00000005af000000, 0x00000005af800000|  0%| F|  |TAMS 0x00000005af000000, 0x00000005af000000| Untracked 
|  89|0x00000005af800000, 0x00000005af800000, 0x00000005b0000000|  0%| F|  |TAMS 0x00000005af800000, 0x00000005af800000| Untracked 
|  90|0x00000005b0000000, 0x00000005b0000000, 0x00000005b0800000|  0%| F|  |TAMS 0x00000005b0000000, 0x00000005b0000000| Untracked 
|  91|0x00000005b0800000, 0x00000005b0800000, 0x00000005b1000000|  0%| F|  |TAMS 0x00000005b0800000, 0x00000005b0800000| Untracked 
|  92|0x00000005b1000000, 0x00000005b1000000, 0x00000005b1800000|  0%| F|  |TAMS 0x00000005b1000000, 0x00000005b1000000| Untracked 
|  93|0x00000005b1800000, 0x00000005b1800000, 0x00000005b2000000|  0%| F|  |TAMS 0x00000005b1800000, 0x00000005b1800000| Untracked 
|  94|0x00000005b2000000, 0x00000005b2000000, 0x00000005b2800000|  0%| F|  |TAMS 0x00000005b2000000, 0x00000005b2000000| Untracked 
|  95|0x00000005b2800000, 0x00000005b2800000, 0x00000005b3000000|  0%| F|  |TAMS 0x00000005b2800000, 0x00000005b2800000| Untracked 
|  96|0x00000005b3000000, 0x00000005b3000000, 0x00000005b3800000|  0%| F|  |TAMS 0x00000005b3000000, 0x00000005b3000000| Untracked 
|  97|0x00000005b3800000, 0x00000005b3800000, 0x00000005b4000000|  0%| F|  |TAMS 0x00000005b3800000, 0x00000005b3800000| Untracked 
|  98|0x00000005b4000000, 0x00000005b4000000, 0x00000005b4800000|  0%| F|  |TAMS 0x00000005b4000000, 0x00000005b4000000| Untracked 
|  99|0x00000005b4800000, 0x00000005b4800000, 0x00000005b5000000|  0%| F|  |TAMS 0x00000005b4800000, 0x00000005b4800000| Untracked 
| 100|0x00000005b5000000, 0x00000005b5000000, 0x00000005b5800000|  0%| F|  |TAMS 0x00000005b5000000, 0x00000005b5000000| Untracked 
| 101|0x00000005b5800000, 0x00000005b5800000, 0x00000005b6000000|  0%| F|  |TAMS 0x00000005b5800000, 0x00000005b5800000| Untracked 
| 102|0x00000005b6000000, 0x00000005b6000000, 0x00000005b6800000|  0%| F|  |TAMS 0x00000005b6000000, 0x00000005b6000000| Untracked 
| 103|0x00000005b6800000, 0x00000005b6800000, 0x00000005b7000000|  0%| F|  |TAMS 0x00000005b6800000, 0x00000005b6800000| Untracked 
| 104|0x00000005b7000000, 0x00000005b7000000, 0x00000005b7800000|  0%| F|  |TAMS 0x00000005b7000000, 0x00000005b7000000| Untracked 
| 105|0x00000005b7800000, 0x00000005b7800000, 0x00000005b8000000|  0%| F|  |TAMS 0x00000005b7800000, 0x00000005b7800000| Untracked 
| 106|0x00000005b8000000, 0x00000005b8000000, 0x00000005b8800000|  0%| F|  |TAMS 0x00000005b8000000, 0x00000005b8000000| Untracked 
| 107|0x00000005b8800000, 0x00000005b8800000, 0x00000005b9000000|  0%| F|  |TAMS 0x00000005b8800000, 0x00000005b8800000| Untracked 
| 108|0x00000005b9000000, 0x00000005b9000000, 0x00000005b9800000|  0%| F|  |TAMS 0x00000005b9000000, 0x00000005b9000000| Untracked 
| 109|0x00000005b9800000, 0x00000005b9800000, 0x00000005ba000000|  0%| F|  |TAMS 0x00000005b9800000, 0x00000005b9800000| Untracked 
| 110|0x00000005ba000000, 0x00000005ba800000, 0x00000005ba800000|100%| S|CS|TAMS 0x00000005ba000000, 0x00000005ba000000| Complete 
| 111|0x00000005ba800000, 0x00000005bb000000, 0x00000005bb000000|100%| S|CS|TAMS 0x00000005ba800000, 0x00000005ba800000| Complete 
| 112|0x00000005bb000000, 0x00000005bb800000, 0x00000005bb800000|100%| S|CS|TAMS 0x00000005bb000000, 0x00000005bb000000| Complete 
| 113|0x00000005bb800000, 0x00000005bc000000, 0x00000005bc000000|100%| S|CS|TAMS 0x00000005bb800000, 0x00000005bb800000| Complete 
| 114|0x00000005bc000000, 0x00000005bc800000, 0x00000005bc800000|100%| S|CS|TAMS 0x00000005bc000000, 0x00000005bc000000| Complete 
| 115|0x00000005bc800000, 0x00000005bd000000, 0x00000005bd000000|100%| S|CS|TAMS 0x00000005bc800000, 0x00000005bc800000| Complete 
| 116|0x00000005bd000000, 0x00000005bd800000, 0x00000005bd800000|100%| S|CS|TAMS 0x00000005bd000000, 0x00000005bd000000| Complete 
| 117|0x00000005bd800000, 0x00000005be000000, 0x00000005be000000|100%| S|CS|TAMS 0x00000005bd800000, 0x00000005bd800000| Complete 
| 118|0x00000005be000000, 0x00000005be000000, 0x00000005be800000|  0%| F|  |TAMS 0x00000005be000000, 0x00000005be000000| Untracked 
| 119|0x00000005be800000, 0x00000005be800000, 0x00000005bf000000|  0%| F|  |TAMS 0x00000005be800000, 0x00000005be800000| Untracked 
| 120|0x00000005bf000000, 0x00000005bf000000, 0x00000005bf800000|  0%| F|  |TAMS 0x00000005bf000000, 0x00000005bf000000| Untracked 
| 121|0x00000005bf800000, 0x00000005bf800000, 0x00000005c0000000|  0%| F|  |TAMS 0x00000005bf800000, 0x00000005bf800000| Untracked 
| 122|0x00000005c0000000, 0x00000005c0000000, 0x00000005c0800000|  0%| F|  |TAMS 0x00000005c0000000, 0x00000005c0000000| Untracked 
| 123|0x00000005c0800000, 0x00000005c0800000, 0x00000005c1000000|  0%| F|  |TAMS 0x00000005c0800000, 0x00000005c0800000| Untracked 
| 124|0x00000005c1000000, 0x00000005c1000000, 0x00000005c1800000|  0%| F|  |TAMS 0x00000005c1000000, 0x00000005c1000000| Untracked 
| 125|0x00000005c1800000, 0x00000005c1800000, 0x00000005c2000000|  0%| F|  |TAMS 0x00000005c1800000, 0x00000005c1800000| Untracked 
| 126|0x00000005c2000000, 0x00000005c2000000, 0x00000005c2800000|  0%| F|  |TAMS 0x00000005c2000000, 0x00000005c2000000| Untracked 
| 127|0x00000005c2800000, 0x00000005c2800000, 0x00000005c3000000|  0%| F|  |TAMS 0x00000005c2800000, 0x00000005c2800000| Untracked 
| 128|0x00000005c3000000, 0x00000005c3000000, 0x00000005c3800000|  0%| F|  |TAMS 0x00000005c3000000, 0x00000005c3000000| Untracked 
| 129|0x00000005c3800000, 0x00000005c3800000, 0x00000005c4000000|  0%| F|  |TAMS 0x00000005c3800000, 0x00000005c3800000| Untracked 
| 130|0x00000005c4000000, 0x00000005c4000000, 0x00000005c4800000|  0%| F|  |TAMS 0x00000005c4000000, 0x00000005c4000000| Untracked 
| 131|0x00000005c4800000, 0x00000005c4800000, 0x00000005c5000000|  0%| F|  |TAMS 0x00000005c4800000, 0x00000005c4800000| Untracked 
| 132|0x00000005c5000000, 0x00000005c5000000, 0x00000005c5800000|  0%| F|  |TAMS 0x00000005c5000000, 0x00000005c5000000| Untracked 
| 133|0x00000005c5800000, 0x00000005c5800000, 0x00000005c6000000|  0%| F|  |TAMS 0x00000005c5800000, 0x00000005c5800000| Untracked 
| 134|0x00000005c6000000, 0x00000005c6000000, 0x00000005c6800000|  0%| F|  |TAMS 0x00000005c6000000, 0x00000005c6000000| Untracked 
| 135|0x00000005c6800000, 0x00000005c6800000, 0x00000005c7000000|  0%| F|  |TAMS 0x00000005c6800000, 0x00000005c6800000| Untracked 
| 136|0x00000005c7000000, 0x00000005c7000000, 0x00000005c7800000|  0%| F|  |TAMS 0x00000005c7000000, 0x00000005c7000000| Untracked 
| 137|0x00000005c7800000, 0x00000005c7800000, 0x00000005c8000000|  0%| F|  |TAMS 0x00000005c7800000, 0x00000005c7800000| Untracked 
| 138|0x00000005c8000000, 0x00000005c8000000, 0x00000005c8800000|  0%| F|  |TAMS 0x00000005c8000000, 0x00000005c8000000| Untracked 
| 139|0x00000005c8800000, 0x00000005c8800000, 0x00000005c9000000|  0%| F|  |TAMS 0x00000005c8800000, 0x00000005c8800000| Untracked 
| 140|0x00000005c9000000, 0x00000005c9000000, 0x00000005c9800000|  0%| F|  |TAMS 0x00000005c9000000, 0x00000005c9000000| Untracked 
| 141|0x00000005c9800000, 0x00000005c9800000, 0x00000005ca000000|  0%| F|  |TAMS 0x00000005c9800000, 0x00000005c9800000| Untracked 
| 142|0x00000005ca000000, 0x00000005ca000000, 0x00000005ca800000|  0%| F|  |TAMS 0x00000005ca000000, 0x00000005ca000000| Untracked 
| 143|0x00000005ca800000, 0x00000005ca800000, 0x00000005cb000000|  0%| F|  |TAMS 0x00000005ca800000, 0x00000005ca800000| Untracked 
| 144|0x00000005cb000000, 0x00000005cb000000, 0x00000005cb800000|  0%| F|  |TAMS 0x00000005cb000000, 0x00000005cb000000| Untracked 
| 145|0x00000005cb800000, 0x00000005cb800000, 0x00000005cc000000|  0%| F|  |TAMS 0x00000005cb800000, 0x00000005cb800000| Untracked 
| 146|0x00000005cc000000, 0x00000005cc000000, 0x00000005cc800000|  0%| F|  |TAMS 0x00000005cc000000, 0x00000005cc000000| Untracked 
| 147|0x00000005cc800000, 0x00000005cc800000, 0x00000005cd000000|  0%| F|  |TAMS 0x00000005cc800000, 0x00000005cc800000| Untracked 
| 148|0x00000005cd000000, 0x00000005cd000000, 0x00000005cd800000|  0%| F|  |TAMS 0x00000005cd000000, 0x00000005cd000000| Untracked 
| 149|0x00000005cd800000, 0x00000005cd800000, 0x00000005ce000000|  0%| F|  |TAMS 0x00000005cd800000, 0x00000005cd800000| Untracked 
| 150|0x00000005ce000000, 0x00000005ce000000, 0x00000005ce800000|  0%| F|  |TAMS 0x00000005ce000000, 0x00000005ce000000| Untracked 
| 151|0x00000005ce800000, 0x00000005ce800000, 0x00000005cf000000|  0%| F|  |TAMS 0x00000005ce800000, 0x00000005ce800000| Untracked 
| 152|0x00000005cf000000, 0x00000005cf000000, 0x00000005cf800000|  0%| F|  |TAMS 0x00000005cf000000, 0x00000005cf000000| Untracked 
| 153|0x00000005cf800000, 0x00000005cf800000, 0x00000005d0000000|  0%| F|  |TAMS 0x00000005cf800000, 0x00000005cf800000| Untracked 
| 154|0x00000005d0000000, 0x00000005d0000000, 0x00000005d0800000|  0%| F|  |TAMS 0x00000005d0000000, 0x00000005d0000000| Untracked 
| 155|0x00000005d0800000, 0x00000005d0800000, 0x00000005d1000000|  0%| F|  |TAMS 0x00000005d0800000, 0x00000005d0800000| Untracked 
| 156|0x00000005d1000000, 0x00000005d1000000, 0x00000005d1800000|  0%| F|  |TAMS 0x00000005d1000000, 0x00000005d1000000| Untracked 
| 157|0x00000005d1800000, 0x00000005d1800000, 0x00000005d2000000|  0%| F|  |TAMS 0x00000005d1800000, 0x00000005d1800000| Untracked 
| 158|0x00000005d2000000, 0x00000005d2000000, 0x00000005d2800000|  0%| F|  |TAMS 0x00000005d2000000, 0x00000005d2000000| Untracked 

Card table byte_map: [0x000002c0dafa0000,0x000002c0dc390000] _byte_map_base: 0x000002c0d8388000

Marking Bits (Prev, Next): (CMBitMap*) 0x000002c0c1377480, (CMBitMap*) 0x000002c0c1377440
 Prev Bits: [0x000002c0e76c0000, 0x000002c0f1600000)
 Next Bits: [0x000002c0dd780000, 0x000002c0e76c0000)

Polling page: 0x000002c0c1000000

Metaspace:

Usage:
  Non-class:     96.11 MB used.
      Class:     14.26 MB used.
       Both:    110.37 MB used.

Virtual space:
  Non-class space:      128.00 MB reserved,      96.50 MB ( 75%) committed,  2 nodes.
      Class space:        1.00 GB reserved,      14.56 MB (  1%) committed,  1 nodes.
             Both:        1.12 GB reserved,     111.06 MB ( 10%) committed. 

Chunk freelists:
   Non-Class:  14.75 MB
       Class:  1.30 MB
        Both:  16.04 MB

MaxMetaspaceSize: unlimited
CompressedClassSpaceSize: 1.00 GB
Initial GC threshold: 21.00 MB
Current GC threshold: 185.12 MB
CDS: on
MetaspaceReclaimPolicy: balanced
 - commit_granule_bytes: 65536.
 - commit_granule_words: 8192.
 - virtual_space_node_default_size: 8388608.
 - enlarge_chunks_in_place: 1.
 - new_chunks_are_fully_committed: 0.
 - uncommit_free_chunks: 1.
 - use_allocation_guard: 0.
 - handle_deallocations: 1.


Internal statistics:

num_allocs_failed_limit: 12.
num_arena_births: 1446.
num_arena_deaths: 446.
num_vsnodes_births: 3.
num_vsnodes_deaths: 0.
num_space_committed: 1777.
num_space_uncommitted: 0.
num_chunks_returned_to_freelist: 560.
num_chunks_taken_from_freelist: 5941.
num_chunk_merges: 182.
num_chunk_splits: 3917.
num_chunks_enlarged: 2858.
num_inconsistent_stats: 0.

CodeHeap 'non-profiled nmethods': size=120000Kb used=14946Kb max_used=15229Kb free=105054Kb
 bounds [0x000002c0d1c20000, 0x000002c0d2b00000, 0x000002c0d9150000]
CodeHeap 'profiled nmethods': size=120000Kb used=29371Kb max_used=29741Kb free=90628Kb
 bounds [0x000002c0ca150000, 0x000002c0cbe60000, 0x000002c0d1680000]
CodeHeap 'non-nmethods': size=5760Kb used=1443Kb max_used=1514Kb free=4316Kb
 bounds [0x000002c0d1680000, 0x000002c0d18f0000, 0x000002c0d1c20000]
 total_blobs=16094 nmethods=15314 adapters=691
 compilation: enabled
              stopped_count=0, restarted_count=0
 full_count=0

Compilation events (20 events):
Event: 12636.356 Thread 0x000002c0f18460c0 19482       1       com.sun.management.GcInfo::getId (5 bytes)
Event: 12636.356 Thread 0x000002c0f18460c0 nmethod 19482 0x000002c0d23cb910 code [0x000002c0d23cbaa0, 0x000002c0d23cbb78]
Event: 12636.356 Thread 0x000002c0f18460c0 19483       1       com.sun.management.GcInfo::getStartTime (5 bytes)
Event: 12636.356 Thread 0x000002c0f18460c0 nmethod 19483 0x000002c0d24c4490 code [0x000002c0d24c4620, 0x000002c0d24c46f8]
Event: 12636.356 Thread 0x000002c0f18460c0 19484       1       com.sun.management.GcInfo::getEndTime (5 bytes)
Event: 12636.356 Thread 0x000002c0f18460c0 nmethod 19484 0x000002c0d28f4210 code [0x000002c0d28f43a0, 0x000002c0d28f4478]
Event: 12636.356 Thread 0x000002c0f18460c0 19485       1       com.sun.management.internal.GcInfoBuilder::getGcExtItemCount (5 bytes)
Event: 12636.356 Thread 0x000002c0f18460c0 nmethod 19485 0x000002c0d2759a90 code [0x000002c0d2759c20, 0x000002c0d2759cf8]
Event: 12636.518 Thread 0x000002c0f18423c0 19486       4       javax.management.openmbean.CompositeDataSupport::makeMap (155 bytes)
Event: 12636.519 Thread 0x000002c0f18460c0 19488  s!   3       com.sun.management.internal.GcInfoCompositeData::getBaseGcInfoCompositeType (46 bytes)
Event: 12636.520 Thread 0x000002c0f18460c0 nmethod 19488 0x000002c0ca2d0690 code [0x000002c0ca2d0880, 0x000002c0ca2d0da8]
Event: 12636.611 Thread 0x000002c0f18423c0 nmethod 19486 0x000002c0d1f6a290 code [0x000002c0d1f6a4e0, 0x000002c0d1f6c2c8]
Event: 12636.611 Thread 0x000002c0f18423c0 19487       4       javax.management.openmbean.CompositeDataSupport::<init> (227 bytes)
Event: 12636.862 Thread 0x000002c0f18423c0 nmethod 19487 0x000002c0d226ec10 code [0x000002c0d226efc0, 0x000002c0d2272cf0]
Event: 12637.445 Thread 0x000002c0f18460c0 19489       3       com.fasterxml.jackson.core.json.UTF8StreamJsonParser::nextToken (534 bytes)
Event: 12637.450 Thread 0x000002c0f18460c0 nmethod 19489 0x000002c0cbcfab90 code [0x000002c0cbcfb0c0, 0x000002c0cbcfd6c8]
Event: 12637.450 Thread 0x000002c0f18460c0 19490       3       com.fasterxml.jackson.core.json.UTF8StreamJsonParser::_updateNameLocation (29 bytes)
Event: 12637.450 Thread 0x000002c0f18460c0 nmethod 19490 0x000002c0ca1cc910 code [0x000002c0ca1ccaa0, 0x000002c0ca1ccbd8]
Event: 12637.450 Thread 0x000002c0f18460c0 19491       3       com.fasterxml.jackson.core.json.UTF8StreamJsonParser::_closeObjectScope (34 bytes)
Event: 12637.451 Thread 0x000002c0f18460c0 nmethod 19491 0x000002c0caa08a90 code [0x000002c0caa08c60, 0x000002c0caa09098]

GC Heap History (20 events):
Event: 12564.266 GC heap after
{Heap after GC invocations=167 (full 1):
 garbage-first heap   total 614400K, used 354857K [0x0000000583000000, 0x0000000800000000)
  region size 8192K, 3 young (24576K), 3 survivors (24576K)
 Metaspace       used 112976K, committed 113728K, reserved 1179648K
  class space    used 14597K, committed 14912K, reserved 1048576K
}
Event: 12564.794 GC heap before
{Heap before GC invocations=167 (full 1):
 garbage-first heap   total 737280K, used 453161K [0x0000000583000000, 0x0000000800000000)
  region size 8192K, 16 young (131072K), 3 survivors (24576K)
 Metaspace       used 112976K, committed 113728K, reserved 1179648K
  class space    used 14597K, committed 14912K, reserved 1048576K
}
Event: 12564.854 GC heap after
{Heap after GC invocations=168 (full 1):
 garbage-first heap   total 737280K, used 376502K [0x0000000583000000, 0x0000000800000000)
  region size 8192K, 2 young (16384K), 2 survivors (16384K)
 Metaspace       used 112976K, committed 113728K, reserved 1179648K
  class space    used 14597K, committed 14912K, reserved 1048576K
}
Event: 12565.557 GC heap before
{Heap before GC invocations=169 (full 1):
 garbage-first heap   total 737280K, used 540342K [0x0000000583000000, 0x0000000800000000)
  region size 8192K, 22 young (180224K), 2 survivors (16384K)
 Metaspace       used 112977K, committed 113728K, reserved 1179648K
  class space    used 14597K, committed 14912K, reserved 1048576K
}
Event: 12565.595 GC heap after
{Heap after GC invocations=170 (full 1):
 garbage-first heap   total 737280K, used 425831K [0x0000000583000000, 0x0000000800000000)
  region size 8192K, 3 young (24576K), 3 survivors (24576K)
 Metaspace       used 112977K, committed 113728K, reserved 1179648K
  class space    used 14597K, committed 14912K, reserved 1048576K
}
Event: 12565.623 GC heap before
{Heap before GC invocations=170 (full 1):
 garbage-first heap   total 737280K, used 434023K [0x0000000583000000, 0x0000000800000000)
  region size 8192K, 4 young (32768K), 3 survivors (24576K)
 Metaspace       used 112977K, committed 113728K, reserved 1179648K
  class space    used 14597K, committed 14912K, reserved 1048576K
}
Event: 12565.641 GC heap after
{Heap after GC invocations=171 (full 1):
 garbage-first heap   total 1302528K, used 397869K [0x0000000583000000, 0x0000000800000000)
  region size 8192K, 1 young (8192K), 1 survivors (8192K)
 Metaspace       used 112977K, committed 113728K, reserved 1179648K
  class space    used 14597K, committed 14912K, reserved 1048576K
}
Event: 12567.995 GC heap before
{Heap before GC invocations=171 (full 1):
 garbage-first heap   total 1302528K, used 856621K [0x0000000583000000, 0x0000000800000000)
  region size 8192K, 58 young (475136K), 1 survivors (8192K)
 Metaspace       used 112977K, committed 113728K, reserved 1179648K
  class space    used 14597K, committed 14912K, reserved 1048576K
}
Event: 12568.096 GC heap after
{Heap after GC invocations=172 (full 1):
 garbage-first heap   total 1302528K, used 527594K [0x0000000583000000, 0x0000000800000000)
  region size 8192K, 8 young (65536K), 8 survivors (65536K)
 Metaspace       used 112977K, committed 113728K, reserved 1179648K
  class space    used 14597K, committed 14912K, reserved 1048576K
}
Event: 12568.935 GC heap before
{Heap before GC invocations=173 (full 1):
 garbage-first heap   total 1302528K, used 584938K [0x0000000583000000, 0x0000000800000000)
  region size 8192K, 30 young (245760K), 8 survivors (65536K)
 Metaspace       used 112978K, committed 113728K, reserved 1179648K
  class space    used 14597K, committed 14912K, reserved 1048576K
}
Event: 12568.999 GC heap after
{Heap after GC invocations=174 (full 1):
 garbage-first heap   total 1302528K, used 433607K [0x0000000583000000, 0x0000000800000000)
  region size 8192K, 4 young (32768K), 4 survivors (32768K)
 Metaspace       used 112978K, committed 113728K, reserved 1179648K
  class space    used 14597K, committed 14912K, reserved 1048576K
}
Event: 12569.095 GC heap before
{Heap before GC invocations=174 (full 1):
 garbage-first heap   total 1302528K, used 458183K [0x0000000583000000, 0x0000000800000000)
  region size 8192K, 7 young (57344K), 4 survivors (32768K)
 Metaspace       used 112978K, committed 113728K, reserved 1179648K
  class space    used 14597K, committed 14912K, reserved 1048576K
}
Event: 12569.124 GC heap after
{Heap after GC invocations=175 (full 1):
 garbage-first heap   total 1302528K, used 360128K [0x0000000583000000, 0x0000000800000000)
  region size 8192K, 1 young (8192K), 1 survivors (8192K)
 Metaspace       used 112978K, committed 113728K, reserved 1179648K
  class space    used 14597K, committed 14912K, reserved 1048576K
}
Event: 12593.293 GC heap before
{Heap before GC invocations=175 (full 1):
 garbage-first heap   total 1302528K, used 851648K [0x0000000583000000, 0x0000000800000000)
  region size 8192K, 61 young (499712K), 1 survivors (8192K)
 Metaspace       used 113006K, committed 113728K, reserved 1179648K
  class space    used 14598K, committed 14912K, reserved 1048576K
}
Event: 12593.402 GC heap after
{Heap after GC invocations=176 (full 1):
 garbage-first heap   total 1302528K, used 401422K [0x0000000583000000, 0x0000000800000000)
  region size 8192K, 7 young (57344K), 7 survivors (57344K)
 Metaspace       used 113006K, committed 113728K, reserved 1179648K
  class space    used 14598K, committed 14912K, reserved 1048576K
}
Event: 12636.166 GC heap before
{Heap before GC invocations=177 (full 1):
 garbage-first heap   total 1302528K, used 868366K [0x0000000583000000, 0x0000000800000000)
  region size 8192K, 65 young (532480K), 7 survivors (57344K)
 Metaspace       used 113016K, committed 113728K, reserved 1179648K
  class space    used 14598K, committed 14912K, reserved 1048576K
}
Event: 12636.354 GC heap after
{Heap after GC invocations=178 (full 1):
 garbage-first heap   total 1302528K, used 465615K [0x0000000583000000, 0x0000000800000000)
  region size 8192K, 9 young (73728K), 9 survivors (73728K)
 Metaspace       used 113016K, committed 113728K, reserved 1179648K
  class space    used 14598K, committed 14912K, reserved 1048576K
}
Event: 12636.433 GC heap before
{Heap before GC invocations=178 (full 1):
 garbage-first heap   total 1302528K, used 473807K [0x0000000583000000, 0x0000000800000000)
  region size 8192K, 10 young (81920K), 9 survivors (73728K)
 Metaspace       used 113017K, committed 113728K, reserved 1179648K
  class space    used 14598K, committed 14912K, reserved 1048576K
}
Event: 12636.518 GC heap after
{Heap after GC invocations=179 (full 1):
 garbage-first heap   total 1302528K, used 441962K [0x0000000583000000, 0x0000000800000000)
  region size 8192K, 2 young (16384K), 2 survivors (16384K)
 Metaspace       used 113017K, committed 113728K, reserved 1179648K
  class space    used 14598K, committed 14912K, reserved 1048576K
}
Event: 12638.295 GC heap before
{Heap before GC invocations=179 (full 1):
 garbage-first heap   total 1302528K, used 753258K [0x0000000583000000, 0x0000000800000000)
  region size 8192K, 41 young (335872K), 2 survivors (16384K)
 Metaspace       used 113019K, committed 113728K, reserved 1179648K
  class space    used 14598K, committed 14912K, reserved 1048576K
}

Deoptimization events (20 events):
Event: 12569.518 Thread 0x000002c13e181080 DEOPT PACKING pc=0x000002c0cb73369f sp=0x000000ec999f9cf0
Event: 12569.518 Thread 0x000002c13e181080 DEOPT UNPACKING pc=0x000002c0d16d66e3 sp=0x000000ec999f9230 mode 0
Event: 12577.378 Thread 0x000002c13e17ea00 Uncommon trap: trap_request=0xffffff45 fr.pc=0x000002c0d275bacc relative=0x00000000000015ec
Event: 12577.378 Thread 0x000002c13e17ea00 Uncommon trap: reason=unstable_if action=reinterpret pc=0x000002c0d275bacc method=com.fasterxml.jackson.core.json.UTF8StreamJsonParser._parseName(I)Ljava/lang/String; @ 23 c2
Event: 12577.378 Thread 0x000002c13e17ea00 DEOPT PACKING pc=0x000002c0d275bacc sp=0x000000ec95cfd120
Event: 12577.378 Thread 0x000002c13e17ea00 DEOPT UNPACKING pc=0x000002c0d16d5ba3 sp=0x000000ec95cfd060 mode 2
Event: 12592.583 Thread 0x000002c13e181a20 Uncommon trap: trap_request=0xffffff45 fr.pc=0x000002c0d1fcba10 relative=0x00000000000005d0
Event: 12592.583 Thread 0x000002c13e181a20 Uncommon trap: reason=unstable_if action=reinterpret pc=0x000002c0d1fcba10 method=org.apache.poi.poifs.filesystem.DocumentInputStream.readFully([BII)V @ 49 c2
Event: 12592.583 Thread 0x000002c13e181a20 DEOPT PACKING pc=0x000002c0d1fcba10 sp=0x000000ec99cfc9b0
Event: 12592.583 Thread 0x000002c13e181a20 DEOPT UNPACKING pc=0x000002c0d16d5ba3 sp=0x000000ec99cfc918 mode 2
Event: 12592.679 Thread 0x000002c13e181a20 DEOPT PACKING pc=0x000002c0cb2b78d0 sp=0x000000ec99cfcb20
Event: 12592.679 Thread 0x000002c13e181a20 DEOPT UNPACKING pc=0x000002c0d16d66e3 sp=0x000000ec99cfc098 mode 0
Event: 12593.480 Thread 0x000002c13e181a20 Uncommon trap: trap_request=0xffffff45 fr.pc=0x000002c0d1cb8530 relative=0x00000000000006f0
Event: 12593.480 Thread 0x000002c13e181a20 Uncommon trap: reason=unstable_if action=reinterpret pc=0x000002c0d1cb8530 method=com.fasterxml.jackson.core.json.UTF8JsonGenerator._verifyValueWrite(Ljava/lang/String;)V @ 23 c2
Event: 12593.480 Thread 0x000002c13e181a20 DEOPT PACKING pc=0x000002c0d1cb8530 sp=0x000000ec99cfd3f0
Event: 12593.480 Thread 0x000002c13e181a20 DEOPT UNPACKING pc=0x000002c0d16d5ba3 sp=0x000000ec99cfd348 mode 2
Event: 12593.480 Thread 0x000002c13e181a20 Uncommon trap: trap_request=0xffffff45 fr.pc=0x000002c0d22fa69c relative=0x0000000000000d3c
Event: 12593.480 Thread 0x000002c13e181a20 Uncommon trap: reason=unstable_if action=reinterpret pc=0x000002c0d22fa69c method=com.fasterxml.jackson.core.json.UTF8JsonGenerator._writeStringSegment2(Ljava/lang/String;II)V @ 138 c2
Event: 12593.480 Thread 0x000002c13e181a20 DEOPT PACKING pc=0x000002c0d22fa69c sp=0x000000ec99cfd250
Event: 12593.480 Thread 0x000002c13e181a20 DEOPT UNPACKING pc=0x000002c0d16d5ba3 sp=0x000000ec99cfd138 mode 2

Classes unloaded (20 events):
Event: 12558.804 Thread 0x000002c0f1821fa0 Unloading class 0x000002c0f6c3ec00 'jdk/internal/reflect/GeneratedMethodAccessor55'
Event: 12558.804 Thread 0x000002c0f1821fa0 Unloading class 0x000002c0f6c3e800 'jdk/internal/reflect/GeneratedMethodAccessor54'
Event: 12558.804 Thread 0x000002c0f1821fa0 Unloading class 0x000002c0f6c3e400 'jdk/internal/reflect/GeneratedMethodAccessor53'
Event: 12558.804 Thread 0x000002c0f1821fa0 Unloading class 0x000002c0f6c3e000 'jdk/internal/reflect/GeneratedMethodAccessor52'
Event: 12558.804 Thread 0x000002c0f1821fa0 Unloading class 0x000002c0f6c3dc00 'jdk/internal/reflect/GeneratedMethodAccessor51'
Event: 12558.804 Thread 0x000002c0f1821fa0 Unloading class 0x000002c0f6c3d800 'jdk/internal/reflect/GeneratedMethodAccessor50'
Event: 12558.804 Thread 0x000002c0f1821fa0 Unloading class 0x000002c0f6c3d400 'jdk/internal/reflect/GeneratedMethodAccessor49'
Event: 12558.804 Thread 0x000002c0f1821fa0 Unloading class 0x000002c0f6c3d000 'jdk/internal/reflect/GeneratedMethodAccessor48'
Event: 12558.804 Thread 0x000002c0f1821fa0 Unloading class 0x000002c0f6c3cc00 'jdk/internal/reflect/GeneratedMethodAccessor47'
Event: 12558.804 Thread 0x000002c0f1821fa0 Unloading class 0x000002c0f6c3c800 'jdk/internal/reflect/GeneratedMethodAccessor46'
Event: 12558.804 Thread 0x000002c0f1821fa0 Unloading class 0x000002c0f6c3c400 'jdk/internal/reflect/GeneratedMethodAccessor45'
Event: 12558.804 Thread 0x000002c0f1821fa0 Unloading class 0x000002c0f6c3c000 'jdk/internal/reflect/GeneratedMethodAccessor44'
Event: 12558.804 Thread 0x000002c0f1821fa0 Unloading class 0x000002c0f6c24c00 'jdk/internal/reflect/GeneratedMethodAccessor42'
Event: 12558.804 Thread 0x000002c0f1821fa0 Unloading class 0x000002c0f6c24800 'jdk/internal/reflect/GeneratedMethodAccessor41'
Event: 12558.804 Thread 0x000002c0f1821fa0 Unloading class 0x000002c0f6c24400 'jdk/internal/reflect/GeneratedMethodAccessor40'
Event: 12558.804 Thread 0x000002c0f1821fa0 Unloading class 0x000002c0f6c24000 'jdk/internal/reflect/GeneratedMethodAccessor39'
Event: 12558.804 Thread 0x000002c0f1821fa0 Unloading class 0x000002c0f6c10800 'jdk/internal/reflect/GeneratedMethodAccessor37'
Event: 12558.804 Thread 0x000002c0f1821fa0 Unloading class 0x000002c0f6c10400 'jdk/internal/reflect/GeneratedMethodAccessor36'
Event: 12558.804 Thread 0x000002c0f1821fa0 Unloading class 0x000002c0f6c10000 'jdk/internal/reflect/GeneratedMethodAccessor35'
Event: 12558.804 Thread 0x000002c0f1821fa0 Unloading class 0x000002c0f6e92800 'org/apache/catalina/loader/JdbcLeakPrevention'

Classes redefined (0 events):
No events

Internal exceptions (20 events):
Event: 12541.119 Thread 0x000002c13ba8e010 Exception <a 'java/lang/reflect/InvocationTargetException'{0x000000058db3f3c8}> (0x000000058db3f3c8) 
thrown [s\open\src\hotspot\share\runtime\reflection.cpp, line 1121]
Event: 12541.124 Thread 0x000002c13ba8e010 Exception <a 'java/lang/reflect/InvocationTargetException'{0x000000058db4aad0}> (0x000000058db4aad0) 
thrown [s\open\src\hotspot\share\runtime\reflection.cpp, line 1121]
Event: 12541.129 Thread 0x000002c13ba8e010 Exception <a 'java/lang/reflect/InvocationTargetException'{0x000000058db58920}> (0x000000058db58920) 
thrown [s\open\src\hotspot\share\runtime\reflection.cpp, line 1121]
Event: 12541.134 Thread 0x000002c13ba8e010 Exception <a 'java/lang/reflect/InvocationTargetException'{0x000000058db606b0}> (0x000000058db606b0) 
thrown [s\open\src\hotspot\share\runtime\reflection.cpp, line 1121]
Event: 12541.138 Thread 0x000002c13ba8e010 Exception <a 'java/lang/reflect/InvocationTargetException'{0x000000058db6ba70}> (0x000000058db6ba70) 
thrown [s\open\src\hotspot\share\runtime\reflection.cpp, line 1121]
Event: 12541.144 Thread 0x000002c13ba8e010 Exception <a 'java/lang/reflect/InvocationTargetException'{0x000000058db79480}> (0x000000058db79480) 
thrown [s\open\src\hotspot\share\runtime\reflection.cpp, line 1121]
Event: 12541.150 Thread 0x000002c13ba8e010 Exception <a 'java/lang/reflect/InvocationTargetException'{0x000000058db88448}> (0x000000058db88448) 
thrown [s\open\src\hotspot\share\runtime\reflection.cpp, line 1121]
Event: 12541.328 Thread 0x000002c13ba8e010 Exception <a 'java/lang/reflect/InvocationTargetException'{0x000000058d039f20}> (0x000000058d039f20) 
thrown [s\open\src\hotspot\share\runtime\reflection.cpp, line 1121]
Event: 12541.337 Thread 0x000002c13ba8e010 Exception <a 'java/lang/reflect/InvocationTargetException'{0x000000058d043aa8}> (0x000000058d043aa8) 
thrown [s\open\src\hotspot\share\runtime\reflection.cpp, line 1121]
Event: 12541.349 Thread 0x000002c13ba8e010 Exception <a 'java/lang/reflect/InvocationTargetException'{0x000000058d053268}> (0x000000058d053268) 
thrown [s\open\src\hotspot\share\runtime\reflection.cpp, line 1121]
Event: 12541.359 Thread 0x000002c13ba8e010 Exception <a 'java/lang/reflect/InvocationTargetException'{0x000000058d066e78}> (0x000000058d066e78) 
thrown [s\open\src\hotspot\share\runtime\reflection.cpp, line 1121]
Event: 12541.369 Thread 0x000002c13ba8e010 Exception <a 'java/lang/reflect/InvocationTargetException'{0x000000058d080760}> (0x000000058d080760) 
thrown [s\open\src\hotspot\share\runtime\reflection.cpp, line 1121]
Event: 12541.379 Thread 0x000002c13ba8e010 Exception <a 'java/lang/reflect/InvocationTargetException'{0x000000058d0931c0}> (0x000000058d0931c0) 
thrown [s\open\src\hotspot\share\runtime\reflection.cpp, line 1121]
Event: 12541.386 Thread 0x000002c13ba8e010 Exception <a 'java/lang/reflect/InvocationTargetException'{0x000000058d09db28}> (0x000000058d09db28) 
thrown [s\open\src\hotspot\share\runtime\reflection.cpp, line 1121]
Event: 12541.561 Thread 0x000002c13ba8e010 Exception <a 'java/lang/reflect/InvocationTargetException'{0x000000058d6248f8}> (0x000000058d6248f8) 
thrown [s\open\src\hotspot\share\runtime\reflection.cpp, line 1121]
Event: 12541.564 Thread 0x000002c13ba8e010 Exception <a 'java/lang/reflect/InvocationTargetException'{0x000000058d6351e8}> (0x000000058d6351e8) 
thrown [s\open\src\hotspot\share\runtime\reflection.cpp, line 1121]
Event: 12542.592 Thread 0x000002c13ba8e010 Exception <a 'sun/nio/fs/WindowsException'{0x000000059025a7b8}> (0x000000059025a7b8) 
thrown [s\open\src\hotspot\share\prims\jni.cpp, line 516]
Event: 12544.970 Thread 0x000002c13ba8e010 Exception <a 'java/net/BindException'{0x000000058c67c210}: Address already in use: bind> (0x000000058c67c210) 
thrown [s\open\src\hotspot\share\prims\jni.cpp, line 535]
Event: 12544.970 Thread 0x000002c13ba8e010 Exception <a 'java/net/SocketException'{0x000000058c67c7f0}: Socket is not connected: shutdown> (0x000000058c67c7f0) 
thrown [s\open\src\hotspot\share\prims\jni.cpp, line 535]
Event: 12592.583 Thread 0x000002c13e181a20 Implicit null exception at 0x000002c0d1fcb5af to 0x000002c0d1fcb9f4

VM Operations (20 events):
Event: 12593.403 Executing VM operation: G1CollectForAllocation done
Event: 12593.849 Executing VM operation: G1Concurrent
Event: 12593.864 Executing VM operation: G1Concurrent done
Event: 12594.115 Executing VM operation: G1Concurrent
Event: 12594.116 Executing VM operation: G1Concurrent done
Event: 12608.232 Executing VM operation: Cleanup
Event: 12608.233 Executing VM operation: Cleanup done
Event: 12632.436 Executing VM operation: HandshakeAllThreads
Event: 12632.436 Executing VM operation: HandshakeAllThreads done
Event: 12632.436 Executing VM operation: Cleanup
Event: 12632.437 Executing VM operation: Cleanup done
Event: 12633.450 Executing VM operation: Cleanup
Event: 12633.451 Executing VM operation: Cleanup done
Event: 12636.166 Executing VM operation: G1CollectForAllocation
Event: 12636.355 Executing VM operation: G1CollectForAllocation done
Event: 12636.433 Executing VM operation: G1CollectForAllocation
Event: 12636.518 Executing VM operation: G1CollectForAllocation done
Event: 12637.525 Executing VM operation: Cleanup
Event: 12637.525 Executing VM operation: Cleanup done
Event: 12638.295 Executing VM operation: G1TryInitiateConcMark

Events (20 events):
Event: 12632.467 Thread 0x000002c0f185b4b0 flushing nmethod 0x000002c0cae23890
Event: 12632.467 Thread 0x000002c0f185b4b0 flushing nmethod 0x000002c0cae24310
Event: 12632.467 Thread 0x000002c0f185b4b0 flushing nmethod 0x000002c0cae24810
Event: 12632.467 Thread 0x000002c0f185b4b0 flushing nmethod 0x000002c0cae26a90
Event: 12632.468 Thread 0x000002c0f185b4b0 flushing nmethod 0x000002c0cae66610
Event: 12632.468 Thread 0x000002c0f185b4b0 flushing nmethod 0x000002c0cae6d190
Event: 12632.469 Thread 0x000002c0f185b4b0 flushing nmethod 0x000002c0caf72190
Event: 12632.469 Thread 0x000002c0f185b4b0 flushing nmethod 0x000002c0cafc4610
Event: 12632.470 Thread 0x000002c0f185b4b0 flushing nmethod 0x000002c0cb150c10
Event: 12632.471 Thread 0x000002c0f185b4b0 flushing nmethod 0x000002c0cb217710
Event: 12632.471 Thread 0x000002c0f185b4b0 flushing nmethod 0x000002c0cb218390
Event: 12632.471 Thread 0x000002c0f185b4b0 flushing nmethod 0x000002c0cb2f0e10
Event: 12632.483 Thread 0x000002c0f185b4b0 flushing nmethod 0x000002c0cbb75c10
Event: 12632.484 Thread 0x000002c0f185b4b0 flushing nmethod 0x000002c0cbc99f90
Event: 12632.484 Thread 0x000002c0f185b4b0 flushing nmethod 0x000002c0cbc9e090
Event: 12632.485 Thread 0x000002c0f185b4b0 flushing nmethod 0x000002c0cbcfab90
Event: 12632.485 Thread 0x000002c0f185b4b0 flushing nmethod 0x000002c0cbd08610
Event: 12632.485 Thread 0x000002c0f185b4b0 flushing nmethod 0x000002c0cbd2f610
Event: 12632.485 Thread 0x000002c0f185b4b0 flushing nmethod 0x000002c0cbd57b10
Event: 12632.485 Thread 0x000002c0f185b4b0 flushing nmethod 0x000002c0cbe20f90


Dynamic libraries:
0x00007ff783440000 - 0x00007ff783450000 	C:\Program Files\Java\jdk-17\bin\java.exe
0x00007ffbe12e0000 - 0x00007ffbe1549000 	C:\Windows\SYSTEM32\ntdll.dll
0x00007ffbe0150000 - 0x00007ffbe0219000 	C:\Windows\System32\KERNEL32.DLL
0x00007ffbde500000 - 0x00007ffbde8f3000 	C:\Windows\System32\KERNELBASE.dll
0x00007ffbdef60000 - 0x00007ffbdf0ab000 	C:\Windows\System32\ucrtbase.dll
0x00007ffbbdaa0000 - 0x00007ffbbdab9000 	C:\Program Files\Java\jdk-17\bin\jli.dll
0x00007ffbdf6a0000 - 0x00007ffbdf754000 	C:\Windows\System32\ADVAPI32.dll
0x00007ffbbd850000 - 0x00007ffbbd86b000 	C:\Program Files\Java\jdk-17\bin\VCRUNTIME140.dll
0x00007ffbdf0c0000 - 0x00007ffbdf169000 	C:\Windows\System32\msvcrt.dll
0x00007ffbe1040000 - 0x00007ffbe10e6000 	C:\Windows\System32\sechost.dll
0x00007ffbe0030000 - 0x00007ffbe0148000 	C:\Windows\System32\RPCRT4.dll
0x00007ffbe0d80000 - 0x00007ffbe0f44000 	C:\Windows\System32\USER32.dll
0x00007ffbdeba0000 - 0x00007ffbdebc7000 	C:\Windows\System32\win32u.dll
0x00007ffbe0230000 - 0x00007ffbe025b000 	C:\Windows\System32\GDI32.dll
0x00007ffbde900000 - 0x00007ffbdea2d000 	C:\Windows\System32\gdi32full.dll
0x00007ffbdeaf0000 - 0x00007ffbdeb93000 	C:\Windows\System32\msvcp_win.dll
0x00007ffbdd890000 - 0x00007ffbddb23000 	C:\Windows\WinSxS\amd64_microsoft.windows.common-controls_6595b64144ccf1df_6.0.26100.5074_none_3e0d6f78e32fd63f\COMCTL32.dll
0x00007ffbcff70000 - 0x00007ffbcff7b000 	C:\Windows\SYSTEM32\VERSION.dll
0x00007ffbdf170000 - 0x00007ffbdf19f000 	C:\Windows\System32\IMM32.DLL
0x00007ffbc7f40000 - 0x00007ffbc7f4c000 	C:\Program Files\Java\jdk-17\bin\vcruntime140_1.dll
0x00007ffb78d70000 - 0x00007ffb78dfe000 	C:\Program Files\Java\jdk-17\bin\msvcp140.dll
0x00007ffb2e540000 - 0x00007ffb2f121000 	C:\Program Files\Java\jdk-17\bin\server\jvm.dll
0x00007ffbdf0b0000 - 0x00007ffbdf0b8000 	C:\Windows\System32\PSAPI.DLL
0x00007ffb3bb40000 - 0x00007ffb3bb4a000 	C:\Windows\SYSTEM32\WSOCK32.dll
0x00007ffbc7050000 - 0x00007ffbc7085000 	C:\Windows\SYSTEM32\WINMM.dll
0x00007ffbe1220000 - 0x00007ffbe1294000 	C:\Windows\System32\WS2_32.dll
0x00007ffbdc8e0000 - 0x00007ffbdc8fb000 	C:\Windows\SYSTEM32\kernel.appcore.dll
0x00007ffbc44d0000 - 0x00007ffbc44da000 	C:\Program Files\Java\jdk-17\bin\jimage.dll
0x00007ffbddc40000 - 0x00007ffbdde82000 	C:\Windows\SYSTEM32\DBGHELP.DLL
0x00007ffbdfb70000 - 0x00007ffbdfeeb000 	C:\Windows\System32\combase.dll
0x00007ffbdf8a0000 - 0x00007ffbdf977000 	C:\Windows\System32\OLEAUT32.dll
0x00007ffbddb30000 - 0x00007ffbddb6d000 	C:\Windows\SYSTEM32\dbgcore.DLL
0x00007ffbdeec0000 - 0x00007ffbdef59000 	C:\Windows\System32\bcryptPrimitives.dll
0x00007ffba7f00000 - 0x00007ffba7f25000 	C:\Program Files\Java\jdk-17\bin\java.dll
0x00007ffb4b6a0000 - 0x00007ffb4b777000 	C:\Program Files\Java\jdk-17\bin\jsvml.dll
0x00007ffbe05a0000 - 0x00007ffbe0ced000 	C:\Windows\System32\SHELL32.dll
0x00007ffbdebd0000 - 0x00007ffbded3c000 	C:\Windows\System32\wintypes.dll
0x00007ffbdb630000 - 0x00007ffbdbe89000 	C:\Windows\SYSTEM32\windows.storage.dll
0x00007ffbe10f0000 - 0x00007ffbe11e0000 	C:\Windows\System32\SHCORE.dll
0x00007ffbe0fd0000 - 0x00007ffbe1032000 	C:\Windows\System32\shlwapi.dll
0x00007ffbde390000 - 0x00007ffbde3b9000 	C:\Windows\SYSTEM32\profapi.dll
0x00007ffbb7670000 - 0x00007ffbb7689000 	C:\Program Files\Java\jdk-17\bin\net.dll
0x00007ffbcfe40000 - 0x00007ffbcff5f000 	C:\Windows\SYSTEM32\WINHTTP.dll
0x00007ffbdce00000 - 0x00007ffbdce6b000 	C:\Windows\system32\mswsock.dll
0x00007ffbb1a70000 - 0x00007ffbb1a86000 	C:\Program Files\Java\jdk-17\bin\nio.dll
0x00007ffba6d10000 - 0x00007ffba6d28000 	C:\Program Files\Java\jdk-17\bin\zip.dll
0x00007ffbc43e0000 - 0x00007ffbc43ea000 	C:\Program Files\Java\jdk-17\bin\management.dll
0x00007ffbc4250000 - 0x00007ffbc425b000 	C:\Program Files\Java\jdk-17\bin\management_ext.dll
0x00007ffb8e110000 - 0x00007ffb8e128000 	C:\Windows\system32\napinsp.dll
0x00007ffb8e0f0000 - 0x00007ffb8e106000 	C:\Windows\system32\wshbth.dll
0x00007ffb8e0c0000 - 0x00007ffb8e0e8000 	C:\Windows\system32\nlansp_c.dll
0x00007ffbdc410000 - 0x00007ffbdc536000 	C:\Windows\SYSTEM32\DNSAPI.dll
0x00007ffbdc370000 - 0x00007ffbdc3a4000 	C:\Windows\SYSTEM32\IPHLPAPI.DLL
0x00007ffbe0020000 - 0x00007ffbe002a000 	C:\Windows\System32\NSI.dll
0x00007ffb8e0a0000 - 0x00007ffb8e0b2000 	C:\Windows\System32\winrnr.dll
0x00007ffbd5480000 - 0x00007ffbd548b000 	C:\Windows\System32\rasadhlp.dll
0x00007ffbd7d20000 - 0x00007ffbd7da6000 	C:\Windows\System32\fwpuclnt.dll
0x00007ffbddfb0000 - 0x00007ffbddfcb000 	C:\Windows\SYSTEM32\CRYPTSP.dll
0x00007ffbdd280000 - 0x00007ffbdd2bb000 	C:\Windows\system32\rsaenh.dll
0x00007ffbdce70000 - 0x00007ffbdce9b000 	C:\Windows\SYSTEM32\USERENV.dll
0x00007ffbde360000 - 0x00007ffbde386000 	C:\Windows\SYSTEM32\bcrypt.dll
0x00007ffbdd4d0000 - 0x00007ffbdd4dc000 	C:\Windows\SYSTEM32\CRYPTBASE.dll
0x00007ffbd7240000 - 0x00007ffbd725e000 	C:\Windows\SYSTEM32\dhcpcsvc6.DLL
0x00007ffbd6f20000 - 0x00007ffbd6f43000 	C:\Windows\SYSTEM32\dhcpcsvc.DLL
0x00007ffbc3ca0000 - 0x00007ffbc3cae000 	C:\Program Files\Java\jdk-17\bin\sunmscapi.dll
0x00007ffbded40000 - 0x00007ffbdeeb7000 	C:\Windows\System32\CRYPT32.dll
0x00007ffbdd490000 - 0x00007ffbdd4c0000 	C:\Windows\SYSTEM32\ncrypt.dll
0x00007ffbdd440000 - 0x00007ffbdd47f000 	C:\Windows\SYSTEM32\NTASN1.dll
0x00007ffbbeb40000 - 0x00007ffbbeb50000 	C:\Program Files\Java\jdk-17\bin\verify.dll
0x00007ffb8a5e0000 - 0x00007ffb8a5e8000 	C:\Windows\system32\wshunix.dll

dbghelp: loaded successfully - version: 4.0.5 - missing functions: none
symbol engine: initialized successfully - sym options: 0x614 - pdb path: .;C:\Program Files\Java\jdk-17\bin;C:\Windows\SYSTEM32;C:\Windows\WinSxS\amd64_microsoft.windows.common-controls_6595b64144ccf1df_6.0.26100.5074_none_3e0d6f78e32fd63f;C:\Program Files\Java\jdk-17\bin\server

VM Arguments:
jvm_args: -XX:+ShowCodeDetailsInExceptionMessages -Dspring.jmx.enabled=true -Dmanagement.endpoints.jmx.exposure.include=* -Dspring.application.admin.enabled=true -Dspring.boot.project.name=com.manamer.sellout.business-sellout -Djava.rmi.server.hostname=localhost -Dcom.sun.management.jmxremote.port=45559 -Dcom.sun.management.jmxremote.authenticate=false -Dcom.sun.management.jmxremote.ssl=false 
java_command: com.manamer.backend.business.sellout.SelloutApplication
java_class_path (initial): C:\Users\Fernanda Jama\OneDrive - Manamer\Documentos\PROYECTOS 2025-2026\sellout1\backend\business\sellout\target\classes;C:\Users\Fernanda Jama\.m2\repository\org\springframework\boot\spring-boot-starter\3.2.4\spring-boot-starter-3.2.4.jar;C:\Users\Fernanda Jama\.m2\repository\org\springframework\boot\spring-boot\3.2.4\spring-boot-3.2.4.jar;C:\Users\Fernanda Jama\.m2\repository\org\springframework\boot\spring-boot-autoconfigure\3.2.4\spring-boot-autoconfigure-3.2.4.jar;C:\Users\Fernanda Jama\.m2\repository\org\springframework\boot\spring-boot-starter-logging\3.2.4\spring-boot-starter-logging-3.2.4.jar;C:\Users\Fernanda Jama\.m2\repository\ch\qos\logback\logback-classic\1.4.14\logback-classic-1.4.14.jar;C:\Users\Fernanda Jama\.m2\repository\ch\qos\logback\logback-core\1.4.14\logback-core-1.4.14.jar;C:\Users\Fernanda Jama\.m2\repository\org\apache\logging\log4j\log4j-to-slf4j\2.23.1\log4j-to-slf4j-2.23.1.jar;C:\Users\Fernanda Jama\.m2\repository\org\slf4j\jul-to-slf4j\2.0.12\jul-to-slf4j-2.0.12.jar;C:\Users\Fernanda Jama\.m2\repository\jakarta\annotation\jakarta.annotation-api\2.1.1\jakarta.annotation-api-2.1.1.jar;C:\Users\Fernanda Jama\.m2\repository\org\springframework\spring-core\6.1.11\spring-core-6.1.11.jar;C:\Users\Fernanda Jama\.m2\repository\org\springframework\spring-jcl\6.1.11\spring-jcl-6.1.11.jar;C:\Users\Fernanda Jama\.m2\repository\org\yaml\snakeyaml\2.2\snakeyaml-2.2.jar;C:\Users\Fernanda Jama\.m2\repository\com\microsoft\sqlserver\mssql-jdbc\12.4.2.jre11\mssql-jdbc-12.4.2.jre11.jar;C:\Users\Fernanda Jama\.m2\repository\org\projectlombok\lombok\1.18.28\lombok-1.18.28.jar;C:\Users\Fernanda Jama\.m2\repository\org\springframework\boot\spring-boot-starter-data-jpa\3.2.4\spring-boot-starter-data-jpa-3.2.4.jar;C:\Users\Fernanda Jama\.m2\repository\org\springframework\boot\spring-boot-starter-aop\3.2.4\spring-boot-starter-aop-3.2.4.jar;C:\Users\Fernanda Jama\.m2\repository\org\aspectj\aspectjweaver\1.9.21\aspectjweaver-1.9.21.ja
Launcher Type: SUN_STANDARD

[Global flags]
     intx CICompilerCount                          = 4                                         {product} {ergonomic}
     uint ConcGCThreads                            = 2                                         {product} {ergonomic}
     uint G1ConcRefinementThreads                  = 8                                         {product} {ergonomic}
   size_t G1HeapRegionSize                         = 8388608                                   {product} {ergonomic}
    uintx GCDrainStackTargetSize                   = 64                                        {product} {ergonomic}
   size_t InitialHeapSize                          = 671088640                                 {product} {ergonomic}
     bool ManagementServer                         = true                                      {product} {command line}
   size_t MarkStackSize                            = 4194304                                   {product} {ergonomic}
   size_t MaxHeapSize                              = 10687086592                               {product} {ergonomic}
   size_t MaxNewSize                               = 6408896512                                {product} {ergonomic}
   size_t MinHeapDeltaBytes                        = 8388608                                   {product} {ergonomic}
   size_t MinHeapSize                              = 8388608                                   {product} {ergonomic}
    uintx NonNMethodCodeHeapSize                   = 5839372                                {pd product} {ergonomic}
    uintx NonProfiledCodeHeapSize                  = 122909434                              {pd product} {ergonomic}
    uintx ProfiledCodeHeapSize                     = 122909434                              {pd product} {ergonomic}
    uintx ReservedCodeCacheSize                    = 251658240                              {pd product} {ergonomic}
     bool SegmentedCodeCache                       = true                                      {product} {ergonomic}
     bool ShowCodeDetailsInExceptionMessages       = true                                   {manageable} {command line}
   size_t SoftMaxHeapSize                          = 10687086592                            {manageable} {ergonomic}
     bool UseCompressedClassPointers               = true                           {product lp64_product} {ergonomic}
     bool UseCompressedOops                        = true                           {product lp64_product} {ergonomic}
     bool UseG1GC                                  = true                                      {product} {ergonomic}
     bool UseLargePagesIndividualAllocation        = false                                  {pd product} {ergonomic}

Logging:
Log output configuration:
 #0: stdout all=warning uptime,level,tags
 #1: stderr all=off uptime,level,tags

Environment Variables:
JAVA_HOME=C:\\Program Files\\Java\\jdk-17
CLASSPATH=C:\Program Files\SAP\SAP Business One DI API\JCO\LIB\sbowrapper.jar;C:\Program Files\SAP\SAP Business One DI API\JCO\LIB\sboapi.jar
PATH=C:\\Program Files\\Java\\jdk-17\\bin;C:\\Users\\Fernanda Jama\\.trae\\tools\\maven\\latest\\bin;C:\\Users\\Fernanda Jama\\.trae\\tools\\gradle\\latest\\bin;C:\Program Files\Java\jdk-17\bin;C:\Users\Fernanda Jama\.trae\tools\maven\latest\bin;C:\Users\Fernanda Jama\.trae\tools\gradle\latest\bin;C:\Python313\Scripts\;C:\Python313\;C:\Program Files\Microsoft MPI\Bin\;C:\Program Files\Common Files\Oracle\Java\javapath;C:\Windows\system32;C:\Windows;C:\Windows\System32\Wbem;C:\Windows\System32\WindowsPowerShell\v1.0\;C:\Windows\System32\OpenSSH\;C:\Program Files\Microsoft SQL Server\Client SDK\ODBC\170\Tools\Binn\;C:\Program Files (x86)\Microsoft SQL Server\150\Tools\Binn\;C:\Program Files\Microsoft SQL Server\150\Tools\Binn\;C:\Program Files\Microsoft SQL Server\150\DTS\Binn\;C:\Program Files (x86)\Microsoft SQL Server\160\DTS\Binn\;C:\Program Files\nodejs\;C:\ProgramData\chocolatey\bin;C:\Program Files\SAP\SAP Business One DI API\JCO\LIB\;C:\Program Files\SAP\SAP Business One DI API\DI API 90;C:\Program Files\SAP\SAP Business One\;C:\Program Files\apache-maven-3.8.8-bin\apache-maven-3.8.8\bin;C:\Program Files\Git\cmd;C:\Users\Fernanda Jama\AppData\Local\Microsoft\WindowsApps;C:\Users\Fernanda Jama\AppData\Local\GitHubDesktop\bin;C:\Users\Fernanda Jama\AppData\Local\Programs\Microsoft VS Code\bin;C:\Users\Fernanda Jama\AppData\Roaming\npm
USERNAME=Fernanda Jama
LANG=en_US.UTF-8
OS=Windows_NT
PROCESSOR_IDENTIFIER=Intel64 Family 6 Model 140 Stepping 1, GenuineIntel



---------------  S Y S T E M  ---------------

OS:
 Windows 11 , 64 bit Build 26100 (10.0.26100.5074)
OS uptime: 0 days 8:19 hours
Hyper-V role detected

CPU: total 8 (initial active 8) (4 cores per cpu, 2 threads per core) family 6 model 140 stepping 1 microcode 0xb8, cx8, cmov, fxsr, ht, mmx, 3dnowpref, sse, sse2, sse3, ssse3, sse4.1, sse4.2, popcnt, lzcnt, tsc, tscinvbit, avx, avx2, aes, erms, clmul, bmi1, bmi2, adx, avx512f, avx512dq, avx512cd, avx512bw, avx512vl, sha, fma, vzeroupper, avx512_vpopcntdq, avx512_vpclmulqdq, avx512_vaes, avx512_vnni, clflush, clflushopt, clwb, avx512_vbmi2, avx512_vbmi, hv

Memory: 4k page, system-wide physical 40743M (952M free)
TotalPageFile size 101566M (AvailPageFile size 2253M)
current process WorkingSet (physical memory assigned to process): 1586M, peak: 2681M
current process commit charge ("private bytes"): 1671M, peak: 5957M

vm_info: Java HotSpot(TM) 64-Bit Server VM (17.0.15+9-LTS-241) for windows-amd64 JRE (17.0.15+9-LTS-241), built on Feb 20 2025 10:49:54 by "mach5one" with MS VC++ 17.6 (VS2022)

END.
