#
# There is insufficient memory for the Java Runtime Environment to continue.
# Native memory allocation (malloc) failed to allocate 2097152 bytes for AllocateHeap
# Possible reasons:
#   The system is out of physical RAM or swap space
#   The process is running with CompressedOops enabled, and the Java Heap may be blocking the growth of the native heap
# Possible solutions:
#   Reduce memory load on the system
#   Increase physical memory or swap space
#   Check if swap backing store is full
#   Decrease Java heap size (-Xmx/-Xms)
#   Decrease number of Java threads
#   Decrease Java thread stack sizes (-Xss)
#   Set larger code cache with -XX:ReservedCodeCacheSize=
#   JVM is running with Zero Based Compressed Oops mode in which the Java heap is
#     placed in the first 32GB address space. The Java Heap base address is the
#     maximum limit for the native heap growth. Please use -XX:HeapBaseMinAddress
#     to set the Java Heap base and to place the Java Heap above 32GB virtual address.
# This output file may be truncated or incomplete.
#
#  Out of Memory Error (allocation.cpp:44), pid=22240, tid=10468
#
# JRE version: Java(TM) SE Runtime Environment (17.0.15+9) (build 17.0.15+9-LTS-241)
# Java VM: Java HotSpot(TM) 64-Bit Server VM (17.0.15+9-LTS-241, mixed mode, sharing, tiered, compressed oops, compressed class ptrs, g1 gc, windows-amd64)
# No core dump will be written. Minidumps are not enabled by default on client versions of Windows
#

---------------  S U M M A R Y ------------

Command Line: -XX:+ShowCodeDetailsInExceptionMessages com.manamer.sellout.infraestructure.eurekaserver.EurekaserverApplication

Host: 11th Gen Intel(R) Core(TM) i7-1165G7 @ 2.80GHz, 8 cores, 39G,  Windows 11 , 64 bit Build 26100 (10.0.26100.4484)
Time: Thu Jul 10 23:11:48 2025 Hora est. Pacífico, Sudamérica elapsed time: 24014.161432 seconds (0d 6h 40m 14s)

---------------  T H R E A D  ---------------

Current thread (0x0000027be8d4a770):  VMThread "VM Thread" [stack: 0x000000dffd700000,0x000000dffd800000] [id=10468]

Stack: [0x000000dffd700000,0x000000dffd800000]
Native frames: (J=compiled Java code, j=interpreted, Vv=VM code, C=native code)
V  [jvm.dll+0x67a46a]
V  [jvm.dll+0x7da6ad]
V  [jvm.dll+0x7dbff3]
V  [jvm.dll+0x7dc663]
V  [jvm.dll+0x24523f]
V  [jvm.dll+0xa5e1b]
V  [jvm.dll+0x2f3401]
V  [jvm.dll+0x2ef2f0]
V  [jvm.dll+0x2d7a87]
V  [jvm.dll+0x31a8a7]
V  [jvm.dll+0x7e0f5b]
V  [jvm.dll+0x7e1c94]
V  [jvm.dll+0x7e21ad]
V  [jvm.dll+0x7e2584]
V  [jvm.dll+0x7e2650]
V  [jvm.dll+0x78b0ba]
V  [jvm.dll+0x679355]
C  [ucrtbase.dll+0x37b0]
C  [KERNEL32.DLL+0x2e8d7]
C  [ntdll.dll+0x3c34c]

VM_Operation (0x000000df819ff350): G1CollectFull, mode: safepoint, requested by thread 0x0000027c323899c0


---------------  P R O C E S S  ---------------

Threads class SMR info:
_java_thread_list=0x0000027c32b0cb20, length=14, elements={
0x0000027be8d54550, 0x0000027be8d55c70, 0x0000027be8d68ee0, 0x0000027be8d69a90,
0x0000027be8d6c850, 0x0000027be8d6d200, 0x0000027be8d6ea50, 0x0000027be8d70bb0,
0x0000027be8d71c50, 0x0000027be96ab840, 0x0000027be96b4db0, 0x0000027c3238ad00,
0x0000027c3330e4f0, 0x0000027c323899c0
}

Java Threads: ( => current thread )
  0x0000027be8d54550 JavaThread "Reference Handler" daemon [_thread_blocked, id=17636, stack(0x000000dffd800000,0x000000dffd900000)]
  0x0000027be8d55c70 JavaThread "Finalizer" daemon [_thread_blocked, id=13160, stack(0x000000dffd900000,0x000000dffda00000)]
  0x0000027be8d68ee0 JavaThread "Signal Dispatcher" daemon [_thread_blocked, id=13320, stack(0x000000dffda00000,0x000000dffdb00000)]
  0x0000027be8d69a90 JavaThread "Attach Listener" daemon [_thread_blocked, id=21020, stack(0x000000dffdb00000,0x000000dffdc00000)]
  0x0000027be8d6c850 JavaThread "Service Thread" daemon [_thread_blocked, id=6996, stack(0x000000dffdc00000,0x000000dffdd00000)]
  0x0000027be8d6d200 JavaThread "Monitor Deflation Thread" daemon [_thread_blocked, id=20724, stack(0x000000dffdd00000,0x000000dffde00000)]
  0x0000027be8d6ea50 JavaThread "C2 CompilerThread0" daemon [_thread_blocked, id=20028, stack(0x000000dffde00000,0x000000dffdf00000)]
  0x0000027be8d70bb0 JavaThread "C1 CompilerThread0" daemon [_thread_blocked, id=10968, stack(0x000000dffdf00000,0x000000dffe000000)]
  0x0000027be8d71c50 JavaThread "Sweeper thread" daemon [_thread_blocked, id=21192, stack(0x000000dffe000000,0x000000dffe100000)]
  0x0000027be96ab840 JavaThread "Notification Thread" daemon [_thread_blocked, id=19100, stack(0x000000dffe100000,0x000000dffe200000)]
  0x0000027be96b4db0 JavaThread "Common-Cleaner" daemon [_thread_blocked, id=7664, stack(0x000000dffe300000,0x000000dffe400000)]
  0x0000027c3238ad00 JavaThread "Live Reload Server" daemon [_thread_in_native, id=23264, stack(0x000000dfff900000,0x000000dfffa00000)]
  0x0000027c3330e4f0 JavaThread "DestroyJavaVM" [_thread_blocked, id=20948, stack(0x000000dffd100000,0x000000dffd200000)]
  0x0000027c323899c0 JavaThread "Thread-7" [_thread_blocked, id=20888, stack(0x000000df81900000,0x000000df81a00000)]

Other Threads:
=>0x0000027be8d4a770 VMThread "VM Thread" [stack: 0x000000dffd700000,0x000000dffd800000] [id=10468]
  0x0000027be96ac120 WatcherThread [stack: 0x000000dffe200000,0x000000dffe300000] [id=9112]
  0x0000027bb84cfb50 GCTaskThread "GC Thread#0" [stack: 0x000000dffd200000,0x000000dffd300000] [id=11232]
  0x0000027be98ace50 GCTaskThread "GC Thread#1" [stack: 0x000000dffe800000,0x000000dffe900000] [id=8284]
  0x0000027c2fc58240 GCTaskThread "GC Thread#2" [stack: 0x000000dffe900000,0x000000dffea00000] [id=22768]
  0x0000027c2fc58500 GCTaskThread "GC Thread#3" [stack: 0x000000dffea00000,0x000000dffeb00000] [id=15500]
  0x0000027c2fd25240 GCTaskThread "GC Thread#4" [stack: 0x000000dffeb00000,0x000000dffec00000] [id=22620]
  0x0000027c2fd25500 GCTaskThread "GC Thread#5" [stack: 0x000000dffec00000,0x000000dffed00000] [id=2708]
  0x0000027c2fd257c0 GCTaskThread "GC Thread#6" [stack: 0x000000dffed00000,0x000000dffee00000] [id=22628]
  0x0000027c2fcf50d0 GCTaskThread "GC Thread#7" [stack: 0x000000dffee00000,0x000000dffef00000] [id=20992]
  0x0000027bb84da9e0 ConcurrentGCThread "G1 Main Marker" [stack: 0x000000dffd300000,0x000000dffd400000] [id=3012]
  0x0000027bb84db3f0 ConcurrentGCThread "G1 Conc#0" [stack: 0x000000dffd400000,0x000000dffd500000] [id=20720]
  0x0000027c30a15810 ConcurrentGCThread "G1 Conc#1" [stack: 0x000000dffe500000,0x000000dffe600000] [id=3864]
  0x0000027be8c82020 ConcurrentGCThread "G1 Refine#0" [stack: 0x000000dffd500000,0x000000dffd600000] [id=22276]
  0x0000027c30577bd0 ConcurrentGCThread "G1 Refine#1" [stack: 0x000000dfff000000,0x000000dfff100000] [id=21748]
  0x0000027c305784a0 ConcurrentGCThread "G1 Refine#2" [stack: 0x000000dfff100000,0x000000dfff200000] [id=18032]
  0x0000027c30577ec0 ConcurrentGCThread "G1 Refine#3" [stack: 0x000000dfff200000,0x000000dfff300000] [id=12372]
  0x0000027be8c82a50 ConcurrentGCThread "G1 Service" [stack: 0x000000dffd600000,0x000000dffd700000] [id=20824]

Threads with active compile tasks:
C1 CompilerThread0  24014239 11882  s    3       org.apache.catalina.util.LifecycleBase::setStateInternal (144 bytes)

VM state: at safepoint (normal execution)

VM Mutex/Monitor currently owned by a thread:  ([mutex/lock_event])
[0x0000027bb84259e0] Threads_lock - owner thread: 0x0000027be8d4a770
[0x0000027bb8426250] Heap_lock - owner thread: 0x0000027c323899c0

Heap address: 0x0000000583000000, size: 10192 MB, Compressed Oops mode: Zero based, Oop shift amount: 3

CDS archive(s) mapped at: [0x0000027bea000000-0x0000027beabd0000-0x0000027beabd0000), size 12386304, SharedBaseAddress: 0x0000027bea000000, ArchiveRelocationMode: 1.
Compressed class space mapped at: 0x0000027beb000000-0x0000027c2b000000, reserved size: 1073741824
Narrow klass base: 0x0000027bea000000, Narrow klass shift: 0, Narrow klass range: 0x100000000

GC Precious Log:
 CPUs: 8 total, 8 available
 Memory: 40743M
 Large Page Support: Disabled
 NUMA Support: Disabled
 Compressed Oops: Enabled (Zero based)
 Heap Region Size: 8M
 Heap Min Capacity: 8M
 Heap Initial Capacity: 640M
 Heap Max Capacity: 10192M
 Pre-touch: Disabled
 Parallel Workers: 8
 Concurrent Workers: 2
 Concurrent Refinement Workers: 8
 Periodic GC: Disabled

Heap:
 garbage-first heap   total 139264K, used 87827K [0x0000000583000000, 0x0000000800000000)
  region size 8192K, 8 young (65536K), 1 survivors (8192K)
 Metaspace       used 60965K, committed 61504K, reserved 1114112K
  class space    used 7729K, committed 8000K, reserved 1048576K

Heap Regions: E=young(eden), S=young(survivor), O=old, HS=humongous(starts), HC=humongous(continues), CS=collection set, F=free, OA=open archive, CA=closed archive, TAMS=top-at-mark-start (previous, next)
|   0|0x0000000583000000, 0x0000000583800000, 0x0000000583800000|100%| O|  |TAMS 0x0000000583800000, 0x0000000583000000| Untracked 
|   1|0x0000000583800000, 0x0000000584000000, 0x0000000584000000|100%| O|  |TAMS 0x0000000584000000, 0x0000000583800000| Untracked 
|   2|0x0000000584000000, 0x0000000584000000, 0x0000000584800000|  0%| F|  |TAMS 0x0000000584000000, 0x0000000584000000| Untracked 
|   3|0x0000000584800000, 0x0000000585000000, 0x0000000585000000|100%| O|  |TAMS 0x0000000585000000, 0x0000000584800000| Untracked 
|   4|0x0000000585000000, 0x0000000585800000, 0x0000000585800000|100%| O|  |TAMS 0x0000000585800000, 0x0000000585000000| Untracked 
|   5|0x0000000585800000, 0x0000000585dbc000, 0x0000000586000000| 71%| O|  |TAMS 0x0000000585d2e400, 0x0000000585800000| Untracked 
|   6|0x0000000586000000, 0x0000000586000000, 0x0000000586800000|  0%| F|  |TAMS 0x0000000586000000, 0x0000000586000000| Untracked 
|   7|0x0000000586800000, 0x0000000586808d60, 0x0000000587000000|  0%| S|CS|TAMS 0x0000000586800000, 0x0000000586800000| Complete 
|   8|0x0000000587000000, 0x0000000587000000, 0x0000000587800000|  0%| F|  |TAMS 0x0000000587000000, 0x0000000587000000| Untracked 
|   9|0x0000000587800000, 0x0000000587800000, 0x0000000588000000|  0%| F|  |TAMS 0x0000000587800000, 0x0000000587800000| Untracked 
|  10|0x0000000588000000, 0x0000000588514b50, 0x0000000588800000| 63%| E|  |TAMS 0x0000000588000000, 0x0000000588000000| Complete 
|  11|0x0000000588800000, 0x0000000589000000, 0x0000000589000000|100%| E|CS|TAMS 0x0000000588800000, 0x0000000588800000| Complete 
|  12|0x0000000589000000, 0x0000000589800000, 0x0000000589800000|100%| E|CS|TAMS 0x0000000589000000, 0x0000000589000000| Complete 
|  13|0x0000000589800000, 0x000000058a000000, 0x000000058a000000|100%| E|CS|TAMS 0x0000000589800000, 0x0000000589800000| Complete 
|  14|0x000000058a000000, 0x000000058a800000, 0x000000058a800000|100%| E|CS|TAMS 0x000000058a000000, 0x000000058a000000| Complete 
|  15|0x000000058a800000, 0x000000058b000000, 0x000000058b000000|100%| E|CS|TAMS 0x000000058a800000, 0x000000058a800000| Complete 
|  79|0x00000005aa800000, 0x00000005ab000000, 0x00000005ab000000|100%| E|CS|TAMS 0x00000005aa800000, 0x00000005aa800000| Complete 

Card table byte_map: [0x0000027bd0420000,0x0000027bd1810000] _byte_map_base: 0x0000027bcd808000

Marking Bits (Prev, Next): (CMBitMap*) 0x0000027bb84d01b0, (CMBitMap*) 0x0000027bb84d0170
 Prev Bits: [0x0000027bdcb40000, 0x0000027be6a80000)
 Next Bits: [0x0000027bd2c00000, 0x0000027bdcb40000)

Polling page: 0x0000027bb6340000

Metaspace:

Usage:
  Non-class:     51.99 MB used.
      Class:      7.55 MB used.
       Both:     59.54 MB used.

Virtual space:
  Non-class space:       64.00 MB reserved,      52.25 MB ( 82%) committed,  1 nodes.
      Class space:        1.00 GB reserved,       7.81 MB ( <1%) committed,  1 nodes.
             Both:        1.06 GB reserved,      60.06 MB (  6%) committed. 

Chunk freelists:
   Non-Class:  11.46 MB
       Class:  8.16 MB
        Both:  19.61 MB

MaxMetaspaceSize: unlimited
CompressedClassSpaceSize: 1.00 GB
Initial GC threshold: 21.00 MB
Current GC threshold: 99.50 MB
CDS: on
MetaspaceReclaimPolicy: balanced
 - commit_granule_bytes: 65536.
 - commit_granule_words: 8192.
 - virtual_space_node_default_size: 8388608.
 - enlarge_chunks_in_place: 1.
 - new_chunks_are_fully_committed: 0.
 - uncommit_free_chunks: 1.
 - use_allocation_guard: 0.
 - handle_deallocations: 1.


Internal statistics:

num_allocs_failed_limit: 9.
num_arena_births: 828.
num_arena_deaths: 0.
num_vsnodes_births: 2.
num_vsnodes_deaths: 0.
num_space_committed: 961.
num_space_uncommitted: 0.
num_chunks_returned_to_freelist: 9.
num_chunks_taken_from_freelist: 3057.
num_chunk_merges: 9.
num_chunk_splits: 2088.
num_chunks_enlarged: 1544.
num_inconsistent_stats: 0.

CodeHeap 'non-profiled nmethods': size=120000Kb used=9357Kb max_used=9357Kb free=110642Kb
 bounds [0x0000027bc77d0000, 0x0000027bc8100000, 0x0000027bced00000]
CodeHeap 'profiled nmethods': size=120000Kb used=18906Kb max_used=20281Kb free=101093Kb
 bounds [0x0000027bbfd00000, 0x0000027bc10d0000, 0x0000027bc7230000]
CodeHeap 'non-nmethods': size=5760Kb used=1314Kb max_used=1381Kb free=4445Kb
 bounds [0x0000027bc7230000, 0x0000027bc74a0000, 0x0000027bc77d0000]
 total_blobs=10421 nmethods=9790 adapters=543
 compilation: enabled
              stopped_count=0, restarted_count=0
 full_count=0

Compilation events (20 events):
Event: 24012.909 Thread 0x0000027be8d6ea50 nmethod 11871 0x0000027bc80f1d90 code [0x0000027bc80f1f00, 0x0000027bc80f2138]
Event: 24013.038 Thread 0x0000027be8d6ea50 11872       4       java.lang.invoke.MemberName::getMethodOrFieldType (72 bytes)
Event: 24013.047 Thread 0x0000027be8d6ea50 nmethod 11872 0x0000027bc80f2490 code [0x0000027bc80f2680, 0x0000027bc80f2d30]
Event: 24013.048 Thread 0x0000027be8d6ea50 11874       4       jdk.internal.org.objectweb.asm.Frame::pop (42 bytes)
Event: 24013.049 Thread 0x0000027be8d6ea50 nmethod 11874 0x0000027bc80f3190 code [0x0000027bc80f3300, 0x0000027bc80f33d8]
Event: 24013.049 Thread 0x0000027be8d70bb0 11875       3       org.glassfish.hk2.utilities.cache.LRUHybridCache$OriginThreadAwareFuture::<init> (57 bytes)
Event: 24013.051 Thread 0x0000027be8d70bb0 nmethod 11875 0x0000027bc09e2510 code [0x0000027bc09e2700, 0x0000027bc09e2e98]
Event: 24013.051 Thread 0x0000027be8d70bb0 11876       3       org.glassfish.hk2.utilities.ContextualInput::equals (32 bytes)
Event: 24013.051 Thread 0x0000027be8d70bb0 nmethod 11876 0x0000027bc0a8d810 code [0x0000027bc0a8d9e0, 0x0000027bc0a8de88]
Event: 24013.055 Thread 0x0000027be8d70bb0 11877       1       org.glassfish.hk2.internal.StarFilter::matches (2 bytes)
Event: 24013.055 Thread 0x0000027be8d70bb0 nmethod 11877 0x0000027bc80f3490 code [0x0000027bc80f3620, 0x0000027bc80f36f8]
Event: 24013.055 Thread 0x0000027be8d70bb0 11878       3       org.jvnet.hk2.internal.SingletonContext$GenerationComparator::compare (13 bytes)
Event: 24013.056 Thread 0x0000027be8d70bb0 nmethod 11878 0x0000027bc0a8cf90 code [0x0000027bc0a8d160, 0x0000027bc0a8d658]
Event: 24013.056 Thread 0x0000027be8d70bb0 11879       3       org.jvnet.hk2.internal.SingletonContext$GenerationComparator::compare (28 bytes)
Event: 24013.056 Thread 0x0000027be8d70bb0 nmethod 11879 0x0000027bc09db690 code [0x0000027bc09db840, 0x0000027bc09dbad8]
Event: 24013.057 Thread 0x0000027be8d70bb0 11880       3       org.glassfish.hk2.utilities.ContextualInput::<init> (15 bytes)
Event: 24013.058 Thread 0x0000027be8d70bb0 nmethod 11880 0x0000027bc0594390 code [0x0000027bc0594540, 0x0000027bc0594778]
Event: 24013.058 Thread 0x0000027be8d70bb0 11881       3       org.jvnet.hk2.internal.SystemDescriptor::removeList (12 bytes)
Event: 24013.058 Thread 0x0000027be8d70bb0 nmethod 11881 0x0000027bc05dbb10 code [0x0000027bc05dbcc0, 0x0000027bc05dbea8]
Event: 24013.139 Thread 0x0000027be8d70bb0 11882  s    3       org.apache.catalina.util.LifecycleBase::setStateInternal (144 bytes)

GC Heap History (20 events):
Event: 22385.143 GC heap before
{Heap before GC invocations=154 (full 0):
 garbage-first heap   total 139264K, used 104174K [0x0000000583000000, 0x0000000800000000)
  region size 8192K, 9 young (73728K), 1 survivors (8192K)
 Metaspace       used 60812K, committed 61376K, reserved 1114112K
  class space    used 7708K, committed 8000K, reserved 1048576K
}
Event: 22385.144 GC heap after
{Heap after GC invocations=155 (full 0):
 garbage-first heap   total 139264K, used 38648K [0x0000000583000000, 0x0000000800000000)
  region size 8192K, 1 young (8192K), 1 survivors (8192K)
 Metaspace       used 60812K, committed 61376K, reserved 1114112K
  class space    used 7708K, committed 8000K, reserved 1048576K
}
Event: 22551.638 GC heap before
{Heap before GC invocations=155 (full 0):
 garbage-first heap   total 139264K, used 104184K [0x0000000583000000, 0x0000000800000000)
  region size 8192K, 9 young (73728K), 1 survivors (8192K)
 Metaspace       used 60812K, committed 61376K, reserved 1114112K
  class space    used 7708K, committed 8000K, reserved 1048576K
}
Event: 22551.639 GC heap after
{Heap after GC invocations=156 (full 0):
 garbage-first heap   total 139264K, used 38641K [0x0000000583000000, 0x0000000800000000)
  region size 8192K, 1 young (8192K), 1 survivors (8192K)
 Metaspace       used 60812K, committed 61376K, reserved 1114112K
  class space    used 7708K, committed 8000K, reserved 1048576K
}
Event: 22718.840 GC heap before
{Heap before GC invocations=156 (full 0):
 garbage-first heap   total 139264K, used 95985K [0x0000000583000000, 0x0000000800000000)
  region size 8192K, 9 young (73728K), 1 survivors (8192K)
 Metaspace       used 60813K, committed 61376K, reserved 1114112K
  class space    used 7708K, committed 8000K, reserved 1048576K
}
Event: 22718.843 GC heap after
{Heap after GC invocations=157 (full 0):
 garbage-first heap   total 139264K, used 38672K [0x0000000583000000, 0x0000000800000000)
  region size 8192K, 1 young (8192K), 1 survivors (8192K)
 Metaspace       used 60813K, committed 61376K, reserved 1114112K
  class space    used 7708K, committed 8000K, reserved 1048576K
}
Event: 22884.998 GC heap before
{Heap before GC invocations=157 (full 0):
 garbage-first heap   total 139264K, used 104208K [0x0000000583000000, 0x0000000800000000)
  region size 8192K, 9 young (73728K), 1 survivors (8192K)
 Metaspace       used 60814K, committed 61376K, reserved 1114112K
  class space    used 7708K, committed 8000K, reserved 1048576K
}
Event: 22884.999 GC heap after
{Heap after GC invocations=158 (full 0):
 garbage-first heap   total 139264K, used 38648K [0x0000000583000000, 0x0000000800000000)
  region size 8192K, 1 young (8192K), 1 survivors (8192K)
 Metaspace       used 60814K, committed 61376K, reserved 1114112K
  class space    used 7708K, committed 8000K, reserved 1048576K
}
Event: 23051.397 GC heap before
{Heap before GC invocations=158 (full 0):
 garbage-first heap   total 139264K, used 104184K [0x0000000583000000, 0x0000000800000000)
  region size 8192K, 9 young (73728K), 1 survivors (8192K)
 Metaspace       used 60817K, committed 61376K, reserved 1114112K
  class space    used 7708K, committed 8000K, reserved 1048576K
}
Event: 23051.399 GC heap after
{Heap after GC invocations=159 (full 0):
 garbage-first heap   total 139264K, used 38659K [0x0000000583000000, 0x0000000800000000)
  region size 8192K, 1 young (8192K), 1 survivors (8192K)
 Metaspace       used 60817K, committed 61376K, reserved 1114112K
  class space    used 7708K, committed 8000K, reserved 1048576K
}
Event: 23218.874 GC heap before
{Heap before GC invocations=159 (full 0):
 garbage-first heap   total 139264K, used 104195K [0x0000000583000000, 0x0000000800000000)
  region size 8192K, 9 young (73728K), 1 survivors (8192K)
 Metaspace       used 60820K, committed 61376K, reserved 1114112K
  class space    used 7708K, committed 8000K, reserved 1048576K
}
Event: 23218.875 GC heap after
{Heap after GC invocations=160 (full 0):
 garbage-first heap   total 139264K, used 38679K [0x0000000583000000, 0x0000000800000000)
  region size 8192K, 1 young (8192K), 1 survivors (8192K)
 Metaspace       used 60820K, committed 61376K, reserved 1114112K
  class space    used 7708K, committed 8000K, reserved 1048576K
}
Event: 23385.396 GC heap before
{Heap before GC invocations=160 (full 0):
 garbage-first heap   total 139264K, used 104215K [0x0000000583000000, 0x0000000800000000)
  region size 8192K, 9 young (73728K), 1 survivors (8192K)
 Metaspace       used 60829K, committed 61440K, reserved 1114112K
  class space    used 7708K, committed 8000K, reserved 1048576K
}
Event: 23385.396 GC heap after
{Heap after GC invocations=161 (full 0):
 garbage-first heap   total 139264K, used 38664K [0x0000000583000000, 0x0000000800000000)
  region size 8192K, 1 young (8192K), 1 survivors (8192K)
 Metaspace       used 60829K, committed 61440K, reserved 1114112K
  class space    used 7708K, committed 8000K, reserved 1048576K
}
Event: 23552.584 GC heap before
{Heap before GC invocations=161 (full 0):
 garbage-first heap   total 139264K, used 96008K [0x0000000583000000, 0x0000000800000000)
  region size 8192K, 9 young (73728K), 1 survivors (8192K)
 Metaspace       used 60835K, committed 61440K, reserved 1114112K
  class space    used 7708K, committed 8000K, reserved 1048576K
}
Event: 23552.585 GC heap after
{Heap after GC invocations=162 (full 0):
 garbage-first heap   total 139264K, used 38678K [0x0000000583000000, 0x0000000800000000)
  region size 8192K, 1 young (8192K), 1 survivors (8192K)
 Metaspace       used 60835K, committed 61440K, reserved 1114112K
  class space    used 7708K, committed 8000K, reserved 1048576K
}
Event: 23720.288 GC heap before
{Heap before GC invocations=162 (full 0):
 garbage-first heap   total 139264K, used 96022K [0x0000000583000000, 0x0000000800000000)
  region size 8192K, 9 young (73728K), 1 survivors (8192K)
 Metaspace       used 60835K, committed 61440K, reserved 1114112K
  class space    used 7708K, committed 8000K, reserved 1048576K
}
Event: 23720.289 GC heap after
{Heap after GC invocations=163 (full 0):
 garbage-first heap   total 139264K, used 38703K [0x0000000583000000, 0x0000000800000000)
  region size 8192K, 1 young (8192K), 1 survivors (8192K)
 Metaspace       used 60835K, committed 61440K, reserved 1114112K
  class space    used 7708K, committed 8000K, reserved 1048576K
}
Event: 23897.499 GC heap before
{Heap before GC invocations=163 (full 0):
 garbage-first heap   total 139264K, used 96047K [0x0000000583000000, 0x0000000800000000)
  region size 8192K, 9 young (73728K), 1 survivors (8192K)
 Metaspace       used 60835K, committed 61440K, reserved 1114112K
  class space    used 7708K, committed 8000K, reserved 1048576K
}
Event: 23897.500 GC heap after
{Heap after GC invocations=164 (full 0):
 garbage-first heap   total 139264K, used 38675K [0x0000000583000000, 0x0000000800000000)
  region size 8192K, 1 young (8192K), 1 survivors (8192K)
 Metaspace       used 60835K, committed 61440K, reserved 1114112K
  class space    used 7708K, committed 8000K, reserved 1048576K
}

Deoptimization events (20 events):
Event: 24013.138 Thread 0x0000027c327b1390 Uncommon trap: trap_request=0xffffff45 fr.pc=0x0000027bc7efd0d0 relative=0x0000000000000430
Event: 24013.138 Thread 0x0000027c327b1390 Uncommon trap: reason=unstable_if action=reinterpret pc=0x0000027bc7efd0d0 method=java.util.concurrent.locks.AbstractQueuedSynchronizer$ConditionNode.isReleasable()Z @ 14 c2
Event: 24013.138 Thread 0x0000027c2f5f9f20 Uncommon trap: trap_request=0xffffff45 fr.pc=0x0000027bc7ff3484 relative=0x0000000000001784
Event: 24013.138 Thread 0x0000027c327b1390 DEOPT PACKING pc=0x0000027bc7efd0d0 sp=0x000000dfff3ff1c0
Event: 24013.138 Thread 0x0000027c2f5f9f20 Uncommon trap: reason=unstable_if action=reinterpret pc=0x0000027bc7ff3484 method=java.util.concurrent.ThreadPoolExecutor.runStateAtLeast(II)Z @ 2 c2
Event: 24013.138 Thread 0x0000027c2f5f9f20 DEOPT PACKING pc=0x0000027bc7ff3484 sp=0x000000dfff4fef30
Event: 24013.138 Thread 0x0000027c327b1390 DEOPT UNPACKING pc=0x0000027bc7285ba3 sp=0x000000dfff3fefe8 mode 2
Event: 24013.138 Thread 0x0000027c2f5f9f20 DEOPT UNPACKING pc=0x0000027bc7285ba3 sp=0x000000dfff4feeb8 mode 2
Event: 24013.138 Thread 0x0000027c327b1390 Uncommon trap: trap_request=0xffffff45 fr.pc=0x0000027bc7ff3484 relative=0x0000000000001784
Event: 24013.138 Thread 0x0000027c327b1390 Uncommon trap: reason=unstable_if action=reinterpret pc=0x0000027bc7ff3484 method=java.util.concurrent.ThreadPoolExecutor.runStateAtLeast(II)Z @ 2 c2
Event: 24013.138 Thread 0x0000027c327b1390 DEOPT PACKING pc=0x0000027bc7ff3484 sp=0x000000dfff3ff240
Event: 24013.138 Thread 0x0000027c327b1390 DEOPT UNPACKING pc=0x0000027bc7285ba3 sp=0x000000dfff3ff1c8 mode 2
Event: 24013.140 Thread 0x0000027c323899c0 Uncommon trap: trap_request=0xffffffde fr.pc=0x0000027bc7db1414 relative=0x0000000000000454
Event: 24013.140 Thread 0x0000027c323899c0 Uncommon trap: reason=class_check action=maybe_recompile pc=0x0000027bc7db1414 method=java.util.AbstractMap$1$1.<init>(Ljava/util/AbstractMap$1;)V @ 17 c2
Event: 24013.140 Thread 0x0000027c323899c0 DEOPT PACKING pc=0x0000027bc7db1414 sp=0x000000df819ff290
Event: 24013.140 Thread 0x0000027c323899c0 DEOPT UNPACKING pc=0x0000027bc7285ba3 sp=0x000000df819ff1e8 mode 2
Event: 24013.140 Thread 0x0000027c323899c0 Uncommon trap: trap_request=0xffffffde fr.pc=0x0000027bc7a13ab0 relative=0x0000000000000090
Event: 24013.140 Thread 0x0000027c323899c0 Uncommon trap: reason=class_check action=maybe_recompile pc=0x0000027bc7a13ab0 method=java.util.AbstractMap$1$1.hasNext()Z @ 4 c2
Event: 24013.140 Thread 0x0000027c323899c0 DEOPT PACKING pc=0x0000027bc7a13ab0 sp=0x000000df819ff2d0
Event: 24013.140 Thread 0x0000027c323899c0 DEOPT UNPACKING pc=0x0000027bc7285ba3 sp=0x000000df819ff260 mode 2

Classes unloaded (0 events):
No events

Classes redefined (0 events):
No events

Internal exceptions (20 events):
Event: 24011.578 Thread 0x0000027c3395e930 Exception <a 'java/net/SocketException'{0x0000000588ea5830}: Socket is not connected: shutdown> (0x0000000588ea5830) 
thrown [s\open\src\hotspot\share\prims\jni.cpp, line 535]
Event: 24011.598 Thread 0x0000027c3395e930 Exception <a 'java/net/ConnectException'{0x0000000588ea6040}: Connection refused: no further information> (0x0000000588ea6040) 
thrown [s\open\src\hotspot\share\prims\jni.cpp, line 535]
Event: 24011.598 Thread 0x0000027c3395e930 Exception <a 'java/net/SocketException'{0x0000000588ea6620}: Socket is not connected: shutdown> (0x0000000588ea6620) 
thrown [s\open\src\hotspot\share\prims\jni.cpp, line 535]
Event: 24011.731 Thread 0x0000027c3395d120 Exception <a 'java/net/ConnectException'{0x0000000588cb65c8}: Connection refused: no further information> (0x0000000588cb65c8) 
thrown [s\open\src\hotspot\share\prims\jni.cpp, line 535]
Event: 24011.731 Thread 0x0000027c3395d120 Exception <a 'java/net/SocketException'{0x0000000588cb6ba8}: Socket is not connected: shutdown> (0x0000000588cb6ba8) 
thrown [s\open\src\hotspot\share\prims\jni.cpp, line 535]
Event: 24011.768 Thread 0x0000027c3395d120 Exception <a 'java/net/ConnectException'{0x0000000588cb73b8}: Connection refused: no further information> (0x0000000588cb73b8) 
thrown [s\open\src\hotspot\share\prims\jni.cpp, line 535]
Event: 24011.769 Thread 0x0000027c3395d120 Exception <a 'java/net/SocketException'{0x0000000588edcf68}: Socket is not connected: shutdown> (0x0000000588edcf68) 
thrown [s\open\src\hotspot\share\prims\jni.cpp, line 535]
Event: 24011.901 Thread 0x0000027c3395e460 Exception <a 'java/net/ConnectException'{0x0000000588f18030}: Connection refused: no further information> (0x0000000588f18030) 
thrown [s\open\src\hotspot\share\prims\jni.cpp, line 535]
Event: 24011.901 Thread 0x0000027c3395e460 Exception <a 'java/net/SocketException'{0x0000000588f18610}: Socket is not connected: shutdown> (0x0000000588f18610) 
thrown [s\open\src\hotspot\share\prims\jni.cpp, line 535]
Event: 24011.930 Thread 0x0000027c3395e460 Exception <a 'java/net/ConnectException'{0x0000000588f18e20}: Connection refused: no further information> (0x0000000588f18e20) 
thrown [s\open\src\hotspot\share\prims\jni.cpp, line 535]
Event: 24011.930 Thread 0x0000027c3395e460 Exception <a 'java/net/SocketException'{0x0000000588f19400}: Socket is not connected: shutdown> (0x0000000588f19400) 
thrown [s\open\src\hotspot\share\prims\jni.cpp, line 535]
Event: 24011.952 Thread 0x0000027c323899c0 Implicit null exception at 0x0000027bc7d4b6df to 0x0000027bc7d51ea0
Event: 24012.061 Thread 0x0000027c33963160 Exception <a 'java/net/ConnectException'{0x0000000588e2f948}: Connection refused: no further information> (0x0000000588e2f948) 
thrown [s\open\src\hotspot\share\prims\jni.cpp, line 535]
Event: 24012.062 Thread 0x0000027c33963160 Exception <a 'java/net/SocketException'{0x0000000588fa0a48}: Socket is not connected: shutdown> (0x0000000588fa0a48) 
thrown [s\open\src\hotspot\share\prims\jni.cpp, line 535]
Event: 24012.099 Thread 0x0000027c33963160 Exception <a 'java/net/ConnectException'{0x0000000588fa1288}: Connection refused: no further information> (0x0000000588fa1288) 
thrown [s\open\src\hotspot\share\prims\jni.cpp, line 535]
Event: 24012.099 Thread 0x0000027c33963160 Exception <a 'java/net/SocketException'{0x0000000588fa1868}: Socket is not connected: shutdown> (0x0000000588fa1868) 
thrown [s\open\src\hotspot\share\prims\jni.cpp, line 535]
Event: 24012.104 Thread 0x0000027c33961950 Exception <a 'java/lang/InterruptedException'{0x0000000588dc5308}: sleep interrupted> (0x0000000588dc5308) 
thrown [s\open\src\hotspot\share\prims\jvm.cpp, line 3064]
Event: 24012.157 Thread 0x0000027c323899c0 Implicit null exception at 0x0000027bc7b2a390 to 0x0000027bc7b2e694
Event: 24013.040 Thread 0x0000027c323899c0 Exception <a 'java/lang/NoSuchMethodError'{0x000000058844a9d8}: 'java.lang.Object java.lang.invoke.DirectMethodHandle$Holder.invokeStatic(java.lang.Object, java.lang.Object, int, java.lang.Object, java.lang.Object)'> (0x000000058844a9d8) 
thrown [s\open\src\hotspot\share\interpreter\linkResolver.cpp, line 759]
Event: 24013.139 Thread 0x0000027bb61bbfe0 Exception <a 'java/lang/InterruptedException'{0x0000000588470e10}: sleep interrupted> (0x0000000588470e10) 
thrown [s\open\src\hotspot\share\prims\jvm.cpp, line 3064]

VM Operations (20 events):
Event: 23720.289 Executing VM operation: G1CollectForAllocation done
Event: 23732.403 Executing VM operation: Cleanup
Event: 23732.403 Executing VM operation: Cleanup done
Event: 23753.397 Executing VM operation: HandshakeAllThreads
Event: 23753.397 Executing VM operation: HandshakeAllThreads done
Event: 23813.586 Executing VM operation: HandshakeAllThreads
Event: 23813.586 Executing VM operation: HandshakeAllThreads done
Event: 23873.639 Executing VM operation: HandshakeAllThreads
Event: 23873.639 Executing VM operation: HandshakeAllThreads done
Event: 23897.499 Executing VM operation: G1CollectForAllocation
Event: 23897.500 Executing VM operation: G1CollectForAllocation done
Event: 23933.685 Executing VM operation: HandshakeAllThreads
Event: 23933.685 Executing VM operation: HandshakeAllThreads done
Event: 23993.786 Executing VM operation: HandshakeAllThreads
Event: 23993.786 Executing VM operation: HandshakeAllThreads done
Event: 24011.959 Executing VM operation: Cleanup
Event: 24011.975 Executing VM operation: Cleanup done
Event: 24012.988 Executing VM operation: Cleanup
Event: 24012.988 Executing VM operation: Cleanup done
Event: 24013.140 Executing VM operation: G1CollectFull

Events (20 events):
Event: 24012.088 Thread 0x0000027c3395d5f0 Thread exited: 0x0000027c3395d5f0
Event: 24012.088 Thread 0x0000027c339622f0 Thread exited: 0x0000027c339622f0
Event: 24012.089 Thread 0x0000027c33961480 Thread exited: 0x0000027c33961480
Event: 24012.100 Thread 0x0000027c33963160 Thread exited: 0x0000027c33963160
Event: 24012.104 Thread 0x0000027c33961950 Thread exited: 0x0000027c33961950
Event: 24012.104 Thread 0x0000027c33961e20 Thread exited: 0x0000027c33961e20
Event: 24012.110 Thread 0x0000027c32389020 Thread exited: 0x0000027c32389020
Event: 24012.186 Thread 0x0000027c3238bb70 Thread exited: 0x0000027c3238bb70
Event: 24012.186 Thread 0x0000027c32388680 Thread exited: 0x0000027c32388680
Event: 24012.186 Thread 0x0000027c3238b6a0 Thread exited: 0x0000027c3238b6a0
Event: 24012.186 Thread 0x0000027c33962c90 Thread exited: 0x0000027c33962c90
Event: 24012.186 Thread 0x0000027c3238b1d0 Thread exited: 0x0000027c3238b1d0
Event: 24012.186 Thread 0x0000027c32388b50 Thread exited: 0x0000027c32388b50
Event: 24012.196 Thread 0x0000027c3395dac0 Thread exited: 0x0000027c3395dac0
Event: 24012.331 loading class javax/management/NotificationBroadcasterSupport$WildcardListenerInfo
Event: 24012.344 loading class javax/management/NotificationBroadcasterSupport$WildcardListenerInfo done
Event: 24012.372 Thread 0x0000027c323894f0 Thread exited: 0x0000027c323894f0
Event: 24013.138 Thread 0x0000027c2f5f9f20 Thread exited: 0x0000027c2f5f9f20
Event: 24013.138 Thread 0x0000027c327b1390 Thread exited: 0x0000027c327b1390
Event: 24013.139 Thread 0x0000027bb61bbfe0 Thread exited: 0x0000027bb61bbfe0


Dynamic libraries:
0x00007ff7fb480000 - 0x00007ff7fb490000 	C:\Program Files\Java\jdk-17\bin\java.exe
0x00007ff912180000 - 0x00007ff9123e8000 	C:\Windows\SYSTEM32\ntdll.dll
0x00007ff911210000 - 0x00007ff9112d9000 	C:\Windows\System32\KERNEL32.DLL
0x00007ff90f560000 - 0x00007ff90f94d000 	C:\Windows\System32\KERNELBASE.dll
0x00007ff90fd40000 - 0x00007ff90fe8b000 	C:\Windows\System32\ucrtbase.dll
0x00007ff8eef60000 - 0x00007ff8eef79000 	C:\Program Files\Java\jdk-17\bin\jli.dll
0x00007ff9114c0000 - 0x00007ff911574000 	C:\Windows\System32\ADVAPI32.dll
0x00007ff911740000 - 0x00007ff9117e9000 	C:\Windows\System32\msvcrt.dll
0x00007ff911610000 - 0x00007ff9116b6000 	C:\Windows\System32\sechost.dll
0x00007ff8eef40000 - 0x00007ff8eef5b000 	C:\Program Files\Java\jdk-17\bin\VCRUNTIME140.dll
0x00007ff911330000 - 0x00007ff911448000 	C:\Windows\System32\RPCRT4.dll
0x00007ff9117f0000 - 0x00007ff9119bc000 	C:\Windows\System32\USER32.dll
0x00007ff90fad0000 - 0x00007ff90faf7000 	C:\Windows\System32\win32u.dll
0x00007ff9112e0000 - 0x00007ff91130b000 	C:\Windows\System32\GDI32.dll
0x00007ff90f2d0000 - 0x00007ff90f407000 	C:\Windows\System32\gdi32full.dll
0x00007ff90f410000 - 0x00007ff90f4b3000 	C:\Windows\System32\msvcp_win.dll
0x00007ff8f3300000 - 0x00007ff8f359a000 	C:\Windows\WinSxS\amd64_microsoft.windows.common-controls_6595b64144ccf1df_6.0.26100.4484_none_3e0e6d4ce32ef3b3\COMCTL32.dll
0x00007ff8fa7e0000 - 0x00007ff8fa7eb000 	C:\Windows\SYSTEM32\VERSION.dll
0x00007ff910b00000 - 0x00007ff910b2f000 	C:\Windows\System32\IMM32.DLL
0x00007ff8eef30000 - 0x00007ff8eef3c000 	C:\Program Files\Java\jdk-17\bin\vcruntime140_1.dll
0x00007ff85fd40000 - 0x00007ff85fdce000 	C:\Program Files\Java\jdk-17\bin\msvcp140.dll
0x00007ff842250000 - 0x00007ff842e31000 	C:\Program Files\Java\jdk-17\bin\server\jvm.dll
0x00007ff9114b0000 - 0x00007ff9114b8000 	C:\Windows\System32\PSAPI.DLL
0x00007ff8f65e0000 - 0x00007ff8f65ea000 	C:\Windows\SYSTEM32\WSOCK32.dll
0x00007ff910ce0000 - 0x00007ff910d54000 	C:\Windows\System32\WS2_32.dll
0x00007ff8f7e40000 - 0x00007ff8f7e75000 	C:\Windows\SYSTEM32\WINMM.dll
0x00007ff90e030000 - 0x00007ff90e04b000 	C:\Windows\SYSTEM32\kernel.appcore.dll
0x00007ff8eef20000 - 0x00007ff8eef2a000 	C:\Program Files\Java\jdk-17\bin\jimage.dll
0x00007ff90c800000 - 0x00007ff90ca41000 	C:\Windows\SYSTEM32\DBGHELP.DLL
0x00007ff910d70000 - 0x00007ff9110f6000 	C:\Windows\System32\combase.dll
0x00007ff9106f0000 - 0x00007ff9107d0000 	C:\Windows\System32\OLEAUT32.dll
0x00007ff8d34e0000 - 0x00007ff8d3523000 	C:\Windows\SYSTEM32\dbgcore.DLL
0x00007ff90f4c0000 - 0x00007ff90f559000 	C:\Windows\System32\bcryptPrimitives.dll
0x00007ff8eeef0000 - 0x00007ff8eef15000 	C:\Program Files\Java\jdk-17\bin\java.dll
0x00007ff85a0a0000 - 0x00007ff85a177000 	C:\Program Files\Java\jdk-17\bin\jsvml.dll
0x00007ff90ff20000 - 0x00007ff91066a000 	C:\Windows\System32\SHELL32.dll
0x00007ff90fbc0000 - 0x00007ff90fd34000 	C:\Windows\System32\wintypes.dll
0x00007ff90ced0000 - 0x00007ff90d72b000 	C:\Windows\SYSTEM32\windows.storage.dll
0x00007ff911e60000 - 0x00007ff911f55000 	C:\Windows\System32\SHCORE.dll
0x00007ff910bc0000 - 0x00007ff910c2a000 	C:\Windows\System32\shlwapi.dll
0x00007ff90f1e0000 - 0x00007ff90f20f000 	C:\Windows\SYSTEM32\profapi.dll
0x00007ff8eeed0000 - 0x00007ff8eeee9000 	C:\Program Files\Java\jdk-17\bin\net.dll
0x00007ff9019b0000 - 0x00007ff901ace000 	C:\Windows\SYSTEM32\WINHTTP.dll
0x00007ff90e5a0000 - 0x00007ff90e60a000 	C:\Windows\system32\mswsock.dll
0x00007ff8db780000 - 0x00007ff8db796000 	C:\Program Files\Java\jdk-17\bin\nio.dll
0x00007ff8d8d50000 - 0x00007ff8d8d68000 	C:\Program Files\Java\jdk-17\bin\zip.dll
0x00007ff8eeec0000 - 0x00007ff8eeeca000 	C:\Program Files\Java\jdk-17\bin\management.dll
0x00007ff8eee80000 - 0x00007ff8eee8b000 	C:\Program Files\Java\jdk-17\bin\management_ext.dll
0x00007ff90da40000 - 0x00007ff90da73000 	C:\Windows\SYSTEM32\IPHLPAPI.DLL
0x00007ff911100000 - 0x00007ff91110a000 	C:\Windows\System32\NSI.dll
0x00007ff908e60000 - 0x00007ff908e7f000 	C:\Windows\SYSTEM32\dhcpcsvc6.DLL
0x00007ff908e30000 - 0x00007ff908e55000 	C:\Windows\SYSTEM32\dhcpcsvc.DLL
0x00007ff90dad0000 - 0x00007ff90dbf6000 	C:\Windows\SYSTEM32\DNSAPI.dll
0x00007ff9009c0000 - 0x00007ff9009cb000 	C:\Windows\System32\rasadhlp.dll
0x00007ff9095b0000 - 0x00007ff909636000 	C:\Windows\System32\fwpuclnt.dll
0x00007ff8dcf60000 - 0x00007ff8dcf6e000 	C:\Program Files\Java\jdk-17\bin\sunmscapi.dll
0x00007ff90f950000 - 0x00007ff90fac7000 	C:\Windows\System32\CRYPT32.dll
0x00007ff90ead0000 - 0x00007ff90eb00000 	C:\Windows\SYSTEM32\ncrypt.dll
0x00007ff90ea80000 - 0x00007ff90eabf000 	C:\Windows\SYSTEM32\NTASN1.dll
0x00007ff90e980000 - 0x00007ff90e99b000 	C:\Windows\SYSTEM32\CRYPTSP.dll
0x00007ff90df90000 - 0x00007ff90dfcb000 	C:\Windows\system32\rsaenh.dll
0x00007ff90e640000 - 0x00007ff90e66b000 	C:\Windows\SYSTEM32\USERENV.dll
0x00007ff90f1b0000 - 0x00007ff90f1d6000 	C:\Windows\SYSTEM32\bcrypt.dll
0x00007ff90e7e0000 - 0x00007ff90e7ec000 	C:\Windows\SYSTEM32\CRYPTBASE.dll
0x00007ff8dcde0000 - 0x00007ff8dcdf0000 	C:\Program Files\Java\jdk-17\bin\verify.dll
0x00007ff8c1960000 - 0x00007ff8c1978000 	C:\Windows\system32\napinsp.dll
0x00007ff8c1e30000 - 0x00007ff8c1e50000 	C:\Windows\system32\wshbth.dll
0x00007ff8c10d0000 - 0x00007ff8c1100000 	C:\Windows\system32\nlansp_c.dll
0x00007ff8c1020000 - 0x00007ff8c1032000 	C:\Windows\System32\winrnr.dll
0x00007ff90bd60000 - 0x00007ff90bd68000 	C:\Windows\system32\wshunix.dll

dbghelp: loaded successfully - version: 4.0.5 - missing functions: none
symbol engine: initialized successfully - sym options: 0x614 - pdb path: .;C:\Program Files\Java\jdk-17\bin;C:\Windows\SYSTEM32;C:\Windows\WinSxS\amd64_microsoft.windows.common-controls_6595b64144ccf1df_6.0.26100.4484_none_3e0e6d4ce32ef3b3;C:\Program Files\Java\jdk-17\bin\server

VM Arguments:
jvm_args: -XX:+ShowCodeDetailsInExceptionMessages 
java_command: com.manamer.sellout.infraestructure.eurekaserver.EurekaserverApplication
java_class_path (initial): C:\Users\Fernanda Jama\OneDrive - Manamer\Documentos\PROYECTOS 2025-2026\sellout1\backend\infraestructure\eureka\target\classes;C:\Users\Fernanda Jama\.m2\repository\org\springframework\cloud\spring-cloud-starter-netflix-eureka-server\4.1.1\spring-cloud-starter-netflix-eureka-server-4.1.1.jar;C:\Users\Fernanda Jama\.m2\repository\org\springframework\cloud\spring-cloud-starter\4.1.2\spring-cloud-starter-4.1.2.jar;C:\Users\Fernanda Jama\.m2\repository\org\springframework\cloud\spring-cloud-context\4.1.2\spring-cloud-context-4.1.2.jar;C:\Users\Fernanda Jama\.m2\repository\org\springframework\security\spring-security-crypto\6.3.1\spring-security-crypto-6.3.1.jar;C:\Users\Fernanda Jama\.m2\repository\org\springframework\cloud\spring-cloud-commons\4.1.2\spring-cloud-commons-4.1.2.jar;C:\Users\Fernanda Jama\.m2\repository\org\springframework\security\spring-security-rsa\1.1.2\spring-security-rsa-1.1.2.jar;C:\Users\Fernanda Jama\.m2\repository\org\bouncycastle\bcprov-jdk18on\1.77\bcprov-jdk18on-1.77.jar;C:\Users\Fernanda Jama\.m2\repository\org\springframework\cloud\spring-cloud-netflix-eureka-server\4.1.1\spring-cloud-netflix-eureka-server-4.1.1.jar;C:\Users\Fernanda Jama\.m2\repository\org\springframework\boot\spring-boot-starter-web\3.2.4\spring-boot-starter-web-3.2.4.jar;C:\Users\Fernanda Jama\.m2\repository\org\springframework\boot\spring-boot-starter-json\3.2.4\spring-boot-starter-json-3.2.4.jar;C:\Users\Fernanda Jama\.m2\repository\com\fasterxml\jackson\datatype\jackson-datatype-jdk8\2.17.2\jackson-datatype-jdk8-2.17.2.jar;C:\Users\Fernanda Jama\.m2\repository\com\fasterxml\jackson\module\jackson-module-parameter-names\2.17.2\jackson-module-parameter-names-2.17.2.jar;C:\Users\Fernanda Jama\.m2\repository\org\springframework\boot\spring-boot-starter-tomcat\3.2.4\spring-boot-starter-tomcat-3.2.4.jar;C:\Users\Fernanda Jama\.m2\repository\org\apache\tomcat\embed\tomcat-embed-core\10.1.19\tomcat-embed-core-10.1.19.jar;C:\Users\Fernanda Jama\.m
Launcher Type: SUN_STANDARD

[Global flags]
     intx CICompilerCount                          = 4                                         {product} {ergonomic}
     uint ConcGCThreads                            = 2                                         {product} {ergonomic}
     uint G1ConcRefinementThreads                  = 8                                         {product} {ergonomic}
   size_t G1HeapRegionSize                         = 8388608                                   {product} {ergonomic}
    uintx GCDrainStackTargetSize                   = 64                                        {product} {ergonomic}
   size_t InitialHeapSize                          = 671088640                                 {product} {ergonomic}
   size_t MarkStackSize                            = 4194304                                   {product} {ergonomic}
   size_t MaxHeapSize                              = 10687086592                               {product} {ergonomic}
   size_t MaxNewSize                               = 6408896512                                {product} {ergonomic}
   size_t MinHeapDeltaBytes                        = 8388608                                   {product} {ergonomic}
   size_t MinHeapSize                              = 8388608                                   {product} {ergonomic}
    uintx NonNMethodCodeHeapSize                   = 5839372                                {pd product} {ergonomic}
    uintx NonProfiledCodeHeapSize                  = 122909434                              {pd product} {ergonomic}
    uintx ProfiledCodeHeapSize                     = 122909434                              {pd product} {ergonomic}
    uintx ReservedCodeCacheSize                    = 251658240                              {pd product} {ergonomic}
     bool SegmentedCodeCache                       = true                                      {product} {ergonomic}
     bool ShowCodeDetailsInExceptionMessages       = true                                   {manageable} {command line}
   size_t SoftMaxHeapSize                          = 10687086592                            {manageable} {ergonomic}
     bool UseCompressedClassPointers               = true                           {product lp64_product} {ergonomic}
     bool UseCompressedOops                        = true                           {product lp64_product} {ergonomic}
     bool UseG1GC                                  = true                                      {product} {ergonomic}
     bool UseLargePagesIndividualAllocation        = false                                  {pd product} {ergonomic}

Logging:
Log output configuration:
 #0: stdout all=warning uptime,level,tags
 #1: stderr all=off uptime,level,tags

Environment Variables:
JAVA_HOME=C:\\Program Files\\Java\\jdk-17
CLASSPATH=C:\Program Files\SAP\SAP Business One DI API\JCO\LIB\sbowrapper.jar;C:\Program Files\SAP\SAP Business One DI API\JCO\LIB\sboapi.jar
PATH=C:\\Program Files\\Java\\jdk-17\\bin;C:\\Users\\Fernanda Jama\\.trae\\tools\\maven\\latest\\bin;C:\\Users\\Fernanda Jama\\.trae\\tools\\gradle\\latest\\bin;C:\Program Files\Java\jdk-17\bin;C:\Users\Fernanda Jama\.trae\tools\maven\latest\bin;C:\Users\Fernanda Jama\.trae\tools\gradle\latest\bin;C:\Python313\Scripts\;C:\Python313\;C:\Program Files\Microsoft MPI\Bin\;C:\Program Files\Common Files\Oracle\Java\javapath;C:\Windows\system32;C:\Windows;C:\Windows\System32\Wbem;C:\Windows\System32\WindowsPowerShell\v1.0\;C:\Windows\System32\OpenSSH\;C:\Program Files\Microsoft SQL Server\Client SDK\ODBC\170\Tools\Binn\;C:\Program Files (x86)\Microsoft SQL Server\150\Tools\Binn\;C:\Program Files\Microsoft SQL Server\150\Tools\Binn\;C:\Program Files\Microsoft SQL Server\150\DTS\Binn\;C:\Program Files (x86)\Microsoft SQL Server\160\DTS\Binn\;C:\Program Files\nodejs\;C:\ProgramData\chocolatey\bin;C:\Program Files\SAP\SAP Business One DI API\JCO\LIB\;C:\Program Files\SAP\SAP Business One DI API\DI API 90;C:\Program Files\SAP\SAP Business One\;C:\Program Files\apache-maven-3.8.8-bin\apache-maven-3.8.8\bin;C:\Users\Fernanda Jama\AppData\Local\Microsoft\WindowsApps;C:\Users\Fernanda Jama\AppData\Local\GitHubDesktop\bin;C:\Users\Fernanda Jama\AppData\Local\Programs\Microsoft VS Code\bin;C:\Users\Fernanda Jama\AppData\Roaming\npm
USERNAME=Fernanda Jama
LANG=en_US.UTF-8
OS=Windows_NT
PROCESSOR_IDENTIFIER=Intel64 Family 6 Model 140 Stepping 1, GenuineIntel



---------------  S Y S T E M  ---------------

OS:
 Windows 11 , 64 bit Build 26100 (10.0.26100.4484)
OS uptime: 0 days 7:26 hours
Hyper-V role detected

CPU: total 8 (initial active 8) (4 cores per cpu, 2 threads per core) family 6 model 140 stepping 1 microcode 0xb8, cx8, cmov, fxsr, ht, mmx, 3dnowpref, sse, sse2, sse3, ssse3, sse4.1, sse4.2, popcnt, lzcnt, tsc, tscinvbit, avx, avx2, aes, erms, clmul, bmi1, bmi2, adx, avx512f, avx512dq, avx512cd, avx512bw, avx512vl, sha, fma, vzeroupper, avx512_vpopcntdq, avx512_vpclmulqdq, avx512_vaes, avx512_vnni, clflush, clflushopt, clwb, avx512_vbmi2, avx512_vbmi, hv

Memory: 4k page, system-wide physical 40743M (397M free)
TotalPageFile size 101623M (AvailPageFile size 3M)
current process WorkingSet (physical memory assigned to process): 182M, peak: 341M
current process commit charge ("private bytes"): 382M, peak: 823M

vm_info: Java HotSpot(TM) 64-Bit Server VM (17.0.15+9-LTS-241) for windows-amd64 JRE (17.0.15+9-LTS-241), built on Feb 20 2025 10:49:54 by "mach5one" with MS VC++ 17.6 (VS2022)

END.
