#
# There is insufficient memory for the Java Runtime Environment to continue.
# Native memory allocation (mmap) failed to map 1040187392 bytes for G1 virtual space
# Possible reasons:
#   The system is out of physical RAM or swap space
#   The process is running with CompressedOops enabled, and the Java Heap may be blocking the growth of the native heap
# Possible solutions:
#   Reduce memory load on the system
#   Increase physical memory or swap space
#   Check if swap backing store is full
#   Decrease Java heap size (-Xmx/-Xms)
#   Decrease number of Java threads
#   Decrease Java thread stack sizes (-Xss)
#   Set larger code cache with -XX:ReservedCodeCacheSize=
#   JVM is running with Zero Based Compressed Oops mode in which the Java heap is
#     placed in the first 32GB address space. The Java Heap base address is the
#     maximum limit for the native heap growth. Please use -XX:HeapBaseMinAddress
#     to set the Java Heap base and to place the Java Heap above 32GB virtual address.
# This output file may be truncated or incomplete.
#
#  Out of Memory Error (os_windows.cpp:3551), pid=19832, tid=26764
#
# JRE version: Java(TM) SE Runtime Environment (17.0.15+9) (build 17.0.15+9-LTS-241)
# Java VM: Java HotSpot(TM) 64-Bit Server VM (17.0.15+9-LTS-241, mixed mode, sharing, tiered, compressed oops, compressed class ptrs, g1 gc, windows-amd64)
# No core dump will be written. Minidumps are not enabled by default on client versions of Windows
#

---------------  S U M M A R Y ------------

Command Line: -XX:+ShowCodeDetailsInExceptionMessages -Dspring.jmx.enabled=true -Dmanagement.endpoints.jmx.exposure.include=* -Dspring.application.admin.enabled=true -Dspring.boot.project.name=com.manamer.sellout.business-sellout -Djava.rmi.server.hostname=localhost -Dcom.sun.management.jmxremote.port=45559 -Dcom.sun.management.jmxremote.authenticate=false -Dcom.sun.management.jmxremote.ssl=false com.manamer.backend.business.sellout.SelloutApplication

Host: 11th Gen Intel(R) Core(TM) i7-1165G7 @ 2.80GHz, 8 cores, 39G,  Windows 11 , 64 bit Build 26100 (10.0.26100.4768)
Time: Tue Sep  2 15:21:04 2025 Hora est. Pacífico, Sudamérica elapsed time: 133.183071 seconds (0d 0h 2m 13s)

---------------  T H R E A D  ---------------

Current thread (0x000001f565c6aa20):  VMThread "VM Thread" [stack: 0x00000038d2a00000,0x00000038d2b00000] [id=26764]

Stack: [0x00000038d2a00000,0x00000038d2b00000]
Native frames: (J=compiled Java code, j=interpreted, Vv=VM code, C=native code)
V  [jvm.dll+0x67a46a]
V  [jvm.dll+0x7da6ad]
V  [jvm.dll+0x7dbff3]
V  [jvm.dll+0x7dc663]
V  [jvm.dll+0x24523f]
V  [jvm.dll+0x677499]
V  [jvm.dll+0x66c122]
V  [jvm.dll+0x302156]
V  [jvm.dll+0x3096f6]
V  [jvm.dll+0x35a04e]
V  [jvm.dll+0x35a27f]
V  [jvm.dll+0x2d9228]
V  [jvm.dll+0x2d765d]
V  [jvm.dll+0x2d6cac]
V  [jvm.dll+0x31a80b]
V  [jvm.dll+0x7e0f5b]
V  [jvm.dll+0x7e1c94]
V  [jvm.dll+0x7e21ad]
V  [jvm.dll+0x7e2584]
V  [jvm.dll+0x7e2650]
V  [jvm.dll+0x78b0ba]
V  [jvm.dll+0x679355]
C  [ucrtbase.dll+0x37b0]
C  [KERNEL32.DLL+0x2e8d7]
C  [ntdll.dll+0x3c34c]

VM_Operation (0x00000038d5efaa20): G1CollectForAllocation, mode: safepoint, requested by thread 0x000001f5b5067410


---------------  P R O C E S S  ---------------

Threads class SMR info:
_java_thread_list=0x000001f5ae6825a0, length=44, elements={
0x000001f565c717e0, 0x000001f565c72f00, 0x000001f565c85d10, 0x000001f565c886d0,
0x000001f565c89080, 0x000001f565c89a30, 0x000001f565c8a7c0, 0x000001f565c8e4c0,
0x000001f5685ff020, 0x000001f5685b0e90, 0x000001f5687219b0, 0x000001f5ae662920,
0x000001f5ae663160, 0x000001f5ae65e9c0, 0x000001f5aee26760, 0x000001f5aefb8b50,
0x000001f5aefb99c0, 0x000001f5aefb69a0, 0x000001f5aefb9020, 0x000001f5aefb94f0,
0x000001f5aefb7340, 0x000001f5b5063a50, 0x000001f5b50630b0, 0x000001f5b5065730,
0x000001f5b5062240, 0x000001f5b50665a0, 0x000001f5b5065c00, 0x000001f5b5062be0,
0x000001f5b5068750, 0x000001f5b5069a90, 0x000001f5b5067db0, 0x000001f5b5067410,
0x000001f5b5068c20, 0x000001f5b5068280, 0x000001f5b50678e0, 0x000001f5b50690f0,
0x000001f5b5066a70, 0x000001f5b50695c0, 0x000001f5b5066f40, 0x000001f5aefb6e70,
0x000001f5aefb8680, 0x000001f5b159a450, 0x000001f5b1598770, 0x000001f5b159b2c0
}

Java Threads: ( => current thread )
  0x000001f565c717e0 JavaThread "Reference Handler" daemon [_thread_blocked, id=25796, stack(0x00000038d2b00000,0x00000038d2c00000)]
  0x000001f565c72f00 JavaThread "Finalizer" daemon [_thread_blocked, id=13888, stack(0x00000038d2c00000,0x00000038d2d00000)]
  0x000001f565c85d10 JavaThread "Signal Dispatcher" daemon [_thread_blocked, id=24228, stack(0x00000038d2d00000,0x00000038d2e00000)]
  0x000001f565c886d0 JavaThread "Attach Listener" daemon [_thread_blocked, id=23104, stack(0x00000038d2e00000,0x00000038d2f00000)]
  0x000001f565c89080 JavaThread "Service Thread" daemon [_thread_blocked, id=23276, stack(0x00000038d2f00000,0x00000038d3000000)]
  0x000001f565c89a30 JavaThread "Monitor Deflation Thread" daemon [_thread_blocked, id=2820, stack(0x00000038d3000000,0x00000038d3100000)]
  0x000001f565c8a7c0 JavaThread "C2 CompilerThread0" daemon [_thread_blocked, id=2868, stack(0x00000038d3100000,0x00000038d3200000)]
  0x000001f565c8e4c0 JavaThread "C1 CompilerThread0" daemon [_thread_blocked, id=18664, stack(0x00000038d3200000,0x00000038d3300000)]
  0x000001f5685ff020 JavaThread "Sweeper thread" daemon [_thread_blocked, id=23816, stack(0x00000038d3300000,0x00000038d3400000)]
  0x000001f5685b0e90 JavaThread "Common-Cleaner" daemon [_thread_blocked, id=28624, stack(0x00000038d3400000,0x00000038d3500000)]
  0x000001f5687219b0 JavaThread "Notification Thread" daemon [_thread_blocked, id=26788, stack(0x00000038d3500000,0x00000038d3600000)]
  0x000001f5ae662920 JavaThread "RMI TCP Accept-0" daemon [_thread_in_native, id=27380, stack(0x00000038d3700000,0x00000038d3800000)]
  0x000001f5ae663160 JavaThread "RMI TCP Accept-45559" daemon [_thread_in_native, id=28372, stack(0x00000038d3800000,0x00000038d3900000)]
  0x000001f5ae65e9c0 JavaThread "RMI TCP Accept-0" daemon [_thread_in_native, id=2004, stack(0x00000038d3900000,0x00000038d3a00000)]
  0x000001f5aee26760 JavaThread "RMI Scheduler(0)" daemon [_thread_blocked, id=8236, stack(0x00000038d4700000,0x00000038d4800000)]
  0x000001f5aefb8b50 JavaThread "JMX server connection timeout 25" daemon [_thread_blocked, id=11876, stack(0x00000038d4900000,0x00000038d4a00000)]
  0x000001f5aefb99c0 JavaThread "Catalina-utility-1" [_thread_blocked, id=10796, stack(0x00000038d4a00000,0x00000038d4b00000)]
  0x000001f5aefb69a0 JavaThread "Catalina-utility-2" [_thread_blocked, id=27916, stack(0x00000038d4c00000,0x00000038d4d00000)]
  0x000001f5aefb9020 JavaThread "container-0" [_thread_blocked, id=12472, stack(0x00000038d4d00000,0x00000038d4e00000)]
  0x000001f5aefb94f0 JavaThread "mssql-jdbc-shared-timer-core-0" daemon [_thread_blocked, id=27852, stack(0x00000038d5000000,0x00000038d5100000)]
  0x000001f5aefb7340 JavaThread "HikariPool-1 housekeeper" daemon [_thread_blocked, id=21508, stack(0x00000038d5100000,0x00000038d5200000)]
  0x000001f5b5063a50 JavaThread "RMI TCP Connection(4)-127.0.0.1" daemon [_thread_blocked, id=27376, stack(0x00000038d3600000,0x00000038d3700000)]
  0x000001f5b50630b0 JavaThread "spring.cloud.inetutils" daemon [_thread_blocked, id=22084, stack(0x00000038d5300000,0x00000038d5400000)]
  0x000001f5b5065730 JavaThread "File Watcher" daemon [_thread_blocked, id=22776, stack(0x00000038d5600000,0x00000038d5700000)]
  0x000001f5b5062240 JavaThread "AsyncResolver-bootstrap-0" daemon [_thread_blocked, id=25912, stack(0x00000038d5700000,0x00000038d5800000)]
  0x000001f5b50665a0 JavaThread "idle-connection-evictor-1" daemon [_thread_blocked, id=5624, stack(0x00000038d5800000,0x00000038d5900000)]
  0x000001f5b5065c00 JavaThread "DiscoveryClient-0" daemon [_thread_blocked, id=25368, stack(0x00000038d5900000,0x00000038d5a00000)]
  0x000001f5b5062be0 JavaThread "DiscoveryClient-1" daemon [_thread_blocked, id=14272, stack(0x00000038d5a00000,0x00000038d5b00000)]
  0x000001f5b5068750 JavaThread "DiscoveryClient-InstanceInfoReplicator-0" daemon [_thread_blocked, id=1264, stack(0x00000038d5b00000,0x00000038d5c00000)]
  0x000001f5b5069a90 JavaThread "http-nio-8092-exec-1" daemon [_thread_blocked, id=16728, stack(0x00000038d5c00000,0x00000038d5d00000)]
  0x000001f5b5067db0 JavaThread "http-nio-8092-exec-2" daemon [_thread_blocked, id=23264, stack(0x00000038d5d00000,0x00000038d5e00000)]
  0x000001f5b5067410 JavaThread "http-nio-8092-exec-3" daemon [_thread_blocked, id=25436, stack(0x00000038d5e00000,0x00000038d5f00000)]
  0x000001f5b5068c20 JavaThread "http-nio-8092-exec-4" daemon [_thread_blocked, id=11524, stack(0x00000038d5f00000,0x00000038d6000000)]
  0x000001f5b5068280 JavaThread "http-nio-8092-exec-5" daemon [_thread_blocked, id=23128, stack(0x00000038d6000000,0x00000038d6100000)]
  0x000001f5b50678e0 JavaThread "http-nio-8092-exec-6" daemon [_thread_blocked, id=21012, stack(0x00000038d6100000,0x00000038d6200000)]
  0x000001f5b50690f0 JavaThread "http-nio-8092-exec-7" daemon [_thread_blocked, id=24272, stack(0x00000038d6200000,0x00000038d6300000)]
  0x000001f5b5066a70 JavaThread "http-nio-8092-exec-8" daemon [_thread_blocked, id=5100, stack(0x00000038d6300000,0x00000038d6400000)]
  0x000001f5b50695c0 JavaThread "http-nio-8092-exec-9" daemon [_thread_blocked, id=2416, stack(0x00000038d6400000,0x00000038d6500000)]
  0x000001f5b5066f40 JavaThread "http-nio-8092-exec-10" daemon [_thread_blocked, id=2368, stack(0x00000038d6500000,0x00000038d6600000)]
  0x000001f5aefb6e70 JavaThread "http-nio-8092-Poller" daemon [_thread_blocked, id=9368, stack(0x00000038d5500000,0x00000038d5600000)]
  0x000001f5aefb8680 JavaThread "http-nio-8092-Acceptor" daemon [_thread_in_native, id=22900, stack(0x00000038d6600000,0x00000038d6700000)]
  0x000001f5b159a450 JavaThread "DestroyJavaVM" [_thread_blocked, id=19628, stack(0x00000038d2400000,0x00000038d2500000)]
  0x000001f5b1598770 JavaThread "DiscoveryClient-CacheRefreshExecutor-0" daemon [_thread_blocked, id=13872, stack(0x00000038d2200000,0x00000038d2300000)]
  0x000001f5b159b2c0 JavaThread "DiscoveryClient-HeartbeatExecutor-0" daemon [_thread_blocked, id=15988, stack(0x00000038d2300000,0x00000038d2400000)]

Other Threads:
=>0x000001f565c6aa20 VMThread "VM Thread" [stack: 0x00000038d2a00000,0x00000038d2b00000] [id=26764]
  0x000001f53583aa80 WatcherThread [stack: 0x00000038d3a00000,0x00000038d3b00000] [id=27528]
  0x000001f5358e31a0 GCTaskThread "GC Thread#0" [stack: 0x00000038d2500000,0x00000038d2600000] [id=27612]
  0x000001f5ae7c0360 GCTaskThread "GC Thread#1" [stack: 0x00000038d3b00000,0x00000038d3c00000] [id=16952]
  0x000001f5ae7c13e0 GCTaskThread "GC Thread#2" [stack: 0x00000038d3c00000,0x00000038d3d00000] [id=20716]
  0x000001f5ae7c0620 GCTaskThread "GC Thread#3" [stack: 0x00000038d3d00000,0x00000038d3e00000] [id=13472]
  0x000001f5ae7c16a0 GCTaskThread "GC Thread#4" [stack: 0x00000038d3e00000,0x00000038d3f00000] [id=12380]
  0x000001f5ae7c1c20 GCTaskThread "GC Thread#5" [stack: 0x00000038d3f00000,0x00000038d4000000] [id=11736]
  0x000001f5ae7c0ba0 GCTaskThread "GC Thread#6" [stack: 0x00000038d4000000,0x00000038d4100000] [id=26692]
  0x000001f5ae7c08e0 GCTaskThread "GC Thread#7" [stack: 0x00000038d4100000,0x00000038d4200000] [id=24420]
  0x000001f5358ee030 ConcurrentGCThread "G1 Main Marker" [stack: 0x00000038d2600000,0x00000038d2700000] [id=27876]
  0x000001f5358eea40 ConcurrentGCThread "G1 Conc#0" [stack: 0x00000038d2700000,0x00000038d2800000] [id=8424]
  0x000001f5ae7c1120 ConcurrentGCThread "G1 Conc#1" [stack: 0x00000038d4b00000,0x00000038d4c00000] [id=20592]
  0x000001f565ba6030 ConcurrentGCThread "G1 Refine#0" [stack: 0x00000038d2800000,0x00000038d2900000] [id=21352]
  0x000001f5aeb5ce00 ConcurrentGCThread "G1 Refine#1" [stack: 0x00000038d4200000,0x00000038d4300000] [id=22032]
  0x000001f5b04ca2b0 ConcurrentGCThread "G1 Refine#2" [stack: 0x00000038d4600000,0x00000038d4700000] [id=1656]
  0x000001f5b04cb740 ConcurrentGCThread "G1 Refine#3" [stack: 0x00000038d4e00000,0x00000038d4f00000] [id=26264]
  0x000001f5b04cab80 ConcurrentGCThread "G1 Refine#4" [stack: 0x00000038d5400000,0x00000038d5500000] [id=27784]
  0x000001f5b04c8550 ConcurrentGCThread "G1 Refine#5" [stack: 0x00000038d4400000,0x00000038d4500000] [id=27756]
  0x000001f5b04c8840 ConcurrentGCThread "G1 Refine#6" [stack: 0x00000038d4500000,0x00000038d4600000] [id=5904]
  0x000001f5b04c7c80 ConcurrentGCThread "G1 Refine#7" [stack: 0x00000038d4800000,0x00000038d4900000] [id=11760]
  0x000001f565ba6a60 ConcurrentGCThread "G1 Service" [stack: 0x00000038d2900000,0x00000038d2a00000] [id=8648]

Threads with active compile tasks:

VM state: at safepoint (normal execution)

VM Mutex/Monitor currently owned by a thread:  ([mutex/lock_event])
[0x000001f535834f20] Threads_lock - owner thread: 0x000001f565c6aa20
[0x000001f5358359d0] Heap_lock - owner thread: 0x000001f5b5067410

Heap address: 0x0000000583000000, size: 10192 MB, Compressed Oops mode: Zero based, Oop shift amount: 3

CDS archive(s) mapped at: [0x000001f569000000-0x000001f569bd0000-0x000001f569bd0000), size 12386304, SharedBaseAddress: 0x000001f569000000, ArchiveRelocationMode: 1.
Compressed class space mapped at: 0x000001f56a000000-0x000001f5aa000000, reserved size: 1073741824
Narrow klass base: 0x000001f569000000, Narrow klass shift: 0, Narrow klass range: 0x100000000

GC Precious Log:
 CPUs: 8 total, 8 available
 Memory: 40743M
 Large Page Support: Disabled
 NUMA Support: Disabled
 Compressed Oops: Enabled (Zero based)
 Heap Region Size: 8M
 Heap Min Capacity: 8M
 Heap Initial Capacity: 640M
 Heap Max Capacity: 10192M
 Pre-touch: Disabled
 Parallel Workers: 8
 Concurrent Workers: 2
 Concurrent Refinement Workers: 8
 Periodic GC: Disabled

Heap:
 garbage-first heap   total 1425408K, used 1193406K [0x0000000583000000, 0x0000000800000000)
  region size 8192K, 1 young (8192K), 1 survivors (8192K)
 Metaspace       used 102558K, committed 103296K, reserved 1179648K
  class space    used 13862K, committed 14208K, reserved 1048576K

Heap Regions: E=young(eden), S=young(survivor), O=old, HS=humongous(starts), HC=humongous(continues), CS=collection set, F=free, OA=open archive, CA=closed archive, TAMS=top-at-mark-start (previous, next)
|   0|0x0000000583000000, 0x0000000583800000, 0x0000000583800000|100%| O|  |TAMS 0x0000000583800000, 0x0000000583800000| Untracked 
|   1|0x0000000583800000, 0x0000000584000000, 0x0000000584000000|100%| O|  |TAMS 0x0000000584000000, 0x0000000584000000| Untracked 
|   2|0x0000000584000000, 0x0000000584800000, 0x0000000584800000|100%| O|  |TAMS 0x0000000584800000, 0x0000000584800000| Untracked 
|   3|0x0000000584800000, 0x0000000585000000, 0x0000000585000000|100%| O|  |TAMS 0x0000000585000000, 0x0000000585000000| Untracked 
|   4|0x0000000585000000, 0x0000000585800000, 0x0000000585800000|100%| O|  |TAMS 0x0000000585800000, 0x0000000585800000| Untracked 
|   5|0x0000000585800000, 0x0000000586000000, 0x0000000586000000|100%| O|  |TAMS 0x0000000586000000, 0x0000000586000000| Untracked 
|   6|0x0000000586000000, 0x0000000586800000, 0x0000000586800000|100%| O|  |TAMS 0x0000000586800000, 0x0000000586800000| Untracked 
|   7|0x0000000586800000, 0x0000000587000000, 0x0000000587000000|100%| O|  |TAMS 0x0000000587000000, 0x0000000587000000| Untracked 
|   8|0x0000000587000000, 0x0000000587800000, 0x0000000587800000|100%| O|  |TAMS 0x0000000587800000, 0x0000000587800000| Untracked 
|   9|0x0000000587800000, 0x0000000588000000, 0x0000000588000000|100%|HS|  |TAMS 0x0000000588000000, 0x0000000588000000| Complete 
|  10|0x0000000588000000, 0x0000000588800000, 0x0000000588800000|100%| O|  |TAMS 0x0000000588800000, 0x0000000588800000| Untracked 
|  11|0x0000000588800000, 0x0000000589000000, 0x0000000589000000|100%| O|  |TAMS 0x0000000589000000, 0x0000000589000000| Untracked 
|  12|0x0000000589000000, 0x0000000589800000, 0x0000000589800000|100%| O|  |TAMS 0x0000000589800000, 0x0000000589800000| Untracked 
|  13|0x0000000589800000, 0x000000058a000000, 0x000000058a000000|100%| O|  |TAMS 0x000000058a000000, 0x000000058a000000| Untracked 
|  14|0x000000058a000000, 0x000000058a800000, 0x000000058a800000|100%| O|  |TAMS 0x000000058a800000, 0x000000058a800000| Untracked 
|  15|0x000000058a800000, 0x000000058b000000, 0x000000058b000000|100%| O|  |TAMS 0x000000058b000000, 0x000000058b000000| Untracked 
|  16|0x000000058b000000, 0x000000058b800000, 0x000000058b800000|100%| O|  |TAMS 0x000000058b800000, 0x000000058b800000| Untracked 
|  17|0x000000058b800000, 0x000000058c000000, 0x000000058c000000|100%| O|  |TAMS 0x000000058c000000, 0x000000058c000000| Untracked 
|  18|0x000000058c000000, 0x000000058c800000, 0x000000058c800000|100%| O|  |TAMS 0x000000058c800000, 0x000000058c800000| Untracked 
|  19|0x000000058c800000, 0x000000058d000000, 0x000000058d000000|100%| O|  |TAMS 0x000000058d000000, 0x000000058d000000| Untracked 
|  20|0x000000058d000000, 0x000000058d800000, 0x000000058d800000|100%| O|  |TAMS 0x000000058d800000, 0x000000058d800000| Untracked 
|  21|0x000000058d800000, 0x000000058e000000, 0x000000058e000000|100%| O|  |TAMS 0x000000058e000000, 0x000000058e000000| Untracked 
|  22|0x000000058e000000, 0x000000058e800000, 0x000000058e800000|100%| O|  |TAMS 0x000000058e800000, 0x000000058e800000| Untracked 
|  23|0x000000058e800000, 0x000000058f000000, 0x000000058f000000|100%| O|  |TAMS 0x000000058f000000, 0x000000058f000000| Untracked 
|  24|0x000000058f000000, 0x000000058f800000, 0x000000058f800000|100%| O|  |TAMS 0x000000058f800000, 0x000000058f800000| Untracked 
|  25|0x000000058f800000, 0x0000000590000000, 0x0000000590000000|100%| O|  |TAMS 0x0000000590000000, 0x0000000590000000| Untracked 
|  26|0x0000000590000000, 0x0000000590800000, 0x0000000590800000|100%| O|  |TAMS 0x0000000590800000, 0x0000000590800000| Untracked 
|  27|0x0000000590800000, 0x0000000591000000, 0x0000000591000000|100%| O|  |TAMS 0x0000000591000000, 0x0000000591000000| Untracked 
|  28|0x0000000591000000, 0x0000000591800000, 0x0000000591800000|100%|HS|  |TAMS 0x0000000591800000, 0x0000000591800000| Complete 
|  29|0x0000000591800000, 0x0000000592000000, 0x0000000592000000|100%|HC|  |TAMS 0x0000000592000000, 0x0000000592000000| Complete 
|  30|0x0000000592000000, 0x0000000592800000, 0x0000000592800000|100%|HC|  |TAMS 0x0000000592800000, 0x0000000592800000| Complete 
|  31|0x0000000592800000, 0x0000000593000000, 0x0000000593000000|100%|HC|  |TAMS 0x0000000593000000, 0x0000000593000000| Complete 
|  32|0x0000000593000000, 0x0000000593800000, 0x0000000593800000|100%|HC|  |TAMS 0x0000000593800000, 0x0000000593800000| Complete 
|  33|0x0000000593800000, 0x0000000594000000, 0x0000000594000000|100%|HC|  |TAMS 0x0000000594000000, 0x0000000594000000| Complete 
|  34|0x0000000594000000, 0x0000000594800000, 0x0000000594800000|100%|HC|  |TAMS 0x0000000594800000, 0x0000000594800000| Complete 
|  35|0x0000000594800000, 0x0000000595000000, 0x0000000595000000|100%|HC|  |TAMS 0x0000000595000000, 0x0000000595000000| Complete 
|  36|0x0000000595000000, 0x0000000595800000, 0x0000000595800000|100%|HC|  |TAMS 0x0000000595800000, 0x0000000595800000| Complete 
|  37|0x0000000595800000, 0x0000000596000000, 0x0000000596000000|100%|HC|  |TAMS 0x0000000596000000, 0x0000000596000000| Complete 
|  38|0x0000000596000000, 0x0000000596800000, 0x0000000596800000|100%|HC|  |TAMS 0x0000000596800000, 0x0000000596800000| Complete 
|  39|0x0000000596800000, 0x0000000597000000, 0x0000000597000000|100%|HC|  |TAMS 0x0000000597000000, 0x0000000597000000| Complete 
|  40|0x0000000597000000, 0x0000000597800000, 0x0000000597800000|100%|HC|  |TAMS 0x0000000597800000, 0x0000000597800000| Complete 
|  41|0x0000000597800000, 0x0000000598000000, 0x0000000598000000|100%|HC|  |TAMS 0x0000000598000000, 0x0000000598000000| Complete 
|  42|0x0000000598000000, 0x0000000598800000, 0x0000000598800000|100%|HC|  |TAMS 0x0000000598800000, 0x0000000598800000| Complete 
|  43|0x0000000598800000, 0x0000000599000000, 0x0000000599000000|100%| O|  |TAMS 0x0000000599000000, 0x0000000599000000| Untracked 
|  44|0x0000000599000000, 0x0000000599800000, 0x0000000599800000|100%| O|  |TAMS 0x0000000599800000, 0x0000000599800000| Untracked 
|  45|0x0000000599800000, 0x000000059a000000, 0x000000059a000000|100%| O|  |TAMS 0x000000059a000000, 0x000000059a000000| Untracked 
|  46|0x000000059a000000, 0x000000059a800000, 0x000000059a800000|100%| O|  |TAMS 0x000000059a800000, 0x000000059a800000| Untracked 
|  47|0x000000059a800000, 0x000000059b000000, 0x000000059b000000|100%| O|  |TAMS 0x000000059b000000, 0x000000059b000000| Untracked 
|  48|0x000000059b000000, 0x000000059b800000, 0x000000059b800000|100%| O|  |TAMS 0x000000059b800000, 0x000000059b800000| Untracked 
|  49|0x000000059b800000, 0x000000059c000000, 0x000000059c000000|100%| O|  |TAMS 0x000000059c000000, 0x000000059c000000| Untracked 
|  50|0x000000059c000000, 0x000000059c800000, 0x000000059c800000|100%| O|  |TAMS 0x000000059c800000, 0x000000059c800000| Untracked 
|  51|0x000000059c800000, 0x000000059d000000, 0x000000059d000000|100%| O|  |TAMS 0x000000059d000000, 0x000000059d000000| Untracked 
|  52|0x000000059d000000, 0x000000059d800000, 0x000000059d800000|100%| O|  |TAMS 0x000000059d800000, 0x000000059d800000| Untracked 
|  53|0x000000059d800000, 0x000000059e000000, 0x000000059e000000|100%| O|  |TAMS 0x000000059e000000, 0x000000059e000000| Untracked 
|  54|0x000000059e000000, 0x000000059e800000, 0x000000059e800000|100%| O|  |TAMS 0x000000059e800000, 0x000000059e800000| Untracked 
|  55|0x000000059e800000, 0x000000059f000000, 0x000000059f000000|100%| O|  |TAMS 0x000000059f000000, 0x000000059f000000| Untracked 
|  56|0x000000059f000000, 0x000000059f800000, 0x000000059f800000|100%| O|  |TAMS 0x000000059f800000, 0x000000059f800000| Untracked 
|  57|0x000000059f800000, 0x00000005a0000000, 0x00000005a0000000|100%| O|  |TAMS 0x00000005a0000000, 0x00000005a0000000| Untracked 
|  58|0x00000005a0000000, 0x00000005a0800000, 0x00000005a0800000|100%| O|  |TAMS 0x00000005a0800000, 0x00000005a0800000| Untracked 
|  59|0x00000005a0800000, 0x00000005a1000000, 0x00000005a1000000|100%| O|  |TAMS 0x00000005a1000000, 0x00000005a1000000| Untracked 
|  60|0x00000005a1000000, 0x00000005a1800000, 0x00000005a1800000|100%| O|  |TAMS 0x00000005a1800000, 0x00000005a1800000| Untracked 
|  61|0x00000005a1800000, 0x00000005a2000000, 0x00000005a2000000|100%| O|  |TAMS 0x00000005a2000000, 0x00000005a2000000| Untracked 
|  62|0x00000005a2000000, 0x00000005a2800000, 0x00000005a2800000|100%| O|  |TAMS 0x00000005a2800000, 0x00000005a2800000| Untracked 
|  63|0x00000005a2800000, 0x00000005a3000000, 0x00000005a3000000|100%| O|  |TAMS 0x00000005a3000000, 0x00000005a3000000| Untracked 
|  64|0x00000005a3000000, 0x00000005a3800000, 0x00000005a3800000|100%| O|  |TAMS 0x00000005a3800000, 0x00000005a3800000| Untracked 
|  65|0x00000005a3800000, 0x00000005a4000000, 0x00000005a4000000|100%| O|  |TAMS 0x00000005a4000000, 0x00000005a4000000| Untracked 
|  66|0x00000005a4000000, 0x00000005a4800000, 0x00000005a4800000|100%| O|  |TAMS 0x00000005a4800000, 0x00000005a4800000| Untracked 
|  67|0x00000005a4800000, 0x00000005a5000000, 0x00000005a5000000|100%| O|  |TAMS 0x00000005a5000000, 0x00000005a5000000| Untracked 
|  68|0x00000005a5000000, 0x00000005a5800000, 0x00000005a5800000|100%| O|  |TAMS 0x00000005a5800000, 0x00000005a5800000| Untracked 
|  69|0x00000005a5800000, 0x00000005a6000000, 0x00000005a6000000|100%| O|  |TAMS 0x00000005a6000000, 0x00000005a6000000| Untracked 
|  70|0x00000005a6000000, 0x00000005a6800000, 0x00000005a6800000|100%| O|  |TAMS 0x00000005a6800000, 0x00000005a6800000| Untracked 
|  71|0x00000005a6800000, 0x00000005a7000000, 0x00000005a7000000|100%| O|  |TAMS 0x00000005a7000000, 0x00000005a7000000| Untracked 
|  72|0x00000005a7000000, 0x00000005a7800000, 0x00000005a7800000|100%| O|  |TAMS 0x00000005a7800000, 0x00000005a7800000| Untracked 
|  73|0x00000005a7800000, 0x00000005a8000000, 0x00000005a8000000|100%| O|  |TAMS 0x00000005a8000000, 0x00000005a8000000| Untracked 
|  74|0x00000005a8000000, 0x00000005a8800000, 0x00000005a8800000|100%| O|  |TAMS 0x00000005a8756c00, 0x00000005a8800000| Untracked 
|  75|0x00000005a8800000, 0x00000005a9000000, 0x00000005a9000000|100%| O|  |TAMS 0x00000005a8800000, 0x00000005a9000000| Untracked 
|  76|0x00000005a9000000, 0x00000005a9800000, 0x00000005a9800000|100%| O|  |TAMS 0x00000005a9000000, 0x00000005a9800000| Untracked 
|  77|0x00000005a9800000, 0x00000005aa000000, 0x00000005aa000000|100%| O|  |TAMS 0x00000005a9800000, 0x00000005aa000000| Untracked 
|  78|0x00000005aa000000, 0x00000005aa800000, 0x00000005aa800000|100%| O|  |TAMS 0x00000005aa000000, 0x00000005aa800000| Untracked 
|  79|0x00000005aa800000, 0x00000005ab000000, 0x00000005ab000000|100%| O|  |TAMS 0x00000005aa800000, 0x00000005ab000000| Untracked 
|  80|0x00000005ab000000, 0x00000005ab800000, 0x00000005ab800000|100%| O|  |TAMS 0x00000005ab000000, 0x00000005ab800000| Untracked 
|  81|0x00000005ab800000, 0x00000005ac000000, 0x00000005ac000000|100%| O|  |TAMS 0x00000005ab800000, 0x00000005ac000000| Untracked 
|  82|0x00000005ac000000, 0x00000005ac800000, 0x00000005ac800000|100%| O|  |TAMS 0x00000005ac000000, 0x00000005ac800000| Untracked 
|  83|0x00000005ac800000, 0x00000005ad000000, 0x00000005ad000000|100%| O|  |TAMS 0x00000005ac800000, 0x00000005ad000000| Untracked 
|  84|0x00000005ad000000, 0x00000005ad800000, 0x00000005ad800000|100%| O|  |TAMS 0x00000005ad000000, 0x00000005ad800000| Untracked 
|  85|0x00000005ad800000, 0x00000005ae000000, 0x00000005ae000000|100%| O|  |TAMS 0x00000005ad800000, 0x00000005ae000000| Untracked 
|  86|0x00000005ae000000, 0x00000005ae800000, 0x00000005ae800000|100%| O|  |TAMS 0x00000005ae000000, 0x00000005ae800000| Untracked 
|  87|0x00000005ae800000, 0x00000005af000000, 0x00000005af000000|100%| O|  |TAMS 0x00000005ae800000, 0x00000005af000000| Untracked 
|  88|0x00000005af000000, 0x00000005af800000, 0x00000005af800000|100%| O|  |TAMS 0x00000005af000000, 0x00000005af800000| Untracked 
|  89|0x00000005af800000, 0x00000005b0000000, 0x00000005b0000000|100%| O|  |TAMS 0x00000005af800000, 0x00000005b0000000| Untracked 
|  90|0x00000005b0000000, 0x00000005b0800000, 0x00000005b0800000|100%| O|  |TAMS 0x00000005b0000000, 0x00000005b0800000| Untracked 
|  91|0x00000005b0800000, 0x00000005b1000000, 0x00000005b1000000|100%| O|  |TAMS 0x00000005b0800000, 0x00000005b1000000| Untracked 
|  92|0x00000005b1000000, 0x00000005b1800000, 0x00000005b1800000|100%| O|  |TAMS 0x00000005b1000000, 0x00000005b1800000| Untracked 
|  93|0x00000005b1800000, 0x00000005b2000000, 0x00000005b2000000|100%| O|  |TAMS 0x00000005b1800000, 0x00000005b2000000| Untracked 
|  94|0x00000005b2000000, 0x00000005b2800000, 0x00000005b2800000|100%| O|  |TAMS 0x00000005b2000000, 0x00000005b2800000| Untracked 
|  95|0x00000005b2800000, 0x00000005b3000000, 0x00000005b3000000|100%| O|  |TAMS 0x00000005b2800000, 0x00000005b3000000| Untracked 
|  96|0x00000005b3000000, 0x00000005b3800000, 0x00000005b3800000|100%| O|  |TAMS 0x00000005b3000000, 0x00000005b3800000| Untracked 
|  97|0x00000005b3800000, 0x00000005b4000000, 0x00000005b4000000|100%| O|  |TAMS 0x00000005b3800000, 0x00000005b4000000| Untracked 
|  98|0x00000005b4000000, 0x00000005b4800000, 0x00000005b4800000|100%| O|  |TAMS 0x00000005b4000000, 0x00000005b4800000| Untracked 
|  99|0x00000005b4800000, 0x00000005b5000000, 0x00000005b5000000|100%| O|  |TAMS 0x00000005b4800000, 0x00000005b5000000| Untracked 
| 100|0x00000005b5000000, 0x00000005b5800000, 0x00000005b5800000|100%| O|  |TAMS 0x00000005b5000000, 0x00000005b5800000| Untracked 
| 101|0x00000005b5800000, 0x00000005b6000000, 0x00000005b6000000|100%| O|  |TAMS 0x00000005b5800000, 0x00000005b6000000| Untracked 
| 102|0x00000005b6000000, 0x00000005b6800000, 0x00000005b6800000|100%| O|  |TAMS 0x00000005b6000000, 0x00000005b6800000| Untracked 
| 103|0x00000005b6800000, 0x00000005b7000000, 0x00000005b7000000|100%| O|  |TAMS 0x00000005b6800000, 0x00000005b7000000| Untracked 
| 104|0x00000005b7000000, 0x00000005b7800000, 0x00000005b7800000|100%| O|  |TAMS 0x00000005b7000000, 0x00000005b7800000| Untracked 
| 105|0x00000005b7800000, 0x00000005b8000000, 0x00000005b8000000|100%| O|  |TAMS 0x00000005b7800000, 0x00000005b8000000| Untracked 
| 106|0x00000005b8000000, 0x00000005b8800000, 0x00000005b8800000|100%| O|  |TAMS 0x00000005b8000000, 0x00000005b8800000| Untracked 
| 107|0x00000005b8800000, 0x00000005b9000000, 0x00000005b9000000|100%| O|  |TAMS 0x00000005b8800000, 0x00000005b9000000| Untracked 
| 108|0x00000005b9000000, 0x00000005b9800000, 0x00000005b9800000|100%| O|  |TAMS 0x00000005b9000000, 0x00000005b9800000| Untracked 
| 109|0x00000005b9800000, 0x00000005ba000000, 0x00000005ba000000|100%| O|  |TAMS 0x00000005b9800000, 0x00000005ba000000| Untracked 
| 110|0x00000005ba000000, 0x00000005ba800000, 0x00000005ba800000|100%| O|  |TAMS 0x00000005ba000000, 0x00000005ba800000| Untracked 
| 111|0x00000005ba800000, 0x00000005bb000000, 0x00000005bb000000|100%| O|  |TAMS 0x00000005ba800000, 0x00000005bb000000| Untracked 
| 112|0x00000005bb000000, 0x00000005bb800000, 0x00000005bb800000|100%| O|  |TAMS 0x00000005bb000000, 0x00000005bb800000| Untracked 
| 113|0x00000005bb800000, 0x00000005bc000000, 0x00000005bc000000|100%| O|  |TAMS 0x00000005bb800000, 0x00000005bc000000| Untracked 
| 114|0x00000005bc000000, 0x00000005bc800000, 0x00000005bc800000|100%| O|  |TAMS 0x00000005bc000000, 0x00000005bc800000| Untracked 
| 115|0x00000005bc800000, 0x00000005bd000000, 0x00000005bd000000|100%| O|  |TAMS 0x00000005bc800000, 0x00000005bd000000| Untracked 
| 116|0x00000005bd000000, 0x00000005bd800000, 0x00000005bd800000|100%| O|  |TAMS 0x00000005bd000000, 0x00000005bd800000| Untracked 
| 117|0x00000005bd800000, 0x00000005be000000, 0x00000005be000000|100%| O|  |TAMS 0x00000005bd800000, 0x00000005be000000| Untracked 
| 118|0x00000005be000000, 0x00000005be800000, 0x00000005be800000|100%| O|  |TAMS 0x00000005be000000, 0x00000005be800000| Untracked 
| 119|0x00000005be800000, 0x00000005bf000000, 0x00000005bf000000|100%| O|  |TAMS 0x00000005be800000, 0x00000005bef90600| Untracked 
| 120|0x00000005bf000000, 0x00000005bf800000, 0x00000005bf800000|100%| O|  |TAMS 0x00000005bf000000, 0x00000005bf000000| Untracked 
| 121|0x00000005bf800000, 0x00000005c0000000, 0x00000005c0000000|100%| O|  |TAMS 0x00000005bf800000, 0x00000005bf800000| Untracked 
| 122|0x00000005c0000000, 0x00000005c0800000, 0x00000005c0800000|100%| O|  |TAMS 0x00000005c0000000, 0x00000005c0000000| Untracked 
| 123|0x00000005c0800000, 0x00000005c1000000, 0x00000005c1000000|100%| O|  |TAMS 0x00000005c0800000, 0x00000005c0800000| Untracked 
| 124|0x00000005c1000000, 0x00000005c1800000, 0x00000005c1800000|100%| O|  |TAMS 0x00000005c1000000, 0x00000005c1000000| Untracked 
| 125|0x00000005c1800000, 0x00000005c2000000, 0x00000005c2000000|100%| O|  |TAMS 0x00000005c1800000, 0x00000005c1800000| Untracked 
| 126|0x00000005c2000000, 0x00000005c2800000, 0x00000005c2800000|100%| O|  |TAMS 0x00000005c2000000, 0x00000005c2000000| Untracked 
| 127|0x00000005c2800000, 0x00000005c3000000, 0x00000005c3000000|100%| O|  |TAMS 0x00000005c2800000, 0x00000005c2800000| Untracked 
| 128|0x00000005c3000000, 0x00000005c3800000, 0x00000005c3800000|100%| O|  |TAMS 0x00000005c3000000, 0x00000005c3000000| Untracked 
| 129|0x00000005c3800000, 0x00000005c4000000, 0x00000005c4000000|100%| O|  |TAMS 0x00000005c3800000, 0x00000005c3800000| Untracked 
| 130|0x00000005c4000000, 0x00000005c4800000, 0x00000005c4800000|100%| O|  |TAMS 0x00000005c4000000, 0x00000005c4000000| Untracked 
| 131|0x00000005c4800000, 0x00000005c5000000, 0x00000005c5000000|100%| O|  |TAMS 0x00000005c4800000, 0x00000005c4800000| Untracked 
| 132|0x00000005c5000000, 0x00000005c5800000, 0x00000005c5800000|100%| O|  |TAMS 0x00000005c5000000, 0x00000005c5000000| Untracked 
| 133|0x00000005c5800000, 0x00000005c6000000, 0x00000005c6000000|100%| O|  |TAMS 0x00000005c5800000, 0x00000005c5800000| Untracked 
| 134|0x00000005c6000000, 0x00000005c6800000, 0x00000005c6800000|100%| O|  |TAMS 0x00000005c6000000, 0x00000005c6000000| Untracked 
| 135|0x00000005c6800000, 0x00000005c7000000, 0x00000005c7000000|100%| O|  |TAMS 0x00000005c6800000, 0x00000005c6800000| Untracked 
| 136|0x00000005c7000000, 0x00000005c7800000, 0x00000005c7800000|100%| O|  |TAMS 0x00000005c7000000, 0x00000005c7000000| Untracked 
| 137|0x00000005c7800000, 0x00000005c8000000, 0x00000005c8000000|100%| O|  |TAMS 0x00000005c7800000, 0x00000005c7800000| Untracked 
| 138|0x00000005c8000000, 0x00000005c8800000, 0x00000005c8800000|100%| O|  |TAMS 0x00000005c8000000, 0x00000005c8000000| Untracked 
| 139|0x00000005c8800000, 0x00000005c9000000, 0x00000005c9000000|100%| O|  |TAMS 0x00000005c8800000, 0x00000005c8800000| Untracked 
| 140|0x00000005c9000000, 0x00000005c9800000, 0x00000005c9800000|100%| O|  |TAMS 0x00000005c9000000, 0x00000005c9000000| Untracked 
| 141|0x00000005c9800000, 0x00000005ca000000, 0x00000005ca000000|100%| O|  |TAMS 0x00000005c9800000, 0x00000005c9800000| Untracked 
| 142|0x00000005ca000000, 0x00000005ca800000, 0x00000005ca800000|100%| O|  |TAMS 0x00000005ca000000, 0x00000005ca000000| Untracked 
| 143|0x00000005ca800000, 0x00000005cb000000, 0x00000005cb000000|100%| O|  |TAMS 0x00000005ca800000, 0x00000005ca800000| Untracked 
| 144|0x00000005cb000000, 0x00000005cb56fa00, 0x00000005cb800000| 67%| O|  |TAMS 0x00000005cb000000, 0x00000005cb000000| Untracked 
| 145|0x00000005cb800000, 0x00000005cb800000, 0x00000005cc000000|  0%| F|  |TAMS 0x00000005cb800000, 0x00000005cb800000| Untracked 
| 146|0x00000005cc000000, 0x00000005cc000000, 0x00000005cc800000|  0%| F|  |TAMS 0x00000005cc000000, 0x00000005cc000000| Untracked 
| 147|0x00000005cc800000, 0x00000005cc800000, 0x00000005cd000000|  0%| F|  |TAMS 0x00000005cc800000, 0x00000005cc800000| Untracked 
| 148|0x00000005cd000000, 0x00000005cd000000, 0x00000005cd800000|  0%| F|  |TAMS 0x00000005cd000000, 0x00000005cd000000| Untracked 
| 149|0x00000005cd800000, 0x00000005cd800000, 0x00000005ce000000|  0%| F|  |TAMS 0x00000005cd800000, 0x00000005cd800000| Untracked 
| 150|0x00000005ce000000, 0x00000005ce000000, 0x00000005ce800000|  0%| F|  |TAMS 0x00000005ce000000, 0x00000005ce000000| Untracked 
| 151|0x00000005ce800000, 0x00000005ce800000, 0x00000005cf000000|  0%| F|  |TAMS 0x00000005ce800000, 0x00000005ce800000| Untracked 
| 152|0x00000005cf000000, 0x00000005cf000000, 0x00000005cf800000|  0%| F|  |TAMS 0x00000005cf000000, 0x00000005cf000000| Untracked 
| 153|0x00000005cf800000, 0x00000005cf800000, 0x00000005d0000000|  0%| F|  |TAMS 0x00000005cf800000, 0x00000005cf800000| Untracked 
| 154|0x00000005d0000000, 0x00000005d0000000, 0x00000005d0800000|  0%| F|  |TAMS 0x00000005d0000000, 0x00000005d0000000| Untracked 
| 155|0x00000005d0800000, 0x00000005d0800000, 0x00000005d1000000|  0%| F|  |TAMS 0x00000005d0800000, 0x00000005d0800000| Untracked 
| 156|0x00000005d1000000, 0x00000005d1000000, 0x00000005d1800000|  0%| F|  |TAMS 0x00000005d1000000, 0x00000005d1000000| Untracked 
| 157|0x00000005d1800000, 0x00000005d1800000, 0x00000005d2000000|  0%| F|  |TAMS 0x00000005d1800000, 0x00000005d1800000| Untracked 
| 158|0x00000005d2000000, 0x00000005d2000000, 0x00000005d2800000|  0%| F|  |TAMS 0x00000005d2000000, 0x00000005d2000000| Untracked 
| 159|0x00000005d2800000, 0x00000005d2800000, 0x00000005d3000000|  0%| F|  |TAMS 0x00000005d2800000, 0x00000005d2800000| Untracked 
| 160|0x00000005d3000000, 0x00000005d3000000, 0x00000005d3800000|  0%| F|  |TAMS 0x00000005d3000000, 0x00000005d3000000| Untracked 
| 161|0x00000005d3800000, 0x00000005d3800000, 0x00000005d4000000|  0%| F|  |TAMS 0x00000005d3800000, 0x00000005d3800000| Untracked 
| 162|0x00000005d4000000, 0x00000005d4000000, 0x00000005d4800000|  0%| F|  |TAMS 0x00000005d4000000, 0x00000005d4000000| Untracked 
| 163|0x00000005d4800000, 0x00000005d4800000, 0x00000005d5000000|  0%| F|  |TAMS 0x00000005d4800000, 0x00000005d4800000| Untracked 
| 164|0x00000005d5000000, 0x00000005d5000000, 0x00000005d5800000|  0%| F|  |TAMS 0x00000005d5000000, 0x00000005d5000000| Untracked 
| 165|0x00000005d5800000, 0x00000005d5800000, 0x00000005d6000000|  0%| F|  |TAMS 0x00000005d5800000, 0x00000005d5800000| Untracked 
| 166|0x00000005d6000000, 0x00000005d6000000, 0x00000005d6800000|  0%| F|  |TAMS 0x00000005d6000000, 0x00000005d6000000| Untracked 
| 167|0x00000005d6800000, 0x00000005d7000000, 0x00000005d7000000|100%| S|CS|TAMS 0x00000005d6800000, 0x00000005d6800000| Complete 
| 168|0x00000005d7000000, 0x00000005d7000000, 0x00000005d7800000|  0%| F|  |TAMS 0x00000005d7000000, 0x00000005d7000000| Untracked 
| 169|0x00000005d7800000, 0x00000005d7800000, 0x00000005d8000000|  0%| F|  |TAMS 0x00000005d7800000, 0x00000005d7800000| Untracked 
| 170|0x00000005d8000000, 0x00000005d8000000, 0x00000005d8800000|  0%| F|  |TAMS 0x00000005d8000000, 0x00000005d8000000| Untracked 
| 171|0x00000005d8800000, 0x00000005d8800000, 0x00000005d9000000|  0%| F|  |TAMS 0x00000005d8800000, 0x00000005d8800000| Untracked 
| 172|0x00000005d9000000, 0x00000005d9000000, 0x00000005d9800000|  0%| F|  |TAMS 0x00000005d9000000, 0x00000005d9000000| Untracked 
| 173|0x00000005d9800000, 0x00000005d9800000, 0x00000005da000000|  0%| F|  |TAMS 0x00000005d9800000, 0x00000005d9800000| Untracked 

Card table byte_map: [0x000001f54f3f0000,0x000001f5507e0000] _byte_map_base: 0x000001f54c7d8000

Marking Bits (Prev, Next): (CMBitMap*) 0x000001f5358e3800, (CMBitMap*) 0x000001f5358e37c0
 Prev Bits: [0x000001f55bb10000, 0x000001f565a50000)
 Next Bits: [0x000001f551bd0000, 0x000001f55bb10000)

Polling page: 0x000001f5358f0000

Metaspace:

Usage:
  Non-class:     86.62 MB used.
      Class:     13.54 MB used.
       Both:    100.15 MB used.

Virtual space:
  Non-class space:      128.00 MB reserved,      87.00 MB ( 68%) committed,  2 nodes.
      Class space:        1.00 GB reserved,      13.88 MB (  1%) committed,  1 nodes.
             Both:        1.12 GB reserved,     100.88 MB (  9%) committed. 

Chunk freelists:
   Non-Class:  8.42 MB
       Class:  2.00 MB
        Both:  10.42 MB

MaxMetaspaceSize: unlimited
CompressedClassSpaceSize: 1.00 GB
Initial GC threshold: 21.00 MB
Current GC threshold: 168.12 MB
CDS: on
MetaspaceReclaimPolicy: balanced
 - commit_granule_bytes: 65536.
 - commit_granule_words: 8192.
 - virtual_space_node_default_size: 8388608.
 - enlarge_chunks_in_place: 1.
 - new_chunks_are_fully_committed: 0.
 - uncommit_free_chunks: 1.
 - use_allocation_guard: 0.
 - handle_deallocations: 1.


Internal statistics:

num_allocs_failed_limit: 12.
num_arena_births: 1130.
num_arena_deaths: 8.
num_vsnodes_births: 3.
num_vsnodes_deaths: 0.
num_space_committed: 1614.
num_space_uncommitted: 0.
num_chunks_returned_to_freelist: 24.
num_chunks_taken_from_freelist: 4903.
num_chunk_merges: 12.
num_chunk_splits: 3431.
num_chunks_enlarged: 2564.
num_inconsistent_stats: 0.

CodeHeap 'non-profiled nmethods': size=120000Kb used=8212Kb max_used=8511Kb free=111787Kb
 bounds [0x000001f546070000, 0x000001f5468e0000, 0x000001f54d5a0000]
CodeHeap 'profiled nmethods': size=120000Kb used=17705Kb max_used=18588Kb free=102294Kb
 bounds [0x000001f53e5a0000, 0x000001f53f7d0000, 0x000001f545ad0000]
CodeHeap 'non-nmethods': size=5760Kb used=1439Kb max_used=1505Kb free=4320Kb
 bounds [0x000001f545ad0000, 0x000001f545d40000, 0x000001f546070000]
 total_blobs=10177 nmethods=9405 adapters=683
 compilation: enabled
              stopped_count=0, restarted_count=0
 full_count=0

Compilation events (20 events):
Event: 130.553 Thread 0x000001f565c8e4c0 11797       3       java.lang.management.MemoryUsage::<init> (41 bytes)
Event: 130.556 Thread 0x000001f565c8e4c0 nmethod 11797 0x000001f53efaa710 code [0x000001f53efaa9e0, 0x000001f53efaba88]
Event: 130.556 Thread 0x000001f565c8e4c0 11798       3       io.micrometer.core.instrument.Tags::iterator (10 bytes)
Event: 130.556 Thread 0x000001f565c8e4c0 nmethod 11798 0x000001f53efaa110 code [0x000001f53efaa2c0, 0x000001f53efaa5b8]
Event: 130.556 Thread 0x000001f565c8e4c0 11799       3       io.micrometer.core.instrument.Tags$ArrayIterator::<init> (6 bytes)
Event: 130.556 Thread 0x000001f565c8e4c0 nmethod 11799 0x000001f53f5aa490 code [0x000001f53f5aa640, 0x000001f53f5aa878]
Event: 130.556 Thread 0x000001f565c8e4c0 11800       3       io.micrometer.core.instrument.Tags$ArrayIterator::<init> (15 bytes)
Event: 130.557 Thread 0x000001f565c8e4c0 nmethod 11800 0x000001f53f5aa010 code [0x000001f53f5aa1a0, 0x000001f53f5aa378]
Event: 130.904 Thread 0x000001f565c8e4c0 11801       3       java.io.ObjectInputStream::readInt (8 bytes)
Event: 130.905 Thread 0x000001f565c8e4c0 nmethod 11801 0x000001f53e9a2c90 code [0x000001f53e9a2e40, 0x000001f53e9a2fa8]
Event: 130.905 Thread 0x000001f565c8e4c0 11802   !   3       sun.rmi.transport.StreamRemoteCall::releaseInputStream (62 bytes)
Event: 130.905 Thread 0x000001f565c8e4c0 nmethod 11802 0x000001f53f5a9790 code [0x000001f53f5a9960, 0x000001f53f5a9da8]
Event: 130.905 Thread 0x000001f565c8e4c0 11803       3       sun.rmi.transport.tcp.TCPConnection::releaseInputStream (1 bytes)
Event: 130.905 Thread 0x000001f565c8e4c0 nmethod 11803 0x000001f53efa9d90 code [0x000001f53efa9f20, 0x000001f53efaa038]
Event: 130.905 Thread 0x000001f565c8e4c0 11804       3       sun.rmi.transport.Transport::setContextClassLoader (14 bytes)
Event: 130.906 Thread 0x000001f565c8e4c0 nmethod 11804 0x000001f53f5a8710 code [0x000001f53f5a8960, 0x000001f53f5a92c8]
Event: 130.906 Thread 0x000001f565c8e4c0 11805       3       sun.rmi.transport.Transport$$Lambda$199/0x000001f56a0b1330::<init> (10 bytes)
Event: 130.906 Thread 0x000001f565c8e4c0 nmethod 11805 0x000001f53f604f10 code [0x000001f53f6050a0, 0x000001f53f605258]
Event: 130.907 Thread 0x000001f565c8e4c0 11806       3       sun.rmi.transport.Transport$$Lambda$199/0x000001f56a0b1330::run (8 bytes)
Event: 130.907 Thread 0x000001f565c8e4c0 nmethod 11806 0x000001f53f604a10 code [0x000001f53f604bc0, 0x000001f53f604e28]

GC Heap History (20 events):
Event: 119.438 GC heap after
{Heap after GC invocations=35 (full 0):
 garbage-first heap   total 548864K, used 251121K [0x0000000583000000, 0x0000000800000000)
  region size 8192K, 4 young (32768K), 4 survivors (32768K)
 Metaspace       used 101568K, committed 102336K, reserved 1179648K
  class space    used 13730K, committed 14080K, reserved 1048576K
}
Event: 121.462 GC heap before
{Heap before GC invocations=35 (full 0):
 garbage-first heap   total 548864K, used 390385K [0x0000000583000000, 0x0000000800000000)
  region size 8192K, 21 young (172032K), 4 survivors (32768K)
 Metaspace       used 102488K, committed 103296K, reserved 1179648K
  class space    used 13850K, committed 14208K, reserved 1048576K
}
Event: 121.571 GC heap after
{Heap after GC invocations=36 (full 0):
 garbage-first heap   total 548864K, used 330805K [0x0000000583000000, 0x0000000800000000)
  region size 8192K, 3 young (24576K), 3 survivors (24576K)
 Metaspace       used 102488K, committed 103296K, reserved 1179648K
  class space    used 13850K, committed 14208K, reserved 1048576K
}
Event: 122.422 GC heap before
{Heap before GC invocations=36 (full 0):
 garbage-first heap   total 548864K, used 404533K [0x0000000583000000, 0x0000000800000000)
  region size 8192K, 12 young (98304K), 3 survivors (24576K)
 Metaspace       used 102533K, committed 103296K, reserved 1179648K
  class space    used 13862K, committed 14208K, reserved 1048576K
}
Event: 122.483 GC heap after
{Heap after GC invocations=37 (full 0):
 garbage-first heap   total 548864K, used 396510K [0x0000000583000000, 0x0000000800000000)
  region size 8192K, 2 young (16384K), 2 survivors (16384K)
 Metaspace       used 102533K, committed 103296K, reserved 1179648K
  class space    used 13862K, committed 14208K, reserved 1048576K
}
Event: 122.805 GC heap before
{Heap before GC invocations=37 (full 0):
 garbage-first heap   total 729088K, used 429278K [0x0000000583000000, 0x0000000800000000)
  region size 8192K, 6 young (49152K), 2 survivors (16384K)
 Metaspace       used 102533K, committed 103296K, reserved 1179648K
  class space    used 13862K, committed 14208K, reserved 1048576K
}
Event: 122.851 GC heap after
{Heap after GC invocations=38 (full 0):
 garbage-first heap   total 1212416K, used 427653K [0x0000000583000000, 0x0000000800000000)
  region size 8192K, 1 young (8192K), 1 survivors (8192K)
 Metaspace       used 102533K, committed 103296K, reserved 1179648K
  class space    used 13862K, committed 14208K, reserved 1048576K
}
Event: 125.054 GC heap before
{Heap before GC invocations=39 (full 0):
 garbage-first heap   total 1212416K, used 697989K [0x0000000583000000, 0x0000000800000000)
  region size 8192K, 34 young (278528K), 1 survivors (8192K)
 Metaspace       used 102533K, committed 103296K, reserved 1179648K
  class space    used 13862K, committed 14208K, reserved 1048576K
}
Event: 125.191 GC heap after
{Heap after GC invocations=40 (full 0):
 garbage-first heap   total 1212416K, used 654683K [0x0000000583000000, 0x0000000800000000)
  region size 8192K, 5 young (40960K), 5 survivors (40960K)
 Metaspace       used 102533K, committed 103296K, reserved 1179648K
  class space    used 13862K, committed 14208K, reserved 1048576K
}
Event: 126.328 GC heap before
{Heap before GC invocations=40 (full 0):
 garbage-first heap   total 1212416K, used 810331K [0x0000000583000000, 0x0000000800000000)
  region size 8192K, 24 young (196608K), 5 survivors (40960K)
 Metaspace       used 102538K, committed 103296K, reserved 1179648K
  class space    used 13862K, committed 14208K, reserved 1048576K
}
Event: 126.453 GC heap after
{Heap after GC invocations=41 (full 0):
 garbage-first heap   total 1212416K, used 794624K [0x0000000583000000, 0x0000000800000000)
  region size 8192K, 3 young (24576K), 3 survivors (24576K)
 Metaspace       used 102538K, committed 103296K, reserved 1179648K
  class space    used 13862K, committed 14208K, reserved 1048576K
}
Event: 127.676 GC heap before
{Heap before GC invocations=41 (full 0):
 garbage-first heap   total 1425408K, used 892928K [0x0000000583000000, 0x0000000800000000)
  region size 8192K, 15 young (122880K), 3 survivors (24576K)
 Metaspace       used 102542K, committed 103296K, reserved 1179648K
  class space    used 13862K, committed 14208K, reserved 1048576K
}
Event: 127.771 GC heap after
{Heap after GC invocations=42 (full 0):
 garbage-first heap   total 1425408K, used 892042K [0x0000000583000000, 0x0000000800000000)
  region size 8192K, 2 young (16384K), 2 survivors (16384K)
 Metaspace       used 102542K, committed 103296K, reserved 1179648K
  class space    used 13862K, committed 14208K, reserved 1048576K
}
Event: 128.968 GC heap before
{Heap before GC invocations=43 (full 0):
 garbage-first heap   total 1425408K, used 1023114K [0x0000000583000000, 0x0000000800000000)
  region size 8192K, 18 young (147456K), 2 survivors (16384K)
 Metaspace       used 102543K, committed 103296K, reserved 1179648K
  class space    used 13862K, committed 14208K, reserved 1048576K
}
Event: 129.060 GC heap after
{Heap after GC invocations=44 (full 0):
 garbage-first heap   total 1425408K, used 1007169K [0x0000000583000000, 0x0000000800000000)
  region size 8192K, 3 young (24576K), 3 survivors (24576K)
 Metaspace       used 102543K, committed 103296K, reserved 1179648K
  class space    used 13862K, committed 14208K, reserved 1048576K
}
Event: 129.818 GC heap before
{Heap before GC invocations=44 (full 0):
 garbage-first heap   total 1425408K, used 1089089K [0x0000000583000000, 0x0000000800000000)
  region size 8192K, 13 young (106496K), 3 survivors (24576K)
 Metaspace       used 102544K, committed 103296K, reserved 1179648K
  class space    used 13862K, committed 14208K, reserved 1048576K
}
Event: 129.893 GC heap after
{Heap after GC invocations=45 (full 0):
 garbage-first heap   total 1425408K, used 1088898K [0x0000000583000000, 0x0000000800000000)
  region size 8192K, 2 young (16384K), 2 survivors (16384K)
 Metaspace       used 102544K, committed 103296K, reserved 1179648K
  class space    used 13862K, committed 14208K, reserved 1048576K
}
Event: 130.496 GC heap before
{Heap before GC invocations=45 (full 0):
 garbage-first heap   total 1425408K, used 1146242K [0x0000000583000000, 0x0000000800000000)
  region size 8192K, 9 young (73728K), 2 survivors (16384K)
 Metaspace       used 102552K, committed 103296K, reserved 1179648K
  class space    used 13862K, committed 14208K, reserved 1048576K
}
Event: 130.544 GC heap after
{Heap after GC invocations=46 (full 0):
 garbage-first heap   total 1425408K, used 1146850K [0x0000000583000000, 0x0000000800000000)
  region size 8192K, 2 young (16384K), 2 survivors (16384K)
 Metaspace       used 102552K, committed 103296K, reserved 1179648K
  class space    used 13862K, committed 14208K, reserved 1048576K
}
Event: 131.079 GC heap before
{Heap before GC invocations=46 (full 0):
 garbage-first heap   total 1425408K, used 1196002K [0x0000000583000000, 0x0000000800000000)
  region size 8192K, 8 young (65536K), 2 survivors (16384K)
 Metaspace       used 102558K, committed 103296K, reserved 1179648K
  class space    used 13862K, committed 14208K, reserved 1048576K
}

Deoptimization events (20 events):
Event: 121.651 Thread 0x000001f5b5067410 Uncommon trap: trap_request=0xffffffc6 fr.pc=0x000001f54681c2a0 relative=0x00000000000015e0
Event: 121.651 Thread 0x000001f5b5067410 Uncommon trap: reason=bimorphic_or_optimized_type_check action=maybe_recompile pc=0x000001f54681c2a0 method=org.apache.xmlbeans.impl.values.XmlObjectBase.get_attributeflags(Ljavax/xml/namespace/QName;)I @ 10 c2
Event: 121.651 Thread 0x000001f5b5067410 DEOPT PACKING pc=0x000001f54681c2a0 sp=0x00000038d5efb540
Event: 121.651 Thread 0x000001f5b5067410 DEOPT UNPACKING pc=0x000001f545b25ba3 sp=0x00000038d5efb490 mode 2
Event: 121.651 Thread 0x000001f5b5067410 Uncommon trap: trap_request=0xffffffc6 fr.pc=0x000001f546772b4c relative=0x00000000000020ec
Event: 121.651 Thread 0x000001f5b5067410 Uncommon trap: reason=bimorphic_or_optimized_type_check action=maybe_recompile pc=0x000001f546772b4c method=org.apache.xmlbeans.impl.values.XmlObjectBase.get_wscanon_text()Ljava/lang/String; @ 30 c2
Event: 121.651 Thread 0x000001f5b5067410 DEOPT PACKING pc=0x000001f546772b4c sp=0x00000038d5efb630
Event: 121.651 Thread 0x000001f5b5067410 DEOPT UNPACKING pc=0x000001f545b25ba3 sp=0x00000038d5efb570 mode 2
Event: 121.654 Thread 0x000001f5b5067410 Uncommon trap: trap_request=0xffffff45 fr.pc=0x000001f54685b3f8 relative=0x0000000000001a58
Event: 121.654 Thread 0x000001f5b5067410 Uncommon trap: reason=unstable_if action=reinterpret pc=0x000001f54685b3f8 method=com.sun.org.apache.xerces.internal.impl.XMLDocumentFragmentScannerImpl$FragmentContentDriver.next()I @ 880 c2
Event: 121.654 Thread 0x000001f5b5067410 DEOPT PACKING pc=0x000001f54685b3f8 sp=0x00000038d5efafb0
Event: 121.654 Thread 0x000001f5b5067410 DEOPT UNPACKING pc=0x000001f545b25ba3 sp=0x00000038d5efaf78 mode 2
Event: 123.942 Thread 0x000001f5b5067410 Uncommon trap: trap_request=0xffffff45 fr.pc=0x000001f5468adba0 relative=0x0000000000000c20
Event: 123.942 Thread 0x000001f5b5067410 Uncommon trap: reason=unstable_if action=reinterpret pc=0x000001f5468adba0 method=org.apache.xmlbeans.impl.store.CharUtil.saveChars(Ljava/lang/Object;IILjava/lang/Object;II)Ljava/lang/Object; @ 126 c2
Event: 123.942 Thread 0x000001f5b5067410 DEOPT PACKING pc=0x000001f5468adba0 sp=0x00000038d5efad50
Event: 123.942 Thread 0x000001f5b5067410 DEOPT UNPACKING pc=0x000001f545b25ba3 sp=0x00000038d5eface0 mode 2
Event: 130.102 Thread 0x000001f5b1598770 Uncommon trap: trap_request=0xffffffde fr.pc=0x000001f5467ea440 relative=0x00000000000000a0
Event: 130.102 Thread 0x000001f5b1598770 Uncommon trap: reason=class_check action=maybe_recompile pc=0x000001f5467ea440 method=java.util.zip.InflaterInputStream.read()I @ 11 c2
Event: 130.102 Thread 0x000001f5b1598770 DEOPT PACKING pc=0x000001f5467ea440 sp=0x00000038d22fe990
Event: 130.102 Thread 0x000001f5b1598770 DEOPT UNPACKING pc=0x000001f545b25ba3 sp=0x00000038d22fe918 mode 2

Classes unloaded (4 events):
Event: 70.159 Thread 0x000001f565c6aa20 Unloading class 0x000001f56aa84c00 'jdk/internal/reflect/GeneratedSerializationConstructorAccessor29'
Event: 70.159 Thread 0x000001f565c6aa20 Unloading class 0x000001f56aa6d800 'jdk/internal/reflect/GeneratedSerializationConstructorAccessor28'
Event: 70.159 Thread 0x000001f565c6aa20 Unloading class 0x000001f56aa6c400 'jdk/internal/reflect/GeneratedSerializationConstructorAccessor27'
Event: 70.159 Thread 0x000001f565c6aa20 Unloading class 0x000001f56a99c800 'jdk/internal/reflect/GeneratedSerializationConstructorAccessor26'

Classes redefined (0 events):
No events

Internal exceptions (20 events):
Event: 39.407 Thread 0x000001f5b5063a50 Exception <a 'java/lang/ClassNotFoundException'{0x0000000588e710d8}: org/springframework/boot/actuate/endpoint/jmx/DataEndpointMBean> (0x0000000588e710d8) 
thrown [s\open\src\hotspot\share\classfile\systemDictionary.cpp, line 256]
Event: 39.408 Thread 0x000001f5b5063a50 Exception <a 'java/lang/ClassNotFoundException'{0x0000000588e71490}: org/springframework/context/support/LiveBeansView> (0x0000000588e71490) 
thrown [s\open\src\hotspot\share\classfile\systemDictionary.cpp, line 256]
Event: 39.419 Thread 0x000001f5b5063a50 Exception <a 'java/lang/NoSuchMethodError'{0x0000000588f3ae70}: 'double java.lang.invoke.DirectMethodHandle$Holder.invokeInterface(java.lang.Object, java.lang.Object)'> (0x0000000588f3ae70) 
thrown [s\open\src\hotspot\share\interpreter\linkResolver.cpp, line 759]
Event: 46.687 Thread 0x000001f5b5067410 Exception <a 'java/lang/NoSuchMethodError'{0x00000005aaf990a8}: 'java.lang.Object java.lang.invoke.DirectMethodHandle$Holder.invokeSpecial(java.lang.Object, java.lang.Object, java.lang.Object, java.lang.Object, java.lang.Object, long)'> (0x00000005aaf990a8) 
thrown [s\open\src\hotspot\share\interpreter\linkResolver.cpp, line 759]
Event: 46.687 Thread 0x000001f5b5067410 Exception <a 'java/lang/NoSuchMethodError'{0x00000005aaf9caa0}: 'java.lang.Object java.lang.invoke.Invokers$Holder.linkToTargetMethod(java.lang.Object, java.lang.Object, java.lang.Object, long, java.lang.Object)'> (0x00000005aaf9caa0) 
thrown [s\open\src\hotspot\share\interpreter\linkResolver.cpp, line 759]
Event: 46.873 Thread 0x000001f5b5067410 Exception <a 'java/lang/NoSuchMethodError'{0x00000005a941b0e8}: 'java.lang.Object java.lang.invoke.DirectMethodHandle$Holder.invokeInterface(java.lang.Object, java.lang.Object, java.lang.Object, java.lang.Object)'> (0x00000005a941b0e8) 
thrown [s\open\src\hotspot\share\interpreter\linkResolver.cpp, line 759]
Event: 47.075 Thread 0x000001f5b5067410 Exception <a 'java/lang/IncompatibleClassChangeError'{0x00000005888acc78}: Found class java.lang.Object, but interface was expected> (0x00000005888acc78) 
thrown [s\open\src\hotspot\share\interpreter\linkResolver.cpp, line 826]
Event: 47.084 Thread 0x000001f5b5067410 Exception <a 'java/lang/NoSuchMethodError'{0x00000005888dda50}: 'java.lang.Object java.lang.invoke.DirectMethodHandle$Holder.newInvokeSpecial(java.lang.Object, java.lang.Object, java.lang.Object, long)'> (0x00000005888dda50) 
thrown [s\open\src\hotspot\share\interpreter\linkResolver.cpp, line 759]
Event: 47.085 Thread 0x000001f5b5067410 Exception <a 'java/lang/NoSuchMethodError'{0x00000005888e1fe0}: 'java.lang.Object java.lang.invoke.DirectMethodHandle$Holder.invokeSpecial(java.lang.Object, java.lang.Object, java.lang.Object, java.lang.Object, long)'> (0x00000005888e1fe0) 
thrown [s\open\src\hotspot\share\interpreter\linkResolver.cpp, line 759]
Event: 47.085 Thread 0x000001f5b5067410 Exception <a 'java/lang/NoSuchMethodError'{0x00000005888e5ec8}: 'java.lang.Object java.lang.invoke.Invokers$Holder.linkToTargetMethod(java.lang.Object, java.lang.Object, long, java.lang.Object)'> (0x00000005888e5ec8) 
thrown [s\open\src\hotspot\share\interpreter\linkResolver.cpp, line 759]
Event: 115.779 Thread 0x000001f5b5067410 Exception <a 'java/lang/NoSuchMethodError'{0x00000005aa8e7008}: 'void java.lang.invoke.DirectMethodHandle$Holder.invokeVirtual(java.lang.Object, java.lang.Object, java.lang.Object, int)'> (0x00000005aa8e7008) 
thrown [s\open\src\hotspot\share\interpreter\linkResolver.cpp, line 759]
Event: 115.862 Thread 0x000001f5b5067410 Exception <a 'java/lang/NoSuchMethodError'{0x00000005aa9252a0}: 'void java.lang.invoke.DirectMethodHandle$Holder.invokeStatic(java.lang.Object, java.lang.Object, java.lang.Object, int)'> (0x00000005aa9252a0) 
thrown [s\open\src\hotspot\share\interpreter\linkResolver.cpp, line 759]
Event: 115.870 Thread 0x000001f5b5067410 Exception <a 'java/lang/NoSuchMethodError'{0x00000005aa928f58}: 'void java.lang.invoke.DirectMethodHandle$Holder.invokeStaticInit(java.lang.Object, java.lang.Object, java.lang.Object, int)'> (0x00000005aa928f58) 
thrown [s\open\src\hotspot\share\interpreter\linkResolver.cpp, line 759]
Event: 116.177 Thread 0x000001f5b5067410 Exception <a 'java/lang/NoSuchMethodError'{0x00000005aad74be0}: 'java.lang.Object java.lang.invoke.DirectMethodHandle$Holder.invokeStatic(java.lang.Object, java.lang.Object, int, int)'> (0x00000005aad74be0) 
thrown [s\open\src\hotspot\share\interpreter\linkResolver.cpp, line 759]
Event: 116.177 Thread 0x000001f5b5067410 Exception <a 'java/lang/NoSuchMethodError'{0x00000005aad78b60}: 'java.lang.Object java.lang.invoke.DirectMethodHandle$Holder.invokeStaticInit(java.lang.Object, java.lang.Object, int, int)'> (0x00000005aad78b60) 
thrown [s\open\src\hotspot\share\interpreter\linkResolver.cpp, line 759]
Event: 117.686 Thread 0x000001f5b5067410 Implicit null exception at 0x000001f5467eee9f to 0x000001f5467ef870
Event: 120.033 Thread 0x000001f5b5067410 Implicit null exception at 0x000001f54688e8d6 to 0x000001f54688f39c
Event: 120.057 Thread 0x000001f5b5067410 Implicit null exception at 0x000001f546882132 to 0x000001f5468827c9
Event: 120.223 Thread 0x000001f5b5067410 Exception <a 'java/lang/NoSuchMethodError'{0x00000005a0938540}: 'java.lang.Object java.lang.invoke.DirectMethodHandle$Holder.invokeVirtual(java.lang.Object, java.lang.Object, int)'> (0x00000005a0938540) 
thrown [s\open\src\hotspot\share\interpreter\linkResolver.cpp, line 759]
Event: 120.228 Thread 0x000001f5b5067410 Exception <a 'java/lang/NoSuchMethodError'{0x00000005a093fcf8}: 'void java.lang.invoke.DirectMethodHandle$Holder.invokeVirtual(java.lang.Object, java.lang.Object, int, java.lang.Object)'> (0x00000005a093fcf8) 
thrown [s\open\src\hotspot\share\interpreter\linkResolver.cpp, line 759]

VM Operations (20 events):
Event: 125.035 Executing VM operation: Cleanup done
Event: 125.054 Executing VM operation: G1CollectForAllocation
Event: 125.191 Executing VM operation: G1CollectForAllocation done
Event: 126.205 Executing VM operation: Cleanup
Event: 126.205 Executing VM operation: Cleanup done
Event: 126.328 Executing VM operation: G1CollectForAllocation
Event: 126.453 Executing VM operation: G1CollectForAllocation done
Event: 127.228 Executing VM operation: G1Concurrent
Event: 127.237 Executing VM operation: G1Concurrent done
Event: 127.676 Executing VM operation: G1CollectForAllocation
Event: 127.771 Executing VM operation: G1CollectForAllocation done
Event: 127.816 Executing VM operation: G1Concurrent
Event: 127.833 Executing VM operation: G1Concurrent done
Event: 128.968 Executing VM operation: G1CollectForAllocation
Event: 129.060 Executing VM operation: G1CollectForAllocation done
Event: 129.818 Executing VM operation: G1CollectForAllocation
Event: 129.894 Executing VM operation: G1CollectForAllocation done
Event: 130.496 Executing VM operation: G1CollectForAllocation
Event: 130.544 Executing VM operation: G1CollectForAllocation done
Event: 131.079 Executing VM operation: G1CollectForAllocation

Events (20 events):
Event: 120.225 Thread 0x000001f5685ff020 flushing nmethod 0x000001f53f7b7310
Event: 120.225 Thread 0x000001f5685ff020 flushing nmethod 0x000001f53f7bf410
Event: 120.225 Thread 0x000001f5685ff020 flushing nmethod 0x000001f53f7c6810
Event: 120.225 Thread 0x000001f5685ff020 flushing nmethod 0x000001f53f7c7d90
Event: 120.225 Thread 0x000001f5685ff020 flushing nmethod 0x000001f53f7c8b90
Event: 120.242 loading class java/util/TreeMap$AscendingSubMap
Event: 120.242 loading class java/util/TreeMap$NavigableSubMap
Event: 120.242 loading class java/util/TreeMap$NavigableSubMap done
Event: 120.242 loading class java/util/TreeMap$AscendingSubMap done
Event: 120.243 loading class java/util/TreeMap$NavigableSubMap$SubMapKeyIterator
Event: 120.243 loading class java/util/TreeMap$NavigableSubMap$SubMapIterator
Event: 120.243 loading class java/util/TreeMap$NavigableSubMap$SubMapIterator done
Event: 120.243 loading class java/util/TreeMap$NavigableSubMap$SubMapKeyIterator done
Event: 120.444 Thread 0x000001f5686bc910 Thread exited: 0x000001f5686bc910
Event: 120.444 Thread 0x000001f5686bb9e0 Thread exited: 0x000001f5686bb9e0
Event: 120.551 Thread 0x000001f5686bbef0 Thread added: 0x000001f5686bbef0
Event: 120.551 Thread 0x000001f5686bc910 Thread added: 0x000001f5686bc910
Event: 122.512 Thread 0x000001f5686bc910 Thread exited: 0x000001f5686bc910
Event: 122.526 Thread 0x000001f5686bbef0 Thread exited: 0x000001f5686bbef0
Event: 125.536 Thread 0x000001f5aebd5820 Thread exited: 0x000001f5aebd5820


Dynamic libraries:
0x00007ff69dfb0000 - 0x00007ff69dfc0000 	C:\Program Files\Java\jdk-17\bin\java.exe
0x00007ffe15a40000 - 0x00007ffe15ca7000 	C:\Windows\SYSTEM32\ntdll.dll
0x00007ffe14500000 - 0x00007ffe145c9000 	C:\Windows\System32\KERNEL32.DLL
0x00007ffe13070000 - 0x00007ffe13460000 	C:\Windows\System32\KERNELBASE.dll
0x00007ffe12cc0000 - 0x00007ffe12e0b000 	C:\Windows\System32\ucrtbase.dll
0x00007ffdfac30000 - 0x00007ffdfac49000 	C:\Program Files\Java\jdk-17\bin\jli.dll
0x00007ffe137d0000 - 0x00007ffe13884000 	C:\Windows\System32\ADVAPI32.dll
0x00007ffe13d00000 - 0x00007ffe13da9000 	C:\Windows\System32\msvcrt.dll
0x00007ffe13f30000 - 0x00007ffe13fd6000 	C:\Windows\System32\sechost.dll
0x00007ffe14840000 - 0x00007ffe14958000 	C:\Windows\System32\RPCRT4.dll
0x00007ffe15540000 - 0x00007ffe15705000 	C:\Windows\System32\USER32.dll
0x00007ffe13040000 - 0x00007ffe13067000 	C:\Windows\System32\win32u.dll
0x00007ffe14800000 - 0x00007ffe1482b000 	C:\Windows\System32\GDI32.dll
0x00007ffe13510000 - 0x00007ffe13648000 	C:\Windows\System32\gdi32full.dll
0x00007ffe12f90000 - 0x00007ffe13033000 	C:\Windows\System32\msvcp_win.dll
0x00007ffdfac10000 - 0x00007ffdfac2b000 	C:\Program Files\Java\jdk-17\bin\VCRUNTIME140.dll
0x00007ffdf53d0000 - 0x00007ffdf566a000 	C:\Windows\WinSxS\amd64_microsoft.windows.common-controls_6595b64144ccf1df_6.0.26100.4768_none_3e0c112ce331287c\COMCTL32.dll
0x00007ffe02b20000 - 0x00007ffe02b2b000 	C:\Windows\SYSTEM32\VERSION.dll
0x00007ffe15910000 - 0x00007ffe1593f000 	C:\Windows\System32\IMM32.DLL
0x00007ffdfac70000 - 0x00007ffdfac7c000 	C:\Program Files\Java\jdk-17\bin\vcruntime140_1.dll
0x00007ffdba010000 - 0x00007ffdba09e000 	C:\Program Files\Java\jdk-17\bin\msvcp140.dll
0x00007ffd2db30000 - 0x00007ffd2e711000 	C:\Program Files\Java\jdk-17\bin\server\jvm.dll
0x00007ffe13b00000 - 0x00007ffe13b08000 	C:\Windows\System32\PSAPI.DLL
0x00007ffdc7ce0000 - 0x00007ffdc7cea000 	C:\Windows\SYSTEM32\WSOCK32.dll
0x00007ffe13a80000 - 0x00007ffe13af4000 	C:\Windows\System32\WS2_32.dll
0x00007ffdfc020000 - 0x00007ffdfc055000 	C:\Windows\SYSTEM32\WINMM.dll
0x00007ffe118b0000 - 0x00007ffe118cb000 	C:\Windows\SYSTEM32\kernel.appcore.dll
0x00007ffdfa9c0000 - 0x00007ffdfa9ca000 	C:\Program Files\Java\jdk-17\bin\jimage.dll
0x00007ffe10230000 - 0x00007ffe10471000 	C:\Windows\SYSTEM32\DBGHELP.DLL
0x00007ffe14040000 - 0x00007ffe143c5000 	C:\Windows\System32\combase.dll
0x00007ffe13e40000 - 0x00007ffe13f20000 	C:\Windows\System32\OLEAUT32.dll
0x00007ffdd8040000 - 0x00007ffdd8083000 	C:\Windows\SYSTEM32\dbgcore.DLL
0x00007ffe13470000 - 0x00007ffe13509000 	C:\Windows\System32\bcryptPrimitives.dll
0x00007ffde12c0000 - 0x00007ffde12e5000 	C:\Program Files\Java\jdk-17\bin\java.dll
0x00007ffd9f030000 - 0x00007ffd9f107000 	C:\Program Files\Java\jdk-17\bin\jsvml.dll
0x00007ffe14960000 - 0x00007ffe150ad000 	C:\Windows\System32\SHELL32.dll
0x00007ffe13650000 - 0x00007ffe137c3000 	C:\Windows\System32\wintypes.dll
0x00007ffe10710000 - 0x00007ffe10f70000 	C:\Windows\SYSTEM32\windows.storage.dll
0x00007ffe15710000 - 0x00007ffe15805000 	C:\Windows\System32\SHCORE.dll
0x00007ffe145e0000 - 0x00007ffe1464a000 	C:\Windows\System32\shlwapi.dll
0x00007ffe12a90000 - 0x00007ffe12ab9000 	C:\Windows\SYSTEM32\profapi.dll
0x00007ffdf84c0000 - 0x00007ffdf84d9000 	C:\Program Files\Java\jdk-17\bin\net.dll
0x00007ffdff340000 - 0x00007ffdff45e000 	C:\Windows\SYSTEM32\WINHTTP.dll
0x00007ffe11e20000 - 0x00007ffe11e8b000 	C:\Windows\system32\mswsock.dll
0x00007ffde1d80000 - 0x00007ffde1d96000 	C:\Program Files\Java\jdk-17\bin\nio.dll
0x00007ffde1cf0000 - 0x00007ffde1d08000 	C:\Program Files\Java\jdk-17\bin\zip.dll
0x00007ffdfa9b0000 - 0x00007ffdfa9ba000 	C:\Program Files\Java\jdk-17\bin\management.dll
0x00007ffdfa0b0000 - 0x00007ffdfa0bb000 	C:\Program Files\Java\jdk-17\bin\management_ext.dll
0x00007ffdcd1b0000 - 0x00007ffdcd1c8000 	C:\Windows\system32\napinsp.dll
0x00007ffdc7310000 - 0x00007ffdc7330000 	C:\Windows\system32\wshbth.dll
0x00007ffd82a30000 - 0x00007ffd82a60000 	C:\Windows\system32\nlansp_c.dll
0x00007ffe11330000 - 0x00007ffe11456000 	C:\Windows\SYSTEM32\DNSAPI.dll
0x00007ffe112a0000 - 0x00007ffe112d3000 	C:\Windows\SYSTEM32\IPHLPAPI.DLL
0x00007ffe15950000 - 0x00007ffe1595a000 	C:\Windows\System32\NSI.dll
0x00007ffd82a10000 - 0x00007ffd82a22000 	C:\Windows\System32\winrnr.dll
0x00007ffe02b10000 - 0x00007ffe02b1b000 	C:\Windows\System32\rasadhlp.dll
0x00007ffdffc90000 - 0x00007ffdffd16000 	C:\Windows\System32\fwpuclnt.dll
0x00007ffe12200000 - 0x00007ffe1221b000 	C:\Windows\SYSTEM32\CRYPTSP.dll
0x00007ffe11810000 - 0x00007ffe1184b000 	C:\Windows\system32\rsaenh.dll
0x00007ffe11ec0000 - 0x00007ffe11eeb000 	C:\Windows\SYSTEM32\USERENV.dll
0x00007ffe12a60000 - 0x00007ffe12a86000 	C:\Windows\SYSTEM32\bcrypt.dll
0x00007ffe12060000 - 0x00007ffe1206c000 	C:\Windows\SYSTEM32\CRYPTBASE.dll
0x00007ffdffaa0000 - 0x00007ffdffabf000 	C:\Windows\SYSTEM32\dhcpcsvc6.DLL
0x00007ffdffa70000 - 0x00007ffdffa95000 	C:\Windows\SYSTEM32\dhcpcsvc.DLL
0x00007ffdf0790000 - 0x00007ffdf079e000 	C:\Program Files\Java\jdk-17\bin\sunmscapi.dll
0x00007ffe12e10000 - 0x00007ffe12f87000 	C:\Windows\System32\CRYPT32.dll
0x00007ffe12360000 - 0x00007ffe12390000 	C:\Windows\SYSTEM32\ncrypt.dll
0x00007ffe12310000 - 0x00007ffe1234f000 	C:\Windows\SYSTEM32\NTASN1.dll
0x00007ffde1c30000 - 0x00007ffde1c40000 	C:\Program Files\Java\jdk-17\bin\verify.dll
0x00007ffdf0950000 - 0x00007ffdf0958000 	C:\Windows\system32\wshunix.dll

dbghelp: loaded successfully - version: 4.0.5 - missing functions: none
symbol engine: initialized successfully - sym options: 0x614 - pdb path: .;C:\Program Files\Java\jdk-17\bin;C:\Windows\SYSTEM32;C:\Windows\WinSxS\amd64_microsoft.windows.common-controls_6595b64144ccf1df_6.0.26100.4768_none_3e0c112ce331287c;C:\Program Files\Java\jdk-17\bin\server

VM Arguments:
jvm_args: -XX:+ShowCodeDetailsInExceptionMessages -Dspring.jmx.enabled=true -Dmanagement.endpoints.jmx.exposure.include=* -Dspring.application.admin.enabled=true -Dspring.boot.project.name=com.manamer.sellout.business-sellout -Djava.rmi.server.hostname=localhost -Dcom.sun.management.jmxremote.port=45559 -Dcom.sun.management.jmxremote.authenticate=false -Dcom.sun.management.jmxremote.ssl=false 
java_command: com.manamer.backend.business.sellout.SelloutApplication
java_class_path (initial): C:\Users\Fernanda Jama\OneDrive - Manamer\Documentos\PROYECTOS 2025-2026\sellout1\backend\business\sellout\target\classes;C:\Users\Fernanda Jama\.m2\repository\org\springframework\boot\spring-boot-starter\3.2.4\spring-boot-starter-3.2.4.jar;C:\Users\Fernanda Jama\.m2\repository\org\springframework\boot\spring-boot\3.2.4\spring-boot-3.2.4.jar;C:\Users\Fernanda Jama\.m2\repository\org\springframework\boot\spring-boot-autoconfigure\3.2.4\spring-boot-autoconfigure-3.2.4.jar;C:\Users\Fernanda Jama\.m2\repository\org\springframework\boot\spring-boot-starter-logging\3.2.4\spring-boot-starter-logging-3.2.4.jar;C:\Users\Fernanda Jama\.m2\repository\ch\qos\logback\logback-classic\1.4.14\logback-classic-1.4.14.jar;C:\Users\Fernanda Jama\.m2\repository\ch\qos\logback\logback-core\1.4.14\logback-core-1.4.14.jar;C:\Users\Fernanda Jama\.m2\repository\org\apache\logging\log4j\log4j-to-slf4j\2.23.1\log4j-to-slf4j-2.23.1.jar;C:\Users\Fernanda Jama\.m2\repository\org\slf4j\jul-to-slf4j\2.0.12\jul-to-slf4j-2.0.12.jar;C:\Users\Fernanda Jama\.m2\repository\jakarta\annotation\jakarta.annotation-api\2.1.1\jakarta.annotation-api-2.1.1.jar;C:\Users\Fernanda Jama\.m2\repository\org\springframework\spring-core\6.1.11\spring-core-6.1.11.jar;C:\Users\Fernanda Jama\.m2\repository\org\springframework\spring-jcl\6.1.11\spring-jcl-6.1.11.jar;C:\Users\Fernanda Jama\.m2\repository\org\yaml\snakeyaml\2.2\snakeyaml-2.2.jar;C:\Users\Fernanda Jama\.m2\repository\com\microsoft\sqlserver\mssql-jdbc\12.4.2.jre11\mssql-jdbc-12.4.2.jre11.jar;C:\Users\Fernanda Jama\.m2\repository\org\projectlombok\lombok\1.18.28\lombok-1.18.28.jar;C:\Users\Fernanda Jama\.m2\repository\org\springframework\boot\spring-boot-starter-data-jpa\3.2.4\spring-boot-starter-data-jpa-3.2.4.jar;C:\Users\Fernanda Jama\.m2\repository\org\springframework\boot\spring-boot-starter-aop\3.2.4\spring-boot-starter-aop-3.2.4.jar;C:\Users\Fernanda Jama\.m2\repository\org\aspectj\aspectjweaver\1.9.21\aspectjweaver-1.9.21.ja
Launcher Type: SUN_STANDARD

[Global flags]
     intx CICompilerCount                          = 4                                         {product} {ergonomic}
     uint ConcGCThreads                            = 2                                         {product} {ergonomic}
     uint G1ConcRefinementThreads                  = 8                                         {product} {ergonomic}
   size_t G1HeapRegionSize                         = 8388608                                   {product} {ergonomic}
    uintx GCDrainStackTargetSize                   = 64                                        {product} {ergonomic}
   size_t InitialHeapSize                          = 671088640                                 {product} {ergonomic}
     bool ManagementServer                         = true                                      {product} {command line}
   size_t MarkStackSize                            = 4194304                                   {product} {ergonomic}
   size_t MaxHeapSize                              = 10687086592                               {product} {ergonomic}
   size_t MaxNewSize                               = 6408896512                                {product} {ergonomic}
   size_t MinHeapDeltaBytes                        = 8388608                                   {product} {ergonomic}
   size_t MinHeapSize                              = 8388608                                   {product} {ergonomic}
    uintx NonNMethodCodeHeapSize                   = 5839372                                {pd product} {ergonomic}
    uintx NonProfiledCodeHeapSize                  = 122909434                              {pd product} {ergonomic}
    uintx ProfiledCodeHeapSize                     = 122909434                              {pd product} {ergonomic}
    uintx ReservedCodeCacheSize                    = 251658240                              {pd product} {ergonomic}
     bool SegmentedCodeCache                       = true                                      {product} {ergonomic}
     bool ShowCodeDetailsInExceptionMessages       = true                                   {manageable} {command line}
   size_t SoftMaxHeapSize                          = 10687086592                            {manageable} {ergonomic}
     bool UseCompressedClassPointers               = true                           {product lp64_product} {ergonomic}
     bool UseCompressedOops                        = true                           {product lp64_product} {ergonomic}
     bool UseG1GC                                  = true                                      {product} {ergonomic}
     bool UseLargePagesIndividualAllocation        = false                                  {pd product} {ergonomic}

Logging:
Log output configuration:
 #0: stdout all=warning uptime,level,tags
 #1: stderr all=off uptime,level,tags

Environment Variables:
JAVA_HOME=C:\\Program Files\\Java\\jdk-17
CLASSPATH=C:\Program Files\SAP\SAP Business One DI API\JCO\LIB\sbowrapper.jar;C:\Program Files\SAP\SAP Business One DI API\JCO\LIB\sboapi.jar
PATH=C:\\Program Files\\Java\\jdk-17\\bin;C:\\Users\\Fernanda Jama\\.trae\\tools\\maven\\latest\\bin;C:\\Users\\Fernanda Jama\\.trae\\tools\\gradle\\latest\\bin;C:\Program Files\Java\jdk-17\bin;C:\Users\Fernanda Jama\.trae\tools\maven\latest\bin;C:\Users\Fernanda Jama\.trae\tools\gradle\latest\bin;C:\Python313\Scripts\;C:\Python313\;C:\Program Files\Microsoft MPI\Bin\;C:\Program Files\Common Files\Oracle\Java\javapath;C:\Windows\system32;C:\Windows;C:\Windows\System32\Wbem;C:\Windows\System32\WindowsPowerShell\v1.0\;C:\Windows\System32\OpenSSH\;C:\Program Files\Microsoft SQL Server\Client SDK\ODBC\170\Tools\Binn\;C:\Program Files (x86)\Microsoft SQL Server\150\Tools\Binn\;C:\Program Files\Microsoft SQL Server\150\Tools\Binn\;C:\Program Files\Microsoft SQL Server\150\DTS\Binn\;C:\Program Files (x86)\Microsoft SQL Server\160\DTS\Binn\;C:\Program Files\nodejs\;C:\ProgramData\chocolatey\bin;C:\Program Files\SAP\SAP Business One DI API\JCO\LIB\;C:\Program Files\SAP\SAP Business One DI API\DI API 90;C:\Program Files\SAP\SAP Business One\;C:\Program Files\apache-maven-3.8.8-bin\apache-maven-3.8.8\bin;C:\Program Files\Git\cmd;C:\Users\Fernanda Jama\AppData\Local\Microsoft\WindowsApps;C:\Users\Fernanda Jama\AppData\Local\GitHubDesktop\bin;C:\Users\Fernanda Jama\AppData\Local\Programs\Microsoft VS Code\bin;C:\Users\Fernanda Jama\AppData\Roaming\npm
USERNAME=Fernanda Jama
LANG=en_US.UTF-8
OS=Windows_NT
PROCESSOR_IDENTIFIER=Intel64 Family 6 Model 140 Stepping 1, GenuineIntel



---------------  S Y S T E M  ---------------

OS:
 Windows 11 , 64 bit Build 26100 (10.0.26100.4768)
OS uptime: 0 days 20:12 hours
Hyper-V role detected

CPU: total 8 (initial active 8) (4 cores per cpu, 2 threads per core) family 6 model 140 stepping 1 microcode 0xb8, cx8, cmov, fxsr, ht, mmx, 3dnowpref, sse, sse2, sse3, ssse3, sse4.1, sse4.2, popcnt, lzcnt, tsc, tscinvbit, avx, avx2, aes, erms, clmul, bmi1, bmi2, adx, avx512f, avx512dq, avx512cd, avx512bw, avx512vl, sha, fma, vzeroupper, avx512_vpopcntdq, avx512_vpclmulqdq, avx512_vaes, avx512_vnni, clflush, clflushopt, clwb, avx512_vbmi2, avx512_vbmi, hv

Memory: 4k page, system-wide physical 40743M (1547M free)
TotalPageFile size 101623M (AvailPageFile size 84M)
current process WorkingSet (physical memory assigned to process): 1613M, peak: 1613M
current process commit charge ("private bytes"): 1729M, peak: 2721M

vm_info: Java HotSpot(TM) 64-Bit Server VM (17.0.15+9-LTS-241) for windows-amd64 JRE (17.0.15+9-LTS-241), built on Feb 20 2025 10:49:54 by "mach5one" with MS VC++ 17.6 (VS2022)

END.
