#
# There is insufficient memory for the Java Runtime Environment to continue.
# Native memory allocation (malloc) failed to allocate 791136 bytes for Chunk::new
# Possible reasons:
#   The system is out of physical RAM or swap space
#   The process is running with CompressedOops enabled, and the Java Heap may be blocking the growth of the native heap
# Possible solutions:
#   Reduce memory load on the system
#   Increase physical memory or swap space
#   Check if swap backing store is full
#   Decrease Java heap size (-Xmx/-Xms)
#   Decrease number of Java threads
#   Decrease Java thread stack sizes (-Xss)
#   Set larger code cache with -XX:ReservedCodeCacheSize=
#   JVM is running with Zero Based Compressed Oops mode in which the Java heap is
#     placed in the first 32GB address space. The Java Heap base address is the
#     maximum limit for the native heap growth. Please use -XX:HeapBaseMinAddress
#     to set the Java Heap base and to place the Java Heap above 32GB virtual address.
# This output file may be truncated or incomplete.
#
#  Out of Memory Error (arena.cpp:189), pid=7396, tid=14988
#
# JRE version: Java(TM) SE Runtime Environment (17.0.15+9) (build 17.0.15+9-LTS-241)
# Java VM: Java HotSpot(TM) 64-Bit Server VM (17.0.15+9-LTS-241, mixed mode, sharing, tiered, compressed oops, compressed class ptrs, g1 gc, windows-amd64)
# No core dump will be written. Minidumps are not enabled by default on client versions of Windows
#

---------------  S U M M A R Y ------------

Command Line: -XX:+ShowCodeDetailsInExceptionMessages com.manamer.sellout.infraestructure.eurekaserver.EurekaserverApplication

Host: 11th Gen Intel(R) Core(TM) i7-1165G7 @ 2.80GHz, 8 cores, 39G,  Windows 11 , 64 bit Build 26100 (10.0.26100.4768)
Time: Fri Jul 25 17:07:20 2025 Hora est. Pacífico, Sudamérica elapsed time: 18271.620166 seconds (0d 5h 4m 31s)

---------------  T H R E A D  ---------------

Current thread (0x000002cbfef0e800):  JavaThread "C2 CompilerThread0" daemon [_thread_in_native, id=14988, stack(0x000000dcdf000000,0x000000dcdf100000)]


Current CompileTask:
C2:18271620 11886       4       org.glassfish.jersey.server.internal.routing.AbstractMethodSelectingRouter::getMethodRouter (294 bytes)

Stack: [0x000000dcdf000000,0x000000dcdf100000]
Native frames: (J=compiled Java code, j=interpreted, Vv=VM code, C=native code)
V  [jvm.dll+0x67a46a]
V  [jvm.dll+0x7da6ad]
V  [jvm.dll+0x7dbff3]
V  [jvm.dll+0x7dc663]
V  [jvm.dll+0x24523f]
V  [jvm.dll+0xab763]
V  [jvm.dll+0xabd2c]
V  [jvm.dll+0x361f0e]
V  [jvm.dll+0x32c5e1]
V  [jvm.dll+0x32ba7a]
V  [jvm.dll+0x2169ef]
V  [jvm.dll+0x215e1f]
V  [jvm.dll+0x1a2a00]
V  [jvm.dll+0x2262bb]
V  [jvm.dll+0x22445b]
V  [jvm.dll+0x790acc]
V  [jvm.dll+0x78b0ba]
V  [jvm.dll+0x679355]
C  [ucrtbase.dll+0x37b0]
C  [KERNEL32.DLL+0x2e8d7]
C  [ntdll.dll+0x3c34c]


---------------  P R O C E S S  ---------------

Threads class SMR info:
_java_thread_list=0x000002cbcd56fb80, length=62, elements={
0x000002cbfeef3480, 0x000002cbfeef4ba0, 0x000002cbfef08d00, 0x000002cbfef0a7d0,
0x000002cbfef0b290, 0x000002cbfef0db60, 0x000002cbfef0e800, 0x000002cbfef19410,
0x000002cbcd0abf50, 0x000002cbcd1a78e0, 0x000002cbcd1aaa10, 0x000002cbd493de40,
0x000002cbcdcaab30, 0x000002cbd3c515a0, 0x000002cbd3c51a70, 0x000002cbd55b9e50,
0x000002cbd55bb190, 0x000002cbd55bacc0, 0x000002cbd55bbb30, 0x000002cbd55bc000,
0x000002cbd55bb660, 0x000002cbd55bc4d0, 0x000002cbd55bc9a0, 0x000002cbd55bce70,
0x000002cbd55ba320, 0x000002cbd55bd340, 0x000002cbd55b9980, 0x000002cbd55be1b0,
0x000002cbd55be680, 0x000002cbd55c11d0, 0x000002cbd55bfe90, 0x000002cbd55c0830,
0x000002cbd55bdce0, 0x000002cbd55c0d00, 0x000002cbd55bf020, 0x000002cbd55bd810,
0x000002cbd55beb50, 0x000002cbd55bf4f0, 0x000002cbd55bf9c0, 0x000002cbd55c0360,
0x000002cbd2c58080, 0x000002cbd2c58a20, 0x000002cbd2c55a00, 0x000002cbd2c58550,
0x000002cbd2c55ed0, 0x000002cbd2c563a0, 0x000002cbd2c57210, 0x000002cbd2c56d40,
0x000002cbd2c55060, 0x000002cbd2c58ef0, 0x000002cbd2c57bb0, 0x000002cbd2c55530,
0x000002cbd2c59d60, 0x000002cbd2c593c0, 0x000002cbd2c5a230, 0x000002cbd2c59890,
0x000002cbd2c56870, 0x000002cbd2c5a700, 0x000002cbd2c5abd0, 0x000002cbd2c5c3e0,
0x000002cbd2c5b0a0, 0x000002cbd2c576e0
}

Java Threads: ( => current thread )
  0x000002cbfeef3480 JavaThread "Reference Handler" daemon [_thread_blocked, id=24112, stack(0x000000dcdea00000,0x000000dcdeb00000)]
  0x000002cbfeef4ba0 JavaThread "Finalizer" daemon [_thread_blocked, id=20044, stack(0x000000dcdeb00000,0x000000dcdec00000)]
  0x000002cbfef08d00 JavaThread "Signal Dispatcher" daemon [_thread_blocked, id=14808, stack(0x000000dcdec00000,0x000000dcded00000)]
  0x000002cbfef0a7d0 JavaThread "Attach Listener" daemon [_thread_blocked, id=23928, stack(0x000000dcded00000,0x000000dcdee00000)]
  0x000002cbfef0b290 JavaThread "Service Thread" daemon [_thread_blocked, id=24088, stack(0x000000dcdee00000,0x000000dcdef00000)]
  0x000002cbfef0db60 JavaThread "Monitor Deflation Thread" daemon [_thread_blocked, id=22324, stack(0x000000dcdef00000,0x000000dcdf000000)]
=>0x000002cbfef0e800 JavaThread "C2 CompilerThread0" daemon [_thread_in_native, id=14988, stack(0x000000dcdf000000,0x000000dcdf100000)]
  0x000002cbfef19410 JavaThread "C1 CompilerThread0" daemon [_thread_blocked, id=2312, stack(0x000000dcdf100000,0x000000dcdf200000)]
  0x000002cbcd0abf50 JavaThread "Sweeper thread" daemon [_thread_blocked, id=19728, stack(0x000000dcdf200000,0x000000dcdf300000)]
  0x000002cbcd1a78e0 JavaThread "Notification Thread" daemon [_thread_blocked, id=14816, stack(0x000000dcdf300000,0x000000dcdf400000)]
  0x000002cbcd1aaa10 JavaThread "Common-Cleaner" daemon [_thread_blocked, id=14396, stack(0x000000dcdf500000,0x000000dcdf600000)]
  0x000002cbd493de40 JavaThread "Catalina-utility-1" [_thread_blocked, id=23144, stack(0x000000dce0400000,0x000000dce0500000)]
  0x000002cbcdcaab30 JavaThread "Catalina-utility-2" [_thread_blocked, id=23384, stack(0x000000dce0500000,0x000000dce0600000)]
  0x000002cbd3c515a0 JavaThread "container-0" [_thread_blocked, id=4688, stack(0x000000dce0600000,0x000000dce0700000)]
  0x000002cbd3c51a70 JavaThread "spring.cloud.inetutils" daemon [_thread_blocked, id=2552, stack(0x000000dce0700000,0x000000dce0800000)]
  0x000002cbd55b9e50 JavaThread "File Watcher" daemon [_thread_blocked, id=12968, stack(0x000000dce0800000,0x000000dce0900000)]
  0x000002cbd55bb190 JavaThread "Live Reload Server" daemon [_thread_in_native, id=21132, stack(0x000000dce0a00000,0x000000dce0b00000)]
  0x000002cbd55bacc0 JavaThread "Eureka-DeltaRetentionTimer" daemon [_thread_blocked, id=4420, stack(0x000000dce0900000,0x000000dce0a00000)]
  0x000002cbd55bbb30 JavaThread "Eureka-EvictionTimer" daemon [_thread_blocked, id=3440, stack(0x000000dce0b00000,0x000000dce0c00000)]
  0x000002cbd55bc000 JavaThread "Eureka-MeasureRateTimer" daemon [_thread_blocked, id=19844, stack(0x000000dce0c00000,0x000000dce0d00000)]
  0x000002cbd55bb660 JavaThread "ReplicaAwareInstanceRegistry - RenewalThresholdUpdater" daemon [_thread_blocked, id=22268, stack(0x000000dce0d00000,0x000000dce0e00000)]
  0x000002cbd55bc4d0 JavaThread "Eureka-MeasureRateTimer" daemon [_thread_blocked, id=9368, stack(0x000000dce0e00000,0x000000dce0f00000)]
  0x000002cbd55bc9a0 JavaThread "Eureka-Jersey3Client-Conn-Cleaner2" daemon [_thread_blocked, id=19304, stack(0x000000dce0f00000,0x000000dce1000000)]
  0x000002cbd55bce70 JavaThread "TaskAcceptor-target_localhost" daemon [_thread_blocked, id=2004, stack(0x000000dce1000000,0x000000dce1100000)]
  0x000002cbd55ba320 JavaThread "StatsMonitor-0" daemon [_thread_blocked, id=19948, stack(0x000000dce1100000,0x000000dce1200000)]
  0x000002cbd55bd340 JavaThread "TaskBatchingWorker-target_localhost-0" daemon [_thread_in_native, id=7336, stack(0x000000dce1200000,0x000000dce1300000)]
  0x000002cbd55b9980 JavaThread "TaskBatchingWorker-target_localhost-1" daemon [_thread_blocked, id=14464, stack(0x000000dce1300000,0x000000dce1400000)]
  0x000002cbd55be1b0 JavaThread "TaskBatchingWorker-target_localhost-2" daemon [_thread_blocked, id=19428, stack(0x000000dce1400000,0x000000dce1500000)]
  0x000002cbd55be680 JavaThread "TaskBatchingWorker-target_localhost-3" daemon [_thread_blocked, id=12684, stack(0x000000dce1500000,0x000000dce1600000)]
  0x000002cbd55c11d0 JavaThread "TaskBatchingWorker-target_localhost-4" daemon [_thread_blocked, id=14460, stack(0x000000dce1600000,0x000000dce1700000)]
  0x000002cbd55bfe90 JavaThread "TaskBatchingWorker-target_localhost-5" daemon [_thread_blocked, id=20340, stack(0x000000dce1700000,0x000000dce1800000)]
  0x000002cbd55c0830 JavaThread "TaskBatchingWorker-target_localhost-6" daemon [_thread_blocked, id=10304, stack(0x000000dce1800000,0x000000dce1900000)]
  0x000002cbd55bdce0 JavaThread "TaskBatchingWorker-target_localhost-7" daemon [_thread_blocked, id=24496, stack(0x000000dce1900000,0x000000dce1a00000)]
  0x000002cbd55c0d00 JavaThread "TaskBatchingWorker-target_localhost-8" daemon [_thread_blocked, id=3652, stack(0x000000dce1a00000,0x000000dce1b00000)]
  0x000002cbd55bf020 JavaThread "TaskBatchingWorker-target_localhost-9" daemon [_thread_blocked, id=20744, stack(0x000000dce1b00000,0x000000dce1c00000)]
  0x000002cbd55bd810 JavaThread "TaskBatchingWorker-target_localhost-10" daemon [_thread_blocked, id=9868, stack(0x000000dce1c00000,0x000000dce1d00000)]
  0x000002cbd55beb50 JavaThread "TaskBatchingWorker-target_localhost-11" daemon [_thread_blocked, id=18504, stack(0x000000dce1d00000,0x000000dce1e00000)]
  0x000002cbd55bf4f0 JavaThread "TaskBatchingWorker-target_localhost-12" daemon [_thread_blocked, id=19812, stack(0x000000dce1e00000,0x000000dce1f00000)]
  0x000002cbd55bf9c0 JavaThread "TaskBatchingWorker-target_localhost-13" daemon [_thread_blocked, id=20924, stack(0x000000dce1f00000,0x000000dce2000000)]
  0x000002cbd55c0360 JavaThread "TaskBatchingWorker-target_localhost-14" daemon [_thread_blocked, id=16644, stack(0x000000dce2000000,0x000000dce2100000)]
  0x000002cbd2c58080 JavaThread "TaskBatchingWorker-target_localhost-15" daemon [_thread_blocked, id=20024, stack(0x000000dce2100000,0x000000dce2200000)]
  0x000002cbd2c58a20 JavaThread "TaskBatchingWorker-target_localhost-16" daemon [_thread_blocked, id=10112, stack(0x000000dce2200000,0x000000dce2300000)]
  0x000002cbd2c55a00 JavaThread "TaskBatchingWorker-target_localhost-17" daemon [_thread_blocked, id=20796, stack(0x000000dce2300000,0x000000dce2400000)]
  0x000002cbd2c58550 JavaThread "TaskBatchingWorker-target_localhost-18" daemon [_thread_blocked, id=23652, stack(0x000000dce2400000,0x000000dce2500000)]
  0x000002cbd2c55ed0 JavaThread "TaskBatchingWorker-target_localhost-19" daemon [_thread_blocked, id=17920, stack(0x000000dce2500000,0x000000dce2600000)]
  0x000002cbd2c563a0 JavaThread "TaskAcceptor-localhost" daemon [_thread_blocked, id=10552, stack(0x000000dce2600000,0x000000dce2700000)]
  0x000002cbd2c57210 JavaThread "TaskNonBatchingWorker-localhost-0" daemon [_thread_blocked, id=144, stack(0x000000dce2700000,0x000000dce2800000)]
  0x000002cbd2c56d40 JavaThread "Eureka-PeerNodesUpdater" daemon [_thread_blocked, id=19352, stack(0x000000dce2800000,0x000000dce2900000)]
  0x000002cbd2c55060 JavaThread "Eureka-CacheFillTimer" daemon [_thread_blocked, id=6468, stack(0x000000dce2900000,0x000000dce2a00000)]
  0x000002cbd2c58ef0 JavaThread "http-nio-8762-exec-1" daemon [_thread_blocked, id=7944, stack(0x000000dce2b00000,0x000000dce2c00000)]
  0x000002cbd2c57bb0 JavaThread "http-nio-8762-exec-2" daemon [_thread_blocked, id=1004, stack(0x000000dce2c00000,0x000000dce2d00000)]
  0x000002cbd2c55530 JavaThread "http-nio-8762-exec-3" daemon [_thread_blocked, id=5072, stack(0x000000dce2d00000,0x000000dce2e00000)]
  0x000002cbd2c59d60 JavaThread "http-nio-8762-exec-4" daemon [_thread_blocked, id=19156, stack(0x000000dce2e00000,0x000000dce2f00000)]
  0x000002cbd2c593c0 JavaThread "http-nio-8762-exec-5" daemon [_thread_blocked, id=22844, stack(0x000000dce2f00000,0x000000dce3000000)]
  0x000002cbd2c5a230 JavaThread "http-nio-8762-exec-6" daemon [_thread_blocked, id=15384, stack(0x000000dce3000000,0x000000dce3100000)]
  0x000002cbd2c59890 JavaThread "http-nio-8762-exec-7" daemon [_thread_blocked, id=11544, stack(0x000000dce3100000,0x000000dce3200000)]
  0x000002cbd2c56870 JavaThread "http-nio-8762-exec-8" daemon [_thread_blocked, id=4692, stack(0x000000dce3200000,0x000000dce3300000)]
  0x000002cbd2c5a700 JavaThread "http-nio-8762-exec-9" daemon [_thread_blocked, id=4268, stack(0x000000dce3300000,0x000000dce3400000)]
  0x000002cbd2c5abd0 JavaThread "http-nio-8762-exec-10" daemon [_thread_blocked, id=8792, stack(0x000000dce3400000,0x000000dce3500000)]
  0x000002cbd2c5c3e0 JavaThread "http-nio-8762-Poller" daemon [_thread_in_native, id=12464, stack(0x000000dce3500000,0x000000dce3600000)]
  0x000002cbd2c5b0a0 JavaThread "http-nio-8762-Acceptor" daemon [_thread_in_native, id=18840, stack(0x000000dce3600000,0x000000dce3700000)]
  0x000002cbd2c576e0 JavaThread "DestroyJavaVM" [_thread_blocked, id=24012, stack(0x000000dcde300000,0x000000dcde400000)]

Other Threads:
  0x000002cbfeee96a0 VMThread "VM Thread" [stack: 0x000000dcde900000,0x000000dcdea00000] [id=23844]
  0x000002cbcd1a81c0 WatcherThread [stack: 0x000000dcdf400000,0x000000dcdf500000] [id=24436]
  0x000002cbda59ed40 GCTaskThread "GC Thread#0" [stack: 0x000000dcde400000,0x000000dcde500000] [id=13220]
  0x000002cbd22ed120 GCTaskThread "GC Thread#1" [stack: 0x000000dcdf900000,0x000000dcdfa00000] [id=19452]
  0x000002cbd22ed3e0 GCTaskThread "GC Thread#2" [stack: 0x000000dcdfa00000,0x000000dcdfb00000] [id=20220]
  0x000002cbd22ed6a0 GCTaskThread "GC Thread#3" [stack: 0x000000dcdfb00000,0x000000dcdfc00000] [id=24228]
  0x000002cbd22ed960 GCTaskThread "GC Thread#4" [stack: 0x000000dcdfc00000,0x000000dcdfd00000] [id=24332]
  0x000002cbd22ac2f0 GCTaskThread "GC Thread#5" [stack: 0x000000dcdfd00000,0x000000dcdfe00000] [id=10820]
  0x000002cbd22ac5b0 GCTaskThread "GC Thread#6" [stack: 0x000000dcdfe00000,0x000000dcdff00000] [id=22044]
  0x000002cbd22ac870 GCTaskThread "GC Thread#7" [stack: 0x000000dcdff00000,0x000000dce0000000] [id=22176]
  0x000002cbda5a9c50 ConcurrentGCThread "G1 Main Marker" [stack: 0x000000dcde500000,0x000000dcde600000] [id=14824]
  0x000002cbda5aa660 ConcurrentGCThread "G1 Conc#0" [stack: 0x000000dcde600000,0x000000dcde700000] [id=9028]
  0x000002cbd26b2f20 ConcurrentGCThread "G1 Conc#1" [stack: 0x000000dcdf600000,0x000000dcdf700000] [id=22532]
  0x000002cbfee25010 ConcurrentGCThread "G1 Refine#0" [stack: 0x000000dcde700000,0x000000dcde800000] [id=13832]
  0x000002cbd2942dd0 ConcurrentGCThread "G1 Refine#1" [stack: 0x000000dce0000000,0x000000dce0100000] [id=12604]
  0x000002cbd351aa00 ConcurrentGCThread "G1 Refine#2" [stack: 0x000000dce0300000,0x000000dce0400000] [id=18396]
  0x000002cbfee25a40 ConcurrentGCThread "G1 Service" [stack: 0x000000dcde800000,0x000000dcde900000] [id=4068]

Threads with active compile tasks:
C2 CompilerThread0  18271680 11886       4       org.glassfish.jersey.server.internal.routing.AbstractMethodSelectingRouter::getMethodRouter (294 bytes)

VM state: not at safepoint (normal execution)

VM Mutex/Monitor currently owned by a thread: None

Heap address: 0x0000000583000000, size: 10192 MB, Compressed Oops mode: Zero based, Oop shift amount: 3

CDS archive(s) mapped at: [0x000002cb8c000000-0x000002cb8cbd0000-0x000002cb8cbd0000), size 12386304, SharedBaseAddress: 0x000002cb8c000000, ArchiveRelocationMode: 1.
Compressed class space mapped at: 0x000002cb8d000000-0x000002cbcd000000, reserved size: 1073741824
Narrow klass base: 0x000002cb8c000000, Narrow klass shift: 0, Narrow klass range: 0x100000000

GC Precious Log:
 CPUs: 8 total, 8 available
 Memory: 40743M
 Large Page Support: Disabled
 NUMA Support: Disabled
 Compressed Oops: Enabled (Zero based)
 Heap Region Size: 8M
 Heap Min Capacity: 8M
 Heap Initial Capacity: 640M
 Heap Max Capacity: 10192M
 Pre-touch: Disabled
 Parallel Workers: 8
 Concurrent Workers: 2
 Concurrent Refinement Workers: 8
 Periodic GC: Disabled

Heap:
 garbage-first heap   total 98304K, used 49070K [0x0000000583000000, 0x0000000800000000)
  region size 8192K, 4 young (32768K), 1 survivors (8192K)
 Metaspace       used 60918K, committed 61568K, reserved 1114112K
  class space    used 7708K, committed 8000K, reserved 1048576K

Heap Regions: E=young(eden), S=young(survivor), O=old, HS=humongous(starts), HC=humongous(continues), CS=collection set, F=free, OA=open archive, CA=closed archive, TAMS=top-at-mark-start (previous, next)
|   0|0x0000000583000000, 0x0000000583800000, 0x0000000583800000|100%| O|  |TAMS 0x0000000583800000, 0x0000000583000000| Untracked 
|   1|0x0000000583800000, 0x0000000584000000, 0x0000000584000000|100%| O|  |TAMS 0x0000000584000000, 0x0000000583800000| Untracked 
|   2|0x0000000584000000, 0x0000000584800000, 0x0000000584800000|100%| O|  |TAMS 0x0000000584800000, 0x0000000584000000| Untracked 
|   3|0x0000000584800000, 0x0000000585000000, 0x0000000585000000|100%| O|  |TAMS 0x0000000585000000, 0x0000000584800000| Untracked 
|   4|0x0000000585000000, 0x00000005857e5200, 0x0000000585800000| 98%| O|  |TAMS 0x0000000585093400, 0x0000000585000000| Untracked 
|   5|0x0000000585800000, 0x0000000585800000, 0x0000000586000000|  0%| F|  |TAMS 0x0000000585800000, 0x0000000585800000| Untracked 
|   6|0x0000000586000000, 0x0000000586000000, 0x0000000586800000|  0%| F|  |TAMS 0x0000000586000000, 0x0000000586000000| Untracked 
|   7|0x0000000586800000, 0x0000000586800000, 0x0000000587000000|  0%| F|  |TAMS 0x0000000586800000, 0x0000000586800000| Untracked 
|   8|0x0000000587000000, 0x0000000587006828, 0x0000000587800000|  0%| S|CS|TAMS 0x0000000587000000, 0x0000000587000000| Complete 
|   9|0x0000000587800000, 0x0000000587835080, 0x0000000588000000|  2%| E|  |TAMS 0x0000000587800000, 0x0000000587800000| Complete 
|  74|0x00000005a8000000, 0x00000005a8800000, 0x00000005a8800000|100%| E|CS|TAMS 0x00000005a8000000, 0x00000005a8000000| Complete 
|  79|0x00000005aa800000, 0x00000005ab000000, 0x00000005ab000000|100%| E|  |TAMS 0x00000005aa800000, 0x00000005aa800000| Complete 

Card table byte_map: [0x000002cbf24f0000,0x000002cbf38e0000] _byte_map_base: 0x000002cbef8d8000

Marking Bits (Prev, Next): (CMBitMap*) 0x000002cbda59f360, (CMBitMap*) 0x000002cbda59f3a0
 Prev Bits: [0x000002cbf4cd0000, 0x000002cbfec10000)
 Next Bits: [0x000002cb80000000, 0x000002cb89f40000)

Polling page: 0x000002cbd9cb0000

Metaspace:

Usage:
  Non-class:     51.96 MB used.
      Class:      7.53 MB used.
       Both:     59.49 MB used.

Virtual space:
  Non-class space:       64.00 MB reserved,      52.31 MB ( 82%) committed,  1 nodes.
      Class space:        1.00 GB reserved,       7.81 MB ( <1%) committed,  1 nodes.
             Both:        1.06 GB reserved,      60.12 MB (  6%) committed. 

Chunk freelists:
   Non-Class:  11.48 MB
       Class:  8.21 MB
        Both:  19.69 MB

MaxMetaspaceSize: unlimited
CompressedClassSpaceSize: 1.00 GB
Initial GC threshold: 21.00 MB
Current GC threshold: 94.81 MB
CDS: on
MetaspaceReclaimPolicy: balanced
 - commit_granule_bytes: 65536.
 - commit_granule_words: 8192.
 - virtual_space_node_default_size: 8388608.
 - enlarge_chunks_in_place: 1.
 - new_chunks_are_fully_committed: 0.
 - uncommit_free_chunks: 1.
 - use_allocation_guard: 0.
 - handle_deallocations: 1.


Internal statistics:

num_allocs_failed_limit: 9.
num_arena_births: 830.
num_arena_deaths: 0.
num_vsnodes_births: 2.
num_vsnodes_deaths: 0.
num_space_committed: 962.
num_space_uncommitted: 0.
num_chunks_returned_to_freelist: 9.
num_chunks_taken_from_freelist: 3061.
num_chunk_merges: 6.
num_chunk_splits: 2093.
num_chunks_enlarged: 1530.
num_inconsistent_stats: 0.

CodeHeap 'non-profiled nmethods': size=120000Kb used=9428Kb max_used=9428Kb free=110572Kb
 bounds [0x000002cbe98a0000, 0x000002cbea1e0000, 0x000002cbf0dd0000]
CodeHeap 'profiled nmethods': size=120000Kb used=19208Kb max_used=19941Kb free=100791Kb
 bounds [0x000002cbe1dd0000, 0x000002cbe3150000, 0x000002cbe9300000]
CodeHeap 'non-nmethods': size=5760Kb used=1316Kb max_used=1383Kb free=4443Kb
 bounds [0x000002cbe9300000, 0x000002cbe9570000, 0x000002cbe98a0000]
 total_blobs=10420 nmethods=9789 adapters=543
 compilation: enabled
              stopped_count=0, restarted_count=0
 full_count=0

Compilation events (20 events):
Event: 18239.446 Thread 0x000002cbfef0e800 nmethod 11876 0x000002cbea1d4a10 code [0x000002cbea1d4ba0, 0x000002cbea1d4c78]
Event: 18248.556 Thread 0x000002cbfef0e800 11877   !   4       sun.nio.ch.SocketChannelImpl::beginRead (37 bytes)
Event: 18248.557 Thread 0x000002cbfef0e800 nmethod 11877 0x000002cbea1d4d10 code [0x000002cbea1d4e80, 0x000002cbea1d4f18]
Event: 18252.844 Thread 0x000002cbfef19410 11878       3       java.util.HashMap$Values::iterator (12 bytes)
Event: 18252.844 Thread 0x000002cbfef19410 nmethod 11878 0x000002cbe246d790 code [0x000002cbe246d940, 0x000002cbe246dbc8]
Event: 18252.844 Thread 0x000002cbfef19410 11879       3       java.util.HashMap$ValueIterator::<init> (11 bytes)
Event: 18252.845 Thread 0x000002cbfef19410 nmethod 11879 0x000002cbe246d190 code [0x000002cbe246d340, 0x000002cbe246d4c8]
Event: 18252.855 Thread 0x000002cbfef19410 11880       3       com.netflix.discovery.converters.EurekaJacksonCodec$InstanceInfoSerializer::serialize (287 bytes)
Event: 18252.862 Thread 0x000002cbfef19410 nmethod 11880 0x000002cbe2c08490 code [0x000002cbe2c089e0, 0x000002cbe2c0afd8]
Event: 18252.862 Thread 0x000002cbfef19410 11881       3       com.fasterxml.jackson.databind.ser.impl.TypeWrappedSerializer::serialize (15 bytes)
Event: 18252.863 Thread 0x000002cbfef19410 nmethod 11881 0x000002cbe2c08010 code [0x000002cbe2c081c0, 0x000002cbe2c083a8]
Event: 18252.863 Thread 0x000002cbfef19410 11882       3       com.netflix.discovery.converters.EurekaJacksonCodec$DataCenterInfoSerializer::serializeWithType (13 bytes)
Event: 18252.864 Thread 0x000002cbfef19410 nmethod 11882 0x000002cbe2c07b10 code [0x000002cbe2c07cc0, 0x000002cbe2c07f28]
Event: 18252.864 Thread 0x000002cbfef19410 11883       3       com.netflix.discovery.converters.EurekaJacksonCodec$DataCenterInfoSerializer::serializeWithType (84 bytes)
Event: 18252.865 Thread 0x000002cbfef19410 nmethod 11883 0x000002cbe2c06910 code [0x000002cbe2c06ba0, 0x000002cbe2c076c8]
Event: 18252.865 Thread 0x000002cbfef19410 11884       3       com.fasterxml.jackson.databind.ser.BeanSerializer::serialize (55 bytes)
Event: 18252.867 Thread 0x000002cbfef19410 nmethod 11884 0x000002cbe22cb410 code [0x000002cbe22cb620, 0x000002cbe22cbc48]
Event: 18252.867 Thread 0x000002cbfef19410 11885       3       com.fasterxml.jackson.databind.ser.std.MapSerializer::serialize (11 bytes)
Event: 18252.868 Thread 0x000002cbfef19410 nmethod 11885 0x000002cbe22cad10 code [0x000002cbe22caee0, 0x000002cbe22cb288]
Event: 18269.464 Thread 0x000002cbfef0e800 11886       4       org.glassfish.jersey.server.internal.routing.AbstractMethodSelectingRouter::getMethodRouter (294 bytes)

GC Heap History (20 events):
Event: 17618.423 GC heap before
{Heap before GC invocations=312 (full 0):
 garbage-first heap   total 98304K, used 57237K [0x0000000583000000, 0x0000000800000000)
  region size 8192K, 4 young (32768K), 1 survivors (8192K)
 Metaspace       used 60905K, committed 61504K, reserved 1114112K
  class space    used 7708K, committed 8000K, reserved 1048576K
}
Event: 17618.424 GC heap after
{Heap after GC invocations=313 (full 0):
 garbage-first heap   total 98304K, used 40865K [0x0000000583000000, 0x0000000800000000)
  region size 8192K, 1 young (8192K), 1 survivors (8192K)
 Metaspace       used 60905K, committed 61504K, reserved 1114112K
  class space    used 7708K, committed 8000K, reserved 1048576K
}
Event: 17688.265 GC heap before
{Heap before GC invocations=313 (full 0):
 garbage-first heap   total 98304K, used 65441K [0x0000000583000000, 0x0000000800000000)
  region size 8192K, 4 young (32768K), 1 survivors (8192K)
 Metaspace       used 60905K, committed 61504K, reserved 1114112K
  class space    used 7708K, committed 8000K, reserved 1048576K
}
Event: 17688.266 GC heap after
{Heap after GC invocations=314 (full 0):
 garbage-first heap   total 98304K, used 40866K [0x0000000583000000, 0x0000000800000000)
  region size 8192K, 1 young (8192K), 1 survivors (8192K)
 Metaspace       used 60905K, committed 61504K, reserved 1114112K
  class space    used 7708K, committed 8000K, reserved 1048576K
}
Event: 17753.862 GC heap before
{Heap before GC invocations=314 (full 0):
 garbage-first heap   total 98304K, used 65442K [0x0000000583000000, 0x0000000800000000)
  region size 8192K, 4 young (32768K), 1 survivors (8192K)
 Metaspace       used 60905K, committed 61504K, reserved 1114112K
  class space    used 7708K, committed 8000K, reserved 1048576K
}
Event: 17753.863 GC heap after
{Heap after GC invocations=315 (full 0):
 garbage-first heap   total 98304K, used 40849K [0x0000000583000000, 0x0000000800000000)
  region size 8192K, 1 young (8192K), 1 survivors (8192K)
 Metaspace       used 60905K, committed 61504K, reserved 1114112K
  class space    used 7708K, committed 8000K, reserved 1048576K
}
Event: 17819.790 GC heap before
{Heap before GC invocations=315 (full 0):
 garbage-first heap   total 98304K, used 65425K [0x0000000583000000, 0x0000000800000000)
  region size 8192K, 4 young (32768K), 1 survivors (8192K)
 Metaspace       used 60905K, committed 61504K, reserved 1114112K
  class space    used 7708K, committed 8000K, reserved 1048576K
}
Event: 17819.791 GC heap after
{Heap after GC invocations=316 (full 0):
 garbage-first heap   total 98304K, used 40885K [0x0000000583000000, 0x0000000800000000)
  region size 8192K, 1 young (8192K), 1 survivors (8192K)
 Metaspace       used 60905K, committed 61504K, reserved 1114112K
  class space    used 7708K, committed 8000K, reserved 1048576K
}
Event: 17890.877 GC heap before
{Heap before GC invocations=316 (full 0):
 garbage-first heap   total 98304K, used 65461K [0x0000000583000000, 0x0000000800000000)
  region size 8192K, 4 young (32768K), 1 survivors (8192K)
 Metaspace       used 60906K, committed 61504K, reserved 1114112K
  class space    used 7708K, committed 8000K, reserved 1048576K
}
Event: 17890.878 GC heap after
{Heap after GC invocations=317 (full 0):
 garbage-first heap   total 98304K, used 40865K [0x0000000583000000, 0x0000000800000000)
  region size 8192K, 1 young (8192K), 1 survivors (8192K)
 Metaspace       used 60906K, committed 61504K, reserved 1114112K
  class space    used 7708K, committed 8000K, reserved 1048576K
}
Event: 17955.659 GC heap before
{Heap before GC invocations=317 (full 0):
 garbage-first heap   total 98304K, used 57249K [0x0000000583000000, 0x0000000800000000)
  region size 8192K, 4 young (32768K), 1 survivors (8192K)
 Metaspace       used 60906K, committed 61504K, reserved 1114112K
  class space    used 7708K, committed 8000K, reserved 1048576K
}
Event: 17955.661 GC heap after
{Heap after GC invocations=318 (full 0):
 garbage-first heap   total 98304K, used 40868K [0x0000000583000000, 0x0000000800000000)
  region size 8192K, 1 young (8192K), 1 survivors (8192K)
 Metaspace       used 60906K, committed 61504K, reserved 1114112K
  class space    used 7708K, committed 8000K, reserved 1048576K
}
Event: 18022.197 GC heap before
{Heap before GC invocations=318 (full 0):
 garbage-first heap   total 98304K, used 65444K [0x0000000583000000, 0x0000000800000000)
  region size 8192K, 4 young (32768K), 1 survivors (8192K)
 Metaspace       used 60906K, committed 61504K, reserved 1114112K
  class space    used 7708K, committed 8000K, reserved 1048576K
}
Event: 18022.198 GC heap after
{Heap after GC invocations=319 (full 0):
 garbage-first heap   total 98304K, used 40879K [0x0000000583000000, 0x0000000800000000)
  region size 8192K, 1 young (8192K), 1 survivors (8192K)
 Metaspace       used 60906K, committed 61504K, reserved 1114112K
  class space    used 7708K, committed 8000K, reserved 1048576K
}
Event: 18095.859 GC heap before
{Heap before GC invocations=319 (full 0):
 garbage-first heap   total 98304K, used 57263K [0x0000000583000000, 0x0000000800000000)
  region size 8192K, 4 young (32768K), 1 survivors (8192K)
 Metaspace       used 60906K, committed 61504K, reserved 1114112K
  class space    used 7708K, committed 8000K, reserved 1048576K
}
Event: 18095.860 GC heap after
{Heap after GC invocations=320 (full 0):
 garbage-first heap   total 98304K, used 40899K [0x0000000583000000, 0x0000000800000000)
  region size 8192K, 1 young (8192K), 1 survivors (8192K)
 Metaspace       used 60906K, committed 61504K, reserved 1114112K
  class space    used 7708K, committed 8000K, reserved 1048576K
}
Event: 18161.061 GC heap before
{Heap before GC invocations=320 (full 0):
 garbage-first heap   total 98304K, used 65475K [0x0000000583000000, 0x0000000800000000)
  region size 8192K, 4 young (32768K), 1 survivors (8192K)
 Metaspace       used 60906K, committed 61504K, reserved 1114112K
  class space    used 7708K, committed 8000K, reserved 1048576K
}
Event: 18161.062 GC heap after
{Heap after GC invocations=321 (full 0):
 garbage-first heap   total 98304K, used 40882K [0x0000000583000000, 0x0000000800000000)
  region size 8192K, 1 young (8192K), 1 survivors (8192K)
 Metaspace       used 60906K, committed 61504K, reserved 1114112K
  class space    used 7708K, committed 8000K, reserved 1048576K
}
Event: 18225.156 GC heap before
{Heap before GC invocations=321 (full 0):
 garbage-first heap   total 98304K, used 65458K [0x0000000583000000, 0x0000000800000000)
  region size 8192K, 4 young (32768K), 1 survivors (8192K)
 Metaspace       used 60906K, committed 61504K, reserved 1114112K
  class space    used 7708K, committed 8000K, reserved 1048576K
}
Event: 18225.157 GC heap after
{Heap after GC invocations=322 (full 0):
 garbage-first heap   total 98304K, used 40878K [0x0000000583000000, 0x0000000800000000)
  region size 8192K, 1 young (8192K), 1 survivors (8192K)
 Metaspace       used 60906K, committed 61504K, reserved 1114112K
  class space    used 7708K, committed 8000K, reserved 1048576K
}

Deoptimization events (20 events):
Event: 11420.143 Thread 0x000002cbd493de40 DEOPT PACKING pc=0x000002cbe9f7a404 sp=0x000000dce04ff4b0
Event: 11420.143 Thread 0x000002cbd493de40 DEOPT UNPACKING pc=0x000002cbe9355ba3 sp=0x000000dce04ff2d0 mode 2
Event: 15377.262 Thread 0x000002cbd2c5b0a0 Uncommon trap: trap_request=0xffffff45 fr.pc=0x000002cbe9ae0ce0 relative=0x0000000000000060
Event: 15377.262 Thread 0x000002cbd2c5b0a0 Uncommon trap: reason=unstable_if action=reinterpret pc=0x000002cbe9ae0ce0 method=java.util.concurrent.ConcurrentHashMap.sumCount()J @ 11 c2
Event: 15377.262 Thread 0x000002cbd2c5b0a0 DEOPT PACKING pc=0x000002cbe9ae0ce0 sp=0x000000dce36ff000
Event: 15377.263 Thread 0x000002cbd2c5b0a0 DEOPT UNPACKING pc=0x000002cbe9355ba3 sp=0x000000dce36fef60 mode 2
Event: 16990.600 Thread 0x000002cbd2c5abd0 Uncommon trap: trap_request=0xffffffb5 fr.pc=0x000002cbea13fd28 relative=0x0000000000003248
Event: 16990.600 Thread 0x000002cbd2c5abd0 Uncommon trap: reason=unloaded action=reinterpret pc=0x000002cbea13fd28 method=sun.nio.ch.SocketChannelImpl.read(Ljava/nio/ByteBuffer;)I @ 194 c2
Event: 16990.600 Thread 0x000002cbd2c55530 Uncommon trap: trap_request=0xffffffb5 fr.pc=0x000002cbea13fd28 relative=0x0000000000003248
Event: 16990.600 Thread 0x000002cbd2c55530 Uncommon trap: reason=unloaded action=reinterpret pc=0x000002cbea13fd28 method=sun.nio.ch.SocketChannelImpl.read(Ljava/nio/ByteBuffer;)I @ 194 c2
Event: 16990.600 Thread 0x000002cbd2c5abd0 DEOPT PACKING pc=0x000002cbea13fd28 sp=0x000000dce34fe9c0
Event: 16990.600 Thread 0x000002cbd2c55530 DEOPT PACKING pc=0x000002cbea13fd28 sp=0x000000dce2dfeda0
Event: 16990.600 Thread 0x000002cbd2c55530 DEOPT UNPACKING pc=0x000002cbe9355ba3 sp=0x000000dce2dfeb88 mode 2
Event: 16990.601 Thread 0x000002cbd2c5abd0 DEOPT UNPACKING pc=0x000002cbe9355ba3 sp=0x000000dce34fe7a8 mode 2
Event: 17811.073 Thread 0x000002cbd55bdce0 DEOPT PACKING pc=0x000002cbe26e0ab8 sp=0x000000dce19ff560
Event: 17811.074 Thread 0x000002cbd55bdce0 DEOPT UNPACKING pc=0x000002cbe93566e3 sp=0x000000dce19fea70 mode 0
Event: 18224.180 Thread 0x000002cbd55c0360 Uncommon trap: trap_request=0xffffff45 fr.pc=0x000002cbea1bf908 relative=0x0000000000006f68
Event: 18224.180 Thread 0x000002cbd55c0360 Uncommon trap: reason=unstable_if action=reinterpret pc=0x000002cbea1bf908 method=ch.qos.logback.classic.spi.PackagingDataCalculator.populateFrames([Lch/qos/logback/classic/spi/StackTraceElementProxy;)V @ 61 c2
Event: 18224.180 Thread 0x000002cbd55c0360 DEOPT PACKING pc=0x000002cbea1bf908 sp=0x000000dce20ff050
Event: 18224.180 Thread 0x000002cbd55c0360 DEOPT UNPACKING pc=0x000002cbe9355ba3 sp=0x000000dce20feb90 mode 2

Classes unloaded (0 events):
No events

Classes redefined (0 events):
No events

Internal exceptions (20 events):
Event: 18268.879 Thread 0x000002cbd2c58550 Exception <a 'java/net/ConnectException'{0x00000005a87bfd18}: Connection refused: no further information> (0x00000005a87bfd18) 
thrown [s\open\src\hotspot\share\prims\jni.cpp, line 535]
Event: 18268.879 Thread 0x000002cbd2c58550 Exception <a 'java/net/SocketException'{0x00000005a87c02f8}: Socket is not connected: shutdown> (0x00000005a87c02f8) 
thrown [s\open\src\hotspot\share\prims\jni.cpp, line 535]
Event: 18268.900 Thread 0x000002cbd2c58550 Exception <a 'java/net/ConnectException'{0x00000005a87c0b08}: Connection refused: no further information> (0x00000005a87c0b08) 
thrown [s\open\src\hotspot\share\prims\jni.cpp, line 535]
Event: 18268.900 Thread 0x000002cbd2c58550 Exception <a 'java/net/SocketException'{0x00000005a87c10e8}: Socket is not connected: shutdown> (0x00000005a87c10e8) 
thrown [s\open\src\hotspot\share\prims\jni.cpp, line 535]
Event: 18269.021 Thread 0x000002cbd55be680 Exception <a 'java/net/ConnectException'{0x00000005a87ce410}: Connection refused: no further information> (0x00000005a87ce410) 
thrown [s\open\src\hotspot\share\prims\jni.cpp, line 535]
Event: 18269.021 Thread 0x000002cbd55be680 Exception <a 'java/net/SocketException'{0x00000005a87ce9f0}: Socket is not connected: shutdown> (0x00000005a87ce9f0) 
thrown [s\open\src\hotspot\share\prims\jni.cpp, line 535]
Event: 18269.043 Thread 0x000002cbd55be680 Exception <a 'java/net/ConnectException'{0x00000005a87cf200}: Connection refused: no further information> (0x00000005a87cf200) 
thrown [s\open\src\hotspot\share\prims\jni.cpp, line 535]
Event: 18269.043 Thread 0x000002cbd55be680 Exception <a 'java/net/SocketException'{0x00000005a87cf7e0}: Socket is not connected: shutdown> (0x00000005a87cf7e0) 
thrown [s\open\src\hotspot\share\prims\jni.cpp, line 535]
Event: 18269.163 Thread 0x000002cbd55beb50 Exception <a 'java/net/ConnectException'{0x00000005a87e0d20}: Connection refused: no further information> (0x00000005a87e0d20) 
thrown [s\open\src\hotspot\share\prims\jni.cpp, line 535]
Event: 18269.163 Thread 0x000002cbd55beb50 Exception <a 'java/net/SocketException'{0x00000005a87e1300}: Socket is not connected: shutdown> (0x00000005a87e1300) 
thrown [s\open\src\hotspot\share\prims\jni.cpp, line 535]
Event: 18269.186 Thread 0x000002cbd55beb50 Exception <a 'java/net/ConnectException'{0x00000005a87e1b10}: Connection refused: no further information> (0x00000005a87e1b10) 
thrown [s\open\src\hotspot\share\prims\jni.cpp, line 535]
Event: 18269.186 Thread 0x000002cbd55beb50 Exception <a 'java/net/SocketException'{0x00000005a87e20f0}: Socket is not connected: shutdown> (0x00000005a87e20f0) 
thrown [s\open\src\hotspot\share\prims\jni.cpp, line 535]
Event: 18269.311 Thread 0x000002cbd2c55ed0 Exception <a 'java/net/ConnectException'{0x00000005a87ee138}: Connection refused: no further information> (0x00000005a87ee138) 
thrown [s\open\src\hotspot\share\prims\jni.cpp, line 535]
Event: 18269.311 Thread 0x000002cbd2c55ed0 Exception <a 'java/net/SocketException'{0x00000005a87ee718}: Socket is not connected: shutdown> (0x00000005a87ee718) 
thrown [s\open\src\hotspot\share\prims\jni.cpp, line 535]
Event: 18269.333 Thread 0x000002cbd2c55ed0 Exception <a 'java/net/ConnectException'{0x00000005a87eef28}: Connection refused: no further information> (0x00000005a87eef28) 
thrown [s\open\src\hotspot\share\prims\jni.cpp, line 535]
Event: 18269.333 Thread 0x000002cbd2c55ed0 Exception <a 'java/net/SocketException'{0x00000005a87ef508}: Socket is not connected: shutdown> (0x00000005a87ef508) 
thrown [s\open\src\hotspot\share\prims\jni.cpp, line 535]
Event: 18269.473 Thread 0x000002cbd55b9980 Exception <a 'java/net/ConnectException'{0x00000005a87f9050}: Connection refused: no further information> (0x00000005a87f9050) 
thrown [s\open\src\hotspot\share\prims\jni.cpp, line 535]
Event: 18269.473 Thread 0x000002cbd55b9980 Exception <a 'java/net/SocketException'{0x000000058780c7b0}: Socket is not connected: shutdown> (0x000000058780c7b0) 
thrown [s\open\src\hotspot\share\prims\jni.cpp, line 535]
Event: 18269.502 Thread 0x000002cbd55b9980 Exception <a 'java/net/ConnectException'{0x000000058780cfc0}: Connection refused: no further information> (0x000000058780cfc0) 
thrown [s\open\src\hotspot\share\prims\jni.cpp, line 535]
Event: 18269.502 Thread 0x000002cbd55b9980 Exception <a 'java/net/SocketException'{0x000000058780d5a0}: Socket is not connected: shutdown> (0x000000058780d5a0) 
thrown [s\open\src\hotspot\share\prims\jni.cpp, line 535]

VM Operations (20 events):
Event: 17955.658 Executing VM operation: G1CollectForAllocation
Event: 17955.662 Executing VM operation: G1CollectForAllocation done
Event: 17981.977 Executing VM operation: HandshakeAllThreads
Event: 17981.977 Executing VM operation: HandshakeAllThreads done
Event: 18022.197 Executing VM operation: G1CollectForAllocation
Event: 18022.198 Executing VM operation: G1CollectForAllocation done
Event: 18042.186 Executing VM operation: HandshakeAllThreads
Event: 18042.186 Executing VM operation: HandshakeAllThreads done
Event: 18095.859 Executing VM operation: G1CollectForAllocation
Event: 18095.860 Executing VM operation: G1CollectForAllocation done
Event: 18102.197 Executing VM operation: HandshakeAllThreads
Event: 18102.197 Executing VM operation: HandshakeAllThreads done
Event: 18133.437 Executing VM operation: Cleanup
Event: 18133.438 Executing VM operation: Cleanup done
Event: 18161.061 Executing VM operation: G1CollectForAllocation
Event: 18161.062 Executing VM operation: G1CollectForAllocation done
Event: 18222.486 Executing VM operation: HandshakeAllThreads
Event: 18222.486 Executing VM operation: HandshakeAllThreads done
Event: 18225.156 Executing VM operation: G1CollectForAllocation
Event: 18225.157 Executing VM operation: G1CollectForAllocation done

Events (20 events):
Event: 3927.456 Thread 0x000002cbcd0abf50 flushing nmethod 0x000002cbe2ce5d10
Event: 3927.456 Thread 0x000002cbcd0abf50 flushing nmethod 0x000002cbe2d0bd10
Event: 3927.456 Thread 0x000002cbcd0abf50 flushing nmethod 0x000002cbe2d0cc90
Event: 3927.456 Thread 0x000002cbcd0abf50 flushing nmethod 0x000002cbe2d22090
Event: 3927.456 Thread 0x000002cbcd0abf50 flushing nmethod 0x000002cbe2d3d390
Event: 3927.456 Thread 0x000002cbcd0abf50 flushing nmethod 0x000002cbe2d5e510
Event: 3927.456 Thread 0x000002cbcd0abf50 flushing nmethod 0x000002cbe2d6fa10
Event: 3927.456 Thread 0x000002cbcd0abf50 flushing nmethod 0x000002cbe2d70390
Event: 3927.457 Thread 0x000002cbcd0abf50 flushing nmethod 0x000002cbe2e06c90
Event: 3927.458 Thread 0x000002cbcd0abf50 flushing nmethod 0x000002cbe2ec7c90
Event: 3927.458 Thread 0x000002cbcd0abf50 flushing nmethod 0x000002cbe2f27b90
Event: 3927.458 Thread 0x000002cbcd0abf50 flushing nmethod 0x000002cbe2f34490
Event: 3927.459 Thread 0x000002cbcd0abf50 flushing nmethod 0x000002cbe3033010
Event: 3927.460 Thread 0x000002cbcd0abf50 flushing nmethod 0x000002cbe30fca10
Event: 9230.963 loading class jdk/internal/misc/ScopedMemoryAccess$Scope$Handle
Event: 9230.969 loading class jdk/internal/misc/ScopedMemoryAccess$Scope$Handle done
Event: 14125.770 Thread 0x000002cbcd0abf50 flushing nmethod 0x000002cbe28db410
Event: 14125.784 Thread 0x000002cbcd0abf50 flushing nmethod 0x000002cbe2afa790
Event: 16990.581 loading class sun/net/ConnectionResetException
Event: 16990.595 loading class sun/net/ConnectionResetException done


Dynamic libraries:
0x00007ff757b50000 - 0x00007ff757b60000 	C:\Program Files\Java\jdk-17\bin\java.exe
0x00007ff9d5040000 - 0x00007ff9d52a7000 	C:\Windows\SYSTEM32\ntdll.dll
0x00007ff9d4420000 - 0x00007ff9d44e9000 	C:\Windows\System32\KERNEL32.DLL
0x00007ff9d27d0000 - 0x00007ff9d2bc0000 	C:\Windows\System32\KERNELBASE.dll
0x00007ff9d2c80000 - 0x00007ff9d2dcb000 	C:\Windows\System32\ucrtbase.dll
0x00007ff9add60000 - 0x00007ff9add79000 	C:\Program Files\Java\jdk-17\bin\jli.dll
0x00007ff9d4990000 - 0x00007ff9d4a44000 	C:\Windows\System32\ADVAPI32.dll
0x00007ff9d3270000 - 0x00007ff9d3319000 	C:\Windows\System32\msvcrt.dll
0x00007ff9d45d0000 - 0x00007ff9d4676000 	C:\Windows\System32\sechost.dll
0x00007ff99e2c0000 - 0x00007ff99e2db000 	C:\Program Files\Java\jdk-17\bin\VCRUNTIME140.dll
0x00007ff9d4870000 - 0x00007ff9d4988000 	C:\Windows\System32\RPCRT4.dll
0x00007ff9d2ff0000 - 0x00007ff9d31b5000 	C:\Windows\System32\USER32.dll
0x00007ff9d2450000 - 0x00007ff9d2477000 	C:\Windows\System32\win32u.dll
0x00007ff9d2fc0000 - 0x00007ff9d2feb000 	C:\Windows\System32\GDI32.dll
0x00007ff9d2510000 - 0x00007ff9d2648000 	C:\Windows\System32\gdi32full.dll
0x00007ff9d2bd0000 - 0x00007ff9d2c73000 	C:\Windows\System32\msvcp_win.dll
0x00007ff9b5aa0000 - 0x00007ff9b5d3a000 	C:\Windows\WinSxS\amd64_microsoft.windows.common-controls_6595b64144ccf1df_6.0.26100.4768_none_3e0c112ce331287c\COMCTL32.dll
0x00007ff9c19e0000 - 0x00007ff9c19eb000 	C:\Windows\SYSTEM32\VERSION.dll
0x00007ff9d4580000 - 0x00007ff9d45af000 	C:\Windows\System32\IMM32.DLL
0x00007ff9ba4e0000 - 0x00007ff9ba4ec000 	C:\Program Files\Java\jdk-17\bin\vcruntime140_1.dll
0x00007ff950f80000 - 0x00007ff95100e000 	C:\Program Files\Java\jdk-17\bin\msvcp140.dll
0x00007ff916df0000 - 0x00007ff9179d1000 	C:\Program Files\Java\jdk-17\bin\server\jvm.dll
0x00007ff9cc540000 - 0x00007ff9cc54a000 	C:\Windows\SYSTEM32\WSOCK32.dll
0x00007ff9d4340000 - 0x00007ff9d4348000 	C:\Windows\System32\PSAPI.DLL
0x00007ff9d4680000 - 0x00007ff9d46f4000 	C:\Windows\System32\WS2_32.dll
0x00007ff9bbd60000 - 0x00007ff9bbd95000 	C:\Windows\SYSTEM32\WINMM.dll
0x00007ff9d0eb0000 - 0x00007ff9d0ecb000 	C:\Windows\SYSTEM32\kernel.appcore.dll
0x00007ff9b9710000 - 0x00007ff9b971a000 	C:\Program Files\Java\jdk-17\bin\jimage.dll
0x00007ff9cf830000 - 0x00007ff9cfa71000 	C:\Windows\SYSTEM32\DBGHELP.DLL
0x00007ff9d35d0000 - 0x00007ff9d3955000 	C:\Windows\System32\combase.dll
0x00007ff9d34d0000 - 0x00007ff9d35b0000 	C:\Windows\System32\OLEAUT32.dll
0x00007ff997380000 - 0x00007ff9973c3000 	C:\Windows\SYSTEM32\dbgcore.DLL
0x00007ff9d2170000 - 0x00007ff9d2209000 	C:\Windows\System32\bcryptPrimitives.dll
0x00007ff99b6f0000 - 0x00007ff99b715000 	C:\Program Files\Java\jdk-17\bin\java.dll
0x00007ff9302d0000 - 0x00007ff9303a7000 	C:\Program Files\Java\jdk-17\bin\jsvml.dll
0x00007ff9d3960000 - 0x00007ff9d40ad000 	C:\Windows\System32\SHELL32.dll
0x00007ff9d2210000 - 0x00007ff9d2383000 	C:\Windows\System32\wintypes.dll
0x00007ff9cfd10000 - 0x00007ff9d056f000 	C:\Windows\SYSTEM32\windows.storage.dll
0x00007ff9d4220000 - 0x00007ff9d4315000 	C:\Windows\System32\SHCORE.dll
0x00007ff9d4800000 - 0x00007ff9d486a000 	C:\Windows\System32\shlwapi.dll
0x00007ff9d2090000 - 0x00007ff9d20b9000 	C:\Windows\SYSTEM32\profapi.dll
0x00007ff99c220000 - 0x00007ff99c239000 	C:\Program Files\Java\jdk-17\bin\net.dll
0x00007ff9c36d0000 - 0x00007ff9c37ee000 	C:\Windows\SYSTEM32\WINHTTP.dll
0x00007ff9d1420000 - 0x00007ff9d148b000 	C:\Windows\system32\mswsock.dll
0x00007ff99b7d0000 - 0x00007ff99b7e6000 	C:\Program Files\Java\jdk-17\bin\nio.dll
0x00007ff99aba0000 - 0x00007ff99abb8000 	C:\Program Files\Java\jdk-17\bin\zip.dll
0x00007ff99de00000 - 0x00007ff99de0a000 	C:\Program Files\Java\jdk-17\bin\management.dll
0x00007ff99dc20000 - 0x00007ff99dc2b000 	C:\Program Files\Java\jdk-17\bin\management_ext.dll
0x00007ff9d08a0000 - 0x00007ff9d08d3000 	C:\Windows\SYSTEM32\IPHLPAPI.DLL
0x00007ff9d45c0000 - 0x00007ff9d45ca000 	C:\Windows\System32\NSI.dll
0x00007ff9cc210000 - 0x00007ff9cc22f000 	C:\Windows\SYSTEM32\dhcpcsvc6.DLL
0x00007ff9cc010000 - 0x00007ff9cc035000 	C:\Windows\SYSTEM32\dhcpcsvc.DLL
0x00007ff9d0930000 - 0x00007ff9d0a56000 	C:\Windows\SYSTEM32\DNSAPI.dll
0x00007ff9c2270000 - 0x00007ff9c227b000 	C:\Windows\System32\rasadhlp.dll
0x00007ff9cc310000 - 0x00007ff9cc396000 	C:\Windows\System32\fwpuclnt.dll
0x00007ff99d890000 - 0x00007ff99d89e000 	C:\Program Files\Java\jdk-17\bin\sunmscapi.dll
0x00007ff9d2650000 - 0x00007ff9d27c7000 	C:\Windows\System32\CRYPT32.dll
0x00007ff9d1960000 - 0x00007ff9d1990000 	C:\Windows\SYSTEM32\ncrypt.dll
0x00007ff9d1910000 - 0x00007ff9d194f000 	C:\Windows\SYSTEM32\NTASN1.dll
0x00007ff9d1800000 - 0x00007ff9d181b000 	C:\Windows\SYSTEM32\CRYPTSP.dll
0x00007ff9d0e10000 - 0x00007ff9d0e4b000 	C:\Windows\system32\rsaenh.dll
0x00007ff9d14c0000 - 0x00007ff9d14eb000 	C:\Windows\SYSTEM32\USERENV.dll
0x00007ff9d2060000 - 0x00007ff9d2086000 	C:\Windows\SYSTEM32\bcrypt.dll
0x00007ff9d1660000 - 0x00007ff9d166c000 	C:\Windows\SYSTEM32\CRYPTBASE.dll
0x00007ff99c410000 - 0x00007ff99c420000 	C:\Program Files\Java\jdk-17\bin\verify.dll
0x00007ff99ddc0000 - 0x00007ff99ddd8000 	C:\Windows\system32\napinsp.dll
0x00007ff99dd20000 - 0x00007ff99dd40000 	C:\Windows\system32\wshbth.dll
0x00007ff99dea0000 - 0x00007ff99ded0000 	C:\Windows\system32\nlansp_c.dll
0x00007ff99dd00000 - 0x00007ff99dd12000 	C:\Windows\System32\winrnr.dll
0x00007ff950380000 - 0x00007ff950388000 	C:\Windows\system32\wshunix.dll

dbghelp: loaded successfully - version: 4.0.5 - missing functions: none
symbol engine: initialized successfully - sym options: 0x614 - pdb path: .;C:\Program Files\Java\jdk-17\bin;C:\Windows\SYSTEM32;C:\Windows\WinSxS\amd64_microsoft.windows.common-controls_6595b64144ccf1df_6.0.26100.4768_none_3e0c112ce331287c;C:\Program Files\Java\jdk-17\bin\server

VM Arguments:
jvm_args: -XX:+ShowCodeDetailsInExceptionMessages 
java_command: com.manamer.sellout.infraestructure.eurekaserver.EurekaserverApplication
java_class_path (initial): C:\Users\Fernanda Jama\OneDrive - Manamer\Documentos\PROYECTOS 2025-2026\sellout1\backend\infraestructure\eureka\target\classes;C:\Users\Fernanda Jama\.m2\repository\org\springframework\cloud\spring-cloud-starter-netflix-eureka-server\4.1.1\spring-cloud-starter-netflix-eureka-server-4.1.1.jar;C:\Users\Fernanda Jama\.m2\repository\org\springframework\cloud\spring-cloud-starter\4.1.2\spring-cloud-starter-4.1.2.jar;C:\Users\Fernanda Jama\.m2\repository\org\springframework\cloud\spring-cloud-context\4.1.2\spring-cloud-context-4.1.2.jar;C:\Users\Fernanda Jama\.m2\repository\org\springframework\security\spring-security-crypto\6.3.1\spring-security-crypto-6.3.1.jar;C:\Users\Fernanda Jama\.m2\repository\org\springframework\cloud\spring-cloud-commons\4.1.2\spring-cloud-commons-4.1.2.jar;C:\Users\Fernanda Jama\.m2\repository\org\springframework\security\spring-security-rsa\1.1.2\spring-security-rsa-1.1.2.jar;C:\Users\Fernanda Jama\.m2\repository\org\bouncycastle\bcprov-jdk18on\1.77\bcprov-jdk18on-1.77.jar;C:\Users\Fernanda Jama\.m2\repository\org\springframework\cloud\spring-cloud-netflix-eureka-server\4.1.1\spring-cloud-netflix-eureka-server-4.1.1.jar;C:\Users\Fernanda Jama\.m2\repository\org\springframework\boot\spring-boot-starter-web\3.2.4\spring-boot-starter-web-3.2.4.jar;C:\Users\Fernanda Jama\.m2\repository\org\springframework\boot\spring-boot-starter-json\3.2.4\spring-boot-starter-json-3.2.4.jar;C:\Users\Fernanda Jama\.m2\repository\com\fasterxml\jackson\datatype\jackson-datatype-jdk8\2.17.2\jackson-datatype-jdk8-2.17.2.jar;C:\Users\Fernanda Jama\.m2\repository\com\fasterxml\jackson\module\jackson-module-parameter-names\2.17.2\jackson-module-parameter-names-2.17.2.jar;C:\Users\Fernanda Jama\.m2\repository\org\springframework\boot\spring-boot-starter-tomcat\3.2.4\spring-boot-starter-tomcat-3.2.4.jar;C:\Users\Fernanda Jama\.m2\repository\org\apache\tomcat\embed\tomcat-embed-core\10.1.19\tomcat-embed-core-10.1.19.jar;C:\Users\Fernanda Jama\.m
Launcher Type: SUN_STANDARD

[Global flags]
     intx CICompilerCount                          = 4                                         {product} {ergonomic}
     uint ConcGCThreads                            = 2                                         {product} {ergonomic}
     uint G1ConcRefinementThreads                  = 8                                         {product} {ergonomic}
   size_t G1HeapRegionSize                         = 8388608                                   {product} {ergonomic}
    uintx GCDrainStackTargetSize                   = 64                                        {product} {ergonomic}
   size_t InitialHeapSize                          = 671088640                                 {product} {ergonomic}
   size_t MarkStackSize                            = 4194304                                   {product} {ergonomic}
   size_t MaxHeapSize                              = 10687086592                               {product} {ergonomic}
   size_t MaxNewSize                               = 6408896512                                {product} {ergonomic}
   size_t MinHeapDeltaBytes                        = 8388608                                   {product} {ergonomic}
   size_t MinHeapSize                              = 8388608                                   {product} {ergonomic}
    uintx NonNMethodCodeHeapSize                   = 5839372                                {pd product} {ergonomic}
    uintx NonProfiledCodeHeapSize                  = 122909434                              {pd product} {ergonomic}
    uintx ProfiledCodeHeapSize                     = 122909434                              {pd product} {ergonomic}
    uintx ReservedCodeCacheSize                    = 251658240                              {pd product} {ergonomic}
     bool SegmentedCodeCache                       = true                                      {product} {ergonomic}
     bool ShowCodeDetailsInExceptionMessages       = true                                   {manageable} {command line}
   size_t SoftMaxHeapSize                          = 10687086592                            {manageable} {ergonomic}
     bool UseCompressedClassPointers               = true                           {product lp64_product} {ergonomic}
     bool UseCompressedOops                        = true                           {product lp64_product} {ergonomic}
     bool UseG1GC                                  = true                                      {product} {ergonomic}
     bool UseLargePagesIndividualAllocation        = false                                  {pd product} {ergonomic}

Logging:
Log output configuration:
 #0: stdout all=warning uptime,level,tags
 #1: stderr all=off uptime,level,tags

Environment Variables:
JAVA_HOME=C:\\Program Files\\Java\\jdk-17
CLASSPATH=C:\Program Files\SAP\SAP Business One DI API\JCO\LIB\sbowrapper.jar;C:\Program Files\SAP\SAP Business One DI API\JCO\LIB\sboapi.jar
PATH=C:\\Program Files\\Java\\jdk-17\\bin;C:\\Users\\Fernanda Jama\\.trae\\tools\\maven\\latest\\bin;C:\\Users\\Fernanda Jama\\.trae\\tools\\gradle\\latest\\bin;C:\Program Files\Java\jdk-17\bin;C:\Users\Fernanda Jama\.trae\tools\maven\latest\bin;C:\Users\Fernanda Jama\.trae\tools\gradle\latest\bin;C:\Python313\Scripts\;C:\Python313\;C:\Program Files\Microsoft MPI\Bin\;C:\Program Files\Common Files\Oracle\Java\javapath;C:\Windows\system32;C:\Windows;C:\Windows\System32\Wbem;C:\Windows\System32\WindowsPowerShell\v1.0\;C:\Windows\System32\OpenSSH\;C:\Program Files\Microsoft SQL Server\Client SDK\ODBC\170\Tools\Binn\;C:\Program Files (x86)\Microsoft SQL Server\150\Tools\Binn\;C:\Program Files\Microsoft SQL Server\150\Tools\Binn\;C:\Program Files\Microsoft SQL Server\150\DTS\Binn\;C:\Program Files (x86)\Microsoft SQL Server\160\DTS\Binn\;C:\Program Files\nodejs\;C:\ProgramData\chocolatey\bin;C:\Program Files\SAP\SAP Business One DI API\JCO\LIB\;C:\Program Files\SAP\SAP Business One DI API\DI API 90;C:\Program Files\SAP\SAP Business One\;C:\Program Files\apache-maven-3.8.8-bin\apache-maven-3.8.8\bin;C:\Users\Fernanda Jama\AppData\Local\Microsoft\WindowsApps;C:\Users\Fernanda Jama\AppData\Local\GitHubDesktop\bin;C:\Users\Fernanda Jama\AppData\Local\Programs\Microsoft VS Code\bin;C:\Users\Fernanda Jama\AppData\Roaming\npm
USERNAME=Fernanda Jama
LANG=en_US.UTF-8
OS=Windows_NT
PROCESSOR_IDENTIFIER=Intel64 Family 6 Model 140 Stepping 1, GenuineIntel



---------------  S Y S T E M  ---------------

OS:
 Windows 11 , 64 bit Build 26100 (10.0.26100.4768)
OS uptime: 0 days 8:28 hours
Hyper-V role detected

CPU: total 8 (initial active 8) (4 cores per cpu, 2 threads per core) family 6 model 140 stepping 1 microcode 0xb8, cx8, cmov, fxsr, ht, mmx, 3dnowpref, sse, sse2, sse3, ssse3, sse4.1, sse4.2, popcnt, lzcnt, tsc, tscinvbit, avx, avx2, aes, erms, clmul, bmi1, bmi2, adx, avx512f, avx512dq, avx512cd, avx512bw, avx512vl, sha, fma, vzeroupper, avx512_vpopcntdq, avx512_vpclmulqdq, avx512_vaes, avx512_vnni, clflush, clflushopt, clwb, avx512_vbmi2, avx512_vbmi, hv

Memory: 4k page, system-wide physical 40743M (4399M free)
TotalPageFile size 101623M (AvailPageFile size 5M)
current process WorkingSet (physical memory assigned to process): 98M, peak: 296M
current process commit charge ("private bytes"): 320M, peak: 821M

vm_info: Java HotSpot(TM) 64-Bit Server VM (17.0.15+9-LTS-241) for windows-amd64 JRE (17.0.15+9-LTS-241), built on Feb 20 2025 10:49:54 by "mach5one" with MS VC++ 17.6 (VS2022)

END.
