#
# There is insufficient memory for the Java Runtime Environment to continue.
# Native memory allocation (malloc) failed to allocate 1048576 bytes. Error detail: AllocateHeap
# Possible reasons:
#   The system is out of physical RAM or swap space
#   This process is running with CompressedOops enabled, and the Java Heap may be blocking the growth of the native heap
# Possible solutions:
#   Reduce memory load on the system
#   Increase physical memory or swap space
#   Check if swap backing store is full
#   Decrease Java heap size (-Xmx/-Xms)
#   Decrease number of Java threads
#   Decrease Java thread stack sizes (-Xss)
#   Set larger code cache with -XX:ReservedCodeCacheSize=
#   JVM is running with Unscaled Compressed Oops mode in which the Java heap is
#     placed in the first 4GB address space. The Java Heap base address is the
#     maximum limit for the native heap growth. Please use -XX:HeapBaseMinAddress
#     to set the Java Heap base and to place the Java Heap above 4GB virtual address.
# This output file may be truncated or incomplete.
#
#  Out of Memory Error (allocation.cpp:44), pid=15020, tid=14052
#
# JRE version: OpenJDK Runtime Environment Temurin-21.0.8+9 (21.0.8+9) (build 21.0.8+9-LTS)
# Java VM: OpenJDK 64-Bit Server VM Temurin-21.0.8+9 (21.0.8+9-LTS, mixed mode, sharing, tiered, compressed oops, compressed class ptrs, parallel gc, windows-amd64)
# No core dump will be written. Minidumps are not enabled by default on client versions of Windows
#

---------------  S U M M A R Y ------------

Command Line: --add-modules=ALL-SYSTEM --add-opens=java.base/java.util=ALL-UNNAMED --add-opens=java.base/java.lang=ALL-UNNAMED --add-opens=java.base/sun.nio.fs=ALL-UNNAMED -Declipse.application=org.eclipse.jdt.ls.core.id1 -Dosgi.bundles.defaultStartLevel=4 -Declipse.product=org.eclipse.jdt.ls.core.product -Djava.import.generatesMetadataFilesAtProjectRoot=false -DDetectVMInstallationsJob.disabled=true -Dfile.encoding=utf8 -XX:+UseParallelGC -XX:GCTimeRatio=4 -XX:AdaptiveSizePolicyWeight=90 -Dsun.zip.disableMemoryMapping=true -Xmx2G -Xms100m -Xlog:disable -javaagent:c:\Users\Fernanda Jama\.trae\extensions\redhat.java-1.44.0-win32-x64\lombok\lombok-1.18.39-4050.jar -XX:+HeapDumpOnOutOfMemoryError -XX:HeapDumpPath=c:\Users\Fernanda Jama\AppData\Roaming\Trae\User\workspaceStorage\15c722b02b3b73826bcb58a08aa3cd52\redhat.java -Daether.dependencyCollector.impl=bf c:\Users\Fernanda Jama\.trae\extensions\redhat.java-1.44.0-win32-x64\server\plugins\org.eclipse.equinox.launcher_1.7.0.v20250519-0528.jar -configuration c:\Users\Fernanda Jama\AppData\Roaming\Trae\User\globalStorage\redhat.java\1.44.0\config_win -data c:\Users\Fernanda Jama\AppData\Roaming\Trae\User\workspaceStorage\15c722b02b3b73826bcb58a08aa3cd52\redhat.java\jdt_ws --pipe=\\.\pipe\lsp-4d32a8f3144f84519e94e62cd028a1d0-sock

Host: 11th Gen Intel(R) Core(TM) i7-1165G7 @ 2.80GHz, 8 cores, 39G,  Windows 11 , 64 bit Build 26100 (10.0.26100.4768)
Time: Mon Sep  1 18:23:52 2025 Hora est. Pacífico, Sudamérica elapsed time: 15797.820926 seconds (0d 4h 23m 17s)

---------------  T H R E A D  ---------------

Current thread (0x000001aac84e48d0):  JavaThread "Attach Listener" daemon [_thread_in_vm, id=14052, stack(0x0000003f3f500000,0x0000003f3f600000) (1024K)]

Stack: [0x0000003f3f500000,0x0000003f3f600000]
Native frames: (J=compiled Java code, j=interpreted, Vv=VM code, C=native code)
V  [jvm.dll+0x6d2449]
V  [jvm.dll+0x8ae341]
V  [jvm.dll+0x8b08be]
V  [jvm.dll+0x8b0fa3]
V  [jvm.dll+0x280c96]
V  [jvm.dll+0xc0347]
V  [jvm.dll+0x6d2cf9]
V  [jvm.dll+0x131116]
V  [jvm.dll+0x3f2d16]
V  [jvm.dll+0x857e6b]
V  [jvm.dll+0x6d0b0d]
C  [ucrtbase.dll+0x37b0]
C  [KERNEL32.DLL+0x2e8d7]
C  [ntdll.dll+0x3c34c]


---------------  P R O C E S S  ---------------

Threads class SMR info:
_java_thread_list=0x000001ab10aad2e0, length=50, elements={
0x000001aaaf32b0a0, 0x000001aaaf3de1e0, 0x000001aac84df110, 0x000001aac84e3c80,
0x000001aac84e48d0, 0x000001aac84e5520, 0x000001aac84e6170, 0x000001aac84e8fb0,
0x000001aac8508d90, 0x000001aaaf399a00, 0x000001ab0f3e8830, 0x000001ab0f510d80,
0x000001ab0fdd6810, 0x000001ab0ff45690, 0x000001ab0fde7b70, 0x000001ab1012a5b0,
0x000001ab10132c20, 0x000001ab0fb00760, 0x000001ab0fafed20, 0x000001ab0fb000d0,
0x000001ab11c89e10, 0x000001ab11c89780, 0x000001ab11c87d40, 0x000001ab11c8b1c0,
0x000001ab11c8b850, 0x000001ab11c8a4a0, 0x000001ab11c8ab30, 0x000001ab11c883d0,
0x000001ab11c8bee0, 0x000001ab11c88a60, 0x000001ab11c8c570, 0x000001ab11c8cc00,
0x000001ab11429dc0, 0x000001ab137c2700, 0x000001ab137bffa0, 0x000001ab114290a0,
0x000001ab0fbe7930, 0x000001ab0fbe6c10, 0x000001ab0fbe72a0, 0x000001ab0fbe7fc0,
0x000001ab0fbe4b40, 0x000001ab0fbe51d0, 0x000001ab0fbe5860, 0x000001ab0fbe8ce0,
0x000001ab0fbe6580, 0x000001ab0fbe5ef0, 0x000001ab0fbea090, 0x000001ab0fbea720,
0x000001ab13aa3f00, 0x000001ab11184de0
}

Java Threads: ( => current thread )
  0x000001aaaf32b0a0 JavaThread "main"                              [_thread_blocked, id=22516, stack(0x0000003f3ee00000,0x0000003f3ef00000) (1024K)]
  0x000001aaaf3de1e0 JavaThread "Reference Handler"          daemon [_thread_blocked, id=24288, stack(0x0000003f3f200000,0x0000003f3f300000) (1024K)]
  0x000001aac84df110 JavaThread "Finalizer"                  daemon [_thread_blocked, id=21568, stack(0x0000003f3f300000,0x0000003f3f400000) (1024K)]
  0x000001aac84e3c80 JavaThread "Signal Dispatcher"          daemon [_thread_blocked, id=4688, stack(0x0000003f3f400000,0x0000003f3f500000) (1024K)]
=>0x000001aac84e48d0 JavaThread "Attach Listener"            daemon [_thread_in_vm, id=14052, stack(0x0000003f3f500000,0x0000003f3f600000) (1024K)]
  0x000001aac84e5520 JavaThread "Service Thread"             daemon [_thread_blocked, id=24344, stack(0x0000003f3f600000,0x0000003f3f700000) (1024K)]
  0x000001aac84e6170 JavaThread "Monitor Deflation Thread"   daemon [_thread_blocked, id=14980, stack(0x0000003f3f700000,0x0000003f3f800000) (1024K)]
  0x000001aac84e8fb0 JavaThread "C2 CompilerThread0"         daemon [_thread_blocked, id=7692, stack(0x0000003f3f800000,0x0000003f3f900000) (1024K)]
  0x000001aac8508d90 JavaThread "C1 CompilerThread0"         daemon [_thread_blocked, id=5540, stack(0x0000003f3f900000,0x0000003f3fa00000) (1024K)]
  0x000001aaaf399a00 JavaThread "Common-Cleaner"             daemon [_thread_blocked, id=20632, stack(0x0000003f3fa00000,0x0000003f3fb00000) (1024K)]
  0x000001ab0f3e8830 JavaThread "Notification Thread"        daemon [_thread_blocked, id=19148, stack(0x0000003f3fc00000,0x0000003f3fd00000) (1024K)]
  0x000001ab0f510d80 JavaThread "Active Thread: Equinox Container: bc2cb228-fae0-4640-99ed-22ef7901f5c7"        [_thread_blocked, id=7864, stack(0x0000003f40400000,0x0000003f40500000) (1024K)]
  0x000001ab0fdd6810 JavaThread "Refresh Thread: Equinox Container: bc2cb228-fae0-4640-99ed-22ef7901f5c7" daemon [_thread_blocked, id=22092, stack(0x0000003f3fd00000,0x0000003f3fe00000) (1024K)]
  0x000001ab0ff45690 JavaThread "Framework Event Dispatcher: Equinox Container: bc2cb228-fae0-4640-99ed-22ef7901f5c7" daemon [_thread_blocked, id=12552, stack(0x0000003f40600000,0x0000003f40700000) (1024K)]
  0x000001ab0fde7b70 JavaThread "Start Level: Equinox Container: bc2cb228-fae0-4640-99ed-22ef7901f5c7" daemon [_thread_blocked, id=22616, stack(0x0000003f40700000,0x0000003f40800000) (1024K)]
  0x000001ab1012a5b0 JavaThread "Bundle File Closer"         daemon [_thread_blocked, id=6800, stack(0x0000003f3fb00000,0x0000003f3fc00000) (1024K)]
  0x000001ab10132c20 JavaThread "SCR Component Actor"        daemon [_thread_blocked, id=18820, stack(0x0000003f40800000,0x0000003f40900000) (1024K)]
  0x000001ab0fb00760 JavaThread "Worker-JM"                         [_thread_blocked, id=23404, stack(0x0000003f40b00000,0x0000003f40c00000) (1024K)]
  0x000001ab0fafed20 JavaThread "JNA Cleaner"                daemon [_thread_blocked, id=22352, stack(0x0000003f40a00000,0x0000003f40b00000) (1024K)]
  0x000001ab0fb000d0 JavaThread "Java indexing"              daemon [_thread_blocked, id=25156, stack(0x0000003f41100000,0x0000003f41200000) (1024K)]
  0x000001ab11c89e10 JavaThread "Thread-2"                   daemon [_thread_in_native, id=14172, stack(0x0000003f41600000,0x0000003f41700000) (1024K)]
  0x000001ab11c89780 JavaThread "Thread-3"                   daemon [_thread_in_native, id=19984, stack(0x0000003f41700000,0x0000003f41800000) (1024K)]
  0x000001ab11c87d40 JavaThread "Thread-4"                   daemon [_thread_in_native, id=4752, stack(0x0000003f41800000,0x0000003f41900000) (1024K)]
  0x000001ab11c8b1c0 JavaThread "Thread-5"                   daemon [_thread_in_native, id=20568, stack(0x0000003f41900000,0x0000003f41a00000) (1024K)]
  0x000001ab11c8b850 JavaThread "Thread-6"                   daemon [_thread_in_native, id=24240, stack(0x0000003f41a00000,0x0000003f41b00000) (1024K)]
  0x000001ab11c8a4a0 JavaThread "Thread-7"                   daemon [_thread_in_native, id=17488, stack(0x0000003f41b00000,0x0000003f41c00000) (1024K)]
  0x000001ab11c8ab30 JavaThread "Thread-8"                   daemon [_thread_in_native, id=20272, stack(0x0000003f41c00000,0x0000003f41d00000) (1024K)]
  0x000001ab11c883d0 JavaThread "Thread-9"                   daemon [_thread_in_native, id=24428, stack(0x0000003f41d00000,0x0000003f41e00000) (1024K)]
  0x000001ab11c8bee0 JavaThread "Thread-10"                  daemon [_thread_in_native, id=18692, stack(0x0000003f41e00000,0x0000003f41f00000) (1024K)]
  0x000001ab11c88a60 JavaThread "pool-2-thread-1"                   [_thread_blocked, id=18020, stack(0x0000003f41f00000,0x0000003f42000000) (1024K)]
  0x000001ab11c8c570 JavaThread "WorkspaceEventsHandler"            [_thread_blocked, id=12300, stack(0x0000003f42000000,0x0000003f42100000) (1024K)]
  0x000001ab11c8cc00 JavaThread "pool-1-thread-1"                   [_thread_blocked, id=2804, stack(0x0000003f42100000,0x0000003f42200000) (1024K)]
  0x000001ab11429dc0 JavaThread "Cleaner-0"                  daemon [_thread_blocked, id=10808, stack(0x0000003f44100000,0x0000003f44200000) (1024K)]
  0x000001ab137c2700 JavaThread "Java Debug Server"          daemon [_thread_in_native, id=3884, stack(0x0000003f43c00000,0x0000003f43d00000) (1024K)]
  0x000001ab137bffa0 JavaThread "pool-19-thread-1"                  [_thread_in_native, id=23012, stack(0x0000003f43f00000,0x0000003f44000000) (1024K)]
  0x000001ab114290a0 JavaThread "RxSchedulerPurge-1"         daemon [_thread_blocked, id=24132, stack(0x0000003f44000000,0x0000003f44100000) (1024K)]
  0x000001ab0fbe7930 JavaThread "RxCachedWorkerPoolEvictor-1" daemon [_thread_blocked, id=9752, stack(0x0000003f44200000,0x0000003f44300000) (1024K)]
  0x000001ab0fbe6c10 JavaThread "RxNewThreadScheduler-1"     daemon [_thread_blocked, id=10468, stack(0x0000003f44300000,0x0000003f44400000) (1024K)]
  0x000001ab0fbe72a0 JavaThread "process reaper (pid 1936)"  daemon [_thread_in_native, id=18112, stack(0x0000003f3eb20000,0x0000003f3eb40000) (128K)]
  0x000001ab0fbe7fc0 JavaThread "pool-19-thread-2"                  [_thread_in_native, id=23984, stack(0x0000003f40d00000,0x0000003f40e00000) (1024K)]
  0x000001ab0fbe4b40 JavaThread "RxNewThreadScheduler-3"     daemon [_thread_blocked, id=24996, stack(0x0000003f40e00000,0x0000003f40f00000) (1024K)]
  0x000001ab0fbe51d0 JavaThread "process reaper (pid 9404)"  daemon [_thread_in_native, id=13140, stack(0x0000003f3eb40000,0x0000003f3eb60000) (128K)]
  0x000001ab0fbe5860 JavaThread "pool-19-thread-3"                  [_thread_in_native, id=2720, stack(0x0000003f41000000,0x0000003f41100000) (1024K)]
  0x000001ab0fbe8ce0 JavaThread "RxNewThreadScheduler-5"     daemon [_thread_blocked, id=2376, stack(0x0000003f41200000,0x0000003f41300000) (1024K)]
  0x000001ab0fbe6580 JavaThread "process reaper (pid 6880)"  daemon [_thread_in_native, id=10220, stack(0x0000003f3eb60000,0x0000003f3eb80000) (128K)]
  0x000001ab0fbe5ef0 JavaThread "pool-19-thread-4"                  [_thread_in_native, id=5524, stack(0x0000003f42200000,0x0000003f42300000) (1024K)]
  0x000001ab0fbea090 JavaThread "RxNewThreadScheduler-7"     daemon [_thread_blocked, id=3420, stack(0x0000003f42400000,0x0000003f42500000) (1024K)]
  0x000001ab0fbea720 JavaThread "process reaper (pid 4856)"  daemon [_thread_in_native, id=19020, stack(0x0000003f3eb80000,0x0000003f3eba0000) (128K)]
  0x000001ab13aa3f00 JavaThread "Worker-54"                         [_thread_blocked, id=8936, stack(0x0000003f42900000,0x0000003f42a00000) (1024K)]
  0x000001ab11184de0 JavaThread "Worker-59"                         [_thread_blocked, id=26948, stack(0x0000003f40c00000,0x0000003f40d00000) (1024K)]
Total: 50

Other Threads:
  0x000001aac84d34a0 VMThread "VM Thread"                           [id=17288, stack(0x0000003f3f100000,0x0000003f3f200000) (1024K)]
  0x000001aaaf398d30 WatcherThread "VM Periodic Task Thread"        [id=18560, stack(0x0000003f3f000000,0x0000003f3f100000) (1024K)]
  0x000001aaaf34ac70 WorkerThread "GC Thread#0"                     [id=18300, stack(0x0000003f3ef00000,0x0000003f3f000000) (1024K)]
  0x000001ab0f762a00 WorkerThread "GC Thread#1"                     [id=22696, stack(0x0000003f3fe00000,0x0000003f3ff00000) (1024K)]
  0x000001ab0f762da0 WorkerThread "GC Thread#2"                     [id=4136, stack(0x0000003f3ff00000,0x0000003f40000000) (1024K)]
  0x000001ab0f71bed0 WorkerThread "GC Thread#3"                     [id=12760, stack(0x0000003f40000000,0x0000003f40100000) (1024K)]
  0x000001ab0f71c270 WorkerThread "GC Thread#4"                     [id=8844, stack(0x0000003f40100000,0x0000003f40200000) (1024K)]
  0x000001ab0f71c610 WorkerThread "GC Thread#5"                     [id=13104, stack(0x0000003f40200000,0x0000003f40300000) (1024K)]
  0x000001ab0f71c9b0 WorkerThread "GC Thread#6"                     [id=1296, stack(0x0000003f40300000,0x0000003f40400000) (1024K)]
  0x000001ab0ff54d80 WorkerThread "GC Thread#7"                     [id=15308, stack(0x0000003f40500000,0x0000003f40600000) (1024K)]
Total: 10

Threads with active compile tasks:
Total: 0

VM state: not at safepoint (normal execution)

VM Mutex/Monitor currently owned by a thread: None

Heap address: 0x0000000080000000, size: 2048 MB, Compressed Oops mode: 32-bit

CDS archive(s) mapped at: [0x000001aac9000000-0x000001aac9ba0000-0x000001aac9ba0000), size 12189696, SharedBaseAddress: 0x000001aac9000000, ArchiveRelocationMode: 1.
Compressed class space mapped at: 0x000001aaca000000-0x000001ab0a000000, reserved size: 1073741824
Narrow klass base: 0x000001aac9000000, Narrow klass shift: 0, Narrow klass range: 0x100000000

GC Precious Log:
 CardTable entry size: 512
 CPUs: 8 total, 8 available
 Memory: 40743M
 Large Page Support: Disabled
 NUMA Support: Disabled
 Compressed Oops: Enabled (32-bit)
 Alignments: Space 512K, Generation 512K, Heap 2M
 Heap Min Capacity: 100M
 Heap Initial Capacity: 100M
 Heap Max Capacity: 2G
 Pre-touch: Disabled
 Parallel Workers: 8

Heap:
 PSYoungGen      total 8192K, used 1121K [0x00000000d5580000, 0x00000000d5f80000, 0x0000000100000000)
  eden space 7168K, 3% used [0x00000000d5580000,0x00000000d55c26a8,0x00000000d5c80000)
  from space 1024K, 83% used [0x00000000d5c80000,0x00000000d5d55dd0,0x00000000d5d80000)
  to   space 1536K, 0% used [0x00000000d5e00000,0x00000000d5e00000,0x00000000d5f80000)
 ParOldGen       total 816640K, used 816214K [0x0000000080000000, 0x00000000b1d80000, 0x00000000d5580000)
  object space 816640K, 99% used [0x0000000080000000,0x00000000b1d15890,0x00000000b1d80000)
 Metaspace       used 106438K, committed 108032K, reserved 1179648K
  class space    used 10517K, committed 11200K, reserved 1048576K

Card table byte_map: [0x000001aac3820000,0x000001aac3c30000] _byte_map_base: 0x000001aac3420000

Marking Bits: (ParMarkBitMap*) 0x00007fffd8f3a340
 Begin Bits: [0x000001aac3ee0000, 0x000001aac5ee0000)
 End Bits:   [0x000001aac5ee0000, 0x000001aac7ee0000)

Polling page: 0x000001aaaf1d0000

Metaspace:

Usage:
  Non-class:     93.67 MB used.
      Class:     10.27 MB used.
       Both:    103.94 MB used.

Virtual space:
  Non-class space:      128.00 MB reserved,      94.56 MB ( 74%) committed,  2 nodes.
      Class space:        1.00 GB reserved,      10.94 MB (  1%) committed,  1 nodes.
             Both:        1.12 GB reserved,     105.50 MB (  9%) committed. 

Chunk freelists:
   Non-Class:  1.42 MB
       Class:  5.01 MB
        Both:  6.44 MB

MaxMetaspaceSize: unlimited
CompressedClassSpaceSize: 1.00 GB
Initial GC threshold: 21.00 MB
Current GC threshold: 175.62 MB
CDS: on
 - commit_granule_bytes: 65536.
 - commit_granule_words: 8192.
 - virtual_space_node_default_size: 8388608.
 - enlarge_chunks_in_place: 1.
 - use_allocation_guard: 0.


Internal statistics:

num_allocs_failed_limit: 11.
num_arena_births: 2162.
num_arena_deaths: 572.
num_vsnodes_births: 3.
num_vsnodes_deaths: 0.
num_space_committed: 1688.
num_space_uncommitted: 0.
num_chunks_returned_to_freelist: 669.
num_chunks_taken_from_freelist: 7874.
num_chunk_merges: 180.
num_chunk_splits: 4464.
num_chunks_enlarged: 2354.
num_inconsistent_stats: 0.

CodeHeap 'non-profiled nmethods': size=120000Kb used=32374Kb max_used=37676Kb free=87626Kb
 bounds [0x000001aabc200000, 0x000001aabe6d0000, 0x000001aac3730000]
CodeHeap 'profiled nmethods': size=120000Kb used=32618Kb max_used=60135Kb free=87381Kb
 bounds [0x000001aab4730000, 0x000001aab8230000, 0x000001aabbc60000]
CodeHeap 'non-nmethods': size=5760Kb used=1578Kb max_used=1691Kb free=4182Kb
 bounds [0x000001aabbc60000, 0x000001aabbed0000, 0x000001aabc200000]
CodeCache: size=245760Kb, used=66570Kb, max_used=99502Kb, free=179189Kb
 total_blobs=17644, nmethods=16750, adapters=791, full_count=0
Compilation: enabled, stopped_count=0, restarted_count=0

Compilation events (20 events):
Event: 14486.264 Thread 0x000001aac8508d90 38221       3       com.google.gson.internal.bind.NumberTypeAdapter::read (96 bytes)
Event: 14486.268 Thread 0x000001aac84e8fb0 38222  s    4       org.eclipse.jdt.core.dom.DefaultBindingResolver::resolveVariable (152 bytes)
Event: 14486.281 Thread 0x000001aac8508d90 nmethod 38221 0x000001aab7523a10 code [0x000001aab7523ce0, 0x000001aab75249e8]
Event: 14486.330 Thread 0x000001aac84e8fb0 nmethod 38222 0x000001aabe3d2890 code [0x000001aabe3d2b80, 0x000001aabe3d4040]
Event: 14486.585 Thread 0x000001aac84e8fb0 38223       4       java.util.regex.Pattern::clazz (462 bytes)
Event: 14486.631 Thread 0x000001aac8508d90 38224       1       org.eclipse.jdt.internal.compiler.lookup.PackageBinding::kind (3 bytes)
Event: 14486.631 Thread 0x000001aac8508d90 nmethod 38224 0x000001aabd1f1890 code [0x000001aabd1f1a20, 0x000001aabd1f1ae8]
Event: 14486.688 Thread 0x000001aac84e8fb0 nmethod 38223 0x000001aabdc3c090 code [0x000001aabdc3c460, 0x000001aabdc3db78]
Event: 14486.689 Thread 0x000001aac84e8fb0 38225       4       org.eclipse.jdt.ls.core.internal.semantictokens.SemanticTokensVisitor::acceptNodeList (43 bytes)
Event: 14486.790 Thread 0x000001aac84e8fb0 nmethod 38225 0x000001aabd0fbd10 code [0x000001aabd0fbfa0, 0x000001aabd0fcd20]
Event: 14486.868 Thread 0x000001aac8508d90 38226       3       org.eclipse.jdt.internal.compiler.ast.FakedTrackingVariable::nameForReporting (132 bytes)
Event: 14486.883 Thread 0x000001aac8508d90 nmethod 38226 0x000001aab5684510 code [0x000001aab56847c0, 0x000001aab5685210]
Event: 14486.991 Thread 0x000001aac84e8fb0 38227       4       org.eclipse.jdt.core.dom.NormalAnnotation::accept0 (34 bytes)
Event: 14487.044 Thread 0x000001aac84e8fb0 nmethod 38227 0x000001aabca4a010 code [0x000001aabca4a240, 0x000001aabca4ae78]
Event: 15414.484 Thread 0x000001aac8508d90 38228       3       java.util.logging.LogManager$LoggerContext::ensureDefaultLogger (71 bytes)
Event: 15414.493 Thread 0x000001aac8508d90 nmethod 38228 0x000001aab5110110 code [0x000001aab5110320, 0x000001aab5110a90]
Event: 15464.816 Thread 0x000001aac8508d90 38229       3       io.reactivex.internal.schedulers.IoScheduler$CachedWorkerPool::run (5 bytes)
Event: 15464.818 Thread 0x000001aac8508d90 nmethod 38229 0x000001aab504d390 code [0x000001aab504d540, 0x000001aab504d678]
Event: 15464.818 Thread 0x000001aac8508d90 38230       3       io.reactivex.internal.schedulers.IoScheduler$CachedWorkerPool::evictExpiredWorkers (79 bytes)
Event: 15464.845 Thread 0x000001aac8508d90 nmethod 38230 0x000001aab5b59f10 code [0x000001aab5b5a1a0, 0x000001aab5b5ac60]

GC Heap History (20 events):
Event: 14246.783 GC heap before
{Heap before GC invocations=8640 (full 11):
 PSYoungGen      total 10240K, used 10105K [0x00000000d5580000, 0x00000000d6200000, 0x0000000100000000)
  eden space 9216K, 100% used [0x00000000d5580000,0x00000000d5e80000,0x00000000d5e80000)
  from space 1024K, 86% used [0x00000000d5e80000,0x00000000d5f5e410,0x00000000d5f80000)
  to   space 1536K, 0% used [0x00000000d6080000,0x00000000d6080000,0x00000000d6200000)
 ParOldGen       total 806912K, used 806855K [0x0000000080000000, 0x00000000b1400000, 0x00000000d5580000)
  object space 806912K, 99% used [0x0000000080000000,0x00000000b13f1dd8,0x00000000b1400000)
 Metaspace       used 106426K, committed 107968K, reserved 1179648K
  class space    used 10517K, committed 11200K, reserved 1048576K
}
Event: 14246.790 GC heap after
{Heap after GC invocations=8640 (full 11):
 PSYoungGen      total 10752K, used 1280K [0x00000000d5580000, 0x00000000d6200000, 0x0000000100000000)
  eden space 9216K, 0% used [0x00000000d5580000,0x00000000d5580000,0x00000000d5e80000)
  from space 1536K, 83% used [0x00000000d6080000,0x00000000d61c0020,0x00000000d6200000)
  to   space 1536K, 0% used [0x00000000d5f00000,0x00000000d5f00000,0x00000000d6080000)
 ParOldGen       total 807936K, used 807632K [0x0000000080000000, 0x00000000b1500000, 0x00000000d5580000)
  object space 807936K, 99% used [0x0000000080000000,0x00000000b14b4208,0x00000000b1500000)
 Metaspace       used 106426K, committed 107968K, reserved 1179648K
  class space    used 10517K, committed 11200K, reserved 1048576K
}
Event: 14480.177 GC heap before
{Heap before GC invocations=8641 (full 11):
 PSYoungGen      total 10752K, used 10496K [0x00000000d5580000, 0x00000000d6200000, 0x0000000100000000)
  eden space 9216K, 100% used [0x00000000d5580000,0x00000000d5e80000,0x00000000d5e80000)
  from space 1536K, 83% used [0x00000000d6080000,0x00000000d61c0020,0x00000000d6200000)
  to   space 1536K, 0% used [0x00000000d5f00000,0x00000000d5f00000,0x00000000d6080000)
 ParOldGen       total 807936K, used 807632K [0x0000000080000000, 0x00000000b1500000, 0x00000000d5580000)
  object space 807936K, 99% used [0x0000000080000000,0x00000000b14b4208,0x00000000b1500000)
 Metaspace       used 106428K, committed 108032K, reserved 1179648K
  class space    used 10517K, committed 11200K, reserved 1048576K
}
Event: 14480.188 GC heap after
{Heap after GC invocations=8641 (full 11):
 PSYoungGen      total 10752K, used 1495K [0x00000000d5580000, 0x00000000d6280000, 0x0000000100000000)
  eden space 9216K, 0% used [0x00000000d5580000,0x00000000d5580000,0x00000000d5e80000)
  from space 1536K, 97% used [0x00000000d5f00000,0x00000000d6075dd0,0x00000000d6080000)
  to   space 2048K, 0% used [0x00000000d6080000,0x00000000d6080000,0x00000000d6280000)
 ParOldGen       total 808960K, used 808735K [0x0000000080000000, 0x00000000b1600000, 0x00000000d5580000)
  object space 808960K, 99% used [0x0000000080000000,0x00000000b15c7db0,0x00000000b1600000)
 Metaspace       used 106428K, committed 108032K, reserved 1179648K
  class space    used 10517K, committed 11200K, reserved 1048576K
}
Event: 14485.798 GC heap before
{Heap before GC invocations=8642 (full 11):
 PSYoungGen      total 10752K, used 10711K [0x00000000d5580000, 0x00000000d6280000, 0x0000000100000000)
  eden space 9216K, 100% used [0x00000000d5580000,0x00000000d5e80000,0x00000000d5e80000)
  from space 1536K, 97% used [0x00000000d5f00000,0x00000000d6075dd0,0x00000000d6080000)
  to   space 2048K, 0% used [0x00000000d6080000,0x00000000d6080000,0x00000000d6280000)
 ParOldGen       total 808960K, used 808735K [0x0000000080000000, 0x00000000b1600000, 0x00000000d5580000)
  object space 808960K, 99% used [0x0000000080000000,0x00000000b15c7db0,0x00000000b1600000)
 Metaspace       used 106428K, committed 108032K, reserved 1179648K
  class space    used 10517K, committed 11200K, reserved 1048576K
}
Event: 14485.804 GC heap after
{Heap after GC invocations=8642 (full 11):
 PSYoungGen      total 10240K, used 749K [0x00000000d5580000, 0x00000000d6180000, 0x0000000100000000)
  eden space 9216K, 0% used [0x00000000d5580000,0x00000000d5580000,0x00000000d5e80000)
  from space 1024K, 73% used [0x00000000d6080000,0x00000000d613b770,0x00000000d6180000)
  to   space 1536K, 0% used [0x00000000d5e80000,0x00000000d5e80000,0x00000000d6000000)
 ParOldGen       total 810496K, used 810068K [0x0000000080000000, 0x00000000b1780000, 0x00000000d5580000)
  object space 810496K, 99% used [0x0000000080000000,0x00000000b17152e0,0x00000000b1780000)
 Metaspace       used 106428K, committed 108032K, reserved 1179648K
  class space    used 10517K, committed 11200K, reserved 1048576K
}
Event: 14485.947 GC heap before
{Heap before GC invocations=8643 (full 11):
 PSYoungGen      total 10240K, used 9965K [0x00000000d5580000, 0x00000000d6180000, 0x0000000100000000)
  eden space 9216K, 100% used [0x00000000d5580000,0x00000000d5e80000,0x00000000d5e80000)
  from space 1024K, 73% used [0x00000000d6080000,0x00000000d613b770,0x00000000d6180000)
  to   space 1536K, 0% used [0x00000000d5e80000,0x00000000d5e80000,0x00000000d6000000)
 ParOldGen       total 810496K, used 810068K [0x0000000080000000, 0x00000000b1780000, 0x00000000d5580000)
  object space 810496K, 99% used [0x0000000080000000,0x00000000b17152e0,0x00000000b1780000)
 Metaspace       used 106428K, committed 108032K, reserved 1179648K
  class space    used 10517K, committed 11200K, reserved 1048576K
}
Event: 14485.953 GC heap after
{Heap after GC invocations=8643 (full 11):
 PSYoungGen      total 10752K, used 640K [0x00000000d5580000, 0x00000000d6100000, 0x0000000100000000)
  eden space 9216K, 0% used [0x00000000d5580000,0x00000000d5580000,0x00000000d5e80000)
  from space 1536K, 41% used [0x00000000d5e80000,0x00000000d5f20000,0x00000000d6000000)
  to   space 1024K, 0% used [0x00000000d6000000,0x00000000d6000000,0x00000000d6100000)
 ParOldGen       total 811008K, used 810568K [0x0000000080000000, 0x00000000b1800000, 0x00000000d5580000)
  object space 811008K, 99% used [0x0000000080000000,0x00000000b17920c8,0x00000000b1800000)
 Metaspace       used 106428K, committed 108032K, reserved 1179648K
  class space    used 10517K, committed 11200K, reserved 1048576K
}
Event: 14486.150 GC heap before
{Heap before GC invocations=8644 (full 11):
 PSYoungGen      total 10752K, used 9856K [0x00000000d5580000, 0x00000000d6100000, 0x0000000100000000)
  eden space 9216K, 100% used [0x00000000d5580000,0x00000000d5e80000,0x00000000d5e80000)
  from space 1536K, 41% used [0x00000000d5e80000,0x00000000d5f20000,0x00000000d6000000)
  to   space 1024K, 0% used [0x00000000d6000000,0x00000000d6000000,0x00000000d6100000)
 ParOldGen       total 811008K, used 810568K [0x0000000080000000, 0x00000000b1800000, 0x00000000d5580000)
  object space 811008K, 99% used [0x0000000080000000,0x00000000b17920c8,0x00000000b1800000)
 Metaspace       used 106428K, committed 108032K, reserved 1179648K
  class space    used 10517K, committed 11200K, reserved 1048576K
}
Event: 14486.155 GC heap after
{Heap after GC invocations=8644 (full 11):
 PSYoungGen      total 9728K, used 992K [0x00000000d5580000, 0x00000000d6280000, 0x0000000100000000)
  eden space 8704K, 0% used [0x00000000d5580000,0x00000000d5580000,0x00000000d5e00000)
  from space 1024K, 96% used [0x00000000d6000000,0x00000000d60f8010,0x00000000d6100000)
  to   space 2048K, 0% used [0x00000000d5e00000,0x00000000d5e00000,0x00000000d6000000)
 ParOldGen       total 811520K, used 811312K [0x0000000080000000, 0x00000000b1880000, 0x00000000d5580000)
  object space 811520K, 99% used [0x0000000080000000,0x00000000b184c0f8,0x00000000b1880000)
 Metaspace       used 106428K, committed 108032K, reserved 1179648K
  class space    used 10517K, committed 11200K, reserved 1048576K
}
Event: 14486.335 GC heap before
{Heap before GC invocations=8645 (full 11):
 PSYoungGen      total 9728K, used 9696K [0x00000000d5580000, 0x00000000d6280000, 0x0000000100000000)
  eden space 8704K, 100% used [0x00000000d5580000,0x00000000d5e00000,0x00000000d5e00000)
  from space 1024K, 96% used [0x00000000d6000000,0x00000000d60f8010,0x00000000d6100000)
  to   space 2048K, 0% used [0x00000000d5e00000,0x00000000d5e00000,0x00000000d6000000)
 ParOldGen       total 811520K, used 811312K [0x0000000080000000, 0x00000000b1880000, 0x00000000d5580000)
  object space 811520K, 99% used [0x0000000080000000,0x00000000b184c0f8,0x00000000b1880000)
 Metaspace       used 106430K, committed 108032K, reserved 1179648K
  class space    used 10517K, committed 11200K, reserved 1048576K
}
Event: 14486.342 GC heap after
{Heap after GC invocations=8645 (full 11):
 PSYoungGen      total 10240K, used 1367K [0x00000000d5580000, 0x00000000d6100000, 0x0000000100000000)
  eden space 8704K, 0% used [0x00000000d5580000,0x00000000d5580000,0x00000000d5e00000)
  from space 1536K, 89% used [0x00000000d5e00000,0x00000000d5f55dd0,0x00000000d5f80000)
  to   space 1536K, 0% used [0x00000000d5f80000,0x00000000d5f80000,0x00000000d6100000)
 ParOldGen       total 812544K, used 812255K [0x0000000080000000, 0x00000000b1980000, 0x00000000d5580000)
  object space 812544K, 99% used [0x0000000080000000,0x00000000b1937c90,0x00000000b1980000)
 Metaspace       used 106430K, committed 108032K, reserved 1179648K
  class space    used 10517K, committed 11200K, reserved 1048576K
}
Event: 14486.612 GC heap before
{Heap before GC invocations=8646 (full 11):
 PSYoungGen      total 10240K, used 10071K [0x00000000d5580000, 0x00000000d6100000, 0x0000000100000000)
  eden space 8704K, 100% used [0x00000000d5580000,0x00000000d5e00000,0x00000000d5e00000)
  from space 1536K, 89% used [0x00000000d5e00000,0x00000000d5f55dd0,0x00000000d5f80000)
  to   space 1536K, 0% used [0x00000000d5f80000,0x00000000d5f80000,0x00000000d6100000)
 ParOldGen       total 812544K, used 812255K [0x0000000080000000, 0x00000000b1980000, 0x00000000d5580000)
  object space 812544K, 99% used [0x0000000080000000,0x00000000b1937c90,0x00000000b1980000)
 Metaspace       used 106430K, committed 108032K, reserved 1179648K
  class space    used 10517K, committed 11200K, reserved 1048576K
}
Event: 14486.618 GC heap after
{Heap after GC invocations=8646 (full 11):
 PSYoungGen      total 10240K, used 827K [0x00000000d5580000, 0x00000000d6100000, 0x0000000100000000)
  eden space 8704K, 0% used [0x00000000d5580000,0x00000000d5580000,0x00000000d5e00000)
  from space 1536K, 53% used [0x00000000d5f80000,0x00000000d604ed98,0x00000000d6100000)
  to   space 1536K, 0% used [0x00000000d5e00000,0x00000000d5e00000,0x00000000d5f80000)
 ParOldGen       total 813568K, used 813533K [0x0000000080000000, 0x00000000b1a80000, 0x00000000d5580000)
  object space 813568K, 99% used [0x0000000080000000,0x00000000b1a77450,0x00000000b1a80000)
 Metaspace       used 106430K, committed 108032K, reserved 1179648K
  class space    used 10517K, committed 11200K, reserved 1048576K
}
Event: 14486.675 GC heap before
{Heap before GC invocations=8647 (full 11):
 PSYoungGen      total 10240K, used 9531K [0x00000000d5580000, 0x00000000d6100000, 0x0000000100000000)
  eden space 8704K, 100% used [0x00000000d5580000,0x00000000d5e00000,0x00000000d5e00000)
  from space 1536K, 53% used [0x00000000d5f80000,0x00000000d604ed98,0x00000000d6100000)
  to   space 1536K, 0% used [0x00000000d5e00000,0x00000000d5e00000,0x00000000d5f80000)
 ParOldGen       total 813568K, used 813533K [0x0000000080000000, 0x00000000b1a80000, 0x00000000d5580000)
  object space 813568K, 99% used [0x0000000080000000,0x00000000b1a77450,0x00000000b1a80000)
 Metaspace       used 106430K, committed 108032K, reserved 1179648K
  class space    used 10517K, committed 11200K, reserved 1048576K
}
Event: 14486.681 GC heap after
{Heap after GC invocations=8647 (full 11):
 PSYoungGen      total 9728K, used 754K [0x00000000d5580000, 0x00000000d6000000, 0x0000000100000000)
  eden space 8704K, 0% used [0x00000000d5580000,0x00000000d5580000,0x00000000d5e00000)
  from space 1024K, 73% used [0x00000000d5e00000,0x00000000d5ebc998,0x00000000d5f00000)
  to   space 1024K, 0% used [0x00000000d5f00000,0x00000000d5f00000,0x00000000d6000000)
 ParOldGen       total 814592K, used 814290K [0x0000000080000000, 0x00000000b1b80000, 0x00000000d5580000)
  object space 814592K, 99% used [0x0000000080000000,0x00000000b1b34b90,0x00000000b1b80000)
 Metaspace       used 106430K, committed 108032K, reserved 1179648K
  class space    used 10517K, committed 11200K, reserved 1048576K
}
Event: 14486.872 GC heap before
{Heap before GC invocations=8648 (full 11):
 PSYoungGen      total 9728K, used 9458K [0x00000000d5580000, 0x00000000d6000000, 0x0000000100000000)
  eden space 8704K, 100% used [0x00000000d5580000,0x00000000d5e00000,0x00000000d5e00000)
  from space 1024K, 73% used [0x00000000d5e00000,0x00000000d5ebc998,0x00000000d5f00000)
  to   space 1024K, 0% used [0x00000000d5f00000,0x00000000d5f00000,0x00000000d6000000)
 ParOldGen       total 814592K, used 814290K [0x0000000080000000, 0x00000000b1b80000, 0x00000000d5580000)
  object space 814592K, 99% used [0x0000000080000000,0x00000000b1b34b90,0x00000000b1b80000)
 Metaspace       used 106431K, committed 108032K, reserved 1179648K
  class space    used 10517K, committed 11200K, reserved 1048576K
}
Event: 14486.879 GC heap after
{Heap after GC invocations=8648 (full 11):
 PSYoungGen      total 8192K, used 992K [0x00000000d5580000, 0x00000000d6300000, 0x0000000100000000)
  eden space 7168K, 0% used [0x00000000d5580000,0x00000000d5580000,0x00000000d5c80000)
  from space 1024K, 96% used [0x00000000d5f00000,0x00000000d5ff8010,0x00000000d6000000)
  to   space 2560K, 0% used [0x00000000d5c80000,0x00000000d5c80000,0x00000000d5f00000)
 ParOldGen       total 815616K, used 815266K [0x0000000080000000, 0x00000000b1c80000, 0x00000000d5580000)
  object space 815616K, 99% used [0x0000000080000000,0x00000000b1c28860,0x00000000b1c80000)
 Metaspace       used 106431K, committed 108032K, reserved 1179648K
  class space    used 10517K, committed 11200K, reserved 1048576K
}
Event: 15394.649 GC heap before
{Heap before GC invocations=8649 (full 11):
 PSYoungGen      total 8192K, used 8160K [0x00000000d5580000, 0x00000000d6300000, 0x0000000100000000)
  eden space 7168K, 99% used [0x00000000d5580000,0x00000000d5c7fff8,0x00000000d5c80000)
  from space 1024K, 96% used [0x00000000d5f00000,0x00000000d5ff8010,0x00000000d6000000)
  to   space 2560K, 0% used [0x00000000d5c80000,0x00000000d5c80000,0x00000000d5f00000)
 ParOldGen       total 815616K, used 815266K [0x0000000080000000, 0x00000000b1c80000, 0x00000000d5580000)
  object space 815616K, 99% used [0x0000000080000000,0x00000000b1c28860,0x00000000b1c80000)
 Metaspace       used 106431K, committed 108032K, reserved 1179648K
  class space    used 10517K, committed 11200K, reserved 1048576K
}
Event: 15394.658 GC heap after
{Heap after GC invocations=8649 (full 11):
 PSYoungGen      total 8192K, used 855K [0x00000000d5580000, 0x00000000d5f80000, 0x0000000100000000)
  eden space 7168K, 0% used [0x00000000d5580000,0x00000000d5580000,0x00000000d5c80000)
  from space 1024K, 83% used [0x00000000d5c80000,0x00000000d5d55dd0,0x00000000d5d80000)
  to   space 1536K, 0% used [0x00000000d5e00000,0x00000000d5e00000,0x00000000d5f80000)
 ParOldGen       total 816640K, used 816214K [0x0000000080000000, 0x00000000b1d80000, 0x00000000d5580000)
  object space 816640K, 99% used [0x0000000080000000,0x00000000b1d15890,0x00000000b1d80000)
 Metaspace       used 106431K, committed 108032K, reserved 1179648K
  class space    used 10517K, committed 11200K, reserved 1048576K
}

Dll operation events (12 events):
Event: 0.027 Loaded shared library c:\Users\Fernanda Jama\.trae\extensions\redhat.java-1.44.0-win32-x64\jre\21.0.8-win32-x86_64\bin\java.dll
Event: 0.139 Loaded shared library c:\Users\Fernanda Jama\.trae\extensions\redhat.java-1.44.0-win32-x64\jre\21.0.8-win32-x86_64\bin\zip.dll
Event: 0.171 Loaded shared library C:\Users\Fernanda Jama\.trae\extensions\redhat.java-1.44.0-win32-x64\jre\21.0.8-win32-x86_64\bin\instrument.dll
Event: 0.195 Loaded shared library C:\Users\Fernanda Jama\.trae\extensions\redhat.java-1.44.0-win32-x64\jre\21.0.8-win32-x86_64\bin\net.dll
Event: 0.202 Loaded shared library C:\Users\Fernanda Jama\.trae\extensions\redhat.java-1.44.0-win32-x64\jre\21.0.8-win32-x86_64\bin\nio.dll
Event: 0.219 Loaded shared library C:\Users\Fernanda Jama\.trae\extensions\redhat.java-1.44.0-win32-x64\jre\21.0.8-win32-x86_64\bin\zip.dll
Event: 0.248 Loaded shared library C:\Users\Fernanda Jama\.trae\extensions\redhat.java-1.44.0-win32-x64\jre\21.0.8-win32-x86_64\bin\jimage.dll
Event: 0.386 Loaded shared library c:\Users\Fernanda Jama\.trae\extensions\redhat.java-1.44.0-win32-x64\jre\21.0.8-win32-x86_64\bin\verify.dll
Event: 2.338 Loaded shared library C:\Users\Fernanda Jama\AppData\Roaming\Trae\User\globalStorage\redhat.java\1.44.0\config_win\org.eclipse.equinox.launcher\org.eclipse.equinox.launcher.win32.win32.x86_64_1.2.1400.v20250730-1736\eclipse_11913.dll
Event: 17.085 Loaded shared library C:\Users\Fernanda Jama\AppData\Local\Temp\jna--1470441178\jna3059909545553173535.dll
Event: 20.026 Loaded shared library C:\Users\Fernanda Jama\.trae\extensions\redhat.java-1.44.0-win32-x64\jre\21.0.8-win32-x86_64\bin\sunmscapi.dll
Event: 20.670 Loaded shared library C:\Users\Fernanda Jama\.trae\extensions\redhat.java-1.44.0-win32-x64\jre\21.0.8-win32-x86_64\bin\extnet.dll

Deoptimization events (20 events):
Event: 10339.040 Thread 0x000001ab0fb000d0 Uncommon trap: trap_request=0xffffffde fr.pc=0x000001aabd3eaefc relative=0x00000000000019fc
Event: 10339.040 Thread 0x000001ab0fb000d0 Uncommon trap: reason=class_check action=maybe_recompile pc=0x000001aabd3eaefc method=org.eclipse.jdt.internal.compiler.SourceElementNotifier.notifySourceElementRequestor(Lorg/eclipse/jdt/internal/compiler/ast/AbstractMethodDeclaration;Lorg/eclipse/jdt/in
Event: 10339.040 Thread 0x000001ab0fb000d0 DEOPT PACKING pc=0x000001aabd3eaefc sp=0x0000003f411feba0
Event: 10339.040 Thread 0x000001ab0fb000d0 DEOPT UNPACKING pc=0x000001aabbcb6da2 sp=0x0000003f411feba0 mode 2
Event: 10971.073 Thread 0x000001ab11c8c570 Uncommon trap: trap_request=0xffffff45 fr.pc=0x000001aabc91d13c relative=0x00000000000027bc
Event: 10971.073 Thread 0x000001ab11c8c570 Uncommon trap: reason=unstable_if action=reinterpret pc=0x000001aabc91d13c method=org.eclipse.core.internal.filesystem.local.Win32Handler.convertFindDataWToFileInfo(Lcom/sun/jna/Memory;Lorg/eclipse/core/filesystem/provider/FileInfo;Ljava/lang/String;)V @ 
Event: 10971.073 Thread 0x000001ab11c8c570 DEOPT PACKING pc=0x000001aabc91d13c sp=0x0000003f420fede0
Event: 10971.073 Thread 0x000001ab11c8c570 DEOPT UNPACKING pc=0x000001aabbcb6da2 sp=0x0000003f420feb98 mode 2
Event: 10971.076 Thread 0x000001ab11c8c570 Uncommon trap: trap_request=0xffffff45 fr.pc=0x000001aabc528dfc relative=0x00000000000002bc
Event: 10971.076 Thread 0x000001ab11c8c570 Uncommon trap: reason=unstable_if action=reinterpret pc=0x000001aabc528dfc method=org.eclipse.core.runtime.Path.equals(Ljava/lang/Object;)Z @ 120 c2
Event: 10971.076 Thread 0x000001ab11c8c570 DEOPT PACKING pc=0x000001aabc528dfc sp=0x0000003f420fee40
Event: 10971.076 Thread 0x000001ab11c8c570 DEOPT UNPACKING pc=0x000001aabbcb6da2 sp=0x0000003f420fedd0 mode 2
Event: 10971.076 Thread 0x000001ab11c8c570 Uncommon trap: trap_request=0xffffff45 fr.pc=0x000001aabd373d30 relative=0x0000000000002010
Event: 10971.076 Thread 0x000001ab11c8c570 Uncommon trap: reason=unstable_if action=reinterpret pc=0x000001aabd373d30 method=java.net.URI.percentNormalizedComparison(Ljava/lang/String;Ljava/lang/String;Z)I @ 109 c2
Event: 10971.076 Thread 0x000001ab11c8c570 DEOPT PACKING pc=0x000001aabd373d30 sp=0x0000003f420fef50
Event: 10971.076 Thread 0x000001ab11c8c570 DEOPT UNPACKING pc=0x000001aabbcb6da2 sp=0x0000003f420fede8 mode 2
Event: 10971.082 Thread 0x000001ab11c8c570 Uncommon trap: trap_request=0xffffff45 fr.pc=0x000001aabcf40314 relative=0x00000000000004b4
Event: 10971.082 Thread 0x000001ab11c8c570 Uncommon trap: reason=unstable_if action=reinterpret pc=0x000001aabcf40314 method=java.net.URI.percentNormalizedComparison(Ljava/lang/String;Ljava/lang/String;Z)I @ 109 c2
Event: 10971.082 Thread 0x000001ab11c8c570 DEOPT PACKING pc=0x000001aabcf40314 sp=0x0000003f420fee20
Event: 10971.082 Thread 0x000001ab11c8c570 DEOPT UNPACKING pc=0x000001aabbcb6da2 sp=0x0000003f420fed38 mode 2

Classes loaded (20 events):
Event: 5569.564 Loading class java/util/DualPivotQuicksort$Sorter
Event: 5569.564 Loading class java/util/DualPivotQuicksort$Sorter done
Event: 6038.856 Loading class jdk/internal/module/IllegalAccessLogger
Event: 6038.856 Loading class jdk/internal/module/IllegalAccessLogger done
Event: 6530.212 Loading class jdk/internal/module/IllegalAccessLogger
Event: 6530.212 Loading class jdk/internal/module/IllegalAccessLogger done
Event: 7006.260 Loading class jdk/internal/module/IllegalAccessLogger
Event: 7006.260 Loading class jdk/internal/module/IllegalAccessLogger done
Event: 7303.716 Loading class jdk/internal/module/IllegalAccessLogger
Event: 7303.716 Loading class jdk/internal/module/IllegalAccessLogger done
Event: 8058.694 Loading class jdk/internal/module/IllegalAccessLogger
Event: 8058.694 Loading class jdk/internal/module/IllegalAccessLogger done
Event: 8892.750 Loading class jdk/internal/module/IllegalAccessLogger
Event: 8892.750 Loading class jdk/internal/module/IllegalAccessLogger done
Event: 10303.372 Loading class java/util/Spliterators$IntArraySpliterator
Event: 10303.373 Loading class java/util/Spliterators$IntArraySpliterator done
Event: 10312.650 Loading class jdk/internal/module/IllegalAccessLogger
Event: 10312.650 Loading class jdk/internal/module/IllegalAccessLogger done
Event: 10337.328 Loading class jdk/internal/module/IllegalAccessLogger
Event: 10337.328 Loading class jdk/internal/module/IllegalAccessLogger done

Classes unloaded (20 events):
Event: 3589.309 Thread 0x000001aac84d34a0 Unloading class 0x000001aaca019400 'java/lang/invoke/LambdaForm$MH+0x000001aaca019400'
Event: 3589.309 Thread 0x000001aac84d34a0 Unloading class 0x000001aaca018400 'java/lang/invoke/LambdaForm$MH+0x000001aaca018400'
Event: 3589.309 Thread 0x000001aac84d34a0 Unloading class 0x000001aaca018000 'java/lang/invoke/LambdaForm$MH+0x000001aaca018000'
Event: 3589.309 Thread 0x000001aac84d34a0 Unloading class 0x000001aaca017400 'java/lang/invoke/LambdaForm$MH+0x000001aaca017400'
Event: 3589.309 Thread 0x000001aac84d34a0 Unloading class 0x000001aaca016400 'java/lang/invoke/LambdaForm$MH+0x000001aaca016400'
Event: 7005.213 Thread 0x000001aac84d34a0 Unloading class 0x000001aaca7aec00 'java/lang/invoke/LambdaForm$MH+0x000001aaca7aec00'
Event: 7005.213 Thread 0x000001aac84d34a0 Unloading class 0x000001aaca200400 'java/lang/invoke/LambdaForm$BMH+0x000001aaca200400'
Event: 7005.213 Thread 0x000001aac84d34a0 Unloading class 0x000001aaca178000 'java/lang/invoke/LambdaForm$MH+0x000001aaca178000'
Event: 7005.213 Thread 0x000001aac84d34a0 Unloading class 0x000001aaca176800 'java/lang/invoke/LambdaForm$MH+0x000001aaca176800'
Event: 7005.213 Thread 0x000001aac84d34a0 Unloading class 0x000001aaca176000 'java/lang/invoke/LambdaForm$MH+0x000001aaca176000'
Event: 7005.213 Thread 0x000001aac84d34a0 Unloading class 0x000001aaca175c00 'java/lang/invoke/LambdaForm$MH+0x000001aaca175c00'
Event: 7005.213 Thread 0x000001aac84d34a0 Unloading class 0x000001aaca014800 'java/lang/invoke/LambdaForm$MH+0x000001aaca014800'
Event: 10306.516 Thread 0x000001aac84d34a0 Unloading class 0x000001aaca178000 'java/lang/invoke/LambdaForm$MH+0x000001aaca178000'
Event: 10306.516 Thread 0x000001aac84d34a0 Unloading class 0x000001aaca200400 'java/lang/invoke/LambdaForm$MH+0x000001aaca200400'
Event: 10306.516 Thread 0x000001aac84d34a0 Unloading class 0x000001aaca7aec00 'java/lang/invoke/LambdaForm$MH+0x000001aaca7aec00'
Event: 10306.516 Thread 0x000001aac84d34a0 Unloading class 0x000001aaca8a0400 'java/lang/invoke/LambdaForm$MH+0x000001aaca8a0400'
Event: 10306.516 Thread 0x000001aac84d34a0 Unloading class 0x000001aaca89bc00 'java/lang/invoke/LambdaForm$MH+0x000001aaca89bc00'
Event: 10306.516 Thread 0x000001aac84d34a0 Unloading class 0x000001aaca89b800 'java/lang/invoke/LambdaForm$MH+0x000001aaca89b800'
Event: 10306.516 Thread 0x000001aac84d34a0 Unloading class 0x000001aaca89b400 'java/lang/invoke/LambdaForm$MH+0x000001aaca89b400'
Event: 10306.517 Thread 0x000001aac84d34a0 Unloading class 0x000001aaca5ec000 'java/lang/invoke/LambdaForm$MH+0x000001aaca5ec000'

Classes redefined (0 events):
No events

Internal exceptions (20 events):
Event: 10303.143 Thread 0x000001ab11c8cc00 Exception <a 'java/lang/IncompatibleClassChangeError'{0x00000000d6698590}: Found class java.lang.Object, but interface was expected> (0x00000000d6698590) 
thrown [s\src\hotspot\share\interpreter\linkResolver.cpp, line 840]
Event: 10303.227 Thread 0x000001ab11c8cc00 Exception <a 'java/lang/ArrayIndexOutOfBoundsException'{0x00000000d55eadd0}> (0x00000000d55eadd0) 
thrown [s\src\hotspot\share\runtime\sharedRuntime.cpp, line 625]
Event: 10303.598 Thread 0x000001ab11c8cc00 Exception <a 'java/lang/IncompatibleClassChangeError'{0x00000000d618dc90}: Found class java.lang.Object, but interface was expected> (0x00000000d618dc90) 
thrown [s\src\hotspot\share\interpreter\linkResolver.cpp, line 840]
Event: 10303.621 Thread 0x000001ab11c8cc00 Implicit null exception at 0x000001aabcb6684f to 0x000001aabcb672fc
Event: 10303.623 Thread 0x000001ab11c8cc00 Implicit null exception at 0x000001aabc711f04 to 0x000001aabc712514
Event: 10304.113 Thread 0x000001ab137c2d90 Implicit null exception at 0x000001aabd68985e to 0x000001aabd6898e2
Event: 10304.134 Thread 0x000001ab137c2d90 Implicit null exception at 0x000001aabce14098 to 0x000001aabce15cc8
Event: 10304.134 Thread 0x000001ab137c2d90 Implicit null exception at 0x000001aabd721fff to 0x000001aabd72271c
Event: 10304.400 Thread 0x000001ab11c8cc00 Exception <a 'java/lang/ArrayIndexOutOfBoundsException'{0x00000000d60d9220}> (0x00000000d60d9220) 
thrown [s\src\hotspot\share\runtime\sharedRuntime.cpp, line 625]
Event: 10307.265 Thread 0x000001ab11c8cc00 Exception <a 'java/lang/ArrayIndexOutOfBoundsException'{0x00000000d6921e20}> (0x00000000d6921e20) 
thrown [s\src\hotspot\share\runtime\sharedRuntime.cpp, line 625]
Event: 10307.826 Thread 0x000001ab11c8cc00 Implicit null exception at 0x000001aabe3f5616 to 0x000001aabe3f5ba8
Event: 10308.437 Thread 0x000001ab11c8cc00 Exception <a 'java/lang/ArrayIndexOutOfBoundsException'{0x00000000d619cfa8}> (0x00000000d619cfa8) 
thrown [s\src\hotspot\share\runtime\sharedRuntime.cpp, line 625]
Event: 10308.504 Thread 0x000001ab11c8cc00 Implicit null exception at 0x000001aabca4c166 to 0x000001aabca4cec0
Event: 10308.533 Thread 0x000001ab11c8cc00 Implicit null exception at 0x000001aabd6b8520 to 0x000001aabd6b8b60
Event: 10308.736 Thread 0x000001ab137c6210 Implicit null exception at 0x000001aabe0bafd1 to 0x000001aabe0bb3ec
Event: 10312.247 Thread 0x000001ab0fb000d0 Exception <a 'sun/nio/fs/WindowsException'{0x00000000d570c5f0}> (0x00000000d570c5f0) 
thrown [s\src\hotspot\share\prims\jni.cpp, line 520]
Event: 10313.650 Thread 0x000001ab0fb000d0 Exception <a 'sun/nio/fs/WindowsException'{0x00000000d56aca08}> (0x00000000d56aca08) 
thrown [s\src\hotspot\share\prims\jni.cpp, line 520]
Event: 10336.829 Thread 0x000001ab0fb000d0 Implicit null exception at 0x000001aabe6a0d55 to 0x000001aabe6a3210
Event: 10336.868 Thread 0x000001ab0fb000d0 Exception <a 'sun/nio/fs/WindowsException'{0x00000000d57ce478}> (0x00000000d57ce478) 
thrown [s\src\hotspot\share\prims\jni.cpp, line 520]
Event: 10339.015 Thread 0x000001ab0fb000d0 Exception <a 'sun/nio/fs/WindowsException'{0x00000000d59efca0}> (0x00000000d59efca0) 
thrown [s\src\hotspot\share\prims\jni.cpp, line 520]

ZGC Phase Switch (0 events):
No events

VM Operations (20 events):
Event: 14487.885 Executing VM operation: Cleanup
Event: 14487.885 Executing VM operation: Cleanup done
Event: 14492.203 Executing VM operation: HandshakeAllThreads (HandshakeForDeflation)
Event: 14492.203 Executing VM operation: HandshakeAllThreads (HandshakeForDeflation) done
Event: 14492.203 Executing VM operation: RendezvousGCThreads
Event: 14492.203 Executing VM operation: RendezvousGCThreads done
Event: 15394.035 Executing VM operation: HandshakeAllThreads (HandshakeForDeflation)
Event: 15394.036 Executing VM operation: HandshakeAllThreads (HandshakeForDeflation) done
Event: 15394.036 Executing VM operation: RendezvousGCThreads
Event: 15394.036 Executing VM operation: RendezvousGCThreads done
Event: 15394.649 Executing VM operation: ParallelGCFailedAllocation (Allocation Failure)
Event: 15394.658 Executing VM operation: ParallelGCFailedAllocation (Allocation Failure) done
Event: 15514.261 Executing VM operation: HandshakeAllThreads (HandshakeForDeflation)
Event: 15514.261 Executing VM operation: HandshakeAllThreads (HandshakeForDeflation) done
Event: 15514.261 Executing VM operation: RendezvousGCThreads
Event: 15514.261 Executing VM operation: RendezvousGCThreads done
Event: 15754.899 Executing VM operation: HandshakeAllThreads (HandshakeForDeflation)
Event: 15754.899 Executing VM operation: HandshakeAllThreads (HandshakeForDeflation) done
Event: 15754.899 Executing VM operation: RendezvousGCThreads
Event: 15754.899 Executing VM operation: RendezvousGCThreads done

Memory protections (0 events):
No events

Nmethod flushes (20 events):
Event: 10306.648 Thread 0x000001aac84d34a0 flushing  nmethod 0x000001aab7d2d910
Event: 10306.648 Thread 0x000001aac84d34a0 flushing  nmethod 0x000001aab7d2ed90
Event: 10306.648 Thread 0x000001aac84d34a0 flushing  nmethod 0x000001aab7d3cc10
Event: 10306.648 Thread 0x000001aac84d34a0 flushing  nmethod 0x000001aab7d3d210
Event: 10306.648 Thread 0x000001aac84d34a0 flushing  nmethod 0x000001aab7d50f90
Event: 10306.648 Thread 0x000001aac84d34a0 flushing  nmethod 0x000001aab7d9ec10
Event: 10306.648 Thread 0x000001aac84d34a0 flushing  nmethod 0x000001aab7db1410
Event: 10306.648 Thread 0x000001aac84d34a0 flushing  nmethod 0x000001aab7db1990
Event: 10306.648 Thread 0x000001aac84d34a0 flushing  nmethod 0x000001aab7db4b90
Event: 10306.648 Thread 0x000001aac84d34a0 flushing  nmethod 0x000001aab7e78d10
Event: 10306.648 Thread 0x000001aac84d34a0 flushing  nmethod 0x000001aab7e89c10
Event: 10306.648 Thread 0x000001aac84d34a0 flushing  nmethod 0x000001aab7eafe10
Event: 10306.648 Thread 0x000001aac84d34a0 flushing  nmethod 0x000001aab7ed5610
Event: 10306.648 Thread 0x000001aac84d34a0 flushing  nmethod 0x000001aab8029410
Event: 10306.648 Thread 0x000001aac84d34a0 flushing  nmethod 0x000001aab8109010
Event: 10306.648 Thread 0x000001aac84d34a0 flushing  nmethod 0x000001aab810f710
Event: 10306.648 Thread 0x000001aac84d34a0 flushing  nmethod 0x000001aab8139c90
Event: 10306.648 Thread 0x000001aac84d34a0 flushing  nmethod 0x000001aab819d390
Event: 10306.648 Thread 0x000001aac84d34a0 flushing  nmethod 0x000001aab81f0110
Event: 10306.648 Thread 0x000001aac84d34a0 flushing  nmethod 0x000001aab81f1310

Events (20 events):
Event: 11004.185 Thread 0x000001ab111840c0 Thread exited: 0x000001ab111840c0
Event: 11064.190 Thread 0x000001ab11182d10 Thread exited: 0x000001ab11182d10
Event: 11243.189 Thread 0x000001ab11c8cc00 Thread added: 0x000001ab111840c0
Event: 11243.562 Thread 0x000001ab13a9fd60 Thread added: 0x000001ab11184de0
Event: 11304.647 Thread 0x000001ab111840c0 Thread exited: 0x000001ab111840c0
Event: 11304.647 Thread 0x000001ab13a9fd60 Thread exited: 0x000001ab13a9fd60
Event: 14243.455 Thread 0x000001ab11c8cc00 Thread added: 0x000001ab11182680
Event: 14243.508 Thread 0x000001ab11182680 Thread added: 0x000001ab111840c0
Event: 14243.868 Thread 0x000001ab11c8cc00 Thread added: 0x000001ab11182d10
Event: 14243.875 Thread 0x000001ab11c8cc00 Thread added: 0x000001ab11181960
Event: 14243.888 Thread 0x000001ab11181960 Thread added: 0x000001ab111888f0
Event: 14243.913 Thread 0x000001ab111888f0 Thread added: 0x000001ab11185b00
Event: 14243.998 Thread 0x000001ab11185b00 Thread added: 0x000001ab11186eb0
Event: 14306.883 Thread 0x000001ab111888f0 Thread exited: 0x000001ab111888f0
Event: 14366.886 Thread 0x000001ab11182d10 Thread exited: 0x000001ab11182d10
Event: 14426.886 Thread 0x000001ab11181960 Thread exited: 0x000001ab11181960
Event: 14548.763 Thread 0x000001ab111840c0 Thread exited: 0x000001ab111840c0
Event: 14608.773 Thread 0x000001ab11185b00 Thread exited: 0x000001ab11185b00
Event: 14668.780 Thread 0x000001ab11182680 Thread exited: 0x000001ab11182680
Event: 14728.789 Thread 0x000001ab11186eb0 Thread exited: 0x000001ab11186eb0


Dynamic libraries:
0x00007ff6e1fa0000 - 0x00007ff6e1fae000 	c:\Users\Fernanda Jama\.trae\extensions\redhat.java-1.44.0-win32-x64\jre\21.0.8-win32-x86_64\bin\java.exe
0x00007ff852600000 - 0x00007ff852867000 	C:\Windows\SYSTEM32\ntdll.dll
0x00007ff852210000 - 0x00007ff8522d9000 	C:\Windows\System32\KERNEL32.DLL
0x00007ff84fa50000 - 0x00007ff84fe40000 	C:\Windows\System32\KERNELBASE.dll
0x00007fffc3940000 - 0x00007fffc3a1b000 	C:\Program Files\Bitdefender\Endpoint Security\bdhkm\dlls_267825381831322691\bdhkm64.dll
0x00007fffc3770000 - 0x00007fffc3939000 	C:\Program Files\Bitdefender\Endpoint Security\atcuf\dlls_267870601976104115\atcuf64.dll
0x00007ff84f730000 - 0x00007ff84f87b000 	C:\Windows\System32\ucrtbase.dll
0x00007ff8375d0000 - 0x00007ff8375e8000 	c:\Users\Fernanda Jama\.trae\extensions\redhat.java-1.44.0-win32-x64\jre\21.0.8-win32-x86_64\bin\jli.dll
0x00007ff851310000 - 0x00007ff8514d5000 	C:\Windows\System32\USER32.dll
0x00007ff850360000 - 0x00007ff850387000 	C:\Windows\System32\win32u.dll
0x00007ff851aa0000 - 0x00007ff851acb000 	C:\Windows\System32\GDI32.dll
0x00007ff84f910000 - 0x00007ff84fa48000 	C:\Windows\System32\gdi32full.dll
0x00007ff8502b0000 - 0x00007ff850353000 	C:\Windows\System32\msvcp_win.dll
0x00007ff823910000 - 0x00007ff82392e000 	c:\Users\Fernanda Jama\.trae\extensions\redhat.java-1.44.0-win32-x64\jre\21.0.8-win32-x86_64\bin\VCRUNTIME140.dll
0x00007ff831040000 - 0x00007ff8312da000 	C:\Windows\WinSxS\amd64_microsoft.windows.common-controls_6595b64144ccf1df_6.0.26100.4768_none_3e0c112ce331287c\COMCTL32.dll
0x00007ff850e80000 - 0x00007ff850f29000 	C:\Windows\System32\msvcrt.dll
0x00007ff851220000 - 0x00007ff85124f000 	C:\Windows\System32\IMM32.DLL
0x00007ff83aa30000 - 0x00007ff83aa3c000 	c:\Users\Fernanda Jama\.trae\extensions\redhat.java-1.44.0-win32-x64\jre\21.0.8-win32-x86_64\bin\vcruntime140_1.dll
0x00007ff81b4e0000 - 0x00007ff81b56d000 	c:\Users\Fernanda Jama\.trae\extensions\redhat.java-1.44.0-win32-x64\jre\21.0.8-win32-x86_64\bin\msvcp140.dll
0x00007fffd8280000 - 0x00007fffd9017000 	c:\Users\Fernanda Jama\.trae\extensions\redhat.java-1.44.0-win32-x64\jre\21.0.8-win32-x86_64\bin\server\jvm.dll
0x00007ff850c20000 - 0x00007ff850cd4000 	C:\Windows\System32\ADVAPI32.dll
0x00007ff8514e0000 - 0x00007ff851586000 	C:\Windows\System32\sechost.dll
0x00007ff851bf0000 - 0x00007ff851d08000 	C:\Windows\System32\RPCRT4.dll
0x00007ff850fe0000 - 0x00007ff851054000 	C:\Windows\System32\WS2_32.dll
0x00007ff84f590000 - 0x00007ff84f5ee000 	C:\Windows\SYSTEM32\POWRPROF.dll
0x00007ff836050000 - 0x00007ff836085000 	C:\Windows\SYSTEM32\WINMM.dll
0x00007ff83e2b0000 - 0x00007ff83e2bb000 	C:\Windows\SYSTEM32\VERSION.dll
0x00007ff84f570000 - 0x00007ff84f584000 	C:\Windows\SYSTEM32\UMPDC.dll
0x00007ff84e470000 - 0x00007ff84e48b000 	C:\Windows\SYSTEM32\kernel.appcore.dll
0x00007ff83a470000 - 0x00007ff83a47a000 	c:\Users\Fernanda Jama\.trae\extensions\redhat.java-1.44.0-win32-x64\jre\21.0.8-win32-x86_64\bin\jimage.dll
0x00007ff84cd50000 - 0x00007ff84cf91000 	C:\Windows\SYSTEM32\DBGHELP.DLL
0x00007ff851700000 - 0x00007ff851a85000 	C:\Windows\System32\combase.dll
0x00007ff850390000 - 0x00007ff850470000 	C:\Windows\System32\OLEAUT32.dll
0x00007ff817c70000 - 0x00007ff817cb3000 	C:\Windows\SYSTEM32\dbgcore.DLL
0x00007ff850090000 - 0x00007ff850129000 	C:\Windows\System32\bcryptPrimitives.dll
0x00007ff83a2f0000 - 0x00007ff83a2ff000 	c:\Users\Fernanda Jama\.trae\extensions\redhat.java-1.44.0-win32-x64\jre\21.0.8-win32-x86_64\bin\instrument.dll
0x00007ff837d60000 - 0x00007ff837d7f000 	c:\Users\Fernanda Jama\.trae\extensions\redhat.java-1.44.0-win32-x64\jre\21.0.8-win32-x86_64\bin\java.dll
0x00007ff850480000 - 0x00007ff850bcd000 	C:\Windows\System32\SHELL32.dll
0x00007ff84fe50000 - 0x00007ff84ffc3000 	C:\Windows\System32\wintypes.dll
0x00007ff84d2d0000 - 0x00007ff84db30000 	C:\Windows\SYSTEM32\windows.storage.dll
0x00007ff850cf0000 - 0x00007ff850de5000 	C:\Windows\System32\SHCORE.dll
0x00007ff8524d0000 - 0x00007ff85253a000 	C:\Windows\System32\shlwapi.dll
0x00007ff84f650000 - 0x00007ff84f679000 	C:\Windows\SYSTEM32\profapi.dll
0x00007ff823970000 - 0x00007ff823988000 	c:\Users\Fernanda Jama\.trae\extensions\redhat.java-1.44.0-win32-x64\jre\21.0.8-win32-x86_64\bin\zip.dll
0x00007ff8397a0000 - 0x00007ff8397b0000 	C:\Users\Fernanda Jama\.trae\extensions\redhat.java-1.44.0-win32-x64\jre\21.0.8-win32-x86_64\bin\net.dll
0x00007ff846040000 - 0x00007ff84615e000 	C:\Windows\SYSTEM32\WINHTTP.dll
0x00007ff84e9e0000 - 0x00007ff84ea4b000 	C:\Windows\system32\mswsock.dll
0x00007ff81ebd0000 - 0x00007ff81ebe6000 	C:\Users\Fernanda Jama\.trae\extensions\redhat.java-1.44.0-win32-x64\jre\21.0.8-win32-x86_64\bin\nio.dll
0x00007ff8375a0000 - 0x00007ff8375b0000 	c:\Users\Fernanda Jama\.trae\extensions\redhat.java-1.44.0-win32-x64\jre\21.0.8-win32-x86_64\bin\verify.dll
0x00007ff81b370000 - 0x00007ff81b3b5000 	C:\Users\Fernanda Jama\AppData\Roaming\Trae\User\globalStorage\redhat.java\1.44.0\config_win\org.eclipse.equinox.launcher\org.eclipse.equinox.launcher.win32.win32.x86_64_1.2.1400.v20250730-1736\eclipse_11913.dll
0x00007ff851060000 - 0x00007ff851200000 	C:\Windows\System32\ole32.dll
0x00007ff84edc0000 - 0x00007ff84eddb000 	C:\Windows\SYSTEM32\CRYPTSP.dll
0x00007ff84e3d0000 - 0x00007ff84e40b000 	C:\Windows\system32\rsaenh.dll
0x00007ff84ea80000 - 0x00007ff84eaab000 	C:\Windows\SYSTEM32\USERENV.dll
0x00007ff84f620000 - 0x00007ff84f646000 	C:\Windows\SYSTEM32\bcrypt.dll
0x00007ff84ec20000 - 0x00007ff84ec2c000 	C:\Windows\SYSTEM32\CRYPTBASE.dll
0x00007ff84de60000 - 0x00007ff84de93000 	C:\Windows\SYSTEM32\IPHLPAPI.DLL
0x00007ff851210000 - 0x00007ff85121a000 	C:\Windows\System32\NSI.dll
0x00007ff81b2d0000 - 0x00007ff81b319000 	C:\Users\Fernanda Jama\AppData\Local\Temp\jna--1470441178\jna3059909545553173535.dll
0x00007ff850ce0000 - 0x00007ff850ce8000 	C:\Windows\System32\PSAPI.DLL
0x00007ff849480000 - 0x00007ff84949f000 	C:\Windows\SYSTEM32\dhcpcsvc6.DLL
0x00007ff849450000 - 0x00007ff849475000 	C:\Windows\SYSTEM32\dhcpcsvc.DLL
0x00007ff824e20000 - 0x00007ff824e2e000 	C:\Users\Fernanda Jama\.trae\extensions\redhat.java-1.44.0-win32-x64\jre\21.0.8-win32-x86_64\bin\sunmscapi.dll
0x00007ff850130000 - 0x00007ff8502a7000 	C:\Windows\System32\CRYPT32.dll
0x00007ff84ef20000 - 0x00007ff84ef50000 	C:\Windows\SYSTEM32\ncrypt.dll
0x00007ff84eed0000 - 0x00007ff84ef0f000 	C:\Windows\SYSTEM32\NTASN1.dll
0x00007ff84def0000 - 0x00007ff84e016000 	C:\Windows\SYSTEM32\DNSAPI.dll
0x00007ff8400e0000 - 0x00007ff8400eb000 	C:\Windows\System32\rasadhlp.dll
0x00007ff849bc0000 - 0x00007ff849c46000 	C:\Windows\System32\fwpuclnt.dll
0x00007ff824bd0000 - 0x00007ff824bd9000 	C:\Users\Fernanda Jama\.trae\extensions\redhat.java-1.44.0-win32-x64\jre\21.0.8-win32-x86_64\bin\extnet.dll
0x00007fffbfb90000 - 0x00007fffbfb98000 	C:\Windows\system32\wshunix.dll

JVMTI agents:
c:\Users\Fernanda Jama\.trae\extensions\redhat.java-1.44.0-win32-x64\lombok\lombok-1.18.39-4050.jar path:c:\Users\Fernanda Jama\.trae\extensions\redhat.java-1.44.0-win32-x64\jre\21.0.8-win32-x86_64\bin\instrument.dll, loaded, initialized, instrumentlib options:none

dbghelp: loaded successfully - version: 4.0.5 - missing functions: none
symbol engine: initialized successfully - sym options: 0x614 - pdb path: .;c:\Users\Fernanda Jama\.trae\extensions\redhat.java-1.44.0-win32-x64\jre\21.0.8-win32-x86_64\bin;C:\Windows\SYSTEM32;C:\Program Files\Bitdefender\Endpoint Security\bdhkm\dlls_267825381831322691;C:\Program Files\Bitdefender\Endpoint Security\atcuf\dlls_267870601976104115;C:\Windows\WinSxS\amd64_microsoft.windows.common-controls_6595b64144ccf1df_6.0.26100.4768_none_3e0c112ce331287c;c:\Users\Fernanda Jama\.trae\extensions\redhat.java-1.44.0-win32-x64\jre\21.0.8-win32-x86_64\bin\server;C:\Users\Fernanda Jama\AppData\Roaming\Trae\User\globalStorage\redhat.java\1.44.0\config_win\org.eclipse.equinox.launcher\org.eclipse.equinox.launcher.win32.win32.x86_64_1.2.1400.v20250730-1736;C:\Users\Fernanda Jama\AppData\Local\Temp\jna--1470441178

VM Arguments:
jvm_args: --add-modules=ALL-SYSTEM --add-opens=java.base/java.util=ALL-UNNAMED --add-opens=java.base/java.lang=ALL-UNNAMED --add-opens=java.base/sun.nio.fs=ALL-UNNAMED -Declipse.application=org.eclipse.jdt.ls.core.id1 -Dosgi.bundles.defaultStartLevel=4 -Declipse.product=org.eclipse.jdt.ls.core.product -Djava.import.generatesMetadataFilesAtProjectRoot=false -DDetectVMInstallationsJob.disabled=true -Dfile.encoding=utf8 -XX:+UseParallelGC -XX:GCTimeRatio=4 -XX:AdaptiveSizePolicyWeight=90 -Dsun.zip.disableMemoryMapping=true -Xmx2G -Xms100m -Xlog:disable -javaagent:c:\Users\Fernanda Jama\.trae\extensions\redhat.java-1.44.0-win32-x64\lombok\lombok-1.18.39-4050.jar -XX:+HeapDumpOnOutOfMemoryError -XX:HeapDumpPath=c:\Users\Fernanda Jama\AppData\Roaming\Trae\User\workspaceStorage\15c722b02b3b73826bcb58a08aa3cd52\redhat.java -Daether.dependencyCollector.impl=bf 
java_command: c:\Users\Fernanda Jama\.trae\extensions\redhat.java-1.44.0-win32-x64\server\plugins\org.eclipse.equinox.launcher_1.7.0.v20250519-0528.jar -configuration c:\Users\Fernanda Jama\AppData\Roaming\Trae\User\globalStorage\redhat.java\1.44.0\config_win -data c:\Users\Fernanda Jama\AppData\Roaming\Trae\User\workspaceStorage\15c722b02b3b73826bcb58a08aa3cd52\redhat.java\jdt_ws --pipe=\\.\pipe\lsp-4d32a8f3144f84519e94e62cd028a1d0-sock
java_class_path (initial): c:\Users\Fernanda Jama\.trae\extensions\redhat.java-1.44.0-win32-x64\server\plugins\org.eclipse.equinox.launcher_1.7.0.v20250519-0528.jar
Launcher Type: SUN_STANDARD

[Global flags]
    uintx AdaptiveSizePolicyWeight                 = 90                                        {product} {command line}
     intx CICompilerCount                          = 4                                         {product} {ergonomic}
    uintx GCTimeRatio                              = 4                                         {product} {command line}
     bool HeapDumpOnOutOfMemoryError               = true                                   {manageable} {command line}
    ccstr HeapDumpPath                             = c:\Users\Fernanda Jama\AppData\Roaming\Trae\User\workspaceStorage\15c722b02b3b73826bcb58a08aa3cd52\redhat.java         {manageable} {command line}
   size_t InitialHeapSize                          = 104857600                                 {product} {command line}
   size_t MaxHeapSize                              = 2147483648                                {product} {command line}
   size_t MaxNewSize                               = 715653120                                 {product} {ergonomic}
   size_t MinHeapDeltaBytes                        = 524288                                    {product} {ergonomic}
   size_t MinHeapSize                              = 104857600                                 {product} {command line}
   size_t NewSize                                  = 34603008                                  {product} {ergonomic}
    uintx NonNMethodCodeHeapSize                   = 5839372                                {pd product} {ergonomic}
    uintx NonProfiledCodeHeapSize                  = 122909434                              {pd product} {ergonomic}
   size_t OldSize                                  = 70254592                                  {product} {ergonomic}
    uintx ProfiledCodeHeapSize                     = 122909434                              {pd product} {ergonomic}
    uintx ReservedCodeCacheSize                    = 251658240                              {pd product} {ergonomic}
     bool SegmentedCodeCache                       = true                                      {product} {ergonomic}
   size_t SoftMaxHeapSize                          = 2147483648                             {manageable} {ergonomic}
     bool UseCompressedOops                        = true                           {product lp64_product} {ergonomic}
     bool UseLargePagesIndividualAllocation        = false                                  {pd product} {ergonomic}
     bool UseParallelGC                            = true                                      {product} {command line}

Logging:
Log output configuration:
 #0: stdout all=off uptime,level,tags foldmultilines=false
 #1: stderr all=off uptime,level,tags foldmultilines=false

Environment Variables:
JAVA_HOME=C:\Program Files\Java\jdk-17
CLASSPATH=C:\Program Files\SAP\SAP Business One DI API\JCO\LIB\sbowrapper.jar;C:\Program Files\SAP\SAP Business One DI API\JCO\LIB\sboapi.jar
PATH=C:\Users\Fernanda Jama\.trae\tools\gradle\latest\bin;C:\Program Files\Java\jdk-17\bin;C:\Users\Fernanda Jama\.trae\tools\maven\latest\bin;C:\Python313\Scripts\;C:\Python313\;C:\Program Files\Microsoft MPI\Bin\;C:\Program Files\Common Files\Oracle\Java\javapath;C:\Windows\system32;C:\Windows;C:\Windows\System32\Wbem;C:\Windows\System32\WindowsPowerShell\v1.0\;C:\Windows\System32\OpenSSH\;C:\Program Files\Microsoft SQL Server\Client SDK\ODBC\170\Tools\Binn\;C:\Program Files (x86)\Microsoft SQL Server\150\Tools\Binn\;C:\Program Files\Microsoft SQL Server\150\Tools\Binn\;C:\Program Files\Microsoft SQL Server\150\DTS\Binn\;C:\Program Files (x86)\Microsoft SQL Server\160\DTS\Binn\;C:\Program Files\nodejs\;C:\ProgramData\chocolatey\bin;C:\Program Files\SAP\SAP Business One DI API\JCO\LIB\;C:\Program Files\SAP\SAP Business One DI API\DI API 90;C:\Program Files\SAP\SAP Business One\;C:\Program Files\apache-maven-3.8.8-bin\apache-maven-3.8.8\bin;C:\Program Files\Git\cmd;C:\Users\Fernanda Jama\AppData\Local\Microsoft\WindowsApps;C:\Users\Fernanda Jama\AppData\Local\GitHubDesktop\bin;C:\Users\Fernanda Jama\AppData\Local\Programs\Microsoft VS Code\bin;C:\Users\Fernanda Jama\AppData\Roaming\npm;c:\Users\Fernanda Jama\AppData\Local\Programs\Trae\resources\app\bin\lib
USERNAME=Fernanda Jama
OS=Windows_NT
PROCESSOR_IDENTIFIER=Intel64 Family 6 Model 140 Stepping 1, GenuineIntel
TMP=C:\Users\FERNAN~1\AppData\Local\Temp
TEMP=C:\Users\FERNAN~1\AppData\Local\Temp




Periodic native trim disabled

---------------  S Y S T E M  ---------------

OS:
 Windows 11 , 64 bit Build 26100 (10.0.26100.4768)
OS uptime: 0 days 7:27 hours
Hyper-V role detected

CPU: total 8 (initial active 8) (4 cores per cpu, 2 threads per core) family 6 model 140 stepping 1 microcode 0xb8, cx8, cmov, fxsr, ht, mmx, 3dnowpref, sse, sse2, sse3, ssse3, sse4.1, sse4.2, popcnt, lzcnt, tsc, tscinvbit, avx, avx2, aes, erms, clmul, bmi1, bmi2, adx, avx512f, avx512dq, avx512cd, avx512bw, avx512vl, sha, fma, vzeroupper, avx512_vpopcntdq, avx512_vpclmulqdq, avx512_vaes, avx512_vnni, clflush, clflushopt, clwb, avx512_vbmi2, avx512_vbmi, hv, rdtscp, rdpid, fsrm, gfni, avx512_bitalg, f16c, cet_ibt, cet_ss, avx512_ifma
Processor Information for processor 0
  Max Mhz: 2803, Current Mhz: 1201, Mhz Limit: 2803
Processor Information for processor 1
  Max Mhz: 2803, Current Mhz: 2803, Mhz Limit: 2803
Processor Information for processor 2
  Max Mhz: 2803, Current Mhz: 1201, Mhz Limit: 2803
Processor Information for processor 3
  Max Mhz: 2803, Current Mhz: 2803, Mhz Limit: 2803
Processor Information for processor 4
  Max Mhz: 2803, Current Mhz: 1201, Mhz Limit: 2803
Processor Information for processor 5
  Max Mhz: 2803, Current Mhz: 1201, Mhz Limit: 2803
Processor Information for processor 6
  Max Mhz: 2803, Current Mhz: 1201, Mhz Limit: 2803
Processor Information for processor 7
  Max Mhz: 2803, Current Mhz: 2803, Mhz Limit: 2803

Memory: 4k page, system-wide physical 40743M (1873M free)
TotalPageFile size 101623M (AvailPageFile size 0M)
current process WorkingSet (physical memory assigned to process): 102M, peak: 1900M
current process commit charge ("private bytes"): 1252M, peak: 1896M

vm_info: OpenJDK 64-Bit Server VM (21.0.8+9-LTS) for windows-amd64 JRE (21.0.8+9-LTS), built on 2025-07-15T00:00:00Z by "admin" with MS VC++ 17.7 (VS2022)

END.
