#
# There is insufficient memory for the Java Runtime Environment to continue.
# Native memory allocation (malloc) failed to allocate 2254048 bytes. Error detail: Chunk::new
# Possible reasons:
#   The system is out of physical RAM or swap space
#   This process is running with CompressedOops enabled, and the Java Heap may be blocking the growth of the native heap
# Possible solutions:
#   Reduce memory load on the system
#   Increase physical memory or swap space
#   Check if swap backing store is full
#   Decrease Java heap size (-Xmx/-Xms)
#   Decrease number of Java threads
#   Decrease Java thread stack sizes (-Xss)
#   Set larger code cache with -XX:ReservedCodeCacheSize=
#   JVM is running with Unscaled Compressed Oops mode in which the Java heap is
#     placed in the first 4GB address space. The Java Heap base address is the
#     maximum limit for the native heap growth. Please use -XX:HeapBaseMinAddress
#     to set the Java Heap base and to place the Java Heap above 4GB virtual address.
# This output file may be truncated or incomplete.
#
#  Out of Memory Error (arena.cpp:168), pid=17656, tid=25612
#
# JRE version: OpenJDK Runtime Environment Temurin-21.0.8+9 (21.0.8+9) (build 21.0.8+9-LTS)
# Java VM: OpenJDK 64-Bit Server VM Temurin-21.0.8+9 (21.0.8+9-LTS, mixed mode, sharing, tiered, compressed oops, compressed class ptrs, parallel gc, windows-amd64)
# No core dump will be written. Minidumps are not enabled by default on client versions of Windows
#

---------------  S U M M A R Y ------------

Command Line: --add-modules=ALL-SYSTEM --add-opens=java.base/java.util=ALL-UNNAMED --add-opens=java.base/java.lang=ALL-UNNAMED --add-opens=java.base/sun.nio.fs=ALL-UNNAMED -Declipse.application=org.eclipse.jdt.ls.core.id1 -Dosgi.bundles.defaultStartLevel=4 -Declipse.product=org.eclipse.jdt.ls.core.product -Djava.import.generatesMetadataFilesAtProjectRoot=false -DDetectVMInstallationsJob.disabled=true -Dfile.encoding=utf8 -XX:+UseParallelGC -XX:GCTimeRatio=4 -XX:AdaptiveSizePolicyWeight=90 -Dsun.zip.disableMemoryMapping=true -Xmx2G -Xms100m -Xlog:disable -javaagent:c:\Users\Fernanda Jama\.trae\extensions\redhat.java-1.44.0-win32-x64\lombok\lombok-1.18.39-4050.jar -XX:+HeapDumpOnOutOfMemoryError -XX:HeapDumpPath=c:\Users\Fernanda Jama\AppData\Roaming\Trae\User\workspaceStorage\15c722b02b3b73826bcb58a08aa3cd52\redhat.java -Daether.dependencyCollector.impl=bf c:\Users\Fernanda Jama\.trae\extensions\redhat.java-1.44.0-win32-x64\server\plugins\org.eclipse.equinox.launcher_1.7.0.v20250519-0528.jar -configuration c:\Users\Fernanda Jama\AppData\Roaming\Trae\User\globalStorage\redhat.java\1.44.0\config_win -data c:\Users\Fernanda Jama\AppData\Roaming\Trae\User\workspaceStorage\15c722b02b3b73826bcb58a08aa3cd52\redhat.java\jdt_ws --pipe=\\.\pipe\lsp-89d91c606f260aa5d207517ca6659c87-sock

Host: 11th Gen Intel(R) Core(TM) i7-1165G7 @ 2.80GHz, 8 cores, 39G,  Windows 11 , 64 bit Build 26100 (10.0.26100.4768)
Time: Mon Sep  1 18:42:02 2025 Hora est. Pacífico, Sudamérica elapsed time: 156.746177 seconds (0d 0h 2m 36s)

---------------  T H R E A D  ---------------

Current thread (0x0000026f0bb239e0):  JavaThread "C2 CompilerThread2" daemon [_thread_in_native, id=25612, stack(0x000000e347e00000,0x000000e347f00000) (1024K)]


Current CompileTask:
C2:156746 16986 %     4       org.eclipse.jdt.internal.core.search.indexing.BinaryIndexer::extractReferenceFromConstantPool @ 15 (358 bytes)

Stack: [0x000000e347e00000,0x000000e347f00000]
Native frames: (J=compiled Java code, j=interpreted, Vv=VM code, C=native code)
V  [jvm.dll+0x6d2449]
V  [jvm.dll+0x8ae341]
V  [jvm.dll+0x8b08be]
V  [jvm.dll+0x8b0fa3]
V  [jvm.dll+0x280c96]
V  [jvm.dll+0xc581d]
V  [jvm.dll+0xc5d53]
V  [jvm.dll+0x3b919c]
V  [jvm.dll+0x385315]
V  [jvm.dll+0x38477a]
V  [jvm.dll+0x248ed0]
V  [jvm.dll+0x2484af]
V  [jvm.dll+0x1c89ee]
V  [jvm.dll+0x257d4d]
V  [jvm.dll+0x2562ea]
V  [jvm.dll+0x3f2d16]
V  [jvm.dll+0x857e6b]
V  [jvm.dll+0x6d0b0d]
C  [ucrtbase.dll+0x37b0]
C  [KERNEL32.DLL+0x2e8d7]
C  [ntdll.dll+0x3c34c]


---------------  P R O C E S S  ---------------

Threads class SMR info:
_java_thread_list=0x0000026f7a2e8ff0, length=65, elements={
0x0000026f1cc7b0a0, 0x0000026f1cd2e1e0, 0x0000026f1cbef1a0, 0x0000026f1cbf3660,
0x0000026f1cbf4510, 0x0000026f1cbf5510, 0x0000026f1cbf6160, 0x0000026f1cbf8fa0,
0x0000026f7a055390, 0x0000026f7a0d6370, 0x0000026f7a309ea0, 0x0000026f7ad32e60,
0x0000026f7a9a8ad0, 0x0000026f7a93f7d0, 0x0000026f7a93fe30, 0x0000026f7af1a2d0,
0x0000026f7ad26460, 0x0000026f7ae835c0, 0x0000026f7ae83c50, 0x0000026f7ae842e0,
0x0000026f7b10f4a0, 0x0000026f7b1101c0, 0x0000026f7b111570, 0x0000026f7b110850,
0x0000026f7b112290, 0x0000026f7b10fb30, 0x0000026f7ae82f30, 0x0000026f7daeecd0,
0x0000026f7daef360, 0x0000026f7daed290, 0x0000026f7daef9f0, 0x0000026f7daec570,
0x0000026f7daecc00, 0x0000026f7daedfb0, 0x0000026f7daee640, 0x0000026f7b5fb860,
0x0000026f7b5f9100, 0x0000026f7b5f9790, 0x0000026f7f14fe60, 0x0000026f7f1504f0,
0x0000026f7f14d070, 0x0000026f7f150b80, 0x0000026f7f14d700, 0x0000026f7f151210,
0x0000026f7f14e420, 0x0000026f7f1518a0, 0x0000026f7f151f30, 0x0000026f7f1525c0,
0x0000026f7f154000, 0x0000026f7f154690, 0x0000026f7b5fe650, 0x0000026f7b5fd930,
0x0000026f09ce33d0, 0x0000026f09ce3a60, 0x0000026f09ce40f0, 0x0000026f09ce4780,
0x0000026f09ce26b0, 0x0000026f09ce54a0, 0x0000026f09ce7c00, 0x0000026f09ce6ee0,
0x0000026f09ce8290, 0x0000026f09ce8920, 0x0000026f09ce8fb0, 0x0000026f0bb25520,
0x0000026f0bb239e0
}

Java Threads: ( => current thread )
  0x0000026f1cc7b0a0 JavaThread "main"                              [_thread_blocked, id=27384, stack(0x000000e343200000,0x000000e343300000) (1024K)]
  0x0000026f1cd2e1e0 JavaThread "Reference Handler"          daemon [_thread_blocked, id=27640, stack(0x000000e343600000,0x000000e343700000) (1024K)]
  0x0000026f1cbef1a0 JavaThread "Finalizer"                  daemon [_thread_blocked, id=10080, stack(0x000000e343700000,0x000000e343800000) (1024K)]
  0x0000026f1cbf3660 JavaThread "Signal Dispatcher"          daemon [_thread_blocked, id=24516, stack(0x000000e343800000,0x000000e343900000) (1024K)]
  0x0000026f1cbf4510 JavaThread "Attach Listener"            daemon [_thread_blocked, id=21592, stack(0x000000e343900000,0x000000e343a00000) (1024K)]
  0x0000026f1cbf5510 JavaThread "Service Thread"             daemon [_thread_blocked, id=23988, stack(0x000000e343a00000,0x000000e343b00000) (1024K)]
  0x0000026f1cbf6160 JavaThread "Monitor Deflation Thread"   daemon [_thread_blocked, id=13160, stack(0x000000e343b00000,0x000000e343c00000) (1024K)]
  0x0000026f1cbf8fa0 JavaThread "C2 CompilerThread0"         daemon [_thread_blocked, id=14356, stack(0x000000e343c00000,0x000000e343d00000) (1024K)]
  0x0000026f7a055390 JavaThread "C1 CompilerThread0"         daemon [_thread_blocked, id=3736, stack(0x000000e343d00000,0x000000e343e00000) (1024K)]
  0x0000026f7a0d6370 JavaThread "Common-Cleaner"             daemon [_thread_blocked, id=18464, stack(0x000000e343e00000,0x000000e343f00000) (1024K)]
  0x0000026f7a309ea0 JavaThread "Notification Thread"        daemon [_thread_blocked, id=27444, stack(0x000000e343f00000,0x000000e344000000) (1024K)]
  0x0000026f7ad32e60 JavaThread "Active Thread: Equinox Container: 7aed846d-ad7f-4365-9c27-c48558d56ecb"        [_thread_blocked, id=20436, stack(0x000000e344800000,0x000000e344900000) (1024K)]
  0x0000026f7a9a8ad0 JavaThread "Refresh Thread: Equinox Container: 7aed846d-ad7f-4365-9c27-c48558d56ecb" daemon [_thread_blocked, id=25108, stack(0x000000e344a00000,0x000000e344b00000) (1024K)]
  0x0000026f7a93f7d0 JavaThread "Framework Event Dispatcher: Equinox Container: 7aed846d-ad7f-4365-9c27-c48558d56ecb" daemon [_thread_blocked, id=20004, stack(0x000000e344b00000,0x000000e344c00000) (1024K)]
  0x0000026f7a93fe30 JavaThread "Start Level: Equinox Container: 7aed846d-ad7f-4365-9c27-c48558d56ecb" daemon [_thread_blocked, id=18324, stack(0x000000e344c00000,0x000000e344d00000) (1024K)]
  0x0000026f7af1a2d0 JavaThread "Bundle File Closer"         daemon [_thread_blocked, id=1924, stack(0x000000e344d00000,0x000000e344e00000) (1024K)]
  0x0000026f7ad26460 JavaThread "SCR Component Actor"        daemon [_thread_blocked, id=22744, stack(0x000000e344100000,0x000000e344200000) (1024K)]
  0x0000026f7ae835c0 JavaThread "Worker-JM"                         [_thread_blocked, id=4156, stack(0x000000e344f00000,0x000000e345000000) (1024K)]
  0x0000026f7ae83c50 JavaThread "JNA Cleaner"                daemon [_thread_blocked, id=10152, stack(0x000000e344000000,0x000000e344100000) (1024K)]
  0x0000026f7ae842e0 JavaThread "Worker-0"                          [_thread_blocked, id=24064, stack(0x000000e345000000,0x000000e345100000) (1024K)]
  0x0000026f7b10f4a0 JavaThread "Worker-2: Publish Diagnostics"        [_thread_blocked, id=9196, stack(0x000000e345300000,0x000000e345400000) (1024K)]
  0x0000026f7b1101c0 JavaThread "Worker-3: Initialize workspace"        [_thread_blocked, id=17164, stack(0x000000e345400000,0x000000e345500000) (1024K)]
  0x0000026f7b111570 JavaThread "Java indexing"              daemon [_thread_blocked, id=17544, stack(0x000000e345600000,0x000000e345700000) (1024K)]
  0x0000026f7b110850 JavaThread "Worker-4: Java indexing... "        [_thread_blocked, id=21420, stack(0x000000e345500000,0x000000e345600000) (1024K)]
  0x0000026f7b112290 JavaThread "Worker-5"                          [_thread_blocked, id=27576, stack(0x000000e344e00000,0x000000e344f00000) (1024K)]
  0x0000026f7b10fb30 JavaThread "Thread-2"                   daemon [_thread_in_native, id=18232, stack(0x000000e345900000,0x000000e345a00000) (1024K)]
  0x0000026f7ae82f30 JavaThread "Thread-3"                   daemon [_thread_in_native, id=23624, stack(0x000000e345a00000,0x000000e345b00000) (1024K)]
  0x0000026f7daeecd0 JavaThread "Thread-4"                   daemon [_thread_in_native, id=20092, stack(0x000000e345b00000,0x000000e345c00000) (1024K)]
  0x0000026f7daef360 JavaThread "Thread-5"                   daemon [_thread_in_native, id=21200, stack(0x000000e345c00000,0x000000e345d00000) (1024K)]
  0x0000026f7daed290 JavaThread "Thread-6"                   daemon [_thread_in_native, id=18172, stack(0x000000e345d00000,0x000000e345e00000) (1024K)]
  0x0000026f7daef9f0 JavaThread "Thread-7"                   daemon [_thread_in_native, id=27432, stack(0x000000e345e00000,0x000000e345f00000) (1024K)]
  0x0000026f7daec570 JavaThread "Thread-8"                   daemon [_thread_in_native, id=21632, stack(0x000000e345f00000,0x000000e346000000) (1024K)]
  0x0000026f7daecc00 JavaThread "Thread-9"                   daemon [_thread_in_native, id=13228, stack(0x000000e346000000,0x000000e346100000) (1024K)]
  0x0000026f7daedfb0 JavaThread "Thread-10"                  daemon [_thread_in_native, id=2512, stack(0x000000e346100000,0x000000e346200000) (1024K)]
  0x0000026f7daee640 JavaThread "Worker-6"                          [_thread_blocked, id=10828, stack(0x000000e346200000,0x000000e346300000) (1024K)]
  0x0000026f7b5fb860 JavaThread "pool-2-thread-1"                   [_thread_blocked, id=25900, stack(0x000000e346300000,0x000000e346400000) (1024K)]
  0x0000026f7b5f9100 JavaThread "WorkspaceEventsHandler"            [_thread_blocked, id=6904, stack(0x000000e346500000,0x000000e346600000) (1024K)]
  0x0000026f7b5f9790 JavaThread "pool-1-thread-1"                   [_thread_blocked, id=4272, stack(0x000000e346600000,0x000000e346700000) (1024K)]
  0x0000026f7f14fe60 JavaThread "LocalFile Deleter"          daemon [_thread_blocked, id=25636, stack(0x000000e346700000,0x000000e346800000) (1024K)]
  0x0000026f7f1504f0 JavaThread "LocalFile Deleter"          daemon [_thread_blocked, id=26788, stack(0x000000e346800000,0x000000e346900000) (1024K)]
  0x0000026f7f14d070 JavaThread "LocalFile Deleter"          daemon [_thread_blocked, id=4480, stack(0x000000e346900000,0x000000e346a00000) (1024K)]
  0x0000026f7f150b80 JavaThread "LocalFile Deleter"          daemon [_thread_blocked, id=20516, stack(0x000000e346a00000,0x000000e346b00000) (1024K)]
  0x0000026f7f14d700 JavaThread "Compiler Source File Reader" daemon [_thread_blocked, id=21188, stack(0x000000e346b00000,0x000000e346c00000) (1024K)]
  0x0000026f7f151210 JavaThread "Compiler Source File Reader" daemon [_thread_blocked, id=22404, stack(0x000000e346c00000,0x000000e346d00000) (1024K)]
  0x0000026f7f14e420 JavaThread "Compiler Source File Reader" daemon [_thread_blocked, id=4380, stack(0x000000e346d00000,0x000000e346e00000) (1024K)]
  0x0000026f7f1518a0 JavaThread "Compiler Source File Reader" daemon [_thread_blocked, id=2016, stack(0x000000e346e00000,0x000000e346f00000) (1024K)]
  0x0000026f7f151f30 JavaThread "Compiler Source File Reader" daemon [_thread_blocked, id=25068, stack(0x000000e346f00000,0x000000e347000000) (1024K)]
  0x0000026f7f1525c0 JavaThread "Compiler Source File Reader" daemon [_thread_blocked, id=22016, stack(0x000000e347000000,0x000000e347100000) (1024K)]
  0x0000026f7f154000 JavaThread "Compiler Class File Writer" daemon [_thread_blocked, id=10508, stack(0x000000e347200000,0x000000e347300000) (1024K)]
  0x0000026f7f154690 JavaThread "Compiler Class File Writer" daemon [_thread_blocked, id=12456, stack(0x000000e347300000,0x000000e347400000) (1024K)]
  0x0000026f7b5fe650 JavaThread "Compiler Class File Writer" daemon [_thread_blocked, id=24056, stack(0x000000e347500000,0x000000e347600000) (1024K)]
  0x0000026f7b5fd930 JavaThread "Compiler Class File Writer" daemon [_thread_blocked, id=1772, stack(0x000000e347600000,0x000000e347700000) (1024K)]
  0x0000026f09ce33d0 JavaThread "Compiler Class File Writer" daemon [_thread_blocked, id=14244, stack(0x000000e347700000,0x000000e347800000) (1024K)]
  0x0000026f09ce3a60 JavaThread "Compiler Class File Writer" daemon [_thread_blocked, id=22620, stack(0x000000e347800000,0x000000e347900000) (1024K)]
  0x0000026f09ce40f0 JavaThread "LocalFile Deleter"          daemon [_thread_blocked, id=2164, stack(0x000000e347900000,0x000000e347a00000) (1024K)]
  0x0000026f09ce4780 JavaThread "LocalFile Deleter"          daemon [_thread_blocked, id=19496, stack(0x000000e347400000,0x000000e347500000) (1024K)]
  0x0000026f09ce26b0 JavaThread "LocalFile Deleter"          daemon [_thread_blocked, id=6392, stack(0x000000e347a00000,0x000000e347b00000) (1024K)]
  0x0000026f09ce54a0 JavaThread "ForkJoinPool.commonPool-worker-1" daemon [_thread_in_Java, id=3148, stack(0x000000e346400000,0x000000e346500000) (1024K)]
  0x0000026f09ce7c00 JavaThread "ForkJoinPool.commonPool-worker-2" daemon [_thread_blocked, id=27452, stack(0x000000e345200000,0x000000e345300000) (1024K)]
  0x0000026f09ce6ee0 JavaThread "ForkJoinPool.commonPool-worker-3" daemon [_thread_blocked, id=24680, stack(0x000000e345100000,0x000000e345200000) (1024K)]
  0x0000026f09ce8290 JavaThread "ForkJoinPool.commonPool-worker-4" daemon [_thread_blocked, id=19364, stack(0x000000e347100000,0x000000e347200000) (1024K)]
  0x0000026f09ce8920 JavaThread "ForkJoinPool.commonPool-worker-5" daemon [_thread_blocked, id=6576, stack(0x000000e347b00000,0x000000e347c00000) (1024K)]
  0x0000026f09ce8fb0 JavaThread "SCR Component Registry"     daemon [_thread_blocked, id=26060, stack(0x000000e347d00000,0x000000e347e00000) (1024K)]
  0x0000026f0bb25520 JavaThread "C2 CompilerThread1"         daemon [_thread_in_native, id=21508, stack(0x000000e347c00000,0x000000e347d00000) (1024K)]
=>0x0000026f0bb239e0 JavaThread "C2 CompilerThread2"         daemon [_thread_in_native, id=25612, stack(0x000000e347e00000,0x000000e347f00000) (1024K)]
Total: 65

Other Threads:
  0x0000026f1cbe34a0 VMThread "VM Thread"                           [id=18692, stack(0x000000e343500000,0x000000e343600000) (1024K)]
  0x0000026f1cce8d20 WatcherThread "VM Periodic Task Thread"        [id=19328, stack(0x000000e343400000,0x000000e343500000) (1024K)]
  0x0000026f1cc9ac70 WorkerThread "GC Thread#0"                     [id=24144, stack(0x000000e343300000,0x000000e343400000) (1024K)]
  0x0000026f7a5559f0 WorkerThread "GC Thread#1"                     [id=21480, stack(0x000000e344200000,0x000000e344300000) (1024K)]
  0x0000026f7ac24c00 WorkerThread "GC Thread#2"                     [id=23168, stack(0x000000e344300000,0x000000e344400000) (1024K)]
  0x0000026f7ac24fa0 WorkerThread "GC Thread#3"                     [id=18168, stack(0x000000e344400000,0x000000e344500000) (1024K)]
  0x0000026f7a558290 WorkerThread "GC Thread#4"                     [id=2336, stack(0x000000e344500000,0x000000e344600000) (1024K)]
  0x0000026f7a558630 WorkerThread "GC Thread#5"                     [id=24324, stack(0x000000e344600000,0x000000e344700000) (1024K)]
  0x0000026f7a5589d0 WorkerThread "GC Thread#6"                     [id=22516, stack(0x000000e344700000,0x000000e344800000) (1024K)]
  0x0000026f7abb9f40 WorkerThread "GC Thread#7"                     [id=24736, stack(0x000000e344900000,0x000000e344a00000) (1024K)]
Total: 10

Threads with active compile tasks:
C2 CompilerThread0  156814 17018   !   4       org.eclipse.jdt.internal.core.search.indexing.BinaryIndexer::indexDocument (1168 bytes)
C2 CompilerThread1  156814 16973   !   4       org.eclipse.jdt.internal.core.util.DeduplicationUtil::intern (149 bytes)
C2 CompilerThread2  156815 16986 %     4       org.eclipse.jdt.internal.core.search.indexing.BinaryIndexer::extractReferenceFromConstantPool @ 15 (358 bytes)
Total: 3

VM state: not at safepoint (normal execution)

VM Mutex/Monitor currently owned by a thread: None

Heap address: 0x0000000080000000, size: 2048 MB, Compressed Oops mode: 32-bit

CDS archive(s) mapped at: [0x0000026f34000000-0x0000026f34ba0000-0x0000026f34ba0000), size 12189696, SharedBaseAddress: 0x0000026f34000000, ArchiveRelocationMode: 1.
Compressed class space mapped at: 0x0000026f35000000-0x0000026f75000000, reserved size: 1073741824
Narrow klass base: 0x0000026f34000000, Narrow klass shift: 0, Narrow klass range: 0x100000000

GC Precious Log:
 CardTable entry size: 512
 CPUs: 8 total, 8 available
 Memory: 40743M
 Large Page Support: Disabled
 NUMA Support: Disabled
 Compressed Oops: Enabled (32-bit)
 Alignments: Space 512K, Generation 512K, Heap 2M
 Heap Min Capacity: 100M
 Heap Initial Capacity: 100M
 Heap Max Capacity: 2G
 Pre-touch: Disabled
 Parallel Workers: 8

Heap:
 PSYoungGen      total 2048K, used 1950K [0x00000000d5580000, 0x00000000d5880000, 0x0000000100000000)
  eden space 1536K, 99% used [0x00000000d5580000,0x00000000d56fdcd0,0x00000000d5700000)
  from space 512K, 82% used [0x00000000d5800000,0x00000000d5869d58,0x00000000d5880000)
  to   space 512K, 0% used [0x00000000d5780000,0x00000000d5780000,0x00000000d5800000)
 ParOldGen       total 623616K, used 623417K [0x0000000080000000, 0x00000000a6100000, 0x00000000d5580000)
  object space 623616K, 99% used [0x0000000080000000,0x00000000a60ce760,0x00000000a6100000)
 Metaspace       used 71075K, committed 72640K, reserved 1114112K
  class space    used 7157K, committed 7872K, reserved 1048576K

Card table byte_map: [0x0000026f1c610000,0x0000026f1ca20000] _byte_map_base: 0x0000026f1c210000

Marking Bits: (ParMarkBitMap*) 0x00007fffd8f3a340
 Begin Bits: [0x0000026f2f110000, 0x0000026f31110000)
 End Bits:   [0x0000026f31110000, 0x0000026f33110000)

Polling page: 0x0000026f1a650000

Metaspace:

Usage:
  Non-class:     62.42 MB used.
      Class:      6.99 MB used.
       Both:     69.41 MB used.

Virtual space:
  Non-class space:       64.00 MB reserved,      63.25 MB ( 99%) committed,  1 nodes.
      Class space:        1.00 GB reserved,       7.69 MB ( <1%) committed,  1 nodes.
             Both:        1.06 GB reserved,      70.94 MB (  7%) committed. 

Chunk freelists:
   Non-Class:  640.00 KB
       Class:  8.33 MB
        Both:  8.95 MB

MaxMetaspaceSize: unlimited
CompressedClassSpaceSize: 1.00 GB
Initial GC threshold: 21.00 MB
Current GC threshold: 97.31 MB
CDS: on
 - commit_granule_bytes: 65536.
 - commit_granule_words: 8192.
 - virtual_space_node_default_size: 8388608.
 - enlarge_chunks_in_place: 1.
 - use_allocation_guard: 0.


Internal statistics:

num_allocs_failed_limit: 9.
num_arena_births: 1372.
num_arena_deaths: 16.
num_vsnodes_births: 2.
num_vsnodes_deaths: 0.
num_space_committed: 1135.
num_space_uncommitted: 0.
num_chunks_returned_to_freelist: 26.
num_chunks_taken_from_freelist: 4928.
num_chunk_merges: 10.
num_chunk_splits: 2944.
num_chunks_enlarged: 1555.
num_inconsistent_stats: 0.

CodeHeap 'non-profiled nmethods': size=120000Kb used=17628Kb max_used=17628Kb free=102371Kb
 bounds [0x0000026f27930000, 0x0000026f28a70000, 0x0000026f2ee60000]
CodeHeap 'profiled nmethods': size=120000Kb used=39910Kb max_used=39910Kb free=80089Kb
 bounds [0x0000026f1fe60000, 0x0000026f22560000, 0x0000026f27390000]
CodeHeap 'non-nmethods': size=5760Kb used=1461Kb max_used=1531Kb free=4298Kb
 bounds [0x0000026f27390000, 0x0000026f27600000, 0x0000026f27930000]
CodeCache: size=245760Kb, used=58999Kb, max_used=59069Kb, free=186758Kb
 total_blobs=16769, nmethods=15998, adapters=675, full_count=0
Compilation: enabled, stopped_count=0, restarted_count=0

Compilation events (20 events):
Event: 155.609 Thread 0x0000026f1cbf8fa0 nmethod 17009 0x0000026f28a63710 code [0x0000026f28a638e0, 0x0000026f28a64050]
Event: 155.609 Thread 0x0000026f1cbf8fa0 17010       4       java.util.ArrayList::equals (62 bytes)
Event: 155.611 Thread 0x0000026f7a055390 17011   !   3       org.eclipse.jdt.internal.core.JavaModelManager::getZipFile (167 bytes)
Event: 155.614 Thread 0x0000026f7a055390 nmethod 17011 0x0000026f2254ca90 code [0x0000026f2254ce00, 0x0000026f2254e118]
Event: 155.615 Thread 0x0000026f7a055390 17012   !   3       org.eclipse.jdt.internal.core.JavaModelManager::closeZipFile (105 bytes)
Event: 155.618 Thread 0x0000026f7a055390 nmethod 17012 0x0000026f2254e910 code [0x0000026f2254ec80, 0x0000026f2254fe00]
Event: 155.642 Thread 0x0000026f7a055390 17015       3       java.util.Map::ofEntries (114 bytes)
Event: 155.646 Thread 0x0000026f7a055390 nmethod 17015 0x0000026f22550490 code [0x0000026f22550740, 0x0000026f22551668]
Event: 155.648 Thread 0x0000026f7a055390 17016       3       org.eclipse.jdt.internal.core.search.JavaSearchDocument::<init> (21 bytes)
Event: 155.652 Thread 0x0000026f7a055390 nmethod 17016 0x0000026f22551b90 code [0x0000026f22551fa0, 0x0000026f225540f0]
Event: 155.652 Thread 0x0000026f7a055390 17017   !   3       org.eclipse.jdt.internal.compiler.util.Util::getZipEntryByteContent (84 bytes)
Event: 155.653 Thread 0x0000026f7a055390 nmethod 17017 0x0000026f22554c90 code [0x0000026f22554ee0, 0x0000026f22555690]
Event: 155.665 Thread 0x0000026f1cbf8fa0 nmethod 17010 0x0000026f28a64310 code [0x0000026f28a64580, 0x0000026f28a650d0]
Event: 155.665 Thread 0x0000026f1cbf8fa0 17014       4       java.util.ImmutableCollections::listFromArray (39 bytes)
Event: 155.676 Thread 0x0000026f1cbf8fa0 nmethod 17014 0x0000026f28a65910 code [0x0000026f28a65ac0, 0x0000026f28a65e60]
Event: 155.676 Thread 0x0000026f1cbf8fa0 17013   !   4       org.eclipse.jdt.internal.core.util.Util::getEntryName (77 bytes)
Event: 155.699 Thread 0x0000026f1cbf8fa0 nmethod 17013 0x0000026f28a66010 code [0x0000026f28a66280, 0x0000026f28a669d8]
Event: 155.699 Thread 0x0000026f1cbf8fa0 17018   !   4       org.eclipse.jdt.internal.core.search.indexing.BinaryIndexer::indexDocument (1168 bytes)
Event: 155.761 Thread 0x0000026f7a055390 17021       3       java.util.Collection::toArray (17 bytes)
Event: 155.762 Thread 0x0000026f7a055390 nmethod 17021 0x0000026f22555b10 code [0x0000026f22555ce0, 0x0000026f22556080]

GC Heap History (20 events):
Event: 155.410 GC heap before
{Heap before GC invocations=1403 (full 3):
 PSYoungGen      total 2560K, used 2464K [0x00000000d5580000, 0x00000000d5880000, 0x0000000100000000)
  eden space 2048K, 100% used [0x00000000d5580000,0x00000000d5780000,0x00000000d5780000)
  from space 512K, 81% used [0x00000000d5780000,0x00000000d57e8000,0x00000000d5800000)
  to   space 512K, 0% used [0x00000000d5800000,0x00000000d5800000,0x00000000d5880000)
 ParOldGen       total 621056K, used 620787K [0x0000000080000000, 0x00000000a5e80000, 0x00000000d5580000)
  object space 621056K, 99% used [0x0000000080000000,0x00000000a5e3cec8,0x00000000a5e80000)
 Metaspace       used 71065K, committed 72640K, reserved 1114112K
  class space    used 7157K, committed 7872K, reserved 1048576K
}
Event: 155.412 GC heap after
{Heap after GC invocations=1403 (full 3):
 PSYoungGen      total 2560K, used 354K [0x00000000d5580000, 0x00000000d5880000, 0x0000000100000000)
  eden space 2048K, 0% used [0x00000000d5580000,0x00000000d5580000,0x00000000d5780000)
  from space 512K, 69% used [0x00000000d5800000,0x00000000d58589a8,0x00000000d5880000)
  to   space 512K, 0% used [0x00000000d5780000,0x00000000d5780000,0x00000000d5800000)
 ParOldGen       total 621056K, used 621027K [0x0000000080000000, 0x00000000a5e80000, 0x00000000d5580000)
  object space 621056K, 99% used [0x0000000080000000,0x00000000a5e78ec8,0x00000000a5e80000)
 Metaspace       used 71065K, committed 72640K, reserved 1114112K
  class space    used 7157K, committed 7872K, reserved 1048576K
}
Event: 155.544 GC heap before
{Heap before GC invocations=1404 (full 3):
 PSYoungGen      total 2560K, used 2397K [0x00000000d5580000, 0x00000000d5880000, 0x0000000100000000)
  eden space 2048K, 99% used [0x00000000d5580000,0x00000000d577eac0,0x00000000d5780000)
  from space 512K, 69% used [0x00000000d5800000,0x00000000d58589a8,0x00000000d5880000)
  to   space 512K, 0% used [0x00000000d5780000,0x00000000d5780000,0x00000000d5800000)
 ParOldGen       total 621056K, used 621027K [0x0000000080000000, 0x00000000a5e80000, 0x00000000d5580000)
  object space 621056K, 99% used [0x0000000080000000,0x00000000a5e78ec8,0x00000000a5e80000)
 Metaspace       used 71066K, committed 72640K, reserved 1114112K
  class space    used 7157K, committed 7872K, reserved 1048576K
}
Event: 155.546 GC heap after
{Heap after GC invocations=1404 (full 3):
 PSYoungGen      total 2560K, used 418K [0x00000000d5580000, 0x00000000d5880000, 0x0000000100000000)
  eden space 2048K, 0% used [0x00000000d5580000,0x00000000d5580000,0x00000000d5780000)
  from space 512K, 81% used [0x00000000d5780000,0x00000000d57e8940,0x00000000d5800000)
  to   space 512K, 0% used [0x00000000d5800000,0x00000000d5800000,0x00000000d5880000)
 ParOldGen       total 621568K, used 621211K [0x0000000080000000, 0x00000000a5f00000, 0x00000000d5580000)
  object space 621568K, 99% used [0x0000000080000000,0x00000000a5ea6ec8,0x00000000a5f00000)
 Metaspace       used 71066K, committed 72640K, reserved 1114112K
  class space    used 7157K, committed 7872K, reserved 1048576K
}
Event: 155.575 GC heap before
{Heap before GC invocations=1405 (full 3):
 PSYoungGen      total 2560K, used 2466K [0x00000000d5580000, 0x00000000d5880000, 0x0000000100000000)
  eden space 2048K, 100% used [0x00000000d5580000,0x00000000d5780000,0x00000000d5780000)
  from space 512K, 81% used [0x00000000d5780000,0x00000000d57e8940,0x00000000d5800000)
  to   space 512K, 0% used [0x00000000d5800000,0x00000000d5800000,0x00000000d5880000)
 ParOldGen       total 621568K, used 621211K [0x0000000080000000, 0x00000000a5f00000, 0x00000000d5580000)
  object space 621568K, 99% used [0x0000000080000000,0x00000000a5ea6ec8,0x00000000a5f00000)
 Metaspace       used 71066K, committed 72640K, reserved 1114112K
  class space    used 7157K, committed 7872K, reserved 1048576K
}
Event: 155.577 GC heap after
{Heap after GC invocations=1405 (full 3):
 PSYoungGen      total 2560K, used 315K [0x00000000d5580000, 0x00000000d5880000, 0x0000000100000000)
  eden space 2048K, 0% used [0x00000000d5580000,0x00000000d5580000,0x00000000d5780000)
  from space 512K, 61% used [0x00000000d5800000,0x00000000d584ee88,0x00000000d5880000)
  to   space 512K, 0% used [0x00000000d5780000,0x00000000d5780000,0x00000000d5800000)
 ParOldGen       total 621568K, used 621465K [0x0000000080000000, 0x00000000a5f00000, 0x00000000d5580000)
  object space 621568K, 99% used [0x0000000080000000,0x00000000a5ee66d0,0x00000000a5f00000)
 Metaspace       used 71066K, committed 72640K, reserved 1114112K
  class space    used 7157K, committed 7872K, reserved 1048576K
}
Event: 155.606 GC heap before
{Heap before GC invocations=1406 (full 3):
 PSYoungGen      total 2560K, used 2363K [0x00000000d5580000, 0x00000000d5880000, 0x0000000100000000)
  eden space 2048K, 100% used [0x00000000d5580000,0x00000000d5780000,0x00000000d5780000)
  from space 512K, 61% used [0x00000000d5800000,0x00000000d584ee88,0x00000000d5880000)
  to   space 512K, 0% used [0x00000000d5780000,0x00000000d5780000,0x00000000d5800000)
 ParOldGen       total 621568K, used 621465K [0x0000000080000000, 0x00000000a5f00000, 0x00000000d5580000)
  object space 621568K, 99% used [0x0000000080000000,0x00000000a5ee66d0,0x00000000a5f00000)
 Metaspace       used 71066K, committed 72640K, reserved 1114112K
  class space    used 7157K, committed 7872K, reserved 1048576K
}
Event: 155.608 GC heap after
{Heap after GC invocations=1406 (full 3):
 PSYoungGen      total 2560K, used 320K [0x00000000d5580000, 0x00000000d5880000, 0x0000000100000000)
  eden space 2048K, 0% used [0x00000000d5580000,0x00000000d5580000,0x00000000d5780000)
  from space 512K, 62% used [0x00000000d5780000,0x00000000d57d0000,0x00000000d5800000)
  to   space 512K, 0% used [0x00000000d5800000,0x00000000d5800000,0x00000000d5880000)
 ParOldGen       total 622080K, used 621639K [0x0000000080000000, 0x00000000a5f80000, 0x00000000d5580000)
  object space 622080K, 99% used [0x0000000080000000,0x00000000a5f11db8,0x00000000a5f80000)
 Metaspace       used 71066K, committed 72640K, reserved 1114112K
  class space    used 7157K, committed 7872K, reserved 1048576K
}
Event: 155.638 GC heap before
{Heap before GC invocations=1407 (full 3):
 PSYoungGen      total 2560K, used 2368K [0x00000000d5580000, 0x00000000d5880000, 0x0000000100000000)
  eden space 2048K, 100% used [0x00000000d5580000,0x00000000d5780000,0x00000000d5780000)
  from space 512K, 62% used [0x00000000d5780000,0x00000000d57d0000,0x00000000d5800000)
  to   space 512K, 0% used [0x00000000d5800000,0x00000000d5800000,0x00000000d5880000)
 ParOldGen       total 622080K, used 621639K [0x0000000080000000, 0x00000000a5f80000, 0x00000000d5580000)
  object space 622080K, 99% used [0x0000000080000000,0x00000000a5f11db8,0x00000000a5f80000)
 Metaspace       used 71070K, committed 72640K, reserved 1114112K
  class space    used 7157K, committed 7872K, reserved 1048576K
}
Event: 155.640 GC heap after
{Heap after GC invocations=1407 (full 3):
 PSYoungGen      total 2560K, used 416K [0x00000000d5580000, 0x00000000d5880000, 0x0000000100000000)
  eden space 2048K, 0% used [0x00000000d5580000,0x00000000d5580000,0x00000000d5780000)
  from space 512K, 81% used [0x00000000d5800000,0x00000000d5868000,0x00000000d5880000)
  to   space 512K, 0% used [0x00000000d5780000,0x00000000d5780000,0x00000000d5800000)
 ParOldGen       total 622080K, used 621799K [0x0000000080000000, 0x00000000a5f80000, 0x00000000d5580000)
  object space 622080K, 99% used [0x0000000080000000,0x00000000a5f39db8,0x00000000a5f80000)
 Metaspace       used 71070K, committed 72640K, reserved 1114112K
  class space    used 7157K, committed 7872K, reserved 1048576K
}
Event: 155.643 GC heap before
{Heap before GC invocations=1408 (full 3):
 PSYoungGen      total 2560K, used 2463K [0x00000000d5580000, 0x00000000d5880000, 0x0000000100000000)
  eden space 2048K, 99% used [0x00000000d5580000,0x00000000d577ffd8,0x00000000d5780000)
  from space 512K, 81% used [0x00000000d5800000,0x00000000d5868000,0x00000000d5880000)
  to   space 512K, 0% used [0x00000000d5780000,0x00000000d5780000,0x00000000d5800000)
 ParOldGen       total 622080K, used 621799K [0x0000000080000000, 0x00000000a5f80000, 0x00000000d5580000)
  object space 622080K, 99% used [0x0000000080000000,0x00000000a5f39db8,0x00000000a5f80000)
 Metaspace       used 71072K, committed 72640K, reserved 1114112K
  class space    used 7157K, committed 7872K, reserved 1048576K
}
Event: 155.646 GC heap after
{Heap after GC invocations=1408 (full 3):
 PSYoungGen      total 2560K, used 256K [0x00000000d5580000, 0x00000000d5880000, 0x0000000100000000)
  eden space 2048K, 0% used [0x00000000d5580000,0x00000000d5580000,0x00000000d5780000)
  from space 512K, 50% used [0x00000000d5780000,0x00000000d57c0000,0x00000000d5800000)
  to   space 512K, 0% used [0x00000000d5800000,0x00000000d5800000,0x00000000d5880000)
 ParOldGen       total 622080K, used 622031K [0x0000000080000000, 0x00000000a5f80000, 0x00000000d5580000)
  object space 622080K, 99% used [0x0000000080000000,0x00000000a5f73db8,0x00000000a5f80000)
 Metaspace       used 71072K, committed 72640K, reserved 1114112K
  class space    used 7157K, committed 7872K, reserved 1048576K
}
Event: 155.685 GC heap before
{Heap before GC invocations=1409 (full 3):
 PSYoungGen      total 2560K, used 2304K [0x00000000d5580000, 0x00000000d5880000, 0x0000000100000000)
  eden space 2048K, 100% used [0x00000000d5580000,0x00000000d5780000,0x00000000d5780000)
  from space 512K, 50% used [0x00000000d5780000,0x00000000d57c0000,0x00000000d5800000)
  to   space 512K, 0% used [0x00000000d5800000,0x00000000d5800000,0x00000000d5880000)
 ParOldGen       total 622080K, used 622031K [0x0000000080000000, 0x00000000a5f80000, 0x00000000d5580000)
  object space 622080K, 99% used [0x0000000080000000,0x00000000a5f73db8,0x00000000a5f80000)
 Metaspace       used 71073K, committed 72640K, reserved 1114112K
  class space    used 7157K, committed 7872K, reserved 1048576K
}
Event: 155.688 GC heap after
{Heap after GC invocations=1409 (full 3):
 PSYoungGen      total 2048K, used 495K [0x00000000d5580000, 0x00000000d5980000, 0x0000000100000000)
  eden space 1536K, 0% used [0x00000000d5580000,0x00000000d5580000,0x00000000d5700000)
  from space 512K, 96% used [0x00000000d5800000,0x00000000d587beb0,0x00000000d5880000)
  to   space 1024K, 0% used [0x00000000d5700000,0x00000000d5700000,0x00000000d5800000)
 ParOldGen       total 622592K, used 622175K [0x0000000080000000, 0x00000000a6000000, 0x00000000d5580000)
  object space 622592K, 99% used [0x0000000080000000,0x00000000a5f97db8,0x00000000a6000000)
 Metaspace       used 71073K, committed 72640K, reserved 1114112K
  class space    used 7157K, committed 7872K, reserved 1048576K
}
Event: 155.691 GC heap before
{Heap before GC invocations=1410 (full 3):
 PSYoungGen      total 2048K, used 2031K [0x00000000d5580000, 0x00000000d5980000, 0x0000000100000000)
  eden space 1536K, 99% used [0x00000000d5580000,0x00000000d56ffff0,0x00000000d5700000)
  from space 512K, 96% used [0x00000000d5800000,0x00000000d587beb0,0x00000000d5880000)
  to   space 1024K, 0% used [0x00000000d5700000,0x00000000d5700000,0x00000000d5800000)
 ParOldGen       total 622592K, used 622175K [0x0000000080000000, 0x00000000a6000000, 0x00000000d5580000)
  object space 622592K, 99% used [0x0000000080000000,0x00000000a5f97db8,0x00000000a6000000)
 Metaspace       used 71073K, committed 72640K, reserved 1114112K
  class space    used 7157K, committed 7872K, reserved 1048576K
}
Event: 155.693 GC heap after
{Heap after GC invocations=1410 (full 3):
 PSYoungGen      total 2560K, used 288K [0x00000000d5580000, 0x00000000d5880000, 0x0000000100000000)
  eden space 1536K, 0% used [0x00000000d5580000,0x00000000d5580000,0x00000000d5700000)
  from space 1024K, 28% used [0x00000000d5700000,0x00000000d5748000,0x00000000d5800000)
  to   space 512K, 0% used [0x00000000d5800000,0x00000000d5800000,0x00000000d5880000)
 ParOldGen       total 622592K, used 622503K [0x0000000080000000, 0x00000000a6000000, 0x00000000d5580000)
  object space 622592K, 99% used [0x0000000080000000,0x00000000a5fe9ce8,0x00000000a6000000)
 Metaspace       used 71073K, committed 72640K, reserved 1114112K
  class space    used 7157K, committed 7872K, reserved 1048576K
}
Event: 155.733 GC heap before
{Heap before GC invocations=1411 (full 3):
 PSYoungGen      total 2560K, used 1824K [0x00000000d5580000, 0x00000000d5880000, 0x0000000100000000)
  eden space 1536K, 100% used [0x00000000d5580000,0x00000000d5700000,0x00000000d5700000)
  from space 1024K, 28% used [0x00000000d5700000,0x00000000d5748000,0x00000000d5800000)
  to   space 512K, 0% used [0x00000000d5800000,0x00000000d5800000,0x00000000d5880000)
 ParOldGen       total 622592K, used 622503K [0x0000000080000000, 0x00000000a6000000, 0x00000000d5580000)
  object space 622592K, 99% used [0x0000000080000000,0x00000000a5fe9ce8,0x00000000a6000000)
 Metaspace       used 71073K, committed 72640K, reserved 1114112K
  class space    used 7157K, committed 7872K, reserved 1048576K
}
Event: 155.736 GC heap after
{Heap after GC invocations=1411 (full 3):
 PSYoungGen      total 2048K, used 304K [0x00000000d5580000, 0x00000000d5880000, 0x0000000100000000)
  eden space 1536K, 0% used [0x00000000d5580000,0x00000000d5580000,0x00000000d5700000)
  from space 512K, 59% used [0x00000000d5800000,0x00000000d584c010,0x00000000d5880000)
  to   space 512K, 0% used [0x00000000d5780000,0x00000000d5780000,0x00000000d5800000)
 ParOldGen       total 623104K, used 622623K [0x0000000080000000, 0x00000000a6080000, 0x00000000d5580000)
  object space 623104K, 99% used [0x0000000080000000,0x00000000a6007ce8,0x00000000a6080000)
 Metaspace       used 71073K, committed 72640K, reserved 1114112K
  class space    used 7157K, committed 7872K, reserved 1048576K
}
Event: 155.749 GC heap before
{Heap before GC invocations=1412 (full 3):
 PSYoungGen      total 2048K, used 1840K [0x00000000d5580000, 0x00000000d5880000, 0x0000000100000000)
  eden space 1536K, 100% used [0x00000000d5580000,0x00000000d5700000,0x00000000d5700000)
  from space 512K, 59% used [0x00000000d5800000,0x00000000d584c010,0x00000000d5880000)
  to   space 512K, 0% used [0x00000000d5780000,0x00000000d5780000,0x00000000d5800000)
 ParOldGen       total 623104K, used 622623K [0x0000000080000000, 0x00000000a6080000, 0x00000000d5580000)
  object space 623104K, 99% used [0x0000000080000000,0x00000000a6007ce8,0x00000000a6080000)
 Metaspace       used 71073K, committed 72640K, reserved 1114112K
  class space    used 7157K, committed 7872K, reserved 1048576K
}
Event: 155.751 GC heap after
{Heap after GC invocations=1412 (full 3):
 PSYoungGen      total 2048K, used 224K [0x00000000d5580000, 0x00000000d5880000, 0x0000000100000000)
  eden space 1536K, 0% used [0x00000000d5580000,0x00000000d5580000,0x00000000d5700000)
  from space 512K, 43% used [0x00000000d5780000,0x00000000d57b8000,0x00000000d5800000)
  to   space 512K, 0% used [0x00000000d5800000,0x00000000d5800000,0x00000000d5880000)
 ParOldGen       total 623104K, used 622751K [0x0000000080000000, 0x00000000a6080000, 0x00000000d5580000)
  object space 623104K, 99% used [0x0000000080000000,0x00000000a6027ce8,0x00000000a6080000)
 Metaspace       used 71073K, committed 72640K, reserved 1114112K
  class space    used 7157K, committed 7872K, reserved 1048576K
}

Dll operation events (10 events):
Event: 0.825 Loaded shared library c:\Users\Fernanda Jama\.trae\extensions\redhat.java-1.44.0-win32-x64\jre\21.0.8-win32-x86_64\bin\java.dll
Event: 1.021 Loaded shared library c:\Users\Fernanda Jama\.trae\extensions\redhat.java-1.44.0-win32-x64\jre\21.0.8-win32-x86_64\bin\zip.dll
Event: 1.066 Loaded shared library C:\Users\Fernanda Jama\.trae\extensions\redhat.java-1.44.0-win32-x64\jre\21.0.8-win32-x86_64\bin\instrument.dll
Event: 1.116 Loaded shared library C:\Users\Fernanda Jama\.trae\extensions\redhat.java-1.44.0-win32-x64\jre\21.0.8-win32-x86_64\bin\net.dll
Event: 1.123 Loaded shared library C:\Users\Fernanda Jama\.trae\extensions\redhat.java-1.44.0-win32-x64\jre\21.0.8-win32-x86_64\bin\nio.dll
Event: 1.130 Loaded shared library C:\Users\Fernanda Jama\.trae\extensions\redhat.java-1.44.0-win32-x64\jre\21.0.8-win32-x86_64\bin\zip.dll
Event: 1.184 Loaded shared library C:\Users\Fernanda Jama\.trae\extensions\redhat.java-1.44.0-win32-x64\jre\21.0.8-win32-x86_64\bin\jimage.dll
Event: 1.333 Loaded shared library c:\Users\Fernanda Jama\.trae\extensions\redhat.java-1.44.0-win32-x64\jre\21.0.8-win32-x86_64\bin\verify.dll
Event: 3.326 Loaded shared library C:\Users\Fernanda Jama\AppData\Roaming\Trae\User\globalStorage\redhat.java\1.44.0\config_win\org.eclipse.equinox.launcher\org.eclipse.equinox.launcher.win32.win32.x86_64_1.2.1400.v20250730-1736\eclipse_11913.dll
Event: 6.423 Loaded shared library C:\Users\Fernanda Jama\AppData\Local\Temp\jna--1470441178\jna3189061467753204745.dll

Deoptimization events (20 events):
Event: 155.112 Thread 0x0000026f7b111570 DEOPT PACKING pc=0x0000026f2850e09c sp=0x000000e3456ff3b0
Event: 155.112 Thread 0x0000026f7b111570 DEOPT UNPACKING pc=0x0000026f273e6da2 sp=0x000000e3456ff3a0 mode 2
Event: 155.155 Thread 0x0000026f7b111570 DEOPT PACKING pc=0x0000026f22532665 sp=0x000000e3456ff030
Event: 155.155 Thread 0x0000026f7b111570 DEOPT UNPACKING pc=0x0000026f273e78e2 sp=0x000000e3456fe5b0 mode 0
Event: 155.273 Thread 0x0000026f7b111570 DEOPT PACKING pc=0x0000026f22532665 sp=0x000000e3456ff030
Event: 155.273 Thread 0x0000026f7b111570 DEOPT UNPACKING pc=0x0000026f273e78e2 sp=0x000000e3456fe5b0 mode 0
Event: 155.371 Thread 0x0000026f7b111570 DEOPT PACKING pc=0x0000026f22532665 sp=0x000000e3456ff000
Event: 155.371 Thread 0x0000026f7b111570 DEOPT UNPACKING pc=0x0000026f273e78e2 sp=0x000000e3456fe580 mode 0
Event: 155.427 Thread 0x0000026f7b10f4a0 Uncommon trap: trap_request=0xffffff6e fr.pc=0x0000026f28a590d4 relative=0x0000000000000194
Event: 155.427 Thread 0x0000026f7b10f4a0 Uncommon trap: reason=loop_limit_check action=maybe_recompile pc=0x0000026f28a590d4 method=org.eclipse.jdt.internal.core.util.HashSetOfArray.hashCode([Ljava/lang/Object;I)I @ 27 c2
Event: 155.427 Thread 0x0000026f7b10f4a0 DEOPT PACKING pc=0x0000026f28a590d4 sp=0x000000e3453feba0
Event: 155.427 Thread 0x0000026f7b10f4a0 DEOPT UNPACKING pc=0x0000026f273e6da2 sp=0x000000e3453feb28 mode 2
Event: 155.580 Thread 0x0000026f7b111570 DEOPT PACKING pc=0x0000026f22532665 sp=0x000000e3456ff000
Event: 155.580 Thread 0x0000026f7b111570 DEOPT UNPACKING pc=0x0000026f273e78e2 sp=0x000000e3456fe580 mode 0
Event: 155.675 Thread 0x0000026f7b111570 DEOPT PACKING pc=0x0000026f22532665 sp=0x000000e3456ff000
Event: 155.675 Thread 0x0000026f7b111570 DEOPT UNPACKING pc=0x0000026f273e78e2 sp=0x000000e3456fe580 mode 0
Event: 155.763 Thread 0x0000026f7b10f4a0 Uncommon trap: trap_request=0xffffff45 fr.pc=0x0000026f28a4b5ac relative=0x00000000000000ec
Event: 155.763 Thread 0x0000026f7b10f4a0 Uncommon trap: reason=unstable_if action=reinterpret pc=0x0000026f28a4b5ac method=org.eclipse.jdt.internal.compiler.util.Util.isClassFileName(Ljava/lang/String;)Z @ 67 c2
Event: 155.763 Thread 0x0000026f7b10f4a0 DEOPT PACKING pc=0x0000026f28a4b5ac sp=0x000000e3453fea60
Event: 155.763 Thread 0x0000026f7b10f4a0 DEOPT UNPACKING pc=0x0000026f273e6da2 sp=0x000000e3453fe9e0 mode 2

Classes loaded (20 events):
Event: 150.638 Loading class java/util/Collections$SynchronizedRandomAccessList
Event: 150.638 Loading class java/util/Collections$SynchronizedList
Event: 150.639 Loading class java/util/Collections$SynchronizedList done
Event: 150.639 Loading class java/util/Collections$SynchronizedRandomAccessList done
Event: 150.697 Loading class java/util/concurrent/CompletableFuture$Signaller
Event: 150.698 Loading class java/util/concurrent/CompletableFuture$Signaller done
Event: 152.071 Loading class java/nio/charset/CharacterCodingException
Event: 152.073 Loading class java/nio/charset/CharacterCodingException done
Event: 152.073 Loading class java/io/SequenceInputStream
Event: 152.073 Loading class java/io/SequenceInputStream done
Event: 152.634 Loading class java/util/concurrent/CompletableFuture$UniApply
Event: 152.636 Loading class java/util/concurrent/CompletableFuture$UniApply done
Event: 152.643 Loading class java/util/concurrent/CompletableFuture$UniExceptionally
Event: 152.643 Loading class java/util/concurrent/CompletableFuture$UniExceptionally done
Event: 153.482 Loading class java/util/Hashtable$KeySet
Event: 153.482 Loading class java/util/Hashtable$KeySet done
Event: 153.530 Loading class java/lang/UnsupportedClassVersionError
Event: 153.531 Loading class java/lang/UnsupportedClassVersionError done
Event: 154.076 Loading class sun/nio/fs/WindowsFileCopy
Event: 154.118 Loading class sun/nio/fs/WindowsFileCopy done

Classes unloaded (8 events):
Event: 7.469 Thread 0x0000026f1cbe34a0 Unloading class 0x0000026f351ac800 'java/lang/invoke/LambdaForm$MH+0x0000026f351ac800'
Event: 7.469 Thread 0x0000026f1cbe34a0 Unloading class 0x0000026f351ac400 'java/lang/invoke/LambdaForm$MH+0x0000026f351ac400'
Event: 7.469 Thread 0x0000026f1cbe34a0 Unloading class 0x0000026f351ac000 'java/lang/invoke/LambdaForm$MH+0x0000026f351ac000'
Event: 7.469 Thread 0x0000026f1cbe34a0 Unloading class 0x0000026f351abc00 'java/lang/invoke/LambdaForm$MH+0x0000026f351abc00'
Event: 7.469 Thread 0x0000026f1cbe34a0 Unloading class 0x0000026f351ab800 'java/lang/invoke/LambdaForm$BMH+0x0000026f351ab800'
Event: 7.469 Thread 0x0000026f1cbe34a0 Unloading class 0x0000026f351ab400 'java/lang/invoke/LambdaForm$DMH+0x0000026f351ab400'
Event: 7.469 Thread 0x0000026f1cbe34a0 Unloading class 0x0000026f351aa000 'java/lang/invoke/LambdaForm$DMH+0x0000026f351aa000'
Event: 38.574 Thread 0x0000026f1cbe34a0 Unloading class 0x0000026f355d8800 'java/lang/invoke/LambdaForm$DMH+0x0000026f355d8800'

Classes redefined (0 events):
No events

Internal exceptions (20 events):
Event: 152.631 Thread 0x0000026f7b5f9790 Exception <a 'java/lang/IncompatibleClassChangeError'{0x00000000d561dc88}: Found class java.lang.Object, but interface was expected> (0x00000000d561dc88) 
thrown [s\src\hotspot\share\interpreter\linkResolver.cpp, line 840]
Event: 152.689 Thread 0x0000026f7b5f9790 Exception <a 'java/lang/IncompatibleClassChangeError'{0x00000000d559ac50}: Found class java.lang.Object, but interface was expected> (0x00000000d559ac50) 
thrown [s\src\hotspot\share\interpreter\linkResolver.cpp, line 840]
Event: 152.761 Thread 0x0000026f7b5f9790 Exception <a 'java/lang/IncompatibleClassChangeError'{0x00000000d55ed358}: Found class java.lang.Object, but interface was expected> (0x00000000d55ed358) 
thrown [s\src\hotspot\share\interpreter\linkResolver.cpp, line 840]
Event: 152.930 Thread 0x0000026f7daee640 Exception <a 'java/lang/NoSuchMethodError'{0x00000000d5660780}: 'java.lang.Object java.lang.invoke.DirectMethodHandle$Holder.invokeSpecial(java.lang.Object, java.lang.Object, int, long)'> (0x00000000d5660780) 
thrown [s\src\hotspot\share\interpreter\linkResolver.cpp, line 773]
Event: 153.150 Thread 0x0000026f7b5f9790 Exception <a 'java/lang/IncompatibleClassChangeError'{0x00000000d559c578}: Found class java.lang.Object, but interface was expected> (0x00000000d559c578) 
thrown [s\src\hotspot\share\interpreter\linkResolver.cpp, line 840]
Event: 153.528 Thread 0x0000026f09ce8290 Exception <a 'java/lang/ArrayIndexOutOfBoundsException'{0x00000000d562cdb0}> (0x00000000d562cdb0) 
thrown [s\src\hotspot\share\runtime\sharedRuntime.cpp, line 625]
Event: 153.957 Thread 0x0000026f09ce54a0 Exception <a 'java/lang/NoSuchMethodError'{0x00000000d55bc2c8}: 'int java.lang.invoke.Invokers$Holder.invokeExact_MT(java.lang.Object, java.lang.Object)'> (0x00000000d55bc2c8) 
thrown [s\src\hotspot\share\interpreter\linkResolver.cpp, line 773]
Event: 153.992 Thread 0x0000026f7b1101c0 Exception <a 'sun/nio/fs/WindowsException'{0x00000000d564f160}> (0x00000000d564f160) 
thrown [s\src\hotspot\share\prims\jni.cpp, line 520]
Event: 153.992 Thread 0x0000026f7b1101c0 Exception <a 'sun/nio/fs/WindowsException'{0x00000000d564f790}> (0x00000000d564f790) 
thrown [s\src\hotspot\share\prims\jni.cpp, line 520]
Event: 153.993 Thread 0x0000026f7b1101c0 Exception <a 'sun/nio/fs/WindowsException'{0x00000000d5658f10}> (0x00000000d5658f10) 
thrown [s\src\hotspot\share\prims\jni.cpp, line 520]
Event: 153.994 Thread 0x0000026f7b1101c0 Exception <a 'sun/nio/fs/WindowsException'{0x00000000d5659540}> (0x00000000d5659540) 
thrown [s\src\hotspot\share\prims\jni.cpp, line 520]
Event: 154.006 Thread 0x0000026f7b1101c0 Exception <a 'java/io/FileNotFoundException'{0x00000000d567eca0}> (0x00000000d567eca0) 
thrown [s\src\hotspot\share\prims\jni.cpp, line 520]
Event: 154.036 Thread 0x0000026f7b1101c0 Exception <a 'java/io/FileNotFoundException'{0x00000000d5790000}> (0x00000000d5790000) 
thrown [s\src\hotspot\share\prims\jni.cpp, line 520]
Event: 154.051 Thread 0x0000026f7b1101c0 Exception <a 'sun/nio/fs/WindowsException'{0x00000000d5621138}> (0x00000000d5621138) 
thrown [s\src\hotspot\share\prims\jni.cpp, line 520]
Event: 154.052 Thread 0x0000026f7b1101c0 Exception <a 'sun/nio/fs/WindowsException'{0x00000000d56219e0}> (0x00000000d56219e0) 
thrown [s\src\hotspot\share\prims\jni.cpp, line 520]
Event: 154.119 Thread 0x0000026f7b111570 Exception <a 'sun/nio/fs/WindowsException'{0x00000000d55a4068}> (0x00000000d55a4068) 
thrown [s\src\hotspot\share\prims\jni.cpp, line 520]
Event: 154.442 Thread 0x0000026f7b1101c0 Exception <a 'sun/nio/fs/WindowsException'{0x00000000d5583550}> (0x00000000d5583550) 
thrown [s\src\hotspot\share\prims\jni.cpp, line 520]
Event: 154.443 Thread 0x0000026f7b1101c0 Exception <a 'sun/nio/fs/WindowsException'{0x00000000d562b6b8}> (0x00000000d562b6b8) 
thrown [s\src\hotspot\share\prims\jni.cpp, line 520]
Event: 154.945 Thread 0x0000026f7b5f9790 Exception <a 'java/lang/IncompatibleClassChangeError'{0x00000000d5594468}: Found class java.lang.Object, but interface was expected> (0x00000000d5594468) 
thrown [s\src\hotspot\share\interpreter\linkResolver.cpp, line 840]
Event: 155.019 Thread 0x0000026f7b111570 Exception <a 'sun/nio/fs/WindowsException'{0x00000000d56ab4e0}> (0x00000000d56ab4e0) 
thrown [s\src\hotspot\share\prims\jni.cpp, line 520]

ZGC Phase Switch (0 events):
No events

VM Operations (20 events):
Event: 155.521 Executing VM operation: ParallelGCFailedAllocation (Allocation Failure)
Event: 155.546 Executing VM operation: ParallelGCFailedAllocation (Allocation Failure) done
Event: 155.550 Executing VM operation: ParallelGCFailedAllocation (Allocation Failure)
Event: 155.578 Executing VM operation: ParallelGCFailedAllocation (Allocation Failure) done
Event: 155.582 Executing VM operation: ParallelGCFailedAllocation (Allocation Failure)
Event: 155.608 Executing VM operation: ParallelGCFailedAllocation (Allocation Failure) done
Event: 155.621 Executing VM operation: ParallelGCFailedAllocation (Allocation Failure)
Event: 155.640 Executing VM operation: ParallelGCFailedAllocation (Allocation Failure) done
Event: 155.643 Executing VM operation: ParallelGCFailedAllocation (Allocation Failure)
Event: 155.646 Executing VM operation: ParallelGCFailedAllocation (Allocation Failure) done
Event: 155.678 Executing VM operation: ParallelGCFailedAllocation (Allocation Failure)
Event: 155.688 Executing VM operation: ParallelGCFailedAllocation (Allocation Failure) done
Event: 155.691 Executing VM operation: ParallelGCFailedAllocation (Allocation Failure)
Event: 155.693 Executing VM operation: ParallelGCFailedAllocation (Allocation Failure) done
Event: 155.732 Executing VM operation: ParallelGCFailedAllocation (Allocation Failure)
Event: 155.736 Executing VM operation: ParallelGCFailedAllocation (Allocation Failure) done
Event: 155.739 Executing VM operation: ParallelGCFailedAllocation (Allocation Failure)
Event: 155.751 Executing VM operation: ParallelGCFailedAllocation (Allocation Failure) done
Event: 155.761 Executing VM operation: ParallelGCFailedAllocation (Allocation Failure)
Event: 155.761 Executing VM operation: ParallelGCFailedAllocation (Allocation Failure) done

Memory protections (0 events):
No events

Nmethod flushes (20 events):
Event: 38.612 Thread 0x0000026f1cbe34a0 flushing  nmethod 0x0000026f20927c90
Event: 38.612 Thread 0x0000026f1cbe34a0 flushing  nmethod 0x0000026f2092a590
Event: 38.612 Thread 0x0000026f1cbe34a0 flushing  nmethod 0x0000026f20931f10
Event: 38.612 Thread 0x0000026f1cbe34a0 flushing osr nmethod 0x0000026f20932790
Event: 38.612 Thread 0x0000026f1cbe34a0 flushing  nmethod 0x0000026f2093a590
Event: 38.612 Thread 0x0000026f1cbe34a0 flushing  nmethod 0x0000026f20944710
Event: 38.612 Thread 0x0000026f1cbe34a0 flushing  nmethod 0x0000026f20968d10
Event: 38.612 Thread 0x0000026f1cbe34a0 flushing osr nmethod 0x0000026f20973c90
Event: 38.612 Thread 0x0000026f1cbe34a0 flushing  nmethod 0x0000026f20977390
Event: 38.612 Thread 0x0000026f1cbe34a0 flushing  nmethod 0x0000026f20979210
Event: 38.612 Thread 0x0000026f1cbe34a0 flushing  nmethod 0x0000026f2097a190
Event: 38.612 Thread 0x0000026f1cbe34a0 flushing  nmethod 0x0000026f2097d310
Event: 38.612 Thread 0x0000026f1cbe34a0 flushing  nmethod 0x0000026f209af810
Event: 38.612 Thread 0x0000026f1cbe34a0 flushing  nmethod 0x0000026f209b4a90
Event: 38.612 Thread 0x0000026f1cbe34a0 flushing  nmethod 0x0000026f209e2e90
Event: 38.612 Thread 0x0000026f1cbe34a0 flushing  nmethod 0x0000026f209e4390
Event: 38.612 Thread 0x0000026f1cbe34a0 flushing osr nmethod 0x0000026f20a09d10
Event: 38.612 Thread 0x0000026f1cbe34a0 flushing  nmethod 0x0000026f20a33f10
Event: 38.612 Thread 0x0000026f1cbe34a0 flushing  nmethod 0x0000026f20a38a90
Event: 38.612 Thread 0x0000026f1cbe34a0 flushing  nmethod 0x0000026f20a39310

Events (20 events):
Event: 151.306 Thread 0x0000026f7f14eab0 Thread exited: 0x0000026f7f14eab0
Event: 151.991 Thread 0x0000026f0bb239e0 Thread exited: 0x0000026f0bb239e0
Event: 152.018 Thread 0x0000026f0bb25520 Thread exited: 0x0000026f0bb25520
Event: 152.174 Thread 0x0000026f7a055390 Thread added: 0x0000026f0bb239e0
Event: 152.356 Thread 0x0000026f7a055390 Thread added: 0x0000026f0bb25520
Event: 152.614 Thread 0x0000026f7f1532e0 Thread exited: 0x0000026f7f1532e0
Event: 152.643 Thread 0x0000026f7b5f9790 Thread added: 0x0000026f09ce54a0
Event: 152.650 Thread 0x0000026f0bb25520 Thread exited: 0x0000026f0bb25520
Event: 152.692 Thread 0x0000026f7b5f9790 Thread added: 0x0000026f09ce7c00
Event: 153.043 Thread 0x0000026f0bb239e0 Thread exited: 0x0000026f0bb239e0
Event: 153.130 Thread 0x0000026f7b5f9790 Thread added: 0x0000026f09ce6ee0
Event: 153.157 Thread 0x0000026f7b5f9790 Thread added: 0x0000026f09ce8290
Event: 153.197 Thread 0x0000026f09ce6ee0 Thread added: 0x0000026f09ce8920
Event: 153.554 Thread 0x0000026f1cbf8fa0 Thread added: 0x0000026f0bb239e0
Event: 153.959 Thread 0x0000026f0bb239e0 Thread exited: 0x0000026f0bb239e0
Event: 154.186 Thread 0x0000026f7a055390 Thread added: 0x0000026f0bb25520
Event: 154.287 Thread 0x0000026f7b1101c0 Thread added: 0x0000026f09ce8fb0
Event: 154.442 Thread 0x0000026f0bb25520 Thread exited: 0x0000026f0bb25520
Event: 155.032 Thread 0x0000026f7a055390 Thread added: 0x0000026f0bb25520
Event: 155.152 Thread 0x0000026f7a055390 Thread added: 0x0000026f0bb239e0


Dynamic libraries:
0x00007ff6e1fa0000 - 0x00007ff6e1fae000 	c:\Users\Fernanda Jama\.trae\extensions\redhat.java-1.44.0-win32-x64\jre\21.0.8-win32-x86_64\bin\java.exe
0x00007ff852600000 - 0x00007ff852867000 	C:\Windows\SYSTEM32\ntdll.dll
0x00007ff852210000 - 0x00007ff8522d9000 	C:\Windows\System32\KERNEL32.DLL
0x00007ff84fa50000 - 0x00007ff84fe40000 	C:\Windows\System32\KERNELBASE.dll
0x00007fffc3940000 - 0x00007fffc3a1b000 	C:\Program Files\Bitdefender\Endpoint Security\bdhkm\dlls_267825381831322691\bdhkm64.dll
0x00007fffc3770000 - 0x00007fffc3939000 	C:\Program Files\Bitdefender\Endpoint Security\atcuf\dlls_267870601976104115\atcuf64.dll
0x00007ff84f730000 - 0x00007ff84f87b000 	C:\Windows\System32\ucrtbase.dll
0x00007ff8375d0000 - 0x00007ff8375e8000 	c:\Users\Fernanda Jama\.trae\extensions\redhat.java-1.44.0-win32-x64\jre\21.0.8-win32-x86_64\bin\jli.dll
0x00007ff851310000 - 0x00007ff8514d5000 	C:\Windows\System32\USER32.dll
0x00007ff850360000 - 0x00007ff850387000 	C:\Windows\System32\win32u.dll
0x00007ff851aa0000 - 0x00007ff851acb000 	C:\Windows\System32\GDI32.dll
0x00007ff84f910000 - 0x00007ff84fa48000 	C:\Windows\System32\gdi32full.dll
0x00007ff8502b0000 - 0x00007ff850353000 	C:\Windows\System32\msvcp_win.dll
0x00007ff823910000 - 0x00007ff82392e000 	c:\Users\Fernanda Jama\.trae\extensions\redhat.java-1.44.0-win32-x64\jre\21.0.8-win32-x86_64\bin\VCRUNTIME140.dll
0x00007ff831040000 - 0x00007ff8312da000 	C:\Windows\WinSxS\amd64_microsoft.windows.common-controls_6595b64144ccf1df_6.0.26100.4768_none_3e0c112ce331287c\COMCTL32.dll
0x00007ff850e80000 - 0x00007ff850f29000 	C:\Windows\System32\msvcrt.dll
0x00007ff851220000 - 0x00007ff85124f000 	C:\Windows\System32\IMM32.DLL
0x00007ff83aa30000 - 0x00007ff83aa3c000 	c:\Users\Fernanda Jama\.trae\extensions\redhat.java-1.44.0-win32-x64\jre\21.0.8-win32-x86_64\bin\vcruntime140_1.dll
0x00007ff81b4e0000 - 0x00007ff81b56d000 	c:\Users\Fernanda Jama\.trae\extensions\redhat.java-1.44.0-win32-x64\jre\21.0.8-win32-x86_64\bin\msvcp140.dll
0x00007fffd8280000 - 0x00007fffd9017000 	c:\Users\Fernanda Jama\.trae\extensions\redhat.java-1.44.0-win32-x64\jre\21.0.8-win32-x86_64\bin\server\jvm.dll
0x00007ff850c20000 - 0x00007ff850cd4000 	C:\Windows\System32\ADVAPI32.dll
0x00007ff8514e0000 - 0x00007ff851586000 	C:\Windows\System32\sechost.dll
0x00007ff851bf0000 - 0x00007ff851d08000 	C:\Windows\System32\RPCRT4.dll
0x00007ff850fe0000 - 0x00007ff851054000 	C:\Windows\System32\WS2_32.dll
0x00007ff84f590000 - 0x00007ff84f5ee000 	C:\Windows\SYSTEM32\POWRPROF.dll
0x00007ff836050000 - 0x00007ff836085000 	C:\Windows\SYSTEM32\WINMM.dll
0x00007ff83e2b0000 - 0x00007ff83e2bb000 	C:\Windows\SYSTEM32\VERSION.dll
0x00007ff84f570000 - 0x00007ff84f584000 	C:\Windows\SYSTEM32\UMPDC.dll
0x00007ff84e470000 - 0x00007ff84e48b000 	C:\Windows\SYSTEM32\kernel.appcore.dll
0x00007ff83a470000 - 0x00007ff83a47a000 	c:\Users\Fernanda Jama\.trae\extensions\redhat.java-1.44.0-win32-x64\jre\21.0.8-win32-x86_64\bin\jimage.dll
0x00007ff84cd50000 - 0x00007ff84cf91000 	C:\Windows\SYSTEM32\DBGHELP.DLL
0x00007ff851700000 - 0x00007ff851a85000 	C:\Windows\System32\combase.dll
0x00007ff850390000 - 0x00007ff850470000 	C:\Windows\System32\OLEAUT32.dll
0x00007ff817c70000 - 0x00007ff817cb3000 	C:\Windows\SYSTEM32\dbgcore.DLL
0x00007ff850090000 - 0x00007ff850129000 	C:\Windows\System32\bcryptPrimitives.dll
0x00007ff83a830000 - 0x00007ff83a83f000 	c:\Users\Fernanda Jama\.trae\extensions\redhat.java-1.44.0-win32-x64\jre\21.0.8-win32-x86_64\bin\instrument.dll
0x00007ff837d60000 - 0x00007ff837d7f000 	c:\Users\Fernanda Jama\.trae\extensions\redhat.java-1.44.0-win32-x64\jre\21.0.8-win32-x86_64\bin\java.dll
0x00007ff850480000 - 0x00007ff850bcd000 	C:\Windows\System32\SHELL32.dll
0x00007ff84fe50000 - 0x00007ff84ffc3000 	C:\Windows\System32\wintypes.dll
0x00007ff84d2d0000 - 0x00007ff84db30000 	C:\Windows\SYSTEM32\windows.storage.dll
0x00007ff850cf0000 - 0x00007ff850de5000 	C:\Windows\System32\SHCORE.dll
0x00007ff8524d0000 - 0x00007ff85253a000 	C:\Windows\System32\shlwapi.dll
0x00007ff84f650000 - 0x00007ff84f679000 	C:\Windows\SYSTEM32\profapi.dll
0x00007ff823970000 - 0x00007ff823988000 	c:\Users\Fernanda Jama\.trae\extensions\redhat.java-1.44.0-win32-x64\jre\21.0.8-win32-x86_64\bin\zip.dll
0x00007ff8397a0000 - 0x00007ff8397b0000 	C:\Users\Fernanda Jama\.trae\extensions\redhat.java-1.44.0-win32-x64\jre\21.0.8-win32-x86_64\bin\net.dll
0x00007ff846040000 - 0x00007ff84615e000 	C:\Windows\SYSTEM32\WINHTTP.dll
0x00007ff84e9e0000 - 0x00007ff84ea4b000 	C:\Windows\system32\mswsock.dll
0x00007ff81ebd0000 - 0x00007ff81ebe6000 	C:\Users\Fernanda Jama\.trae\extensions\redhat.java-1.44.0-win32-x64\jre\21.0.8-win32-x86_64\bin\nio.dll
0x00007ff83a2f0000 - 0x00007ff83a300000 	c:\Users\Fernanda Jama\.trae\extensions\redhat.java-1.44.0-win32-x64\jre\21.0.8-win32-x86_64\bin\verify.dll
0x00007ff81c960000 - 0x00007ff81c9a5000 	C:\Users\Fernanda Jama\AppData\Roaming\Trae\User\globalStorage\redhat.java\1.44.0\config_win\org.eclipse.equinox.launcher\org.eclipse.equinox.launcher.win32.win32.x86_64_1.2.1400.v20250730-1736\eclipse_11913.dll
0x00007ff851060000 - 0x00007ff851200000 	C:\Windows\System32\ole32.dll
0x00007ff84edc0000 - 0x00007ff84eddb000 	C:\Windows\SYSTEM32\CRYPTSP.dll
0x00007ff84e3d0000 - 0x00007ff84e40b000 	C:\Windows\system32\rsaenh.dll
0x00007ff84ea80000 - 0x00007ff84eaab000 	C:\Windows\SYSTEM32\USERENV.dll
0x00007ff84f620000 - 0x00007ff84f646000 	C:\Windows\SYSTEM32\bcrypt.dll
0x00007ff84ec20000 - 0x00007ff84ec2c000 	C:\Windows\SYSTEM32\CRYPTBASE.dll
0x00007ff84de60000 - 0x00007ff84de93000 	C:\Windows\SYSTEM32\IPHLPAPI.DLL
0x00007ff851210000 - 0x00007ff85121a000 	C:\Windows\System32\NSI.dll
0x00007ff81b390000 - 0x00007ff81b3d9000 	C:\Users\Fernanda Jama\AppData\Local\Temp\jna--1470441178\jna3189061467753204745.dll
0x00007ff850ce0000 - 0x00007ff850ce8000 	C:\Windows\System32\PSAPI.DLL
0x00007ff849480000 - 0x00007ff84949f000 	C:\Windows\SYSTEM32\dhcpcsvc6.DLL
0x00007ff849450000 - 0x00007ff849475000 	C:\Windows\SYSTEM32\dhcpcsvc.DLL

JVMTI agents:
c:\Users\Fernanda Jama\.trae\extensions\redhat.java-1.44.0-win32-x64\lombok\lombok-1.18.39-4050.jar path:c:\Users\Fernanda Jama\.trae\extensions\redhat.java-1.44.0-win32-x64\jre\21.0.8-win32-x86_64\bin\instrument.dll, loaded, initialized, instrumentlib options:none

dbghelp: loaded successfully - version: 4.0.5 - missing functions: none
symbol engine: initialized successfully - sym options: 0x614 - pdb path: .;c:\Users\Fernanda Jama\.trae\extensions\redhat.java-1.44.0-win32-x64\jre\21.0.8-win32-x86_64\bin;C:\Windows\SYSTEM32;C:\Program Files\Bitdefender\Endpoint Security\bdhkm\dlls_267825381831322691;C:\Program Files\Bitdefender\Endpoint Security\atcuf\dlls_267870601976104115;C:\Windows\WinSxS\amd64_microsoft.windows.common-controls_6595b64144ccf1df_6.0.26100.4768_none_3e0c112ce331287c;c:\Users\Fernanda Jama\.trae\extensions\redhat.java-1.44.0-win32-x64\jre\21.0.8-win32-x86_64\bin\server;C:\Users\Fernanda Jama\AppData\Roaming\Trae\User\globalStorage\redhat.java\1.44.0\config_win\org.eclipse.equinox.launcher\org.eclipse.equinox.launcher.win32.win32.x86_64_1.2.1400.v20250730-1736;C:\Users\Fernanda Jama\AppData\Local\Temp\jna--1470441178

VM Arguments:
jvm_args: --add-modules=ALL-SYSTEM --add-opens=java.base/java.util=ALL-UNNAMED --add-opens=java.base/java.lang=ALL-UNNAMED --add-opens=java.base/sun.nio.fs=ALL-UNNAMED -Declipse.application=org.eclipse.jdt.ls.core.id1 -Dosgi.bundles.defaultStartLevel=4 -Declipse.product=org.eclipse.jdt.ls.core.product -Djava.import.generatesMetadataFilesAtProjectRoot=false -DDetectVMInstallationsJob.disabled=true -Dfile.encoding=utf8 -XX:+UseParallelGC -XX:GCTimeRatio=4 -XX:AdaptiveSizePolicyWeight=90 -Dsun.zip.disableMemoryMapping=true -Xmx2G -Xms100m -Xlog:disable -javaagent:c:\Users\Fernanda Jama\.trae\extensions\redhat.java-1.44.0-win32-x64\lombok\lombok-1.18.39-4050.jar -XX:+HeapDumpOnOutOfMemoryError -XX:HeapDumpPath=c:\Users\Fernanda Jama\AppData\Roaming\Trae\User\workspaceStorage\15c722b02b3b73826bcb58a08aa3cd52\redhat.java -Daether.dependencyCollector.impl=bf 
java_command: c:\Users\Fernanda Jama\.trae\extensions\redhat.java-1.44.0-win32-x64\server\plugins\org.eclipse.equinox.launcher_1.7.0.v20250519-0528.jar -configuration c:\Users\Fernanda Jama\AppData\Roaming\Trae\User\globalStorage\redhat.java\1.44.0\config_win -data c:\Users\Fernanda Jama\AppData\Roaming\Trae\User\workspaceStorage\15c722b02b3b73826bcb58a08aa3cd52\redhat.java\jdt_ws --pipe=\\.\pipe\lsp-89d91c606f260aa5d207517ca6659c87-sock
java_class_path (initial): c:\Users\Fernanda Jama\.trae\extensions\redhat.java-1.44.0-win32-x64\server\plugins\org.eclipse.equinox.launcher_1.7.0.v20250519-0528.jar
Launcher Type: SUN_STANDARD

[Global flags]
    uintx AdaptiveSizePolicyWeight                 = 90                                        {product} {command line}
     intx CICompilerCount                          = 4                                         {product} {ergonomic}
    uintx GCTimeRatio                              = 4                                         {product} {command line}
     bool HeapDumpOnOutOfMemoryError               = true                                   {manageable} {command line}
    ccstr HeapDumpPath                             = c:\Users\Fernanda Jama\AppData\Roaming\Trae\User\workspaceStorage\15c722b02b3b73826bcb58a08aa3cd52\redhat.java         {manageable} {command line}
   size_t InitialHeapSize                          = 104857600                                 {product} {command line}
   size_t MaxHeapSize                              = 2147483648                                {product} {command line}
   size_t MaxNewSize                               = 715653120                                 {product} {ergonomic}
   size_t MinHeapDeltaBytes                        = 524288                                    {product} {ergonomic}
   size_t MinHeapSize                              = 104857600                                 {product} {command line}
   size_t NewSize                                  = 34603008                                  {product} {ergonomic}
    uintx NonNMethodCodeHeapSize                   = 5839372                                {pd product} {ergonomic}
    uintx NonProfiledCodeHeapSize                  = 122909434                              {pd product} {ergonomic}
   size_t OldSize                                  = 70254592                                  {product} {ergonomic}
    uintx ProfiledCodeHeapSize                     = 122909434                              {pd product} {ergonomic}
    uintx ReservedCodeCacheSize                    = 251658240                              {pd product} {ergonomic}
     bool SegmentedCodeCache                       = true                                      {product} {ergonomic}
   size_t SoftMaxHeapSize                          = 2147483648                             {manageable} {ergonomic}
     bool UseCompressedOops                        = true                           {product lp64_product} {ergonomic}
     bool UseLargePagesIndividualAllocation        = false                                  {pd product} {ergonomic}
     bool UseParallelGC                            = true                                      {product} {command line}

Logging:
Log output configuration:
 #0: stdout all=off uptime,level,tags foldmultilines=false
 #1: stderr all=off uptime,level,tags foldmultilines=false

Environment Variables:
JAVA_HOME=C:\Program Files\Java\jdk-17
CLASSPATH=C:\Program Files\SAP\SAP Business One DI API\JCO\LIB\sbowrapper.jar;C:\Program Files\SAP\SAP Business One DI API\JCO\LIB\sboapi.jar
PATH=C:\Users\Fernanda Jama\.trae\tools\gradle\latest\bin;C:\Program Files\Java\jdk-17\bin;C:\Users\Fernanda Jama\.trae\tools\maven\latest\bin;C:\Python313\Scripts\;C:\Python313\;C:\Program Files\Microsoft MPI\Bin\;C:\Program Files\Common Files\Oracle\Java\javapath;C:\Windows\system32;C:\Windows;C:\Windows\System32\Wbem;C:\Windows\System32\WindowsPowerShell\v1.0\;C:\Windows\System32\OpenSSH\;C:\Program Files\Microsoft SQL Server\Client SDK\ODBC\170\Tools\Binn\;C:\Program Files (x86)\Microsoft SQL Server\150\Tools\Binn\;C:\Program Files\Microsoft SQL Server\150\Tools\Binn\;C:\Program Files\Microsoft SQL Server\150\DTS\Binn\;C:\Program Files (x86)\Microsoft SQL Server\160\DTS\Binn\;C:\Program Files\nodejs\;C:\ProgramData\chocolatey\bin;C:\Program Files\SAP\SAP Business One DI API\JCO\LIB\;C:\Program Files\SAP\SAP Business One DI API\DI API 90;C:\Program Files\SAP\SAP Business One\;C:\Program Files\apache-maven-3.8.8-bin\apache-maven-3.8.8\bin;C:\Program Files\Git\cmd;C:\Users\Fernanda Jama\AppData\Local\Microsoft\WindowsApps;C:\Users\Fernanda Jama\AppData\Local\GitHubDesktop\bin;C:\Users\Fernanda Jama\AppData\Local\Programs\Microsoft VS Code\bin;C:\Users\Fernanda Jama\AppData\Roaming\npm;c:\Users\Fernanda Jama\AppData\Local\Programs\Trae\resources\app\bin\lib
USERNAME=Fernanda Jama
OS=Windows_NT
PROCESSOR_IDENTIFIER=Intel64 Family 6 Model 140 Stepping 1, GenuineIntel
TMP=C:\Users\FERNAN~1\AppData\Local\Temp
TEMP=C:\Users\FERNAN~1\AppData\Local\Temp




Periodic native trim disabled

---------------  S Y S T E M  ---------------

OS:
 Windows 11 , 64 bit Build 26100 (10.0.26100.4768)
OS uptime: 0 days 7:45 hours
Hyper-V role detected

CPU: total 8 (initial active 8) (4 cores per cpu, 2 threads per core) family 6 model 140 stepping 1 microcode 0xb8, cx8, cmov, fxsr, ht, mmx, 3dnowpref, sse, sse2, sse3, ssse3, sse4.1, sse4.2, popcnt, lzcnt, tsc, tscinvbit, avx, avx2, aes, erms, clmul, bmi1, bmi2, adx, avx512f, avx512dq, avx512cd, avx512bw, avx512vl, sha, fma, vzeroupper, avx512_vpopcntdq, avx512_vpclmulqdq, avx512_vaes, avx512_vnni, clflush, clflushopt, clwb, avx512_vbmi2, avx512_vbmi, hv, rdtscp, rdpid, fsrm, gfni, avx512_bitalg, f16c, cet_ibt, cet_ss, avx512_ifma
Processor Information for the first 8 processors :
  Max Mhz: 2803, Current Mhz: 2803, Mhz Limit: 2803

Memory: 4k page, system-wide physical 40743M (1745M free)
TotalPageFile size 101623M (AvailPageFile size 16M)
current process WorkingSet (physical memory assigned to process): 1010M, peak: 1011M
current process commit charge ("private bytes"): 970M, peak: 972M

vm_info: OpenJDK 64-Bit Server VM (21.0.8+9-LTS) for windows-amd64 JRE (21.0.8+9-LTS), built on 2025-07-15T00:00:00Z by "admin" with MS VC++ 17.7 (VS2022)

END.
