#
# There is insufficient memory for the Java Runtime Environment to continue.
# Native memory allocation (mmap) failed to map 1417674752 bytes for G1 virtual space
# Possible reasons:
#   The system is out of physical RAM or swap space
#   The process is running with CompressedOops enabled, and the Java Heap may be blocking the growth of the native heap
# Possible solutions:
#   Reduce memory load on the system
#   Increase physical memory or swap space
#   Check if swap backing store is full
#   Decrease Java heap size (-Xmx/-Xms)
#   Decrease number of Java threads
#   Decrease Java thread stack sizes (-Xss)
#   Set larger code cache with -XX:ReservedCodeCacheSize=
#   JVM is running with Zero Based Compressed Oops mode in which the Java heap is
#     placed in the first 32GB address space. The Java Heap base address is the
#     maximum limit for the native heap growth. Please use -XX:HeapBaseMinAddress
#     to set the Java Heap base and to place the Java Heap above 32GB virtual address.
# This output file may be truncated or incomplete.
#
#  Out of Memory Error (os_windows.cpp:3551), pid=25756, tid=22476
#
# JRE version: Java(TM) SE Runtime Environment (17.0.15+9) (build 17.0.15+9-LTS-241)
# Java VM: Java HotSpot(TM) 64-Bit Server VM (17.0.15+9-LTS-241, mixed mode, sharing, tiered, compressed oops, compressed class ptrs, g1 gc, windows-amd64)
# No core dump will be written. Minidumps are not enabled by default on client versions of Windows
#

---------------  S U M M A R Y ------------

Command Line: -XX:+ShowCodeDetailsInExceptionMessages com.manamer.backend.business.sellout.SelloutApplication

Host: 11th Gen Intel(R) Core(TM) i7-1165G7 @ 2.80GHz, 8 cores, 39G,  Windows 11 , 64 bit Build 26100 (10.0.26100.4768)
Time: Fri Jul 25 16:53:20 2025 Hora est. Pacífico, Sudamérica elapsed time: 96.534852 seconds (0d 0h 1m 36s)

---------------  T H R E A D  ---------------

Current thread (0x000002dafd1cab20):  VMThread "VM Thread" [stack: 0x000000ec59b00000,0x000000ec59c00000] [id=22476]

Stack: [0x000000ec59b00000,0x000000ec59c00000]
Native frames: (J=compiled Java code, j=interpreted, Vv=VM code, C=native code)
V  [jvm.dll+0x67a46a]
V  [jvm.dll+0x7da6ad]
V  [jvm.dll+0x7dbff3]
V  [jvm.dll+0x7dc663]
V  [jvm.dll+0x24523f]
V  [jvm.dll+0x677499]
V  [jvm.dll+0x66c122]
V  [jvm.dll+0x302156]
V  [jvm.dll+0x3096f6]
V  [jvm.dll+0x35a04e]
V  [jvm.dll+0x35a27f]
V  [jvm.dll+0x2d9228]
V  [jvm.dll+0x2d765d]
V  [jvm.dll+0x2d6cac]
V  [jvm.dll+0x31a80b]
V  [jvm.dll+0x7e0f5b]
V  [jvm.dll+0x7e1c94]
V  [jvm.dll+0x7e21ad]
V  [jvm.dll+0x7e2584]
V  [jvm.dll+0x7e2650]
V  [jvm.dll+0x78b0ba]
V  [jvm.dll+0x679355]
C  [ucrtbase.dll+0x37b0]
C  [KERNEL32.DLL+0x2e8d7]
C  [ntdll.dll+0x3c34c]

VM_Operation (0x000000ec5bffc4e0): G1CollectForAllocation, mode: safepoint, requested by thread 0x000002dac9bfb560


---------------  P R O C E S S  ---------------

Threads class SMR info:
_java_thread_list=0x000002dac73391e0, length=38, elements={
0x000002dafd1d38f0, 0x000002dafd1d5010, 0x000002dafd1eb640, 0x000002dafd1ee500,
0x000002dafd1eeeb0, 0x000002dafd1ef860, 0x000002dafd1f05f0, 0x000002dafd1f32e0,
0x000002dafd1f4840, 0x000002dafdc31fc0, 0x000002dafdc33700, 0x000002daff579d90,
0x000002dac74cb880, 0x000002dac7384c70, 0x000002dac6fb1b80, 0x000002dac6fb2050,
0x000002dac6fb0d10, 0x000002dac6faf9d0, 0x000002dac9bfabc0, 0x000002dac9bf8540,
0x000002dac9bf9d50, 0x000002dac9bfb090, 0x000002dac9bf93b0, 0x000002dac9bfb560,
0x000002dac9bfba30, 0x000002dac9bfbf00, 0x000002dac9bfc3d0, 0x000002dac9bf8a10,
0x000002dac9bf9880, 0x000002dac9bfc8a0, 0x000002dac9bf8ee0, 0x000002dac9bfcd70,
0x000002dac9bfd240, 0x000002dac9bfa220, 0x000002dac9bfd710, 0x000002dac9bfa6f0,
0x000002dac9bfe580, 0x000002dac9bfdbe0
}

Java Threads: ( => current thread )
  0x000002dafd1d38f0 JavaThread "Reference Handler" daemon [_thread_blocked, id=20524, stack(0x000000ec59c00000,0x000000ec59d00000)]
  0x000002dafd1d5010 JavaThread "Finalizer" daemon [_thread_blocked, id=22152, stack(0x000000ec59d00000,0x000000ec59e00000)]
  0x000002dafd1eb640 JavaThread "Signal Dispatcher" daemon [_thread_blocked, id=19528, stack(0x000000ec59e00000,0x000000ec59f00000)]
  0x000002dafd1ee500 JavaThread "Attach Listener" daemon [_thread_blocked, id=27568, stack(0x000000ec59f00000,0x000000ec5a000000)]
  0x000002dafd1eeeb0 JavaThread "Service Thread" daemon [_thread_blocked, id=27504, stack(0x000000ec5a000000,0x000000ec5a100000)]
  0x000002dafd1ef860 JavaThread "Monitor Deflation Thread" daemon [_thread_blocked, id=27216, stack(0x000000ec5a100000,0x000000ec5a200000)]
  0x000002dafd1f05f0 JavaThread "C2 CompilerThread0" daemon [_thread_blocked, id=25104, stack(0x000000ec5a200000,0x000000ec5a300000)]
  0x000002dafd1f32e0 JavaThread "C1 CompilerThread0" daemon [_thread_blocked, id=6048, stack(0x000000ec5a300000,0x000000ec5a400000)]
  0x000002dafd1f4840 JavaThread "Sweeper thread" daemon [_thread_blocked, id=27148, stack(0x000000ec5a400000,0x000000ec5a500000)]
  0x000002dafdc31fc0 JavaThread "Notification Thread" daemon [_thread_blocked, id=25156, stack(0x000000ec5a500000,0x000000ec5a600000)]
  0x000002dafdc33700 JavaThread "Common-Cleaner" daemon [_thread_blocked, id=19736, stack(0x000000ec5a700000,0x000000ec5a800000)]
  0x000002daff579d90 JavaThread "Catalina-utility-1" [_thread_blocked, id=21240, stack(0x000000ec5b400000,0x000000ec5b500000)]
  0x000002dac74cb880 JavaThread "Catalina-utility-2" [_thread_blocked, id=992, stack(0x000000ec5b500000,0x000000ec5b600000)]
  0x000002dac7384c70 JavaThread "container-0" [_thread_blocked, id=13112, stack(0x000000ec5b600000,0x000000ec5b700000)]
  0x000002dac6fb1b80 JavaThread "mssql-jdbc-shared-timer-core-0" daemon [_thread_blocked, id=1540, stack(0x000000ec5b000000,0x000000ec5b100000)]
  0x000002dac6fb2050 JavaThread "HikariPool-1 housekeeper" daemon [_thread_blocked, id=21664, stack(0x000000ec5b300000,0x000000ec5b400000)]
  0x000002dac6fb0d10 JavaThread "spring.cloud.inetutils" daemon [_thread_blocked, id=11476, stack(0x000000ec59400000,0x000000ec59500000)]
  0x000002dac6faf9d0 JavaThread "File Watcher" daemon [_thread_blocked, id=4508, stack(0x000000ec5ba00000,0x000000ec5bb00000)]
  0x000002dac9bfabc0 JavaThread "AsyncResolver-bootstrap-0" daemon [_thread_blocked, id=24308, stack(0x000000ec5b800000,0x000000ec5b900000)]
  0x000002dac9bf8540 JavaThread "idle-connection-evictor-1" daemon [_thread_blocked, id=18952, stack(0x000000ec5be00000,0x000000ec5bf00000)]
  0x000002dac9bf9d50 JavaThread "DiscoveryClient-0" daemon [_thread_blocked, id=18752, stack(0x000000ec5c000000,0x000000ec5c100000)]
  0x000002dac9bfb090 JavaThread "DiscoveryClient-1" daemon [_thread_blocked, id=15800, stack(0x000000ec5c100000,0x000000ec5c200000)]
  0x000002dac9bf93b0 JavaThread "DiscoveryClient-InstanceInfoReplicator-0" daemon [_thread_blocked, id=13128, stack(0x000000ec5c200000,0x000000ec5c300000)]
  0x000002dac9bfb560 JavaThread "http-nio-8092-exec-1" daemon [_thread_blocked, id=9520, stack(0x000000ec5bf00000,0x000000ec5c000000)]
  0x000002dac9bfba30 JavaThread "http-nio-8092-exec-2" daemon [_thread_blocked, id=23956, stack(0x000000ec5c300000,0x000000ec5c400000)]
  0x000002dac9bfbf00 JavaThread "http-nio-8092-exec-3" daemon [_thread_blocked, id=11600, stack(0x000000ec5c400000,0x000000ec5c500000)]
  0x000002dac9bfc3d0 JavaThread "http-nio-8092-exec-4" daemon [_thread_blocked, id=25208, stack(0x000000ec5c500000,0x000000ec5c600000)]
  0x000002dac9bf8a10 JavaThread "http-nio-8092-exec-5" daemon [_thread_blocked, id=9428, stack(0x000000ec5c600000,0x000000ec5c700000)]
  0x000002dac9bf9880 JavaThread "http-nio-8092-exec-6" daemon [_thread_blocked, id=24996, stack(0x000000ec5c700000,0x000000ec5c800000)]
  0x000002dac9bfc8a0 JavaThread "http-nio-8092-exec-7" daemon [_thread_blocked, id=13092, stack(0x000000ec5c800000,0x000000ec5c900000)]
  0x000002dac9bf8ee0 JavaThread "http-nio-8092-exec-8" daemon [_thread_blocked, id=26752, stack(0x000000ec5c900000,0x000000ec5ca00000)]
  0x000002dac9bfcd70 JavaThread "http-nio-8092-exec-9" daemon [_thread_blocked, id=17116, stack(0x000000ec5ca00000,0x000000ec5cb00000)]
  0x000002dac9bfd240 JavaThread "http-nio-8092-exec-10" daemon [_thread_blocked, id=9664, stack(0x000000ec5cb00000,0x000000ec5cc00000)]
  0x000002dac9bfa220 JavaThread "http-nio-8092-Poller" daemon [_thread_blocked, id=21988, stack(0x000000ec5cc00000,0x000000ec5cd00000)]
  0x000002dac9bfd710 JavaThread "http-nio-8092-Acceptor" daemon [_thread_in_native, id=2008, stack(0x000000ec5cd00000,0x000000ec5ce00000)]
  0x000002dac9bfa6f0 JavaThread "DestroyJavaVM" [_thread_blocked, id=23444, stack(0x000000ec59500000,0x000000ec59600000)]
  0x000002dac9bfe580 JavaThread "DiscoveryClient-CacheRefreshExecutor-0" daemon [_thread_blocked, id=24580, stack(0x000000ec59300000,0x000000ec59400000)]
  0x000002dac9bfdbe0 JavaThread "DiscoveryClient-HeartbeatExecutor-0" daemon [_thread_blocked, id=7332, stack(0x000000ec5b100000,0x000000ec5b200000)]

Other Threads:
=>0x000002dafd1cab20 VMThread "VM Thread" [stack: 0x000000ec59b00000,0x000000ec59c00000] [id=22476]
  0x000002dafdc32490 WatcherThread [stack: 0x000000ec5a600000,0x000000ec5a700000] [id=23408]
  0x000002dacca60c70 GCTaskThread "GC Thread#0" [stack: 0x000000ec59600000,0x000000ec59700000] [id=27544]
  0x000002dafee94cb0 GCTaskThread "GC Thread#1" [stack: 0x000000ec5a900000,0x000000ec5aa00000] [id=23396]
  0x000002dafee94f70 GCTaskThread "GC Thread#2" [stack: 0x000000ec5aa00000,0x000000ec5ab00000] [id=15520]
  0x000002dafee95230 GCTaskThread "GC Thread#3" [stack: 0x000000ec5ab00000,0x000000ec5ac00000] [id=15960]
  0x000002dafee7fe60 GCTaskThread "GC Thread#4" [stack: 0x000000ec5ac00000,0x000000ec5ad00000] [id=21092]
  0x000002dafee80120 GCTaskThread "GC Thread#5" [stack: 0x000000ec5ad00000,0x000000ec5ae00000] [id=25168]
  0x000002dafee803e0 GCTaskThread "GC Thread#6" [stack: 0x000000ec5ae00000,0x000000ec5af00000] [id=24100]
  0x000002dafee806a0 GCTaskThread "GC Thread#7" [stack: 0x000000ec5af00000,0x000000ec5b000000] [id=14136]
  0x000002dacca6bb00 ConcurrentGCThread "G1 Main Marker" [stack: 0x000000ec59700000,0x000000ec59800000] [id=15984]
  0x000002dacca6c510 ConcurrentGCThread "G1 Conc#0" [stack: 0x000000ec59800000,0x000000ec59900000] [id=4584]
  0x000002dac52c3300 ConcurrentGCThread "G1 Conc#1" [stack: 0x000000ec5a800000,0x000000ec5a900000] [id=24840]
  0x000002dafd107020 ConcurrentGCThread "G1 Refine#0" [stack: 0x000000ec59900000,0x000000ec59a00000] [id=27172]
  0x000002dac9f84da0 ConcurrentGCThread "G1 Refine#1" [stack: 0x000000ec5bb00000,0x000000ec5bc00000] [id=19020]
  0x000002dac6d0e380 ConcurrentGCThread "G1 Refine#2" [stack: 0x000000ec5b200000,0x000000ec5b300000] [id=26236]
  0x000002dac6d0d7c0 ConcurrentGCThread "G1 Refine#3" [stack: 0x000000ec5b900000,0x000000ec5ba00000] [id=16020]
  0x000002dac6d0d1e0 ConcurrentGCThread "G1 Refine#4" [stack: 0x000000ec59200000,0x000000ec59300000] [id=13560]
  0x000002dac6d0dab0 ConcurrentGCThread "G1 Refine#5" [stack: 0x000000ec5ce00000,0x000000ec5cf00000] [id=25268]
  0x000002dac6d0e090 ConcurrentGCThread "G1 Refine#6" [stack: 0x000000ec5cf00000,0x000000ec5d000000] [id=21392]
  0x000002dac949b040 ConcurrentGCThread "G1 Refine#7" [stack: 0x000000ec5d000000,0x000000ec5d100000] [id=27500]
  0x000002dafd108720 ConcurrentGCThread "G1 Service" [stack: 0x000000ec59a00000,0x000000ec59b00000] [id=16336]

Threads with active compile tasks:

VM state: at safepoint (normal execution)

VM Mutex/Monitor currently owned by a thread:  ([mutex/lock_event])
[0x000002dacc9b3ed0] Threads_lock - owner thread: 0x000002dafd1cab20
[0x000002dacc9b3b70] Heap_lock - owner thread: 0x000002dac9bfb560

Heap address: 0x0000000583000000, size: 10192 MB, Compressed Oops mode: Zero based, Oop shift amount: 3

CDS archive(s) mapped at: [0x000002da80000000-0x000002da80bd0000-0x000002da80bd0000), size 12386304, SharedBaseAddress: 0x000002da80000000, ArchiveRelocationMode: 1.
Compressed class space mapped at: 0x000002da81000000-0x000002dac1000000, reserved size: 1073741824
Narrow klass base: 0x000002da80000000, Narrow klass shift: 0, Narrow klass range: 0x100000000

GC Precious Log:
 CPUs: 8 total, 8 available
 Memory: 40743M
 Large Page Support: Disabled
 NUMA Support: Disabled
 Compressed Oops: Enabled (Zero based)
 Heap Region Size: 8M
 Heap Min Capacity: 8M
 Heap Initial Capacity: 640M
 Heap Max Capacity: 10192M
 Pre-touch: Disabled
 Parallel Workers: 8
 Concurrent Workers: 2
 Concurrent Refinement Workers: 8
 Periodic GC: Disabled

Heap:
 garbage-first heap   total 2064384K, used 739759K [0x0000000583000000, 0x0000000800000000)
  region size 8192K, 2 young (16384K), 2 survivors (16384K)
 Metaspace       used 96727K, committed 97344K, reserved 1179648K
  class space    used 13106K, committed 13376K, reserved 1048576K

Heap Regions: E=young(eden), S=young(survivor), O=old, HS=humongous(starts), HC=humongous(continues), CS=collection set, F=free, OA=open archive, CA=closed archive, TAMS=top-at-mark-start (previous, next)
|   0|0x0000000583000000, 0x0000000583800000, 0x0000000583800000|100%| O|  |TAMS 0x0000000583800000, 0x0000000583000000| Untracked 
|   1|0x0000000583800000, 0x0000000584000000, 0x0000000584000000|100%| O|  |TAMS 0x0000000584000000, 0x0000000583800000| Untracked 
|   2|0x0000000584000000, 0x0000000584800000, 0x0000000584800000|100%| O|  |TAMS 0x0000000584800000, 0x0000000584000000| Untracked 
|   3|0x0000000584800000, 0x0000000585000000, 0x0000000585000000|100%| O|  |TAMS 0x0000000585000000, 0x0000000584800000| Untracked 
|   4|0x0000000585000000, 0x0000000585800000, 0x0000000585800000|100%| O|  |TAMS 0x0000000585800000, 0x0000000585000000| Untracked 
|   5|0x0000000585800000, 0x0000000586000000, 0x0000000586000000|100%| O|  |TAMS 0x0000000586000000, 0x0000000585800000| Untracked 
|   6|0x0000000586000000, 0x0000000586800000, 0x0000000586800000|100%| O|  |TAMS 0x0000000586800000, 0x0000000586000000| Untracked 
|   7|0x0000000586800000, 0x0000000587000000, 0x0000000587000000|100%| O|  |TAMS 0x0000000587000000, 0x0000000586800000| Untracked 
|   8|0x0000000587000000, 0x0000000587800000, 0x0000000587800000|100%| O|  |TAMS 0x0000000587800000, 0x0000000587000000| Untracked 
|   9|0x0000000587800000, 0x0000000588000000, 0x0000000588000000|100%| O|  |TAMS 0x0000000588000000, 0x0000000587800000| Untracked 
|  10|0x0000000588000000, 0x0000000588800000, 0x0000000588800000|100%| O|  |TAMS 0x0000000588800000, 0x0000000588000000| Untracked 
|  11|0x0000000588800000, 0x0000000589000000, 0x0000000589000000|100%| O|  |TAMS 0x0000000589000000, 0x0000000588800000| Untracked 
|  12|0x0000000589000000, 0x0000000589800000, 0x0000000589800000|100%| O|  |TAMS 0x0000000589800000, 0x0000000589000000| Untracked 
|  13|0x0000000589800000, 0x000000058a000000, 0x000000058a000000|100%|HS|  |TAMS 0x000000058a000000, 0x0000000589800000| Complete 
|  14|0x000000058a000000, 0x000000058a800000, 0x000000058a800000|100%|HC|  |TAMS 0x000000058a800000, 0x000000058a000000| Complete 
|  15|0x000000058a800000, 0x000000058b000000, 0x000000058b000000|100%|HC|  |TAMS 0x000000058b000000, 0x000000058a800000| Complete 
|  16|0x000000058b000000, 0x000000058b800000, 0x000000058b800000|100%|HC|  |TAMS 0x000000058b800000, 0x000000058b000000| Complete 
|  17|0x000000058b800000, 0x000000058c000000, 0x000000058c000000|100%|HC|  |TAMS 0x000000058c000000, 0x000000058b800000| Complete 
|  18|0x000000058c000000, 0x000000058c800000, 0x000000058c800000|100%|HC|  |TAMS 0x000000058c800000, 0x000000058c000000| Complete 
|  19|0x000000058c800000, 0x000000058d000000, 0x000000058d000000|100%| O|  |TAMS 0x000000058d000000, 0x000000058c800000| Untracked 
|  20|0x000000058d000000, 0x000000058d800000, 0x000000058d800000|100%| O|  |TAMS 0x000000058d800000, 0x000000058d000000| Untracked 
|  21|0x000000058d800000, 0x000000058e000000, 0x000000058e000000|100%| O|  |TAMS 0x000000058e000000, 0x000000058d800000| Untracked 
|  22|0x000000058e000000, 0x000000058e800000, 0x000000058e800000|100%| O|  |TAMS 0x000000058e800000, 0x000000058e000000| Untracked 
|  23|0x000000058e800000, 0x000000058f000000, 0x000000058f000000|100%| O|  |TAMS 0x000000058f000000, 0x000000058e800000| Untracked 
|  24|0x000000058f000000, 0x000000058f800000, 0x000000058f800000|100%| O|  |TAMS 0x000000058f800000, 0x000000058f000000| Untracked 
|  25|0x000000058f800000, 0x0000000590000000, 0x0000000590000000|100%| O|  |TAMS 0x0000000590000000, 0x000000058f800000| Untracked 
|  26|0x0000000590000000, 0x0000000590800000, 0x0000000590800000|100%| O|  |TAMS 0x0000000590800000, 0x0000000590000000| Untracked 
|  27|0x0000000590800000, 0x0000000591000000, 0x0000000591000000|100%| O|  |TAMS 0x0000000591000000, 0x0000000590800000| Untracked 
|  28|0x0000000591000000, 0x0000000591800000, 0x0000000591800000|100%| O|  |TAMS 0x0000000591800000, 0x0000000591000000| Untracked 
|  29|0x0000000591800000, 0x0000000592000000, 0x0000000592000000|100%| O|  |TAMS 0x0000000592000000, 0x0000000591800000| Untracked 
|  30|0x0000000592000000, 0x0000000592800000, 0x0000000592800000|100%| O|  |TAMS 0x0000000592800000, 0x0000000592000000| Untracked 
|  31|0x0000000592800000, 0x0000000593000000, 0x0000000593000000|100%| O|  |TAMS 0x0000000593000000, 0x0000000592800000| Untracked 
|  32|0x0000000593000000, 0x0000000593800000, 0x0000000593800000|100%| O|  |TAMS 0x0000000593800000, 0x0000000593000000| Untracked 
|  33|0x0000000593800000, 0x0000000594000000, 0x0000000594000000|100%| O|  |TAMS 0x0000000594000000, 0x0000000593800000| Untracked 
|  34|0x0000000594000000, 0x0000000594800000, 0x0000000594800000|100%| O|  |TAMS 0x0000000594800000, 0x0000000594000000| Untracked 
|  35|0x0000000594800000, 0x0000000595000000, 0x0000000595000000|100%| O|  |TAMS 0x0000000595000000, 0x0000000594800000| Untracked 
|  36|0x0000000595000000, 0x0000000595800000, 0x0000000595800000|100%| O|  |TAMS 0x0000000595800000, 0x0000000595000000| Untracked 
|  37|0x0000000595800000, 0x0000000596000000, 0x0000000596000000|100%| O|  |TAMS 0x0000000596000000, 0x0000000595800000| Untracked 
|  38|0x0000000596000000, 0x0000000596800000, 0x0000000596800000|100%| O|  |TAMS 0x0000000596800000, 0x0000000596000000| Untracked 
|  39|0x0000000596800000, 0x0000000597000000, 0x0000000597000000|100%| O|  |TAMS 0x0000000597000000, 0x0000000596800000| Untracked 
|  40|0x0000000597000000, 0x0000000597800000, 0x0000000597800000|100%| O|  |TAMS 0x0000000597800000, 0x0000000597000000| Untracked 
|  41|0x0000000597800000, 0x0000000598000000, 0x0000000598000000|100%| O|  |TAMS 0x0000000597800000, 0x0000000597800000| Untracked 
|  42|0x0000000598000000, 0x0000000598800000, 0x0000000598800000|100%| O|  |TAMS 0x0000000598800000, 0x0000000598000000| Untracked 
|  43|0x0000000598800000, 0x0000000599000000, 0x0000000599000000|100%| O|  |TAMS 0x0000000599000000, 0x0000000598800000| Untracked 
|  44|0x0000000599000000, 0x0000000599800000, 0x0000000599800000|100%| O|  |TAMS 0x0000000599800000, 0x0000000599000000| Untracked 
|  45|0x0000000599800000, 0x000000059a000000, 0x000000059a000000|100%| O|  |TAMS 0x000000059a000000, 0x0000000599800000| Untracked 
|  46|0x000000059a000000, 0x000000059a800000, 0x000000059a800000|100%| O|  |TAMS 0x000000059a800000, 0x000000059a000000| Untracked 
|  47|0x000000059a800000, 0x000000059b000000, 0x000000059b000000|100%| O|  |TAMS 0x000000059b000000, 0x000000059a800000| Untracked 
|  48|0x000000059b000000, 0x000000059b800000, 0x000000059b800000|100%| O|  |TAMS 0x000000059b800000, 0x000000059b000000| Untracked 
|  49|0x000000059b800000, 0x000000059c000000, 0x000000059c000000|100%| O|  |TAMS 0x000000059c000000, 0x000000059b800000| Untracked 
|  50|0x000000059c000000, 0x000000059c800000, 0x000000059c800000|100%| O|  |TAMS 0x000000059c800000, 0x000000059c000000| Untracked 
|  51|0x000000059c800000, 0x000000059d000000, 0x000000059d000000|100%| O|  |TAMS 0x000000059d000000, 0x000000059c800000| Untracked 
|  52|0x000000059d000000, 0x000000059d800000, 0x000000059d800000|100%| O|  |TAMS 0x000000059d800000, 0x000000059d000000| Untracked 
|  53|0x000000059d800000, 0x000000059e000000, 0x000000059e000000|100%| O|  |TAMS 0x000000059e000000, 0x000000059d800000| Untracked 
|  54|0x000000059e000000, 0x000000059e800000, 0x000000059e800000|100%| O|  |TAMS 0x000000059e800000, 0x000000059e000000| Untracked 
|  55|0x000000059e800000, 0x000000059f000000, 0x000000059f000000|100%| O|  |TAMS 0x000000059f000000, 0x000000059e800000| Untracked 
|  56|0x000000059f000000, 0x000000059f800000, 0x000000059f800000|100%| O|  |TAMS 0x000000059f800000, 0x000000059f000000| Untracked 
|  57|0x000000059f800000, 0x00000005a0000000, 0x00000005a0000000|100%| O|  |TAMS 0x000000059fe50e00, 0x000000059f800000| Untracked 
|  58|0x00000005a0000000, 0x00000005a0800000, 0x00000005a0800000|100%| O|  |TAMS 0x00000005a0000000, 0x00000005a0000000| Untracked 
|  59|0x00000005a0800000, 0x00000005a1000000, 0x00000005a1000000|100%| O|  |TAMS 0x00000005a0800000, 0x00000005a0800000| Untracked 
|  60|0x00000005a1000000, 0x00000005a1800000, 0x00000005a1800000|100%| O|  |TAMS 0x00000005a1000000, 0x00000005a1000000| Untracked 
|  61|0x00000005a1800000, 0x00000005a2000000, 0x00000005a2000000|100%| O|  |TAMS 0x00000005a1800000, 0x00000005a1800000| Untracked 
|  62|0x00000005a2000000, 0x00000005a2800000, 0x00000005a2800000|100%| O|  |TAMS 0x00000005a2000000, 0x00000005a2000000| Untracked 
|  63|0x00000005a2800000, 0x00000005a3000000, 0x00000005a3000000|100%| O|  |TAMS 0x00000005a2800000, 0x00000005a2800000| Untracked 
|  64|0x00000005a3000000, 0x00000005a3800000, 0x00000005a3800000|100%|HS|  |TAMS 0x00000005a3000000, 0x00000005a3000000| Complete 
|  65|0x00000005a3800000, 0x00000005a4000000, 0x00000005a4000000|100%| O|  |TAMS 0x00000005a3800000, 0x00000005a3800000| Untracked 
|  66|0x00000005a4000000, 0x00000005a4800000, 0x00000005a4800000|100%| O|  |TAMS 0x00000005a4000000, 0x00000005a4000000| Untracked 
|  67|0x00000005a4800000, 0x00000005a5000000, 0x00000005a5000000|100%| O|  |TAMS 0x00000005a4800000, 0x00000005a4800000| Untracked 
|  68|0x00000005a5000000, 0x00000005a5800000, 0x00000005a5800000|100%| O|  |TAMS 0x00000005a5000000, 0x00000005a5000000| Untracked 
|  69|0x00000005a5800000, 0x00000005a6000000, 0x00000005a6000000|100%| O|  |TAMS 0x00000005a5800000, 0x00000005a5800000| Untracked 
|  70|0x00000005a6000000, 0x00000005a6800000, 0x00000005a6800000|100%| O|  |TAMS 0x00000005a6000000, 0x00000005a6000000| Untracked 
|  71|0x00000005a6800000, 0x00000005a7000000, 0x00000005a7000000|100%|HS|  |TAMS 0x00000005a6800000, 0x00000005a6800000| Complete 
|  72|0x00000005a7000000, 0x00000005a7800000, 0x00000005a7800000|100%| O|  |TAMS 0x00000005a7000000, 0x00000005a7000000| Untracked 
|  73|0x00000005a7800000, 0x00000005a8000000, 0x00000005a8000000|100%| O|  |TAMS 0x00000005a7800000, 0x00000005a7800000| Untracked 
|  74|0x00000005a8000000, 0x00000005a8800000, 0x00000005a8800000|100%| O|  |TAMS 0x00000005a8000000, 0x00000005a8000000| Untracked 
|  75|0x00000005a8800000, 0x00000005a9000000, 0x00000005a9000000|100%| O|  |TAMS 0x00000005a8800000, 0x00000005a8800000| Untracked 
|  76|0x00000005a9000000, 0x00000005a9800000, 0x00000005a9800000|100%| O|  |TAMS 0x00000005a9000000, 0x00000005a9000000| Untracked 
|  77|0x00000005a9800000, 0x00000005aa000000, 0x00000005aa000000|100%| O|  |TAMS 0x00000005a9800000, 0x00000005a9800000| Untracked 
|  78|0x00000005aa000000, 0x00000005aa800000, 0x00000005aa800000|100%| O|  |TAMS 0x00000005aa000000, 0x00000005aa000000| Untracked 
|  79|0x00000005aa800000, 0x00000005ab000000, 0x00000005ab000000|100%| O|  |TAMS 0x00000005aa800000, 0x00000005aa800000| Untracked 
|  80|0x00000005ab000000, 0x00000005ab800000, 0x00000005ab800000|100%| O|  |TAMS 0x00000005ab000000, 0x00000005ab000000| Untracked 
|  81|0x00000005ab800000, 0x00000005ac000000, 0x00000005ac000000|100%| O|  |TAMS 0x00000005ab800000, 0x00000005ab800000| Untracked 
|  82|0x00000005ac000000, 0x00000005ac800000, 0x00000005ac800000|100%| O|  |TAMS 0x00000005ac000000, 0x00000005ac000000| Untracked 
|  83|0x00000005ac800000, 0x00000005ad000000, 0x00000005ad000000|100%| O|  |TAMS 0x00000005ac800000, 0x00000005ac800000| Untracked 
|  84|0x00000005ad000000, 0x00000005ad800000, 0x00000005ad800000|100%| O|  |TAMS 0x00000005ad000000, 0x00000005ad000000| Untracked 
|  85|0x00000005ad800000, 0x00000005ae000000, 0x00000005ae000000|100%| O|  |TAMS 0x00000005ad800000, 0x00000005ad800000| Untracked 
|  86|0x00000005ae000000, 0x00000005ae800000, 0x00000005ae800000|100%| O|  |TAMS 0x00000005ae000000, 0x00000005ae000000| Untracked 
|  87|0x00000005ae800000, 0x00000005af000000, 0x00000005af000000|100%| O|  |TAMS 0x00000005ae800000, 0x00000005ae800000| Untracked 
|  88|0x00000005af000000, 0x00000005af26bc00, 0x00000005af800000| 30%| O|  |TAMS 0x00000005af000000, 0x00000005af000000| Untracked 
|  89|0x00000005af800000, 0x00000005af800000, 0x00000005b0000000|  0%| F|  |TAMS 0x00000005af800000, 0x00000005af800000| Untracked 
|  90|0x00000005b0000000, 0x00000005b0000000, 0x00000005b0800000|  0%| F|  |TAMS 0x00000005b0000000, 0x00000005b0000000| Untracked 
|  91|0x00000005b0800000, 0x00000005b0800000, 0x00000005b1000000|  0%| F|  |TAMS 0x00000005b0800000, 0x00000005b0800000| Untracked 
|  92|0x00000005b1000000, 0x00000005b1000000, 0x00000005b1800000|  0%| F|  |TAMS 0x00000005b1000000, 0x00000005b1000000| Untracked 
|  93|0x00000005b1800000, 0x00000005b1800000, 0x00000005b2000000|  0%| F|  |TAMS 0x00000005b1800000, 0x00000005b1800000| Untracked 
|  94|0x00000005b2000000, 0x00000005b2000000, 0x00000005b2800000|  0%| F|  |TAMS 0x00000005b2000000, 0x00000005b2000000| Untracked 
|  95|0x00000005b2800000, 0x00000005b2800000, 0x00000005b3000000|  0%| F|  |TAMS 0x00000005b2800000, 0x00000005b2800000| Untracked 
|  96|0x00000005b3000000, 0x00000005b3000000, 0x00000005b3800000|  0%| F|  |TAMS 0x00000005b3000000, 0x00000005b3000000| Untracked 
|  97|0x00000005b3800000, 0x00000005b3800000, 0x00000005b4000000|  0%| F|  |TAMS 0x00000005b3800000, 0x00000005b3800000| Untracked 
|  98|0x00000005b4000000, 0x00000005b4000000, 0x00000005b4800000|  0%| F|  |TAMS 0x00000005b4000000, 0x00000005b4000000| Untracked 
|  99|0x00000005b4800000, 0x00000005b4800000, 0x00000005b5000000|  0%| F|  |TAMS 0x00000005b4800000, 0x00000005b4800000| Untracked 
| 100|0x00000005b5000000, 0x00000005b5000000, 0x00000005b5800000|  0%| F|  |TAMS 0x00000005b5000000, 0x00000005b5000000| Untracked 
| 101|0x00000005b5800000, 0x00000005b5800000, 0x00000005b6000000|  0%| F|  |TAMS 0x00000005b5800000, 0x00000005b5800000| Untracked 
| 102|0x00000005b6000000, 0x00000005b6000000, 0x00000005b6800000|  0%| F|  |TAMS 0x00000005b6000000, 0x00000005b6000000| Untracked 
| 103|0x00000005b6800000, 0x00000005b6800000, 0x00000005b7000000|  0%| F|  |TAMS 0x00000005b6800000, 0x00000005b6800000| Untracked 
| 104|0x00000005b7000000, 0x00000005b7000000, 0x00000005b7800000|  0%| F|  |TAMS 0x00000005b7000000, 0x00000005b7000000| Untracked 
| 105|0x00000005b7800000, 0x00000005b7800000, 0x00000005b8000000|  0%| F|  |TAMS 0x00000005b7800000, 0x00000005b7800000| Untracked 
| 106|0x00000005b8000000, 0x00000005b8000000, 0x00000005b8800000|  0%| F|  |TAMS 0x00000005b8000000, 0x00000005b8000000| Untracked 
| 107|0x00000005b8800000, 0x00000005b8800000, 0x00000005b9000000|  0%| F|  |TAMS 0x00000005b8800000, 0x00000005b8800000| Untracked 
| 108|0x00000005b9000000, 0x00000005b9000000, 0x00000005b9800000|  0%| F|  |TAMS 0x00000005b9000000, 0x00000005b9000000| Untracked 
| 109|0x00000005b9800000, 0x00000005b9800000, 0x00000005ba000000|  0%| F|  |TAMS 0x00000005b9800000, 0x00000005b9800000| Untracked 
| 110|0x00000005ba000000, 0x00000005ba000000, 0x00000005ba800000|  0%| F|  |TAMS 0x00000005ba000000, 0x00000005ba000000| Untracked 
| 111|0x00000005ba800000, 0x00000005ba800000, 0x00000005bb000000|  0%| F|  |TAMS 0x00000005ba800000, 0x00000005ba800000| Untracked 
| 112|0x00000005bb000000, 0x00000005bb000000, 0x00000005bb800000|  0%| F|  |TAMS 0x00000005bb000000, 0x00000005bb000000| Untracked 
| 113|0x00000005bb800000, 0x00000005bb800000, 0x00000005bc000000|  0%| F|  |TAMS 0x00000005bb800000, 0x00000005bb800000| Untracked 
| 114|0x00000005bc000000, 0x00000005bc000000, 0x00000005bc800000|  0%| F|  |TAMS 0x00000005bc000000, 0x00000005bc000000| Untracked 
| 115|0x00000005bc800000, 0x00000005bc800000, 0x00000005bd000000|  0%| F|  |TAMS 0x00000005bc800000, 0x00000005bc800000| Untracked 
| 116|0x00000005bd000000, 0x00000005bd000000, 0x00000005bd800000|  0%| F|  |TAMS 0x00000005bd000000, 0x00000005bd000000| Untracked 
| 117|0x00000005bd800000, 0x00000005bd800000, 0x00000005be000000|  0%| F|  |TAMS 0x00000005bd800000, 0x00000005bd800000| Untracked 
| 118|0x00000005be000000, 0x00000005be000000, 0x00000005be800000|  0%| F|  |TAMS 0x00000005be000000, 0x00000005be000000| Untracked 
| 119|0x00000005be800000, 0x00000005be800000, 0x00000005bf000000|  0%| F|  |TAMS 0x00000005be800000, 0x00000005be800000| Untracked 
| 120|0x00000005bf000000, 0x00000005bf000000, 0x00000005bf800000|  0%| F|  |TAMS 0x00000005bf000000, 0x00000005bf000000| Untracked 
| 121|0x00000005bf800000, 0x00000005bf800000, 0x00000005c0000000|  0%| F|  |TAMS 0x00000005bf800000, 0x00000005bf800000| Untracked 
| 122|0x00000005c0000000, 0x00000005c0000000, 0x00000005c0800000|  0%| F|  |TAMS 0x00000005c0000000, 0x00000005c0000000| Untracked 
| 123|0x00000005c0800000, 0x00000005c0800000, 0x00000005c1000000|  0%| F|  |TAMS 0x00000005c0800000, 0x00000005c0800000| Untracked 
| 124|0x00000005c1000000, 0x00000005c1000000, 0x00000005c1800000|  0%| F|  |TAMS 0x00000005c1000000, 0x00000005c1000000| Untracked 
| 125|0x00000005c1800000, 0x00000005c1800000, 0x00000005c2000000|  0%| F|  |TAMS 0x00000005c1800000, 0x00000005c1800000| Untracked 
| 126|0x00000005c2000000, 0x00000005c2000000, 0x00000005c2800000|  0%| F|  |TAMS 0x00000005c2000000, 0x00000005c2000000| Untracked 
| 127|0x00000005c2800000, 0x00000005c2800000, 0x00000005c3000000|  0%| F|  |TAMS 0x00000005c2800000, 0x00000005c2800000| Untracked 
| 128|0x00000005c3000000, 0x00000005c3000000, 0x00000005c3800000|  0%| F|  |TAMS 0x00000005c3000000, 0x00000005c3000000| Untracked 
| 129|0x00000005c3800000, 0x00000005c3800000, 0x00000005c4000000|  0%| F|  |TAMS 0x00000005c3800000, 0x00000005c3800000| Untracked 
| 130|0x00000005c4000000, 0x00000005c4000000, 0x00000005c4800000|  0%| F|  |TAMS 0x00000005c4000000, 0x00000005c4000000| Untracked 
| 131|0x00000005c4800000, 0x00000005c4800000, 0x00000005c5000000|  0%| F|  |TAMS 0x00000005c4800000, 0x00000005c4800000| Untracked 
| 132|0x00000005c5000000, 0x00000005c5000000, 0x00000005c5800000|  0%| F|  |TAMS 0x00000005c5000000, 0x00000005c5000000| Untracked 
| 133|0x00000005c5800000, 0x00000005c5800000, 0x00000005c6000000|  0%| F|  |TAMS 0x00000005c5800000, 0x00000005c5800000| Untracked 
| 134|0x00000005c6000000, 0x00000005c6000000, 0x00000005c6800000|  0%| F|  |TAMS 0x00000005c6000000, 0x00000005c6000000| Untracked 
| 135|0x00000005c6800000, 0x00000005c6800000, 0x00000005c7000000|  0%| F|  |TAMS 0x00000005c6800000, 0x00000005c6800000| Untracked 
| 136|0x00000005c7000000, 0x00000005c7000000, 0x00000005c7800000|  0%| F|  |TAMS 0x00000005c7000000, 0x00000005c7000000| Untracked 
| 137|0x00000005c7800000, 0x00000005c7800000, 0x00000005c8000000|  0%| F|  |TAMS 0x00000005c7800000, 0x00000005c7800000| Untracked 
| 138|0x00000005c8000000, 0x00000005c8000000, 0x00000005c8800000|  0%| F|  |TAMS 0x00000005c8000000, 0x00000005c8000000| Untracked 
| 139|0x00000005c8800000, 0x00000005c8800000, 0x00000005c9000000|  0%| F|  |TAMS 0x00000005c8800000, 0x00000005c8800000| Untracked 
| 140|0x00000005c9000000, 0x00000005c9000000, 0x00000005c9800000|  0%| F|  |TAMS 0x00000005c9000000, 0x00000005c9000000| Untracked 
| 141|0x00000005c9800000, 0x00000005c9800000, 0x00000005ca000000|  0%| F|  |TAMS 0x00000005c9800000, 0x00000005c9800000| Untracked 
| 142|0x00000005ca000000, 0x00000005ca000000, 0x00000005ca800000|  0%| F|  |TAMS 0x00000005ca000000, 0x00000005ca000000| Untracked 
| 143|0x00000005ca800000, 0x00000005ca800000, 0x00000005cb000000|  0%| F|  |TAMS 0x00000005ca800000, 0x00000005ca800000| Untracked 
| 144|0x00000005cb000000, 0x00000005cb000000, 0x00000005cb800000|  0%| F|  |TAMS 0x00000005cb000000, 0x00000005cb000000| Untracked 
| 145|0x00000005cb800000, 0x00000005cb800000, 0x00000005cc000000|  0%| F|  |TAMS 0x00000005cb800000, 0x00000005cb800000| Untracked 
| 146|0x00000005cc000000, 0x00000005cc000000, 0x00000005cc800000|  0%| F|  |TAMS 0x00000005cc000000, 0x00000005cc000000| Untracked 
| 147|0x00000005cc800000, 0x00000005cc800000, 0x00000005cd000000|  0%| F|  |TAMS 0x00000005cc800000, 0x00000005cc800000| Untracked 
| 148|0x00000005cd000000, 0x00000005cd000000, 0x00000005cd800000|  0%| F|  |TAMS 0x00000005cd000000, 0x00000005cd000000| Untracked 
| 149|0x00000005cd800000, 0x00000005cd800000, 0x00000005ce000000|  0%| F|  |TAMS 0x00000005cd800000, 0x00000005cd800000| Untracked 
| 150|0x00000005ce000000, 0x00000005ce000000, 0x00000005ce800000|  0%| F|  |TAMS 0x00000005ce000000, 0x00000005ce000000| Untracked 
| 151|0x00000005ce800000, 0x00000005ce800000, 0x00000005cf000000|  0%| F|  |TAMS 0x00000005ce800000, 0x00000005ce800000| Untracked 
| 152|0x00000005cf000000, 0x00000005cf000000, 0x00000005cf800000|  0%| F|  |TAMS 0x00000005cf000000, 0x00000005cf000000| Untracked 
| 153|0x00000005cf800000, 0x00000005cf800000, 0x00000005d0000000|  0%| F|  |TAMS 0x00000005cf800000, 0x00000005cf800000| Untracked 
| 154|0x00000005d0000000, 0x00000005d0000000, 0x00000005d0800000|  0%| F|  |TAMS 0x00000005d0000000, 0x00000005d0000000| Untracked 
| 155|0x00000005d0800000, 0x00000005d0800000, 0x00000005d1000000|  0%| F|  |TAMS 0x00000005d0800000, 0x00000005d0800000| Untracked 
| 156|0x00000005d1000000, 0x00000005d1000000, 0x00000005d1800000|  0%| F|  |TAMS 0x00000005d1000000, 0x00000005d1000000| Untracked 
| 157|0x00000005d1800000, 0x00000005d1800000, 0x00000005d2000000|  0%| F|  |TAMS 0x00000005d1800000, 0x00000005d1800000| Untracked 
| 158|0x00000005d2000000, 0x00000005d2000000, 0x00000005d2800000|  0%| F|  |TAMS 0x00000005d2000000, 0x00000005d2000000| Untracked 
| 159|0x00000005d2800000, 0x00000005d2800000, 0x00000005d3000000|  0%| F|  |TAMS 0x00000005d2800000, 0x00000005d2800000| Untracked 
| 160|0x00000005d3000000, 0x00000005d3000000, 0x00000005d3800000|  0%| F|  |TAMS 0x00000005d3000000, 0x00000005d3000000| Untracked 
| 161|0x00000005d3800000, 0x00000005d3800000, 0x00000005d4000000|  0%| F|  |TAMS 0x00000005d3800000, 0x00000005d3800000| Untracked 
| 162|0x00000005d4000000, 0x00000005d4000000, 0x00000005d4800000|  0%| F|  |TAMS 0x00000005d4000000, 0x00000005d4000000| Untracked 
| 163|0x00000005d4800000, 0x00000005d4800000, 0x00000005d5000000|  0%| F|  |TAMS 0x00000005d4800000, 0x00000005d4800000| Untracked 
| 164|0x00000005d5000000, 0x00000005d5000000, 0x00000005d5800000|  0%| F|  |TAMS 0x00000005d5000000, 0x00000005d5000000| Untracked 
| 165|0x00000005d5800000, 0x00000005d5800000, 0x00000005d6000000|  0%| F|  |TAMS 0x00000005d5800000, 0x00000005d5800000| Untracked 
| 166|0x00000005d6000000, 0x00000005d6000000, 0x00000005d6800000|  0%| F|  |TAMS 0x00000005d6000000, 0x00000005d6000000| Untracked 
| 167|0x00000005d6800000, 0x00000005d6800000, 0x00000005d7000000|  0%| F|  |TAMS 0x00000005d6800000, 0x00000005d6800000| Untracked 
| 168|0x00000005d7000000, 0x00000005d7000000, 0x00000005d7800000|  0%| F|  |TAMS 0x00000005d7000000, 0x00000005d7000000| Untracked 
| 169|0x00000005d7800000, 0x00000005d7800000, 0x00000005d8000000|  0%| F|  |TAMS 0x00000005d7800000, 0x00000005d7800000| Untracked 
| 170|0x00000005d8000000, 0x00000005d8000000, 0x00000005d8800000|  0%| F|  |TAMS 0x00000005d8000000, 0x00000005d8000000| Untracked 
| 171|0x00000005d8800000, 0x00000005d8800000, 0x00000005d9000000|  0%| F|  |TAMS 0x00000005d8800000, 0x00000005d8800000| Untracked 
| 172|0x00000005d9000000, 0x00000005d9000000, 0x00000005d9800000|  0%| F|  |TAMS 0x00000005d9000000, 0x00000005d9000000| Untracked 
| 173|0x00000005d9800000, 0x00000005d9800000, 0x00000005da000000|  0%| F|  |TAMS 0x00000005d9800000, 0x00000005d9800000| Untracked 
| 174|0x00000005da000000, 0x00000005da000000, 0x00000005da800000|  0%| F|  |TAMS 0x00000005da000000, 0x00000005da000000| Untracked 
| 175|0x00000005da800000, 0x00000005da800000, 0x00000005db000000|  0%| F|  |TAMS 0x00000005da800000, 0x00000005da800000| Untracked 
| 176|0x00000005db000000, 0x00000005db000000, 0x00000005db800000|  0%| F|  |TAMS 0x00000005db000000, 0x00000005db000000| Untracked 
| 177|0x00000005db800000, 0x00000005db800000, 0x00000005dc000000|  0%| F|  |TAMS 0x00000005db800000, 0x00000005db800000| Untracked 
| 178|0x00000005dc000000, 0x00000005dc000000, 0x00000005dc800000|  0%| F|  |TAMS 0x00000005dc000000, 0x00000005dc000000| Untracked 
| 179|0x00000005dc800000, 0x00000005dc800000, 0x00000005dd000000|  0%| F|  |TAMS 0x00000005dc800000, 0x00000005dc800000| Untracked 
| 180|0x00000005dd000000, 0x00000005dd000000, 0x00000005dd800000|  0%| F|  |TAMS 0x00000005dd000000, 0x00000005dd000000| Untracked 
| 181|0x00000005dd800000, 0x00000005dd800000, 0x00000005de000000|  0%| F|  |TAMS 0x00000005dd800000, 0x00000005dd800000| Untracked 
| 182|0x00000005de000000, 0x00000005de000000, 0x00000005de800000|  0%| F|  |TAMS 0x00000005de000000, 0x00000005de000000| Untracked 
| 183|0x00000005de800000, 0x00000005de800000, 0x00000005df000000|  0%| F|  |TAMS 0x00000005de800000, 0x00000005de800000| Untracked 
| 184|0x00000005df000000, 0x00000005df000000, 0x00000005df800000|  0%| F|  |TAMS 0x00000005df000000, 0x00000005df000000| Untracked 
| 185|0x00000005df800000, 0x00000005df800000, 0x00000005e0000000|  0%| F|  |TAMS 0x00000005df800000, 0x00000005df800000| Untracked 
| 186|0x00000005e0000000, 0x00000005e0000000, 0x00000005e0800000|  0%| F|  |TAMS 0x00000005e0000000, 0x00000005e0000000| Untracked 
| 187|0x00000005e0800000, 0x00000005e0800000, 0x00000005e1000000|  0%| F|  |TAMS 0x00000005e0800000, 0x00000005e0800000| Untracked 
| 188|0x00000005e1000000, 0x00000005e1000000, 0x00000005e1800000|  0%| F|  |TAMS 0x00000005e1000000, 0x00000005e1000000| Untracked 
| 189|0x00000005e1800000, 0x00000005e1800000, 0x00000005e2000000|  0%| F|  |TAMS 0x00000005e1800000, 0x00000005e1800000| Untracked 
| 190|0x00000005e2000000, 0x00000005e2000000, 0x00000005e2800000|  0%| F|  |TAMS 0x00000005e2000000, 0x00000005e2000000| Untracked 
| 191|0x00000005e2800000, 0x00000005e2800000, 0x00000005e3000000|  0%| F|  |TAMS 0x00000005e2800000, 0x00000005e2800000| Untracked 
| 192|0x00000005e3000000, 0x00000005e3000000, 0x00000005e3800000|  0%| F|  |TAMS 0x00000005e3000000, 0x00000005e3000000| Untracked 
| 193|0x00000005e3800000, 0x00000005e3800000, 0x00000005e4000000|  0%| F|  |TAMS 0x00000005e3800000, 0x00000005e3800000| Untracked 
| 194|0x00000005e4000000, 0x00000005e4000000, 0x00000005e4800000|  0%| F|  |TAMS 0x00000005e4000000, 0x00000005e4000000| Untracked 
| 195|0x00000005e4800000, 0x00000005e4800000, 0x00000005e5000000|  0%| F|  |TAMS 0x00000005e4800000, 0x00000005e4800000| Untracked 
| 196|0x00000005e5000000, 0x00000005e5000000, 0x00000005e5800000|  0%| F|  |TAMS 0x00000005e5000000, 0x00000005e5000000| Untracked 
| 197|0x00000005e5800000, 0x00000005e5800000, 0x00000005e6000000|  0%| F|  |TAMS 0x00000005e5800000, 0x00000005e5800000| Untracked 
| 198|0x00000005e6000000, 0x00000005e6000000, 0x00000005e6800000|  0%| F|  |TAMS 0x00000005e6000000, 0x00000005e6000000| Untracked 
| 199|0x00000005e6800000, 0x00000005e6800000, 0x00000005e7000000|  0%| F|  |TAMS 0x00000005e6800000, 0x00000005e6800000| Untracked 
| 200|0x00000005e7000000, 0x00000005e7000000, 0x00000005e7800000|  0%| F|  |TAMS 0x00000005e7000000, 0x00000005e7000000| Untracked 
| 201|0x00000005e7800000, 0x00000005e7800000, 0x00000005e8000000|  0%| F|  |TAMS 0x00000005e7800000, 0x00000005e7800000| Untracked 
| 202|0x00000005e8000000, 0x00000005e8000000, 0x00000005e8800000|  0%| F|  |TAMS 0x00000005e8000000, 0x00000005e8000000| Untracked 
| 203|0x00000005e8800000, 0x00000005e8800000, 0x00000005e9000000|  0%| F|  |TAMS 0x00000005e8800000, 0x00000005e8800000| Untracked 
| 204|0x00000005e9000000, 0x00000005e9000000, 0x00000005e9800000|  0%| F|  |TAMS 0x00000005e9000000, 0x00000005e9000000| Untracked 
| 205|0x00000005e9800000, 0x00000005e9800000, 0x00000005ea000000|  0%| F|  |TAMS 0x00000005e9800000, 0x00000005e9800000| Untracked 
| 206|0x00000005ea000000, 0x00000005ea000000, 0x00000005ea800000|  0%| F|  |TAMS 0x00000005ea000000, 0x00000005ea000000| Untracked 
| 207|0x00000005ea800000, 0x00000005ea800000, 0x00000005eb000000|  0%| F|  |TAMS 0x00000005ea800000, 0x00000005ea800000| Untracked 
| 208|0x00000005eb000000, 0x00000005eb000000, 0x00000005eb800000|  0%| F|  |TAMS 0x00000005eb000000, 0x00000005eb000000| Untracked 
| 209|0x00000005eb800000, 0x00000005eb800000, 0x00000005ec000000|  0%| F|  |TAMS 0x00000005eb800000, 0x00000005eb800000| Untracked 
| 210|0x00000005ec000000, 0x00000005ec000000, 0x00000005ec800000|  0%| F|  |TAMS 0x00000005ec000000, 0x00000005ec000000| Untracked 
| 211|0x00000005ec800000, 0x00000005ec800000, 0x00000005ed000000|  0%| F|  |TAMS 0x00000005ec800000, 0x00000005ec800000| Untracked 
| 212|0x00000005ed000000, 0x00000005ed000000, 0x00000005ed800000|  0%| F|  |TAMS 0x00000005ed000000, 0x00000005ed000000| Untracked 
| 213|0x00000005ed800000, 0x00000005ed800000, 0x00000005ee000000|  0%| F|  |TAMS 0x00000005ed800000, 0x00000005ed800000| Untracked 
| 214|0x00000005ee000000, 0x00000005ee000000, 0x00000005ee800000|  0%| F|  |TAMS 0x00000005ee000000, 0x00000005ee000000| Untracked 
| 215|0x00000005ee800000, 0x00000005ee800000, 0x00000005ef000000|  0%| F|  |TAMS 0x00000005ee800000, 0x00000005ee800000| Untracked 
| 216|0x00000005ef000000, 0x00000005ef000000, 0x00000005ef800000|  0%| F|  |TAMS 0x00000005ef000000, 0x00000005ef000000| Untracked 
| 217|0x00000005ef800000, 0x00000005ef800000, 0x00000005f0000000|  0%| F|  |TAMS 0x00000005ef800000, 0x00000005ef800000| Untracked 
| 218|0x00000005f0000000, 0x00000005f0000000, 0x00000005f0800000|  0%| F|  |TAMS 0x00000005f0000000, 0x00000005f0000000| Untracked 
| 219|0x00000005f0800000, 0x00000005f0800000, 0x00000005f1000000|  0%| F|  |TAMS 0x00000005f0800000, 0x00000005f0800000| Untracked 
| 220|0x00000005f1000000, 0x00000005f1000000, 0x00000005f1800000|  0%| F|  |TAMS 0x00000005f1000000, 0x00000005f1000000| Untracked 
| 221|0x00000005f1800000, 0x00000005f1800000, 0x00000005f2000000|  0%| F|  |TAMS 0x00000005f1800000, 0x00000005f1800000| Untracked 
| 222|0x00000005f2000000, 0x00000005f2000000, 0x00000005f2800000|  0%| F|  |TAMS 0x00000005f2000000, 0x00000005f2000000| Untracked 
| 223|0x00000005f2800000, 0x00000005f2800000, 0x00000005f3000000|  0%| F|  |TAMS 0x00000005f2800000, 0x00000005f2800000| Untracked 
| 224|0x00000005f3000000, 0x00000005f3000000, 0x00000005f3800000|  0%| F|  |TAMS 0x00000005f3000000, 0x00000005f3000000| Untracked 
| 225|0x00000005f3800000, 0x00000005f3800000, 0x00000005f4000000|  0%| F|  |TAMS 0x00000005f3800000, 0x00000005f3800000| Untracked 
| 226|0x00000005f4000000, 0x00000005f4000000, 0x00000005f4800000|  0%| F|  |TAMS 0x00000005f4000000, 0x00000005f4000000| Untracked 
| 227|0x00000005f4800000, 0x00000005f4800000, 0x00000005f5000000|  0%| F|  |TAMS 0x00000005f4800000, 0x00000005f4800000| Untracked 
| 228|0x00000005f5000000, 0x00000005f5000000, 0x00000005f5800000|  0%| F|  |TAMS 0x00000005f5000000, 0x00000005f5000000| Untracked 
| 229|0x00000005f5800000, 0x00000005f5800000, 0x00000005f6000000|  0%| F|  |TAMS 0x00000005f5800000, 0x00000005f5800000| Untracked 
| 230|0x00000005f6000000, 0x00000005f6000000, 0x00000005f6800000|  0%| F|  |TAMS 0x00000005f6000000, 0x00000005f6000000| Untracked 
| 231|0x00000005f6800000, 0x00000005f6800000, 0x00000005f7000000|  0%| F|  |TAMS 0x00000005f6800000, 0x00000005f6800000| Untracked 
| 232|0x00000005f7000000, 0x00000005f7000000, 0x00000005f7800000|  0%| F|  |TAMS 0x00000005f7000000, 0x00000005f7000000| Untracked 
| 233|0x00000005f7800000, 0x00000005f7800000, 0x00000005f8000000|  0%| F|  |TAMS 0x00000005f7800000, 0x00000005f7800000| Untracked 
| 234|0x00000005f8000000, 0x00000005f8000000, 0x00000005f8800000|  0%| F|  |TAMS 0x00000005f8000000, 0x00000005f8000000| Untracked 
| 235|0x00000005f8800000, 0x00000005f8800000, 0x00000005f9000000|  0%| F|  |TAMS 0x00000005f8800000, 0x00000005f8800000| Untracked 
| 236|0x00000005f9000000, 0x00000005f9000000, 0x00000005f9800000|  0%| F|  |TAMS 0x00000005f9000000, 0x00000005f9000000| Untracked 
| 237|0x00000005f9800000, 0x00000005f9800000, 0x00000005fa000000|  0%| F|  |TAMS 0x00000005f9800000, 0x00000005f9800000| Untracked 
| 238|0x00000005fa000000, 0x00000005fa800000, 0x00000005fa800000|100%| S|CS|TAMS 0x00000005fa000000, 0x00000005fa000000| Complete 
| 239|0x00000005fa800000, 0x00000005fa800000, 0x00000005fb000000|  0%| F|  |TAMS 0x00000005fa800000, 0x00000005fa800000| Untracked 
| 240|0x00000005fb000000, 0x00000005fb000000, 0x00000005fb800000|  0%| F|  |TAMS 0x00000005fb000000, 0x00000005fb000000| Untracked 
| 241|0x00000005fb800000, 0x00000005fc000000, 0x00000005fc000000|100%| S|CS|TAMS 0x00000005fb800000, 0x00000005fb800000| Complete 
| 242|0x00000005fc000000, 0x00000005fc000000, 0x00000005fc800000|  0%| F|  |TAMS 0x00000005fc000000, 0x00000005fc000000| Untracked 
| 243|0x00000005fc800000, 0x00000005fc800000, 0x00000005fd000000|  0%| F|  |TAMS 0x00000005fc800000, 0x00000005fc800000| Untracked 
| 244|0x00000005fd000000, 0x00000005fd000000, 0x00000005fd800000|  0%| F|  |TAMS 0x00000005fd000000, 0x00000005fd000000| Untracked 
| 245|0x00000005fd800000, 0x00000005fd800000, 0x00000005fe000000|  0%| F|  |TAMS 0x00000005fd800000, 0x00000005fd800000| Untracked 
| 246|0x00000005fe000000, 0x00000005fe000000, 0x00000005fe800000|  0%| F|  |TAMS 0x00000005fe000000, 0x00000005fe000000| Untracked 
| 247|0x00000005fe800000, 0x00000005fe800000, 0x00000005ff000000|  0%| F|  |TAMS 0x00000005fe800000, 0x00000005fe800000| Untracked 
| 248|0x00000005ff000000, 0x00000005ff000000, 0x00000005ff800000|  0%| F|  |TAMS 0x00000005ff000000, 0x00000005ff000000| Untracked 
| 249|0x00000005ff800000, 0x00000005ff800000, 0x0000000600000000|  0%| F|  |TAMS 0x00000005ff800000, 0x00000005ff800000| Untracked 
| 250|0x0000000600000000, 0x0000000600000000, 0x0000000600800000|  0%| F|  |TAMS 0x0000000600000000, 0x0000000600000000| Untracked 
| 251|0x0000000600800000, 0x0000000600800000, 0x0000000601000000|  0%| F|  |TAMS 0x0000000600800000, 0x0000000600800000| Untracked 

Card table byte_map: [0x000002dae49b0000,0x000002dae5da0000] _byte_map_base: 0x000002dae1d98000

Marking Bits (Prev, Next): (CMBitMap*) 0x000002dacca61290, (CMBitMap*) 0x000002dacca612d0
 Prev Bits: [0x000002dae7190000, 0x000002daf10d0000)
 Next Bits: [0x000002daf10d0000, 0x000002dafb010000)

Polling page: 0x000002daca890000

Metaspace:

Usage:
  Non-class:     81.66 MB used.
      Class:     12.80 MB used.
       Both:     94.46 MB used.

Virtual space:
  Non-class space:      128.00 MB reserved,      82.00 MB ( 64%) committed,  2 nodes.
      Class space:        1.00 GB reserved,      13.06 MB (  1%) committed,  1 nodes.
             Both:        1.12 GB reserved,      95.06 MB (  8%) committed. 

Chunk freelists:
   Non-Class:  13.26 MB
       Class:  2.94 MB
        Both:  16.20 MB

MaxMetaspaceSize: unlimited
CompressedClassSpaceSize: 1.00 GB
Initial GC threshold: 21.00 MB
Current GC threshold: 158.38 MB
CDS: on
MetaspaceReclaimPolicy: balanced
 - commit_granule_bytes: 65536.
 - commit_granule_words: 8192.
 - virtual_space_node_default_size: 8388608.
 - enlarge_chunks_in_place: 1.
 - new_chunks_are_fully_committed: 0.
 - uncommit_free_chunks: 1.
 - use_allocation_guard: 0.
 - handle_deallocations: 1.


Internal statistics:

num_allocs_failed_limit: 9.
num_arena_births: 914.
num_arena_deaths: 2.
num_vsnodes_births: 3.
num_vsnodes_deaths: 0.
num_space_committed: 1521.
num_space_uncommitted: 0.
num_chunks_returned_to_freelist: 12.
num_chunks_taken_from_freelist: 4321.
num_chunk_merges: 6.
num_chunk_splits: 3150.
num_chunks_enlarged: 2491.
num_inconsistent_stats: 0.

CodeHeap 'non-profiled nmethods': size=120000Kb used=7806Kb max_used=7806Kb free=112193Kb
 bounds [0x000002dadbd60000, 0x000002dadc500000, 0x000002dae3290000]
CodeHeap 'profiled nmethods': size=120000Kb used=16472Kb max_used=16472Kb free=103527Kb
 bounds [0x000002dad4290000, 0x000002dad52b0000, 0x000002dadb7c0000]
CodeHeap 'non-nmethods': size=5760Kb used=1431Kb max_used=1511Kb free=4328Kb
 bounds [0x000002dadb7c0000, 0x000002dadba30000, 0x000002dadbd60000]
 total_blobs=9289 nmethods=8526 adapters=674
 compilation: enabled
              stopped_count=0, restarted_count=0
 full_count=0

Compilation events (20 events):
Event: 91.728 Thread 0x000002dafd1f05f0 10183  s    4       java.lang.StringBuffer::toString (59 bytes)
Event: 91.748 Thread 0x000002dafd1f05f0 nmethod 10183 0x000002dadc4fa410 code [0x000002dadc4fa5a0, 0x000002dadc4fad78]
Event: 91.748 Thread 0x000002dafd1f05f0 10184       4       java.lang.AbstractStringBuilder::delete (46 bytes)
Event: 91.753 Thread 0x000002dafd1f05f0 nmethod 10184 0x000002dadc4faf90 code [0x000002dadc4fb120, 0x000002dadc4fb318]
Event: 91.865 Thread 0x000002dafd1f05f0 10185   !   4       org.apache.xmlbeans.impl.values.JavaLongHolderEx::set_text (53 bytes)
Event: 91.900 Thread 0x000002dafd1f05f0 nmethod 10185 0x000002dadc4fb490 code [0x000002dadc4fb640, 0x000002dadc4fbdb8]
Event: 91.900 Thread 0x000002dafd1f05f0 10186       4       org.apache.poi.xssf.usermodel.XSSFRow::getRowNum (15 bytes)
Event: 91.931 Thread 0x000002dafd1f05f0 nmethod 10186 0x000002dadc4fc390 code [0x000002dadc4fc560, 0x000002dadc4fcfb8]
Event: 91.931 Thread 0x000002dafd1f05f0 10187   !   4       org.openxmlformats.schemas.spreadsheetml.x2006.main.impl.CTRowImpl::getR (53 bytes)
Event: 91.956 Thread 0x000002dafd1f05f0 nmethod 10187 0x000002dadc4fd510 code [0x000002dadc4fd6e0, 0x000002dadc4fe0d8]
Event: 91.966 Thread 0x000002dafd1f32e0 10188       3       org.apache.xmlbeans.impl.store.Locale::pollQueue (43 bytes)
Event: 91.967 Thread 0x000002dafd1f32e0 nmethod 10188 0x000002dad529f090 code [0x000002dad529f280, 0x000002dad529f858]
Event: 92.178 Thread 0x000002dafd1f32e0 10189 %     3       org.apache.poi.xssf.usermodel.XSSFSheet::initRows @ 93 (148 bytes)
Event: 92.184 Thread 0x000002dafd1f32e0 nmethod 10189% 0x000002dad529fa90 code [0x000002dad529ffc0, 0x000002dad52a3148]
Event: 92.189 Thread 0x000002dafd1f32e0 10190       3       org.apache.poi.xssf.usermodel.XSSFSheet::initRows (148 bytes)
Event: 92.198 Thread 0x000002dafd1f32e0 nmethod 10190 0x000002dad52a4410 code [0x000002dad52a4920, 0x000002dad52a79c8]
Event: 92.328 Thread 0x000002dafd1f05f0 10191 %     4       org.apache.poi.xssf.usermodel.XSSFSheet::initRows @ 93 (148 bytes)
Event: 92.338 Thread 0x000002dafd1f05f0 nmethod 10191% 0x000002dadc4fe610 code [0x000002dadc4fe7c0, 0x000002dadc4feb68]
Event: 92.611 Thread 0x000002dafd1f05f0 10192       4       org.apache.xmlbeans.impl.store.CharUtil::getChars (124 bytes)
Event: 92.623 Thread 0x000002dafd1f05f0 nmethod 10192 0x000002dadc4fee90 code [0x000002dadc4ff040, 0x000002dadc4ff5e8]

GC Heap History (20 events):
Event: 76.745 GC heap after
{Heap after GC invocations=31 (full 0):
 garbage-first heap   total 573440K, used 361947K [0x0000000583000000, 0x0000000800000000)
  region size 8192K, 2 young (16384K), 2 survivors (16384K)
 Metaspace       used 96681K, committed 97280K, reserved 1179648K
  class space    used 13105K, committed 13376K, reserved 1048576K
}
Event: 78.063 GC heap before
{Heap before GC invocations=32 (full 0):
 garbage-first heap   total 647168K, used 402907K [0x0000000583000000, 0x0000000800000000)
  region size 8192K, 7 young (57344K), 2 survivors (16384K)
 Metaspace       used 96683K, committed 97280K, reserved 1179648K
  class space    used 13105K, committed 13376K, reserved 1048576K
}
Event: 78.172 GC heap after
{Heap after GC invocations=33 (full 0):
 garbage-first heap   total 647168K, used 398412K [0x0000000583000000, 0x0000000800000000)
  region size 8192K, 1 young (8192K), 1 survivors (8192K)
 Metaspace       used 96683K, committed 97280K, reserved 1179648K
  class space    used 13105K, committed 13376K, reserved 1048576K
}
Event: 78.852 GC heap before
{Heap before GC invocations=33 (full 0):
 garbage-first heap   total 647168K, used 455756K [0x0000000583000000, 0x0000000800000000)
  region size 8192K, 8 young (65536K), 1 survivors (8192K)
 Metaspace       used 96689K, committed 97280K, reserved 1179648K
  class space    used 13105K, committed 13376K, reserved 1048576K
}
Event: 78.964 GC heap after
{Heap after GC invocations=34 (full 0):
 garbage-first heap   total 647168K, used 446603K [0x0000000583000000, 0x0000000800000000)
  region size 8192K, 1 young (8192K), 1 survivors (8192K)
 Metaspace       used 96689K, committed 97280K, reserved 1179648K
  class space    used 13105K, committed 13376K, reserved 1048576K
}
Event: 84.138 GC heap before
{Heap before GC invocations=35 (full 0):
 garbage-first heap   total 794624K, used 487563K [0x0000000583000000, 0x0000000800000000)
  region size 8192K, 6 young (49152K), 1 survivors (8192K)
 Metaspace       used 96690K, committed 97280K, reserved 1179648K
  class space    used 13105K, committed 13376K, reserved 1048576K
}
Event: 84.219 GC heap after
{Heap after GC invocations=36 (full 0):
 garbage-first heap   total 794624K, used 481603K [0x0000000583000000, 0x0000000800000000)
  region size 8192K, 1 young (8192K), 1 survivors (8192K)
 Metaspace       used 96690K, committed 97280K, reserved 1179648K
  class space    used 13105K, committed 13376K, reserved 1048576K
}
Event: 85.099 GC heap before
{Heap before GC invocations=36 (full 0):
 garbage-first heap   total 794624K, used 555331K [0x0000000583000000, 0x0000000800000000)
  region size 8192K, 10 young (81920K), 1 survivors (8192K)
 Metaspace       used 96690K, committed 97280K, reserved 1179648K
  class space    used 13105K, committed 13376K, reserved 1048576K
}
Event: 85.236 GC heap after
{Heap after GC invocations=37 (full 0):
 garbage-first heap   total 794624K, used 540672K [0x0000000583000000, 0x0000000800000000)
  region size 8192K, 2 young (16384K), 2 survivors (16384K)
 Metaspace       used 96690K, committed 97280K, reserved 1179648K
  class space    used 13105K, committed 13376K, reserved 1048576K
}
Event: 87.370 GC heap before
{Heap before GC invocations=38 (full 0):
 garbage-first heap   total 942080K, used 589824K [0x0000000583000000, 0x0000000800000000)
  region size 8192K, 8 young (65536K), 2 survivors (16384K)
 Metaspace       used 96700K, committed 97280K, reserved 1179648K
  class space    used 13105K, committed 13376K, reserved 1048576K
}
Event: 87.511 GC heap after
{Heap after GC invocations=39 (full 0):
 garbage-first heap   total 942080K, used 586060K [0x0000000583000000, 0x0000000800000000)
  region size 8192K, 1 young (8192K), 1 survivors (8192K)
 Metaspace       used 96700K, committed 97280K, reserved 1179648K
  class space    used 13105K, committed 13376K, reserved 1048576K
}
Event: 89.103 GC heap before
{Heap before GC invocations=39 (full 0):
 garbage-first heap   total 942080K, used 618828K [0x0000000583000000, 0x0000000800000000)
  region size 8192K, 5 young (40960K), 1 survivors (8192K)
 Metaspace       used 96724K, committed 97344K, reserved 1179648K
  class space    used 13106K, committed 13376K, reserved 1048576K
}
Event: 89.192 GC heap after
{Heap after GC invocations=40 (full 0):
 garbage-first heap   total 2064384K, used 603134K [0x0000000583000000, 0x0000000800000000)
  region size 8192K, 1 young (8192K), 1 survivors (8192K)
 Metaspace       used 96724K, committed 97344K, reserved 1179648K
  class space    used 13106K, committed 13376K, reserved 1048576K
}
Event: 91.147 GC heap before
{Heap before GC invocations=40 (full 0):
 garbage-first heap   total 2064384K, used 693246K [0x0000000583000000, 0x0000000800000000)
  region size 8192K, 12 young (98304K), 1 survivors (8192K)
 Metaspace       used 96725K, committed 97344K, reserved 1179648K
  class space    used 13106K, committed 13376K, reserved 1048576K
}
Event: 91.252 GC heap after
{Heap after GC invocations=41 (full 0):
 garbage-first heap   total 2064384K, used 627934K [0x0000000583000000, 0x0000000800000000)
  region size 8192K, 2 young (16384K), 2 survivors (16384K)
 Metaspace       used 96725K, committed 97344K, reserved 1179648K
  class space    used 13106K, committed 13376K, reserved 1048576K
}
Event: 92.375 GC heap before
{Heap before GC invocations=41 (full 0):
 garbage-first heap   total 2064384K, used 709854K [0x0000000583000000, 0x0000000800000000)
  region size 8192K, 12 young (98304K), 2 survivors (16384K)
 Metaspace       used 96727K, committed 97344K, reserved 1179648K
  class space    used 13106K, committed 13376K, reserved 1048576K
}
Event: 92.529 GC heap after
{Heap after GC invocations=42 (full 0):
 garbage-first heap   total 2064384K, used 661014K [0x0000000583000000, 0x0000000800000000)
  region size 8192K, 2 young (16384K), 2 survivors (16384K)
 Metaspace       used 96727K, committed 97344K, reserved 1179648K
  class space    used 13106K, committed 13376K, reserved 1048576K
}
Event: 93.430 GC heap before
{Heap before GC invocations=42 (full 0):
 garbage-first heap   total 2064384K, used 742934K [0x0000000583000000, 0x0000000800000000)
  region size 8192K, 12 young (98304K), 2 survivors (16384K)
 Metaspace       used 96727K, committed 97344K, reserved 1179648K
  class space    used 13106K, committed 13376K, reserved 1048576K
}
Event: 93.593 GC heap after
{Heap after GC invocations=43 (full 0):
 garbage-first heap   total 2064384K, used 699941K [0x0000000583000000, 0x0000000800000000)
  region size 8192K, 2 young (16384K), 2 survivors (16384K)
 Metaspace       used 96727K, committed 97344K, reserved 1179648K
  class space    used 13106K, committed 13376K, reserved 1048576K
}
Event: 94.353 GC heap before
{Heap before GC invocations=43 (full 0):
 garbage-first heap   total 2064384K, used 781861K [0x0000000583000000, 0x0000000800000000)
  region size 8192K, 12 young (98304K), 2 survivors (16384K)
 Metaspace       used 96727K, committed 97344K, reserved 1179648K
  class space    used 13106K, committed 13376K, reserved 1048576K
}

Deoptimization events (20 events):
Event: 90.233 Thread 0x000002dac9bfb560 DEOPT PACKING pc=0x000002dad5285491 sp=0x000000ec5bffc690
Event: 90.233 Thread 0x000002dac9bfb560 DEOPT UNPACKING pc=0x000002dadb8166e3 sp=0x000000ec5bffbb58 mode 0
Event: 91.933 Thread 0x000002dac9bfb560 Uncommon trap: trap_request=0xffffffde fr.pc=0x000002dadc2a05b4 relative=0x0000000000000514
Event: 91.933 Thread 0x000002dac9bfb560 Uncommon trap: reason=class_check action=maybe_recompile pc=0x000002dadc2a05b4 method=org.apache.xmlbeans.impl.store.CharUtil.getChars([CILjava/lang/Object;II)V @ 88 c2
Event: 91.933 Thread 0x000002dac9bfb560 DEOPT PACKING pc=0x000002dadc2a05b4 sp=0x000000ec5bffc600
Event: 91.933 Thread 0x000002dac9bfb560 DEOPT UNPACKING pc=0x000002dadb815ba3 sp=0x000000ec5bffc5b0 mode 2
Event: 91.962 Thread 0x000002dac9bfb560 Uncommon trap: trap_request=0xffffffde fr.pc=0x000002dadc2a05b4 relative=0x0000000000000514
Event: 91.962 Thread 0x000002dac9bfb560 Uncommon trap: reason=class_check action=maybe_recompile pc=0x000002dadc2a05b4 method=org.apache.xmlbeans.impl.store.CharUtil.getChars([CILjava/lang/Object;II)V @ 88 c2
Event: 91.962 Thread 0x000002dac9bfb560 DEOPT PACKING pc=0x000002dadc2a05b4 sp=0x000000ec5bffc600
Event: 91.962 Thread 0x000002dac9bfb560 DEOPT UNPACKING pc=0x000002dadb815ba3 sp=0x000000ec5bffc5b0 mode 2
Event: 92.031 Thread 0x000002dac9bfb560 Uncommon trap: trap_request=0xffffffde fr.pc=0x000002dadc2a05b4 relative=0x0000000000000514
Event: 92.031 Thread 0x000002dac9bfb560 Uncommon trap: reason=class_check action=maybe_recompile pc=0x000002dadc2a05b4 method=org.apache.xmlbeans.impl.store.CharUtil.getChars([CILjava/lang/Object;II)V @ 88 c2
Event: 92.031 Thread 0x000002dac9bfb560 DEOPT PACKING pc=0x000002dadc2a05b4 sp=0x000000ec5bffc600
Event: 92.031 Thread 0x000002dac9bfb560 DEOPT UNPACKING pc=0x000002dadb815ba3 sp=0x000000ec5bffc5b0 mode 2
Event: 92.063 Thread 0x000002dac9bfb560 Uncommon trap: trap_request=0xffffffde fr.pc=0x000002dadc2a05b4 relative=0x0000000000000514
Event: 92.063 Thread 0x000002dac9bfb560 Uncommon trap: reason=class_check action=maybe_recompile pc=0x000002dadc2a05b4 method=org.apache.xmlbeans.impl.store.CharUtil.getChars([CILjava/lang/Object;II)V @ 88 c2
Event: 92.064 Thread 0x000002dac9bfb560 DEOPT PACKING pc=0x000002dadc2a05b4 sp=0x000000ec5bffc600
Event: 92.064 Thread 0x000002dac9bfb560 DEOPT UNPACKING pc=0x000002dadb815ba3 sp=0x000000ec5bffc5b0 mode 2
Event: 92.357 Thread 0x000002dac9bfb560 DEOPT PACKING pc=0x000002dad52a2eba sp=0x000000ec5bffc760
Event: 92.357 Thread 0x000002dac9bfb560 DEOPT UNPACKING pc=0x000002dadb8166e3 sp=0x000000ec5bffbd48 mode 0

Classes unloaded (1 events):
Event: 65.982 Thread 0x000002dafd1cab20 Unloading class 0x000002da81a1c000 'jdk/internal/reflect/GeneratedSerializationConstructorAccessor3'

Classes redefined (0 events):
No events

Internal exceptions (20 events):
Event: 32.202 Thread 0x000002dafeab15f0 Exception <a 'java/net/SocketException'{0x0000000588b21708}: Socket is not connected: shutdown> (0x0000000588b21708) 
thrown [s\open\src\hotspot\share\prims\jni.cpp, line 535]
Event: 33.406 Thread 0x000002dafdc31fc0 Exception <a 'java/lang/NoSuchMethodError'{0x00000005aa910298}: 'long java.lang.invoke.DirectMethodHandle$Holder.invokeStatic(java.lang.Object, java.lang.Object, java.lang.Object)'> (0x00000005aa910298) 
thrown [s\open\src\hotspot\share\interpreter\linkResolver.cpp, line 759]
Event: 33.494 Thread 0x000002dafeab15f0 Exception <a 'java/lang/NoSuchMethodError'{0x00000005aac8dbe8}: 'void java.lang.invoke.DirectMethodHandle$Holder.invokeStatic(java.lang.Object, java.lang.Object, double)'> (0x00000005aac8dbe8) 
thrown [s\open\src\hotspot\share\interpreter\linkResolver.cpp, line 759]
Event: 33.535 Thread 0x000002dafeab15f0 Exception <a 'java/lang/NoSuchMethodError'{0x00000005aace9f78}: 'double java.lang.invoke.DirectMethodHandle$Holder.invokeStatic(java.lang.Object, java.lang.Object, java.lang.Object)'> (0x00000005aace9f78) 
thrown [s\open\src\hotspot\share\interpreter\linkResolver.cpp, line 759]
Event: 33.602 Thread 0x000002dafeab15f0 Exception <a 'java/lang/IncompatibleClassChangeError'{0x00000005aadf1f30}: Found class java.lang.Object, but interface was expected> (0x00000005aadf1f30) 
thrown [s\open\src\hotspot\share\interpreter\linkResolver.cpp, line 826]
Event: 33.615 Thread 0x000002dafeab15f0 Exception <a 'java/lang/NoSuchMethodError'{0x00000005aae16e70}: 'java.lang.Object java.lang.invoke.DirectMethodHandle$Holder.newInvokeSpecial(java.lang.Object, java.lang.Object, int, java.lang.Object, java.lang.Object)'> (0x00000005aae16e70) 
thrown [s\open\src\hotspot\share\interpreter\linkResolver.cpp, line 759]
Event: 33.842 Thread 0x000002dafeab15f0 Exception <a 'java/lang/IncompatibleClassChangeError'{0x00000005a60b52f8}: Found class java.lang.Object, but interface was expected> (0x00000005a60b52f8) 
thrown [s\open\src\hotspot\share\interpreter\linkResolver.cpp, line 826]
Event: 33.900 Thread 0x000002dafeab15f0 Implicit null exception at 0x000002dadbeeae93 to 0x000002dadbeeb668
Event: 60.124 Thread 0x000002dac9bfb560 Exception <a 'java/lang/NoSuchMethodError'{0x0000000588ca0b28}: 'java.lang.Object java.lang.invoke.DirectMethodHandle$Holder.invokeSpecial(java.lang.Object, java.lang.Object, java.lang.Object, java.lang.Object, java.lang.Object, long)'> (0x0000000588ca0b28) 
thrown [s\open\src\hotspot\share\interpreter\linkResolver.cpp, line 759]
Event: 60.126 Thread 0x000002dac9bfb560 Exception <a 'java/lang/NoSuchMethodError'{0x0000000588ca4760}: 'java.lang.Object java.lang.invoke.Invokers$Holder.linkToTargetMethod(java.lang.Object, java.lang.Object, java.lang.Object, long, java.lang.Object)'> (0x0000000588ca4760) 
thrown [s\open\src\hotspot\share\interpreter\linkResolver.cpp, line 759]
Event: 64.497 Thread 0x000002dac9bfb560 Exception <a 'java/lang/IncompatibleClassChangeError'{0x00000005aacf7a38}: Found class java.lang.Object, but interface was expected> (0x00000005aacf7a38) 
thrown [s\open\src\hotspot\share\interpreter\linkResolver.cpp, line 826]
Event: 66.428 Thread 0x000002dac9bfb560 Exception <a 'java/lang/NoSuchMethodError'{0x00000005aa8e55c0}: 'void java.lang.invoke.DirectMethodHandle$Holder.invokeStatic(java.lang.Object, java.lang.Object, java.lang.Object, int)'> (0x00000005aa8e55c0) 
thrown [s\open\src\hotspot\share\interpreter\linkResolver.cpp, line 759]
Event: 66.429 Thread 0x000002dac9bfb560 Exception <a 'java/lang/NoSuchMethodError'{0x00000005aa8e8fd0}: 'void java.lang.invoke.DirectMethodHandle$Holder.invokeStaticInit(java.lang.Object, java.lang.Object, java.lang.Object, int)'> (0x00000005aa8e8fd0) 
thrown [s\open\src\hotspot\share\interpreter\linkResolver.cpp, line 759]
Event: 67.514 Thread 0x000002dac9bfb560 Exception <a 'java/lang/NoSuchMethodError'{0x00000005aab9b3e8}: 'java.lang.Object java.lang.invoke.DirectMethodHandle$Holder.invokeStatic(java.lang.Object, java.lang.Object, int, int)'> (0x00000005aab9b3e8) 
thrown [s\open\src\hotspot\share\interpreter\linkResolver.cpp, line 759]
Event: 67.515 Thread 0x000002dac9bfb560 Exception <a 'java/lang/NoSuchMethodError'{0x00000005aab9f0c0}: 'java.lang.Object java.lang.invoke.DirectMethodHandle$Holder.invokeStaticInit(java.lang.Object, java.lang.Object, int, int)'> (0x00000005aab9f0c0) 
thrown [s\open\src\hotspot\share\interpreter\linkResolver.cpp, line 759]
Event: 70.032 Thread 0x000002dac9bfb560 Implicit null exception at 0x000002dadc0f6b56 to 0x000002dadc0f7610
Event: 70.076 Thread 0x000002dac9bfb560 Implicit null exception at 0x000002dadc0f8e32 to 0x000002dadc0f94bd
Event: 70.634 Thread 0x000002dac9bfb560 Exception <a 'java/lang/NoSuchMethodError'{0x000000059035d6c8}: 'java.lang.Object java.lang.invoke.DirectMethodHandle$Holder.invokeVirtual(java.lang.Object, java.lang.Object, int)'> (0x000000059035d6c8) 
thrown [s\open\src\hotspot\share\interpreter\linkResolver.cpp, line 759]
Event: 70.651 Thread 0x000002dac9bfb560 Exception <a 'java/lang/NoSuchMethodError'{0x0000000590364bd8}: 'void java.lang.invoke.DirectMethodHandle$Holder.invokeVirtual(java.lang.Object, java.lang.Object, int, java.lang.Object)'> (0x0000000590364bd8) 
thrown [s\open\src\hotspot\share\interpreter\linkResolver.cpp, line 759]
Event: 87.127 Thread 0x000002dac9bfb560 Implicit null exception at 0x000002dadc49a701 to 0x000002dadc49b0ec

VM Operations (20 events):
Event: 85.241 Executing VM operation: G1CollectForAllocation done
Event: 86.145 Executing VM operation: G1Concurrent
Event: 86.161 Executing VM operation: G1Concurrent done
Event: 86.650 Executing VM operation: G1Concurrent
Event: 86.658 Executing VM operation: G1Concurrent done
Event: 87.167 Executing VM operation: G1CollectForAllocation
Event: 88.066 Executing VM operation: G1CollectForAllocation done
Event: 89.073 Executing VM operation: Cleanup
Event: 89.098 Executing VM operation: Cleanup done
Event: 89.102 Executing VM operation: G1CollectForAllocation
Event: 89.193 Executing VM operation: G1CollectForAllocation done
Event: 91.147 Executing VM operation: G1CollectForAllocation
Event: 91.252 Executing VM operation: G1CollectForAllocation done
Event: 92.255 Executing VM operation: Cleanup
Event: 92.256 Executing VM operation: Cleanup done
Event: 92.374 Executing VM operation: G1CollectForAllocation
Event: 92.529 Executing VM operation: G1CollectForAllocation done
Event: 93.430 Executing VM operation: G1CollectForAllocation
Event: 93.594 Executing VM operation: G1CollectForAllocation done
Event: 94.352 Executing VM operation: G1CollectForAllocation

Events (20 events):
Event: 70.780 Thread 0x000002dafd1f4840 flushing nmethod 0x000002dadbd7d610
Event: 70.782 loading class java/util/TreeMap$AscendingSubMap
Event: 70.787 Thread 0x000002dafd1f4840 flushing nmethod 0x000002dad439d910
Event: 70.796 Thread 0x000002dafd1f4840 flushing nmethod 0x000002dad4689e10
Event: 70.797 Thread 0x000002dafd1f4840 flushing nmethod 0x000002dad46a6f90
Event: 70.799 Thread 0x000002dafd1f4840 flushing nmethod 0x000002dad48dbc10
Event: 70.800 Thread 0x000002dafd1f4840 flushing nmethod 0x000002dad49cfd90
Event: 70.817 loading class java/util/TreeMap$NavigableSubMap
Event: 70.829 loading class java/util/TreeMap$NavigableSubMap done
Event: 70.829 loading class java/util/TreeMap$AscendingSubMap done
Event: 70.830 loading class java/util/TreeMap$NavigableSubMap$SubMapKeyIterator
Event: 70.831 loading class java/util/TreeMap$NavigableSubMap$SubMapIterator
Event: 70.832 loading class java/util/TreeMap$NavigableSubMap$SubMapIterator done
Event: 70.832 loading class java/util/TreeMap$NavigableSubMap$SubMapKeyIterator done
Event: 72.940 Thread 0x000002dafed4c290 Thread exited: 0x000002dafed4c290
Event: 73.046 Thread 0x000002dafed49f20 Thread exited: 0x000002dafed49f20
Event: 88.207 Thread 0x000002dafed4c290 Thread added: 0x000002dafed4c290
Event: 88.266 Thread 0x000002dac9e7a6c0 Thread added: 0x000002dac9e7a6c0
Event: 90.965 Thread 0x000002dac9e7a6c0 Thread exited: 0x000002dac9e7a6c0
Event: 90.965 Thread 0x000002dafed4c290 Thread exited: 0x000002dafed4c290


Dynamic libraries:
0x00007ff757b50000 - 0x00007ff757b60000 	C:\Program Files\Java\jdk-17\bin\java.exe
0x00007ff9d5040000 - 0x00007ff9d52a7000 	C:\Windows\SYSTEM32\ntdll.dll
0x00007ff9d4420000 - 0x00007ff9d44e9000 	C:\Windows\System32\KERNEL32.DLL
0x00007ff9d27d0000 - 0x00007ff9d2bc0000 	C:\Windows\System32\KERNELBASE.dll
0x00007ff9d2c80000 - 0x00007ff9d2dcb000 	C:\Windows\System32\ucrtbase.dll
0x00007ff9add60000 - 0x00007ff9add79000 	C:\Program Files\Java\jdk-17\bin\jli.dll
0x00007ff9d4990000 - 0x00007ff9d4a44000 	C:\Windows\System32\ADVAPI32.dll
0x00007ff9d3270000 - 0x00007ff9d3319000 	C:\Windows\System32\msvcrt.dll
0x00007ff9d45d0000 - 0x00007ff9d4676000 	C:\Windows\System32\sechost.dll
0x00007ff9d4870000 - 0x00007ff9d4988000 	C:\Windows\System32\RPCRT4.dll
0x00007ff9d2ff0000 - 0x00007ff9d31b5000 	C:\Windows\System32\USER32.dll
0x00007ff9d2450000 - 0x00007ff9d2477000 	C:\Windows\System32\win32u.dll
0x00007ff9d2fc0000 - 0x00007ff9d2feb000 	C:\Windows\System32\GDI32.dll
0x00007ff9d2510000 - 0x00007ff9d2648000 	C:\Windows\System32\gdi32full.dll
0x00007ff9d2bd0000 - 0x00007ff9d2c73000 	C:\Windows\System32\msvcp_win.dll
0x00007ff99e2c0000 - 0x00007ff99e2db000 	C:\Program Files\Java\jdk-17\bin\VCRUNTIME140.dll
0x00007ff9b5aa0000 - 0x00007ff9b5d3a000 	C:\Windows\WinSxS\amd64_microsoft.windows.common-controls_6595b64144ccf1df_6.0.26100.4768_none_3e0c112ce331287c\COMCTL32.dll
0x00007ff9c19e0000 - 0x00007ff9c19eb000 	C:\Windows\SYSTEM32\VERSION.dll
0x00007ff9d4580000 - 0x00007ff9d45af000 	C:\Windows\System32\IMM32.DLL
0x00007ff9ba4e0000 - 0x00007ff9ba4ec000 	C:\Program Files\Java\jdk-17\bin\vcruntime140_1.dll
0x00007ff950f80000 - 0x00007ff95100e000 	C:\Program Files\Java\jdk-17\bin\msvcp140.dll
0x00007ff916df0000 - 0x00007ff9179d1000 	C:\Program Files\Java\jdk-17\bin\server\jvm.dll
0x00007ff9d4340000 - 0x00007ff9d4348000 	C:\Windows\System32\PSAPI.DLL
0x00007ff9cc540000 - 0x00007ff9cc54a000 	C:\Windows\SYSTEM32\WSOCK32.dll
0x00007ff9d4680000 - 0x00007ff9d46f4000 	C:\Windows\System32\WS2_32.dll
0x00007ff9bbd60000 - 0x00007ff9bbd95000 	C:\Windows\SYSTEM32\WINMM.dll
0x00007ff9d0eb0000 - 0x00007ff9d0ecb000 	C:\Windows\SYSTEM32\kernel.appcore.dll
0x00007ff9b9710000 - 0x00007ff9b971a000 	C:\Program Files\Java\jdk-17\bin\jimage.dll
0x00007ff9cf830000 - 0x00007ff9cfa71000 	C:\Windows\SYSTEM32\DBGHELP.DLL
0x00007ff9d35d0000 - 0x00007ff9d3955000 	C:\Windows\System32\combase.dll
0x00007ff9d34d0000 - 0x00007ff9d35b0000 	C:\Windows\System32\OLEAUT32.dll
0x00007ff997380000 - 0x00007ff9973c3000 	C:\Windows\SYSTEM32\dbgcore.DLL
0x00007ff9d2170000 - 0x00007ff9d2209000 	C:\Windows\System32\bcryptPrimitives.dll
0x00007ff99b6f0000 - 0x00007ff99b715000 	C:\Program Files\Java\jdk-17\bin\java.dll
0x00007ff9302d0000 - 0x00007ff9303a7000 	C:\Program Files\Java\jdk-17\bin\jsvml.dll
0x00007ff9d3960000 - 0x00007ff9d40ad000 	C:\Windows\System32\SHELL32.dll
0x00007ff9d2210000 - 0x00007ff9d2383000 	C:\Windows\System32\wintypes.dll
0x00007ff9cfd10000 - 0x00007ff9d056f000 	C:\Windows\SYSTEM32\windows.storage.dll
0x00007ff9d4220000 - 0x00007ff9d4315000 	C:\Windows\System32\SHCORE.dll
0x00007ff9d4800000 - 0x00007ff9d486a000 	C:\Windows\System32\shlwapi.dll
0x00007ff9d2090000 - 0x00007ff9d20b9000 	C:\Windows\SYSTEM32\profapi.dll
0x00007ff99c220000 - 0x00007ff99c239000 	C:\Program Files\Java\jdk-17\bin\net.dll
0x00007ff9c36d0000 - 0x00007ff9c37ee000 	C:\Windows\SYSTEM32\WINHTTP.dll
0x00007ff9d1420000 - 0x00007ff9d148b000 	C:\Windows\system32\mswsock.dll
0x00007ff99b7d0000 - 0x00007ff99b7e6000 	C:\Program Files\Java\jdk-17\bin\nio.dll
0x00007ff99aba0000 - 0x00007ff99abb8000 	C:\Program Files\Java\jdk-17\bin\zip.dll
0x00007ff99de00000 - 0x00007ff99de0a000 	C:\Program Files\Java\jdk-17\bin\management.dll
0x00007ff99dc20000 - 0x00007ff99dc2b000 	C:\Program Files\Java\jdk-17\bin\management_ext.dll
0x00007ff9d08a0000 - 0x00007ff9d08d3000 	C:\Windows\SYSTEM32\IPHLPAPI.DLL
0x00007ff9d45c0000 - 0x00007ff9d45ca000 	C:\Windows\System32\NSI.dll
0x00007ff9cc210000 - 0x00007ff9cc22f000 	C:\Windows\SYSTEM32\dhcpcsvc6.DLL
0x00007ff9cc010000 - 0x00007ff9cc035000 	C:\Windows\SYSTEM32\dhcpcsvc.DLL
0x00007ff9d0930000 - 0x00007ff9d0a56000 	C:\Windows\SYSTEM32\DNSAPI.dll
0x00007ff9c2270000 - 0x00007ff9c227b000 	C:\Windows\System32\rasadhlp.dll
0x00007ff9cc310000 - 0x00007ff9cc396000 	C:\Windows\System32\fwpuclnt.dll
0x00007ff99d890000 - 0x00007ff99d89e000 	C:\Program Files\Java\jdk-17\bin\sunmscapi.dll
0x00007ff9d2650000 - 0x00007ff9d27c7000 	C:\Windows\System32\CRYPT32.dll
0x00007ff9d1960000 - 0x00007ff9d1990000 	C:\Windows\SYSTEM32\ncrypt.dll
0x00007ff9d1910000 - 0x00007ff9d194f000 	C:\Windows\SYSTEM32\NTASN1.dll
0x00007ff9d1800000 - 0x00007ff9d181b000 	C:\Windows\SYSTEM32\CRYPTSP.dll
0x00007ff9d0e10000 - 0x00007ff9d0e4b000 	C:\Windows\system32\rsaenh.dll
0x00007ff9d14c0000 - 0x00007ff9d14eb000 	C:\Windows\SYSTEM32\USERENV.dll
0x00007ff9d2060000 - 0x00007ff9d2086000 	C:\Windows\SYSTEM32\bcrypt.dll
0x00007ff9d1660000 - 0x00007ff9d166c000 	C:\Windows\SYSTEM32\CRYPTBASE.dll
0x00007ff99ddc0000 - 0x00007ff99ddd8000 	C:\Windows\system32\napinsp.dll
0x00007ff99dd20000 - 0x00007ff99dd40000 	C:\Windows\system32\wshbth.dll
0x00007ff99dea0000 - 0x00007ff99ded0000 	C:\Windows\system32\nlansp_c.dll
0x00007ff99dd00000 - 0x00007ff99dd12000 	C:\Windows\System32\winrnr.dll
0x00007ff99c410000 - 0x00007ff99c420000 	C:\Program Files\Java\jdk-17\bin\verify.dll
0x00007ff950380000 - 0x00007ff950388000 	C:\Windows\system32\wshunix.dll

dbghelp: loaded successfully - version: 4.0.5 - missing functions: none
symbol engine: initialized successfully - sym options: 0x614 - pdb path: .;C:\Program Files\Java\jdk-17\bin;C:\Windows\SYSTEM32;C:\Windows\WinSxS\amd64_microsoft.windows.common-controls_6595b64144ccf1df_6.0.26100.4768_none_3e0c112ce331287c;C:\Program Files\Java\jdk-17\bin\server

VM Arguments:
jvm_args: -XX:+ShowCodeDetailsInExceptionMessages 
java_command: com.manamer.backend.business.sellout.SelloutApplication
java_class_path (initial): C:\Users\Fernanda Jama\OneDrive - Manamer\Documentos\PROYECTOS 2025-2026\sellout1\backend\business\sellout\target\classes;C:\Users\Fernanda Jama\.m2\repository\org\springframework\boot\spring-boot-starter\3.2.4\spring-boot-starter-3.2.4.jar;C:\Users\Fernanda Jama\.m2\repository\org\springframework\boot\spring-boot\3.2.4\spring-boot-3.2.4.jar;C:\Users\Fernanda Jama\.m2\repository\org\springframework\boot\spring-boot-autoconfigure\3.2.4\spring-boot-autoconfigure-3.2.4.jar;C:\Users\Fernanda Jama\.m2\repository\org\springframework\boot\spring-boot-starter-logging\3.2.4\spring-boot-starter-logging-3.2.4.jar;C:\Users\Fernanda Jama\.m2\repository\ch\qos\logback\logback-classic\1.4.14\logback-classic-1.4.14.jar;C:\Users\Fernanda Jama\.m2\repository\ch\qos\logback\logback-core\1.4.14\logback-core-1.4.14.jar;C:\Users\Fernanda Jama\.m2\repository\org\apache\logging\log4j\log4j-to-slf4j\2.23.1\log4j-to-slf4j-2.23.1.jar;C:\Users\Fernanda Jama\.m2\repository\org\slf4j\jul-to-slf4j\2.0.12\jul-to-slf4j-2.0.12.jar;C:\Users\Fernanda Jama\.m2\repository\jakarta\annotation\jakarta.annotation-api\2.1.1\jakarta.annotation-api-2.1.1.jar;C:\Users\Fernanda Jama\.m2\repository\org\springframework\spring-core\6.1.11\spring-core-6.1.11.jar;C:\Users\Fernanda Jama\.m2\repository\org\springframework\spring-jcl\6.1.11\spring-jcl-6.1.11.jar;C:\Users\Fernanda Jama\.m2\repository\org\yaml\snakeyaml\2.2\snakeyaml-2.2.jar;C:\Users\Fernanda Jama\.m2\repository\com\microsoft\sqlserver\mssql-jdbc\12.4.2.jre11\mssql-jdbc-12.4.2.jre11.jar;C:\Users\Fernanda Jama\.m2\repository\org\projectlombok\lombok\1.18.28\lombok-1.18.28.jar;C:\Users\Fernanda Jama\.m2\repository\org\springframework\boot\spring-boot-starter-data-jpa\3.2.4\spring-boot-starter-data-jpa-3.2.4.jar;C:\Users\Fernanda Jama\.m2\repository\org\springframework\boot\spring-boot-starter-aop\3.2.4\spring-boot-starter-aop-3.2.4.jar;C:\Users\Fernanda Jama\.m2\repository\org\aspectj\aspectjweaver\1.9.21\aspectjweaver-1.9.21.ja
Launcher Type: SUN_STANDARD

[Global flags]
     intx CICompilerCount                          = 4                                         {product} {ergonomic}
     uint ConcGCThreads                            = 2                                         {product} {ergonomic}
     uint G1ConcRefinementThreads                  = 8                                         {product} {ergonomic}
   size_t G1HeapRegionSize                         = 8388608                                   {product} {ergonomic}
    uintx GCDrainStackTargetSize                   = 64                                        {product} {ergonomic}
   size_t InitialHeapSize                          = 671088640                                 {product} {ergonomic}
   size_t MarkStackSize                            = 4194304                                   {product} {ergonomic}
   size_t MaxHeapSize                              = 10687086592                               {product} {ergonomic}
   size_t MaxNewSize                               = 6408896512                                {product} {ergonomic}
   size_t MinHeapDeltaBytes                        = 8388608                                   {product} {ergonomic}
   size_t MinHeapSize                              = 8388608                                   {product} {ergonomic}
    uintx NonNMethodCodeHeapSize                   = 5839372                                {pd product} {ergonomic}
    uintx NonProfiledCodeHeapSize                  = 122909434                              {pd product} {ergonomic}
    uintx ProfiledCodeHeapSize                     = 122909434                              {pd product} {ergonomic}
    uintx ReservedCodeCacheSize                    = 251658240                              {pd product} {ergonomic}
     bool SegmentedCodeCache                       = true                                      {product} {ergonomic}
     bool ShowCodeDetailsInExceptionMessages       = true                                   {manageable} {command line}
   size_t SoftMaxHeapSize                          = 10687086592                            {manageable} {ergonomic}
     bool UseCompressedClassPointers               = true                           {product lp64_product} {ergonomic}
     bool UseCompressedOops                        = true                           {product lp64_product} {ergonomic}
     bool UseG1GC                                  = true                                      {product} {ergonomic}
     bool UseLargePagesIndividualAllocation        = false                                  {pd product} {ergonomic}

Logging:
Log output configuration:
 #0: stdout all=warning uptime,level,tags
 #1: stderr all=off uptime,level,tags

Environment Variables:
JAVA_HOME=C:\\Program Files\\Java\\jdk-17
CLASSPATH=C:\Program Files\SAP\SAP Business One DI API\JCO\LIB\sbowrapper.jar;C:\Program Files\SAP\SAP Business One DI API\JCO\LIB\sboapi.jar
PATH=C:\\Program Files\\Java\\jdk-17\\bin;C:\\Users\\Fernanda Jama\\.trae\\tools\\maven\\latest\\bin;C:\\Users\\Fernanda Jama\\.trae\\tools\\gradle\\latest\\bin;C:\Program Files\Java\jdk-17\bin;C:\Users\Fernanda Jama\.trae\tools\maven\latest\bin;C:\Users\Fernanda Jama\.trae\tools\gradle\latest\bin;C:\Python313\Scripts\;C:\Python313\;C:\Program Files\Microsoft MPI\Bin\;C:\Program Files\Common Files\Oracle\Java\javapath;C:\Windows\system32;C:\Windows;C:\Windows\System32\Wbem;C:\Windows\System32\WindowsPowerShell\v1.0\;C:\Windows\System32\OpenSSH\;C:\Program Files\Microsoft SQL Server\Client SDK\ODBC\170\Tools\Binn\;C:\Program Files (x86)\Microsoft SQL Server\150\Tools\Binn\;C:\Program Files\Microsoft SQL Server\150\Tools\Binn\;C:\Program Files\Microsoft SQL Server\150\DTS\Binn\;C:\Program Files (x86)\Microsoft SQL Server\160\DTS\Binn\;C:\Program Files\nodejs\;C:\ProgramData\chocolatey\bin;C:\Program Files\SAP\SAP Business One DI API\JCO\LIB\;C:\Program Files\SAP\SAP Business One DI API\DI API 90;C:\Program Files\SAP\SAP Business One\;C:\Program Files\apache-maven-3.8.8-bin\apache-maven-3.8.8\bin;C:\Users\Fernanda Jama\AppData\Local\Microsoft\WindowsApps;C:\Users\Fernanda Jama\AppData\Local\GitHubDesktop\bin;C:\Users\Fernanda Jama\AppData\Local\Programs\Microsoft VS Code\bin;C:\Users\Fernanda Jama\AppData\Roaming\npm
USERNAME=Fernanda Jama
LANG=en_US.UTF-8
OS=Windows_NT
PROCESSOR_IDENTIFIER=Intel64 Family 6 Model 140 Stepping 1, GenuineIntel



---------------  S Y S T E M  ---------------

OS:
 Windows 11 , 64 bit Build 26100 (10.0.26100.4768)
OS uptime: 0 days 8:14 hours
Hyper-V role detected

CPU: total 8 (initial active 8) (4 cores per cpu, 2 threads per core) family 6 model 140 stepping 1 microcode 0xb8, cx8, cmov, fxsr, ht, mmx, 3dnowpref, sse, sse2, sse3, ssse3, sse4.1, sse4.2, popcnt, lzcnt, tsc, tscinvbit, avx, avx2, aes, erms, clmul, bmi1, bmi2, adx, avx512f, avx512dq, avx512cd, avx512bw, avx512vl, sha, fma, vzeroupper, avx512_vpopcntdq, avx512_vpclmulqdq, avx512_vaes, avx512_vnni, clflush, clflushopt, clwb, avx512_vbmi2, avx512_vbmi, hv

Memory: 4k page, system-wide physical 40743M (2662M free)
TotalPageFile size 101623M (AvailPageFile size 1215M)
current process WorkingSet (physical memory assigned to process): 1178M, peak: 1178M
current process commit charge ("private bytes"): 2352M, peak: 3704M

vm_info: Java HotSpot(TM) 64-Bit Server VM (17.0.15+9-LTS-241) for windows-amd64 JRE (17.0.15+9-LTS-241), built on Feb 20 2025 10:49:54 by "mach5one" with MS VC++ 17.6 (VS2022)

END.
