#
# There is insufficient memory for the Java Runtime Environment to continue.
# Native memory allocation (malloc) failed to allocate 32744 bytes for ChunkPool::allocate
# Possible reasons:
#   The system is out of physical RAM or swap space
#   The process is running with CompressedOops enabled, and the Java Heap may be blocking the growth of the native heap
# Possible solutions:
#   Reduce memory load on the system
#   Increase physical memory or swap space
#   Check if swap backing store is full
#   Decrease Java heap size (-Xmx/-Xms)
#   Decrease number of Java threads
#   Decrease Java thread stack sizes (-Xss)
#   Set larger code cache with -XX:ReservedCodeCacheSize=
#   JVM is running with Zero Based Compressed Oops mode in which the Java heap is
#     placed in the first 32GB address space. The Java Heap base address is the
#     maximum limit for the native heap growth. Please use -XX:HeapBaseMinAddress
#     to set the Java Heap base and to place the Java Heap above 32GB virtual address.
# This output file may be truncated or incomplete.
#
#  Out of Memory Error (arena.cpp:78), pid=18912, tid=21876
#
# JRE version: Java(TM) SE Runtime Environment (17.0.11+7) (build 17.0.11+7-LTS-207)
# Java VM: Java HotSpot(TM) 64-Bit Server VM (17.0.11+7-LTS-207, mixed mode, sharing, tiered, compressed oops, compressed class ptrs, g1 gc, windows-amd64)
# No core dump will be written. Minidumps are not enabled by default on client versions of Windows
#

---------------  S U M M A R Y ------------

Command Line: -XX:+ShowCodeDetailsInExceptionMessages com.manamer.sellout.infraestructure.eurekaserver.EurekaserverApplication

Host: 11th Gen Intel(R) Core(TM) i7-1165G7 @ 2.80GHz, 8 cores, 31G,  Windows 11 , 64 bit Build 26100 (10.0.26100.3912)
Time: Wed May  7 16:49:51 2025 Hora est. Pacífico, Sudamérica elapsed time: 164.591807 seconds (0d 0h 2m 44s)

---------------  T H R E A D  ---------------

Current thread (0x00000152b90a56f0):  JavaThread "C2 CompilerThread0" daemon [_thread_in_native, id=21876, stack(0x0000003ea4e00000,0x0000003ea4f00000)]


Current CompileTask:
C2: 164591 8017   !   4       java.util.concurrent.ConcurrentHashMap::replaceNode (437 bytes)

Stack: [0x0000003ea4e00000,0x0000003ea4f00000]
Native frames: (J=compiled Java code, j=interpreted, Vv=VM code, C=native code)
V  [jvm.dll+0x679cca]
V  [jvm.dll+0x7da13d]
V  [jvm.dll+0x7dba83]
V  [jvm.dll+0x7dc0f3]
V  [jvm.dll+0x2449af]
V  [jvm.dll+0xaba8c]
V  [jvm.dll+0xabe1c]
V  [jvm.dll+0x11d905]
V  [jvm.dll+0x6a356e]
V  [jvm.dll+0x1ba097]
V  [jvm.dll+0x216337]
V  [jvm.dll+0x21560f]
V  [jvm.dll+0x1a2040]
V  [jvm.dll+0x225a2b]
V  [jvm.dll+0x223bcb]
V  [jvm.dll+0x7903ec]
V  [jvm.dll+0x78a85a]
V  [jvm.dll+0x678bb5]
C  [ucrtbase.dll+0x37b0]
C  [KERNEL32.DLL+0x2e8d7]
C  [ntdll.dll+0x9c5dc]


---------------  P R O C E S S  ---------------

Threads class SMR info:
_java_thread_list=0x00000152ff4efba0, length=61, elements={
0x00000152b90863d0, 0x00000152b9086f90, 0x00000152b909d9d0, 0x00000152b909e590,
0x00000152b90a1060, 0x00000152b90a3a30, 0x00000152b90a56f0, 0x00000152bba09f40,
0x00000152bba20460, 0x00000152bbaea9d0, 0x00000152bbb03cd0, 0x00000152fdd6d530,
0x00000152fdd6e970, 0x00000152fdd6b6d0, 0x00000152fdd6cb10, 0x00000152fdd6c600,
0x00000152fdd6bbe0, 0x00000152ff116550, 0x00000152ff116f70, 0x00000152ff1183b0,
0x00000152ff116040, 0x00000152ff118dd0, 0x00000152ff1188c0, 0x00000152ff117480,
0x00000152ff117990, 0x00000152ff11a210, 0x00000152ff1192e0, 0x00000152ff117ea0,
0x00000152ff116a60, 0x00000152ff11c070, 0x00000152ff11b140, 0x00000152ff11b650,
0x00000152ff11c580, 0x00000152ff11cfa0, 0x00000152ff11bb60, 0x00000152ff11ca90,
0x00000152ff11d4b0, 0x00000152ff11d9c0, 0x00000152ff11a720, 0x00000152ff11ac30,
0x00000152fdae8e50, 0x00000152fdae9d80, 0x00000152fdae8940, 0x00000152fdae7a10,
0x00000152fdae65d0, 0x00000152fdae6ff0, 0x00000152fdae9360, 0x00000152fdae7500,
0x00000152fdae7f20, 0x00000152fdae8430, 0x00000152fdaea290, 0x00000152fdae6ae0,
0x00000152fdaec600, 0x00000152fdaed020, 0x00000152fdaed530, 0x00000152fdaec0f0,
0x00000152fdaea7a0, 0x00000152fdaeda40, 0x00000152fdaecb10, 0x00000152fdae9870,
0x00000152fdaedf50
}

Java Threads: ( => current thread )
  0x00000152b90863d0 JavaThread "Reference Handler" daemon [_thread_blocked, id=8916, stack(0x0000003ea4800000,0x0000003ea4900000)]
  0x00000152b9086f90 JavaThread "Finalizer" daemon [_thread_blocked, id=10172, stack(0x0000003ea4900000,0x0000003ea4a00000)]
  0x00000152b909d9d0 JavaThread "Signal Dispatcher" daemon [_thread_blocked, id=5448, stack(0x0000003ea4a00000,0x0000003ea4b00000)]
  0x00000152b909e590 JavaThread "Attach Listener" daemon [_thread_blocked, id=11932, stack(0x0000003ea4b00000,0x0000003ea4c00000)]
  0x00000152b90a1060 JavaThread "Service Thread" daemon [_thread_blocked, id=23840, stack(0x0000003ea4c00000,0x0000003ea4d00000)]
  0x00000152b90a3a30 JavaThread "Monitor Deflation Thread" daemon [_thread_blocked, id=12796, stack(0x0000003ea4d00000,0x0000003ea4e00000)]
=>0x00000152b90a56f0 JavaThread "C2 CompilerThread0" daemon [_thread_in_native, id=21876, stack(0x0000003ea4e00000,0x0000003ea4f00000)]
  0x00000152bba09f40 JavaThread "C1 CompilerThread0" daemon [_thread_blocked, id=18936, stack(0x0000003ea4f00000,0x0000003ea5000000)]
  0x00000152bba20460 JavaThread "Sweeper thread" daemon [_thread_blocked, id=18896, stack(0x0000003ea5000000,0x0000003ea5100000)]
  0x00000152bbaea9d0 JavaThread "Notification Thread" daemon [_thread_blocked, id=15700, stack(0x0000003ea5100000,0x0000003ea5200000)]
  0x00000152bbb03cd0 JavaThread "Common-Cleaner" daemon [_thread_blocked, id=10064, stack(0x0000003ea5300000,0x0000003ea5400000)]
  0x00000152fdd6d530 JavaThread "Catalina-utility-1" [_thread_blocked, id=7272, stack(0x0000003ea6200000,0x0000003ea6300000)]
  0x00000152fdd6e970 JavaThread "Catalina-utility-2" [_thread_blocked, id=8964, stack(0x0000003ea6300000,0x0000003ea6400000)]
  0x00000152fdd6b6d0 JavaThread "container-0" [_thread_blocked, id=22112, stack(0x0000003ea6400000,0x0000003ea6500000)]
  0x00000152fdd6cb10 JavaThread "spring.cloud.inetutils" daemon [_thread_blocked, id=20440, stack(0x0000003ea6500000,0x0000003ea6600000)]
  0x00000152fdd6c600 JavaThread "Live Reload Server" daemon [_thread_in_native, id=16196, stack(0x0000003ea6800000,0x0000003ea6900000)]
  0x00000152fdd6bbe0 JavaThread "Eureka-DeltaRetentionTimer" daemon [_thread_blocked, id=23636, stack(0x0000003ea6700000,0x0000003ea6800000)]
  0x00000152ff116550 JavaThread "Eureka-EvictionTimer" daemon [_thread_blocked, id=23976, stack(0x0000003ea6900000,0x0000003ea6a00000)]
  0x00000152ff116f70 JavaThread "Eureka-MeasureRateTimer" daemon [_thread_blocked, id=9172, stack(0x0000003ea6a00000,0x0000003ea6b00000)]
  0x00000152ff1183b0 JavaThread "ReplicaAwareInstanceRegistry - RenewalThresholdUpdater" daemon [_thread_blocked, id=20120, stack(0x0000003ea6b00000,0x0000003ea6c00000)]
  0x00000152ff116040 JavaThread "Eureka-MeasureRateTimer" daemon [_thread_blocked, id=8764, stack(0x0000003ea6c00000,0x0000003ea6d00000)]
  0x00000152ff118dd0 JavaThread "Eureka-Jersey3Client-Conn-Cleaner2" daemon [_thread_blocked, id=1948, stack(0x0000003ea6d00000,0x0000003ea6e00000)]
  0x00000152ff1188c0 JavaThread "TaskAcceptor-target_localhost" daemon [_thread_blocked, id=17664, stack(0x0000003ea6e00000,0x0000003ea6f00000)]
  0x00000152ff117480 JavaThread "StatsMonitor-0" daemon [_thread_blocked, id=20088, stack(0x0000003ea6f00000,0x0000003ea7000000)]
  0x00000152ff117990 JavaThread "TaskBatchingWorker-target_localhost-0" daemon [_thread_blocked, id=16980, stack(0x0000003ea7000000,0x0000003ea7100000)]
  0x00000152ff11a210 JavaThread "TaskBatchingWorker-target_localhost-1" daemon [_thread_blocked, id=16028, stack(0x0000003ea7100000,0x0000003ea7200000)]
  0x00000152ff1192e0 JavaThread "TaskBatchingWorker-target_localhost-2" daemon [_thread_blocked, id=13396, stack(0x0000003ea7200000,0x0000003ea7300000)]
  0x00000152ff117ea0 JavaThread "TaskBatchingWorker-target_localhost-3" daemon [_thread_blocked, id=20496, stack(0x0000003ea7300000,0x0000003ea7400000)]
  0x00000152ff116a60 JavaThread "TaskBatchingWorker-target_localhost-4" daemon [_thread_blocked, id=20216, stack(0x0000003ea7400000,0x0000003ea7500000)]
  0x00000152ff11c070 JavaThread "TaskBatchingWorker-target_localhost-5" daemon [_thread_blocked, id=14708, stack(0x0000003ea7500000,0x0000003ea7600000)]
  0x00000152ff11b140 JavaThread "TaskBatchingWorker-target_localhost-6" daemon [_thread_blocked, id=21808, stack(0x0000003ea7600000,0x0000003ea7700000)]
  0x00000152ff11b650 JavaThread "TaskBatchingWorker-target_localhost-7" daemon [_thread_blocked, id=23816, stack(0x0000003ea7700000,0x0000003ea7800000)]
  0x00000152ff11c580 JavaThread "TaskBatchingWorker-target_localhost-8" daemon [_thread_blocked, id=18992, stack(0x0000003ea7800000,0x0000003ea7900000)]
  0x00000152ff11cfa0 JavaThread "TaskBatchingWorker-target_localhost-9" daemon [_thread_blocked, id=23680, stack(0x0000003ea7900000,0x0000003ea7a00000)]
  0x00000152ff11bb60 JavaThread "TaskBatchingWorker-target_localhost-10" daemon [_thread_blocked, id=12196, stack(0x0000003ea7a00000,0x0000003ea7b00000)]
  0x00000152ff11ca90 JavaThread "TaskBatchingWorker-target_localhost-11" daemon [_thread_blocked, id=23396, stack(0x0000003ea7b00000,0x0000003ea7c00000)]
  0x00000152ff11d4b0 JavaThread "TaskBatchingWorker-target_localhost-12" daemon [_thread_blocked, id=20056, stack(0x0000003ea7c00000,0x0000003ea7d00000)]
  0x00000152ff11d9c0 JavaThread "TaskBatchingWorker-target_localhost-13" daemon [_thread_blocked, id=8876, stack(0x0000003ea7d00000,0x0000003ea7e00000)]
  0x00000152ff11a720 JavaThread "TaskBatchingWorker-target_localhost-14" daemon [_thread_blocked, id=4960, stack(0x0000003ea7e00000,0x0000003ea7f00000)]
  0x00000152ff11ac30 JavaThread "TaskBatchingWorker-target_localhost-15" daemon [_thread_blocked, id=22960, stack(0x0000003ea7f00000,0x0000003ea8000000)]
  0x00000152fdae8e50 JavaThread "TaskBatchingWorker-target_localhost-16" daemon [_thread_blocked, id=20492, stack(0x0000003ea8000000,0x0000003ea8100000)]
  0x00000152fdae9d80 JavaThread "TaskBatchingWorker-target_localhost-17" daemon [_thread_blocked, id=3852, stack(0x0000003ea8100000,0x0000003ea8200000)]
  0x00000152fdae8940 JavaThread "TaskBatchingWorker-target_localhost-18" daemon [_thread_in_native, id=6304, stack(0x0000003ea8200000,0x0000003ea8300000)]
  0x00000152fdae7a10 JavaThread "TaskBatchingWorker-target_localhost-19" daemon [_thread_blocked, id=10048, stack(0x0000003ea8300000,0x0000003ea8400000)]
  0x00000152fdae65d0 JavaThread "TaskAcceptor-localhost" daemon [_thread_blocked, id=7572, stack(0x0000003ea8400000,0x0000003ea8500000)]
  0x00000152fdae6ff0 JavaThread "TaskNonBatchingWorker-localhost-0" daemon [_thread_blocked, id=23124, stack(0x0000003ea8500000,0x0000003ea8600000)]
  0x00000152fdae9360 JavaThread "Eureka-PeerNodesUpdater" daemon [_thread_blocked, id=20396, stack(0x0000003ea8600000,0x0000003ea8700000)]
  0x00000152fdae7500 JavaThread "Eureka-CacheFillTimer" daemon [_thread_blocked, id=14532, stack(0x0000003ea8700000,0x0000003ea8800000)]
  0x00000152fdae7f20 JavaThread "http-nio-8762-exec-1" daemon [_thread_blocked, id=22860, stack(0x0000003ea8900000,0x0000003ea8a00000)]
  0x00000152fdae8430 JavaThread "http-nio-8762-exec-2" daemon [_thread_blocked, id=9784, stack(0x0000003ea8a00000,0x0000003ea8b00000)]
  0x00000152fdaea290 JavaThread "http-nio-8762-exec-3" daemon [_thread_blocked, id=14404, stack(0x0000003ea8b00000,0x0000003ea8c00000)]
  0x00000152fdae6ae0 JavaThread "http-nio-8762-exec-4" daemon [_thread_blocked, id=15260, stack(0x0000003ea8c00000,0x0000003ea8d00000)]
  0x00000152fdaec600 JavaThread "http-nio-8762-exec-5" daemon [_thread_blocked, id=1576, stack(0x0000003ea8d00000,0x0000003ea8e00000)]
  0x00000152fdaed020 JavaThread "http-nio-8762-exec-6" daemon [_thread_blocked, id=21868, stack(0x0000003ea8e00000,0x0000003ea8f00000)]
  0x00000152fdaed530 JavaThread "http-nio-8762-exec-7" daemon [_thread_blocked, id=10728, stack(0x0000003ea8f00000,0x0000003ea9000000)]
  0x00000152fdaec0f0 JavaThread "http-nio-8762-exec-8" daemon [_thread_blocked, id=6328, stack(0x0000003ea9000000,0x0000003ea9100000)]
  0x00000152fdaea7a0 JavaThread "http-nio-8762-exec-9" daemon [_thread_blocked, id=9676, stack(0x0000003ea9100000,0x0000003ea9200000)]
  0x00000152fdaeda40 JavaThread "http-nio-8762-exec-10" daemon [_thread_blocked, id=13892, stack(0x0000003ea9200000,0x0000003ea9300000)]
  0x00000152fdaecb10 JavaThread "http-nio-8762-Poller" daemon [_thread_in_native, id=20992, stack(0x0000003ea8800000,0x0000003ea8900000)]
  0x00000152fdae9870 JavaThread "http-nio-8762-Acceptor" daemon [_thread_in_native, id=6392, stack(0x0000003ea9300000,0x0000003ea9400000)]
  0x00000152fdaedf50 JavaThread "DestroyJavaVM" [_thread_blocked, id=19684, stack(0x0000003ea4100000,0x0000003ea4200000)]

Other Threads:
  0x00000152b907a520 VMThread "VM Thread" [stack: 0x0000003ea4700000,0x0000003ea4800000] [id=22376]
  0x00000152b8f00420 WatcherThread [stack: 0x0000003ea5200000,0x0000003ea5300000] [id=8036]
  0x000001528ee4ce70 GCTaskThread "GC Thread#0" [stack: 0x0000003ea4200000,0x0000003ea4300000] [id=4808]
  0x00000152fdba1650 GCTaskThread "GC Thread#1" [stack: 0x0000003ea5600000,0x0000003ea5700000] [id=13500]
  0x00000152fd90e6d0 GCTaskThread "GC Thread#2" [stack: 0x0000003ea5700000,0x0000003ea5800000] [id=14396]
  0x00000152fd90e990 GCTaskThread "GC Thread#3" [stack: 0x0000003ea5800000,0x0000003ea5900000] [id=2984]
  0x00000152fdc6dcb0 GCTaskThread "GC Thread#4" [stack: 0x0000003ea5900000,0x0000003ea5a00000] [id=20104]
  0x00000152fdc6df70 GCTaskThread "GC Thread#5" [stack: 0x0000003ea5a00000,0x0000003ea5b00000] [id=18484]
  0x00000152fdc6e630 GCTaskThread "GC Thread#6" [stack: 0x0000003ea5b00000,0x0000003ea5c00000] [id=16388]
  0x00000152fdc6e8f0 GCTaskThread "GC Thread#7" [stack: 0x0000003ea5c00000,0x0000003ea5d00000] [id=19256]
  0x000001528ee4dd90 ConcurrentGCThread "G1 Main Marker" [stack: 0x0000003ea4300000,0x0000003ea4400000] [id=21308]
  0x000001528ee4e6b0 ConcurrentGCThread "G1 Conc#0" [stack: 0x0000003ea4400000,0x0000003ea4500000] [id=23336]
  0x00000152ff59be60 ConcurrentGCThread "G1 Conc#1" [stack: 0x0000003ea5400000,0x0000003ea5500000] [id=10404]
  0x00000152b8faa490 ConcurrentGCThread "G1 Refine#0" [stack: 0x0000003ea4500000,0x0000003ea4600000] [id=10852]
  0x0000015284820110 ConcurrentGCThread "G1 Refine#1" [stack: 0x0000003ea6000000,0x0000003ea6100000] [id=23780]
  0x000001528481fe20 ConcurrentGCThread "G1 Refine#2" [stack: 0x0000003ea6100000,0x0000003ea6200000] [id=24344]
  0x00000152b8faaec0 ConcurrentGCThread "G1 Service" [stack: 0x0000003ea4600000,0x0000003ea4700000] [id=12256]

Threads with active compile tasks:
C2 CompilerThread0   164619 8017   !   4       java.util.concurrent.ConcurrentHashMap::replaceNode (437 bytes)

VM state: not at safepoint (normal execution)

VM Mutex/Monitor currently owned by a thread: None

Heap address: 0x0000000604400000, size: 8124 MB, Compressed Oops mode: Zero based, Oop shift amount: 3

CDS archive(s) mapped at: [0x00000152bc000000-0x00000152bcbd0000-0x00000152bcbd0000), size 12386304, SharedBaseAddress: 0x00000152bc000000, ArchiveRelocationMode: 1.
Compressed class space mapped at: 0x00000152bd000000-0x00000152fd000000, reserved size: 1073741824
Narrow klass base: 0x00000152bc000000, Narrow klass shift: 0, Narrow klass range: 0x100000000

GC Precious Log:
 CPUs: 8 total, 8 available
 Memory: 32494M
 Large Page Support: Disabled
 NUMA Support: Disabled
 Compressed Oops: Enabled (Zero based)
 Heap Region Size: 4M
 Heap Min Capacity: 8M
 Heap Initial Capacity: 508M
 Heap Max Capacity: 8124M
 Pre-touch: Disabled
 Parallel Workers: 8
 Concurrent Workers: 2
 Concurrent Refinement Workers: 8
 Periodic GC: Disabled

Heap:
 garbage-first heap   total 294912K, used 54980K [0x0000000604400000, 0x0000000800000000)
  region size 4096K, 8 young (32768K), 3 survivors (12288K)
 Metaspace       used 58521K, committed 59136K, reserved 1114112K
  class space    used 7687K, committed 8000K, reserved 1048576K

Heap Regions: E=young(eden), S=young(survivor), O=old, HS=humongous(starts), HC=humongous(continues), CS=collection set, F=free, OA=open archive, CA=closed archive, TAMS=top-at-mark-start (previous, next)
|   0|0x0000000604400000, 0x0000000604800000, 0x0000000604800000|100%| O|  |TAMS 0x0000000604800000, 0x0000000604400000| Untracked 
|   1|0x0000000604800000, 0x0000000604c00000, 0x0000000604c00000|100%| O|  |TAMS 0x00000006048fd400, 0x0000000604800000| Untracked 
|   2|0x0000000604c00000, 0x0000000605000000, 0x0000000605000000|100%| O|  |TAMS 0x0000000605000000, 0x0000000604c00000| Untracked 
|   3|0x0000000605000000, 0x0000000605400000, 0x0000000605400000|100%| O|  |TAMS 0x0000000605400000, 0x0000000605000000| Untracked 
|   4|0x0000000605400000, 0x0000000605800000, 0x0000000605800000|100%| O|  |TAMS 0x0000000605800000, 0x0000000605400000| Untracked 
|   5|0x0000000605800000, 0x0000000605c00000, 0x0000000605c00000|100%| O|  |TAMS 0x0000000605800000, 0x0000000605800000| Untracked 
|   6|0x0000000605c00000, 0x0000000605e70200, 0x0000000606000000| 60%| O|  |TAMS 0x0000000605c00000, 0x0000000605c00000| Untracked 
|   7|0x0000000606000000, 0x0000000606000000, 0x0000000606400000|  0%| F|  |TAMS 0x0000000606000000, 0x0000000606000000| Untracked 
|   8|0x0000000606400000, 0x0000000606400000, 0x0000000606800000|  0%| F|  |TAMS 0x0000000606400000, 0x0000000606400000| Untracked 
|   9|0x0000000606800000, 0x0000000606800000, 0x0000000606c00000|  0%| F|  |TAMS 0x0000000606800000, 0x0000000606800000| Untracked 
|  10|0x0000000606c00000, 0x0000000606c00000, 0x0000000607000000|  0%| F|  |TAMS 0x0000000606c00000, 0x0000000606c00000| Untracked 
|  11|0x0000000607000000, 0x0000000607000000, 0x0000000607400000|  0%| F|  |TAMS 0x0000000607000000, 0x0000000607000000| Untracked 
|  12|0x0000000607400000, 0x0000000607400000, 0x0000000607800000|  0%| F|  |TAMS 0x0000000607400000, 0x0000000607400000| Untracked 
|  13|0x0000000607800000, 0x0000000607800000, 0x0000000607c00000|  0%| F|  |TAMS 0x0000000607800000, 0x0000000607800000| Untracked 
|  14|0x0000000607c00000, 0x0000000607c00000, 0x0000000608000000|  0%| F|  |TAMS 0x0000000607c00000, 0x0000000607c00000| Untracked 
|  15|0x0000000608000000, 0x0000000608000000, 0x0000000608400000|  0%| F|  |TAMS 0x0000000608000000, 0x0000000608000000| Untracked 
|  16|0x0000000608400000, 0x0000000608400000, 0x0000000608800000|  0%| F|  |TAMS 0x0000000608400000, 0x0000000608400000| Untracked 
|  17|0x0000000608800000, 0x0000000608800000, 0x0000000608c00000|  0%| F|  |TAMS 0x0000000608800000, 0x0000000608800000| Untracked 
|  18|0x0000000608c00000, 0x0000000608c00000, 0x0000000609000000|  0%| F|  |TAMS 0x0000000608c00000, 0x0000000608c00000| Untracked 
|  19|0x0000000609000000, 0x0000000609000000, 0x0000000609400000|  0%| F|  |TAMS 0x0000000609000000, 0x0000000609000000| Untracked 
|  20|0x0000000609400000, 0x0000000609400000, 0x0000000609800000|  0%| F|  |TAMS 0x0000000609400000, 0x0000000609400000| Untracked 
|  21|0x0000000609800000, 0x0000000609800000, 0x0000000609c00000|  0%| F|  |TAMS 0x0000000609800000, 0x0000000609800000| Untracked 
|  22|0x0000000609c00000, 0x0000000609c00000, 0x000000060a000000|  0%| F|  |TAMS 0x0000000609c00000, 0x0000000609c00000| Untracked 
|  23|0x000000060a000000, 0x000000060a000000, 0x000000060a400000|  0%| F|  |TAMS 0x000000060a000000, 0x000000060a000000| Untracked 
|  24|0x000000060a400000, 0x000000060a400000, 0x000000060a800000|  0%| F|  |TAMS 0x000000060a400000, 0x000000060a400000| Untracked 
|  25|0x000000060a800000, 0x000000060a800000, 0x000000060ac00000|  0%| F|  |TAMS 0x000000060a800000, 0x000000060a800000| Untracked 
|  26|0x000000060ac00000, 0x000000060ac00000, 0x000000060b000000|  0%| F|  |TAMS 0x000000060ac00000, 0x000000060ac00000| Untracked 
|  27|0x000000060b000000, 0x000000060b000000, 0x000000060b400000|  0%| F|  |TAMS 0x000000060b000000, 0x000000060b000000| Untracked 
|  28|0x000000060b400000, 0x000000060b741070, 0x000000060b800000| 81%| S|CS|TAMS 0x000000060b400000, 0x000000060b400000| Complete 
|  29|0x000000060b800000, 0x000000060bc00000, 0x000000060bc00000|100%| S|CS|TAMS 0x000000060b800000, 0x000000060b800000| Complete 
|  30|0x000000060bc00000, 0x000000060c000000, 0x000000060c000000|100%| S|CS|TAMS 0x000000060bc00000, 0x000000060bc00000| Complete 
|  31|0x000000060c000000, 0x000000060c000000, 0x000000060c400000|  0%| F|  |TAMS 0x000000060c000000, 0x000000060c000000| Untracked 
|  32|0x000000060c400000, 0x000000060c400000, 0x000000060c800000|  0%| F|  |TAMS 0x000000060c400000, 0x000000060c400000| Untracked 
|  33|0x000000060c800000, 0x000000060c800000, 0x000000060cc00000|  0%| F|  |TAMS 0x000000060c800000, 0x000000060c800000| Untracked 
|  34|0x000000060cc00000, 0x000000060cc00000, 0x000000060d000000|  0%| F|  |TAMS 0x000000060cc00000, 0x000000060cc00000| Untracked 
|  35|0x000000060d000000, 0x000000060d000000, 0x000000060d400000|  0%| F|  |TAMS 0x000000060d000000, 0x000000060d000000| Untracked 
|  36|0x000000060d400000, 0x000000060d400000, 0x000000060d800000|  0%| F|  |TAMS 0x000000060d400000, 0x000000060d400000| Untracked 
|  37|0x000000060d800000, 0x000000060d800000, 0x000000060dc00000|  0%| F|  |TAMS 0x000000060d800000, 0x000000060d800000| Untracked 
|  38|0x000000060dc00000, 0x000000060dc00000, 0x000000060e000000|  0%| F|  |TAMS 0x000000060dc00000, 0x000000060dc00000| Untracked 
|  39|0x000000060e000000, 0x000000060e000000, 0x000000060e400000|  0%| F|  |TAMS 0x000000060e000000, 0x000000060e000000| Untracked 
|  40|0x000000060e400000, 0x000000060e400000, 0x000000060e800000|  0%| F|  |TAMS 0x000000060e400000, 0x000000060e400000| Untracked 
|  41|0x000000060e800000, 0x000000060e800000, 0x000000060ec00000|  0%| F|  |TAMS 0x000000060e800000, 0x000000060e800000| Untracked 
|  42|0x000000060ec00000, 0x000000060ec00000, 0x000000060f000000|  0%| F|  |TAMS 0x000000060ec00000, 0x000000060ec00000| Untracked 
|  43|0x000000060f000000, 0x000000060f000000, 0x000000060f400000|  0%| F|  |TAMS 0x000000060f000000, 0x000000060f000000| Untracked 
|  44|0x000000060f400000, 0x000000060f400000, 0x000000060f800000|  0%| F|  |TAMS 0x000000060f400000, 0x000000060f400000| Untracked 
|  45|0x000000060f800000, 0x000000060f800000, 0x000000060fc00000|  0%| F|  |TAMS 0x000000060f800000, 0x000000060f800000| Untracked 
|  46|0x000000060fc00000, 0x000000060fc00000, 0x0000000610000000|  0%| F|  |TAMS 0x000000060fc00000, 0x000000060fc00000| Untracked 
|  47|0x0000000610000000, 0x0000000610000000, 0x0000000610400000|  0%| F|  |TAMS 0x0000000610000000, 0x0000000610000000| Untracked 
|  48|0x0000000610400000, 0x0000000610400000, 0x0000000610800000|  0%| F|  |TAMS 0x0000000610400000, 0x0000000610400000| Untracked 
|  49|0x0000000610800000, 0x0000000610800000, 0x0000000610c00000|  0%| F|  |TAMS 0x0000000610800000, 0x0000000610800000| Untracked 
|  50|0x0000000610c00000, 0x0000000610c00000, 0x0000000611000000|  0%| F|  |TAMS 0x0000000610c00000, 0x0000000610c00000| Untracked 
|  51|0x0000000611000000, 0x0000000611000000, 0x0000000611400000|  0%| F|  |TAMS 0x0000000611000000, 0x0000000611000000| Untracked 
|  52|0x0000000611400000, 0x0000000611400000, 0x0000000611800000|  0%| F|  |TAMS 0x0000000611400000, 0x0000000611400000| Untracked 
|  53|0x0000000611800000, 0x0000000611800000, 0x0000000611c00000|  0%| F|  |TAMS 0x0000000611800000, 0x0000000611800000| Untracked 
|  54|0x0000000611c00000, 0x0000000611c00000, 0x0000000612000000|  0%| F|  |TAMS 0x0000000611c00000, 0x0000000611c00000| Untracked 
|  55|0x0000000612000000, 0x0000000612000000, 0x0000000612400000|  0%| F|  |TAMS 0x0000000612000000, 0x0000000612000000| Untracked 
|  56|0x0000000612400000, 0x0000000612400000, 0x0000000612800000|  0%| F|  |TAMS 0x0000000612400000, 0x0000000612400000| Untracked 
|  57|0x0000000612800000, 0x0000000612800000, 0x0000000612c00000|  0%| F|  |TAMS 0x0000000612800000, 0x0000000612800000| Untracked 
|  58|0x0000000612c00000, 0x0000000612c00000, 0x0000000613000000|  0%| F|  |TAMS 0x0000000612c00000, 0x0000000612c00000| Untracked 
|  59|0x0000000613000000, 0x0000000613000000, 0x0000000613400000|  0%| F|  |TAMS 0x0000000613000000, 0x0000000613000000| Untracked 
|  60|0x0000000613400000, 0x0000000613400000, 0x0000000613800000|  0%| F|  |TAMS 0x0000000613400000, 0x0000000613400000| Untracked 
|  61|0x0000000613800000, 0x0000000613800000, 0x0000000613c00000|  0%| F|  |TAMS 0x0000000613800000, 0x0000000613800000| Untracked 
|  62|0x0000000613c00000, 0x0000000613c00000, 0x0000000614000000|  0%| F|  |TAMS 0x0000000613c00000, 0x0000000613c00000| Untracked 
|  63|0x0000000614000000, 0x0000000614000000, 0x0000000614400000|  0%| F|  |TAMS 0x0000000614000000, 0x0000000614000000| Untracked 
|  64|0x0000000614400000, 0x0000000614400000, 0x0000000614800000|  0%| F|  |TAMS 0x0000000614400000, 0x0000000614400000| Untracked 
|  65|0x0000000614800000, 0x0000000614800000, 0x0000000614c00000|  0%| F|  |TAMS 0x0000000614800000, 0x0000000614800000| Untracked 
|  66|0x0000000614c00000, 0x0000000614c00000, 0x0000000615000000|  0%| F|  |TAMS 0x0000000614c00000, 0x0000000614c00000| Untracked 
|  67|0x0000000615000000, 0x00000006153d2138, 0x0000000615400000| 95%| E|  |TAMS 0x0000000615000000, 0x0000000615000000| Complete 
|  68|0x0000000615400000, 0x0000000615800000, 0x0000000615800000|100%| E|CS|TAMS 0x0000000615400000, 0x0000000615400000| Complete 
| 115|0x0000000621000000, 0x0000000621400000, 0x0000000621400000|100%| E|CS|TAMS 0x0000000621000000, 0x0000000621000000| Complete 
| 116|0x0000000621400000, 0x0000000621800000, 0x0000000621800000|100%| E|CS|TAMS 0x0000000621400000, 0x0000000621400000| Complete 
| 126|0x0000000623c00000, 0x0000000624000000, 0x0000000624000000|100%| E|CS|TAMS 0x0000000623c00000, 0x0000000623c00000| Complete 

Card table byte_map: [0x00000152a70b0000,0x00000152a8090000] _byte_map_base: 0x00000152a408e000

Marking Bits (Prev, Next): (CMBitMap*) 0x000001528ee4d490, (CMBitMap*) 0x000001528ee4d4d0
 Prev Bits: [0x00000152a9070000, 0x00000152b0f60000)
 Next Bits: [0x00000152b0f60000, 0x00000152b8e50000)

Polling page: 0x000001528d520000

Metaspace:

Usage:
  Non-class:     49.64 MB used.
      Class:      7.51 MB used.
       Both:     57.15 MB used.

Virtual space:
  Non-class space:       64.00 MB reserved,      49.94 MB ( 78%) committed,  1 nodes.
      Class space:        1.00 GB reserved,       7.81 MB ( <1%) committed,  1 nodes.
             Both:        1.06 GB reserved,      57.75 MB (  5%) committed. 

Chunk freelists:
   Non-Class:  13.89 MB
       Class:  8.24 MB
        Both:  22.12 MB

MaxMetaspaceSize: unlimited
CompressedClassSpaceSize: 1.00 GB
Initial GC threshold: 21.00 MB
Current GC threshold: 59.19 MB
CDS: on
MetaspaceReclaimPolicy: balanced
 - commit_granule_bytes: 65536.
 - commit_granule_words: 8192.
 - virtual_space_node_default_size: 8388608.
 - enlarge_chunks_in_place: 1.
 - new_chunks_are_fully_committed: 0.
 - uncommit_free_chunks: 1.
 - use_allocation_guard: 0.
 - handle_deallocations: 1.


Internal statistics:

num_allocs_failed_limit: 6.
num_arena_births: 792.
num_arena_deaths: 0.
num_vsnodes_births: 2.
num_vsnodes_deaths: 0.
num_space_committed: 924.
num_space_uncommitted: 0.
num_chunks_returned_to_freelist: 6.
num_chunks_taken_from_freelist: 2905.
num_chunk_merges: 3.
num_chunk_splits: 1995.
num_chunks_enlarged: 1480.
num_inconsistent_stats: 0.

CodeHeap 'non-profiled nmethods': size=120000Kb used=4752Kb max_used=5613Kb free=115247Kb
 bounds [0x000001529e140000, 0x000001529e6c0000, 0x00000152a5670000]
CodeHeap 'profiled nmethods': size=120000Kb used=13735Kb max_used=14357Kb free=106264Kb
 bounds [0x0000015296670000, 0x0000015297480000, 0x000001529dba0000]
CodeHeap 'non-nmethods': size=5760Kb used=1319Kb max_used=1386Kb free=4440Kb
 bounds [0x000001529dba0000, 0x000001529de10000, 0x000001529e140000]
 total_blobs=7293 nmethods=6662 adapters=543
 compilation: enabled
              stopped_count=0, restarted_count=0
 full_count=0

Compilation events (20 events):
Event: 156.364 Thread 0x00000152b90a56f0 nmethod 8010 0x000001529e556e10 code [0x000001529e556fa0, 0x000001529e557068]
Event: 157.588 Thread 0x00000152b90a56f0 8011   !   4       sun.nio.ch.NioSocketImpl::setOption (545 bytes)
Event: 157.594 Thread 0x00000152b90a56f0 nmethod 8011 0x000001529e556110 code [0x000001529e5562e0, 0x000001529e5569f8]
Event: 159.726 Thread 0x00000152bba09f40 8012       3       java.lang.Math::min (12 bytes)
Event: 159.726 Thread 0x00000152bba09f40 nmethod 8012 0x0000015296b61b10 code [0x0000015296b61ca0, 0x0000015296b61dd8]
Event: 159.891 Thread 0x00000152b90a56f0 8013       4       java.lang.ThreadLocal$ThreadLocalMap::set (133 bytes)
Event: 159.901 Thread 0x00000152b90a56f0 nmethod 8013 0x000001529e5ce190 code [0x000001529e5ce340, 0x000001529e5ceaa8]
Event: 161.029 Thread 0x00000152b90a56f0 8014       4       org.jvnet.hk2.internal.SystemDescriptor::invokeInstanceListeners (40 bytes)
Event: 161.033 Thread 0x00000152b90a56f0 nmethod 8014 0x000001529e5cdc10 code [0x000001529e5cdda0, 0x000001529e5cdf18]
Event: 161.033 Thread 0x00000152b90a56f0 8015       4       java.util.stream.ReferencePipeline$Head::<init> (8 bytes)
Event: 161.036 Thread 0x00000152b90a56f0 nmethod 8015 0x000001529e5cd790 code [0x000001529e5cd900, 0x000001529e5cdb58]
Event: 161.036 Thread 0x00000152b90a56f0 8016       4       java.util.stream.ReferencePipeline::<init> (8 bytes)
Event: 161.038 Thread 0x00000152b90a56f0 nmethod 8016 0x000001529e5cd310 code [0x000001529e5cd480, 0x000001529e5cd6d8]
Event: 161.146 Thread 0x00000152b90a56f0 8017   !   4       java.util.concurrent.ConcurrentHashMap::replaceNode (437 bytes)
Event: 161.161 Thread 0x00000152bba09f40 8018       3       java.util.concurrent.locks.LockSupport::setCurrentBlocker (14 bytes)
Event: 161.162 Thread 0x00000152bba09f40 nmethod 8018 0x0000015296e7d690 code [0x0000015296e7d840, 0x0000015296e7da68]
Event: 161.257 Thread 0x00000152bba09f40 8019       3       java.util.stream.StreamSupport::stream (19 bytes)
Event: 161.258 Thread 0x00000152bba09f40 nmethod 8019 0x0000015296c1ee10 code [0x0000015296c1efe0, 0x0000015296c1f408]
Event: 161.720 Thread 0x00000152bba09f40 8020       3       java.util.stream.StreamOpFlag::fromCharacteristics (37 bytes)
Event: 161.721 Thread 0x00000152bba09f40 nmethod 8020 0x0000015296977590 code [0x0000015296977740, 0x0000015296977a78]

GC Heap History (20 events):
Event: 6.602 GC heap before
{Heap before GC invocations=5 (full 0):
 garbage-first heap   total 69632K, used 47467K [0x0000000604400000, 0x0000000800000000)
  region size 4096K, 10 young (40960K), 2 survivors (8192K)
 Metaspace       used 25416K, committed 25792K, reserved 1114112K
  class space    used 3158K, committed 3328K, reserved 1048576K
}
Event: 6.610 GC heap after
{Heap after GC invocations=6 (full 0):
 garbage-first heap   total 69632K, used 17433K [0x0000000604400000, 0x0000000800000000)
  region size 4096K, 2 young (8192K), 2 survivors (8192K)
 Metaspace       used 25416K, committed 25792K, reserved 1114112K
  class space    used 3158K, committed 3328K, reserved 1048576K
}
Event: 6.857 GC heap before
{Heap before GC invocations=6 (full 0):
 garbage-first heap   total 69632K, used 21529K [0x0000000604400000, 0x0000000800000000)
  region size 4096K, 3 young (12288K), 2 survivors (8192K)
 Metaspace       used 25954K, committed 26304K, reserved 1114112K
  class space    used 3278K, committed 3456K, reserved 1048576K
}
Event: 6.870 GC heap after
{Heap after GC invocations=7 (full 0):
 garbage-first heap   total 69632K, used 17455K [0x0000000604400000, 0x0000000800000000)
  region size 4096K, 1 young (4096K), 1 survivors (4096K)
 Metaspace       used 25954K, committed 26304K, reserved 1114112K
  class space    used 3278K, committed 3456K, reserved 1048576K
}
Event: 7.770 GC heap before
{Heap before GC invocations=7 (full 0):
 garbage-first heap   total 69632K, used 37935K [0x0000000604400000, 0x0000000800000000)
  region size 4096K, 7 young (28672K), 1 survivors (4096K)
 Metaspace       used 28852K, committed 29248K, reserved 1114112K
  class space    used 3570K, committed 3776K, reserved 1048576K
}
Event: 7.773 GC heap after
{Heap after GC invocations=8 (full 0):
 garbage-first heap   total 69632K, used 21612K [0x0000000604400000, 0x0000000800000000)
  region size 4096K, 1 young (4096K), 1 survivors (4096K)
 Metaspace       used 28852K, committed 29248K, reserved 1114112K
  class space    used 3570K, committed 3776K, reserved 1048576K
}
Event: 8.379 GC heap before
{Heap before GC invocations=8 (full 0):
 garbage-first heap   total 69632K, used 46188K [0x0000000604400000, 0x0000000800000000)
  region size 4096K, 7 young (28672K), 1 survivors (4096K)
 Metaspace       used 31052K, committed 31488K, reserved 1114112K
  class space    used 3857K, committed 4032K, reserved 1048576K
}
Event: 8.383 GC heap after
{Heap after GC invocations=9 (full 0):
 garbage-first heap   total 69632K, used 22947K [0x0000000604400000, 0x0000000800000000)
  region size 4096K, 1 young (4096K), 1 survivors (4096K)
 Metaspace       used 31052K, committed 31488K, reserved 1114112K
  class space    used 3857K, committed 4032K, reserved 1048576K
}
Event: 8.570 GC heap before
{Heap before GC invocations=9 (full 0):
 garbage-first heap   total 69632K, used 43427K [0x0000000604400000, 0x0000000800000000)
  region size 4096K, 6 young (24576K), 1 survivors (4096K)
 Metaspace       used 31447K, committed 31872K, reserved 1114112K
  class space    used 3911K, committed 4096K, reserved 1048576K
}
Event: 8.573 GC heap after
{Heap after GC invocations=10 (full 0):
 garbage-first heap   total 69632K, used 23673K [0x0000000604400000, 0x0000000800000000)
  region size 4096K, 1 young (4096K), 1 survivors (4096K)
 Metaspace       used 31447K, committed 31872K, reserved 1114112K
  class space    used 3911K, committed 4096K, reserved 1048576K
}
Event: 9.394 GC heap before
{Heap before GC invocations=10 (full 0):
 garbage-first heap   total 69632K, used 44153K [0x0000000604400000, 0x0000000800000000)
  region size 4096K, 7 young (28672K), 1 survivors (4096K)
 Metaspace       used 35757K, committed 36160K, reserved 1114112K
  class space    used 4540K, committed 4736K, reserved 1048576K
}
Event: 9.398 GC heap after
{Heap after GC invocations=11 (full 0):
 garbage-first heap   total 69632K, used 24682K [0x0000000604400000, 0x0000000800000000)
  region size 4096K, 1 young (4096K), 1 survivors (4096K)
 Metaspace       used 35757K, committed 36160K, reserved 1114112K
  class space    used 4540K, committed 4736K, reserved 1048576K
}
Event: 10.162 GC heap before
{Heap before GC invocations=12 (full 0):
 garbage-first heap   total 69632K, used 49258K [0x0000000604400000, 0x0000000800000000)
  region size 4096K, 7 young (28672K), 1 survivors (4096K)
 Metaspace       used 39043K, committed 39488K, reserved 1114112K
  class space    used 5005K, committed 5248K, reserved 1048576K
}
Event: 10.168 GC heap after
{Heap after GC invocations=13 (full 0):
 garbage-first heap   total 69632K, used 27880K [0x0000000604400000, 0x0000000800000000)
  region size 4096K, 1 young (4096K), 1 survivors (4096K)
 Metaspace       used 39043K, committed 39488K, reserved 1114112K
  class space    used 5005K, committed 5248K, reserved 1048576K
}
Event: 10.210 GC heap before
{Heap before GC invocations=13 (full 0):
 garbage-first heap   total 69632K, used 31976K [0x0000000604400000, 0x0000000800000000)
  region size 4096K, 2 young (8192K), 1 survivors (4096K)
 Metaspace       used 39055K, committed 39552K, reserved 1114112K
  class space    used 5005K, committed 5248K, reserved 1048576K
}
Event: 10.218 GC heap after
{Heap after GC invocations=14 (full 0):
 garbage-first heap   total 69632K, used 28378K [0x0000000604400000, 0x0000000800000000)
  region size 4096K, 1 young (4096K), 1 survivors (4096K)
 Metaspace       used 39055K, committed 39552K, reserved 1114112K
  class space    used 5005K, committed 5248K, reserved 1048576K
}
Event: 11.932 GC heap before
{Heap before GC invocations=14 (full 0):
 garbage-first heap   total 69632K, used 48858K [0x0000000604400000, 0x0000000800000000)
  region size 4096K, 6 young (24576K), 1 survivors (4096K)
 Metaspace       used 42118K, committed 42624K, reserved 1114112K
  class space    used 5442K, committed 5696K, reserved 1048576K
}
Event: 11.938 GC heap after
{Heap after GC invocations=15 (full 0):
 garbage-first heap   total 294912K, used 31115K [0x0000000604400000, 0x0000000800000000)
  region size 4096K, 1 young (4096K), 1 survivors (4096K)
 Metaspace       used 42118K, committed 42624K, reserved 1114112K
  class space    used 5442K, committed 5696K, reserved 1048576K
}
Event: 152.193 GC heap before
{Heap before GC invocations=15 (full 0):
 garbage-first heap   total 294912K, used 199051K [0x0000000604400000, 0x0000000800000000)
  region size 4096K, 42 young (172032K), 1 survivors (4096K)
 Metaspace       used 58312K, committed 58880K, reserved 1114112K
  class space    used 7660K, committed 7936K, reserved 1048576K
}
Event: 152.205 GC heap after
{Heap after GC invocations=16 (full 0):
 garbage-first heap   total 294912K, used 38596K [0x0000000604400000, 0x0000000800000000)
  region size 4096K, 3 young (12288K), 3 survivors (12288K)
 Metaspace       used 58312K, committed 58880K, reserved 1114112K
  class space    used 7660K, committed 7936K, reserved 1048576K
}

Deoptimization events (20 events):
Event: 125.758 Thread 0x00000152ff1188c0 Uncommon trap: trap_request=0xffffff45 fr.pc=0x000001529e3f9740 relative=0x0000000000000fa0
Event: 125.758 Thread 0x00000152ff1188c0 Uncommon trap: reason=unstable_if action=reinterpret pc=0x000001529e3f9740 method=com.netflix.eureka.util.batcher.AcceptorExecutor$AcceptorRunner.drainReprocessQueue()V @ 54 c2
Event: 125.758 Thread 0x00000152ff1188c0 DEOPT PACKING pc=0x000001529e3f9740 sp=0x0000003ea6eff000
Event: 125.758 Thread 0x00000152ff1188c0 DEOPT UNPACKING pc=0x000001529dbf5ba3 sp=0x0000003ea6efefc8 mode 2
Event: 130.259 Thread 0x00000152fdae9d80 Uncommon trap: trap_request=0xffffff45 fr.pc=0x000001529e173b7c relative=0x000000000000017c
Event: 130.259 Thread 0x00000152fdae9d80 Uncommon trap: reason=unstable_if action=reinterpret pc=0x000001529e173b7c method=java.util.concurrent.locks.ReentrantLock$Sync.lock()V @ 4 c2
Event: 130.259 Thread 0x00000152fdae9d80 DEOPT PACKING pc=0x000001529e173b7c sp=0x0000003ea81ff340
Event: 130.259 Thread 0x00000152fdae9d80 DEOPT UNPACKING pc=0x000001529dbf5ba3 sp=0x0000003ea81ff290 mode 2
Event: 152.213 Thread 0x00000152bbaea9d0 Uncommon trap: trap_request=0xffffff45 fr.pc=0x000001529e6b8e98 relative=0x00000000000002f8
Event: 152.213 Thread 0x00000152bbaea9d0 Uncommon trap: reason=unstable_if action=reinterpret pc=0x000001529e6b8e98 method=java.util.stream.StreamOpFlag.fromCharacteristics(Ljava/util/Spliterator;)I @ 10 c2
Event: 152.213 Thread 0x00000152bbaea9d0 DEOPT PACKING pc=0x000001529e6b8e98 sp=0x0000003ea51ff2e0
Event: 152.213 Thread 0x00000152bbaea9d0 DEOPT UNPACKING pc=0x000001529dbf5ba3 sp=0x0000003ea51ff1d0 mode 2
Event: 152.213 Thread 0x00000152bbaea9d0 Uncommon trap: trap_request=0xffffff45 fr.pc=0x000001529e4faee8 relative=0x00000000000002c8
Event: 152.213 Thread 0x00000152bbaea9d0 Uncommon trap: reason=unstable_if action=reinterpret pc=0x000001529e4faee8 method=java.util.stream.StreamOpFlag.fromCharacteristics(Ljava/util/Spliterator;)I @ 10 c2
Event: 152.213 Thread 0x00000152bbaea9d0 DEOPT PACKING pc=0x000001529e4faee8 sp=0x0000003ea51fee10
Event: 152.213 Thread 0x00000152bbaea9d0 DEOPT UNPACKING pc=0x000001529dbf5ba3 sp=0x0000003ea51fed70 mode 2
Event: 152.213 Thread 0x00000152bbaea9d0 Uncommon trap: trap_request=0xffffff45 fr.pc=0x000001529e1e09d0 relative=0x0000000000000050
Event: 152.213 Thread 0x00000152bbaea9d0 Uncommon trap: reason=unstable_if action=reinterpret pc=0x000001529e1e09d0 method=java.util.stream.StreamOpFlag.fromCharacteristics(Ljava/util/Spliterator;)I @ 10 c2
Event: 152.213 Thread 0x00000152bbaea9d0 DEOPT PACKING pc=0x000001529e1e09d0 sp=0x0000003ea51ff0f0
Event: 152.213 Thread 0x00000152bbaea9d0 DEOPT UNPACKING pc=0x000001529dbf5ba3 sp=0x0000003ea51ff088 mode 2

Classes unloaded (0 events):
No events

Classes redefined (0 events):
No events

Internal exceptions (20 events):
Event: 162.356 Thread 0x00000152ff11b650 Exception <a 'java/net/ConnectException'{0x0000000621174008}: Connection refused: no further information> (0x0000000621174008) 
thrown [s\open\src\hotspot\share\prims\jni.cpp, line 535]
Event: 162.356 Thread 0x00000152ff11b650 Exception <a 'java/net/SocketException'{0x00000006211745e8}: Socket is not connected: shutdown> (0x00000006211745e8) 
thrown [s\open\src\hotspot\share\prims\jni.cpp, line 535]
Event: 162.366 Thread 0x00000152ff11b650 Exception <a 'java/net/ConnectException'{0x0000000621174e40}: Connection refused: no further information> (0x0000000621174e40) 
thrown [s\open\src\hotspot\share\prims\jni.cpp, line 535]
Event: 162.366 Thread 0x00000152ff11b650 Exception <a 'java/net/SocketException'{0x0000000621175420}: Socket is not connected: shutdown> (0x0000000621175420) 
thrown [s\open\src\hotspot\share\prims\jni.cpp, line 535]
Event: 162.483 Thread 0x00000152ff11c070 Exception <a 'java/net/ConnectException'{0x0000000615232678}: Connection refused: no further information> (0x0000000615232678) 
thrown [s\open\src\hotspot\share\prims\jni.cpp, line 535]
Event: 162.483 Thread 0x00000152ff11c070 Exception <a 'java/net/SocketException'{0x0000000615232c58}: Socket is not connected: shutdown> (0x0000000615232c58) 
thrown [s\open\src\hotspot\share\prims\jni.cpp, line 535]
Event: 162.494 Thread 0x00000152ff11c070 Exception <a 'java/net/ConnectException'{0x00000006152334b0}: Connection refused: no further information> (0x00000006152334b0) 
thrown [s\open\src\hotspot\share\prims\jni.cpp, line 535]
Event: 162.494 Thread 0x00000152ff11c070 Exception <a 'java/net/SocketException'{0x0000000615233a90}: Socket is not connected: shutdown> (0x0000000615233a90) 
thrown [s\open\src\hotspot\share\prims\jni.cpp, line 535]
Event: 162.613 Thread 0x00000152fdae8940 Exception <a 'java/net/ConnectException'{0x000000062131de78}: Connection refused: no further information> (0x000000062131de78) 
thrown [s\open\src\hotspot\share\prims\jni.cpp, line 535]
Event: 162.613 Thread 0x00000152fdae8940 Exception <a 'java/net/SocketException'{0x000000062131e458}: Socket is not connected: shutdown> (0x000000062131e458) 
thrown [s\open\src\hotspot\share\prims\jni.cpp, line 535]
Event: 162.623 Thread 0x00000152fdae8940 Exception <a 'java/net/ConnectException'{0x000000062131ecb0}: Connection refused: no further information> (0x000000062131ecb0) 
thrown [s\open\src\hotspot\share\prims\jni.cpp, line 535]
Event: 162.623 Thread 0x00000152fdae8940 Exception <a 'java/net/SocketException'{0x000000062131f290}: Socket is not connected: shutdown> (0x000000062131f290) 
thrown [s\open\src\hotspot\share\prims\jni.cpp, line 535]
Event: 162.743 Thread 0x00000152ff11d9c0 Exception <a 'java/net/ConnectException'{0x000000062139d9f0}: Connection refused: no further information> (0x000000062139d9f0) 
thrown [s\open\src\hotspot\share\prims\jni.cpp, line 535]
Event: 162.743 Thread 0x00000152ff11d9c0 Exception <a 'java/net/SocketException'{0x000000062139dfd0}: Socket is not connected: shutdown> (0x000000062139dfd0) 
thrown [s\open\src\hotspot\share\prims\jni.cpp, line 535]
Event: 162.755 Thread 0x00000152ff11d9c0 Exception <a 'java/net/ConnectException'{0x000000062139e828}: Connection refused: no further information> (0x000000062139e828) 
thrown [s\open\src\hotspot\share\prims\jni.cpp, line 535]
Event: 162.755 Thread 0x00000152ff11d9c0 Exception <a 'java/net/SocketException'{0x000000062139ee08}: Socket is not connected: shutdown> (0x000000062139ee08) 
thrown [s\open\src\hotspot\share\prims\jni.cpp, line 535]
Event: 162.875 Thread 0x00000152ff11ca90 Exception <a 'java/net/ConnectException'{0x0000000615464b80}: Connection refused: no further information> (0x0000000615464b80) 
thrown [s\open\src\hotspot\share\prims\jni.cpp, line 535]
Event: 162.875 Thread 0x00000152ff11ca90 Exception <a 'java/net/SocketException'{0x0000000615465160}: Socket is not connected: shutdown> (0x0000000615465160) 
thrown [s\open\src\hotspot\share\prims\jni.cpp, line 535]
Event: 162.885 Thread 0x00000152ff11ca90 Exception <a 'java/net/ConnectException'{0x00000006154659b8}: Connection refused: no further information> (0x00000006154659b8) 
thrown [s\open\src\hotspot\share\prims\jni.cpp, line 535]
Event: 162.885 Thread 0x00000152ff11ca90 Exception <a 'java/net/SocketException'{0x0000000615465f98}: Socket is not connected: shutdown> (0x0000000615465f98) 
thrown [s\open\src\hotspot\share\prims\jni.cpp, line 535]

VM Operations (20 events):
Event: 142.696 Executing VM operation: Cleanup
Event: 142.696 Executing VM operation: Cleanup done
Event: 146.697 Executing VM operation: Cleanup
Event: 146.697 Executing VM operation: Cleanup done
Event: 147.697 Executing VM operation: Cleanup
Event: 147.698 Executing VM operation: Cleanup done
Event: 148.698 Executing VM operation: Cleanup
Event: 148.698 Executing VM operation: Cleanup done
Event: 150.699 Executing VM operation: Cleanup
Event: 150.699 Executing VM operation: Cleanup done
Event: 151.700 Executing VM operation: Cleanup
Event: 151.700 Executing VM operation: Cleanup done
Event: 152.193 Executing VM operation: G1CollectForAllocation
Event: 152.205 Executing VM operation: G1CollectForAllocation done
Event: 153.205 Executing VM operation: Cleanup
Event: 154.067 Executing VM operation: Cleanup done
Event: 156.067 Executing VM operation: Cleanup
Event: 156.067 Executing VM operation: Cleanup done
Event: 157.068 Executing VM operation: Cleanup
Event: 157.068 Executing VM operation: Cleanup done

Events (20 events):
Event: 152.213 loading class java/util/TreeMap$KeySpliterator done
Event: 152.215 loading class java/util/stream/ReferencePipeline$5
Event: 152.215 loading class java/util/stream/LongPipeline$StatelessOp
Event: 152.215 loading class java/util/stream/LongPipeline
Event: 152.215 loading class java/util/stream/LongStream
Event: 152.215 loading class java/util/stream/LongStream done
Event: 152.216 loading class java/util/stream/LongPipeline done
Event: 152.216 loading class java/util/stream/LongPipeline$StatelessOp done
Event: 152.216 loading class java/util/stream/ReferencePipeline$5 done
Event: 152.216 loading class java/util/function/LongBinaryOperator
Event: 152.216 loading class java/util/function/LongBinaryOperator done
Event: 152.216 loading class java/util/stream/ReduceOps$10
Event: 152.216 loading class java/util/stream/ReduceOps$10 done
Event: 152.216 loading class java/util/stream/ReduceOps$8ReducingSink
Event: 152.216 loading class java/util/stream/Sink$OfLong
Event: 152.216 loading class java/util/stream/Sink$OfLong done
Event: 152.216 loading class java/util/stream/ReduceOps$8ReducingSink done
Event: 152.216 loading class java/util/stream/ReferencePipeline$5$1
Event: 152.217 loading class java/util/stream/ReferencePipeline$5$1 done
Event: 163.161 loading class java/lang/Throwable$WrappedPrintStream


Dynamic libraries:
0x00007ff76b000000 - 0x00007ff76b010000 	C:\Program Files\Java\jdk-17\bin\java.exe
0x00007fff99500000 - 0x00007fff99766000 	C:\WINDOWS\SYSTEM32\ntdll.dll
0x00007fff97f60000 - 0x00007fff98029000 	C:\WINDOWS\System32\KERNEL32.DLL
0x00007fff968c0000 - 0x00007fff96c8c000 	C:\WINDOWS\System32\KERNELBASE.dll
0x00007fff96e70000 - 0x00007fff96fbb000 	C:\WINDOWS\System32\ucrtbase.dll
0x00007fff85aa0000 - 0x00007fff85ab9000 	C:\Program Files\Java\jdk-17\bin\jli.dll
0x00007fff980f0000 - 0x00007fff981a2000 	C:\WINDOWS\System32\ADVAPI32.dll
0x00007fff98040000 - 0x00007fff980e9000 	C:\WINDOWS\System32\msvcrt.dll
0x00007fff98f40000 - 0x00007fff98fe6000 	C:\WINDOWS\System32\sechost.dll
0x00007fff99050000 - 0x00007fff99166000 	C:\WINDOWS\System32\RPCRT4.dll
0x00007fff98d70000 - 0x00007fff98f3a000 	C:\WINDOWS\System32\USER32.dll
0x00007fff97290000 - 0x00007fff972b7000 	C:\WINDOWS\System32\win32u.dll
0x00007fff97b50000 - 0x00007fff97b7b000 	C:\WINDOWS\System32\GDI32.dll
0x00007fff96d30000 - 0x00007fff96e62000 	C:\WINDOWS\System32\gdi32full.dll
0x00007fff96810000 - 0x00007fff968b3000 	C:\WINDOWS\System32\msvcp_win.dll
0x00007fff85490000 - 0x00007fff854ab000 	C:\Program Files\Java\jdk-17\bin\VCRUNTIME140.dll
0x00007fff74640000 - 0x00007fff748da000 	C:\WINDOWS\WinSxS\amd64_microsoft.windows.common-controls_6595b64144ccf1df_6.0.26100.3912_none_3e07963ce335137e\COMCTL32.dll
0x00007fff8c5a0000 - 0x00007fff8c5ab000 	C:\WINDOWS\SYSTEM32\VERSION.dll
0x00007fff97f20000 - 0x00007fff97f50000 	C:\WINDOWS\System32\IMM32.DLL
0x00007fff90f10000 - 0x00007fff90f1c000 	C:\Program Files\Java\jdk-17\bin\vcruntime140_1.dll
0x00007fff5f5f0000 - 0x00007fff5f67e000 	C:\Program Files\Java\jdk-17\bin\msvcp140.dll
0x00007fff37a80000 - 0x00007fff38660000 	C:\Program Files\Java\jdk-17\bin\server\jvm.dll
0x00007fff98030000 - 0x00007fff98038000 	C:\WINDOWS\System32\PSAPI.DLL
0x00007fff8dad0000 - 0x00007fff8db06000 	C:\WINDOWS\SYSTEM32\WINMM.dll
0x00007fff62ed0000 - 0x00007fff62eda000 	C:\WINDOWS\SYSTEM32\WSOCK32.dll
0x00007fff97d20000 - 0x00007fff97d94000 	C:\WINDOWS\System32\WS2_32.dll
0x00007fff953b0000 - 0x00007fff953ca000 	C:\WINDOWS\SYSTEM32\kernel.appcore.dll
0x00007fff8d360000 - 0x00007fff8d36a000 	C:\Program Files\Java\jdk-17\bin\jimage.dll
0x00007fff93d30000 - 0x00007fff93f71000 	C:\WINDOWS\SYSTEM32\DBGHELP.DLL
0x00007fff988e0000 - 0x00007fff98c64000 	C:\WINDOWS\System32\combase.dll
0x00007fff993d0000 - 0x00007fff994b0000 	C:\WINDOWS\System32\OLEAUT32.dll
0x00007fff6a4a0000 - 0x00007fff6a4d9000 	C:\WINDOWS\SYSTEM32\dbgcore.DLL
0x00007fff96c90000 - 0x00007fff96d29000 	C:\WINDOWS\System32\bcryptPrimitives.dll
0x00007fff84000000 - 0x00007fff84025000 	C:\Program Files\Java\jdk-17\bin\java.dll
0x00007fff5d380000 - 0x00007fff5d457000 	C:\Program Files\Java\jdk-17\bin\jsvml.dll
0x00007fff981b0000 - 0x00007fff988dd000 	C:\WINDOWS\System32\SHELL32.dll
0x00007fff96690000 - 0x00007fff96804000 	C:\WINDOWS\System32\wintypes.dll
0x00007fff942c0000 - 0x00007fff94b16000 	C:\WINDOWS\SYSTEM32\windows.storage.dll
0x00007fff97da0000 - 0x00007fff97e8f000 	C:\WINDOWS\System32\SHCORE.dll
0x00007fff99170000 - 0x00007fff991d9000 	C:\WINDOWS\System32\shlwapi.dll
0x00007fff965a0000 - 0x00007fff965cf000 	C:\WINDOWS\SYSTEM32\profapi.dll
0x00007fff85460000 - 0x00007fff85479000 	C:\Program Files\Java\jdk-17\bin\net.dll
0x00007fff8d9a0000 - 0x00007fff8dabe000 	C:\WINDOWS\SYSTEM32\WINHTTP.dll
0x00007fff95960000 - 0x00007fff959ca000 	C:\WINDOWS\system32\mswsock.dll
0x00007fff84370000 - 0x00007fff84386000 	C:\Program Files\Java\jdk-17\bin\nio.dll
0x00007fff840f0000 - 0x00007fff84108000 	C:\Program Files\Java\jdk-17\bin\zip.dll
0x00007fff8d2a0000 - 0x00007fff8d2aa000 	C:\Program Files\Java\jdk-17\bin\management.dll
0x00007fff8d180000 - 0x00007fff8d18b000 	C:\Program Files\Java\jdk-17\bin\management_ext.dll
0x00007fff94dd0000 - 0x00007fff94e03000 	C:\WINDOWS\SYSTEM32\IPHLPAPI.DLL
0x00007fff991e0000 - 0x00007fff991ea000 	C:\WINDOWS\System32\NSI.dll
0x00007fff90560000 - 0x00007fff9057f000 	C:\WINDOWS\SYSTEM32\dhcpcsvc6.DLL
0x00007fff903b0000 - 0x00007fff903d5000 	C:\WINDOWS\SYSTEM32\dhcpcsvc.DLL
0x00007fff94e10000 - 0x00007fff94f37000 	C:\WINDOWS\SYSTEM32\DNSAPI.dll
0x00007fff8c5b0000 - 0x00007fff8c5bb000 	C:\Windows\System32\rasadhlp.dll
0x00007fff90bf0000 - 0x00007fff90c76000 	C:\WINDOWS\System32\fwpuclnt.dll
0x00007fff87f50000 - 0x00007fff87f5e000 	C:\Program Files\Java\jdk-17\bin\sunmscapi.dll
0x00007fff97110000 - 0x00007fff97287000 	C:\WINDOWS\System32\CRYPT32.dll
0x00007fff95e70000 - 0x00007fff95ea0000 	C:\WINDOWS\SYSTEM32\ncrypt.dll
0x00007fff95e20000 - 0x00007fff95e5f000 	C:\WINDOWS\SYSTEM32\NTASN1.dll
0x00007fff95d20000 - 0x00007fff95d3c000 	C:\WINDOWS\SYSTEM32\CRYPTSP.dll
0x00007fff95370000 - 0x00007fff953aa000 	C:\WINDOWS\system32\rsaenh.dll
0x00007fff95a00000 - 0x00007fff95a2b000 	C:\WINDOWS\SYSTEM32\USERENV.dll
0x00007fff96570000 - 0x00007fff96596000 	C:\WINDOWS\SYSTEM32\bcrypt.dll
0x00007fff95b90000 - 0x00007fff95b9c000 	C:\WINDOWS\SYSTEM32\CRYPTBASE.dll
0x00007fff83ff0000 - 0x00007fff84000000 	C:\Program Files\Java\jdk-17\bin\verify.dll
0x00007fff8d190000 - 0x00007fff8d1a8000 	C:\WINDOWS\system32\napinsp.dll
0x00007fff881a0000 - 0x00007fff881b2000 	C:\WINDOWS\System32\winrnr.dll
0x00007fff8d4f0000 - 0x00007fff8d520000 	C:\WINDOWS\system32\nlansp_c.dll
0x00007fff5e270000 - 0x00007fff5e286000 	C:\WINDOWS\system32\wshbth.dll
0x00007fff90f70000 - 0x00007fff90f78000 	C:\WINDOWS\system32\wshunix.dll

dbghelp: loaded successfully - version: 4.0.5 - missing functions: none
symbol engine: initialized successfully - sym options: 0x614 - pdb path: .;C:\Program Files\Java\jdk-17\bin;C:\WINDOWS\SYSTEM32;C:\WINDOWS\WinSxS\amd64_microsoft.windows.common-controls_6595b64144ccf1df_6.0.26100.3912_none_3e07963ce335137e;C:\Program Files\Java\jdk-17\bin\server

VM Arguments:
jvm_args: -XX:+ShowCodeDetailsInExceptionMessages 
java_command: com.manamer.sellout.infraestructure.eurekaserver.EurekaserverApplication
java_class_path (initial): C:\Users\Fernanda Jama\OneDrive - Manamer\Documentos\PROYECTOS 2024 - 2025\sellout1\backend\infraestructure\eureka\target\classes;C:\Users\Fernanda Jama\.m2\repository\org\springframework\cloud\spring-cloud-starter-netflix-eureka-server\4.1.1\spring-cloud-starter-netflix-eureka-server-4.1.1.jar;C:\Users\Fernanda Jama\.m2\repository\org\springframework\cloud\spring-cloud-starter\4.1.2\spring-cloud-starter-4.1.2.jar;C:\Users\Fernanda Jama\.m2\repository\org\springframework\cloud\spring-cloud-context\4.1.2\spring-cloud-context-4.1.2.jar;C:\Users\Fernanda Jama\.m2\repository\org\springframework\security\spring-security-crypto\6.3.1\spring-security-crypto-6.3.1.jar;C:\Users\Fernanda Jama\.m2\repository\org\springframework\cloud\spring-cloud-commons\4.1.2\spring-cloud-commons-4.1.2.jar;C:\Users\Fernanda Jama\.m2\repository\org\springframework\security\spring-security-rsa\1.1.2\spring-security-rsa-1.1.2.jar;C:\Users\Fernanda Jama\.m2\repository\org\bouncycastle\bcprov-jdk18on\1.77\bcprov-jdk18on-1.77.jar;C:\Users\Fernanda Jama\.m2\repository\org\springframework\cloud\spring-cloud-netflix-eureka-server\4.1.1\spring-cloud-netflix-eureka-server-4.1.1.jar;C:\Users\Fernanda Jama\.m2\repository\org\springframework\boot\spring-boot-starter-web\3.2.4\spring-boot-starter-web-3.2.4.jar;C:\Users\Fernanda Jama\.m2\repository\org\springframework\boot\spring-boot-starter-json\3.2.4\spring-boot-starter-json-3.2.4.jar;C:\Users\Fernanda Jama\.m2\repository\com\fasterxml\jackson\datatype\jackson-datatype-jdk8\2.17.2\jackson-datatype-jdk8-2.17.2.jar;C:\Users\Fernanda Jama\.m2\repository\com\fasterxml\jackson\module\jackson-module-parameter-names\2.17.2\jackson-module-parameter-names-2.17.2.jar;C:\Users\Fernanda Jama\.m2\repository\org\springframework\boot\spring-boot-starter-tomcat\3.2.4\spring-boot-starter-tomcat-3.2.4.jar;C:\Users\Fernanda Jama\.m2\repository\org\apache\tomcat\embed\tomcat-embed-core\10.1.19\tomcat-embed-core-10.1.19.jar;C:\Users\Fernanda Jama\
Launcher Type: SUN_STANDARD

[Global flags]
     intx CICompilerCount                          = 4                                         {product} {ergonomic}
     uint ConcGCThreads                            = 2                                         {product} {ergonomic}
     uint G1ConcRefinementThreads                  = 8                                         {product} {ergonomic}
   size_t G1HeapRegionSize                         = 4194304                                   {product} {ergonomic}
    uintx GCDrainStackTargetSize                   = 64                                        {product} {ergonomic}
   size_t InitialHeapSize                          = 532676608                                 {product} {ergonomic}
   size_t MarkStackSize                            = 4194304                                   {product} {ergonomic}
   size_t MaxHeapSize                              = 8518631424                                {product} {ergonomic}
   size_t MaxNewSize                               = 5108662272                                {product} {ergonomic}
   size_t MinHeapDeltaBytes                        = 4194304                                   {product} {ergonomic}
   size_t MinHeapSize                              = 8388608                                   {product} {ergonomic}
    uintx NonNMethodCodeHeapSize                   = 5839372                                {pd product} {ergonomic}
    uintx NonProfiledCodeHeapSize                  = 122909434                              {pd product} {ergonomic}
    uintx ProfiledCodeHeapSize                     = 122909434                              {pd product} {ergonomic}
    uintx ReservedCodeCacheSize                    = 251658240                              {pd product} {ergonomic}
     bool SegmentedCodeCache                       = true                                      {product} {ergonomic}
     bool ShowCodeDetailsInExceptionMessages       = true                                   {manageable} {command line}
   size_t SoftMaxHeapSize                          = 8518631424                             {manageable} {ergonomic}
     bool UseCompressedClassPointers               = true                           {product lp64_product} {ergonomic}
     bool UseCompressedOops                        = true                           {product lp64_product} {ergonomic}
     bool UseG1GC                                  = true                                      {product} {ergonomic}
     bool UseLargePagesIndividualAllocation        = false                                  {pd product} {ergonomic}

Logging:
Log output configuration:
 #0: stdout all=warning uptime,level,tags
 #1: stderr all=off uptime,level,tags

Environment Variables:
JAVA_HOME=C:\Program Files\Java\jdk-17
PATH=C:\Program Files\Java\jdk-17\bin;C:\apache-maven-3.9.9\bin;C:\Program Files\Common Files\Oracle\Java\javapath;C:\Program Files (x86)\Common Files\Oracle\Java\java8path;C:\Program Files (x86)\Common Files\Oracle\Java\javapath;C:\Program Files\Microsoft MPI\Bin\;C:\WINDOWS\system32;C:\WINDOWS;C:\WINDOWS\System32\Wbem;C:\WINDOWS\System32\WindowsPowerShell\v1.0\;C:\WINDOWS\System32\OpenSSH\;C:\Program Files (x86)\Microsoft SQL Server\160\DTS\Binn\;C:\Program Files\Azure Data Studio\bin;C:\Program Files (x86)\Microsoft SQL Server\150\Tools\Binn\;C:\Program Files\Microsoft SQL Server\150\Tools\Binn\;C:\Program Files (x86)\Microsoft SQL Server\150\DTS\Binn\;C:\Program Files\Microsoft SQL Server\150\DTS\Binn\;C:\Program Files\Microsoft SQL Server\Client SDK\ODBC\170\Tools\Binn\;C:\Program Files\nodejs\;C:\ProgramData\chocolatey\bin;C:\Program Files\Git\cmd;C:\Program Files\Docker\Docker\resources\bin;c:\Users\Fernanda Jama\AppData\Local\Programs\Trae\bin;C:\Users\Fernanda Jama\AppData\Local\Programs\Python\Python36\Scripts\;C:\Users\Fernanda Jama\AppData\Local\Programs\Python\Python36\;C:\Users\Fernanda Jama\AppData\Local\Microsoft\WindowsApps;C:\Users\Fernanda Jama\AppData\Local\Programs\Microsoft VS Code\bin;C:\Program Files\Azure Data Studio\bin;C:\Users\Fernanda Jama\AppData\Roaming\npm;C:\Users\Fernanda Jama\AppData\Local\GitHubDesktop\bin;C:\Program Files\JetBrains\IntelliJ IDEA Community Edition 2024.1.1\bin;
USERNAME=Fernanda Jama
LANG=en_US.UTF-8
OS=Windows_NT
PROCESSOR_IDENTIFIER=Intel64 Family 6 Model 140 Stepping 1, GenuineIntel



---------------  S Y S T E M  ---------------

OS:
 Windows 11 , 64 bit Build 26100 (10.0.26100.3912)
OS uptime: 0 days 8:27 hours
Hyper-V role detected

CPU: total 8 (initial active 8) (4 cores per cpu, 2 threads per core) family 6 model 140 stepping 1 microcode 0xbc, cx8, cmov, fxsr, ht, mmx, 3dnowpref, sse, sse2, sse3, ssse3, sse4.1, sse4.2, popcnt, lzcnt, tsc, tscinvbit, avx, avx2, aes, erms, clmul, bmi1, bmi2, adx, avx512f, avx512dq, avx512cd, avx512bw, avx512vl, sha, fma, vzeroupper, avx512_vpopcntdq, avx512_vpclmulqdq, avx512_vaes, avx512_vnni, clflush, clflushopt, clwb, avx512_vbmi2, avx512_vbmi, hv

Memory: 4k page, system-wide physical 32494M (1201M free)
TotalPageFile size 93425M (AvailPageFile size 28M)
current process WorkingSet (physical memory assigned to process): 362M, peak: 372M
current process commit charge ("private bytes"): 494M, peak: 673M

vm_info: Java HotSpot(TM) 64-Bit Server VM (17.0.11+7-LTS-207) for windows-amd64 JRE (17.0.11+7-LTS-207), built on Mar 11 2024 19:01:50 by "mach5one" with MS VC++ 17.6 (VS2022)

END.
