#
# There is insufficient memory for the Java Runtime Environment to continue.
# Native memory allocation (malloc) failed to allocate 1048576 bytes. Error detail: AllocateHeap
# Possible reasons:
#   The system is out of physical RAM or swap space
#   This process is running with CompressedOops enabled, and the Java Heap may be blocking the growth of the native heap
# Possible solutions:
#   Reduce memory load on the system
#   Increase physical memory or swap space
#   Check if swap backing store is full
#   Decrease Java heap size (-Xmx/-Xms)
#   Decrease number of Java threads
#   Decrease Java thread stack sizes (-Xss)
#   Set larger code cache with -XX:ReservedCodeCacheSize=
#   JVM is running with Unscaled Compressed Oops mode in which the Java heap is
#     placed in the first 4GB address space. The Java Heap base address is the
#     maximum limit for the native heap growth. Please use -XX:HeapBaseMinAddress
#     to set the Java Heap base and to place the Java Heap above 4GB virtual address.
# This output file may be truncated or incomplete.
#
#  Out of Memory Error (allocation.cpp:44), pid=4316, tid=24892
#
# JRE version: OpenJDK Runtime Environment Temurin-21.0.8+9 (21.0.8+9) (build 21.0.8+9-LTS)
# Java VM: OpenJDK 64-Bit Server VM Temurin-21.0.8+9 (21.0.8+9-LTS, mixed mode, sharing, tiered, compressed oops, compressed class ptrs, parallel gc, windows-amd64)
# No core dump will be written. Minidumps are not enabled by default on client versions of Windows
#

---------------  S U M M A R Y ------------

Command Line: --add-modules=ALL-SYSTEM --add-opens=java.base/java.util=ALL-UNNAMED --add-opens=java.base/java.lang=ALL-UNNAMED --add-opens=java.base/sun.nio.fs=ALL-UNNAMED -Declipse.application=org.eclipse.jdt.ls.core.id1 -Dosgi.bundles.defaultStartLevel=4 -Declipse.product=org.eclipse.jdt.ls.core.product -Djava.import.generatesMetadataFilesAtProjectRoot=false -DDetectVMInstallationsJob.disabled=true -Dfile.encoding=utf8 -XX:+UseParallelGC -XX:GCTimeRatio=4 -XX:AdaptiveSizePolicyWeight=90 -Dsun.zip.disableMemoryMapping=true -Xmx2G -Xms100m -Xlog:disable -javaagent:c:\Users\Fernanda Jama\.trae\extensions\redhat.java-1.44.0-win32-x64\lombok\lombok-1.18.39-4050.jar -XX:+HeapDumpOnOutOfMemoryError -XX:HeapDumpPath=c:\Users\Fernanda Jama\AppData\Roaming\Trae\User\workspaceStorage\15c722b02b3b73826bcb58a08aa3cd52\redhat.java -Daether.dependencyCollector.impl=bf c:\Users\Fernanda Jama\.trae\extensions\redhat.java-1.44.0-win32-x64\server\plugins\org.eclipse.equinox.launcher_1.7.0.v20250519-0528.jar -configuration c:\Users\Fernanda Jama\AppData\Roaming\Trae\User\globalStorage\redhat.java\1.44.0\config_win -data c:\Users\Fernanda Jama\AppData\Roaming\Trae\User\workspaceStorage\15c722b02b3b73826bcb58a08aa3cd52\redhat.java\jdt_ws --pipe=\\.\pipe\lsp-03071f5f241b05962d8081039405b148-sock

Host: 11th Gen Intel(R) Core(TM) i7-1165G7 @ 2.80GHz, 8 cores, 39G,  Windows 11 , 64 bit Build 26100 (10.0.26100.5074)
Time: Fri Sep  5 10:38:40 2025 Hora est. Pacífico, Sudamérica elapsed time: 81930.334526 seconds (0d 22h 45m 30s)

---------------  T H R E A D  ---------------

Current thread (0x000002491739aaf0):  JavaThread "Attach Listener" daemon [_thread_in_vm, id=24892, stack(0x000000eb2ac00000,0x000000eb2ad00000) (1024K)]

Stack: [0x000000eb2ac00000,0x000000eb2ad00000]
Native frames: (J=compiled Java code, j=interpreted, Vv=VM code, C=native code)
V  [jvm.dll+0x6d2449]
V  [jvm.dll+0x8ae341]
V  [jvm.dll+0x8b08be]
V  [jvm.dll+0x8b0fa3]
V  [jvm.dll+0x280c96]
V  [jvm.dll+0xc0347]
V  [jvm.dll+0x6d2cf9]
V  [jvm.dll+0x131116]
V  [jvm.dll+0x3f2d16]
V  [jvm.dll+0x857e6b]
V  [jvm.dll+0x6d0b0d]
C  [ucrtbase.dll+0x37b0]
C  [KERNEL32.DLL+0x2e8d7]
C  [ntdll.dll+0x8d9c]


---------------  P R O C E S S  ---------------

Threads class SMR info:
_java_thread_list=0x000002497971c270, length=53, elements={
0x000002491741ded0, 0x0000024917393300, 0x0000024917397ce0, 0x0000024917399fa0,
0x000002491739aaf0, 0x000002491739bfd0, 0x000002491739e8d0, 0x000002491739d640,
0x00000249173b87b0, 0x000002497072f390, 0x00000249709a6d10, 0x00000249757369d0,
0x00000249756f1670, 0x00000249708e6640, 0x0000024975724800, 0x00000249707e6040,
0x0000024975d11320, 0x000002497525d080, 0x000002497525a920, 0x000002497525bcd0,
0x0000024978ceb3b0, 0x0000024978cec0d0, 0x0000024978cec760, 0x0000024978ce9970,
0x0000024978cecdf0, 0x0000024978ceba40, 0x0000024978cea690, 0x0000024978cea000,
0x0000024978ced480, 0x0000024978cead20, 0x0000024978cef550, 0x0000024978cee1a0,
0x0000024976c60780, 0x0000024976c63570, 0x0000024976c62850, 0x0000024976c62ee0,
0x0000024976c63c00, 0x0000024976c64290, 0x0000024976c614a0, 0x0000024976c67710,
0x0000024976c66360, 0x0000024976c669f0, 0x0000024976c67080, 0x0000024976c65640,
0x0000024978cefbe0, 0x0000024978cf0270, 0x0000024977f6d220, 0x0000024978d1a590,
0x0000024978d1d380, 0x00000249766a8270, 0x00000249766a4df0, 0x00000249766a5480,
0x00000249766a5b10
}

Java Threads: ( => current thread )
  0x000002491741ded0 JavaThread "main"                              [_thread_blocked, id=14696, stack(0x000000eb2a500000,0x000000eb2a600000) (1024K)]
  0x0000024917393300 JavaThread "Reference Handler"          daemon [_thread_blocked, id=25196, stack(0x000000eb2a900000,0x000000eb2aa00000) (1024K)]
  0x0000024917397ce0 JavaThread "Finalizer"                  daemon [_thread_blocked, id=360, stack(0x000000eb2aa00000,0x000000eb2ab00000) (1024K)]
  0x0000024917399fa0 JavaThread "Signal Dispatcher"          daemon [_thread_blocked, id=21648, stack(0x000000eb2ab00000,0x000000eb2ac00000) (1024K)]
=>0x000002491739aaf0 JavaThread "Attach Listener"            daemon [_thread_in_vm, id=24892, stack(0x000000eb2ac00000,0x000000eb2ad00000) (1024K)]
  0x000002491739bfd0 JavaThread "Service Thread"             daemon [_thread_blocked, id=15344, stack(0x000000eb2ad00000,0x000000eb2ae00000) (1024K)]
  0x000002491739e8d0 JavaThread "Monitor Deflation Thread"   daemon [_thread_blocked, id=8876, stack(0x000000eb2ae00000,0x000000eb2af00000) (1024K)]
  0x000002491739d640 JavaThread "C2 CompilerThread0"         daemon [_thread_blocked, id=24188, stack(0x000000eb2af00000,0x000000eb2b000000) (1024K)]
  0x00000249173b87b0 JavaThread "C1 CompilerThread0"         daemon [_thread_blocked, id=6976, stack(0x000000eb2b000000,0x000000eb2b100000) (1024K)]
  0x000002497072f390 JavaThread "Common-Cleaner"             daemon [_thread_blocked, id=4012, stack(0x000000eb2b100000,0x000000eb2b200000) (1024K)]
  0x00000249709a6d10 JavaThread "Notification Thread"        daemon [_thread_blocked, id=9836, stack(0x000000eb2b200000,0x000000eb2b300000) (1024K)]
  0x00000249757369d0 JavaThread "Active Thread: Equinox Container: f42606aa-0659-4392-96f0-7a9572ccf0de"        [_thread_blocked, id=11968, stack(0x000000eb2bb00000,0x000000eb2bc00000) (1024K)]
  0x00000249756f1670 JavaThread "Refresh Thread: Equinox Container: f42606aa-0659-4392-96f0-7a9572ccf0de" daemon [_thread_blocked, id=17004, stack(0x000000eb2ba00000,0x000000eb2bb00000) (1024K)]
  0x00000249708e6640 JavaThread "Framework Event Dispatcher: Equinox Container: f42606aa-0659-4392-96f0-7a9572ccf0de" daemon [_thread_blocked, id=13724, stack(0x000000eb2bc00000,0x000000eb2bd00000) (1024K)]
  0x0000024975724800 JavaThread "Start Level: Equinox Container: f42606aa-0659-4392-96f0-7a9572ccf0de" daemon [_thread_blocked, id=4288, stack(0x000000eb2bd00000,0x000000eb2be00000) (1024K)]
  0x00000249707e6040 JavaThread "Bundle File Closer"         daemon [_thread_blocked, id=24424, stack(0x000000eb2c000000,0x000000eb2c100000) (1024K)]
  0x0000024975d11320 JavaThread "SCR Component Actor"        daemon [_thread_blocked, id=22568, stack(0x000000eb2be00000,0x000000eb2bf00000) (1024K)]
  0x000002497525d080 JavaThread "Worker-JM"                         [_thread_blocked, id=20432, stack(0x000000eb2c100000,0x000000eb2c200000) (1024K)]
  0x000002497525a920 JavaThread "JNA Cleaner"                daemon [_thread_blocked, id=17616, stack(0x000000eb2c300000,0x000000eb2c400000) (1024K)]
  0x000002497525bcd0 JavaThread "Java indexing"              daemon [_thread_blocked, id=18860, stack(0x000000eb2c800000,0x000000eb2c900000) (1024K)]
  0x0000024978ceb3b0 JavaThread "Thread-2"                   daemon [_thread_in_native, id=25200, stack(0x000000eb2ce00000,0x000000eb2cf00000) (1024K)]
  0x0000024978cec0d0 JavaThread "Thread-3"                   daemon [_thread_in_native, id=23304, stack(0x000000eb2cf00000,0x000000eb2d000000) (1024K)]
  0x0000024978cec760 JavaThread "Thread-4"                   daemon [_thread_in_native, id=22744, stack(0x000000eb2d000000,0x000000eb2d100000) (1024K)]
  0x0000024978ce9970 JavaThread "Thread-5"                   daemon [_thread_in_native, id=12544, stack(0x000000eb2d100000,0x000000eb2d200000) (1024K)]
  0x0000024978cecdf0 JavaThread "Thread-6"                   daemon [_thread_in_native, id=21004, stack(0x000000eb2d200000,0x000000eb2d300000) (1024K)]
  0x0000024978ceba40 JavaThread "Thread-7"                   daemon [_thread_in_native, id=25516, stack(0x000000eb2d300000,0x000000eb2d400000) (1024K)]
  0x0000024978cea690 JavaThread "Thread-8"                   daemon [_thread_in_native, id=23824, stack(0x000000eb2d400000,0x000000eb2d500000) (1024K)]
  0x0000024978cea000 JavaThread "Thread-9"                   daemon [_thread_in_native, id=20724, stack(0x000000eb2d500000,0x000000eb2d600000) (1024K)]
  0x0000024978ced480 JavaThread "Thread-10"                  daemon [_thread_in_native, id=19288, stack(0x000000eb2d600000,0x000000eb2d700000) (1024K)]
  0x0000024978cead20 JavaThread "pool-2-thread-1"                   [_thread_blocked, id=7832, stack(0x000000eb2d700000,0x000000eb2d800000) (1024K)]
  0x0000024978cef550 JavaThread "WorkspaceEventsHandler"            [_thread_blocked, id=22484, stack(0x000000eb2d800000,0x000000eb2d900000) (1024K)]
  0x0000024978cee1a0 JavaThread "pool-1-thread-1"                   [_thread_blocked, id=8628, stack(0x000000eb2d900000,0x000000eb2da00000) (1024K)]
  0x0000024976c60780 JavaThread "Java Debug Server"          daemon [_thread_in_native, id=20924, stack(0x000000eb2f200000,0x000000eb2f300000) (1024K)]
  0x0000024976c63570 JavaThread "pool-19-thread-1"                  [_thread_in_native, id=23632, stack(0x000000eb2f300000,0x000000eb2f400000) (1024K)]
  0x0000024976c62850 JavaThread "RxSchedulerPurge-1"         daemon [_thread_blocked, id=20728, stack(0x000000eb2f700000,0x000000eb2f800000) (1024K)]
  0x0000024976c62ee0 JavaThread "RxCachedWorkerPoolEvictor-1" daemon [_thread_blocked, id=21020, stack(0x000000eb2f800000,0x000000eb2f900000) (1024K)]
  0x0000024976c63c00 JavaThread "RxNewThreadScheduler-1"     daemon [_thread_blocked, id=22696, stack(0x000000eb2f900000,0x000000eb2fa00000) (1024K)]
  0x0000024976c64290 JavaThread "process reaper (pid 9288)"  daemon [_thread_in_native, id=22904, stack(0x000000eb2a1a0000,0x000000eb2a1c0000) (128K)]
  0x0000024976c614a0 JavaThread "Cleaner-0"                  daemon [_thread_blocked, id=19572, stack(0x000000eb2cc00000,0x000000eb2cd00000) (1024K)]
  0x0000024976c67710 JavaThread "pool-19-thread-2"                  [_thread_in_native, id=23912, stack(0x000000eb2ca00000,0x000000eb2cb00000) (1024K)]
  0x0000024976c66360 JavaThread "RxNewThreadScheduler-3"     daemon [_thread_blocked, id=22376, stack(0x000000eb2e800000,0x000000eb2e900000) (1024K)]
  0x0000024976c669f0 JavaThread "process reaper (pid 14356)" daemon [_thread_in_native, id=23676, stack(0x000000eb2a1c0000,0x000000eb2a1e0000) (128K)]
  0x0000024976c67080 JavaThread "pool-19-thread-3"                  [_thread_in_native, id=14260, stack(0x000000eb2fa00000,0x000000eb2fb00000) (1024K)]
  0x0000024976c65640 JavaThread "RxNewThreadScheduler-5"     daemon [_thread_blocked, id=11612, stack(0x000000eb2fb00000,0x000000eb2fc00000) (1024K)]
  0x0000024978cefbe0 JavaThread "process reaper (pid 6404)"  daemon [_thread_in_native, id=12216, stack(0x000000eb2a1e0000,0x000000eb2a200000) (128K)]
  0x0000024978cf0270 JavaThread "pool-19-thread-4"                  [_thread_in_native, id=22064, stack(0x000000eb2dd00000,0x000000eb2de00000) (1024K)]
  0x0000024977f6d220 JavaThread "process reaper (pid 26948)" daemon [_thread_in_native, id=23740, stack(0x000000eb2fd00000,0x000000eb2fd20000) (128K)]
  0x0000024978d1a590 JavaThread "RxNewThreadScheduler-9"     daemon [_thread_blocked, id=27372, stack(0x000000eb2da00000,0x000000eb2db00000) (1024K)]
  0x0000024978d1d380 JavaThread "Worker-44"                         [_thread_blocked, id=26396, stack(0x000000eb2de00000,0x000000eb2df00000) (1024K)]
  0x00000249766a8270 JavaThread "Worker-47"                         [_thread_blocked, id=31168, stack(0x000000eb2c200000,0x000000eb2c300000) (1024K)]
  0x00000249766a4df0 JavaThread "ForkJoinPool.commonPool-worker-124" daemon [_thread_blocked, id=29664, stack(0x000000eb2bf00000,0x000000eb2c000000) (1024K)]
  0x00000249766a5480 JavaThread "ForkJoinPool.commonPool-worker-125" daemon [_thread_blocked, id=27912, stack(0x000000eb2c400000,0x000000eb2c500000) (1024K)]
  0x00000249766a5b10 JavaThread "ForkJoinPool.commonPool-worker-127" daemon [_thread_blocked, id=18908, stack(0x000000eb2c600000,0x000000eb2c700000) (1024K)]
Total: 53

Other Threads:
  0x00000249173834a0 VMThread "VM Thread"                           [id=5500, stack(0x000000eb2a800000,0x000000eb2a900000) (1024K)]
  0x000002491748a430 WatcherThread "VM Periodic Task Thread"        [id=15880, stack(0x000000eb2a700000,0x000000eb2a800000) (1024K)]
  0x000002491743d5e0 WorkerThread "GC Thread#0"                     [id=24028, stack(0x000000eb2a600000,0x000000eb2a700000) (1024K)]
  0x0000024975368e30 WorkerThread "GC Thread#1"                     [id=21252, stack(0x000000eb2b400000,0x000000eb2b500000) (1024K)]
  0x00000249709dead0 WorkerThread "GC Thread#2"                     [id=12936, stack(0x000000eb2b500000,0x000000eb2b600000) (1024K)]
  0x0000024975231ee0 WorkerThread "GC Thread#3"                     [id=7844, stack(0x000000eb2b600000,0x000000eb2b700000) (1024K)]
  0x0000024975232280 WorkerThread "GC Thread#4"                     [id=3212, stack(0x000000eb2b700000,0x000000eb2b800000) (1024K)]
  0x0000024975232620 WorkerThread "GC Thread#5"                     [id=21848, stack(0x000000eb2b800000,0x000000eb2b900000) (1024K)]
  0x00000249752329c0 WorkerThread "GC Thread#6"                     [id=15056, stack(0x000000eb2b900000,0x000000eb2ba00000) (1024K)]
  0x0000024975416750 WorkerThread "GC Thread#7"                     [id=17736, stack(0x000000eb2b300000,0x000000eb2b400000) (1024K)]
Total: 10

Threads with active compile tasks:
Total: 0

VM state: not at safepoint (normal execution)

VM Mutex/Monitor currently owned by a thread: None

Heap address: 0x0000000080000000, size: 2048 MB, Compressed Oops mode: 32-bit

CDS archive(s) mapped at: [0x000002492e000000-0x000002492eba0000-0x000002492eba0000), size 12189696, SharedBaseAddress: 0x000002492e000000, ArchiveRelocationMode: 1.
Compressed class space mapped at: 0x000002492f000000-0x000002496f000000, reserved size: 1073741824
Narrow klass base: 0x000002492e000000, Narrow klass shift: 0, Narrow klass range: 0x100000000

GC Precious Log:
 CardTable entry size: 512
 CPUs: 8 total, 8 available
 Memory: 40743M
 Large Page Support: Disabled
 NUMA Support: Disabled
 Compressed Oops: Enabled (32-bit)
 Alignments: Space 512K, Generation 512K, Heap 2M
 Heap Min Capacity: 100M
 Heap Initial Capacity: 100M
 Heap Max Capacity: 2G
 Pre-touch: Disabled
 Parallel Workers: 8

Heap:
 PSYoungGen      total 5120K, used 4023K [0x00000000d5580000, 0x00000000d5c80000, 0x0000000100000000)
  eden space 4608K, 83% used [0x00000000d5580000,0x00000000d5945c18,0x00000000d5a00000)
  from space 512K, 31% used [0x00000000d5b80000,0x00000000d5ba8000,0x00000000d5c00000)
  to   space 512K, 0% used [0x00000000d5c00000,0x00000000d5c00000,0x00000000d5c80000)
 ParOldGen       total 764928K, used 764462K [0x0000000080000000, 0x00000000aeb00000, 0x00000000d5580000)
  object space 764928K, 99% used [0x0000000080000000,0x00000000aea8ba08,0x00000000aeb00000)
 Metaspace       used 100398K, committed 102144K, reserved 1179648K
  class space    used 9752K, committed 10624K, reserved 1048576K

Card table byte_map: [0x0000024916db0000,0x00000249171c0000] _byte_map_base: 0x00000249169b0000

Marking Bits: (ParMarkBitMap*) 0x00007ffb2ed7a340
 Begin Bits: [0x00000249298b0000, 0x000002492b8b0000)
 End Bits:   [0x000002492b8b0000, 0x000002492d8b0000)

Polling page: 0x00000249148e0000

Metaspace:

Usage:
  Non-class:     88.52 MB used.
      Class:      9.52 MB used.
       Both:     98.05 MB used.

Virtual space:
  Non-class space:      128.00 MB reserved,      89.38 MB ( 70%) committed,  2 nodes.
      Class space:        1.00 GB reserved,      10.38 MB (  1%) committed,  1 nodes.
             Both:        1.12 GB reserved,      99.75 MB (  9%) committed. 

Chunk freelists:
   Non-Class:  6.45 MB
       Class:  5.58 MB
        Both:  12.02 MB

MaxMetaspaceSize: unlimited
CompressedClassSpaceSize: 1.00 GB
Initial GC threshold: 21.00 MB
Current GC threshold: 166.25 MB
CDS: on
 - commit_granule_bytes: 65536.
 - commit_granule_words: 8192.
 - virtual_space_node_default_size: 8388608.
 - enlarge_chunks_in_place: 1.
 - use_allocation_guard: 0.


Internal statistics:

num_allocs_failed_limit: 17.
num_arena_births: 2384.
num_arena_deaths: 824.
num_vsnodes_births: 3.
num_vsnodes_deaths: 0.
num_space_committed: 1596.
num_space_uncommitted: 0.
num_chunks_returned_to_freelist: 1058.
num_chunks_taken_from_freelist: 7901.
num_chunk_merges: 231.
num_chunk_splits: 4294.
num_chunks_enlarged: 2307.
num_inconsistent_stats: 0.

CodeHeap 'non-profiled nmethods': size=120000Kb used=31708Kb max_used=35286Kb free=88291Kb
 bounds [0x00000249220d0000, 0x0000024924380000, 0x0000024929600000]
CodeHeap 'profiled nmethods': size=120000Kb used=25308Kb max_used=56254Kb free=94691Kb
 bounds [0x000002491a600000, 0x000002491dd10000, 0x0000024921b30000]
CodeHeap 'non-nmethods': size=5760Kb used=1572Kb max_used=1653Kb free=4187Kb
 bounds [0x0000024921b30000, 0x0000024921da0000, 0x00000249220d0000]
CodeCache: size=245760Kb, used=58588Kb, max_used=93193Kb, free=187169Kb
 total_blobs=15946, nmethods=15068, adapters=776, full_count=0
Compilation: enabled, stopped_count=0, restarted_count=0

Compilation events (20 events):
Event: 81603.768 Thread 0x00000249173b87b0 38572       3       org.eclipse.jdt.internal.core.dom.rewrite.ASTRewriteFlattener::visit (109 bytes)
Event: 81603.775 Thread 0x00000249173b87b0 nmethod 38572 0x000002491b3fa890 code [0x000002491b3fabc0, 0x000002491b3fbc20]
Event: 81603.775 Thread 0x00000249173b87b0 38573       3       org.eclipse.jdt.internal.formatter.SpacePreparator::visit (41 bytes)
Event: 81603.776 Thread 0x00000249173b87b0 nmethod 38573 0x000002491ac18610 code [0x000002491ac18840, 0x000002491ac18d40]
Event: 81603.777 Thread 0x00000249173b87b0 38574       3       org.eclipse.jdt.internal.formatter.SpacePreparator::handleInvocation (8 bytes)
Event: 81603.777 Thread 0x00000249173b87b0 nmethod 38574 0x000002491adb3010 code [0x000002491adb31c0, 0x000002491adb3308]
Event: 81603.843 Thread 0x000002491739d640 38575       4       org.eclipse.jdt.internal.compiler.lookup.ModuleBinding::createDeclaredPackage (32 bytes)
Event: 81603.896 Thread 0x000002491739d640 nmethod 38575 0x0000024923ce2590 code [0x0000024923ce27c0, 0x0000024923ce37d8]
Event: 81603.973 Thread 0x000002491739d640 38576       4       org.eclipse.jdt.internal.compiler.lookup.TypeVariableBinding::clone (9 bytes)
Event: 81603.977 Thread 0x000002491739d640 nmethod 38576 0x0000024922227490 code [0x0000024922227620, 0x00000249222278b0]
Event: 81603.981 Thread 0x000002491739d640 38577       4       org.eclipse.jdt.internal.compiler.lookup.TypeVariableBinding::<init> (134 bytes)
Event: 81603.985 Thread 0x000002491739d640 nmethod 38577 0x0000024922f0c010 code [0x0000024922f0c1a0, 0x0000024922f0c378]
Event: 81604.016 Thread 0x000002491739d640 38578       4       org.eclipse.jdt.internal.compiler.ast.QualifiedNameReference::isEquivalent (136 bytes)
Event: 81604.021 Thread 0x000002491739d640 nmethod 38578 0x000002492222e910 code [0x000002492222eac0, 0x000002492222ed20]
Event: 81604.030 Thread 0x000002491739d640 38579       4       org.eclipse.jdt.internal.compiler.codegen.ConstantPool::literalIndex (191 bytes)
Event: 81604.051 Thread 0x000002491739d640 nmethod 38579 0x00000249231d7d10 code [0x00000249231d7f80, 0x00000249231d8bb0]
Event: 81604.156 Thread 0x00000249173b87b0 38580       3       org.eclipse.jdt.internal.formatter.linewrap.Aligner::areKeptOnOneLine (18 bytes)
Event: 81604.160 Thread 0x00000249173b87b0 nmethod 38580 0x000002491bc37210 code [0x000002491bc37460, 0x000002491bc37d10]
Event: 81604.160 Thread 0x00000249173b87b0 38581       3       org.eclipse.jdt.internal.formatter.linewrap.Aligner$$Lambda/0x000002492f9cc230::<init> (10 bytes)
Event: 81604.161 Thread 0x00000249173b87b0 nmethod 38581 0x000002491ae06f10 code [0x000002491ae070c0, 0x000002491ae07248]

GC Heap History (20 events):
Event: 81605.532 GC heap before
{Heap before GC invocations=17103 (full 13):
 PSYoungGen      total 5120K, used 4800K [0x00000000d5580000, 0x00000000d5c00000, 0x0000000100000000)
  eden space 4608K, 100% used [0x00000000d5580000,0x00000000d5a00000,0x00000000d5a00000)
  from space 512K, 37% used [0x00000000d5a80000,0x00000000d5ab0000,0x00000000d5b00000)
  to   space 512K, 0% used [0x00000000d5b80000,0x00000000d5b80000,0x00000000d5c00000)
 ParOldGen       total 760320K, used 760002K [0x0000000080000000, 0x00000000ae680000, 0x00000000d5580000)
  object space 760320K, 99% used [0x0000000080000000,0x00000000ae630860,0x00000000ae680000)
 Metaspace       used 100398K, committed 102144K, reserved 1179648K
  class space    used 9752K, committed 10624K, reserved 1048576K
}
Event: 81605.535 GC heap after
{Heap after GC invocations=17103 (full 13):
 PSYoungGen      total 5120K, used 483K [0x00000000d5580000, 0x00000000d5c00000, 0x0000000100000000)
  eden space 4608K, 0% used [0x00000000d5580000,0x00000000d5580000,0x00000000d5a00000)
  from space 512K, 94% used [0x00000000d5b80000,0x00000000d5bf8ef8,0x00000000d5c00000)
  to   space 1024K, 0% used [0x00000000d5a00000,0x00000000d5a00000,0x00000000d5b00000)
 ParOldGen       total 760320K, used 760158K [0x0000000080000000, 0x00000000ae680000, 0x00000000d5580000)
  object space 760320K, 99% used [0x0000000080000000,0x00000000ae657870,0x00000000ae680000)
 Metaspace       used 100398K, committed 102144K, reserved 1179648K
  class space    used 9752K, committed 10624K, reserved 1048576K
}
Event: 81605.547 GC heap before
{Heap before GC invocations=17104 (full 13):
 PSYoungGen      total 5120K, used 5091K [0x00000000d5580000, 0x00000000d5c00000, 0x0000000100000000)
  eden space 4608K, 100% used [0x00000000d5580000,0x00000000d5a00000,0x00000000d5a00000)
  from space 512K, 94% used [0x00000000d5b80000,0x00000000d5bf8ef8,0x00000000d5c00000)
  to   space 1024K, 0% used [0x00000000d5a00000,0x00000000d5a00000,0x00000000d5b00000)
 ParOldGen       total 760320K, used 760158K [0x0000000080000000, 0x00000000ae680000, 0x00000000d5580000)
  object space 760320K, 99% used [0x0000000080000000,0x00000000ae657870,0x00000000ae680000)
 Metaspace       used 100398K, committed 102144K, reserved 1179648K
  class space    used 9752K, committed 10624K, reserved 1048576K
}
Event: 81605.550 GC heap after
{Heap after GC invocations=17104 (full 13):
 PSYoungGen      total 5632K, used 704K [0x00000000d5580000, 0x00000000d5c00000, 0x0000000100000000)
  eden space 4608K, 0% used [0x00000000d5580000,0x00000000d5580000,0x00000000d5a00000)
  from space 1024K, 68% used [0x00000000d5a00000,0x00000000d5ab0020,0x00000000d5b00000)
  to   space 1024K, 0% used [0x00000000d5b00000,0x00000000d5b00000,0x00000000d5c00000)
 ParOldGen       total 760832K, used 760653K [0x0000000080000000, 0x00000000ae700000, 0x00000000d5580000)
  object space 760832K, 99% used [0x0000000080000000,0x00000000ae6d3788,0x00000000ae700000)
 Metaspace       used 100398K, committed 102144K, reserved 1179648K
  class space    used 9752K, committed 10624K, reserved 1048576K
}
Event: 81605.563 GC heap before
{Heap before GC invocations=17105 (full 13):
 PSYoungGen      total 5632K, used 5312K [0x00000000d5580000, 0x00000000d5c00000, 0x0000000100000000)
  eden space 4608K, 100% used [0x00000000d5580000,0x00000000d5a00000,0x00000000d5a00000)
  from space 1024K, 68% used [0x00000000d5a00000,0x00000000d5ab0020,0x00000000d5b00000)
  to   space 1024K, 0% used [0x00000000d5b00000,0x00000000d5b00000,0x00000000d5c00000)
 ParOldGen       total 760832K, used 760653K [0x0000000080000000, 0x00000000ae700000, 0x00000000d5580000)
  object space 760832K, 99% used [0x0000000080000000,0x00000000ae6d3788,0x00000000ae700000)
 Metaspace       used 100398K, committed 102144K, reserved 1179648K
  class space    used 9752K, committed 10624K, reserved 1048576K
}
Event: 81605.566 GC heap after
{Heap after GC invocations=17105 (full 13):
 PSYoungGen      total 5120K, used 384K [0x00000000d5580000, 0x00000000d5b80000, 0x0000000100000000)
  eden space 4608K, 0% used [0x00000000d5580000,0x00000000d5580000,0x00000000d5a00000)
  from space 512K, 75% used [0x00000000d5b00000,0x00000000d5b60000,0x00000000d5b80000)
  to   space 512K, 0% used [0x00000000d5a80000,0x00000000d5a80000,0x00000000d5b00000)
 ParOldGen       total 761344K, used 761277K [0x0000000080000000, 0x00000000ae780000, 0x00000000d5580000)
  object space 761344K, 99% used [0x0000000080000000,0x00000000ae76f7c8,0x00000000ae780000)
 Metaspace       used 100398K, committed 102144K, reserved 1179648K
  class space    used 9752K, committed 10624K, reserved 1048576K
}
Event: 81605.586 GC heap before
{Heap before GC invocations=17106 (full 13):
 PSYoungGen      total 5120K, used 4992K [0x00000000d5580000, 0x00000000d5b80000, 0x0000000100000000)
  eden space 4608K, 100% used [0x00000000d5580000,0x00000000d5a00000,0x00000000d5a00000)
  from space 512K, 75% used [0x00000000d5b00000,0x00000000d5b60000,0x00000000d5b80000)
  to   space 512K, 0% used [0x00000000d5a80000,0x00000000d5a80000,0x00000000d5b00000)
 ParOldGen       total 761344K, used 761277K [0x0000000080000000, 0x00000000ae780000, 0x00000000d5580000)
  object space 761344K, 99% used [0x0000000080000000,0x00000000ae76f7c8,0x00000000ae780000)
 Metaspace       used 100398K, committed 102144K, reserved 1179648K
  class space    used 9752K, committed 10624K, reserved 1048576K
}
Event: 81605.589 GC heap after
{Heap after GC invocations=17106 (full 13):
 PSYoungGen      total 5120K, used 512K [0x00000000d5580000, 0x00000000d5d00000, 0x0000000100000000)
  eden space 4608K, 0% used [0x00000000d5580000,0x00000000d5580000,0x00000000d5a00000)
  from space 512K, 100% used [0x00000000d5a80000,0x00000000d5b00000,0x00000000d5b00000)
  to   space 1536K, 0% used [0x00000000d5b80000,0x00000000d5b80000,0x00000000d5d00000)
 ParOldGen       total 762368K, used 761890K [0x0000000080000000, 0x00000000ae880000, 0x00000000d5580000)
  object space 762368K, 99% used [0x0000000080000000,0x00000000ae808808,0x00000000ae880000)
 Metaspace       used 100398K, committed 102144K, reserved 1179648K
  class space    used 9752K, committed 10624K, reserved 1048576K
}
Event: 81605.619 GC heap before
{Heap before GC invocations=17107 (full 13):
 PSYoungGen      total 5120K, used 5120K [0x00000000d5580000, 0x00000000d5d00000, 0x0000000100000000)
  eden space 4608K, 100% used [0x00000000d5580000,0x00000000d5a00000,0x00000000d5a00000)
  from space 512K, 100% used [0x00000000d5a80000,0x00000000d5b00000,0x00000000d5b00000)
  to   space 1536K, 0% used [0x00000000d5b80000,0x00000000d5b80000,0x00000000d5d00000)
 ParOldGen       total 762368K, used 761890K [0x0000000080000000, 0x00000000ae880000, 0x00000000d5580000)
  object space 762368K, 99% used [0x0000000080000000,0x00000000ae808808,0x00000000ae880000)
 Metaspace       used 100398K, committed 102144K, reserved 1179648K
  class space    used 9752K, committed 10624K, reserved 1048576K
}
Event: 81605.622 GC heap after
{Heap after GC invocations=17107 (full 13):
 PSYoungGen      total 5632K, used 944K [0x00000000d5580000, 0x00000000d5c80000, 0x0000000100000000)
  eden space 4608K, 0% used [0x00000000d5580000,0x00000000d5580000,0x00000000d5a00000)
  from space 1024K, 92% used [0x00000000d5b80000,0x00000000d5c6c010,0x00000000d5c80000)
  to   space 1024K, 0% used [0x00000000d5a80000,0x00000000d5a80000,0x00000000d5b80000)
 ParOldGen       total 762880K, used 762426K [0x0000000080000000, 0x00000000ae900000, 0x00000000d5580000)
  object space 762880K, 99% used [0x0000000080000000,0x00000000ae88e808,0x00000000ae900000)
 Metaspace       used 100398K, committed 102144K, reserved 1179648K
  class space    used 9752K, committed 10624K, reserved 1048576K
}
Event: 81605.645 GC heap before
{Heap before GC invocations=17108 (full 13):
 PSYoungGen      total 5632K, used 5529K [0x00000000d5580000, 0x00000000d5c80000, 0x0000000100000000)
  eden space 4608K, 99% used [0x00000000d5580000,0x00000000d59fa730,0x00000000d5a00000)
  from space 1024K, 92% used [0x00000000d5b80000,0x00000000d5c6c010,0x00000000d5c80000)
  to   space 1024K, 0% used [0x00000000d5a80000,0x00000000d5a80000,0x00000000d5b80000)
 ParOldGen       total 762880K, used 762426K [0x0000000080000000, 0x00000000ae900000, 0x00000000d5580000)
  object space 762880K, 99% used [0x0000000080000000,0x00000000ae88e808,0x00000000ae900000)
 Metaspace       used 100398K, committed 102144K, reserved 1179648K
  class space    used 9752K, committed 10624K, reserved 1048576K
}
Event: 81605.649 GC heap after
{Heap after GC invocations=17108 (full 13):
 PSYoungGen      total 5632K, used 992K [0x00000000d5580000, 0x00000000d5e00000, 0x0000000100000000)
  eden space 4608K, 0% used [0x00000000d5580000,0x00000000d5580000,0x00000000d5a00000)
  from space 1024K, 96% used [0x00000000d5a80000,0x00000000d5b78010,0x00000000d5b80000)
  to   space 2048K, 0% used [0x00000000d5c00000,0x00000000d5c00000,0x00000000d5e00000)
 ParOldGen       total 763392K, used 763241K [0x0000000080000000, 0x00000000ae980000, 0x00000000d5580000)
  object space 763392K, 99% used [0x0000000080000000,0x00000000ae95a5f8,0x00000000ae980000)
 Metaspace       used 100398K, committed 102144K, reserved 1179648K
  class space    used 9752K, committed 10624K, reserved 1048576K
}
Event: 81605.675 GC heap before
{Heap before GC invocations=17109 (full 13):
 PSYoungGen      total 5632K, used 5600K [0x00000000d5580000, 0x00000000d5e00000, 0x0000000100000000)
  eden space 4608K, 100% used [0x00000000d5580000,0x00000000d5a00000,0x00000000d5a00000)
  from space 1024K, 96% used [0x00000000d5a80000,0x00000000d5b78010,0x00000000d5b80000)
  to   space 2048K, 0% used [0x00000000d5c00000,0x00000000d5c00000,0x00000000d5e00000)
 ParOldGen       total 763392K, used 763241K [0x0000000080000000, 0x00000000ae980000, 0x00000000d5580000)
  object space 763392K, 99% used [0x0000000080000000,0x00000000ae95a5f8,0x00000000ae980000)
 Metaspace       used 100398K, committed 102144K, reserved 1179648K
  class space    used 9752K, committed 10624K, reserved 1048576K
}
Event: 81605.678 GC heap after
{Heap after GC invocations=17109 (full 13):
 PSYoungGen      total 5120K, used 314K [0x00000000d5580000, 0x00000000d5c80000, 0x0000000100000000)
  eden space 4608K, 0% used [0x00000000d5580000,0x00000000d5580000,0x00000000d5a00000)
  from space 512K, 61% used [0x00000000d5c00000,0x00000000d5c4eaf8,0x00000000d5c80000)
  to   space 1024K, 0% used [0x00000000d5a80000,0x00000000d5a80000,0x00000000d5b80000)
 ParOldGen       total 764416K, used 764209K [0x0000000080000000, 0x00000000aea80000, 0x00000000d5580000)
  object space 764416K, 99% used [0x0000000080000000,0x00000000aea4c418,0x00000000aea80000)
 Metaspace       used 100398K, committed 102144K, reserved 1179648K
  class space    used 9752K, committed 10624K, reserved 1048576K
}
Event: 81605.702 GC heap before
{Heap before GC invocations=17110 (full 13):
 PSYoungGen      total 5120K, used 4922K [0x00000000d5580000, 0x00000000d5c80000, 0x0000000100000000)
  eden space 4608K, 100% used [0x00000000d5580000,0x00000000d5a00000,0x00000000d5a00000)
  from space 512K, 61% used [0x00000000d5c00000,0x00000000d5c4eaf8,0x00000000d5c80000)
  to   space 1024K, 0% used [0x00000000d5a80000,0x00000000d5a80000,0x00000000d5b80000)
 ParOldGen       total 764416K, used 764209K [0x0000000080000000, 0x00000000aea80000, 0x00000000d5580000)
  object space 764416K, 99% used [0x0000000080000000,0x00000000aea4c418,0x00000000aea80000)
 Metaspace       used 100398K, committed 102144K, reserved 1179648K
  class space    used 9752K, committed 10624K, reserved 1048576K
}
Event: 81605.705 GC heap after
{Heap after GC invocations=17110 (full 13):
 PSYoungGen      total 5632K, used 192K [0x00000000d5580000, 0x00000000d5c80000, 0x0000000100000000)
  eden space 4608K, 0% used [0x00000000d5580000,0x00000000d5580000,0x00000000d5a00000)
  from space 1024K, 18% used [0x00000000d5a80000,0x00000000d5ab0000,0x00000000d5b80000)
  to   space 512K, 0% used [0x00000000d5c00000,0x00000000d5c00000,0x00000000d5c80000)
 ParOldGen       total 764416K, used 764382K [0x0000000080000000, 0x00000000aea80000, 0x00000000d5580000)
  object space 764416K, 99% used [0x0000000080000000,0x00000000aea77a08,0x00000000aea80000)
 Metaspace       used 100398K, committed 102144K, reserved 1179648K
  class space    used 9752K, committed 10624K, reserved 1048576K
}
Event: 81605.727 GC heap before
{Heap before GC invocations=17111 (full 13):
 PSYoungGen      total 5632K, used 4800K [0x00000000d5580000, 0x00000000d5c80000, 0x0000000100000000)
  eden space 4608K, 100% used [0x00000000d5580000,0x00000000d5a00000,0x00000000d5a00000)
  from space 1024K, 18% used [0x00000000d5a80000,0x00000000d5ab0000,0x00000000d5b80000)
  to   space 512K, 0% used [0x00000000d5c00000,0x00000000d5c00000,0x00000000d5c80000)
 ParOldGen       total 764416K, used 764382K [0x0000000080000000, 0x00000000aea80000, 0x00000000d5580000)
  object space 764416K, 99% used [0x0000000080000000,0x00000000aea77a08,0x00000000aea80000)
 Metaspace       used 100398K, committed 102144K, reserved 1179648K
  class space    used 9752K, committed 10624K, reserved 1048576K
}
Event: 81605.730 GC heap after
{Heap after GC invocations=17111 (full 13):
 PSYoungGen      total 5120K, used 192K [0x00000000d5580000, 0x00000000d5c80000, 0x0000000100000000)
  eden space 4608K, 0% used [0x00000000d5580000,0x00000000d5580000,0x00000000d5a00000)
  from space 512K, 37% used [0x00000000d5c00000,0x00000000d5c30000,0x00000000d5c80000)
  to   space 512K, 0% used [0x00000000d5b80000,0x00000000d5b80000,0x00000000d5c00000)
 ParOldGen       total 764928K, used 764430K [0x0000000080000000, 0x00000000aeb00000, 0x00000000d5580000)
  object space 764928K, 99% used [0x0000000080000000,0x00000000aea83a08,0x00000000aeb00000)
 Metaspace       used 100398K, committed 102144K, reserved 1179648K
  class space    used 9752K, committed 10624K, reserved 1048576K
}
Event: 81605.756 GC heap before
{Heap before GC invocations=17112 (full 13):
 PSYoungGen      total 5120K, used 4800K [0x00000000d5580000, 0x00000000d5c80000, 0x0000000100000000)
  eden space 4608K, 100% used [0x00000000d5580000,0x00000000d5a00000,0x00000000d5a00000)
  from space 512K, 37% used [0x00000000d5c00000,0x00000000d5c30000,0x00000000d5c80000)
  to   space 512K, 0% used [0x00000000d5b80000,0x00000000d5b80000,0x00000000d5c00000)
 ParOldGen       total 764928K, used 764430K [0x0000000080000000, 0x00000000aeb00000, 0x00000000d5580000)
  object space 764928K, 99% used [0x0000000080000000,0x00000000aea83a08,0x00000000aeb00000)
 Metaspace       used 100398K, committed 102144K, reserved 1179648K
  class space    used 9752K, committed 10624K, reserved 1048576K
}
Event: 81605.759 GC heap after
{Heap after GC invocations=17112 (full 13):
 PSYoungGen      total 5120K, used 160K [0x00000000d5580000, 0x00000000d5c80000, 0x0000000100000000)
  eden space 4608K, 0% used [0x00000000d5580000,0x00000000d5580000,0x00000000d5a00000)
  from space 512K, 31% used [0x00000000d5b80000,0x00000000d5ba8000,0x00000000d5c00000)
  to   space 512K, 0% used [0x00000000d5c00000,0x00000000d5c00000,0x00000000d5c80000)
 ParOldGen       total 764928K, used 764462K [0x0000000080000000, 0x00000000aeb00000, 0x00000000d5580000)
  object space 764928K, 99% used [0x0000000080000000,0x00000000aea8ba08,0x00000000aeb00000)
 Metaspace       used 100398K, committed 102144K, reserved 1179648K
  class space    used 9752K, committed 10624K, reserved 1048576K
}

Dll operation events (12 events):
Event: 0.033 Loaded shared library c:\Users\Fernanda Jama\.trae\extensions\redhat.java-1.44.0-win32-x64\jre\21.0.8-win32-x86_64\bin\java.dll
Event: 0.217 Loaded shared library c:\Users\Fernanda Jama\.trae\extensions\redhat.java-1.44.0-win32-x64\jre\21.0.8-win32-x86_64\bin\zip.dll
Event: 0.259 Loaded shared library C:\Users\Fernanda Jama\.trae\extensions\redhat.java-1.44.0-win32-x64\jre\21.0.8-win32-x86_64\bin\instrument.dll
Event: 0.336 Loaded shared library C:\Users\Fernanda Jama\.trae\extensions\redhat.java-1.44.0-win32-x64\jre\21.0.8-win32-x86_64\bin\net.dll
Event: 0.382 Loaded shared library C:\Users\Fernanda Jama\.trae\extensions\redhat.java-1.44.0-win32-x64\jre\21.0.8-win32-x86_64\bin\nio.dll
Event: 0.397 Loaded shared library C:\Users\Fernanda Jama\.trae\extensions\redhat.java-1.44.0-win32-x64\jre\21.0.8-win32-x86_64\bin\zip.dll
Event: 0.434 Loaded shared library C:\Users\Fernanda Jama\.trae\extensions\redhat.java-1.44.0-win32-x64\jre\21.0.8-win32-x86_64\bin\jimage.dll
Event: 0.625 Loaded shared library c:\Users\Fernanda Jama\.trae\extensions\redhat.java-1.44.0-win32-x64\jre\21.0.8-win32-x86_64\bin\verify.dll
Event: 9.595 Loaded shared library C:\Users\Fernanda Jama\AppData\Roaming\Trae\User\globalStorage\redhat.java\1.44.0\config_win\org.eclipse.equinox.launcher\org.eclipse.equinox.launcher.win32.win32.x86_64_1.2.1400.v20250730-1736\eclipse_11913.dll
Event: 16.149 Loaded shared library C:\Users\Fernanda Jama\AppData\Local\Temp\jna--1470441178\jna17455997640755096352.dll
Event: 20.013 Loaded shared library C:\Users\Fernanda Jama\.trae\extensions\redhat.java-1.44.0-win32-x64\jre\21.0.8-win32-x86_64\bin\sunmscapi.dll
Event: 20.407 Loaded shared library C:\Users\Fernanda Jama\.trae\extensions\redhat.java-1.44.0-win32-x64\jre\21.0.8-win32-x86_64\bin\extnet.dll

Deoptimization events (20 events):
Event: 18267.223 Thread 0x00000249766aa9d0 DEOPT PACKING pc=0x0000024923e2d084 sp=0x000000eb2c7fd660
Event: 18267.223 Thread 0x00000249766aa9d0 DEOPT UNPACKING pc=0x0000024921b86da2 sp=0x000000eb2c7fd628 mode 2
Event: 18267.223 Thread 0x00000249766aa9d0 Uncommon trap: trap_request=0xffffffc6 fr.pc=0x0000024922ae141c relative=0x00000000000006bc
Event: 18267.223 Thread 0x00000249766aa9d0 Uncommon trap: reason=bimorphic_or_optimized_type_check action=maybe_recompile pc=0x0000024922ae141c method=org.eclipse.jdt.internal.compiler.lookup.TypeBinding.isTypeArgumentContainedBy(Lorg/eclipse/jdt/internal/compiler/lookup/TypeBinding;)Z @ 11 c2
Event: 18267.223 Thread 0x00000249766aa9d0 DEOPT PACKING pc=0x0000024922ae141c sp=0x000000eb2c7fdb20
Event: 18267.223 Thread 0x00000249766aa9d0 DEOPT UNPACKING pc=0x0000024921b86da2 sp=0x000000eb2c7fda70 mode 2
Event: 76603.067 Thread 0x00000249766a5480 Uncommon trap: trap_request=0xffffff45 fr.pc=0x000002492340c1b8 relative=0x0000000000000878
Event: 76603.067 Thread 0x00000249766a5480 Uncommon trap: reason=unstable_if action=reinterpret pc=0x000002492340c1b8 method=org.eclipse.jdt.internal.compiler.ast.Block.resolve(Lorg/eclipse/jdt/internal/compiler/lookup/BlockScope;)V @ 29 c2
Event: 76603.067 Thread 0x00000249766a5480 DEOPT PACKING pc=0x000002492340c1b8 sp=0x000000eb2bffe6e0
Event: 76603.068 Thread 0x00000249766a5480 DEOPT UNPACKING pc=0x0000024921b86da2 sp=0x000000eb2bffe6d0 mode 2
Event: 76603.901 Thread 0x00000249766a8270 DEOPT PACKING pc=0x000002491a884257 sp=0x000000eb2c2fdfd0
Event: 76603.901 Thread 0x00000249766a8270 DEOPT UNPACKING pc=0x0000024921b878e2 sp=0x000000eb2c2fd4f0 mode 0
Event: 81603.892 Thread 0x00000249766a9620 Uncommon trap: trap_request=0xffffffbe fr.pc=0x00000249242bd01c relative=0x000000000000055c
Event: 81603.892 Thread 0x00000249766a9620 Uncommon trap: reason=profile_predicate action=maybe_recompile pc=0x00000249242bd01c method=org.eclipse.jdt.internal.compiler.codegen.IntegerCache.rehash()V @ 65 c2
Event: 81603.892 Thread 0x00000249766a9620 DEOPT PACKING pc=0x00000249242bd01c sp=0x000000eb2c7fe500
Event: 81603.892 Thread 0x00000249766a9620 DEOPT UNPACKING pc=0x0000024921b86da2 sp=0x000000eb2c7fe4a0 mode 2
Event: 81603.892 Thread 0x00000249766a9620 Uncommon trap: trap_request=0xffffff6e fr.pc=0x00000249242bcf6c relative=0x00000000000004ac
Event: 81603.892 Thread 0x00000249766a9620 Uncommon trap: reason=loop_limit_check action=maybe_recompile pc=0x00000249242bcf6c method=org.eclipse.jdt.internal.compiler.codegen.IntegerCache.rehash()V @ 69 c2
Event: 81603.892 Thread 0x00000249766a9620 DEOPT PACKING pc=0x00000249242bcf6c sp=0x000000eb2c7fe500
Event: 81603.893 Thread 0x00000249766a9620 DEOPT UNPACKING pc=0x0000024921b86da2 sp=0x000000eb2c7fe498 mode 2

Classes loaded (20 events):
Event: 4565.586 Loading class jdk/internal/module/IllegalAccessLogger
Event: 4565.586 Loading class jdk/internal/module/IllegalAccessLogger done
Event: 5046.752 Loading class jdk/internal/module/IllegalAccessLogger
Event: 5046.752 Loading class jdk/internal/module/IllegalAccessLogger done
Event: 5711.136 Loading class jdk/internal/module/IllegalAccessLogger
Event: 5711.136 Loading class jdk/internal/module/IllegalAccessLogger done
Event: 10272.451 Loading class jdk/internal/module/IllegalAccessLogger
Event: 10272.451 Loading class jdk/internal/module/IllegalAccessLogger done
Event: 10284.820 Loading class jdk/internal/module/IllegalAccessLogger
Event: 10284.820 Loading class jdk/internal/module/IllegalAccessLogger done
Event: 10822.570 Loading class jdk/internal/module/IllegalAccessLogger
Event: 10822.570 Loading class jdk/internal/module/IllegalAccessLogger done
Event: 11080.760 Loading class jdk/internal/module/IllegalAccessLogger
Event: 11080.760 Loading class jdk/internal/module/IllegalAccessLogger done
Event: 17627.508 Loading class jdk/internal/module/IllegalAccessLogger
Event: 17627.508 Loading class jdk/internal/module/IllegalAccessLogger done
Event: 18092.062 Loading class jdk/internal/module/IllegalAccessLogger
Event: 18092.062 Loading class jdk/internal/module/IllegalAccessLogger done
Event: 18143.206 Loading class jdk/internal/module/IllegalAccessLogger
Event: 18143.207 Loading class jdk/internal/module/IllegalAccessLogger done

Classes unloaded (20 events):
Event: 14926.062 Thread 0x00000249173834a0 Unloading class 0x000002492f019400 'java/lang/invoke/LambdaForm$MH+0x000002492f019400'
Event: 14926.062 Thread 0x00000249173834a0 Unloading class 0x000002492f018800 'java/lang/invoke/LambdaForm$MH+0x000002492f018800'
Event: 14926.062 Thread 0x00000249173834a0 Unloading class 0x000002492f017400 'java/lang/invoke/LambdaForm$MH+0x000002492f017400'
Event: 14926.062 Thread 0x00000249173834a0 Unloading class 0x000002492f016400 'jdk/internal/reflect/GeneratedSerializationConstructorAccessor63'
Event: 14926.062 Thread 0x00000249173834a0 Unloading class 0x000002492f183400 'jdk/internal/reflect/GeneratedSerializationConstructorAccessor62'
Event: 14926.062 Thread 0x00000249173834a0 Unloading class 0x000002492f182000 'jdk/internal/reflect/GeneratedSerializationConstructorAccessor61'
Event: 14926.063 Thread 0x00000249173834a0 Unloading class 0x000002492f73c000 'java/lang/invoke/LambdaForm$MH+0x000002492f73c000'
Event: 14926.063 Thread 0x00000249173834a0 Unloading class 0x000002492f504400 'java/lang/invoke/LambdaForm$MH+0x000002492f504400'
Event: 14926.063 Thread 0x00000249173834a0 Unloading class 0x000002492f7cb400 'java/lang/invoke/LambdaForm$MH+0x000002492f7cb400'
Event: 14926.063 Thread 0x00000249173834a0 Unloading class 0x000002492f9f2400 'java/lang/invoke/LambdaForm$MH+0x000002492f9f2400'
Event: 14926.063 Thread 0x00000249173834a0 Unloading class 0x000002492f9f2000 'java/lang/invoke/LambdaForm$MH+0x000002492f9f2000'
Event: 14926.063 Thread 0x00000249173834a0 Unloading class 0x000002492f9eb800 'java/lang/invoke/LambdaForm$DMH+0x000002492f9eb800'
Event: 14926.063 Thread 0x00000249173834a0 Unloading class 0x000002492f9ea400 'java/lang/invoke/LambdaForm$MH+0x000002492f9ea400'
Event: 14926.063 Thread 0x00000249173834a0 Unloading class 0x000002492f9b0c00 'java/lang/invoke/LambdaForm$MH+0x000002492f9b0c00'
Event: 14926.063 Thread 0x00000249173834a0 Unloading class 0x000002492f9a8800 'java/lang/invoke/LambdaForm$DMH+0x000002492f9a8800'
Event: 14926.063 Thread 0x00000249173834a0 Unloading class 0x000002492f934400 'java/lang/invoke/LambdaForm$MH+0x000002492f934400'
Event: 14926.063 Thread 0x00000249173834a0 Unloading class 0x000002492f504c00 'java/lang/invoke/LambdaForm$MH+0x000002492f504c00'
Event: 18087.910 Thread 0x00000249173834a0 Unloading class 0x000002492f892800 'java/lang/invoke/LambdaForm$MH+0x000002492f892800'
Event: 18087.910 Thread 0x00000249173834a0 Unloading class 0x000002492f896000 'java/lang/invoke/LambdaForm$MH+0x000002492f896000'
Event: 18087.910 Thread 0x00000249173834a0 Unloading class 0x000002492f8ac400 'java/lang/invoke/LambdaForm$MH+0x000002492f8ac400'

Classes redefined (0 events):
No events

Internal exceptions (20 events):
Event: 17695.911 Thread 0x00000249766a9620 Exception <a 'sun/nio/fs/WindowsException'{0x00000000d57b2e68}> (0x00000000d57b2e68) 
thrown [s\src\hotspot\share\prims\jni.cpp, line 520]
Event: 17695.911 Thread 0x00000249766a9620 Exception <a 'sun/nio/fs/WindowsException'{0x00000000d57b3730}> (0x00000000d57b3730) 
thrown [s\src\hotspot\share\prims\jni.cpp, line 520]
Event: 17695.912 Thread 0x00000249766a9620 Exception <a 'sun/nio/fs/WindowsException'{0x00000000d57b4448}> (0x00000000d57b4448) 
thrown [s\src\hotspot\share\prims\jni.cpp, line 520]
Event: 17695.912 Thread 0x00000249766a9620 Exception <a 'sun/nio/fs/WindowsException'{0x00000000d57b4d10}> (0x00000000d57b4d10) 
thrown [s\src\hotspot\share\prims\jni.cpp, line 520]
Event: 17695.913 Thread 0x00000249766a9620 Exception <a 'sun/nio/fs/WindowsException'{0x00000000d57b6478}> (0x00000000d57b6478) 
thrown [s\src\hotspot\share\prims\jni.cpp, line 520]
Event: 17695.913 Thread 0x00000249766a9620 Exception <a 'sun/nio/fs/WindowsException'{0x00000000d57b6cf8}> (0x00000000d57b6cf8) 
thrown [s\src\hotspot\share\prims\jni.cpp, line 520]
Event: 17695.924 Thread 0x00000249766a9620 Exception <a 'sun/nio/fs/WindowsException'{0x00000000d57da988}> (0x00000000d57da988) 
thrown [s\src\hotspot\share\prims\jni.cpp, line 520]
Event: 17695.924 Thread 0x00000249766a9620 Exception <a 'sun/nio/fs/WindowsException'{0x00000000d57db250}> (0x00000000d57db250) 
thrown [s\src\hotspot\share\prims\jni.cpp, line 520]
Event: 17699.654 Thread 0x0000024978d1a590 Exception <a 'sun/nio/fs/WindowsException'{0x00000000d579d590}> (0x00000000d579d590) 
thrown [s\src\hotspot\share\prims\jni.cpp, line 520]
Event: 17699.654 Thread 0x0000024978d1a590 Exception <a 'sun/nio/fs/WindowsException'{0x00000000d579dc18}> (0x00000000d579dc18) 
thrown [s\src\hotspot\share\prims\jni.cpp, line 520]
Event: 17926.494 Thread 0x0000024978d19870 Exception <a 'java/lang/NoSuchMethodError'{0x00000000d5eed010}: static Lorg/eclipse/m2e/core/internal/project/registry/MavenProjectFacade$MavenProjectConfiguration;.<clinit>()V> (0x00000000d5eed010) 
thrown [s\src\hotspot\share\prims\jni.cpp, line 1111]
Event: 17926.497 Thread 0x0000024978d19870 Exception <a 'java/lang/NoSuchMethodError'{0x00000000d5f08c28}: static [J.<clinit>()V> (0x00000000d5f08c28) 
thrown [s\src\hotspot\share\prims\jni.cpp, line 1111]
Event: 17926.505 Thread 0x0000024978d19870 Exception <a 'java/lang/NoSuchMethodError'{0x00000000d5f2d658}: static Lorg/eclipse/m2e/core/internal/lifecyclemapping/model/PluginExecutionMetadata;.<clinit>()V> (0x00000000d5f2d658) 
thrown [s\src\hotspot\share\prims\jni.cpp, line 1111]
Event: 17926.509 Thread 0x0000024978d19870 Exception <a 'java/lang/NoSuchMethodError'{0x00000000d5f4f8d8}: static Lorg/eclipse/m2e/core/internal/lifecyclemapping/model/PluginExecutionFilter;.<clinit>()V> (0x00000000d5f4f8d8) 
thrown [s\src\hotspot\share\prims\jni.cpp, line 1111]
Event: 17926.991 Thread 0x0000024978d19870 Implicit null exception at 0x000002492321e25e to 0x000002492321e9b0
Event: 18091.374 Thread 0x000002497525bcd0 Exception <a 'sun/nio/fs/WindowsException'{0x00000000d5c71958}> (0x00000000d5c71958) 
thrown [s\src\hotspot\share\prims\jni.cpp, line 520]
Event: 18092.052 Thread 0x000002497525bcd0 Exception <a 'sun/nio/fs/WindowsException'{0x00000000d55ea558}> (0x00000000d55ea558) 
thrown [s\src\hotspot\share\prims\jni.cpp, line 520]
Event: 18092.248 Thread 0x0000024978d1d380 Implicit null exception at 0x000002492316cccf to 0x000002492316d684
Event: 18142.750 Thread 0x000002497525bcd0 Exception <a 'sun/nio/fs/WindowsException'{0x00000000d584b730}> (0x00000000d584b730) 
thrown [s\src\hotspot\share\prims\jni.cpp, line 520]
Event: 18143.494 Thread 0x000002497525bcd0 Exception <a 'sun/nio/fs/WindowsException'{0x00000000d5632c10}> (0x00000000d5632c10) 
thrown [s\src\hotspot\share\prims\jni.cpp, line 520]

ZGC Phase Switch (0 events):
No events

VM Operations (20 events):
Event: 81605.563 Executing VM operation: ParallelGCFailedAllocation (Allocation Failure)
Event: 81605.566 Executing VM operation: ParallelGCFailedAllocation (Allocation Failure) done
Event: 81605.586 Executing VM operation: ParallelGCFailedAllocation (Allocation Failure)
Event: 81605.589 Executing VM operation: ParallelGCFailedAllocation (Allocation Failure) done
Event: 81605.619 Executing VM operation: ParallelGCFailedAllocation (Allocation Failure)
Event: 81605.622 Executing VM operation: ParallelGCFailedAllocation (Allocation Failure) done
Event: 81605.645 Executing VM operation: ParallelGCFailedAllocation (Allocation Failure)
Event: 81605.649 Executing VM operation: ParallelGCFailedAllocation (Allocation Failure) done
Event: 81605.675 Executing VM operation: ParallelGCFailedAllocation (Allocation Failure)
Event: 81605.678 Executing VM operation: ParallelGCFailedAllocation (Allocation Failure) done
Event: 81605.702 Executing VM operation: ParallelGCFailedAllocation (Allocation Failure)
Event: 81605.705 Executing VM operation: ParallelGCFailedAllocation (Allocation Failure) done
Event: 81605.727 Executing VM operation: ParallelGCFailedAllocation (Allocation Failure)
Event: 81605.730 Executing VM operation: ParallelGCFailedAllocation (Allocation Failure) done
Event: 81605.756 Executing VM operation: ParallelGCFailedAllocation (Allocation Failure)
Event: 81605.759 Executing VM operation: ParallelGCFailedAllocation (Allocation Failure) done
Event: 81626.343 Executing VM operation: HandshakeAllThreads (HandshakeForDeflation)
Event: 81626.343 Executing VM operation: HandshakeAllThreads (HandshakeForDeflation) done
Event: 81626.343 Executing VM operation: RendezvousGCThreads
Event: 81626.343 Executing VM operation: RendezvousGCThreads done

Memory protections (0 events):
No events

Nmethod flushes (20 events):
Event: 18168.618 Thread 0x00000249173834a0 flushing  nmethod 0x000002491da8f590
Event: 18168.618 Thread 0x00000249173834a0 flushing  nmethod 0x000002491daa7010
Event: 18168.618 Thread 0x00000249173834a0 flushing  nmethod 0x000002491daa8b90
Event: 18168.618 Thread 0x00000249173834a0 flushing  nmethod 0x000002491dac0490
Event: 18168.618 Thread 0x00000249173834a0 flushing  nmethod 0x000002491dac0e10
Event: 18168.618 Thread 0x00000249173834a0 flushing  nmethod 0x000002491dac3790
Event: 18168.618 Thread 0x00000249173834a0 flushing  nmethod 0x000002491daed810
Event: 18168.619 Thread 0x00000249173834a0 flushing  nmethod 0x000002491db09510
Event: 18168.619 Thread 0x00000249173834a0 flushing  nmethod 0x000002491db09910
Event: 18168.619 Thread 0x00000249173834a0 flushing  nmethod 0x000002491db2a810
Event: 18168.619 Thread 0x00000249173834a0 flushing  nmethod 0x000002491db41710
Event: 18168.619 Thread 0x00000249173834a0 flushing  nmethod 0x000002491db41b10
Event: 18168.619 Thread 0x00000249173834a0 flushing  nmethod 0x000002491dba0510
Event: 18168.619 Thread 0x00000249173834a0 flushing  nmethod 0x000002491dbcab10
Event: 18168.619 Thread 0x00000249173834a0 flushing  nmethod 0x000002491dbcbf10
Event: 18168.619 Thread 0x00000249173834a0 flushing  nmethod 0x000002491dbcc310
Event: 18168.619 Thread 0x00000249173834a0 flushing  nmethod 0x000002491dbe9190
Event: 18168.619 Thread 0x00000249173834a0 flushing  nmethod 0x000002491dc33090
Event: 18168.619 Thread 0x00000249173834a0 flushing  nmethod 0x000002491dc7f110
Event: 18168.619 Thread 0x00000249173834a0 flushing  nmethod 0x000002491dc96d90

Events (20 events):
Event: 77735.990 Thread 0x00000249766a8270 Thread exited: 0x00000249766a8270
Event: 77795.993 Thread 0x00000249766a6830 Thread exited: 0x00000249766a6830
Event: 77855.994 Thread 0x00000249766a5b10 Thread exited: 0x00000249766a5b10
Event: 77915.997 Thread 0x00000249766a4df0 Thread exited: 0x00000249766a4df0
Event: 77955.675 Thread 0x00000249766ac410 Thread added: 0x00000249766a8270
Event: 78016.285 Thread 0x00000249766ac410 Thread exited: 0x00000249766ac410
Event: 78076.288 Thread 0x00000249766a8270 Thread exited: 0x00000249766a8270
Event: 80136.405 Thread 0x0000024978d1d380 Thread added: 0x00000249766a8270
Event: 80136.412 Thread 0x00000249766a7be0 Thread exited: 0x00000249766a7be0
Event: 81597.080 Thread 0x0000024978cee1a0 Thread added: 0x00000249766a4df0
Event: 81597.148 Thread 0x00000249766a4df0 Thread added: 0x00000249766a5480
Event: 81601.454 Thread 0x0000024978cee1a0 Thread added: 0x00000249766a7be0
Event: 81601.462 Thread 0x00000249766a7be0 Thread added: 0x00000249766a5b10
Event: 81601.480 Thread 0x0000024978cee1a0 Thread added: 0x00000249766a9620
Event: 81601.484 Thread 0x00000249766a9620 Thread added: 0x00000249766a6830
Event: 81601.510 Thread 0x00000249766a6830 Thread added: 0x00000249766abd80
Event: 81665.784 Thread 0x00000249766a9620 Thread exited: 0x00000249766a9620
Event: 81763.555 Thread 0x00000249766a7be0 Thread exited: 0x00000249766a7be0
Event: 81823.563 Thread 0x00000249766a6830 Thread exited: 0x00000249766a6830
Event: 81883.576 Thread 0x00000249766abd80 Thread exited: 0x00000249766abd80


Dynamic libraries:
0x00007ff6de150000 - 0x00007ff6de15e000 	c:\Users\Fernanda Jama\.trae\extensions\redhat.java-1.44.0-win32-x64\jre\21.0.8-win32-x86_64\bin\java.exe
0x00007ffc09100000 - 0x00007ffc09369000 	C:\Windows\SYSTEM32\ntdll.dll
0x00007ffc086e0000 - 0x00007ffc087a9000 	C:\Windows\System32\KERNEL32.DLL
0x00007ffc06520000 - 0x00007ffc06913000 	C:\Windows\System32\KERNELBASE.dll
0x00007ffb76800000 - 0x00007ffb768db000 	C:\Program Files\Bitdefender\Endpoint Security\bdhkm\dlls_268027849970956834\bdhkm64.dll
0x00007ffb76620000 - 0x00007ffb767f9000 	C:\Program Files\Bitdefender\Endpoint Security\atcuf\dlls_268027849728437147\atcuf64.dll
0x00007ffc06c00000 - 0x00007ffc06d4b000 	C:\Windows\System32\ucrtbase.dll
0x00007ffbf6fa0000 - 0x00007ffbf6fb8000 	c:\Users\Fernanda Jama\.trae\extensions\redhat.java-1.44.0-win32-x64\jre\21.0.8-win32-x86_64\bin\jli.dll
0x00007ffc08950000 - 0x00007ffc08b14000 	C:\Windows\System32\USER32.dll
0x00007ffc06a60000 - 0x00007ffc06a87000 	C:\Windows\System32\win32u.dll
0x00007ffc07620000 - 0x00007ffc0764b000 	C:\Windows\System32\GDI32.dll
0x00007ffc063f0000 - 0x00007ffc0651d000 	C:\Windows\System32\gdi32full.dll
0x00007ffc069b0000 - 0x00007ffc06a53000 	C:\Windows\System32\msvcp_win.dll
0x00007ffbee9c0000 - 0x00007ffbee9de000 	c:\Users\Fernanda Jama\.trae\extensions\redhat.java-1.44.0-win32-x64\jre\21.0.8-win32-x86_64\bin\VCRUNTIME140.dll
0x00007ffbea690000 - 0x00007ffbea923000 	C:\Windows\WinSxS\amd64_microsoft.windows.common-controls_6595b64144ccf1df_6.0.26100.5074_none_3e0d6f78e32fd63f\COMCTL32.dll
0x00007ffc08f10000 - 0x00007ffc08fb9000 	C:\Windows\System32\msvcrt.dll
0x00007ffc087b0000 - 0x00007ffc087df000 	C:\Windows\System32\IMM32.DLL
0x00007ffc00e60000 - 0x00007ffc00e6c000 	c:\Users\Fernanda Jama\.trae\extensions\redhat.java-1.44.0-win32-x64\jre\21.0.8-win32-x86_64\bin\vcruntime140_1.dll
0x00007ffbee2b0000 - 0x00007ffbee33d000 	c:\Users\Fernanda Jama\.trae\extensions\redhat.java-1.44.0-win32-x64\jre\21.0.8-win32-x86_64\bin\msvcp140.dll
0x00007ffb2e0c0000 - 0x00007ffb2ee57000 	c:\Users\Fernanda Jama\.trae\extensions\redhat.java-1.44.0-win32-x64\jre\21.0.8-win32-x86_64\bin\server\jvm.dll
0x00007ffc081a0000 - 0x00007ffc08254000 	C:\Windows\System32\ADVAPI32.dll
0x00007ffc07870000 - 0x00007ffc07916000 	C:\Windows\System32\sechost.dll
0x00007ffc07470000 - 0x00007ffc07588000 	C:\Windows\System32\RPCRT4.dll
0x00007ffc07590000 - 0x00007ffc07604000 	C:\Windows\System32\WS2_32.dll
0x00007ffc060f0000 - 0x00007ffc0614e000 	C:\Windows\SYSTEM32\POWRPROF.dll
0x00007ffbef310000 - 0x00007ffbef345000 	C:\Windows\SYSTEM32\WINMM.dll
0x00007ffbf51f0000 - 0x00007ffbf51fb000 	C:\Windows\SYSTEM32\VERSION.dll
0x00007ffc060d0000 - 0x00007ffc060e4000 	C:\Windows\SYSTEM32\UMPDC.dll
0x00007ffc05030000 - 0x00007ffc0504b000 	C:\Windows\SYSTEM32\kernel.appcore.dll
0x00007ffbf6f90000 - 0x00007ffbf6f9a000 	c:\Users\Fernanda Jama\.trae\extensions\redhat.java-1.44.0-win32-x64\jre\21.0.8-win32-x86_64\bin\jimage.dll
0x00007ffc039d0000 - 0x00007ffc03c12000 	C:\Windows\SYSTEM32\DBGHELP.DLL
0x00007ffc08b90000 - 0x00007ffc08f0b000 	C:\Windows\System32\combase.dll
0x00007ffc087f0000 - 0x00007ffc088c7000 	C:\Windows\System32\OLEAUT32.dll
0x00007ffbce3e0000 - 0x00007ffbce41d000 	C:\Windows\SYSTEM32\dbgcore.DLL
0x00007ffc06350000 - 0x00007ffc063e9000 	C:\Windows\System32\bcryptPrimitives.dll
0x00007ffbf6e70000 - 0x00007ffbf6e7f000 	c:\Users\Fernanda Jama\.trae\extensions\redhat.java-1.44.0-win32-x64\jre\21.0.8-win32-x86_64\bin\instrument.dll
0x00007ffbee290000 - 0x00007ffbee2af000 	c:\Users\Fernanda Jama\.trae\extensions\redhat.java-1.44.0-win32-x64\jre\21.0.8-win32-x86_64\bin\java.dll
0x00007ffc07a50000 - 0x00007ffc0819d000 	C:\Windows\System32\SHELL32.dll
0x00007ffc06a90000 - 0x00007ffc06bfc000 	C:\Windows\System32\wintypes.dll
0x00007ffc03eb0000 - 0x00007ffc04709000 	C:\Windows\SYSTEM32\windows.storage.dll
0x00007ffc07360000 - 0x00007ffc07450000 	C:\Windows\System32\SHCORE.dll
0x00007ffc08670000 - 0x00007ffc086d2000 	C:\Windows\System32\shlwapi.dll
0x00007ffc061b0000 - 0x00007ffc061d9000 	C:\Windows\SYSTEM32\profapi.dll
0x00007ffbee270000 - 0x00007ffbee288000 	c:\Users\Fernanda Jama\.trae\extensions\redhat.java-1.44.0-win32-x64\jre\21.0.8-win32-x86_64\bin\zip.dll
0x00007ffbf66a0000 - 0x00007ffbf66b0000 	C:\Users\Fernanda Jama\.trae\extensions\redhat.java-1.44.0-win32-x64\jre\21.0.8-win32-x86_64\bin\net.dll
0x00007ffbf8ed0000 - 0x00007ffbf8fef000 	C:\Windows\SYSTEM32\WINHTTP.dll
0x00007ffc05590000 - 0x00007ffc055fb000 	C:\Windows\system32\mswsock.dll
0x00007ffbee250000 - 0x00007ffbee266000 	C:\Users\Fernanda Jama\.trae\extensions\redhat.java-1.44.0-win32-x64\jre\21.0.8-win32-x86_64\bin\nio.dll
0x00007ffbefdf0000 - 0x00007ffbefe00000 	c:\Users\Fernanda Jama\.trae\extensions\redhat.java-1.44.0-win32-x64\jre\21.0.8-win32-x86_64\bin\verify.dll
0x00007ffbee110000 - 0x00007ffbee155000 	C:\Users\Fernanda Jama\AppData\Roaming\Trae\User\globalStorage\redhat.java\1.44.0\config_win\org.eclipse.equinox.launcher\org.eclipse.equinox.launcher.win32.win32.x86_64_1.2.1400.v20250730-1736\eclipse_11913.dll
0x00007ffc08260000 - 0x00007ffc083f8000 	C:\Windows\System32\ole32.dll
0x00007ffc05960000 - 0x00007ffc0597b000 	C:\Windows\SYSTEM32\CRYPTSP.dll
0x00007ffc04f90000 - 0x00007ffc04fcb000 	C:\Windows\system32\rsaenh.dll
0x00007ffc05630000 - 0x00007ffc0565b000 	C:\Windows\SYSTEM32\USERENV.dll
0x00007ffc06180000 - 0x00007ffc061a6000 	C:\Windows\SYSTEM32\bcrypt.dll
0x00007ffc057c0000 - 0x00007ffc057cc000 	C:\Windows\SYSTEM32\CRYPTBASE.dll
0x00007ffc04a30000 - 0x00007ffc04a64000 	C:\Windows\SYSTEM32\IPHLPAPI.DLL
0x00007ffc07a40000 - 0x00007ffc07a4a000 	C:\Windows\System32\NSI.dll
0x00007ffbd2e00000 - 0x00007ffbd2e49000 	C:\Users\Fernanda Jama\AppData\Local\Temp\jna--1470441178\jna17455997640755096352.dll
0x00007ffc07610000 - 0x00007ffc07618000 	C:\Windows\System32\PSAPI.DLL
0x00007ffc00430000 - 0x00007ffc0044e000 	C:\Windows\SYSTEM32\dhcpcsvc6.DLL
0x00007ffc000e0000 - 0x00007ffc00103000 	C:\Windows\SYSTEM32\dhcpcsvc.DLL
0x00007ffbf7b30000 - 0x00007ffbf7b3e000 	C:\Users\Fernanda Jama\.trae\extensions\redhat.java-1.44.0-win32-x64\jre\21.0.8-win32-x86_64\bin\sunmscapi.dll
0x00007ffc06d50000 - 0x00007ffc06ec7000 	C:\Windows\System32\CRYPT32.dll
0x00007ffc05ab0000 - 0x00007ffc05ae0000 	C:\Windows\SYSTEM32\ncrypt.dll
0x00007ffc05a60000 - 0x00007ffc05a9f000 	C:\Windows\SYSTEM32\NTASN1.dll
0x00007ffc04ac0000 - 0x00007ffc04be6000 	C:\Windows\SYSTEM32\DNSAPI.dll
0x00007ffbf8200000 - 0x00007ffbf820b000 	C:\Windows\System32\rasadhlp.dll
0x00007ffc00770000 - 0x00007ffc007f6000 	C:\Windows\System32\fwpuclnt.dll
0x00007ffbf7b20000 - 0x00007ffbf7b29000 	C:\Users\Fernanda Jama\.trae\extensions\redhat.java-1.44.0-win32-x64\jre\21.0.8-win32-x86_64\bin\extnet.dll

JVMTI agents:
c:\Users\Fernanda Jama\.trae\extensions\redhat.java-1.44.0-win32-x64\lombok\lombok-1.18.39-4050.jar path:c:\Users\Fernanda Jama\.trae\extensions\redhat.java-1.44.0-win32-x64\jre\21.0.8-win32-x86_64\bin\instrument.dll, loaded, initialized, instrumentlib options:none

dbghelp: loaded successfully - version: 4.0.5 - missing functions: none
symbol engine: initialized successfully - sym options: 0x614 - pdb path: .;c:\Users\Fernanda Jama\.trae\extensions\redhat.java-1.44.0-win32-x64\jre\21.0.8-win32-x86_64\bin;C:\Windows\SYSTEM32;C:\Program Files\Bitdefender\Endpoint Security\bdhkm\dlls_268027849970956834;C:\Program Files\Bitdefender\Endpoint Security\atcuf\dlls_268027849728437147;C:\Windows\WinSxS\amd64_microsoft.windows.common-controls_6595b64144ccf1df_6.0.26100.5074_none_3e0d6f78e32fd63f;c:\Users\Fernanda Jama\.trae\extensions\redhat.java-1.44.0-win32-x64\jre\21.0.8-win32-x86_64\bin\server;C:\Users\Fernanda Jama\AppData\Roaming\Trae\User\globalStorage\redhat.java\1.44.0\config_win\org.eclipse.equinox.launcher\org.eclipse.equinox.launcher.win32.win32.x86_64_1.2.1400.v20250730-1736;C:\Users\Fernanda Jama\AppData\Local\Temp\jna--1470441178

VM Arguments:
jvm_args: --add-modules=ALL-SYSTEM --add-opens=java.base/java.util=ALL-UNNAMED --add-opens=java.base/java.lang=ALL-UNNAMED --add-opens=java.base/sun.nio.fs=ALL-UNNAMED -Declipse.application=org.eclipse.jdt.ls.core.id1 -Dosgi.bundles.defaultStartLevel=4 -Declipse.product=org.eclipse.jdt.ls.core.product -Djava.import.generatesMetadataFilesAtProjectRoot=false -DDetectVMInstallationsJob.disabled=true -Dfile.encoding=utf8 -XX:+UseParallelGC -XX:GCTimeRatio=4 -XX:AdaptiveSizePolicyWeight=90 -Dsun.zip.disableMemoryMapping=true -Xmx2G -Xms100m -Xlog:disable -javaagent:c:\Users\Fernanda Jama\.trae\extensions\redhat.java-1.44.0-win32-x64\lombok\lombok-1.18.39-4050.jar -XX:+HeapDumpOnOutOfMemoryError -XX:HeapDumpPath=c:\Users\Fernanda Jama\AppData\Roaming\Trae\User\workspaceStorage\15c722b02b3b73826bcb58a08aa3cd52\redhat.java -Daether.dependencyCollector.impl=bf 
java_command: c:\Users\Fernanda Jama\.trae\extensions\redhat.java-1.44.0-win32-x64\server\plugins\org.eclipse.equinox.launcher_1.7.0.v20250519-0528.jar -configuration c:\Users\Fernanda Jama\AppData\Roaming\Trae\User\globalStorage\redhat.java\1.44.0\config_win -data c:\Users\Fernanda Jama\AppData\Roaming\Trae\User\workspaceStorage\15c722b02b3b73826bcb58a08aa3cd52\redhat.java\jdt_ws --pipe=\\.\pipe\lsp-03071f5f241b05962d8081039405b148-sock
java_class_path (initial): c:\Users\Fernanda Jama\.trae\extensions\redhat.java-1.44.0-win32-x64\server\plugins\org.eclipse.equinox.launcher_1.7.0.v20250519-0528.jar
Launcher Type: SUN_STANDARD

[Global flags]
    uintx AdaptiveSizePolicyWeight                 = 90                                        {product} {command line}
     intx CICompilerCount                          = 4                                         {product} {ergonomic}
    uintx GCTimeRatio                              = 4                                         {product} {command line}
     bool HeapDumpOnOutOfMemoryError               = true                                   {manageable} {command line}
    ccstr HeapDumpPath                             = c:\Users\Fernanda Jama\AppData\Roaming\Trae\User\workspaceStorage\15c722b02b3b73826bcb58a08aa3cd52\redhat.java         {manageable} {command line}
   size_t InitialHeapSize                          = 104857600                                 {product} {command line}
   size_t MaxHeapSize                              = 2147483648                                {product} {command line}
   size_t MaxNewSize                               = 715653120                                 {product} {ergonomic}
   size_t MinHeapDeltaBytes                        = 524288                                    {product} {ergonomic}
   size_t MinHeapSize                              = 104857600                                 {product} {command line}
   size_t NewSize                                  = 34603008                                  {product} {ergonomic}
    uintx NonNMethodCodeHeapSize                   = 5839372                                {pd product} {ergonomic}
    uintx NonProfiledCodeHeapSize                  = 122909434                              {pd product} {ergonomic}
   size_t OldSize                                  = 70254592                                  {product} {ergonomic}
    uintx ProfiledCodeHeapSize                     = 122909434                              {pd product} {ergonomic}
    uintx ReservedCodeCacheSize                    = 251658240                              {pd product} {ergonomic}
     bool SegmentedCodeCache                       = true                                      {product} {ergonomic}
   size_t SoftMaxHeapSize                          = 2147483648                             {manageable} {ergonomic}
     bool UseCompressedOops                        = true                           {product lp64_product} {ergonomic}
     bool UseLargePagesIndividualAllocation        = false                                  {pd product} {ergonomic}
     bool UseParallelGC                            = true                                      {product} {command line}

Logging:
Log output configuration:
 #0: stdout all=off uptime,level,tags foldmultilines=false
 #1: stderr all=off uptime,level,tags foldmultilines=false

Environment Variables:
JAVA_HOME=C:\Program Files\Java\jdk-17
CLASSPATH=C:\Program Files\SAP\SAP Business One DI API\JCO\LIB\sbowrapper.jar;C:\Program Files\SAP\SAP Business One DI API\JCO\LIB\sboapi.jar
PATH=C:\Users\Fernanda Jama\.trae\tools\gradle\latest\bin;C:\Program Files\Java\jdk-17\bin;C:\Users\Fernanda Jama\.trae\tools\maven\latest\bin;C:\Python313\Scripts\;C:\Python313\;C:\Program Files\Microsoft MPI\Bin\;C:\Program Files\Common Files\Oracle\Java\javapath;C:\Windows\system32;C:\Windows;C:\Windows\System32\Wbem;C:\Windows\System32\WindowsPowerShell\v1.0\;C:\Windows\System32\OpenSSH\;C:\Program Files\Microsoft SQL Server\Client SDK\ODBC\170\Tools\Binn\;C:\Program Files (x86)\Microsoft SQL Server\150\Tools\Binn\;C:\Program Files\Microsoft SQL Server\150\Tools\Binn\;C:\Program Files\Microsoft SQL Server\150\DTS\Binn\;C:\Program Files (x86)\Microsoft SQL Server\160\DTS\Binn\;C:\Program Files\nodejs\;C:\ProgramData\chocolatey\bin;C:\Program Files\SAP\SAP Business One DI API\JCO\LIB\;C:\Program Files\SAP\SAP Business One DI API\DI API 90;C:\Program Files\SAP\SAP Business One\;C:\Program Files\apache-maven-3.8.8-bin\apache-maven-3.8.8\bin;C:\Program Files\Git\cmd;C:\Users\Fernanda Jama\AppData\Local\Microsoft\WindowsApps;C:\Users\Fernanda Jama\AppData\Local\GitHubDesktop\bin;C:\Users\Fernanda Jama\AppData\Local\Programs\Microsoft VS Code\bin;C:\Users\Fernanda Jama\AppData\Roaming\npm;c:\Users\Fernanda Jama\AppData\Local\Programs\Trae\resources\app\bin\lib
USERNAME=Fernanda Jama
OS=Windows_NT
PROCESSOR_IDENTIFIER=Intel64 Family 6 Model 140 Stepping 1, GenuineIntel
TMP=C:\Users\FERNAN~1\AppData\Local\Temp
TEMP=C:\Users\FERNAN~1\AppData\Local\Temp




Periodic native trim disabled

---------------  S Y S T E M  ---------------

OS:
 Windows 11 , 64 bit Build 26100 (10.0.26100.5074)
OS uptime: 1 days 1:39 hours
Hyper-V role detected

CPU: total 8 (initial active 8) (4 cores per cpu, 2 threads per core) family 6 model 140 stepping 1 microcode 0xb8, cx8, cmov, fxsr, ht, mmx, 3dnowpref, sse, sse2, sse3, ssse3, sse4.1, sse4.2, popcnt, lzcnt, tsc, tscinvbit, avx, avx2, aes, erms, clmul, bmi1, bmi2, adx, avx512f, avx512dq, avx512cd, avx512bw, avx512vl, sha, fma, vzeroupper, avx512_vpopcntdq, avx512_vpclmulqdq, avx512_vaes, avx512_vnni, clflush, clflushopt, clwb, avx512_vbmi2, avx512_vbmi, hv, rdtscp, rdpid, fsrm, gfni, avx512_bitalg, f16c, cet_ibt, cet_ss, avx512_ifma
Processor Information for the first 8 processors :
  Max Mhz: 2803, Current Mhz: 2803, Mhz Limit: 2803

Memory: 4k page, system-wide physical 40743M (868M free)
TotalPageFile size 101623M (AvailPageFile size 20M)
current process WorkingSet (physical memory assigned to process): 232M, peak: 1840M
current process commit charge ("private bytes"): 1182M, peak: 1816M

vm_info: OpenJDK 64-Bit Server VM (21.0.8+9-LTS) for windows-amd64 JRE (21.0.8+9-LTS), built on 2025-07-15T00:00:00Z by "admin" with MS VC++ 17.7 (VS2022)

END.
