#
# There is insufficient memory for the Java Runtime Environment to continue.
# Native memory allocation (malloc) failed to allocate 1460016 bytes. Error detail: Chunk::new
# Possible reasons:
#   The system is out of physical RAM or swap space
#   This process is running with CompressedOops enabled, and the Java Heap may be blocking the growth of the native heap
# Possible solutions:
#   Reduce memory load on the system
#   Increase physical memory or swap space
#   Check if swap backing store is full
#   Decrease Java heap size (-Xmx/-Xms)
#   Decrease number of Java threads
#   Decrease Java thread stack sizes (-Xss)
#   Set larger code cache with -XX:ReservedCodeCacheSize=
#   JVM is running with Unscaled Compressed Oops mode in which the Java heap is
#     placed in the first 4GB address space. The Java Heap base address is the
#     maximum limit for the native heap growth. Please use -XX:HeapBaseMinAddress
#     to set the Java Heap base and to place the Java Heap above 4GB virtual address.
# This output file may be truncated or incomplete.
#
#  Out of Memory Error (arena.cpp:168), pid=23320, tid=22948
#
# JRE version: OpenJDK Runtime Environment Temurin-21.0.8+9 (21.0.8+9) (build 21.0.8+9-LTS)
# Java VM: OpenJDK 64-Bit Server VM Temurin-21.0.8+9 (21.0.8+9-LTS, mixed mode, sharing, tiered, compressed oops, compressed class ptrs, parallel gc, windows-amd64)
# No core dump will be written. Minidumps are not enabled by default on client versions of Windows
#

---------------  S U M M A R Y ------------

Command Line: --add-modules=ALL-SYSTEM --add-opens=java.base/java.util=ALL-UNNAMED --add-opens=java.base/java.lang=ALL-UNNAMED --add-opens=java.base/sun.nio.fs=ALL-UNNAMED -Declipse.application=org.eclipse.jdt.ls.core.id1 -Dosgi.bundles.defaultStartLevel=4 -Declipse.product=org.eclipse.jdt.ls.core.product -Djava.import.generatesMetadataFilesAtProjectRoot=false -DDetectVMInstallationsJob.disabled=true -Dfile.encoding=utf8 -XX:+UseParallelGC -XX:GCTimeRatio=4 -XX:AdaptiveSizePolicyWeight=90 -Dsun.zip.disableMemoryMapping=true -Xmx2G -Xms100m -Xlog:disable -javaagent:c:\Users\Fernanda Jama\.trae\extensions\redhat.java-1.44.0-win32-x64\lombok\lombok-1.18.39-4050.jar -XX:+HeapDumpOnOutOfMemoryError -XX:HeapDumpPath=c:\Users\Fernanda Jama\AppData\Roaming\Trae\User\workspaceStorage\15c722b02b3b73826bcb58a08aa3cd52\redhat.java -Daether.dependencyCollector.impl=bf c:\Users\Fernanda Jama\.trae\extensions\redhat.java-1.44.0-win32-x64\server\plugins\org.eclipse.equinox.launcher_1.7.0.v20250519-0528.jar -configuration c:\Users\Fernanda Jama\AppData\Roaming\Trae\User\globalStorage\redhat.java\1.44.0\config_win -data c:\Users\Fernanda Jama\AppData\Roaming\Trae\User\workspaceStorage\15c722b02b3b73826bcb58a08aa3cd52\redhat.java\jdt_ws --pipe=\\.\pipe\lsp-aff52b56146b0ed5cb4b365d9d9d6562-sock

Host: 11th Gen Intel(R) Core(TM) i7-1165G7 @ 2.80GHz, 8 cores, 39G,  Windows 11 , 64 bit Build 26100 (10.0.26100.4768)
Time: Mon Sep  1 18:39:21 2025 Hora est. Pacífico, Sudamérica elapsed time: 54.767482 seconds (0d 0h 0m 54s)

---------------  T H R E A D  ---------------

Current thread (0x000001b167c7dcb0):  JavaThread "C2 CompilerThread2" daemon [_thread_in_native, id=22948, stack(0x0000002eab700000,0x0000002eab800000) (1024K)]


Current CompileTask:
C2:54767 12686       4       org.eclipse.jdt.internal.core.search.indexing.BinaryIndexer::extractReferenceFromConstantPool (358 bytes)

Stack: [0x0000002eab700000,0x0000002eab800000]
Native frames: (J=compiled Java code, j=interpreted, Vv=VM code, C=native code)
V  [jvm.dll+0x6d2449]
V  [jvm.dll+0x8ae341]
V  [jvm.dll+0x8b08be]
V  [jvm.dll+0x8b0fa3]
V  [jvm.dll+0x280c96]
V  [jvm.dll+0xc581d]
V  [jvm.dll+0xc5d53]
V  [jvm.dll+0x3b9162]
V  [jvm.dll+0x1e1213]
V  [jvm.dll+0x249022]
V  [jvm.dll+0x2484af]
V  [jvm.dll+0x1c89ee]
V  [jvm.dll+0x257d4d]
V  [jvm.dll+0x2562ea]
V  [jvm.dll+0x3f2d16]
V  [jvm.dll+0x857e6b]
V  [jvm.dll+0x6d0b0d]
C  [ucrtbase.dll+0x37b0]
C  [KERNEL32.DLL+0x2e8d7]
C  [ntdll.dll+0x3c34c]


---------------  P R O C E S S  ---------------

Threads class SMR info:
_java_thread_list=0x000001b163443cc0, length=58, elements={
0x000001b1057bb0a0, 0x000001b10586e1e0, 0x000001b10572f110, 0x000001b1057346a0,
0x000001b105735370, 0x000001b105739530, 0x000001b10573a180, 0x000001b10573f3d0,
0x000001b105755520, 0x000001b15eba0b70, 0x000001b15eddd7b0, 0x000001b1637bb830,
0x000001b163329e70, 0x000001b163990060, 0x000001b1639912a0, 0x000001b163c20d30,
0x000001b1639f57f0, 0x000001b163cd5450, 0x000001b163cd6e90, 0x000001b163cd6170,
0x000001b163cd7520, 0x000001b163cd6800, 0x000001b163cd7bb0, 0x000001b163cd4dc0,
0x000001b166b4cbf0, 0x000001b166b4bed0, 0x000001b166b4c560, 0x000001b166b4ecc0,
0x000001b166b4dfa0, 0x000001b166b4d280, 0x000001b166b4b840, 0x000001b166b50070,
0x000001b166b50700, 0x000001b166b50d90, 0x000001b166b4e630, 0x000001b166b4f350,
0x000001b166b4d910, 0x000001b166b52140, 0x000001b166b51420, 0x000001b166b527d0,
0x000001b166b52e60, 0x000001b166b51ab0, 0x000001b166b4f9e0, 0x000001b15ed1f380,
0x000001b15ed1fa10, 0x000001b15ed22800, 0x000001b15ed22e90, 0x000001b15ed23520,
0x000001b15ed20730, 0x000001b15ed200a0, 0x000001b15ed21ae0, 0x000001b15ed23bb0,
0x000001b15ed22170, 0x000001b167c7cf10, 0x000001b167c7dcb0, 0x000001b15ed24240,
0x000001b15ed248d0, 0x000001b15ed24f60
}

Java Threads: ( => current thread )
  0x000001b1057bb0a0 JavaThread "main"                              [_thread_blocked, id=23996, stack(0x0000002ea7500000,0x0000002ea7600000) (1024K)]
  0x000001b10586e1e0 JavaThread "Reference Handler"          daemon [_thread_blocked, id=10220, stack(0x0000002ea7900000,0x0000002ea7a00000) (1024K)]
  0x000001b10572f110 JavaThread "Finalizer"                  daemon [_thread_blocked, id=23276, stack(0x0000002ea7a00000,0x0000002ea7b00000) (1024K)]
  0x000001b1057346a0 JavaThread "Signal Dispatcher"          daemon [_thread_blocked, id=22236, stack(0x0000002ea7b00000,0x0000002ea7c00000) (1024K)]
  0x000001b105735370 JavaThread "Attach Listener"            daemon [_thread_blocked, id=3280, stack(0x0000002ea7c00000,0x0000002ea7d00000) (1024K)]
  0x000001b105739530 JavaThread "Service Thread"             daemon [_thread_blocked, id=21404, stack(0x0000002ea7d00000,0x0000002ea7e00000) (1024K)]
  0x000001b10573a180 JavaThread "Monitor Deflation Thread"   daemon [_thread_blocked, id=6716, stack(0x0000002ea7e00000,0x0000002ea7f00000) (1024K)]
  0x000001b10573f3d0 JavaThread "C2 CompilerThread0"         daemon [_thread_in_native, id=25264, stack(0x0000002ea7f00000,0x0000002ea8000000) (1024K)]
  0x000001b105755520 JavaThread "C1 CompilerThread0"         daemon [_thread_blocked, id=13420, stack(0x0000002ea8000000,0x0000002ea8100000) (1024K)]
  0x000001b15eba0b70 JavaThread "Common-Cleaner"             daemon [_thread_blocked, id=4960, stack(0x0000002ea8100000,0x0000002ea8200000) (1024K)]
  0x000001b15eddd7b0 JavaThread "Notification Thread"        daemon [_thread_blocked, id=13804, stack(0x0000002ea8200000,0x0000002ea8300000) (1024K)]
  0x000001b1637bb830 JavaThread "Active Thread: Equinox Container: 45afdcf9-91a2-454e-bd04-216d0bbdd7b6"        [_thread_blocked, id=7172, stack(0x0000002ea8b00000,0x0000002ea8c00000) (1024K)]
  0x000001b163329e70 JavaThread "Refresh Thread: Equinox Container: 45afdcf9-91a2-454e-bd04-216d0bbdd7b6" daemon [_thread_blocked, id=19348, stack(0x0000002ea8d00000,0x0000002ea8e00000) (1024K)]
  0x000001b163990060 JavaThread "Framework Event Dispatcher: Equinox Container: 45afdcf9-91a2-454e-bd04-216d0bbdd7b6" daemon [_thread_blocked, id=25768, stack(0x0000002ea8e00000,0x0000002ea8f00000) (1024K)]
  0x000001b1639912a0 JavaThread "Start Level: Equinox Container: 45afdcf9-91a2-454e-bd04-216d0bbdd7b6" daemon [_thread_blocked, id=7964, stack(0x0000002ea8f00000,0x0000002ea9000000) (1024K)]
  0x000001b163c20d30 JavaThread "Bundle File Closer"         daemon [_thread_blocked, id=9796, stack(0x0000002ea8400000,0x0000002ea8500000) (1024K)]
  0x000001b1639f57f0 JavaThread "SCR Component Actor"        daemon [_thread_blocked, id=21540, stack(0x0000002ea8300000,0x0000002ea8400000) (1024K)]
  0x000001b163cd5450 JavaThread "Worker-JM"                         [_thread_blocked, id=24712, stack(0x0000002ea9100000,0x0000002ea9200000) (1024K)]
  0x000001b163cd6e90 JavaThread "JNA Cleaner"                daemon [_thread_blocked, id=12768, stack(0x0000002ea9200000,0x0000002ea9300000) (1024K)]
  0x000001b163cd6170 JavaThread "Worker-0"                          [_thread_blocked, id=22116, stack(0x0000002ea9300000,0x0000002ea9400000) (1024K)]
  0x000001b163cd7520 JavaThread "Worker-1"                          [_thread_blocked, id=25092, stack(0x0000002ea9400000,0x0000002ea9500000) (1024K)]
  0x000001b163cd6800 JavaThread "Worker-2"                          [_thread_blocked, id=18608, stack(0x0000002ea9600000,0x0000002ea9700000) (1024K)]
  0x000001b163cd7bb0 JavaThread "Worker-3: Building"                [_thread_blocked, id=25952, stack(0x0000002ea9700000,0x0000002ea9800000) (1024K)]
  0x000001b163cd4dc0 JavaThread "Java indexing"              daemon [_thread_in_Java, id=2156, stack(0x0000002ea9500000,0x0000002ea9600000) (1024K)]
  0x000001b166b4cbf0 JavaThread "Worker-4: Java indexing... "        [_thread_blocked, id=23672, stack(0x0000002ea9900000,0x0000002ea9a00000) (1024K)]
  0x000001b166b4bed0 JavaThread "Worker-5"                          [_thread_blocked, id=1792, stack(0x0000002ea9a00000,0x0000002ea9b00000) (1024K)]
  0x000001b166b4c560 JavaThread "Thread-2"                   daemon [_thread_in_native, id=26500, stack(0x0000002ea9d00000,0x0000002ea9e00000) (1024K)]
  0x000001b166b4ecc0 JavaThread "Thread-3"                   daemon [_thread_in_native, id=26056, stack(0x0000002ea9e00000,0x0000002ea9f00000) (1024K)]
  0x000001b166b4dfa0 JavaThread "Thread-4"                   daemon [_thread_in_native, id=22720, stack(0x0000002ea9f00000,0x0000002eaa000000) (1024K)]
  0x000001b166b4d280 JavaThread "Thread-5"                   daemon [_thread_in_native, id=26608, stack(0x0000002eaa000000,0x0000002eaa100000) (1024K)]
  0x000001b166b4b840 JavaThread "Thread-6"                   daemon [_thread_in_native, id=6708, stack(0x0000002eaa100000,0x0000002eaa200000) (1024K)]
  0x000001b166b50070 JavaThread "Thread-7"                   daemon [_thread_in_native, id=21032, stack(0x0000002eaa200000,0x0000002eaa300000) (1024K)]
  0x000001b166b50700 JavaThread "Thread-8"                   daemon [_thread_in_native, id=20332, stack(0x0000002eaa300000,0x0000002eaa400000) (1024K)]
  0x000001b166b50d90 JavaThread "Thread-9"                   daemon [_thread_in_native, id=24948, stack(0x0000002eaa400000,0x0000002eaa500000) (1024K)]
  0x000001b166b4e630 JavaThread "Thread-10"                  daemon [_thread_in_native, id=1640, stack(0x0000002eaa500000,0x0000002eaa600000) (1024K)]
  0x000001b166b4f350 JavaThread "pool-2-thread-1"                   [_thread_blocked, id=19472, stack(0x0000002eaa600000,0x0000002eaa700000) (1024K)]
  0x000001b166b4d910 JavaThread "WorkspaceEventsHandler"            [_thread_blocked, id=21004, stack(0x0000002eaa700000,0x0000002eaa800000) (1024K)]
  0x000001b166b52140 JavaThread "pool-1-thread-1"                   [_thread_blocked, id=8580, stack(0x0000002eaa800000,0x0000002eaa900000) (1024K)]
  0x000001b166b51420 JavaThread "Worker-6"                          [_thread_blocked, id=12764, stack(0x0000002ea9b00000,0x0000002ea9c00000) (1024K)]
  0x000001b166b527d0 JavaThread "LocalFile Deleter"          daemon [_thread_blocked, id=21992, stack(0x0000002eaa900000,0x0000002eaaa00000) (1024K)]
  0x000001b166b52e60 JavaThread "LocalFile Deleter"          daemon [_thread_blocked, id=17476, stack(0x0000002eaaa00000,0x0000002eaab00000) (1024K)]
  0x000001b166b51ab0 JavaThread "LocalFile Deleter"          daemon [_thread_blocked, id=27364, stack(0x0000002eaab00000,0x0000002eaac00000) (1024K)]
  0x000001b166b4f9e0 JavaThread "LocalFile Deleter"          daemon [_thread_blocked, id=4688, stack(0x0000002eaac00000,0x0000002eaad00000) (1024K)]
  0x000001b15ed1f380 JavaThread "LocalFile Deleter"          daemon [_thread_blocked, id=22992, stack(0x0000002eaad00000,0x0000002eaae00000) (1024K)]
  0x000001b15ed1fa10 JavaThread "LocalFile Deleter"          daemon [_thread_blocked, id=22704, stack(0x0000002eaae00000,0x0000002eaaf00000) (1024K)]
  0x000001b15ed22800 JavaThread "LocalFile Deleter"          daemon [_thread_blocked, id=24628, stack(0x0000002eaaf00000,0x0000002eab000000) (1024K)]
  0x000001b15ed22e90 JavaThread "LocalFile Deleter"          daemon [_thread_blocked, id=25716, stack(0x0000002eab000000,0x0000002eab100000) (1024K)]
  0x000001b15ed23520 JavaThread "Compiler Source File Reader" daemon [_thread_blocked, id=18112, stack(0x0000002eab100000,0x0000002eab200000) (1024K)]
  0x000001b15ed20730 JavaThread "Compiler Source File Reader" daemon [_thread_blocked, id=21164, stack(0x0000002eab200000,0x0000002eab300000) (1024K)]
  0x000001b15ed200a0 JavaThread "Compiler Source File Reader" daemon [_thread_blocked, id=20888, stack(0x0000002eab300000,0x0000002eab400000) (1024K)]
  0x000001b15ed21ae0 JavaThread "Compiler Source File Reader" daemon [_thread_blocked, id=11192, stack(0x0000002eab400000,0x0000002eab500000) (1024K)]
  0x000001b15ed23bb0 JavaThread "Compiler Source File Reader" daemon [_thread_blocked, id=21896, stack(0x0000002eab500000,0x0000002eab600000) (1024K)]
  0x000001b15ed22170 JavaThread "Compiler Source File Reader" daemon [_thread_blocked, id=24092, stack(0x0000002eab600000,0x0000002eab700000) (1024K)]
  0x000001b167c7cf10 JavaThread "C2 CompilerThread1"         daemon [_thread_in_native, id=23456, stack(0x0000002ea9c00000,0x0000002ea9d00000) (1024K)]
=>0x000001b167c7dcb0 JavaThread "C2 CompilerThread2"         daemon [_thread_in_native, id=22948, stack(0x0000002eab700000,0x0000002eab800000) (1024K)]
  0x000001b15ed24240 JavaThread "Compiler Processing Task"   daemon [_thread_in_Java, id=24364, stack(0x0000002eab800000,0x0000002eab900000) (1024K)]
  0x000001b15ed248d0 JavaThread "Compiler Class File Writer" daemon [_thread_blocked, id=24776, stack(0x0000002eab900000,0x0000002eaba00000) (1024K)]
  0x000001b15ed24f60 JavaThread "Compiler Class File Writer" daemon [_thread_in_native, id=23800, stack(0x0000002eaba00000,0x0000002eabb00000) (1024K)]
Total: 58

Other Threads:
  0x000001b1057234a0 VMThread "VM Thread"                           [id=26340, stack(0x0000002ea7800000,0x0000002ea7900000) (1024K)]
  0x000001b105828d30 WatcherThread "VM Periodic Task Thread"        [id=18148, stack(0x0000002ea7700000,0x0000002ea7800000) (1024K)]
  0x000001b1057dac70 WorkerThread "GC Thread#0"                     [id=15292, stack(0x0000002ea7600000,0x0000002ea7700000) (1024K)]
  0x000001b163571fd0 WorkerThread "GC Thread#1"                     [id=15692, stack(0x0000002ea8500000,0x0000002ea8600000) (1024K)]
  0x000001b163572370 WorkerThread "GC Thread#2"                     [id=13584, stack(0x0000002ea8600000,0x0000002ea8700000) (1024K)]
  0x000001b163572710 WorkerThread "GC Thread#3"                     [id=18144, stack(0x0000002ea8700000,0x0000002ea8800000) (1024K)]
  0x000001b163839350 WorkerThread "GC Thread#4"                     [id=23856, stack(0x0000002ea8800000,0x0000002ea8900000) (1024K)]
  0x000001b1638396f0 WorkerThread "GC Thread#5"                     [id=5576, stack(0x0000002ea8900000,0x0000002ea8a00000) (1024K)]
  0x000001b163839a90 WorkerThread "GC Thread#6"                     [id=20164, stack(0x0000002ea8a00000,0x0000002ea8b00000) (1024K)]
  0x000001b1635ffc90 WorkerThread "GC Thread#7"                     [id=24456, stack(0x0000002ea8c00000,0x0000002ea8d00000) (1024K)]
Total: 10

Threads with active compile tasks:
C2 CompilerThread0  55840 12877       4       lombok.eclipse.EclipseNode::traverse (800 bytes)
C1 CompilerThread0  55840 12923   !   2       org.eclipse.jdt.internal.compiler.lookup.BinaryTypeBinding::resolveTypesFor (295 bytes)
C2 CompilerThread1  55840 12676       4       org.eclipse.jdt.internal.core.builder.NameEnvironment::findClass (486 bytes)
C2 CompilerThread2  55840 12686       4       org.eclipse.jdt.internal.core.search.indexing.BinaryIndexer::extractReferenceFromConstantPool (358 bytes)
Total: 4

VM state: not at safepoint (normal execution)

VM Mutex/Monitor currently owned by a thread: None

Heap address: 0x0000000080000000, size: 2048 MB, Compressed Oops mode: 32-bit

CDS archive(s) mapped at: [0x000001b11d000000-0x000001b11dba0000-0x000001b11dba0000), size 12189696, SharedBaseAddress: 0x000001b11d000000, ArchiveRelocationMode: 1.
Compressed class space mapped at: 0x000001b11e000000-0x000001b15e000000, reserved size: 1073741824
Narrow klass base: 0x000001b11d000000, Narrow klass shift: 0, Narrow klass range: 0x100000000

GC Precious Log:
 CardTable entry size: 512
 CPUs: 8 total, 8 available
 Memory: 40743M
 Large Page Support: Disabled
 NUMA Support: Disabled
 Compressed Oops: Enabled (32-bit)
 Alignments: Space 512K, Generation 512K, Heap 2M
 Heap Min Capacity: 100M
 Heap Initial Capacity: 100M
 Heap Max Capacity: 2G
 Pre-touch: Disabled
 Parallel Workers: 8

Heap:
 PSYoungGen      total 10752K, used 6857K [0x00000000d5580000, 0x00000000d6380000, 0x0000000100000000)
  eden space 8704K, 56% used [0x00000000d5580000,0x00000000d5a4d978,0x00000000d5e00000)
  from space 2048K, 94% used [0x00000000d6180000,0x00000000d6364d18,0x00000000d6380000)
  to   space 2560K, 0% used [0x00000000d5e80000,0x00000000d5e80000,0x00000000d6100000)
 ParOldGen       total 89088K, used 82427K [0x0000000080000000, 0x0000000085700000, 0x00000000d5580000)
  object space 89088K, 92% used [0x0000000080000000,0x000000008507ecc8,0x0000000085700000)
 Metaspace       used 62371K, committed 63744K, reserved 1114112K
  class space    used 6431K, committed 7040K, reserved 1048576K

Card table byte_map: [0x000001b105150000,0x000001b105560000] _byte_map_base: 0x000001b104d50000

Marking Bits: (ParMarkBitMap*) 0x00007fffd8f3a340
 Begin Bits: [0x000001b117c50000, 0x000001b119c50000)
 End Bits:   [0x000001b119c50000, 0x000001b11bc50000)

Polling page: 0x000001b102c00000

Metaspace:

Usage:
  Non-class:     54.63 MB used.
      Class:      6.28 MB used.
       Both:     60.91 MB used.

Virtual space:
  Non-class space:       64.00 MB reserved,      55.38 MB ( 87%) committed,  1 nodes.
      Class space:        1.00 GB reserved,       6.88 MB ( <1%) committed,  1 nodes.
             Both:        1.06 GB reserved,      62.25 MB (  6%) committed. 

Chunk freelists:
   Non-Class:  8.23 MB
       Class:  9.16 MB
        Both:  17.40 MB

MaxMetaspaceSize: unlimited
CompressedClassSpaceSize: 1.00 GB
Initial GC threshold: 21.00 MB
Current GC threshold: 97.31 MB
CDS: on
 - commit_granule_bytes: 65536.
 - commit_granule_words: 8192.
 - virtual_space_node_default_size: 8388608.
 - enlarge_chunks_in_place: 1.
 - use_allocation_guard: 0.


Internal statistics:

num_allocs_failed_limit: 9.
num_arena_births: 1214.
num_arena_deaths: 16.
num_vsnodes_births: 2.
num_vsnodes_deaths: 0.
num_space_committed: 996.
num_space_uncommitted: 0.
num_chunks_returned_to_freelist: 25.
num_chunks_taken_from_freelist: 4205.
num_chunk_merges: 10.
num_chunk_splits: 2531.
num_chunks_enlarged: 1369.
num_inconsistent_stats: 0.

CodeHeap 'non-profiled nmethods': size=120000Kb used=9644Kb max_used=9644Kb free=110355Kb
 bounds [0x000001b110470000, 0x000001b110de0000, 0x000001b1179a0000]
CodeHeap 'profiled nmethods': size=120000Kb used=28695Kb max_used=28695Kb free=91304Kb
 bounds [0x000001b1089a0000, 0x000001b10a5b0000, 0x000001b10fed0000]
CodeHeap 'non-nmethods': size=5760Kb used=1431Kb max_used=1522Kb free=4328Kb
 bounds [0x000001b10fed0000, 0x000001b110140000, 0x000001b110470000]
CodeCache: size=245760Kb, used=39770Kb, max_used=39861Kb, free=205987Kb
 total_blobs=12650, nmethods=11915, adapters=640, full_count=0
Compilation: enabled, stopped_count=0, restarted_count=0

Compilation events (20 events):
Event: 53.753 Thread 0x000001b105755520 12875       2       lombok.core.AST::replaceNewWithExistingOld (107 bytes)
Event: 53.754 Thread 0x000001b105755520 nmethod 12875 0x000001b10a58b090 code [0x000001b10a58b2a0, 0x000001b10a58b8f8]
Event: 53.755 Thread 0x000001b105755520 12876       2       lombok.eclipse.EclipseASTAdapter::visitLocal (1 bytes)
Event: 53.755 Thread 0x000001b105755520 nmethod 12876 0x000001b10a58be90 code [0x000001b10a58c020, 0x000001b10a58c128]
Event: 53.755 Thread 0x000001b105755520 12878       2       lombok.eclipse.TransformEclipseAST$AnnotationVisitor::visitAnnotationOnMethodArgument (42 bytes)
Event: 53.756 Thread 0x000001b105755520 nmethod 12878 0x000001b10a58c190 code [0x000001b10a58c340, 0x000001b10a58c550]
Event: 53.760 Thread 0x000001b105755520 12880       2       org.eclipse.jdt.internal.compiler.ast.ASTNode::resolveAnnotations (23 bytes)
Event: 53.760 Thread 0x000001b105755520 nmethod 12880 0x000001b10a58c710 code [0x000001b10a58c8c0, 0x000001b10a58ca90]
Event: 53.760 Thread 0x000001b105755520 12881       2       org.eclipse.jdt.internal.compiler.lookup.MethodBinding::isPublic (13 bytes)
Event: 53.760 Thread 0x000001b105755520 nmethod 12881 0x000001b10a58cb90 code [0x000001b10a58cd40, 0x000001b10a58ce88]
Event: 53.760 Thread 0x000001b105755520 12882       2       org.eclipse.jdt.internal.compiler.impl.IrritantSet::isSet (23 bytes)
Event: 53.761 Thread 0x000001b105755520 nmethod 12882 0x000001b10a58cf10 code [0x000001b10a58d0c0, 0x000001b10a58d238]
Event: 53.761 Thread 0x000001b105755520 12883       2       org.eclipse.jdt.internal.compiler.lookup.Scope::enclosingSourceType (31 bytes)
Event: 53.761 Thread 0x000001b105755520 nmethod 12883 0x000001b10a58d310 code [0x000001b10a58d4c0, 0x000001b10a58d718]
Event: 53.761 Thread 0x000001b105755520 12884       2       org.eclipse.jdt.internal.compiler.lookup.ReferenceBinding::isRecord (15 bytes)
Event: 53.761 Thread 0x000001b105755520 nmethod 12884 0x000001b10a58d890 code [0x000001b10a58da40, 0x000001b10a58db88]
Event: 53.780 Thread 0x000001b105755520 12885       2       org.eclipse.core.internal.jobs.Worker::currentJob (8 bytes)
Event: 53.780 Thread 0x000001b105755520 nmethod 12885 0x000001b10a58dc10 code [0x000001b10a58dda0, 0x000001b10a58dee0]
Event: 53.780 Thread 0x000001b105755520 12886       2       org.eclipse.core.internal.dtree.AbstractDataTreeNode::childAtIgnoreCase (61 bytes)
Event: 53.780 Thread 0x000001b105755520 nmethod 12886 0x000001b10a58df90 code [0x000001b10a58e160, 0x000001b10a58e3f0]

GC Heap History (20 events):
Event: 51.459 GC heap before
{Heap before GC invocations=69 (full 3):
 PSYoungGen      total 14848K, used 14575K [0x00000000d5580000, 0x00000000d6680000, 0x0000000100000000)
  eden space 12288K, 100% used [0x00000000d5580000,0x00000000d6180000,0x00000000d6180000)
  from space 2560K, 89% used [0x00000000d6180000,0x00000000d63bbdd0,0x00000000d6400000)
  to   space 2560K, 0% used [0x00000000d6400000,0x00000000d6400000,0x00000000d6680000)
 ParOldGen       total 89088K, used 64921K [0x0000000080000000, 0x0000000085700000, 0x00000000d5580000)
  object space 89088K, 72% used [0x0000000080000000,0x0000000083f66600,0x0000000085700000)
 Metaspace       used 60103K, committed 61440K, reserved 1114112K
  class space    used 6203K, committed 6784K, reserved 1048576K
}
Event: 51.461 GC heap after
{Heap after GC invocations=69 (full 3):
 PSYoungGen      total 13824K, used 1248K [0x00000000d5580000, 0x00000000d6580000, 0x0000000100000000)
  eden space 12288K, 0% used [0x00000000d5580000,0x00000000d5580000,0x00000000d6180000)
  from space 1536K, 81% used [0x00000000d6400000,0x00000000d65380a8,0x00000000d6580000)
  to   space 2048K, 0% used [0x00000000d6180000,0x00000000d6180000,0x00000000d6380000)
 ParOldGen       total 89088K, used 67011K [0x0000000080000000, 0x0000000085700000, 0x00000000d5580000)
  object space 89088K, 75% used [0x0000000080000000,0x0000000084170d68,0x0000000085700000)
 Metaspace       used 60103K, committed 61440K, reserved 1114112K
  class space    used 6203K, committed 6784K, reserved 1048576K
}
Event: 51.756 GC heap before
{Heap before GC invocations=70 (full 3):
 PSYoungGen      total 13824K, used 13536K [0x00000000d5580000, 0x00000000d6580000, 0x0000000100000000)
  eden space 12288K, 100% used [0x00000000d5580000,0x00000000d6180000,0x00000000d6180000)
  from space 1536K, 81% used [0x00000000d6400000,0x00000000d65380a8,0x00000000d6580000)
  to   space 2048K, 0% used [0x00000000d6180000,0x00000000d6180000,0x00000000d6380000)
 ParOldGen       total 89088K, used 67011K [0x0000000080000000, 0x0000000085700000, 0x00000000d5580000)
  object space 89088K, 75% used [0x0000000080000000,0x0000000084170d68,0x0000000085700000)
 Metaspace       used 60272K, committed 61568K, reserved 1114112K
  class space    used 6223K, committed 6784K, reserved 1048576K
}
Event: 51.759 GC heap after
{Heap after GC invocations=70 (full 3):
 PSYoungGen      total 14336K, used 1697K [0x00000000d5580000, 0x00000000d6580000, 0x0000000100000000)
  eden space 12288K, 0% used [0x00000000d5580000,0x00000000d5580000,0x00000000d6180000)
  from space 2048K, 82% used [0x00000000d6180000,0x00000000d63287c0,0x00000000d6380000)
  to   space 2048K, 0% used [0x00000000d6380000,0x00000000d6380000,0x00000000d6580000)
 ParOldGen       total 89088K, used 68066K [0x0000000080000000, 0x0000000085700000, 0x00000000d5580000)
  object space 89088K, 76% used [0x0000000080000000,0x0000000084278950,0x0000000085700000)
 Metaspace       used 60272K, committed 61568K, reserved 1114112K
  class space    used 6223K, committed 6784K, reserved 1048576K
}
Event: 52.025 GC heap before
{Heap before GC invocations=71 (full 3):
 PSYoungGen      total 14336K, used 13985K [0x00000000d5580000, 0x00000000d6580000, 0x0000000100000000)
  eden space 12288K, 100% used [0x00000000d5580000,0x00000000d6180000,0x00000000d6180000)
  from space 2048K, 82% used [0x00000000d6180000,0x00000000d63287c0,0x00000000d6380000)
  to   space 2048K, 0% used [0x00000000d6380000,0x00000000d6380000,0x00000000d6580000)
 ParOldGen       total 89088K, used 68066K [0x0000000080000000, 0x0000000085700000, 0x00000000d5580000)
  object space 89088K, 76% used [0x0000000080000000,0x0000000084278950,0x0000000085700000)
 Metaspace       used 60584K, committed 61888K, reserved 1114112K
  class space    used 6246K, committed 6848K, reserved 1048576K
}
Event: 52.029 GC heap after
{Heap after GC invocations=71 (full 3):
 PSYoungGen      total 11776K, used 2034K [0x00000000d5580000, 0x00000000d6a80000, 0x0000000100000000)
  eden space 9728K, 0% used [0x00000000d5580000,0x00000000d5580000,0x00000000d5f00000)
  from space 2048K, 99% used [0x00000000d6380000,0x00000000d657ca38,0x00000000d6580000)
  to   space 4608K, 0% used [0x00000000d5f00000,0x00000000d5f00000,0x00000000d6380000)
 ParOldGen       total 89088K, used 70014K [0x0000000080000000, 0x0000000085700000, 0x00000000d5580000)
  object space 89088K, 78% used [0x0000000080000000,0x000000008445fb70,0x0000000085700000)
 Metaspace       used 60584K, committed 61888K, reserved 1114112K
  class space    used 6246K, committed 6848K, reserved 1048576K
}
Event: 52.106 GC heap before
{Heap before GC invocations=72 (full 3):
 PSYoungGen      total 11776K, used 11762K [0x00000000d5580000, 0x00000000d6a80000, 0x0000000100000000)
  eden space 9728K, 100% used [0x00000000d5580000,0x00000000d5f00000,0x00000000d5f00000)
  from space 2048K, 99% used [0x00000000d6380000,0x00000000d657ca38,0x00000000d6580000)
  to   space 4608K, 0% used [0x00000000d5f00000,0x00000000d5f00000,0x00000000d6380000)
 ParOldGen       total 89088K, used 70014K [0x0000000080000000, 0x0000000085700000, 0x00000000d5580000)
  object space 89088K, 78% used [0x0000000080000000,0x000000008445fb70,0x0000000085700000)
 Metaspace       used 60667K, committed 62016K, reserved 1114112K
  class space    used 6247K, committed 6848K, reserved 1048576K
}
Event: 52.109 GC heap after
{Heap after GC invocations=72 (full 3):
 PSYoungGen      total 12288K, used 2359K [0x00000000d5580000, 0x00000000d6500000, 0x0000000100000000)
  eden space 9728K, 0% used [0x00000000d5580000,0x00000000d5580000,0x00000000d5f00000)
  from space 2560K, 92% used [0x00000000d5f00000,0x00000000d614ddf0,0x00000000d6180000)
  to   space 3072K, 0% used [0x00000000d6200000,0x00000000d6200000,0x00000000d6500000)
 ParOldGen       total 89088K, used 72028K [0x0000000080000000, 0x0000000085700000, 0x00000000d5580000)
  object space 89088K, 80% used [0x0000000080000000,0x00000000846572d0,0x0000000085700000)
 Metaspace       used 60667K, committed 62016K, reserved 1114112K
  class space    used 6247K, committed 6848K, reserved 1048576K
}
Event: 52.653 GC heap before
{Heap before GC invocations=73 (full 3):
 PSYoungGen      total 12288K, used 12087K [0x00000000d5580000, 0x00000000d6500000, 0x0000000100000000)
  eden space 9728K, 99% used [0x00000000d5580000,0x00000000d5effe40,0x00000000d5f00000)
  from space 2560K, 92% used [0x00000000d5f00000,0x00000000d614ddf0,0x00000000d6180000)
  to   space 3072K, 0% used [0x00000000d6200000,0x00000000d6200000,0x00000000d6500000)
 ParOldGen       total 89088K, used 72028K [0x0000000080000000, 0x0000000085700000, 0x00000000d5580000)
  object space 89088K, 80% used [0x0000000080000000,0x00000000846572d0,0x0000000085700000)
 Metaspace       used 60759K, committed 62080K, reserved 1114112K
  class space    used 6253K, committed 6848K, reserved 1048576K
}
Event: 52.656 GC heap after
{Heap after GC invocations=73 (full 3):
 PSYoungGen      total 11776K, used 1631K [0x00000000d5580000, 0x00000000d6400000, 0x0000000100000000)
  eden space 9728K, 0% used [0x00000000d5580000,0x00000000d5580000,0x00000000d5f00000)
  from space 2048K, 79% used [0x00000000d6200000,0x00000000d6397d98,0x00000000d6400000)
  to   space 2048K, 0% used [0x00000000d6000000,0x00000000d6000000,0x00000000d6200000)
 ParOldGen       total 89088K, used 74272K [0x0000000080000000, 0x0000000085700000, 0x00000000d5580000)
  object space 89088K, 83% used [0x0000000080000000,0x00000000848882d8,0x0000000085700000)
 Metaspace       used 60759K, committed 62080K, reserved 1114112K
  class space    used 6253K, committed 6848K, reserved 1048576K
}
Event: 52.801 GC heap before
{Heap before GC invocations=74 (full 3):
 PSYoungGen      total 11776K, used 11359K [0x00000000d5580000, 0x00000000d6400000, 0x0000000100000000)
  eden space 9728K, 100% used [0x00000000d5580000,0x00000000d5f00000,0x00000000d5f00000)
  from space 2048K, 79% used [0x00000000d6200000,0x00000000d6397d98,0x00000000d6400000)
  to   space 2048K, 0% used [0x00000000d6000000,0x00000000d6000000,0x00000000d6200000)
 ParOldGen       total 89088K, used 74272K [0x0000000080000000, 0x0000000085700000, 0x00000000d5580000)
  object space 89088K, 83% used [0x0000000080000000,0x00000000848882d8,0x0000000085700000)
 Metaspace       used 60944K, committed 62272K, reserved 1114112K
  class space    used 6271K, committed 6848K, reserved 1048576K
}
Event: 52.806 GC heap after
{Heap after GC invocations=74 (full 3):
 PSYoungGen      total 11264K, used 1368K [0x00000000d5580000, 0x00000000d6280000, 0x0000000100000000)
  eden space 9728K, 0% used [0x00000000d5580000,0x00000000d5580000,0x00000000d5f00000)
  from space 1536K, 89% used [0x00000000d6000000,0x00000000d6156370,0x00000000d6180000)
  to   space 1024K, 0% used [0x00000000d6180000,0x00000000d6180000,0x00000000d6280000)
 ParOldGen       total 89088K, used 75425K [0x0000000080000000, 0x0000000085700000, 0x00000000d5580000)
  object space 89088K, 84% used [0x0000000080000000,0x00000000849a85e0,0x0000000085700000)
 Metaspace       used 60944K, committed 62272K, reserved 1114112K
  class space    used 6271K, committed 6848K, reserved 1048576K
}
Event: 53.020 GC heap before
{Heap before GC invocations=75 (full 3):
 PSYoungGen      total 11264K, used 11096K [0x00000000d5580000, 0x00000000d6280000, 0x0000000100000000)
  eden space 9728K, 100% used [0x00000000d5580000,0x00000000d5f00000,0x00000000d5f00000)
  from space 1536K, 89% used [0x00000000d6000000,0x00000000d6156370,0x00000000d6180000)
  to   space 1024K, 0% used [0x00000000d6180000,0x00000000d6180000,0x00000000d6280000)
 ParOldGen       total 89088K, used 75425K [0x0000000080000000, 0x0000000085700000, 0x00000000d5580000)
  object space 89088K, 84% used [0x0000000080000000,0x00000000849a85e0,0x0000000085700000)
 Metaspace       used 61233K, committed 62592K, reserved 1114112K
  class space    used 6276K, committed 6848K, reserved 1048576K
}
Event: 53.023 GC heap after
{Heap after GC invocations=75 (full 3):
 PSYoungGen      total 9728K, used 1006K [0x00000000d5580000, 0x00000000d6600000, 0x0000000100000000)
  eden space 8704K, 0% used [0x00000000d5580000,0x00000000d5580000,0x00000000d5e00000)
  from space 1024K, 98% used [0x00000000d6180000,0x00000000d627ba48,0x00000000d6280000)
  to   space 3584K, 0% used [0x00000000d5e00000,0x00000000d5e00000,0x00000000d6180000)
 ParOldGen       total 89088K, used 77246K [0x0000000080000000, 0x0000000085700000, 0x00000000d5580000)
  object space 89088K, 86% used [0x0000000080000000,0x0000000084b6f920,0x0000000085700000)
 Metaspace       used 61233K, committed 62592K, reserved 1114112K
  class space    used 6276K, committed 6848K, reserved 1048576K
}
Event: 53.299 GC heap before
{Heap before GC invocations=76 (full 3):
 PSYoungGen      total 9728K, used 9710K [0x00000000d5580000, 0x00000000d6600000, 0x0000000100000000)
  eden space 8704K, 100% used [0x00000000d5580000,0x00000000d5e00000,0x00000000d5e00000)
  from space 1024K, 98% used [0x00000000d6180000,0x00000000d627ba48,0x00000000d6280000)
  to   space 3584K, 0% used [0x00000000d5e00000,0x00000000d5e00000,0x00000000d6180000)
 ParOldGen       total 89088K, used 77246K [0x0000000080000000, 0x0000000085700000, 0x00000000d5580000)
  object space 89088K, 86% used [0x0000000080000000,0x0000000084b6f920,0x0000000085700000)
 Metaspace       used 61478K, committed 62848K, reserved 1114112K
  class space    used 6295K, committed 6912K, reserved 1048576K
}
Event: 53.303 GC heap after
{Heap after GC invocations=76 (full 3):
 PSYoungGen      total 10240K, used 1065K [0x00000000d5580000, 0x00000000d6200000, 0x0000000100000000)
  eden space 8704K, 0% used [0x00000000d5580000,0x00000000d5580000,0x00000000d5e00000)
  from space 1536K, 69% used [0x00000000d5e00000,0x00000000d5f0a6f8,0x00000000d5f80000)
  to   space 2048K, 0% used [0x00000000d6000000,0x00000000d6000000,0x00000000d6200000)
 ParOldGen       total 89088K, used 78251K [0x0000000080000000, 0x0000000085700000, 0x00000000d5580000)
  object space 89088K, 87% used [0x0000000080000000,0x0000000084c6ad78,0x0000000085700000)
 Metaspace       used 61478K, committed 62848K, reserved 1114112K
  class space    used 6295K, committed 6912K, reserved 1048576K
}
Event: 53.589 GC heap before
{Heap before GC invocations=77 (full 3):
 PSYoungGen      total 10240K, used 9769K [0x00000000d5580000, 0x00000000d6200000, 0x0000000100000000)
  eden space 8704K, 100% used [0x00000000d5580000,0x00000000d5e00000,0x00000000d5e00000)
  from space 1536K, 69% used [0x00000000d5e00000,0x00000000d5f0a6f8,0x00000000d5f80000)
  to   space 2048K, 0% used [0x00000000d6000000,0x00000000d6000000,0x00000000d6200000)
 ParOldGen       total 89088K, used 78251K [0x0000000080000000, 0x0000000085700000, 0x00000000d5580000)
  object space 89088K, 87% used [0x0000000080000000,0x0000000084c6ad78,0x0000000085700000)
 Metaspace       used 62035K, committed 63360K, reserved 1114112K
  class space    used 6395K, committed 6976K, reserved 1048576K
}
Event: 53.594 GC heap after
{Heap after GC invocations=77 (full 3):
 PSYoungGen      total 10240K, used 1435K [0x00000000d5580000, 0x00000000d6180000, 0x0000000100000000)
  eden space 8704K, 0% used [0x00000000d5580000,0x00000000d5580000,0x00000000d5e00000)
  from space 1536K, 93% used [0x00000000d6000000,0x00000000d6166f60,0x00000000d6180000)
  to   space 1536K, 0% used [0x00000000d5e00000,0x00000000d5e00000,0x00000000d5f80000)
 ParOldGen       total 89088K, used 79222K [0x0000000080000000, 0x0000000085700000, 0x00000000d5580000)
  object space 89088K, 88% used [0x0000000080000000,0x0000000084d5d838,0x0000000085700000)
 Metaspace       used 62035K, committed 63360K, reserved 1114112K
  class space    used 6395K, committed 6976K, reserved 1048576K
}
Event: 53.674 GC heap before
{Heap before GC invocations=78 (full 3):
 PSYoungGen      total 10240K, used 10139K [0x00000000d5580000, 0x00000000d6180000, 0x0000000100000000)
  eden space 8704K, 100% used [0x00000000d5580000,0x00000000d5e00000,0x00000000d5e00000)
  from space 1536K, 93% used [0x00000000d6000000,0x00000000d6166f60,0x00000000d6180000)
  to   space 1536K, 0% used [0x00000000d5e00000,0x00000000d5e00000,0x00000000d5f80000)
 ParOldGen       total 89088K, used 79222K [0x0000000080000000, 0x0000000085700000, 0x00000000d5580000)
  object space 89088K, 88% used [0x0000000080000000,0x0000000084d5d838,0x0000000085700000)
 Metaspace       used 62205K, committed 63488K, reserved 1114112K
  class space    used 6411K, committed 6976K, reserved 1048576K
}
Event: 53.678 GC heap after
{Heap after GC invocations=78 (full 3):
 PSYoungGen      total 10240K, used 1523K [0x00000000d5580000, 0x00000000d6500000, 0x0000000100000000)
  eden space 8704K, 0% used [0x00000000d5580000,0x00000000d5580000,0x00000000d5e00000)
  from space 1536K, 99% used [0x00000000d5e00000,0x00000000d5f7cca8,0x00000000d5f80000)
  to   space 3584K, 0% used [0x00000000d6180000,0x00000000d6180000,0x00000000d6500000)
 ParOldGen       total 89088K, used 80884K [0x0000000080000000, 0x0000000085700000, 0x00000000d5580000)
  object space 89088K, 90% used [0x0000000080000000,0x0000000084efd350,0x0000000085700000)
 Metaspace       used 62205K, committed 63488K, reserved 1114112K
  class space    used 6411K, committed 6976K, reserved 1048576K
}

Dll operation events (10 events):
Event: 0.065 Loaded shared library c:\Users\Fernanda Jama\.trae\extensions\redhat.java-1.44.0-win32-x64\jre\21.0.8-win32-x86_64\bin\java.dll
Event: 0.232 Loaded shared library c:\Users\Fernanda Jama\.trae\extensions\redhat.java-1.44.0-win32-x64\jre\21.0.8-win32-x86_64\bin\zip.dll
Event: 0.265 Loaded shared library C:\Users\Fernanda Jama\.trae\extensions\redhat.java-1.44.0-win32-x64\jre\21.0.8-win32-x86_64\bin\instrument.dll
Event: 0.286 Loaded shared library C:\Users\Fernanda Jama\.trae\extensions\redhat.java-1.44.0-win32-x64\jre\21.0.8-win32-x86_64\bin\net.dll
Event: 0.305 Loaded shared library C:\Users\Fernanda Jama\.trae\extensions\redhat.java-1.44.0-win32-x64\jre\21.0.8-win32-x86_64\bin\nio.dll
Event: 0.314 Loaded shared library C:\Users\Fernanda Jama\.trae\extensions\redhat.java-1.44.0-win32-x64\jre\21.0.8-win32-x86_64\bin\zip.dll
Event: 0.348 Loaded shared library C:\Users\Fernanda Jama\.trae\extensions\redhat.java-1.44.0-win32-x64\jre\21.0.8-win32-x86_64\bin\jimage.dll
Event: 0.493 Loaded shared library c:\Users\Fernanda Jama\.trae\extensions\redhat.java-1.44.0-win32-x64\jre\21.0.8-win32-x86_64\bin\verify.dll
Event: 2.221 Loaded shared library C:\Users\Fernanda Jama\AppData\Roaming\Trae\User\globalStorage\redhat.java\1.44.0\config_win\org.eclipse.equinox.launcher\org.eclipse.equinox.launcher.win32.win32.x86_64_1.2.1400.v20250730-1736\eclipse_11913.dll
Event: 6.753 Loaded shared library C:\Users\Fernanda Jama\AppData\Local\Temp\jna--1470441178\jna12544699398510636166.dll

Deoptimization events (20 events):
Event: 53.742 Thread 0x000001b163cd7bb0 Uncommon trap: trap_request=0xffffffc6 fr.pc=0x000001b110ca97d0 relative=0x00000000000015f0
Event: 53.742 Thread 0x000001b163cd7bb0 Uncommon trap: reason=bimorphic_or_optimized_type_check action=maybe_recompile pc=0x000001b110ca97d0 method=org.eclipse.core.internal.dtree.AbstractDataTreeNode.assembleWith([Lorg/eclipse/core/internal/dtree/AbstractDataTreeNode;[Lorg/eclipse/core/interna
Event: 53.742 Thread 0x000001b163cd7bb0 DEOPT PACKING pc=0x000001b110ca97d0 sp=0x0000002ea97fd1a0
Event: 53.742 Thread 0x000001b163cd7bb0 DEOPT UNPACKING pc=0x000001b10ff26da2 sp=0x0000002ea97fd170 mode 2
Event: 53.743 Thread 0x000001b163cd7bb0 Uncommon trap: trap_request=0xffffff45 fr.pc=0x000001b110876088 relative=0x00000000000000e8
Event: 53.743 Thread 0x000001b163cd7bb0 Uncommon trap: reason=unstable_if action=reinterpret pc=0x000001b110876088 method=java.util.stream.SpinedBuffer.accept(Ljava/lang/Object;)V @ 9 c2
Event: 53.743 Thread 0x000001b163cd7bb0 DEOPT PACKING pc=0x000001b110876088 sp=0x0000002ea97fe0a0
Event: 53.743 Thread 0x000001b163cd7bb0 DEOPT UNPACKING pc=0x000001b10ff26da2 sp=0x0000002ea97fe048 mode 2
Event: 53.743 Thread 0x000001b163cd7bb0 Uncommon trap: trap_request=0xffffff45 fr.pc=0x000001b11065050c relative=0x000000000000006c
Event: 53.743 Thread 0x000001b163cd7bb0 Uncommon trap: reason=unstable_if action=reinterpret pc=0x000001b11065050c method=java.util.stream.AbstractSpinedBuffer.count()J @ 4 c2
Event: 53.743 Thread 0x000001b163cd7bb0 DEOPT PACKING pc=0x000001b11065050c sp=0x0000002ea97fe3c0
Event: 53.743 Thread 0x000001b163cd7bb0 DEOPT UNPACKING pc=0x000001b10ff26da2 sp=0x0000002ea97fe360 mode 2
Event: 53.992 Thread 0x000001b163cd4dc0 DEOPT PACKING pc=0x000001b1092a1953 sp=0x0000002ea95fe970
Event: 53.993 Thread 0x000001b163cd4dc0 DEOPT UNPACKING pc=0x000001b10ff278e2 sp=0x0000002ea95fded8 mode 0
Event: 54.433 Thread 0x000001b163cd4dc0 DEOPT PACKING pc=0x000001b1092a19d3 sp=0x0000002ea95fe970
Event: 54.433 Thread 0x000001b163cd4dc0 DEOPT UNPACKING pc=0x000001b10ff278e2 sp=0x0000002ea95fded8 mode 0
Event: 54.640 Thread 0x000001b163cd4dc0 DEOPT PACKING pc=0x000001b1092a1953 sp=0x0000002ea95fe970
Event: 54.640 Thread 0x000001b163cd4dc0 DEOPT UNPACKING pc=0x000001b10ff278e2 sp=0x0000002ea95fded8 mode 0
Event: 54.664 Thread 0x000001b163cd4dc0 DEOPT PACKING pc=0x000001b1092a1953 sp=0x0000002ea95fe970
Event: 54.664 Thread 0x000001b163cd4dc0 DEOPT UNPACKING pc=0x000001b10ff278e2 sp=0x0000002ea95fded8 mode 0

Classes loaded (20 events):
Event: 53.177 Loading class jdk/internal/module/IllegalAccessLogger
Event: 53.177 Loading class jdk/internal/module/IllegalAccessLogger done
Event: 53.217 Loading class java/util/concurrent/ArrayBlockingQueue
Event: 53.219 Loading class java/util/concurrent/ArrayBlockingQueue done
Event: 53.484 Loading class java/util/Hashtable$ValueCollection
Event: 53.485 Loading class java/util/Hashtable$ValueCollection done
Event: 53.605 Loading class java/util/stream/ReferencePipeline$4
Event: 53.606 Loading class java/util/stream/ReferencePipeline$4 done
Event: 53.606 Loading class java/util/stream/Nodes$IntFixedNodeBuilder
Event: 53.606 Loading class java/util/stream/Node$Builder$OfInt
Event: 53.606 Loading class java/util/stream/Node$Builder$OfInt done
Event: 53.606 Loading class java/util/stream/Nodes$IntArrayNode
Event: 53.606 Loading class java/util/stream/Nodes$IntArrayNode done
Event: 53.607 Loading class java/util/stream/Nodes$IntFixedNodeBuilder done
Event: 53.607 Loading class java/util/stream/ReferencePipeline$4$1
Event: 53.607 Loading class java/util/stream/ReferencePipeline$4$1 done
Event: 53.698 Loading class java/util/concurrent/ConcurrentHashMap$KeySpliterator
Event: 53.698 Loading class java/util/concurrent/ConcurrentHashMap$KeySpliterator done
Event: 53.721 Loading class sun/nio/ch/ChannelOutputStream
Event: 53.721 Loading class sun/nio/ch/ChannelOutputStream done

Classes unloaded (8 events):
Event: 8.138 Thread 0x000001b1057234a0 Unloading class 0x000001b11e1a7000 'java/lang/invoke/LambdaForm$MH+0x000001b11e1a7000'
Event: 8.138 Thread 0x000001b1057234a0 Unloading class 0x000001b11e1a6c00 'java/lang/invoke/LambdaForm$MH+0x000001b11e1a6c00'
Event: 8.138 Thread 0x000001b1057234a0 Unloading class 0x000001b11e1a6800 'java/lang/invoke/LambdaForm$MH+0x000001b11e1a6800'
Event: 8.138 Thread 0x000001b1057234a0 Unloading class 0x000001b11e1a6400 'java/lang/invoke/LambdaForm$MH+0x000001b11e1a6400'
Event: 8.138 Thread 0x000001b1057234a0 Unloading class 0x000001b11e1a6000 'java/lang/invoke/LambdaForm$BMH+0x000001b11e1a6000'
Event: 8.138 Thread 0x000001b1057234a0 Unloading class 0x000001b11e1a5c00 'java/lang/invoke/LambdaForm$DMH+0x000001b11e1a5c00'
Event: 8.138 Thread 0x000001b1057234a0 Unloading class 0x000001b11e1a4800 'java/lang/invoke/LambdaForm$DMH+0x000001b11e1a4800'
Event: 50.435 Thread 0x000001b1057234a0 Unloading class 0x000001b11e5d8800 'java/lang/invoke/LambdaForm$DMH+0x000001b11e5d8800'

Classes redefined (0 events):
No events

Internal exceptions (20 events):
Event: 46.949 Thread 0x000001b15ed1f380 Exception <a 'sun/nio/fs/WindowsException'{0x00000000d5baf6d0}> (0x00000000d5baf6d0) 
thrown [s\src\hotspot\share\prims\jni.cpp, line 520]
Event: 46.949 Thread 0x000001b166b4f9e0 Exception <a 'sun/nio/fs/WindowsException'{0x00000000d5ba5c00}> (0x00000000d5ba5c00) 
thrown [s\src\hotspot\share\prims\jni.cpp, line 520]
Event: 46.950 Thread 0x000001b15ed1fa10 Exception <a 'sun/nio/fs/WindowsException'{0x00000000d5bb9510}> (0x00000000d5bb9510) 
thrown [s\src\hotspot\share\prims\jni.cpp, line 520]
Event: 47.214 Thread 0x000001b15ed20730 Exception <a 'java/lang/NoSuchMethodError'{0x00000000d5f9cc50}: 'java.lang.Object java.lang.invoke.Invokers$Holder.linkToTargetMethod(java.lang.Object, java.lang.Object, java.lang.Object, int, java.lang.Object, java.lang.Object, java.lang.Object)'> (0x00000000d5f9cc50) 
thrown [s\src\hotspot\share\interpreter\linkResolver.cpp, line 773]
Event: 48.651 Thread 0x000001b163cd4dc0 Implicit null exception at 0x000001b110ae145a to 0x000001b110ae1558
Event: 51.271 Thread 0x000001b163cd7bb0 Exception <a 'java/lang/NoSuchMethodError'{0x00000000d5fce860}: 'java.lang.Object java.lang.invoke.DirectMethodHandle$Holder.invokeStatic(java.lang.Object, java.lang.Object, int, int)'> (0x00000000d5fce860) 
thrown [s\src\hotspot\share\interpreter\linkResolver.cpp, line 773]
Event: 51.271 Thread 0x000001b163cd7bb0 Exception <a 'java/lang/NoSuchMethodError'{0x00000000d5fd2de0}: 'java.lang.Object java.lang.invoke.DirectMethodHandle$Holder.invokeSpecial(java.lang.Object, java.lang.Object, java.lang.Object, int, int)'> (0x00000000d5fd2de0) 
thrown [s\src\hotspot\share\interpreter\linkResolver.cpp, line 773]
Event: 51.543 Thread 0x000001b163cd7bb0 Implicit null exception at 0x000001b1105f6792 to 0x000001b1105f6c1d
Event: 51.556 Thread 0x000001b163cd7bb0 Exception <a 'java/lang/NoSuchMethodError'{0x00000000d5bfcac0}: 'java.lang.Object java.lang.invoke.DirectMethodHandle$Holder.invokeStatic(java.lang.Object, int, java.lang.Object)'> (0x00000000d5bfcac0) 
thrown [s\src\hotspot\share\interpreter\linkResolver.cpp, line 773]
Event: 51.587 Thread 0x000001b163cd7bb0 Implicit null exception at 0x000001b11067a865 to 0x000001b11067acc6
Event: 51.735 Thread 0x000001b163cd7bb0 Exception <a 'java/lang/NoSuchMethodError'{0x00000000d606d850}: 'int java.lang.invoke.DirectMethodHandle$Holder.invokeSpecialIFC(java.lang.Object, java.lang.Object, java.lang.Object)'> (0x00000000d606d850) 
thrown [s\src\hotspot\share\interpreter\linkResolver.cpp, line 773]
Event: 52.730 Thread 0x000001b163cd7bb0 Implicit null exception at 0x000001b110a806cf to 0x000001b110a808a8
Event: 53.360 Thread 0x000001b15ed24240 Exception <a 'java/lang/NoSuchMethodError'{0x00000000d5723420}: 'void java.lang.invoke.DirectMethodHandle$Holder.invokeStatic(java.lang.Object, int, java.lang.Object)'> (0x00000000d5723420) 
thrown [s\src\hotspot\share\interpreter\linkResolver.cpp, line 773]
Event: 53.507 Thread 0x000001b15ed24240 Implicit null exception at 0x000001b110b819a3 to 0x000001b110b81d40
Event: 53.511 Thread 0x000001b15ed24240 Implicit null exception at 0x000001b1106faba6 to 0x000001b1106fb1e4
Event: 53.529 Thread 0x000001b15ed24240 Exception <a 'java/lang/NoSuchMethodError'{0x00000000d5b139c8}: 'java.lang.Object java.lang.invoke.DirectMethodHandle$Holder.invokeStatic(java.lang.Object, java.lang.Object, int, java.lang.Object, java.lang.Object)'> (0x00000000d5b139c8) 
thrown [s\src\hotspot\share\interpreter\linkResolver.cpp, line 773]
Event: 53.546 Thread 0x000001b15ed24240 Exception <a 'java/lang/NoSuchMethodError'{0x00000000d5be2470}: 'java.lang.Object java.lang.invoke.DirectMethodHandle$Holder.newInvokeSpecial(java.lang.Object, java.lang.Object, java.lang.Object, java.lang.Object, int)'> (0x00000000d5be2470) 
thrown [s\src\hotspot\share\interpreter\linkResolver.cpp, line 773]
Event: 53.547 Thread 0x000001b15ed24240 Exception <a 'java/lang/NoSuchMethodError'{0x00000000d5be6798}: 'java.lang.Object java.lang.invoke.DirectMethodHandle$Holder.invokeSpecial(java.lang.Object, java.lang.Object, java.lang.Object, java.lang.Object, java.lang.Object, int)'> (0x00000000d5be6798) 
thrown [s\src\hotspot\share\interpreter\linkResolver.cpp, line 773]
Event: 53.547 Thread 0x000001b15ed24240 Exception <a 'java/lang/NoSuchMethodError'{0x00000000d5bea218}: 'java.lang.Object java.lang.invoke.Invokers$Holder.linkToTargetMethod(java.lang.Object, java.lang.Object, java.lang.Object, int, java.lang.Object)'> (0x00000000d5bea218) 
thrown [s\src\hotspot\share\interpreter\linkResolver.cpp, line 773]
Event: 53.705 Thread 0x000001b163cd7bb0 Exception <a 'java/lang/NoSuchMethodError'{0x00000000d5617d88}: 'java.lang.Object java.lang.invoke.DirectMethodHandle$Holder.newInvokeSpecial(java.lang.Object, java.lang.Object, int, int, java.lang.Object)'> (0x00000000d5617d88) 
thrown [s\src\hotspot\share\interpreter\linkResolver.cpp, line 773]

ZGC Phase Switch (0 events):
No events

VM Operations (20 events):
Event: 52.029 Executing VM operation: ParallelGCFailedAllocation (Allocation Failure) done
Event: 52.105 Executing VM operation: ParallelGCFailedAllocation (Allocation Failure)
Event: 52.109 Executing VM operation: ParallelGCFailedAllocation (Allocation Failure) done
Event: 52.653 Executing VM operation: ParallelGCFailedAllocation (Allocation Failure)
Event: 52.656 Executing VM operation: ParallelGCFailedAllocation (Allocation Failure) done
Event: 52.801 Executing VM operation: ParallelGCFailedAllocation (Allocation Failure)
Event: 52.806 Executing VM operation: ParallelGCFailedAllocation (Allocation Failure) done
Event: 53.020 Executing VM operation: ParallelGCFailedAllocation (Allocation Failure)
Event: 53.023 Executing VM operation: ParallelGCFailedAllocation (Allocation Failure) done
Event: 53.299 Executing VM operation: ParallelGCFailedAllocation (Allocation Failure)
Event: 53.303 Executing VM operation: ParallelGCFailedAllocation (Allocation Failure) done
Event: 53.527 Executing VM operation: HandshakeAllThreads (Deoptimize)
Event: 53.527 Executing VM operation: HandshakeAllThreads (Deoptimize) done
Event: 53.589 Executing VM operation: ParallelGCFailedAllocation (Allocation Failure)
Event: 53.594 Executing VM operation: ParallelGCFailedAllocation (Allocation Failure) done
Event: 53.625 Executing VM operation: HandshakeAllThreads (Deoptimize)
Event: 53.625 Executing VM operation: HandshakeAllThreads (Deoptimize) done
Event: 53.674 Executing VM operation: ParallelGCFailedAllocation (Allocation Failure)
Event: 53.678 Executing VM operation: ParallelGCFailedAllocation (Allocation Failure) done
Event: 54.680 Executing VM operation: ParallelGCFailedAllocation (Allocation Failure)

Memory protections (0 events):
No events

Nmethod flushes (20 events):
Event: 50.477 Thread 0x000001b1057234a0 flushing  nmethod 0x000001b1093ce890
Event: 50.477 Thread 0x000001b1057234a0 flushing  nmethod 0x000001b1093cee90
Event: 50.477 Thread 0x000001b1057234a0 flushing  nmethod 0x000001b1093cf290
Event: 50.477 Thread 0x000001b1057234a0 flushing  nmethod 0x000001b1093d0810
Event: 50.477 Thread 0x000001b1057234a0 flushing  nmethod 0x000001b1093d2410
Event: 50.477 Thread 0x000001b1057234a0 flushing  nmethod 0x000001b1093e6c10
Event: 50.477 Thread 0x000001b1057234a0 flushing  nmethod 0x000001b1093e7c10
Event: 50.477 Thread 0x000001b1057234a0 flushing  nmethod 0x000001b1093ed310
Event: 50.477 Thread 0x000001b1057234a0 flushing osr nmethod 0x000001b1093ff690
Event: 50.477 Thread 0x000001b1057234a0 flushing osr nmethod 0x000001b109434190
Event: 50.477 Thread 0x000001b1057234a0 flushing  nmethod 0x000001b10944de90
Event: 50.477 Thread 0x000001b1057234a0 flushing  nmethod 0x000001b10944ff10
Event: 50.477 Thread 0x000001b1057234a0 flushing  nmethod 0x000001b109452b10
Event: 50.477 Thread 0x000001b1057234a0 flushing  nmethod 0x000001b109453c10
Event: 50.477 Thread 0x000001b1057234a0 flushing  nmethod 0x000001b109473410
Event: 50.477 Thread 0x000001b1057234a0 flushing  nmethod 0x000001b109479710
Event: 50.477 Thread 0x000001b1057234a0 flushing  nmethod 0x000001b109498d10
Event: 50.477 Thread 0x000001b1057234a0 flushing  nmethod 0x000001b1094cf190
Event: 50.477 Thread 0x000001b1057234a0 flushing  nmethod 0x000001b1094e5010
Event: 50.477 Thread 0x000001b1057234a0 flushing  nmethod 0x000001b10953e190

Events (20 events):
Event: 46.940 Thread 0x000001b166b527d0 Thread added: 0x000001b166b52e60
Event: 46.941 Thread 0x000001b166b52e60 Thread added: 0x000001b166b51ab0
Event: 46.944 Thread 0x000001b166b527d0 Thread added: 0x000001b166b4f9e0
Event: 46.944 Thread 0x000001b166b52e60 Thread added: 0x000001b15ed1f380
Event: 46.944 Thread 0x000001b166b51ab0 Thread added: 0x000001b15ed1fa10
Event: 46.948 Thread 0x000001b166b4f9e0 Thread added: 0x000001b15ed22800
Event: 46.948 Thread 0x000001b15ed1f380 Thread added: 0x000001b15ed22e90
Event: 47.196 Thread 0x000001b163cd7bb0 Thread added: 0x000001b15ed23520
Event: 47.196 Thread 0x000001b163cd7bb0 Thread added: 0x000001b15ed20730
Event: 47.196 Thread 0x000001b163cd7bb0 Thread added: 0x000001b15ed200a0
Event: 47.196 Thread 0x000001b163cd7bb0 Thread added: 0x000001b15ed21ae0
Event: 47.196 Thread 0x000001b163cd7bb0 Thread added: 0x000001b15ed23bb0
Event: 47.196 Thread 0x000001b163cd7bb0 Thread added: 0x000001b15ed22170
Event: 47.688 Thread 0x000001b167c7cf10 Thread exited: 0x000001b167c7cf10
Event: 48.672 Thread 0x000001b105755520 Thread added: 0x000001b167c7dcb0
Event: 49.292 Thread 0x000001b167c7dcb0 Thread exited: 0x000001b167c7dcb0
Event: 49.820 Thread 0x000001b10573f3d0 Thread added: 0x000001b167c7cf10
Event: 50.273 Thread 0x000001b105755520 Thread added: 0x000001b167c7dcb0
Event: 53.222 Thread 0x000001b163cd7bb0 Thread added: 0x000001b15ed24240
Event: 53.713 Thread 0x000001b163cd7bb0 Thread added: 0x000001b15ed248d0


Dynamic libraries:
0x00007ff6e1fa0000 - 0x00007ff6e1fae000 	c:\Users\Fernanda Jama\.trae\extensions\redhat.java-1.44.0-win32-x64\jre\21.0.8-win32-x86_64\bin\java.exe
0x00007ff852600000 - 0x00007ff852867000 	C:\Windows\SYSTEM32\ntdll.dll
0x00007ff852210000 - 0x00007ff8522d9000 	C:\Windows\System32\KERNEL32.DLL
0x00007ff84fa50000 - 0x00007ff84fe40000 	C:\Windows\System32\KERNELBASE.dll
0x00007fffc3940000 - 0x00007fffc3a1b000 	C:\Program Files\Bitdefender\Endpoint Security\bdhkm\dlls_267825381831322691\bdhkm64.dll
0x00007fffc3770000 - 0x00007fffc3939000 	C:\Program Files\Bitdefender\Endpoint Security\atcuf\dlls_267870601976104115\atcuf64.dll
0x00007ff84f730000 - 0x00007ff84f87b000 	C:\Windows\System32\ucrtbase.dll
0x00007ff8375d0000 - 0x00007ff8375e8000 	c:\Users\Fernanda Jama\.trae\extensions\redhat.java-1.44.0-win32-x64\jre\21.0.8-win32-x86_64\bin\jli.dll
0x00007ff851310000 - 0x00007ff8514d5000 	C:\Windows\System32\USER32.dll
0x00007ff850360000 - 0x00007ff850387000 	C:\Windows\System32\win32u.dll
0x00007ff851aa0000 - 0x00007ff851acb000 	C:\Windows\System32\GDI32.dll
0x00007ff84f910000 - 0x00007ff84fa48000 	C:\Windows\System32\gdi32full.dll
0x00007ff8502b0000 - 0x00007ff850353000 	C:\Windows\System32\msvcp_win.dll
0x00007ff823910000 - 0x00007ff82392e000 	c:\Users\Fernanda Jama\.trae\extensions\redhat.java-1.44.0-win32-x64\jre\21.0.8-win32-x86_64\bin\VCRUNTIME140.dll
0x00007ff831040000 - 0x00007ff8312da000 	C:\Windows\WinSxS\amd64_microsoft.windows.common-controls_6595b64144ccf1df_6.0.26100.4768_none_3e0c112ce331287c\COMCTL32.dll
0x00007ff850e80000 - 0x00007ff850f29000 	C:\Windows\System32\msvcrt.dll
0x00007ff851220000 - 0x00007ff85124f000 	C:\Windows\System32\IMM32.DLL
0x00007ff83aa30000 - 0x00007ff83aa3c000 	c:\Users\Fernanda Jama\.trae\extensions\redhat.java-1.44.0-win32-x64\jre\21.0.8-win32-x86_64\bin\vcruntime140_1.dll
0x00007ff81b4e0000 - 0x00007ff81b56d000 	c:\Users\Fernanda Jama\.trae\extensions\redhat.java-1.44.0-win32-x64\jre\21.0.8-win32-x86_64\bin\msvcp140.dll
0x00007fffd8280000 - 0x00007fffd9017000 	c:\Users\Fernanda Jama\.trae\extensions\redhat.java-1.44.0-win32-x64\jre\21.0.8-win32-x86_64\bin\server\jvm.dll
0x00007ff850c20000 - 0x00007ff850cd4000 	C:\Windows\System32\ADVAPI32.dll
0x00007ff8514e0000 - 0x00007ff851586000 	C:\Windows\System32\sechost.dll
0x00007ff851bf0000 - 0x00007ff851d08000 	C:\Windows\System32\RPCRT4.dll
0x00007ff850fe0000 - 0x00007ff851054000 	C:\Windows\System32\WS2_32.dll
0x00007ff84f590000 - 0x00007ff84f5ee000 	C:\Windows\SYSTEM32\POWRPROF.dll
0x00007ff836050000 - 0x00007ff836085000 	C:\Windows\SYSTEM32\WINMM.dll
0x00007ff83e2b0000 - 0x00007ff83e2bb000 	C:\Windows\SYSTEM32\VERSION.dll
0x00007ff84f570000 - 0x00007ff84f584000 	C:\Windows\SYSTEM32\UMPDC.dll
0x00007ff84e470000 - 0x00007ff84e48b000 	C:\Windows\SYSTEM32\kernel.appcore.dll
0x00007ff83a470000 - 0x00007ff83a47a000 	c:\Users\Fernanda Jama\.trae\extensions\redhat.java-1.44.0-win32-x64\jre\21.0.8-win32-x86_64\bin\jimage.dll
0x00007ff84cd50000 - 0x00007ff84cf91000 	C:\Windows\SYSTEM32\DBGHELP.DLL
0x00007ff851700000 - 0x00007ff851a85000 	C:\Windows\System32\combase.dll
0x00007ff850390000 - 0x00007ff850470000 	C:\Windows\System32\OLEAUT32.dll
0x00007ff817c70000 - 0x00007ff817cb3000 	C:\Windows\SYSTEM32\dbgcore.DLL
0x00007ff850090000 - 0x00007ff850129000 	C:\Windows\System32\bcryptPrimitives.dll
0x00007ff83a830000 - 0x00007ff83a83f000 	c:\Users\Fernanda Jama\.trae\extensions\redhat.java-1.44.0-win32-x64\jre\21.0.8-win32-x86_64\bin\instrument.dll
0x00007ff837d60000 - 0x00007ff837d7f000 	c:\Users\Fernanda Jama\.trae\extensions\redhat.java-1.44.0-win32-x64\jre\21.0.8-win32-x86_64\bin\java.dll
0x00007ff850480000 - 0x00007ff850bcd000 	C:\Windows\System32\SHELL32.dll
0x00007ff84fe50000 - 0x00007ff84ffc3000 	C:\Windows\System32\wintypes.dll
0x00007ff84d2d0000 - 0x00007ff84db30000 	C:\Windows\SYSTEM32\windows.storage.dll
0x00007ff850cf0000 - 0x00007ff850de5000 	C:\Windows\System32\SHCORE.dll
0x00007ff8524d0000 - 0x00007ff85253a000 	C:\Windows\System32\shlwapi.dll
0x00007ff84f650000 - 0x00007ff84f679000 	C:\Windows\SYSTEM32\profapi.dll
0x00007ff823970000 - 0x00007ff823988000 	c:\Users\Fernanda Jama\.trae\extensions\redhat.java-1.44.0-win32-x64\jre\21.0.8-win32-x86_64\bin\zip.dll
0x00007ff8397a0000 - 0x00007ff8397b0000 	C:\Users\Fernanda Jama\.trae\extensions\redhat.java-1.44.0-win32-x64\jre\21.0.8-win32-x86_64\bin\net.dll
0x00007ff846040000 - 0x00007ff84615e000 	C:\Windows\SYSTEM32\WINHTTP.dll
0x00007ff84e9e0000 - 0x00007ff84ea4b000 	C:\Windows\system32\mswsock.dll
0x00007ff81ebd0000 - 0x00007ff81ebe6000 	C:\Users\Fernanda Jama\.trae\extensions\redhat.java-1.44.0-win32-x64\jre\21.0.8-win32-x86_64\bin\nio.dll
0x00007ff83a2f0000 - 0x00007ff83a300000 	c:\Users\Fernanda Jama\.trae\extensions\redhat.java-1.44.0-win32-x64\jre\21.0.8-win32-x86_64\bin\verify.dll
0x00007ff825440000 - 0x00007ff825485000 	C:\Users\Fernanda Jama\AppData\Roaming\Trae\User\globalStorage\redhat.java\1.44.0\config_win\org.eclipse.equinox.launcher\org.eclipse.equinox.launcher.win32.win32.x86_64_1.2.1400.v20250730-1736\eclipse_11913.dll
0x00007ff851060000 - 0x00007ff851200000 	C:\Windows\System32\ole32.dll
0x00007ff84edc0000 - 0x00007ff84eddb000 	C:\Windows\SYSTEM32\CRYPTSP.dll
0x00007ff84e3d0000 - 0x00007ff84e40b000 	C:\Windows\system32\rsaenh.dll
0x00007ff84ea80000 - 0x00007ff84eaab000 	C:\Windows\SYSTEM32\USERENV.dll
0x00007ff84f620000 - 0x00007ff84f646000 	C:\Windows\SYSTEM32\bcrypt.dll
0x00007ff84ec20000 - 0x00007ff84ec2c000 	C:\Windows\SYSTEM32\CRYPTBASE.dll
0x00007ff84de60000 - 0x00007ff84de93000 	C:\Windows\SYSTEM32\IPHLPAPI.DLL
0x00007ff851210000 - 0x00007ff85121a000 	C:\Windows\System32\NSI.dll
0x00007ff8253f0000 - 0x00007ff825439000 	C:\Users\Fernanda Jama\AppData\Local\Temp\jna--1470441178\jna12544699398510636166.dll
0x00007ff850ce0000 - 0x00007ff850ce8000 	C:\Windows\System32\PSAPI.DLL
0x00007ff849480000 - 0x00007ff84949f000 	C:\Windows\SYSTEM32\dhcpcsvc6.DLL
0x00007ff849450000 - 0x00007ff849475000 	C:\Windows\SYSTEM32\dhcpcsvc.DLL

JVMTI agents:
c:\Users\Fernanda Jama\.trae\extensions\redhat.java-1.44.0-win32-x64\lombok\lombok-1.18.39-4050.jar path:c:\Users\Fernanda Jama\.trae\extensions\redhat.java-1.44.0-win32-x64\jre\21.0.8-win32-x86_64\bin\instrument.dll, loaded, initialized, instrumentlib options:none

dbghelp: loaded successfully - version: 4.0.5 - missing functions: none
symbol engine: initialized successfully - sym options: 0x614 - pdb path: .;c:\Users\Fernanda Jama\.trae\extensions\redhat.java-1.44.0-win32-x64\jre\21.0.8-win32-x86_64\bin;C:\Windows\SYSTEM32;C:\Program Files\Bitdefender\Endpoint Security\bdhkm\dlls_267825381831322691;C:\Program Files\Bitdefender\Endpoint Security\atcuf\dlls_267870601976104115;C:\Windows\WinSxS\amd64_microsoft.windows.common-controls_6595b64144ccf1df_6.0.26100.4768_none_3e0c112ce331287c;c:\Users\Fernanda Jama\.trae\extensions\redhat.java-1.44.0-win32-x64\jre\21.0.8-win32-x86_64\bin\server;C:\Users\Fernanda Jama\AppData\Roaming\Trae\User\globalStorage\redhat.java\1.44.0\config_win\org.eclipse.equinox.launcher\org.eclipse.equinox.launcher.win32.win32.x86_64_1.2.1400.v20250730-1736;C:\Users\Fernanda Jama\AppData\Local\Temp\jna--1470441178

VM Arguments:
jvm_args: --add-modules=ALL-SYSTEM --add-opens=java.base/java.util=ALL-UNNAMED --add-opens=java.base/java.lang=ALL-UNNAMED --add-opens=java.base/sun.nio.fs=ALL-UNNAMED -Declipse.application=org.eclipse.jdt.ls.core.id1 -Dosgi.bundles.defaultStartLevel=4 -Declipse.product=org.eclipse.jdt.ls.core.product -Djava.import.generatesMetadataFilesAtProjectRoot=false -DDetectVMInstallationsJob.disabled=true -Dfile.encoding=utf8 -XX:+UseParallelGC -XX:GCTimeRatio=4 -XX:AdaptiveSizePolicyWeight=90 -Dsun.zip.disableMemoryMapping=true -Xmx2G -Xms100m -Xlog:disable -javaagent:c:\Users\Fernanda Jama\.trae\extensions\redhat.java-1.44.0-win32-x64\lombok\lombok-1.18.39-4050.jar -XX:+HeapDumpOnOutOfMemoryError -XX:HeapDumpPath=c:\Users\Fernanda Jama\AppData\Roaming\Trae\User\workspaceStorage\15c722b02b3b73826bcb58a08aa3cd52\redhat.java -Daether.dependencyCollector.impl=bf 
java_command: c:\Users\Fernanda Jama\.trae\extensions\redhat.java-1.44.0-win32-x64\server\plugins\org.eclipse.equinox.launcher_1.7.0.v20250519-0528.jar -configuration c:\Users\Fernanda Jama\AppData\Roaming\Trae\User\globalStorage\redhat.java\1.44.0\config_win -data c:\Users\Fernanda Jama\AppData\Roaming\Trae\User\workspaceStorage\15c722b02b3b73826bcb58a08aa3cd52\redhat.java\jdt_ws --pipe=\\.\pipe\lsp-aff52b56146b0ed5cb4b365d9d9d6562-sock
java_class_path (initial): c:\Users\Fernanda Jama\.trae\extensions\redhat.java-1.44.0-win32-x64\server\plugins\org.eclipse.equinox.launcher_1.7.0.v20250519-0528.jar
Launcher Type: SUN_STANDARD

[Global flags]
    uintx AdaptiveSizePolicyWeight                 = 90                                        {product} {command line}
     intx CICompilerCount                          = 4                                         {product} {ergonomic}
    uintx GCTimeRatio                              = 4                                         {product} {command line}
     bool HeapDumpOnOutOfMemoryError               = true                                   {manageable} {command line}
    ccstr HeapDumpPath                             = c:\Users\Fernanda Jama\AppData\Roaming\Trae\User\workspaceStorage\15c722b02b3b73826bcb58a08aa3cd52\redhat.java         {manageable} {command line}
   size_t InitialHeapSize                          = 104857600                                 {product} {command line}
   size_t MaxHeapSize                              = 2147483648                                {product} {command line}
   size_t MaxNewSize                               = 715653120                                 {product} {ergonomic}
   size_t MinHeapDeltaBytes                        = 524288                                    {product} {ergonomic}
   size_t MinHeapSize                              = 104857600                                 {product} {command line}
   size_t NewSize                                  = 34603008                                  {product} {ergonomic}
    uintx NonNMethodCodeHeapSize                   = 5839372                                {pd product} {ergonomic}
    uintx NonProfiledCodeHeapSize                  = 122909434                              {pd product} {ergonomic}
   size_t OldSize                                  = 70254592                                  {product} {ergonomic}
    uintx ProfiledCodeHeapSize                     = 122909434                              {pd product} {ergonomic}
    uintx ReservedCodeCacheSize                    = 251658240                              {pd product} {ergonomic}
     bool SegmentedCodeCache                       = true                                      {product} {ergonomic}
   size_t SoftMaxHeapSize                          = 2147483648                             {manageable} {ergonomic}
     bool UseCompressedOops                        = true                           {product lp64_product} {ergonomic}
     bool UseLargePagesIndividualAllocation        = false                                  {pd product} {ergonomic}
     bool UseParallelGC                            = true                                      {product} {command line}

Logging:
Log output configuration:
 #0: stdout all=off uptime,level,tags foldmultilines=false
 #1: stderr all=off uptime,level,tags foldmultilines=false

Environment Variables:
JAVA_HOME=C:\Program Files\Java\jdk-17
CLASSPATH=C:\Program Files\SAP\SAP Business One DI API\JCO\LIB\sbowrapper.jar;C:\Program Files\SAP\SAP Business One DI API\JCO\LIB\sboapi.jar
PATH=C:\Users\Fernanda Jama\.trae\tools\gradle\latest\bin;C:\Program Files\Java\jdk-17\bin;C:\Users\Fernanda Jama\.trae\tools\maven\latest\bin;C:\Python313\Scripts\;C:\Python313\;C:\Program Files\Microsoft MPI\Bin\;C:\Program Files\Common Files\Oracle\Java\javapath;C:\Windows\system32;C:\Windows;C:\Windows\System32\Wbem;C:\Windows\System32\WindowsPowerShell\v1.0\;C:\Windows\System32\OpenSSH\;C:\Program Files\Microsoft SQL Server\Client SDK\ODBC\170\Tools\Binn\;C:\Program Files (x86)\Microsoft SQL Server\150\Tools\Binn\;C:\Program Files\Microsoft SQL Server\150\Tools\Binn\;C:\Program Files\Microsoft SQL Server\150\DTS\Binn\;C:\Program Files (x86)\Microsoft SQL Server\160\DTS\Binn\;C:\Program Files\nodejs\;C:\ProgramData\chocolatey\bin;C:\Program Files\SAP\SAP Business One DI API\JCO\LIB\;C:\Program Files\SAP\SAP Business One DI API\DI API 90;C:\Program Files\SAP\SAP Business One\;C:\Program Files\apache-maven-3.8.8-bin\apache-maven-3.8.8\bin;C:\Program Files\Git\cmd;C:\Users\Fernanda Jama\AppData\Local\Microsoft\WindowsApps;C:\Users\Fernanda Jama\AppData\Local\GitHubDesktop\bin;C:\Users\Fernanda Jama\AppData\Local\Programs\Microsoft VS Code\bin;C:\Users\Fernanda Jama\AppData\Roaming\npm;c:\Users\Fernanda Jama\AppData\Local\Programs\Trae\resources\app\bin\lib
USERNAME=Fernanda Jama
OS=Windows_NT
PROCESSOR_IDENTIFIER=Intel64 Family 6 Model 140 Stepping 1, GenuineIntel
TMP=C:\Users\FERNAN~1\AppData\Local\Temp
TEMP=C:\Users\FERNAN~1\AppData\Local\Temp




Periodic native trim disabled

---------------  S Y S T E M  ---------------

OS:
 Windows 11 , 64 bit Build 26100 (10.0.26100.4768)
OS uptime: 0 days 7:43 hours
Hyper-V role detected

CPU: total 8 (initial active 8) (4 cores per cpu, 2 threads per core) family 6 model 140 stepping 1 microcode 0xb8, cx8, cmov, fxsr, ht, mmx, 3dnowpref, sse, sse2, sse3, ssse3, sse4.1, sse4.2, popcnt, lzcnt, tsc, tscinvbit, avx, avx2, aes, erms, clmul, bmi1, bmi2, adx, avx512f, avx512dq, avx512cd, avx512bw, avx512vl, sha, fma, vzeroupper, avx512_vpopcntdq, avx512_vpclmulqdq, avx512_vaes, avx512_vnni, clflush, clflushopt, clwb, avx512_vbmi2, avx512_vbmi, hv, rdtscp, rdpid, fsrm, gfni, avx512_bitalg, f16c, cet_ibt, cet_ss, avx512_ifma
Processor Information for the first 8 processors :
  Max Mhz: 2803, Current Mhz: 2803, Mhz Limit: 2803

Memory: 4k page, system-wide physical 40743M (2009M free)
TotalPageFile size 101623M (AvailPageFile size 0M)
current process WorkingSet (physical memory assigned to process): 405M, peak: 412M
current process commit charge ("private bytes"): 466M, peak: 476M

vm_info: OpenJDK 64-Bit Server VM (21.0.8+9-LTS) for windows-amd64 JRE (21.0.8+9-LTS), built on 2025-07-15T00:00:00Z by "admin" with MS VC++ 17.7 (VS2022)

END.
