#
# There is insufficient memory for the Java Runtime Environment to continue.
# Native memory allocation (malloc) failed to allocate 1236016 bytes for Chunk::new
# Possible reasons:
#   The system is out of physical RAM or swap space
#   The process is running with CompressedOops enabled, and the Java Heap may be blocking the growth of the native heap
# Possible solutions:
#   Reduce memory load on the system
#   Increase physical memory or swap space
#   Check if swap backing store is full
#   Decrease Java heap size (-Xmx/-Xms)
#   Decrease number of Java threads
#   Decrease Java thread stack sizes (-Xss)
#   Set larger code cache with -XX:ReservedCodeCacheSize=
#   JVM is running with Zero Based Compressed Oops mode in which the Java heap is
#     placed in the first 32GB address space. The Java Heap base address is the
#     maximum limit for the native heap growth. Please use -XX:HeapBaseMinAddress
#     to set the Java Heap base and to place the Java Heap above 32GB virtual address.
# This output file may be truncated or incomplete.
#
#  Out of Memory Error (arena.cpp:189), pid=2884, tid=24156
#
# JRE version: Java(TM) SE Runtime Environment (17.0.15+9) (build 17.0.15+9-LTS-241)
# Java VM: Java HotSpot(TM) 64-Bit Server VM (17.0.15+9-LTS-241, mixed mode, sharing, tiered, compressed oops, compressed class ptrs, g1 gc, windows-amd64)
# No core dump will be written. Minidumps are not enabled by default on client versions of Windows
#

---------------  S U M M A R Y ------------

Command Line: -XX:+ShowCodeDetailsInExceptionMessages -Dspring.jmx.enabled=true -Dmanagement.endpoints.jmx.exposure.include=* -Dspring.application.admin.enabled=true -Dspring.boot.project.name=com.manamer.sellout.infraestructure.keycloak-adapter-keycloak-adapter -Djava.rmi.server.hostname=localhost -Dcom.sun.management.jmxremote.port=45558 -Dcom.sun.management.jmxremote.authenticate=false -Dcom.sun.management.jmxremote.ssl=false com.sellout.KeycloakAdapterApplication

Host: 11th Gen Intel(R) Core(TM) i7-1165G7 @ 2.80GHz, 8 cores, 39G,  Windows 11 , 64 bit Build 26100 (10.0.26100.5074)
Time: Tue Sep  9 23:09:14 2025 Hora est. Pacífico, Sudamérica elapsed time: 22365.245233 seconds (0d 6h 12m 45s)

---------------  T H R E A D  ---------------

Current thread (0x0000022d7d0b68e0):  JavaThread "C2 CompilerThread0" daemon [_thread_in_native, id=24156, stack(0x000000d433900000,0x000000d433a00000)]


Current CompileTask:
C2:22365268 10253       4       java.lang.invoke.MethodType::makeImpl (109 bytes)

Stack: [0x000000d433900000,0x000000d433a00000]
Native frames: (J=compiled Java code, j=interpreted, Vv=VM code, C=native code)
V  [jvm.dll+0x67a46a]
V  [jvm.dll+0x7da6ad]
V  [jvm.dll+0x7dbff3]
V  [jvm.dll+0x7dc663]
V  [jvm.dll+0x24523f]
V  [jvm.dll+0xab763]
V  [jvm.dll+0xabd2c]
V  [jvm.dll+0x361ebf]
V  [jvm.dll+0x32c5e1]
V  [jvm.dll+0x32ba7a]
V  [jvm.dll+0x2169ef]
V  [jvm.dll+0x215e1f]
V  [jvm.dll+0x1a2a00]
V  [jvm.dll+0x2262bb]
V  [jvm.dll+0x22445b]
V  [jvm.dll+0x790acc]
V  [jvm.dll+0x78b0ba]
V  [jvm.dll+0x679355]
C  [ucrtbase.dll+0x37b0]
C  [KERNEL32.DLL+0x2e8d7]
C  [ntdll.dll+0x8d9c]


---------------  P R O C E S S  ---------------

Threads class SMR info:
_java_thread_list=0x0000022d534e15f0, length=40, elements={
0x0000022d7d095ed0, 0x0000022d7d0975f0, 0x0000022d7d0a9a10, 0x0000022d7d0aa5c0,
0x0000022d7d0adaf0, 0x0000022d7d0af010, 0x0000022d7d0b68e0, 0x0000022d7d0ba200,
0x0000022d7d0bbb10, 0x0000022d4b081830, 0x0000022d4b1cba20, 0x0000022d4b94f6f0,
0x0000022d4b950250, 0x0000022d4b91dc80, 0x0000022d518a5fa0, 0x0000022d518a5130,
0x0000022d518a77b0, 0x0000022d518a6940, 0x0000022d518a5ad0, 0x0000022d518a4790,
0x0000022d518a4c60, 0x0000022d516c9780, 0x0000022d516ca120, 0x0000022d516c75d0,
0x0000022d516c8de0, 0x0000022d516c7aa0, 0x0000022d516c7f70, 0x0000022d516c6c30,
0x0000022d516c6760, 0x0000022d516c92b0, 0x0000022d516c9c50, 0x0000022d516c7100,
0x0000022d516caac0, 0x0000022d516cbe00, 0x0000022d516ca5f0, 0x0000022d516caf90,
0x0000022d516cb460, 0x0000022d516cb930, 0x0000022d516c8440, 0x0000022d516c8910
}

Java Threads: ( => current thread )
  0x0000022d7d095ed0 JavaThread "Reference Handler" daemon [_thread_blocked, id=24960, stack(0x000000d433300000,0x000000d433400000)]
  0x0000022d7d0975f0 JavaThread "Finalizer" daemon [_thread_blocked, id=25016, stack(0x000000d433400000,0x000000d433500000)]
  0x0000022d7d0a9a10 JavaThread "Signal Dispatcher" daemon [_thread_blocked, id=8292, stack(0x000000d433500000,0x000000d433600000)]
  0x0000022d7d0aa5c0 JavaThread "Attach Listener" daemon [_thread_blocked, id=21084, stack(0x000000d433600000,0x000000d433700000)]
  0x0000022d7d0adaf0 JavaThread "Service Thread" daemon [_thread_blocked, id=12424, stack(0x000000d433700000,0x000000d433800000)]
  0x0000022d7d0af010 JavaThread "Monitor Deflation Thread" daemon [_thread_blocked, id=23400, stack(0x000000d433800000,0x000000d433900000)]
=>0x0000022d7d0b68e0 JavaThread "C2 CompilerThread0" daemon [_thread_in_native, id=24156, stack(0x000000d433900000,0x000000d433a00000)]
  0x0000022d7d0ba200 JavaThread "C1 CompilerThread0" daemon [_thread_blocked, id=10136, stack(0x000000d433a00000,0x000000d433b00000)]
  0x0000022d7d0bbb10 JavaThread "Sweeper thread" daemon [_thread_blocked, id=5140, stack(0x000000d433b00000,0x000000d433c00000)]
  0x0000022d4b081830 JavaThread "Common-Cleaner" daemon [_thread_blocked, id=4352, stack(0x000000d433c00000,0x000000d433d00000)]
  0x0000022d4b1cba20 JavaThread "Notification Thread" daemon [_thread_blocked, id=25156, stack(0x000000d433d00000,0x000000d433e00000)]
  0x0000022d4b94f6f0 JavaThread "RMI TCP Accept-0" daemon [_thread_in_native, id=25536, stack(0x000000d433f00000,0x000000d434000000)]
  0x0000022d4b950250 JavaThread "RMI TCP Accept-45558" daemon [_thread_in_native, id=23032, stack(0x000000d434000000,0x000000d434100000)]
  0x0000022d4b91dc80 JavaThread "RMI TCP Accept-0" daemon [_thread_in_native, id=19228, stack(0x000000d434100000,0x000000d434200000)]
  0x0000022d518a5fa0 JavaThread "RMI Scheduler(0)" daemon [_thread_blocked, id=4892, stack(0x000000d434f00000,0x000000d435000000)]
  0x0000022d518a5130 JavaThread "Catalina-utility-1" [_thread_blocked, id=2140, stack(0x000000d435300000,0x000000d435400000)]
  0x0000022d518a77b0 JavaThread "Catalina-utility-2" [_thread_blocked, id=4876, stack(0x000000d435400000,0x000000d435500000)]
  0x0000022d518a6940 JavaThread "container-0" [_thread_blocked, id=24948, stack(0x000000d435500000,0x000000d435600000)]
  0x0000022d518a5ad0 JavaThread "spring.cloud.inetutils" daemon [_thread_blocked, id=21920, stack(0x000000d435600000,0x000000d435700000)]
  0x0000022d518a4790 JavaThread "AsyncResolver-bootstrap-0" daemon [_thread_blocked, id=3552, stack(0x000000d435800000,0x000000d435900000)]
  0x0000022d518a4c60 JavaThread "idle-connection-evictor-1" daemon [_thread_blocked, id=22112, stack(0x000000d435900000,0x000000d435a00000)]
  0x0000022d516c9780 JavaThread "DiscoveryClient-0" daemon [_thread_blocked, id=24956, stack(0x000000d435b00000,0x000000d435c00000)]
  0x0000022d516ca120 JavaThread "DiscoveryClient-1" daemon [_thread_blocked, id=21852, stack(0x000000d435c00000,0x000000d435d00000)]
  0x0000022d516c75d0 JavaThread "DiscoveryClient-InstanceInfoReplicator-0" daemon [_thread_blocked, id=25540, stack(0x000000d435d00000,0x000000d435e00000)]
  0x0000022d516c8de0 JavaThread "http-nio-8088-exec-1" daemon [_thread_blocked, id=22280, stack(0x000000d435e00000,0x000000d435f00000)]
  0x0000022d516c7aa0 JavaThread "http-nio-8088-exec-2" daemon [_thread_blocked, id=18932, stack(0x000000d435f00000,0x000000d436000000)]
  0x0000022d516c7f70 JavaThread "http-nio-8088-exec-3" daemon [_thread_blocked, id=24668, stack(0x000000d436000000,0x000000d436100000)]
  0x0000022d516c6c30 JavaThread "http-nio-8088-exec-4" daemon [_thread_blocked, id=20404, stack(0x000000d436100000,0x000000d436200000)]
  0x0000022d516c6760 JavaThread "http-nio-8088-exec-5" daemon [_thread_blocked, id=19784, stack(0x000000d436200000,0x000000d436300000)]
  0x0000022d516c92b0 JavaThread "http-nio-8088-exec-6" daemon [_thread_blocked, id=2520, stack(0x000000d436300000,0x000000d436400000)]
  0x0000022d516c9c50 JavaThread "http-nio-8088-exec-7" daemon [_thread_blocked, id=22860, stack(0x000000d436400000,0x000000d436500000)]
  0x0000022d516c7100 JavaThread "http-nio-8088-exec-8" daemon [_thread_blocked, id=24824, stack(0x000000d436500000,0x000000d436600000)]
  0x0000022d516caac0 JavaThread "http-nio-8088-exec-9" daemon [_thread_blocked, id=15328, stack(0x000000d436600000,0x000000d436700000)]
  0x0000022d516cbe00 JavaThread "http-nio-8088-exec-10" daemon [_thread_blocked, id=23332, stack(0x000000d436700000,0x000000d436800000)]
  0x0000022d516ca5f0 JavaThread "http-nio-8088-Poller" daemon [_thread_in_native, id=8412, stack(0x000000d436800000,0x000000d436900000)]
  0x0000022d516caf90 JavaThread "http-nio-8088-Acceptor" daemon [_thread_in_native, id=16728, stack(0x000000d436900000,0x000000d436a00000)]
  0x0000022d516cb460 JavaThread "DestroyJavaVM" [_thread_blocked, id=2144, stack(0x000000d432c00000,0x000000d432d00000)]
  0x0000022d516cb930 JavaThread "DiscoveryClient-HeartbeatExecutor-0" daemon [_thread_blocked, id=22560, stack(0x000000d434c00000,0x000000d434d00000)]
  0x0000022d516c8440 JavaThread "DiscoveryClient-CacheRefreshExecutor-0" daemon [_thread_blocked, id=18968, stack(0x000000d434d00000,0x000000d434e00000)]
  0x0000022d516c8910 JavaThread "AsyncResolver-bootstrap-executor-0" daemon [_thread_blocked, id=24724, stack(0x000000d432a00000,0x000000d432b00000)]

Other Threads:
  0x0000022d7d08f8b0 VMThread "VM Thread" [stack: 0x000000d433200000,0x000000d433300000] [id=20544]
  0x0000022d4b9c0ea0 WatcherThread [stack: 0x000000d434200000,0x000000d434300000] [id=14812]
  0x0000022d547a0180 GCTaskThread "GC Thread#0" [stack: 0x000000d432d00000,0x000000d432e00000] [id=4020]
  0x0000022d4bcb4a30 GCTaskThread "GC Thread#1" [stack: 0x000000d434300000,0x000000d434400000] [id=25284]
  0x0000022d50409e20 GCTaskThread "GC Thread#2" [stack: 0x000000d434400000,0x000000d434500000] [id=24876]
  0x0000022d5084a770 GCTaskThread "GC Thread#3" [stack: 0x000000d434500000,0x000000d434600000] [id=25180]
  0x0000022d5097d1e0 GCTaskThread "GC Thread#4" [stack: 0x000000d434600000,0x000000d434700000] [id=23088]
  0x0000022d4bc4d030 GCTaskThread "GC Thread#5" [stack: 0x000000d434700000,0x000000d434800000] [id=22420]
  0x0000022d5097d4a0 GCTaskThread "GC Thread#6" [stack: 0x000000d434800000,0x000000d434900000] [id=22960]
  0x0000022d50ac9820 GCTaskThread "GC Thread#7" [stack: 0x000000d434900000,0x000000d434a00000] [id=23004]
  0x0000022d547ab010 ConcurrentGCThread "G1 Main Marker" [stack: 0x000000d432e00000,0x000000d432f00000] [id=13016]
  0x0000022d547aba20 ConcurrentGCThread "G1 Conc#0" [stack: 0x000000d432f00000,0x000000d433000000] [id=9380]
  0x0000022d50e412b0 ConcurrentGCThread "G1 Conc#1" [stack: 0x000000d435100000,0x000000d435200000] [id=18892]
  0x0000022d7cfc9020 ConcurrentGCThread "G1 Refine#0" [stack: 0x000000d433000000,0x000000d433100000] [id=7400]
  0x0000022d50655710 ConcurrentGCThread "G1 Refine#1" [stack: 0x000000d435200000,0x000000d435300000] [id=21964]
  0x0000022d7cfc9a50 ConcurrentGCThread "G1 Service" [stack: 0x000000d433100000,0x000000d433200000] [id=24528]

Threads with active compile tasks:
C2 CompilerThread0  22365436 10253       4       java.lang.invoke.MethodType::makeImpl (109 bytes)

VM state: not at safepoint (normal execution)

VM Mutex/Monitor currently owned by a thread: None

Heap address: 0x0000000583000000, size: 10192 MB, Compressed Oops mode: Zero based, Oop shift amount: 3

CDS archive(s) mapped at: [0x0000022d0a000000-0x0000022d0abd0000-0x0000022d0abd0000), size 12386304, SharedBaseAddress: 0x0000022d0a000000, ArchiveRelocationMode: 1.
Compressed class space mapped at: 0x0000022d0b000000-0x0000022d4b000000, reserved size: 1073741824
Narrow klass base: 0x0000022d0a000000, Narrow klass shift: 0, Narrow klass range: 0x100000000

GC Precious Log:
 CPUs: 8 total, 8 available
 Memory: 40743M
 Large Page Support: Disabled
 NUMA Support: Disabled
 Compressed Oops: Enabled (Zero based)
 Heap Region Size: 8M
 Heap Min Capacity: 8M
 Heap Initial Capacity: 640M
 Heap Max Capacity: 10192M
 Pre-touch: Disabled
 Parallel Workers: 8
 Concurrent Workers: 2
 Concurrent Refinement Workers: 8
 Periodic GC: Disabled

Heap:
 garbage-first heap   total 81920K, used 38723K [0x0000000583000000, 0x0000000800000000)
  region size 8192K, 3 young (24576K), 1 survivors (8192K)
 Metaspace       used 49850K, committed 50496K, reserved 1114112K
  class space    used 6118K, committed 6400K, reserved 1048576K

Heap Regions: E=young(eden), S=young(survivor), O=old, HS=humongous(starts), HC=humongous(continues), CS=collection set, F=free, OA=open archive, CA=closed archive, TAMS=top-at-mark-start (previous, next)
|   0|0x0000000583000000, 0x0000000583800000, 0x0000000583800000|100%| O|  |TAMS 0x00000005830bbc00, 0x0000000583000000| Untracked 
|   1|0x0000000583800000, 0x0000000584000000, 0x0000000584000000|100%| O|  |TAMS 0x0000000584000000, 0x0000000583800000| Untracked 
|   2|0x0000000584000000, 0x0000000584800000, 0x0000000584800000|100%| O|  |TAMS 0x0000000584800000, 0x0000000584000000| Untracked 
|   3|0x0000000584800000, 0x0000000584d61600, 0x0000000585000000| 67%| O|  |TAMS 0x0000000584800000, 0x0000000584800000| Untracked 
|   4|0x0000000585000000, 0x0000000585000000, 0x0000000585800000|  0%| F|  |TAMS 0x0000000585000000, 0x0000000585000000| Untracked 
|   5|0x0000000585800000, 0x000000058586f7f8, 0x0000000586000000|  5%| S|CS|TAMS 0x0000000585800000, 0x0000000585800000| Complete 
|   6|0x0000000586000000, 0x0000000586000000, 0x0000000586800000|  0%| F|  |TAMS 0x0000000586000000, 0x0000000586000000| Untracked 
|   7|0x0000000586800000, 0x0000000586800000, 0x0000000587000000|  0%| F|  |TAMS 0x0000000586800000, 0x0000000586800000| Untracked 
|  78|0x00000005aa000000, 0x00000005aa0c2838, 0x00000005aa800000|  9%| E|  |TAMS 0x00000005aa000000, 0x00000005aa000000| Complete 
|  79|0x00000005aa800000, 0x00000005ab000000, 0x00000005ab000000|100%| E|CS|TAMS 0x00000005aa800000, 0x00000005aa800000| Complete 

Card table byte_map: [0x0000022d6e6a0000,0x0000022d6fa90000] _byte_map_base: 0x0000022d6ba88000

Marking Bits (Prev, Next): (CMBitMap*) 0x0000022d547a07a0, (CMBitMap*) 0x0000022d547a07e0
 Prev Bits: [0x0000022d70e80000, 0x0000022d7adc0000)
 Next Bits: [0x0000022d00000000, 0x0000022d09f40000)

Polling page: 0x0000022d547b0000

Metaspace:

Usage:
  Non-class:     42.71 MB used.
      Class:      5.97 MB used.
       Both:     48.68 MB used.

Virtual space:
  Non-class space:       64.00 MB reserved,      43.06 MB ( 67%) committed,  1 nodes.
      Class space:        1.00 GB reserved,       6.25 MB ( <1%) committed,  1 nodes.
             Both:        1.06 GB reserved,      49.31 MB (  5%) committed. 

Chunk freelists:
   Non-Class:  4.09 MB
       Class:  9.76 MB
        Both:  13.85 MB

MaxMetaspaceSize: unlimited
CompressedClassSpaceSize: 1.00 GB
Initial GC threshold: 21.00 MB
Current GC threshold: 59.00 MB
CDS: on
MetaspaceReclaimPolicy: balanced
 - commit_granule_bytes: 65536.
 - commit_granule_words: 8192.
 - virtual_space_node_default_size: 8388608.
 - enlarge_chunks_in_place: 1.
 - new_chunks_are_fully_committed: 0.
 - uncommit_free_chunks: 1.
 - use_allocation_guard: 0.
 - handle_deallocations: 1.


Internal statistics:

num_allocs_failed_limit: 6.
num_arena_births: 892.
num_arena_deaths: 0.
num_vsnodes_births: 2.
num_vsnodes_deaths: 0.
num_space_committed: 789.
num_space_uncommitted: 0.
num_chunks_returned_to_freelist: 6.
num_chunks_taken_from_freelist: 2718.
num_chunk_merges: 6.
num_chunk_splits: 1764.
num_chunks_enlarged: 1199.
num_inconsistent_stats: 0.

CodeHeap 'non-profiled nmethods': size=120000Kb used=6391Kb max_used=6391Kb free=113608Kb
 bounds [0x0000022d65320000, 0x0000022d65960000, 0x0000022d6c850000]
CodeHeap 'profiled nmethods': size=120000Kb used=18337Kb max_used=19041Kb free=101662Kb
 bounds [0x0000022d5d850000, 0x0000022d5eaf0000, 0x0000022d64d80000]
CodeHeap 'non-nmethods': size=5760Kb used=1290Kb max_used=1353Kb free=4469Kb
 bounds [0x0000022d64d80000, 0x0000022d64ff0000, 0x0000022d65320000]
 total_blobs=9279 nmethods=8680 adapters=511
 compilation: enabled
              stopped_count=0, restarted_count=0
 full_count=0

Compilation events (20 events):
Event: 22354.937 Thread 0x0000022d7d0ba200 10244       3       com.fasterxml.jackson.databind.introspect.AnnotatedMethod::getAnnotated (5 bytes)
Event: 22354.937 Thread 0x0000022d7d0ba200 nmethod 10244 0x0000022d5e475e90 code [0x0000022d5e476020, 0x0000022d5e476138]
Event: 22354.939 Thread 0x0000022d7d0ba200 10248       3       com.fasterxml.jackson.databind.deser.BeanDeserializerBase::<init> (238 bytes)
Event: 22354.942 Thread 0x0000022d7d0ba200 nmethod 10248 0x0000022d5e119910 code [0x0000022d5e119bc0, 0x0000022d5e11b0c8]
Event: 22354.942 Thread 0x0000022d7d0ba200 10249       3       com.fasterxml.jackson.databind.introspect.AnnotationIntrospectorPair::findNamingStrategy (24 bytes)
Event: 22354.942 Thread 0x0000022d7d0ba200 nmethod 10249 0x0000022d5e2bfc90 code [0x0000022d5e2bfe40, 0x0000022d5e2c0138]
Event: 22354.942 Thread 0x0000022d7d0ba200 10250       3       com.fasterxml.jackson.databind.introspect.AnnotationIntrospectorPair::findSerializationPropertyOrder (26 bytes)
Event: 22354.942 Thread 0x0000022d7d0ba200 nmethod 10250 0x0000022d5e3ce910 code [0x0000022d5e3ceac0, 0x0000022d5e3cedd8]
Event: 22354.990 Thread 0x0000022d7d0b68e0 nmethod 10241 0x0000022d65958f90 code [0x0000022d65959280, 0x0000022d6595abd8]
Event: 22354.990 Thread 0x0000022d7d0b68e0 10245       4       com.fasterxml.jackson.databind.deser.SettableBeanProperty::<init> (88 bytes)
Event: 22355.006 Thread 0x0000022d7d0b68e0 nmethod 10245 0x0000022d6595bd90 code [0x0000022d6595bf40, 0x0000022d6595caf8]
Event: 22355.006 Thread 0x0000022d7d0b68e0 10246       4       com.fasterxml.jackson.databind.PropertyName::internSimpleName (46 bytes)
Event: 22355.010 Thread 0x0000022d7d0b68e0 nmethod 10246 0x0000022d6595ce10 code [0x0000022d6595cfa0, 0x0000022d6595d288]
Event: 22355.010 Thread 0x0000022d7d0b68e0 10247       4       com.fasterxml.jackson.databind.deser.BasicDeserializerFactory::findDeserializerFromAnnotation (31 bytes)
Event: 22355.012 Thread 0x0000022d7d0ba200 10251   !   3       java.time.format.DateTimeFormatterBuilder$CompositePrinterParser::format (116 bytes)
Event: 22355.012 Thread 0x0000022d7d0ba200 nmethod 10251 0x0000022d5de40890 code [0x0000022d5de40aa0, 0x0000022d5de41218]
Event: 22355.014 Thread 0x0000022d7d0ba200 10252       3       ch.qos.logback.classic.Level::isGreaterOrEqual (17 bytes)
Event: 22355.014 Thread 0x0000022d7d0ba200 nmethod 10252 0x0000022d5e41a010 code [0x0000022d5e41a1a0, 0x0000022d5e41a318]
Event: 22355.015 Thread 0x0000022d7d0b68e0 nmethod 10247 0x0000022d6595d410 code [0x0000022d6595d5e0, 0x0000022d6595d8b8]
Event: 22363.980 Thread 0x0000022d7d0b68e0 10253       4       java.lang.invoke.MethodType::makeImpl (109 bytes)

GC Heap History (20 events):
Event: 17010.782 GC heap before
{Heap before GC invocations=43 (full 0):
 garbage-first heap   total 81920K, used 55090K [0x0000000583000000, 0x0000000800000000)
  region size 8192K, 4 young (32768K), 1 survivors (8192K)
 Metaspace       used 49533K, committed 50112K, reserved 1114112K
  class space    used 6105K, committed 6400K, reserved 1048576K
}
Event: 17010.785 GC heap after
{Heap after GC invocations=44 (full 0):
 garbage-first heap   total 81920K, used 30532K [0x0000000583000000, 0x0000000800000000)
  region size 8192K, 1 young (8192K), 1 survivors (8192K)
 Metaspace       used 49533K, committed 50112K, reserved 1114112K
  class space    used 6105K, committed 6400K, reserved 1048576K
}
Event: 17602.579 GC heap before
{Heap before GC invocations=44 (full 0):
 garbage-first heap   total 81920K, used 55108K [0x0000000583000000, 0x0000000800000000)
  region size 8192K, 4 young (32768K), 1 survivors (8192K)
 Metaspace       used 49544K, committed 50112K, reserved 1114112K
  class space    used 6105K, committed 6400K, reserved 1048576K
}
Event: 17602.582 GC heap after
{Heap after GC invocations=45 (full 0):
 garbage-first heap   total 81920K, used 30558K [0x0000000583000000, 0x0000000800000000)
  region size 8192K, 1 young (8192K), 1 survivors (8192K)
 Metaspace       used 49544K, committed 50112K, reserved 1114112K
  class space    used 6105K, committed 6400K, reserved 1048576K
}
Event: 18188.577 GC heap before
{Heap before GC invocations=45 (full 0):
 garbage-first heap   total 81920K, used 55134K [0x0000000583000000, 0x0000000800000000)
  region size 8192K, 4 young (32768K), 1 survivors (8192K)
 Metaspace       used 49550K, committed 50176K, reserved 1114112K
  class space    used 6105K, committed 6400K, reserved 1048576K
}
Event: 18188.580 GC heap after
{Heap after GC invocations=46 (full 0):
 garbage-first heap   total 81920K, used 30542K [0x0000000583000000, 0x0000000800000000)
  region size 8192K, 1 young (8192K), 1 survivors (8192K)
 Metaspace       used 49550K, committed 50176K, reserved 1114112K
  class space    used 6105K, committed 6400K, reserved 1048576K
}
Event: 18776.237 GC heap before
{Heap before GC invocations=46 (full 0):
 garbage-first heap   total 81920K, used 55118K [0x0000000583000000, 0x0000000800000000)
  region size 8192K, 4 young (32768K), 1 survivors (8192K)
 Metaspace       used 49557K, committed 50176K, reserved 1114112K
  class space    used 6105K, committed 6400K, reserved 1048576K
}
Event: 18776.240 GC heap after
{Heap after GC invocations=47 (full 0):
 garbage-first heap   total 81920K, used 30538K [0x0000000583000000, 0x0000000800000000)
  region size 8192K, 1 young (8192K), 1 survivors (8192K)
 Metaspace       used 49557K, committed 50176K, reserved 1114112K
  class space    used 6105K, committed 6400K, reserved 1048576K
}
Event: 19365.054 GC heap before
{Heap before GC invocations=47 (full 0):
 garbage-first heap   total 81920K, used 55114K [0x0000000583000000, 0x0000000800000000)
  region size 8192K, 4 young (32768K), 1 survivors (8192K)
 Metaspace       used 49577K, committed 50176K, reserved 1114112K
  class space    used 6105K, committed 6400K, reserved 1048576K
}
Event: 19365.056 GC heap after
{Heap after GC invocations=48 (full 0):
 garbage-first heap   total 81920K, used 30566K [0x0000000583000000, 0x0000000800000000)
  region size 8192K, 1 young (8192K), 1 survivors (8192K)
 Metaspace       used 49577K, committed 50176K, reserved 1114112K
  class space    used 6105K, committed 6400K, reserved 1048576K
}
Event: 19948.869 GC heap before
{Heap before GC invocations=48 (full 0):
 garbage-first heap   total 81920K, used 55142K [0x0000000583000000, 0x0000000800000000)
  region size 8192K, 4 young (32768K), 1 survivors (8192K)
 Metaspace       used 49579K, committed 50176K, reserved 1114112K
  class space    used 6105K, committed 6400K, reserved 1048576K
}
Event: 19948.873 GC heap after
{Heap after GC invocations=49 (full 0):
 garbage-first heap   total 81920K, used 30587K [0x0000000583000000, 0x0000000800000000)
  region size 8192K, 1 young (8192K), 1 survivors (8192K)
 Metaspace       used 49579K, committed 50176K, reserved 1114112K
  class space    used 6105K, committed 6400K, reserved 1048576K
}
Event: 20536.035 GC heap before
{Heap before GC invocations=49 (full 0):
 garbage-first heap   total 81920K, used 55163K [0x0000000583000000, 0x0000000800000000)
  region size 8192K, 4 young (32768K), 1 survivors (8192K)
 Metaspace       used 49611K, committed 50240K, reserved 1114112K
  class space    used 6105K, committed 6400K, reserved 1048576K
}
Event: 20536.037 GC heap after
{Heap after GC invocations=50 (full 0):
 garbage-first heap   total 81920K, used 30600K [0x0000000583000000, 0x0000000800000000)
  region size 8192K, 1 young (8192K), 1 survivors (8192K)
 Metaspace       used 49611K, committed 50240K, reserved 1114112K
  class space    used 6105K, committed 6400K, reserved 1048576K
}
Event: 21122.373 GC heap before
{Heap before GC invocations=50 (full 0):
 garbage-first heap   total 81920K, used 55176K [0x0000000583000000, 0x0000000800000000)
  region size 8192K, 4 young (32768K), 1 survivors (8192K)
 Metaspace       used 49625K, committed 50240K, reserved 1114112K
  class space    used 6105K, committed 6400K, reserved 1048576K
}
Event: 21122.375 GC heap after
{Heap after GC invocations=51 (full 0):
 garbage-first heap   total 81920K, used 30598K [0x0000000583000000, 0x0000000800000000)
  region size 8192K, 1 young (8192K), 1 survivors (8192K)
 Metaspace       used 49625K, committed 50240K, reserved 1114112K
  class space    used 6105K, committed 6400K, reserved 1048576K
}
Event: 21725.862 GC heap before
{Heap before GC invocations=51 (full 0):
 garbage-first heap   total 81920K, used 55174K [0x0000000583000000, 0x0000000800000000)
  region size 8192K, 4 young (32768K), 1 survivors (8192K)
 Metaspace       used 49633K, committed 50240K, reserved 1114112K
  class space    used 6105K, committed 6400K, reserved 1048576K
}
Event: 21725.864 GC heap after
{Heap after GC invocations=52 (full 0):
 garbage-first heap   total 81920K, used 30619K [0x0000000583000000, 0x0000000800000000)
  region size 8192K, 1 young (8192K), 1 survivors (8192K)
 Metaspace       used 49633K, committed 50240K, reserved 1114112K
  class space    used 6105K, committed 6400K, reserved 1048576K
}
Event: 22234.228 GC heap before
{Heap before GC invocations=52 (full 0):
 garbage-first heap   total 81920K, used 47003K [0x0000000583000000, 0x0000000800000000)
  region size 8192K, 4 young (32768K), 1 survivors (8192K)
 Metaspace       used 49798K, committed 50368K, reserved 1114112K
  class space    used 6117K, committed 6400K, reserved 1048576K
}
Event: 22234.232 GC heap after
{Heap after GC invocations=53 (full 0):
 garbage-first heap   total 81920K, used 30531K [0x0000000583000000, 0x0000000800000000)
  region size 8192K, 1 young (8192K), 1 survivors (8192K)
 Metaspace       used 49798K, committed 50368K, reserved 1114112K
  class space    used 6117K, committed 6400K, reserved 1048576K
}

Deoptimization events (20 events):
Event: 22173.863 Thread 0x0000022d516c8440 Uncommon trap: trap_request=0xffffffc6 fr.pc=0x0000022d6552e120 relative=0x0000000000000360
Event: 22173.863 Thread 0x0000022d516c8440 Uncommon trap: reason=bimorphic_or_optimized_type_check action=maybe_recompile pc=0x0000022d6552e120 method=java.util.Collections$SetFromMap.contains(Ljava/lang/Object;)Z @ 5 c2
Event: 22173.863 Thread 0x0000022d516c8440 DEOPT PACKING pc=0x0000022d6552e120 sp=0x000000d434dfe4b0
Event: 22173.863 Thread 0x0000022d516c8440 DEOPT UNPACKING pc=0x0000022d64dd5ba3 sp=0x000000d434dfe468 mode 2
Event: 22173.863 Thread 0x0000022d516cb930 Uncommon trap: trap_request=0xffffffc6 fr.pc=0x0000022d6552e120 relative=0x0000000000000360
Event: 22173.863 Thread 0x0000022d516cb930 Uncommon trap: reason=bimorphic_or_optimized_type_check action=maybe_recompile pc=0x0000022d6552e120 method=java.util.Collections$SetFromMap.contains(Ljava/lang/Object;)Z @ 5 c2
Event: 22173.863 Thread 0x0000022d516cb930 DEOPT PACKING pc=0x0000022d6552e120 sp=0x000000d434cfe350
Event: 22173.863 Thread 0x0000022d516cb930 DEOPT UNPACKING pc=0x0000022d64dd5ba3 sp=0x000000d434cfe308 mode 2
Event: 22174.227 Thread 0x0000022d518a5600 DEOPT PACKING pc=0x0000022d657f7eb0 sp=0x000000d4350fed90
Event: 22174.228 Thread 0x0000022d518a5600 DEOPT UNPACKING pc=0x0000022d64dd66e3 sp=0x000000d4350fdf18 mode 0
Event: 22234.479 Thread 0x0000022d516cb930 DEOPT PACKING pc=0x0000022d5e578342 sp=0x000000d434cfd960
Event: 22234.479 Thread 0x0000022d516cb930 DEOPT UNPACKING pc=0x0000022d64dd66e3 sp=0x000000d434cfcde8 mode 0
Event: 22244.904 Thread 0x0000022d518a5600 Uncommon trap: trap_request=0xffffff45 fr.pc=0x0000022d65841d48 relative=0x0000000000002a08
Event: 22244.905 Thread 0x0000022d518a5600 Uncommon trap: reason=unstable_if action=reinterpret pc=0x0000022d65841d48 method=java.util.concurrent.ThreadPoolExecutor.getTask()Ljava/lang/Runnable; @ 62 c2
Event: 22244.905 Thread 0x0000022d518a5600 DEOPT PACKING pc=0x0000022d65841d48 sp=0x000000d4350ff190
Event: 22244.905 Thread 0x0000022d518a5600 DEOPT UNPACKING pc=0x0000022d64dd5ba3 sp=0x000000d4350ff190 mode 2
Event: 22264.257 Thread 0x0000022d516c8440 Uncommon trap: trap_request=0xfffffff4 fr.pc=0x0000022d6592b67c relative=0x00000000000010bc
Event: 22264.257 Thread 0x0000022d516c8440 Uncommon trap: reason=null_check action=make_not_entrant pc=0x0000022d6592b67c method=com.fasterxml.jackson.databind.introspect.JacksonAnnotationIntrospector.findKeyDeserializer(Lcom/fasterxml/jackson/databind/introspect/Annotated;)Ljava/lang/Object; @ 8 
Event: 22264.257 Thread 0x0000022d516c8440 DEOPT PACKING pc=0x0000022d6592b67c sp=0x000000d434dfc330
Event: 22264.257 Thread 0x0000022d516c8440 DEOPT UNPACKING pc=0x0000022d64dd5ba3 sp=0x000000d434dfc278 mode 2

Classes unloaded (0 events):
No events

Classes redefined (0 events):
No events

Internal exceptions (20 events):
Event: 22294.764 Thread 0x0000022d516cb930 Exception <a 'java/net/ConnectException'{0x00000005aacb0e30}: Connection refused: no further information> (0x00000005aacb0e30) 
thrown [s\open\src\hotspot\share\prims\jni.cpp, line 535]
Event: 22294.764 Thread 0x0000022d516cb930 Exception <a 'java/net/SocketException'{0x00000005aacb1410}: Socket is not connected: shutdown> (0x00000005aacb1410) 
thrown [s\open\src\hotspot\share\prims\jni.cpp, line 535]
Event: 22294.788 Thread 0x0000022d516cb930 Exception <a 'java/net/ConnectException'{0x00000005aacb2818}: Connection refused: no further information> (0x00000005aacb2818) 
thrown [s\open\src\hotspot\share\prims\jni.cpp, line 535]
Event: 22294.788 Thread 0x0000022d516cb930 Exception <a 'java/net/SocketException'{0x00000005aacb2df8}: Socket is not connected: shutdown> (0x00000005aacb2df8) 
thrown [s\open\src\hotspot\share\prims\jni.cpp, line 535]
Event: 22324.576 Thread 0x0000022d516c8440 Exception <a 'java/net/ConnectException'{0x00000005aadb5620}: Connection refused: no further information> (0x00000005aadb5620) 
thrown [s\open\src\hotspot\share\prims\jni.cpp, line 535]
Event: 22324.576 Thread 0x0000022d516c8440 Exception <a 'java/net/SocketException'{0x00000005aadb5c00}: Socket is not connected: shutdown> (0x00000005aadb5c00) 
thrown [s\open\src\hotspot\share\prims\jni.cpp, line 535]
Event: 22324.625 Thread 0x0000022d516c8440 Exception <a 'java/net/ConnectException'{0x00000005aadbb340}: Connection refused: no further information> (0x00000005aadbb340) 
thrown [s\open\src\hotspot\share\prims\jni.cpp, line 535]
Event: 22324.626 Thread 0x0000022d516c8440 Exception <a 'java/net/SocketException'{0x00000005aadbb920}: Socket is not connected: shutdown> (0x00000005aadbb920) 
thrown [s\open\src\hotspot\share\prims\jni.cpp, line 535]
Event: 22324.855 Thread 0x0000022d516cb930 Exception <a 'java/net/ConnectException'{0x00000005aae94bc8}: Connection refused: no further information> (0x00000005aae94bc8) 
thrown [s\open\src\hotspot\share\prims\jni.cpp, line 535]
Event: 22324.855 Thread 0x0000022d516cb930 Exception <a 'java/net/SocketException'{0x00000005aae951a8}: Socket is not connected: shutdown> (0x00000005aae951a8) 
thrown [s\open\src\hotspot\share\prims\jni.cpp, line 535]
Event: 22324.902 Thread 0x0000022d516cb930 Exception <a 'java/net/ConnectException'{0x00000005aae9a840}: Connection refused: no further information> (0x00000005aae9a840) 
thrown [s\open\src\hotspot\share\prims\jni.cpp, line 535]
Event: 22324.902 Thread 0x0000022d516cb930 Exception <a 'java/net/SocketException'{0x00000005aae9ae20}: Socket is not connected: shutdown> (0x00000005aae9ae20) 
thrown [s\open\src\hotspot\share\prims\jni.cpp, line 535]
Event: 22354.719 Thread 0x0000022d516c8440 Exception <a 'java/net/ConnectException'{0x00000005aafa7628}: Connection refused: no further information> (0x00000005aafa7628) 
thrown [s\open\src\hotspot\share\prims\jni.cpp, line 535]
Event: 22354.719 Thread 0x0000022d516c8440 Exception <a 'java/net/SocketException'{0x00000005aafa7c08}: Socket is not connected: shutdown> (0x00000005aafa7c08) 
thrown [s\open\src\hotspot\share\prims\jni.cpp, line 535]
Event: 22354.757 Thread 0x0000022d516c8440 Exception <a 'java/net/ConnectException'{0x00000005aafad278}: Connection refused: no further information> (0x00000005aafad278) 
thrown [s\open\src\hotspot\share\prims\jni.cpp, line 535]
Event: 22354.757 Thread 0x0000022d516c8440 Exception <a 'java/net/SocketException'{0x00000005aafad858}: Socket is not connected: shutdown> (0x00000005aafad858) 
thrown [s\open\src\hotspot\share\prims\jni.cpp, line 535]
Event: 22354.976 Thread 0x0000022d516cb930 Exception <a 'java/net/ConnectException'{0x00000005aa082570}: Connection refused: no further information> (0x00000005aa082570) 
thrown [s\open\src\hotspot\share\prims\jni.cpp, line 535]
Event: 22354.977 Thread 0x0000022d516cb930 Exception <a 'java/net/SocketException'{0x00000005aa082b50}: Socket is not connected: shutdown> (0x00000005aa082b50) 
thrown [s\open\src\hotspot\share\prims\jni.cpp, line 535]
Event: 22355.008 Thread 0x0000022d516cb930 Exception <a 'java/net/ConnectException'{0x00000005aa083f58}: Connection refused: no further information> (0x00000005aa083f58) 
thrown [s\open\src\hotspot\share\prims\jni.cpp, line 535]
Event: 22355.008 Thread 0x0000022d516cb930 Exception <a 'java/net/SocketException'{0x00000005aa084538}: Socket is not connected: shutdown> (0x00000005aa084538) 
thrown [s\open\src\hotspot\share\prims\jni.cpp, line 535]

VM Operations (20 events):
Event: 22191.665 Executing VM operation: HandshakeAllThreads
Event: 22191.665 Executing VM operation: HandshakeAllThreads done
Event: 22204.809 Executing VM operation: Cleanup
Event: 22204.809 Executing VM operation: Cleanup done
Event: 22234.228 Executing VM operation: G1CollectForAllocation
Event: 22234.232 Executing VM operation: G1CollectForAllocation done
Event: 22235.238 Executing VM operation: Cleanup
Event: 22235.238 Executing VM operation: Cleanup done
Event: 22264.550 Executing VM operation: Cleanup
Event: 22264.551 Executing VM operation: Cleanup done
Event: 22265.565 Executing VM operation: Cleanup
Event: 22265.565 Executing VM operation: Cleanup done
Event: 22294.833 Executing VM operation: Cleanup
Event: 22294.833 Executing VM operation: Cleanup done
Event: 22325.148 Executing VM operation: Cleanup
Event: 22325.148 Executing VM operation: Cleanup done
Event: 22355.418 Executing VM operation: Cleanup
Event: 22355.419 Executing VM operation: Cleanup done
Event: 22364.498 Executing VM operation: Cleanup
Event: 22364.498 Executing VM operation: Cleanup done

Events (20 events):
Event: 12625.120 Thread 0x0000022d7d0bbb10 flushing nmethod 0x0000022d5e6a5e10
Event: 12625.121 Thread 0x0000022d7d0bbb10 flushing nmethod 0x0000022d5e804790
Event: 12625.122 Thread 0x0000022d7d0bbb10 flushing nmethod 0x0000022d5e927f90
Event: 18390.066 Thread 0x0000022d505a5610 Thread added: 0x0000022d505a5610
Event: 18395.170 Thread 0x0000022d505a5610 Thread exited: 0x0000022d505a5610
Event: 22131.914 loading class java/lang/Throwable$WrappedPrintStream
Event: 22131.918 loading class java/lang/Throwable$WrappedPrintStream done
Event: 22131.928 Thread 0x0000022d518a6e10 Thread exited: 0x0000022d518a6e10
Event: 22173.301 loading class sun/net/ConnectionResetException
Event: 22173.306 loading class sun/net/ConnectionResetException done
Event: 22173.442 loading class sun/net/util/SocketExceptions
Event: 22173.480 loading class sun/net/util/SocketExceptions done
Event: 22173.860 loading class java/lang/Throwable$WrappedPrintWriter
Event: 22173.862 loading class java/lang/Throwable$WrappedPrintWriter done
Event: 22174.249 loading class jdk/internal/loader/BootLoader$PackageHelper
Event: 22174.252 loading class jdk/internal/loader/BootLoader$PackageHelper done
Event: 22304.919 Thread 0x0000022d518a5600 Thread exited: 0x0000022d518a5600
Event: 22363.985 loading class java/rmi/server/UnicastRemoteObject
Event: 22363.988 loading class java/rmi/server/UnicastRemoteObject done
Event: 22363.994 Thread 0x0000022d518a6470 Thread exited: 0x0000022d518a6470


Dynamic libraries:
0x00007ff685820000 - 0x00007ff685830000 	C:\Program Files\Java\jdk-17\bin\java.exe
0x00007ffe19d40000 - 0x00007ffe19fa9000 	C:\Windows\SYSTEM32\ntdll.dll
0x00007ffe18cf0000 - 0x00007ffe18db9000 	C:\Windows\System32\KERNEL32.DLL
0x00007ffe17380000 - 0x00007ffe17773000 	C:\Windows\System32\KERNELBASE.dll
0x00007ffe17230000 - 0x00007ffe1737b000 	C:\Windows\System32\ucrtbase.dll
0x00007ffdfe200000 - 0x00007ffdfe21b000 	C:\Program Files\Java\jdk-17\bin\VCRUNTIME140.dll
0x00007ffdff870000 - 0x00007ffdff889000 	C:\Program Files\Java\jdk-17\bin\jli.dll
0x00007ffe19380000 - 0x00007ffe19434000 	C:\Windows\System32\ADVAPI32.dll
0x00007ffe199d0000 - 0x00007ffe19a79000 	C:\Windows\System32\msvcrt.dll
0x00007ffe18260000 - 0x00007ffe18306000 	C:\Windows\System32\sechost.dll
0x00007ffe19be0000 - 0x00007ffe19cf8000 	C:\Windows\System32\RPCRT4.dll
0x00007ffe17b90000 - 0x00007ffe17d54000 	C:\Windows\System32\USER32.dll
0x00007ffe17a30000 - 0x00007ffe17a57000 	C:\Windows\System32\win32u.dll
0x00007ffe19800000 - 0x00007ffe1982b000 	C:\Windows\System32\GDI32.dll
0x00007ffe17780000 - 0x00007ffe178ad000 	C:\Windows\System32\gdi32full.dll
0x00007ffe17a60000 - 0x00007ffe17b03000 	C:\Windows\System32\msvcp_win.dll
0x00007ffdf8670000 - 0x00007ffdf8903000 	C:\Windows\WinSxS\amd64_microsoft.windows.common-controls_6595b64144ccf1df_6.0.26100.5074_none_3e0d6f78e32fd63f\COMCTL32.dll
0x00007ffe08e90000 - 0x00007ffe08e9b000 	C:\Windows\SYSTEM32\VERSION.dll
0x00007ffe19550000 - 0x00007ffe1957f000 	C:\Windows\System32\IMM32.DLL
0x00007ffe00cd0000 - 0x00007ffe00cdc000 	C:\Program Files\Java\jdk-17\bin\vcruntime140_1.dll
0x00007ffdc8360000 - 0x00007ffdc83ee000 	C:\Program Files\Java\jdk-17\bin\msvcp140.dll
0x00007ffd642a0000 - 0x00007ffd64e81000 	C:\Program Files\Java\jdk-17\bin\server\jvm.dll
0x00007ffe07600000 - 0x00007ffe0760a000 	C:\Windows\SYSTEM32\WSOCK32.dll
0x00007ffe18ce0000 - 0x00007ffe18ce8000 	C:\Windows\System32\PSAPI.DLL
0x00007ffe00210000 - 0x00007ffe00245000 	C:\Windows\SYSTEM32\WINMM.dll
0x00007ffe19140000 - 0x00007ffe191b4000 	C:\Windows\System32\WS2_32.dll
0x00007ffe15c70000 - 0x00007ffe15c8b000 	C:\Windows\SYSTEM32\kernel.appcore.dll
0x00007ffdfeb00000 - 0x00007ffdfeb0a000 	C:\Program Files\Java\jdk-17\bin\jimage.dll
0x00007ffe14610000 - 0x00007ffe14852000 	C:\Windows\SYSTEM32\DBGHELP.DLL
0x00007ffe18dc0000 - 0x00007ffe1913b000 	C:\Windows\System32\combase.dll
0x00007ffe19690000 - 0x00007ffe19767000 	C:\Windows\System32\OLEAUT32.dll
0x00007ffddcbc0000 - 0x00007ffddcbfd000 	C:\Windows\SYSTEM32\dbgcore.DLL
0x00007ffe17040000 - 0x00007ffe170d9000 	C:\Windows\System32\bcryptPrimitives.dll
0x00007ffdeda90000 - 0x00007ffdedab5000 	C:\Program Files\Java\jdk-17\bin\java.dll
0x00007ffdad910000 - 0x00007ffdad9e7000 	C:\Program Files\Java\jdk-17\bin\jsvml.dll
0x00007ffe18310000 - 0x00007ffe18a5d000 	C:\Windows\System32\SHELL32.dll
0x00007ffe16ed0000 - 0x00007ffe1703c000 	C:\Windows\System32\wintypes.dll
0x00007ffe14af0000 - 0x00007ffe15349000 	C:\Windows\SYSTEM32\windows.storage.dll
0x00007ffe19450000 - 0x00007ffe19540000 	C:\Windows\System32\SHCORE.dll
0x00007ffe19310000 - 0x00007ffe19372000 	C:\Windows\System32\shlwapi.dll
0x00007ffe16df0000 - 0x00007ffe16e19000 	C:\Windows\SYSTEM32\profapi.dll
0x00007ffde2430000 - 0x00007ffde2449000 	C:\Program Files\Java\jdk-17\bin\net.dll
0x00007ffe093b0000 - 0x00007ffe094cf000 	C:\Windows\SYSTEM32\WINHTTP.dll
0x00007ffe161d0000 - 0x00007ffe1623b000 	C:\Windows\system32\mswsock.dll
0x00007ffde2410000 - 0x00007ffde2426000 	C:\Program Files\Java\jdk-17\bin\nio.dll
0x00007ffde23f0000 - 0x00007ffde2408000 	C:\Program Files\Java\jdk-17\bin\zip.dll
0x00007ffe00f60000 - 0x00007ffe00f6a000 	C:\Program Files\Java\jdk-17\bin\management.dll
0x00007ffdfe1f0000 - 0x00007ffdfe1fb000 	C:\Program Files\Java\jdk-17\bin\management_ext.dll
0x00007ffde2b10000 - 0x00007ffde2b28000 	C:\Windows\system32\napinsp.dll
0x00007ffde2af0000 - 0x00007ffde2b06000 	C:\Windows\system32\wshbth.dll
0x00007ffde2ac0000 - 0x00007ffde2ae8000 	C:\Windows\system32\nlansp_c.dll
0x00007ffe15700000 - 0x00007ffe15826000 	C:\Windows\SYSTEM32\DNSAPI.dll
0x00007ffe15670000 - 0x00007ffe156a4000 	C:\Windows\SYSTEM32\IPHLPAPI.DLL
0x00007ffe19440000 - 0x00007ffe1944a000 	C:\Windows\System32\NSI.dll
0x00007ffde2aa0000 - 0x00007ffde2ab2000 	C:\Windows\System32\winrnr.dll
0x00007ffe0e690000 - 0x00007ffe0e69b000 	C:\Windows\System32\rasadhlp.dll
0x00007ffe113d0000 - 0x00007ffe11456000 	C:\Windows\System32\fwpuclnt.dll
0x00007ffe165a0000 - 0x00007ffe165bb000 	C:\Windows\SYSTEM32\CRYPTSP.dll
0x00007ffe15bd0000 - 0x00007ffe15c0b000 	C:\Windows\system32\rsaenh.dll
0x00007ffe16270000 - 0x00007ffe1629b000 	C:\Windows\SYSTEM32\USERENV.dll
0x00007ffe16dc0000 - 0x00007ffe16de6000 	C:\Windows\SYSTEM32\bcrypt.dll
0x00007ffe16400000 - 0x00007ffe1640c000 	C:\Windows\SYSTEM32\CRYPTBASE.dll
0x00007ffe10ee0000 - 0x00007ffe10efe000 	C:\Windows\SYSTEM32\dhcpcsvc6.DLL
0x00007ffe10a70000 - 0x00007ffe10a93000 	C:\Windows\SYSTEM32\dhcpcsvc.DLL
0x00007ffdfd8d0000 - 0x00007ffdfd8de000 	C:\Program Files\Java\jdk-17\bin\sunmscapi.dll
0x00007ffe178b0000 - 0x00007ffe17a27000 	C:\Windows\System32\CRYPT32.dll
0x00007ffe166f0000 - 0x00007ffe16720000 	C:\Windows\SYSTEM32\ncrypt.dll
0x00007ffe166a0000 - 0x00007ffe166df000 	C:\Windows\SYSTEM32\NTASN1.dll
0x00007ffded7e0000 - 0x00007ffded7f0000 	C:\Program Files\Java\jdk-17\bin\verify.dll
0x00007ffd60650000 - 0x00007ffd60658000 	C:\Windows\system32\wshunix.dll

dbghelp: loaded successfully - version: 4.0.5 - missing functions: none
symbol engine: initialized successfully - sym options: 0x614 - pdb path: .;C:\Program Files\Java\jdk-17\bin;C:\Windows\SYSTEM32;C:\Windows\WinSxS\amd64_microsoft.windows.common-controls_6595b64144ccf1df_6.0.26100.5074_none_3e0d6f78e32fd63f;C:\Program Files\Java\jdk-17\bin\server

VM Arguments:
jvm_args: -XX:+ShowCodeDetailsInExceptionMessages -Dspring.jmx.enabled=true -Dmanagement.endpoints.jmx.exposure.include=* -Dspring.application.admin.enabled=true -Dspring.boot.project.name=com.manamer.sellout.infraestructure.keycloak-adapter-keycloak-adapter -Djava.rmi.server.hostname=localhost -Dcom.sun.management.jmxremote.port=45558 -Dcom.sun.management.jmxremote.authenticate=false -Dcom.sun.management.jmxremote.ssl=false 
java_command: com.sellout.KeycloakAdapterApplication
java_class_path (initial): C:\Users\Fernanda Jama\OneDrive - Manamer\Documentos\PROYECTOS 2025-2026\sellout1\backend\infraestructure\keycloakAdapter\target\classes;C:\Users\Fernanda Jama\.m2\repository\org\springframework\boot\spring-boot-starter-web\3.2.4\spring-boot-starter-web-3.2.4.jar;C:\Users\Fernanda Jama\.m2\repository\org\springframework\boot\spring-boot-starter\3.2.4\spring-boot-starter-3.2.4.jar;C:\Users\Fernanda Jama\.m2\repository\org\springframework\boot\spring-boot-starter-logging\3.2.4\spring-boot-starter-logging-3.2.4.jar;C:\Users\Fernanda Jama\.m2\repository\ch\qos\logback\logback-classic\1.4.14\logback-classic-1.4.14.jar;C:\Users\Fernanda Jama\.m2\repository\ch\qos\logback\logback-core\1.4.14\logback-core-1.4.14.jar;C:\Users\Fernanda Jama\.m2\repository\org\apache\logging\log4j\log4j-to-slf4j\2.23.1\log4j-to-slf4j-2.23.1.jar;C:\Users\Fernanda Jama\.m2\repository\org\apache\logging\log4j\log4j-api\2.23.1\log4j-api-2.23.1.jar;C:\Users\Fernanda Jama\.m2\repository\org\slf4j\jul-to-slf4j\2.0.12\jul-to-slf4j-2.0.12.jar;C:\Users\Fernanda Jama\.m2\repository\jakarta\annotation\jakarta.annotation-api\2.1.1\jakarta.annotation-api-2.1.1.jar;C:\Users\Fernanda Jama\.m2\repository\org\yaml\snakeyaml\2.2\snakeyaml-2.2.jar;C:\Users\Fernanda Jama\.m2\repository\org\springframework\boot\spring-boot-starter-json\3.2.4\spring-boot-starter-json-3.2.4.jar;C:\Users\Fernanda Jama\.m2\repository\com\fasterxml\jackson\datatype\jackson-datatype-jdk8\2.17.2\jackson-datatype-jdk8-2.17.2.jar;C:\Users\Fernanda Jama\.m2\repository\com\fasterxml\jackson\datatype\jackson-datatype-jsr310\2.17.2\jackson-datatype-jsr310-2.17.2.jar;C:\Users\Fernanda Jama\.m2\repository\com\fasterxml\jackson\module\jackson-module-parameter-names\2.17.2\jackson-module-parameter-names-2.17.2.jar;C:\Users\Fernanda Jama\.m2\repository\org\springframework\boot\spring-boot-starter-tomcat\3.2.4\spring-boot-starter-tomcat-3.2.4.jar;C:\Users\Fernanda Jama\.m2\repository\org\apache\tomcat\embed\tomcat-embed-c
Launcher Type: SUN_STANDARD

[Global flags]
     intx CICompilerCount                          = 4                                         {product} {ergonomic}
     uint ConcGCThreads                            = 2                                         {product} {ergonomic}
     uint G1ConcRefinementThreads                  = 8                                         {product} {ergonomic}
   size_t G1HeapRegionSize                         = 8388608                                   {product} {ergonomic}
    uintx GCDrainStackTargetSize                   = 64                                        {product} {ergonomic}
   size_t InitialHeapSize                          = 671088640                                 {product} {ergonomic}
     bool ManagementServer                         = true                                      {product} {command line}
   size_t MarkStackSize                            = 4194304                                   {product} {ergonomic}
   size_t MaxHeapSize                              = 10687086592                               {product} {ergonomic}
   size_t MaxNewSize                               = 6408896512                                {product} {ergonomic}
   size_t MinHeapDeltaBytes                        = 8388608                                   {product} {ergonomic}
   size_t MinHeapSize                              = 8388608                                   {product} {ergonomic}
    uintx NonNMethodCodeHeapSize                   = 5839372                                {pd product} {ergonomic}
    uintx NonProfiledCodeHeapSize                  = 122909434                              {pd product} {ergonomic}
    uintx ProfiledCodeHeapSize                     = 122909434                              {pd product} {ergonomic}
    uintx ReservedCodeCacheSize                    = 251658240                              {pd product} {ergonomic}
     bool SegmentedCodeCache                       = true                                      {product} {ergonomic}
     bool ShowCodeDetailsInExceptionMessages       = true                                   {manageable} {command line}
   size_t SoftMaxHeapSize                          = 10687086592                            {manageable} {ergonomic}
     bool UseCompressedClassPointers               = true                           {product lp64_product} {ergonomic}
     bool UseCompressedOops                        = true                           {product lp64_product} {ergonomic}
     bool UseG1GC                                  = true                                      {product} {ergonomic}
     bool UseLargePagesIndividualAllocation        = false                                  {pd product} {ergonomic}

Logging:
Log output configuration:
 #0: stdout all=warning uptime,level,tags
 #1: stderr all=off uptime,level,tags

Environment Variables:
JAVA_HOME=C:\\Program Files\\Java\\jdk-17
CLASSPATH=C:\Program Files\SAP\SAP Business One DI API\JCO\LIB\sbowrapper.jar;C:\Program Files\SAP\SAP Business One DI API\JCO\LIB\sboapi.jar
PATH=C:\\Program Files\\Java\\jdk-17\\bin;C:\\Users\\Fernanda Jama\\.trae\\tools\\maven\\latest\\bin;C:\\Users\\Fernanda Jama\\.trae\\tools\\gradle\\latest\\bin;C:\Program Files\Java\jdk-17\bin;C:\Users\Fernanda Jama\.trae\tools\maven\latest\bin;C:\Users\Fernanda Jama\.trae\tools\gradle\latest\bin;C:\Python313\Scripts\;C:\Python313\;C:\Program Files\Microsoft MPI\Bin\;C:\Program Files\Common Files\Oracle\Java\javapath;C:\Windows\system32;C:\Windows;C:\Windows\System32\Wbem;C:\Windows\System32\WindowsPowerShell\v1.0\;C:\Windows\System32\OpenSSH\;C:\Program Files\Microsoft SQL Server\Client SDK\ODBC\170\Tools\Binn\;C:\Program Files (x86)\Microsoft SQL Server\150\Tools\Binn\;C:\Program Files\Microsoft SQL Server\150\Tools\Binn\;C:\Program Files\Microsoft SQL Server\150\DTS\Binn\;C:\Program Files (x86)\Microsoft SQL Server\160\DTS\Binn\;C:\Program Files\nodejs\;C:\ProgramData\chocolatey\bin;C:\Program Files\SAP\SAP Business One DI API\JCO\LIB\;C:\Program Files\SAP\SAP Business One DI API\DI API 90;C:\Program Files\SAP\SAP Business One\;C:\Program Files\apache-maven-3.8.8-bin\apache-maven-3.8.8\bin;C:\Program Files\Git\cmd;C:\Users\Fernanda Jama\AppData\Local\Microsoft\WindowsApps;C:\Users\Fernanda Jama\AppData\Local\GitHubDesktop\bin;C:\Users\Fernanda Jama\AppData\Local\Programs\Microsoft VS Code\bin;C:\Users\Fernanda Jama\AppData\Roaming\npm
USERNAME=Fernanda Jama
LANG=en_US.UTF-8
OS=Windows_NT
PROCESSOR_IDENTIFIER=Intel64 Family 6 Model 140 Stepping 1, GenuineIntel



---------------  S Y S T E M  ---------------

OS:
 Windows 11 , 64 bit Build 26100 (10.0.26100.5074)
OS uptime: 0 days 6:45 hours
Hyper-V role detected

CPU: total 8 (initial active 8) (4 cores per cpu, 2 threads per core) family 6 model 140 stepping 1 microcode 0xb8, cx8, cmov, fxsr, ht, mmx, 3dnowpref, sse, sse2, sse3, ssse3, sse4.1, sse4.2, popcnt, lzcnt, tsc, tscinvbit, avx, avx2, aes, erms, clmul, bmi1, bmi2, adx, avx512f, avx512dq, avx512cd, avx512bw, avx512vl, sha, fma, vzeroupper, avx512_vpopcntdq, avx512_vpclmulqdq, avx512_vaes, avx512_vnni, clflush, clflushopt, clwb, avx512_vbmi2, avx512_vbmi, hv

Memory: 4k page, system-wide physical 40743M (346M free)
TotalPageFile size 101623M (AvailPageFile size 0M)
current process WorkingSet (physical memory assigned to process): 141M, peak: 275M
current process commit charge ("private bytes"): 296M, peak: 804M

vm_info: Java HotSpot(TM) 64-Bit Server VM (17.0.15+9-LTS-241) for windows-amd64 JRE (17.0.15+9-LTS-241), built on Feb 20 2025 10:49:54 by "mach5one" with MS VC++ 17.6 (VS2022)

END.
