#
# There is insufficient memory for the Java Runtime Environment to continue.
# Native memory allocation (malloc) failed to allocate 1288512 bytes. Error detail: Chunk::new
# Possible reasons:
#   The system is out of physical RAM or swap space
#   This process is running with CompressedOops enabled, and the Java Heap may be blocking the growth of the native heap
# Possible solutions:
#   Reduce memory load on the system
#   Increase physical memory or swap space
#   Check if swap backing store is full
#   Decrease Java heap size (-Xmx/-Xms)
#   Decrease number of Java threads
#   Decrease Java thread stack sizes (-Xss)
#   Set larger code cache with -XX:ReservedCodeCacheSize=
#   JVM is running with Unscaled Compressed Oops mode in which the Java heap is
#     placed in the first 4GB address space. The Java Heap base address is the
#     maximum limit for the native heap growth. Please use -XX:HeapBaseMinAddress
#     to set the Java Heap base and to place the Java Heap above 4GB virtual address.
# This output file may be truncated or incomplete.
#
#  Out of Memory Error (arena.cpp:168), pid=356, tid=4220
#
# JRE version: OpenJDK Runtime Environment Temurin-21.0.8+9 (21.0.8+9) (build 21.0.8+9-LTS)
# Java VM: OpenJDK 64-Bit Server VM Temurin-21.0.8+9 (21.0.8+9-LTS, mixed mode, sharing, tiered, compressed oops, compressed class ptrs, parallel gc, windows-amd64)
# No core dump will be written. Minidumps are not enabled by default on client versions of Windows
#

---------------  S U M M A R Y ------------

Command Line: --add-modules=ALL-SYSTEM --add-opens=java.base/java.util=ALL-UNNAMED --add-opens=java.base/java.lang=ALL-UNNAMED --add-opens=java.base/sun.nio.fs=ALL-UNNAMED -Declipse.application=org.eclipse.jdt.ls.core.id1 -Dosgi.bundles.defaultStartLevel=4 -Declipse.product=org.eclipse.jdt.ls.core.product -Djava.import.generatesMetadataFilesAtProjectRoot=false -DDetectVMInstallationsJob.disabled=true -Dfile.encoding=utf8 -XX:+UseParallelGC -XX:GCTimeRatio=4 -XX:AdaptiveSizePolicyWeight=90 -Dsun.zip.disableMemoryMapping=true -Xmx2G -Xms100m -Xlog:disable -javaagent:c:\Users\Fernanda Jama\.trae\extensions\redhat.java-1.44.0-win32-x64\lombok\lombok-1.18.39-4050.jar -XX:+HeapDumpOnOutOfMemoryError -XX:HeapDumpPath=c:\Users\Fernanda Jama\AppData\Roaming\Trae\User\workspaceStorage\15c722b02b3b73826bcb58a08aa3cd52\redhat.java -Daether.dependencyCollector.impl=bf c:\Users\Fernanda Jama\.trae\extensions\redhat.java-1.44.0-win32-x64\server\plugins\org.eclipse.equinox.launcher_1.7.0.v20250519-0528.jar -configuration c:\Users\Fernanda Jama\AppData\Roaming\Trae\User\globalStorage\redhat.java\1.44.0\config_win -data c:\Users\Fernanda Jama\AppData\Roaming\Trae\User\workspaceStorage\15c722b02b3b73826bcb58a08aa3cd52\redhat.java\jdt_ws --pipe=\\.\pipe\lsp-a13dbee0cbf79a5a45b9202f61a9fdbb-sock

Host: 11th Gen Intel(R) Core(TM) i7-1165G7 @ 2.80GHz, 8 cores, 39G,  Windows 11 , 64 bit Build 26100 (10.0.26100.4768)
Time: Mon Sep  1 18:30:17 2025 Hora est. Pacífico, Sudamérica elapsed time: 380.734271 seconds (0d 0h 6m 20s)

---------------  T H R E A D  ---------------

Current thread (0x000001f877d555b0):  JavaThread "C2 CompilerThread1" daemon [_thread_in_native, id=4220, stack(0x00000097c4200000,0x00000097c4300000) (1024K)]


Current CompileTask:
C2:380734 19996  s!   4       org.eclipse.jdt.internal.core.index.DiskIndex::readCategoryTable (743 bytes)

Stack: [0x00000097c4200000,0x00000097c4300000]
Native frames: (J=compiled Java code, j=interpreted, Vv=VM code, C=native code)
V  [jvm.dll+0x6d2449]
V  [jvm.dll+0x8ae341]
V  [jvm.dll+0x8b08be]
V  [jvm.dll+0x8b0fa3]
V  [jvm.dll+0x280c96]
V  [jvm.dll+0xc581d]
V  [jvm.dll+0xc5d53]
V  [jvm.dll+0x3b919c]
V  [jvm.dll+0x1e1409]
V  [jvm.dll+0x249022]
V  [jvm.dll+0x2484af]
V  [jvm.dll+0x1c89ee]
V  [jvm.dll+0x257d4d]
V  [jvm.dll+0x2562ea]
V  [jvm.dll+0x3f2d16]
V  [jvm.dll+0x857e6b]
V  [jvm.dll+0x6d0b0d]
C  [ucrtbase.dll+0x37b0]
C  [KERNEL32.DLL+0x2e8d7]
C  [ntdll.dll+0x3c34c]


---------------  P R O C E S S  ---------------

Threads class SMR info:
_java_thread_list=0x000001f876595920, length=63, elements={
0x000001f815a9b0a0, 0x000001f815b4e1e0, 0x000001f815a0f110, 0x000001f815a14df0,
0x000001f815a15450, 0x000001f815a160a0, 0x000001f815a16cf0, 0x000001f815a19b30,
0x000001f87301afe0, 0x000001f8730bdc90, 0x000001f873323e20, 0x000001f873afcfd0,
0x000001f873d38780, 0x000001f873a97a10, 0x000001f873a36dc0, 0x000001f87405c270,
0x000001f874254470, 0x000001f874068500, 0x000001f874065da0, 0x000001f8740677e0,
0x000001f874065710, 0x000001f874065080, 0x000001f874067150, 0x000001f878241720,
0x000001f878242440, 0x000001f878242ad0, 0x000001f878240a00, 0x000001f878243160,
0x000001f87823fce0, 0x000001f8782437f0, 0x000001f878240370, 0x000001f878243e80,
0x000001f878244510, 0x000001f878241090, 0x000001f878246c70, 0x000001f878244ba0,
0x000001f8782458c0, 0x000001f8764eb860, 0x000001f8764ec580, 0x000001f8764ee650,
0x000001f8764eece0, 0x000001f8764ecc10, 0x000001f8764ed930, 0x000001f8764ef370,
0x000001f8764ebef0, 0x000001f8764edfc0, 0x000001f8764efa00, 0x000001f873c9b8e0,
0x000001f873c9f3f0, 0x000001f873c9fa80, 0x000001f873c9cc90, 0x000001f873ca07a0,
0x000001f873ca0110, 0x000001f8758a78f0, 0x000001f8758a8ca0, 0x000001f8758a7f80,
0x000001f8758a5820, 0x000001f8758a9330, 0x000001f8758a99c0, 0x000001f8758aa050,
0x000001f8764e9e20, 0x000001f8764e83e0, 0x000001f877d555b0
}

Java Threads: ( => current thread )
  0x000001f815a9b0a0 JavaThread "main"                              [_thread_blocked, id=27428, stack(0x00000097c0700000,0x00000097c0800000) (1024K)]
  0x000001f815b4e1e0 JavaThread "Reference Handler"          daemon [_thread_blocked, id=19996, stack(0x00000097c0b00000,0x00000097c0c00000) (1024K)]
  0x000001f815a0f110 JavaThread "Finalizer"                  daemon [_thread_blocked, id=4440, stack(0x00000097c0c00000,0x00000097c0d00000) (1024K)]
  0x000001f815a14df0 JavaThread "Signal Dispatcher"          daemon [_thread_blocked, id=23988, stack(0x00000097c0d00000,0x00000097c0e00000) (1024K)]
  0x000001f815a15450 JavaThread "Attach Listener"            daemon [_thread_blocked, id=22100, stack(0x00000097c0e00000,0x00000097c0f00000) (1024K)]
  0x000001f815a160a0 JavaThread "Service Thread"             daemon [_thread_blocked, id=22116, stack(0x00000097c0f00000,0x00000097c1000000) (1024K)]
  0x000001f815a16cf0 JavaThread "Monitor Deflation Thread"   daemon [_thread_blocked, id=25108, stack(0x00000097c1000000,0x00000097c1100000) (1024K)]
  0x000001f815a19b30 JavaThread "C2 CompilerThread0"         daemon [_thread_in_native, id=9156, stack(0x00000097c1100000,0x00000097c1200000) (1024K)]
  0x000001f87301afe0 JavaThread "C1 CompilerThread0"         daemon [_thread_blocked, id=26680, stack(0x00000097c1200000,0x00000097c1300000) (1024K)]
  0x000001f8730bdc90 JavaThread "Common-Cleaner"             daemon [_thread_blocked, id=18396, stack(0x00000097c1300000,0x00000097c1400000) (1024K)]
  0x000001f873323e20 JavaThread "Notification Thread"        daemon [_thread_blocked, id=14044, stack(0x00000097c1500000,0x00000097c1600000) (1024K)]
  0x000001f873afcfd0 JavaThread "Active Thread: Equinox Container: c5c0f26e-8ff2-4fe9-8dc3-c69bd0fd64a8"        [_thread_blocked, id=1112, stack(0x00000097c1400000,0x00000097c1500000) (1024K)]
  0x000001f873d38780 JavaThread "Refresh Thread: Equinox Container: c5c0f26e-8ff2-4fe9-8dc3-c69bd0fd64a8" daemon [_thread_blocked, id=11956, stack(0x00000097c1e00000,0x00000097c1f00000) (1024K)]
  0x000001f873a97a10 JavaThread "Framework Event Dispatcher: Equinox Container: c5c0f26e-8ff2-4fe9-8dc3-c69bd0fd64a8" daemon [_thread_blocked, id=13228, stack(0x00000097c1600000,0x00000097c1700000) (1024K)]
  0x000001f873a36dc0 JavaThread "Start Level: Equinox Container: c5c0f26e-8ff2-4fe9-8dc3-c69bd0fd64a8" daemon [_thread_blocked, id=14776, stack(0x00000097c1f00000,0x00000097c2000000) (1024K)]
  0x000001f87405c270 JavaThread "Bundle File Closer"         daemon [_thread_blocked, id=15720, stack(0x00000097c2200000,0x00000097c2300000) (1024K)]
  0x000001f874254470 JavaThread "SCR Component Actor"        daemon [_thread_blocked, id=24236, stack(0x00000097c2100000,0x00000097c2200000) (1024K)]
  0x000001f874068500 JavaThread "Worker-JM"                         [_thread_blocked, id=15636, stack(0x00000097c2400000,0x00000097c2500000) (1024K)]
  0x000001f874065da0 JavaThread "JNA Cleaner"                daemon [_thread_blocked, id=10764, stack(0x00000097c2000000,0x00000097c2100000) (1024K)]
  0x000001f8740677e0 JavaThread "Worker-0: Initialize workspace"        [_thread_in_native, id=3892, stack(0x00000097c2500000,0x00000097c2600000) (1024K)]
  0x000001f874065710 JavaThread "Worker-1"                          [_thread_blocked, id=12312, stack(0x00000097c2600000,0x00000097c2700000) (1024K)]
  0x000001f874065080 JavaThread "Worker-2"                          [_thread_blocked, id=18580, stack(0x00000097c2700000,0x00000097c2800000) (1024K)]
  0x000001f874067150 JavaThread "Java indexing"              daemon [_thread_in_Java, id=26676, stack(0x00000097c2a00000,0x00000097c2b00000) (1024K)]
  0x000001f878241720 JavaThread "Worker-5"                          [_thread_blocked, id=24208, stack(0x00000097c3000000,0x00000097c3100000) (1024K)]
  0x000001f878242440 JavaThread "Worker-6"                          [_thread_blocked, id=18772, stack(0x00000097c3100000,0x00000097c3200000) (1024K)]
  0x000001f878242ad0 JavaThread "Thread-2"                   daemon [_thread_in_native, id=12296, stack(0x00000097c3200000,0x00000097c3300000) (1024K)]
  0x000001f878240a00 JavaThread "Thread-3"                   daemon [_thread_in_native, id=27264, stack(0x00000097c3300000,0x00000097c3400000) (1024K)]
  0x000001f878243160 JavaThread "Thread-4"                   daemon [_thread_in_native, id=24680, stack(0x00000097c3400000,0x00000097c3500000) (1024K)]
  0x000001f87823fce0 JavaThread "Thread-5"                   daemon [_thread_in_native, id=9644, stack(0x00000097c3500000,0x00000097c3600000) (1024K)]
  0x000001f8782437f0 JavaThread "Thread-6"                   daemon [_thread_in_native, id=7360, stack(0x00000097c3600000,0x00000097c3700000) (1024K)]
  0x000001f878240370 JavaThread "Thread-7"                   daemon [_thread_in_native, id=9288, stack(0x00000097c3700000,0x00000097c3800000) (1024K)]
  0x000001f878243e80 JavaThread "Thread-8"                   daemon [_thread_in_native, id=22048, stack(0x00000097c3800000,0x00000097c3900000) (1024K)]
  0x000001f878244510 JavaThread "Thread-9"                   daemon [_thread_in_native, id=9080, stack(0x00000097c3900000,0x00000097c3a00000) (1024K)]
  0x000001f878241090 JavaThread "Thread-10"                  daemon [_thread_in_native, id=1400, stack(0x00000097c3a00000,0x00000097c3b00000) (1024K)]
  0x000001f878246c70 JavaThread "pool-2-thread-1"                   [_thread_blocked, id=27548, stack(0x00000097c3b00000,0x00000097c3c00000) (1024K)]
  0x000001f878244ba0 JavaThread "WorkspaceEventsHandler"            [_thread_blocked, id=10792, stack(0x00000097c3c00000,0x00000097c3d00000) (1024K)]
  0x000001f8782458c0 JavaThread "pool-1-thread-1"                   [_thread_blocked, id=1772, stack(0x00000097c3d00000,0x00000097c3e00000) (1024K)]
  0x000001f8764eb860 JavaThread "LocalFile Deleter"          daemon [_thread_blocked, id=4136, stack(0x00000097c3e00000,0x00000097c3f00000) (1024K)]
  0x000001f8764ec580 JavaThread "LocalFile Deleter"          daemon [_thread_blocked, id=8844, stack(0x00000097c4000000,0x00000097c4100000) (1024K)]
  0x000001f8764ee650 JavaThread "LocalFile Deleter"          daemon [_thread_blocked, id=13104, stack(0x00000097c4100000,0x00000097c4200000) (1024K)]
  0x000001f8764eece0 JavaThread "LocalFile Deleter"          daemon [_thread_blocked, id=7864, stack(0x00000097c4300000,0x00000097c4400000) (1024K)]
  0x000001f8764ecc10 JavaThread "Compiler Source File Reader" daemon [_thread_blocked, id=22352, stack(0x00000097c4400000,0x00000097c4500000) (1024K)]
  0x000001f8764ed930 JavaThread "Compiler Source File Reader" daemon [_thread_blocked, id=22616, stack(0x00000097c4500000,0x00000097c4600000) (1024K)]
  0x000001f8764ef370 JavaThread "Compiler Source File Reader" daemon [_thread_blocked, id=6800, stack(0x00000097c4600000,0x00000097c4700000) (1024K)]
  0x000001f8764ebef0 JavaThread "Compiler Source File Reader" daemon [_thread_blocked, id=18820, stack(0x00000097c4700000,0x00000097c4800000) (1024K)]
  0x000001f8764edfc0 JavaThread "Compiler Source File Reader" daemon [_thread_blocked, id=23404, stack(0x00000097c4800000,0x00000097c4900000) (1024K)]
  0x000001f8764efa00 JavaThread "Compiler Source File Reader" daemon [_thread_blocked, id=2376, stack(0x00000097c4900000,0x00000097c4a00000) (1024K)]
  0x000001f873c9b8e0 JavaThread "Compiler Class File Writer" daemon [_thread_blocked, id=27340, stack(0x00000097c2300000,0x00000097c2400000) (1024K)]
  0x000001f873c9f3f0 JavaThread "Compiler Class File Writer" daemon [_thread_blocked, id=14728, stack(0x00000097c4b00000,0x00000097c4c00000) (1024K)]
  0x000001f873c9fa80 JavaThread "Compiler Class File Writer" daemon [_thread_blocked, id=12016, stack(0x00000097c4e00000,0x00000097c4f00000) (1024K)]
  0x000001f873c9cc90 JavaThread "Compiler Class File Writer" daemon [_thread_blocked, id=25932, stack(0x00000097c4d00000,0x00000097c4e00000) (1024K)]
  0x000001f873ca07a0 JavaThread "Compiler Class File Writer" daemon [_thread_blocked, id=6548, stack(0x00000097c4f00000,0x00000097c5000000) (1024K)]
  0x000001f873ca0110 JavaThread "Compiler Class File Writer" daemon [_thread_blocked, id=27196, stack(0x00000097c5100000,0x00000097c5200000) (1024K)]
  0x000001f8758a78f0 JavaThread "Worker-7: Send Classpath Notifications"        [_thread_blocked, id=14096, stack(0x00000097c2b00000,0x00000097c2c00000) (1024K)]
  0x000001f8758a8ca0 JavaThread "ForkJoinPool.commonPool-worker-1" daemon [_thread_blocked, id=13128, stack(0x00000097c2c00000,0x00000097c2d00000) (1024K)]
  0x000001f8758a7f80 JavaThread "ForkJoinPool.commonPool-worker-2" daemon [_thread_blocked, id=23420, stack(0x00000097c2d00000,0x00000097c2e00000) (1024K)]
  0x000001f8758a5820 JavaThread "ForkJoinPool.commonPool-worker-3" daemon [_thread_blocked, id=3876, stack(0x00000097c2e00000,0x00000097c2f00000) (1024K)]
  0x000001f8758a9330 JavaThread "ForkJoinPool.commonPool-worker-4" daemon [_thread_blocked, id=20432, stack(0x00000097c2f00000,0x00000097c3000000) (1024K)]
  0x000001f8758a99c0 JavaThread "ForkJoinPool.commonPool-worker-5" daemon [_thread_blocked, id=26928, stack(0x00000097c3f00000,0x00000097c4000000) (1024K)]
  0x000001f8758aa050 JavaThread "ForkJoinPool.commonPool-worker-6" daemon [_thread_blocked, id=8084, stack(0x00000097c5000000,0x00000097c5100000) (1024K)]
  0x000001f8764e9e20 JavaThread "Cleaner-0"                  daemon [_thread_blocked, id=8412, stack(0x00000097c4c00000,0x00000097c4d00000) (1024K)]
  0x000001f8764e83e0 JavaThread "ForkJoinPool.commonPool-worker-7" daemon [_thread_blocked, id=17860, stack(0x00000097c5200000,0x00000097c5300000) (1024K)]
=>0x000001f877d555b0 JavaThread "C2 CompilerThread1"         daemon [_thread_in_native, id=4220, stack(0x00000097c4200000,0x00000097c4300000) (1024K)]
Total: 63

Other Threads:
  0x000001f815a034a0 VMThread "VM Thread"                           [id=17932, stack(0x00000097c0a00000,0x00000097c0b00000) (1024K)]
  0x000001f815b08d20 WatcherThread "VM Periodic Task Thread"        [id=12004, stack(0x00000097c0900000,0x00000097c0a00000) (1024K)]
  0x000001f815abac70 WorkerThread "GC Thread#0"                     [id=4684, stack(0x00000097c0800000,0x00000097c0900000) (1024K)]
  0x000001f8739a9b40 WorkerThread "GC Thread#1"                     [id=27364, stack(0x00000097c1700000,0x00000097c1800000) (1024K)]
  0x000001f87394e2b0 WorkerThread "GC Thread#2"                     [id=11008, stack(0x00000097c1800000,0x00000097c1900000) (1024K)]
  0x000001f873956f00 WorkerThread "GC Thread#3"                     [id=7316, stack(0x00000097c1900000,0x00000097c1a00000) (1024K)]
  0x000001f87395f860 WorkerThread "GC Thread#4"                     [id=25104, stack(0x00000097c1a00000,0x00000097c1b00000) (1024K)]
  0x000001f87395fc00 WorkerThread "GC Thread#5"                     [id=14164, stack(0x00000097c1b00000,0x00000097c1c00000) (1024K)]
  0x000001f873a2d840 WorkerThread "GC Thread#6"                     [id=23392, stack(0x00000097c1c00000,0x00000097c1d00000) (1024K)]
  0x000001f873621310 WorkerThread "GC Thread#7"                     [id=17732, stack(0x00000097c1d00000,0x00000097c1e00000) (1024K)]
Total: 10

Threads with active compile tasks:
C2 CompilerThread0  380819 20002 %     4       org.eclipse.jdt.internal.core.index.DiskIndex::mergeCategory @ 66 (301 bytes)
C2 CompilerThread1  380820 19996  s!   4       org.eclipse.jdt.internal.core.index.DiskIndex::readCategoryTable (743 bytes)
Total: 2

VM state: not at safepoint (normal execution)

VM Mutex/Monitor currently owned by a thread: None

Heap address: 0x0000000080000000, size: 2048 MB, Compressed Oops mode: 32-bit

CDS archive(s) mapped at: [0x000001f82d000000-0x000001f82dba0000-0x000001f82dba0000), size 12189696, SharedBaseAddress: 0x000001f82d000000, ArchiveRelocationMode: 1.
Compressed class space mapped at: 0x000001f82e000000-0x000001f86e000000, reserved size: 1073741824
Narrow klass base: 0x000001f82d000000, Narrow klass shift: 0, Narrow klass range: 0x100000000

GC Precious Log:
 CardTable entry size: 512
 CPUs: 8 total, 8 available
 Memory: 40743M
 Large Page Support: Disabled
 NUMA Support: Disabled
 Compressed Oops: Enabled (32-bit)
 Alignments: Space 512K, Generation 512K, Heap 2M
 Heap Min Capacity: 100M
 Heap Initial Capacity: 100M
 Heap Max Capacity: 2G
 Pre-touch: Disabled
 Parallel Workers: 8

Heap:
 PSYoungGen      total 6144K, used 4323K [0x00000000d5580000, 0x00000000d5d80000, 0x0000000100000000)
  eden space 3072K, 89% used [0x00000000d5580000,0x00000000d5830fc0,0x00000000d5880000)
  from space 3072K, 51% used [0x00000000d5880000,0x00000000d5a08000,0x00000000d5b80000)
  to   space 2048K, 0% used [0x00000000d5b80000,0x00000000d5b80000,0x00000000d5d80000)
 ParOldGen       total 881664K, used 881312K [0x0000000080000000, 0x00000000b5d00000, 0x00000000d5580000)
  object space 881664K, 99% used [0x0000000080000000,0x00000000b5ca82c8,0x00000000b5d00000)
 Metaspace       used 78008K, committed 79808K, reserved 1179648K
  class space    used 7808K, committed 8640K, reserved 1048576K

Card table byte_map: [0x000001f815430000,0x000001f815840000] _byte_map_base: 0x000001f815030000

Marking Bits: (ParMarkBitMap*) 0x00007fffd8f3a340
 Begin Bits: [0x000001f827f30000, 0x000001f829f30000)
 End Bits:   [0x000001f829f30000, 0x000001f82bf30000)

Polling page: 0x000001f812eb0000

Metaspace:

Usage:
  Non-class:     68.55 MB used.
      Class:      7.63 MB used.
       Both:     76.18 MB used.

Virtual space:
  Non-class space:      128.00 MB reserved,      69.50 MB ( 54%) committed,  2 nodes.
      Class space:        1.00 GB reserved,       8.44 MB ( <1%) committed,  1 nodes.
             Both:        1.12 GB reserved,      77.94 MB (  7%) committed. 

Chunk freelists:
   Non-Class:  10.16 MB
       Class:  7.53 MB
        Both:  17.69 MB

MaxMetaspaceSize: unlimited
CompressedClassSpaceSize: 1.00 GB
Initial GC threshold: 21.00 MB
Current GC threshold: 114.00 MB
CDS: on
 - commit_granule_bytes: 65536.
 - commit_granule_words: 8192.
 - virtual_space_node_default_size: 8388608.
 - enlarge_chunks_in_place: 1.
 - use_allocation_guard: 0.


Internal statistics:

num_allocs_failed_limit: 9.
num_arena_births: 1546.
num_arena_deaths: 20.
num_vsnodes_births: 3.
num_vsnodes_deaths: 0.
num_space_committed: 1247.
num_space_uncommitted: 0.
num_chunks_returned_to_freelist: 32.
num_chunks_taken_from_freelist: 5404.
num_chunk_merges: 14.
num_chunk_splits: 3307.
num_chunks_enlarged: 1840.
num_inconsistent_stats: 0.

CodeHeap 'non-profiled nmethods': size=120000Kb used=23865Kb max_used=23865Kb free=96134Kb
 bounds [0x000001f820750000, 0x000001f821ea0000, 0x000001f827c80000]
CodeHeap 'profiled nmethods': size=120000Kb used=43810Kb max_used=43810Kb free=76189Kb
 bounds [0x000001f818c80000, 0x000001f81b750000, 0x000001f8201b0000]
CodeHeap 'non-nmethods': size=5760Kb used=1509Kb max_used=1589Kb free=4250Kb
 bounds [0x000001f8201b0000, 0x000001f820420000, 0x000001f820750000]
CodeCache: size=245760Kb, used=69184Kb, max_used=69264Kb, free=176573Kb
 total_blobs=17769, nmethods=16967, adapters=701, full_count=0
Compilation: enabled, stopped_count=0, restarted_count=0

Compilation events (20 events):
Event: 379.220 Thread 0x000001f877d555b0 19995       4       org.eclipse.jdt.internal.core.index.DiskIndex::readStreamChars (529 bytes)
Event: 379.248 Thread 0x000001f877d555b0 nmethod 19995 0x000001f821e71b90 code [0x000001f821e71da0, 0x000001f821e72968]
Event: 379.248 Thread 0x000001f877d555b0 19959       4       org.eclipse.jdt.internal.compiler.lookup.ReferenceBinding::depth (21 bytes)
Event: 379.252 Thread 0x000001f877d555b0 nmethod 19959 0x000001f821e72e90 code [0x000001f821e73060, 0x000001f821e732d0]
Event: 379.252 Thread 0x000001f877d555b0 19961       4       org.eclipse.jdt.internal.compiler.lookup.ReferenceBinding$2::compare (23 bytes)
Event: 379.256 Thread 0x000001f877d555b0 nmethod 19961 0x000001f821e73510 code [0x000001f821e736a0, 0x000001f821e73838]
Event: 379.256 Thread 0x000001f877d555b0 19962       4       org.eclipse.jdt.internal.compiler.lookup.ReferenceBinding$2::compare (13 bytes)
Event: 379.260 Thread 0x000001f877d555b0 nmethod 19962 0x000001f821e73a10 code [0x000001f821e73bc0, 0x000001f821e73dd0]
Event: 379.260 Thread 0x000001f877d555b0 19981   !   4       org.eclipse.jdt.internal.core.NameLookup::seekTypes (281 bytes)
Event: 379.298 Thread 0x000001f877d555b0 nmethod 19981 0x000001f821e74010 code [0x000001f821e742c0, 0x000001f821e75338]
Event: 379.298 Thread 0x000001f877d555b0 19960       4       org.eclipse.jdt.core.JavaConventions::scanForRestrictedKeyWords (137 bytes)
Event: 379.299 Thread 0x000001f877d555b0 nmethod 19960 0x000001f821e75e90 code [0x000001f821e76020, 0x000001f821e760b0]
Event: 379.299 Thread 0x000001f877d555b0 19957       4       org.eclipse.jdt.internal.compiler.classfmt.NonNullDefaultAwareTypeAnnotationWalker::updateWalkerForParamNonNullDefault (151 bytes)
Event: 379.301 Thread 0x000001f877d555b0 nmethod 19957 0x000001f821e76190 code [0x000001f821e76320, 0x000001f821e76400]
Event: 379.370 Thread 0x000001f877d555b0 19996  s!   4       org.eclipse.jdt.internal.core.index.DiskIndex::readCategoryTable (743 bytes)
Event: 379.424 Thread 0x000001f877d52cd0 nmethod 19891 0x000001f821e76510 code [0x000001f821e77100, 0x000001f821e82b28]
Event: 379.486 Thread 0x000001f87301afe0 19997   !   3       org.eclipse.m2e.core.internal.project.registry.ProjectRegistryManager::getMavenProject (64 bytes)
Event: 379.488 Thread 0x000001f87301afe0 nmethod 19997 0x000001f81b746090 code [0x000001f81b746300, 0x000001f81b746e50]
Event: 379.498 Thread 0x000001f815a19b30 nmethod 19974 0x000001f821e8a690 code [0x000001f821e8ae60, 0x000001f821e92da8]
Event: 379.591 Thread 0x000001f815a19b30 19998   !   4       org.eclipse.m2e.core.internal.embedder.MavenImpl::lookup (103 bytes)

GC Heap History (20 events):
Event: 378.938 GC heap after
{Heap after GC invocations=5534 (full 4):
 PSYoungGen      total 3072K, used 512K [0x00000000d5580000, 0x00000000d5c80000, 0x0000000100000000)
  eden space 2560K, 0% used [0x00000000d5580000,0x00000000d5580000,0x00000000d5800000)
  from space 512K, 100% used [0x00000000d5a00000,0x00000000d5a80000,0x00000000d5a80000)
  to   space 2048K, 0% used [0x00000000d5800000,0x00000000d5800000,0x00000000d5a00000)
 ParOldGen       total 860672K, used 860659K [0x0000000080000000, 0x00000000b4880000, 0x00000000d5580000)
  object space 860672K, 99% used [0x0000000080000000,0x00000000b487cc88,0x00000000b4880000)
 Metaspace       used 77967K, committed 79744K, reserved 1179648K
  class space    used 7808K, committed 8640K, reserved 1048576K
}
Event: 378.982 GC heap before
{Heap before GC invocations=5535 (full 4):
 PSYoungGen      total 3072K, used 3072K [0x00000000d5580000, 0x00000000d5c80000, 0x0000000100000000)
  eden space 2560K, 100% used [0x00000000d5580000,0x00000000d5800000,0x00000000d5800000)
  from space 512K, 100% used [0x00000000d5a00000,0x00000000d5a80000,0x00000000d5a80000)
  to   space 2048K, 0% used [0x00000000d5800000,0x00000000d5800000,0x00000000d5a00000)
 ParOldGen       total 860672K, used 860659K [0x0000000080000000, 0x00000000b4880000, 0x00000000d5580000)
  object space 860672K, 99% used [0x0000000080000000,0x00000000b487cc88,0x00000000b4880000)
 Metaspace       used 78006K, committed 79808K, reserved 1179648K
  class space    used 7808K, committed 8640K, reserved 1048576K
}
Event: 378.987 GC heap after
{Heap after GC invocations=5535 (full 4):
 PSYoungGen      total 3584K, used 951K [0x00000000d5580000, 0x00000000d5b00000, 0x0000000100000000)
  eden space 2560K, 0% used [0x00000000d5580000,0x00000000d5580000,0x00000000d5800000)
  from space 1024K, 92% used [0x00000000d5800000,0x00000000d58eddd0,0x00000000d5900000)
  to   space 1536K, 0% used [0x00000000d5980000,0x00000000d5980000,0x00000000d5b00000)
 ParOldGen       total 861696K, used 861195K [0x0000000080000000, 0x00000000b4980000, 0x00000000d5580000)
  object space 861696K, 99% used [0x0000000080000000,0x00000000b4902c88,0x00000000b4980000)
 Metaspace       used 78006K, committed 79808K, reserved 1179648K
  class space    used 7808K, committed 8640K, reserved 1048576K
}
Event: 379.195 GC heap before
{Heap before GC invocations=5536 (full 4):
 PSYoungGen      total 3584K, used 2876K [0x00000000d5580000, 0x00000000d5b00000, 0x0000000100000000)
  eden space 2560K, 75% used [0x00000000d5580000,0x00000000d57615f8,0x00000000d5800000)
  from space 1024K, 92% used [0x00000000d5800000,0x00000000d58eddd0,0x00000000d5900000)
  to   space 1536K, 0% used [0x00000000d5980000,0x00000000d5980000,0x00000000d5b00000)
 ParOldGen       total 861696K, used 861195K [0x0000000080000000, 0x00000000b4980000, 0x00000000d5580000)
  object space 861696K, 99% used [0x0000000080000000,0x00000000b4902c88,0x00000000b4980000)
 Metaspace       used 78006K, committed 79808K, reserved 1179648K
  class space    used 7808K, committed 8640K, reserved 1048576K
}
Event: 379.200 GC heap after
{Heap after GC invocations=5536 (full 4):
 PSYoungGen      total 3072K, used 320K [0x00000000d5580000, 0x00000000d5a00000, 0x0000000100000000)
  eden space 2560K, 0% used [0x00000000d5580000,0x00000000d5580000,0x00000000d5800000)
  from space 512K, 62% used [0x00000000d5980000,0x00000000d59d0000,0x00000000d5a00000)
  to   space 1024K, 0% used [0x00000000d5800000,0x00000000d5800000,0x00000000d5900000)
 ParOldGen       total 862208K, used 861978K [0x0000000080000000, 0x00000000b4a00000, 0x00000000d5580000)
  object space 862208K, 99% used [0x0000000080000000,0x00000000b49c6978,0x00000000b4a00000)
 Metaspace       used 78006K, committed 79808K, reserved 1179648K
  class space    used 7808K, committed 8640K, reserved 1048576K
}
Event: 379.360 GC heap before
{Heap before GC invocations=5537 (full 4):
 PSYoungGen      total 3072K, used 2880K [0x00000000d5580000, 0x00000000d5a00000, 0x0000000100000000)
  eden space 2560K, 100% used [0x00000000d5580000,0x00000000d5800000,0x00000000d5800000)
  from space 512K, 62% used [0x00000000d5980000,0x00000000d59d0000,0x00000000d5a00000)
  to   space 1024K, 0% used [0x00000000d5800000,0x00000000d5800000,0x00000000d5900000)
 ParOldGen       total 862208K, used 861978K [0x0000000080000000, 0x00000000b4a00000, 0x00000000d5580000)
  object space 862208K, 99% used [0x0000000080000000,0x00000000b49c6978,0x00000000b4a00000)
 Metaspace       used 78006K, committed 79808K, reserved 1179648K
  class space    used 7808K, committed 8640K, reserved 1048576K
}
Event: 379.365 GC heap after
{Heap after GC invocations=5537 (full 4):
 PSYoungGen      total 3584K, used 992K [0x00000000d5580000, 0x00000000d5e00000, 0x0000000100000000)
  eden space 2560K, 0% used [0x00000000d5580000,0x00000000d5580000,0x00000000d5800000)
  from space 1024K, 96% used [0x00000000d5800000,0x00000000d58f8278,0x00000000d5900000)
  to   space 3072K, 0% used [0x00000000d5b00000,0x00000000d5b00000,0x00000000d5e00000)
 ParOldGen       total 863744K, used 863296K [0x0000000080000000, 0x00000000b4b80000, 0x00000000d5580000)
  object space 863744K, 99% used [0x0000000080000000,0x00000000b4b10040,0x00000000b4b80000)
 Metaspace       used 78006K, committed 79808K, reserved 1179648K
  class space    used 7808K, committed 8640K, reserved 1048576K
}
Event: 379.393 GC heap before
{Heap before GC invocations=5538 (full 4):
 PSYoungGen      total 3584K, used 3552K [0x00000000d5580000, 0x00000000d5e00000, 0x0000000100000000)
  eden space 2560K, 99% used [0x00000000d5580000,0x00000000d57fffd8,0x00000000d5800000)
  from space 1024K, 96% used [0x00000000d5800000,0x00000000d58f8278,0x00000000d5900000)
  to   space 3072K, 0% used [0x00000000d5b00000,0x00000000d5b00000,0x00000000d5e00000)
 ParOldGen       total 863744K, used 863296K [0x0000000080000000, 0x00000000b4b80000, 0x00000000d5580000)
  object space 863744K, 99% used [0x0000000080000000,0x00000000b4b10040,0x00000000b4b80000)
 Metaspace       used 78006K, committed 79808K, reserved 1179648K
  class space    used 7808K, committed 8640K, reserved 1048576K
}
Event: 379.400 GC heap after
{Heap after GC invocations=5538 (full 4):
 PSYoungGen      total 5632K, used 2560K [0x00000000d5580000, 0x00000000d5e00000, 0x0000000100000000)
  eden space 2560K, 0% used [0x00000000d5580000,0x00000000d5580000,0x00000000d5800000)
  from space 3072K, 83% used [0x00000000d5b00000,0x00000000d5d80000,0x00000000d5e00000)
  to   space 3072K, 0% used [0x00000000d5800000,0x00000000d5800000,0x00000000d5b00000)
 ParOldGen       total 864768K, used 864328K [0x0000000080000000, 0x00000000b4c80000, 0x00000000d5580000)
  object space 864768K, 99% used [0x0000000080000000,0x00000000b4c122b8,0x00000000b4c80000)
 Metaspace       used 78006K, committed 79808K, reserved 1179648K
  class space    used 7808K, committed 8640K, reserved 1048576K
}
Event: 379.430 GC heap before
{Heap before GC invocations=5539 (full 4):
 PSYoungGen      total 5632K, used 5120K [0x00000000d5580000, 0x00000000d5e00000, 0x0000000100000000)
  eden space 2560K, 100% used [0x00000000d5580000,0x00000000d5800000,0x00000000d5800000)
  from space 3072K, 83% used [0x00000000d5b00000,0x00000000d5d80000,0x00000000d5e00000)
  to   space 3072K, 0% used [0x00000000d5800000,0x00000000d5800000,0x00000000d5b00000)
 ParOldGen       total 864768K, used 864328K [0x0000000080000000, 0x00000000b4c80000, 0x00000000d5580000)
  object space 864768K, 99% used [0x0000000080000000,0x00000000b4c122b8,0x00000000b4c80000)
 Metaspace       used 78006K, committed 79808K, reserved 1179648K
  class space    used 7808K, committed 8640K, reserved 1048576K
}
Event: 379.440 GC heap after
{Heap after GC invocations=5539 (full 4):
 PSYoungGen      total 5632K, used 2592K [0x00000000d5580000, 0x00000000d5e00000, 0x0000000100000000)
  eden space 2560K, 0% used [0x00000000d5580000,0x00000000d5580000,0x00000000d5800000)
  from space 3072K, 84% used [0x00000000d5800000,0x00000000d5a88000,0x00000000d5b00000)
  to   space 3072K, 0% used [0x00000000d5b00000,0x00000000d5b00000,0x00000000d5e00000)
 ParOldGen       total 866816K, used 866792K [0x0000000080000000, 0x00000000b4e80000, 0x00000000d5580000)
  object space 866816K, 99% used [0x0000000080000000,0x00000000b4e7a2b8,0x00000000b4e80000)
 Metaspace       used 78006K, committed 79808K, reserved 1179648K
  class space    used 7808K, committed 8640K, reserved 1048576K
}
Event: 379.502 GC heap before
{Heap before GC invocations=5540 (full 4):
 PSYoungGen      total 5632K, used 5152K [0x00000000d5580000, 0x00000000d5e00000, 0x0000000100000000)
  eden space 2560K, 100% used [0x00000000d5580000,0x00000000d5800000,0x00000000d5800000)
  from space 3072K, 84% used [0x00000000d5800000,0x00000000d5a88000,0x00000000d5b00000)
  to   space 3072K, 0% used [0x00000000d5b00000,0x00000000d5b00000,0x00000000d5e00000)
 ParOldGen       total 866816K, used 866792K [0x0000000080000000, 0x00000000b4e80000, 0x00000000d5580000)
  object space 866816K, 99% used [0x0000000080000000,0x00000000b4e7a2b8,0x00000000b4e80000)
 Metaspace       used 78006K, committed 79808K, reserved 1179648K
  class space    used 7808K, committed 8640K, reserved 1048576K
}
Event: 379.511 GC heap after
{Heap after GC invocations=5540 (full 4):
 PSYoungGen      total 5120K, used 2528K [0x00000000d5580000, 0x00000000d5d80000, 0x0000000100000000)
  eden space 2560K, 0% used [0x00000000d5580000,0x00000000d5580000,0x00000000d5800000)
  from space 2560K, 98% used [0x00000000d5b00000,0x00000000d5d78000,0x00000000d5d80000)
  to   space 2560K, 0% used [0x00000000d5880000,0x00000000d5880000,0x00000000d5b00000)
 ParOldGen       total 869376K, used 869304K [0x0000000080000000, 0x00000000b5100000, 0x00000000d5580000)
  object space 869376K, 99% used [0x0000000080000000,0x00000000b50ee2b8,0x00000000b5100000)
 Metaspace       used 78006K, committed 79808K, reserved 1179648K
  class space    used 7808K, committed 8640K, reserved 1048576K
}
Event: 379.531 GC heap before
{Heap before GC invocations=5541 (full 4):
 PSYoungGen      total 5120K, used 5088K [0x00000000d5580000, 0x00000000d5d80000, 0x0000000100000000)
  eden space 2560K, 100% used [0x00000000d5580000,0x00000000d5800000,0x00000000d5800000)
  from space 2560K, 98% used [0x00000000d5b00000,0x00000000d5d78000,0x00000000d5d80000)
  to   space 2560K, 0% used [0x00000000d5880000,0x00000000d5880000,0x00000000d5b00000)
 ParOldGen       total 869376K, used 869304K [0x0000000080000000, 0x00000000b5100000, 0x00000000d5580000)
  object space 869376K, 99% used [0x0000000080000000,0x00000000b50ee2b8,0x00000000b5100000)
 Metaspace       used 78006K, committed 79808K, reserved 1179648K
  class space    used 7808K, committed 8640K, reserved 1048576K
}
Event: 379.540 GC heap after
{Heap after GC invocations=5541 (full 4):
 PSYoungGen      total 5120K, used 2560K [0x00000000d5580000, 0x00000000d6300000, 0x0000000100000000)
  eden space 2560K, 0% used [0x00000000d5580000,0x00000000d5580000,0x00000000d5800000)
  from space 2560K, 100% used [0x00000000d5880000,0x00000000d5b00000,0x00000000d5b00000)
  to   space 5632K, 0% used [0x00000000d5d80000,0x00000000d5d80000,0x00000000d6300000)
 ParOldGen       total 871936K, used 871704K [0x0000000080000000, 0x00000000b5380000, 0x00000000d5580000)
  object space 871936K, 99% used [0x0000000080000000,0x00000000b53462b8,0x00000000b5380000)
 Metaspace       used 78006K, committed 79808K, reserved 1179648K
  class space    used 7808K, committed 8640K, reserved 1048576K
}
Event: 379.623 GC heap before
{Heap before GC invocations=5542 (full 4):
 PSYoungGen      total 5120K, used 5120K [0x00000000d5580000, 0x00000000d6300000, 0x0000000100000000)
  eden space 2560K, 100% used [0x00000000d5580000,0x00000000d5800000,0x00000000d5800000)
  from space 2560K, 100% used [0x00000000d5880000,0x00000000d5b00000,0x00000000d5b00000)
  to   space 5632K, 0% used [0x00000000d5d80000,0x00000000d5d80000,0x00000000d6300000)
 ParOldGen       total 871936K, used 871704K [0x0000000080000000, 0x00000000b5380000, 0x00000000d5580000)
  object space 871936K, 99% used [0x0000000080000000,0x00000000b53462b8,0x00000000b5380000)
 Metaspace       used 78006K, committed 79808K, reserved 1179648K
  class space    used 7808K, committed 8640K, reserved 1048576K
}
Event: 379.629 GC heap after
{Heap after GC invocations=5542 (full 4):
 PSYoungGen      total 5120K, used 2224K [0x00000000d5580000, 0x00000000d6000000, 0x0000000100000000)
  eden space 2560K, 0% used [0x00000000d5580000,0x00000000d5580000,0x00000000d5800000)
  from space 2560K, 86% used [0x00000000d5d80000,0x00000000d5fac010,0x00000000d6000000)
  to   space 3584K, 0% used [0x00000000d5900000,0x00000000d5900000,0x00000000d5c80000)
 ParOldGen       total 874496K, used 874208K [0x0000000080000000, 0x00000000b5600000, 0x00000000d5580000)
  object space 874496K, 99% used [0x0000000080000000,0x00000000b55b82b8,0x00000000b5600000)
 Metaspace       used 78006K, committed 79808K, reserved 1179648K
  class space    used 7808K, committed 8640K, reserved 1048576K
}
Event: 379.647 GC heap before
{Heap before GC invocations=5543 (full 4):
 PSYoungGen      total 5120K, used 4783K [0x00000000d5580000, 0x00000000d6000000, 0x0000000100000000)
  eden space 2560K, 99% used [0x00000000d5580000,0x00000000d57fffe0,0x00000000d5800000)
  from space 2560K, 86% used [0x00000000d5d80000,0x00000000d5fac010,0x00000000d6000000)
  to   space 3584K, 0% used [0x00000000d5900000,0x00000000d5900000,0x00000000d5c80000)
 ParOldGen       total 874496K, used 874208K [0x0000000080000000, 0x00000000b5600000, 0x00000000d5580000)
  object space 874496K, 99% used [0x0000000080000000,0x00000000b55b82b8,0x00000000b5600000)
 Metaspace       used 78006K, committed 79808K, reserved 1179648K
  class space    used 7808K, committed 8640K, reserved 1048576K
}
Event: 379.654 GC heap after
{Heap after GC invocations=5543 (full 4):
 PSYoungGen      total 5120K, used 2560K [0x00000000d5580000, 0x00000000d5e00000, 0x0000000100000000)
  eden space 2560K, 0% used [0x00000000d5580000,0x00000000d5580000,0x00000000d5800000)
  from space 2560K, 100% used [0x00000000d5900000,0x00000000d5b80000,0x00000000d5b80000)
  to   space 2560K, 0% used [0x00000000d5b80000,0x00000000d5b80000,0x00000000d5e00000)
 ParOldGen       total 876544K, used 876352K [0x0000000080000000, 0x00000000b5800000, 0x00000000d5580000)
  object space 876544K, 99% used [0x0000000080000000,0x00000000b57d02c8,0x00000000b5800000)
 Metaspace       used 78006K, committed 79808K, reserved 1179648K
  class space    used 7808K, committed 8640K, reserved 1048576K
}
Event: 379.683 GC heap before
{Heap before GC invocations=5544 (full 4):
 PSYoungGen      total 5120K, used 5120K [0x00000000d5580000, 0x00000000d5e00000, 0x0000000100000000)
  eden space 2560K, 100% used [0x00000000d5580000,0x00000000d5800000,0x00000000d5800000)
  from space 2560K, 100% used [0x00000000d5900000,0x00000000d5b80000,0x00000000d5b80000)
  to   space 2560K, 0% used [0x00000000d5b80000,0x00000000d5b80000,0x00000000d5e00000)
 ParOldGen       total 876544K, used 876352K [0x0000000080000000, 0x00000000b5800000, 0x00000000d5580000)
  object space 876544K, 99% used [0x0000000080000000,0x00000000b57d02c8,0x00000000b5800000)
 Metaspace       used 78006K, committed 79808K, reserved 1179648K
  class space    used 7808K, committed 8640K, reserved 1048576K
}

Dll operation events (10 events):
Event: 0.074 Loaded shared library c:\Users\Fernanda Jama\.trae\extensions\redhat.java-1.44.0-win32-x64\jre\21.0.8-win32-x86_64\bin\java.dll
Event: 0.209 Loaded shared library c:\Users\Fernanda Jama\.trae\extensions\redhat.java-1.44.0-win32-x64\jre\21.0.8-win32-x86_64\bin\zip.dll
Event: 0.251 Loaded shared library C:\Users\Fernanda Jama\.trae\extensions\redhat.java-1.44.0-win32-x64\jre\21.0.8-win32-x86_64\bin\instrument.dll
Event: 0.307 Loaded shared library C:\Users\Fernanda Jama\.trae\extensions\redhat.java-1.44.0-win32-x64\jre\21.0.8-win32-x86_64\bin\net.dll
Event: 0.323 Loaded shared library C:\Users\Fernanda Jama\.trae\extensions\redhat.java-1.44.0-win32-x64\jre\21.0.8-win32-x86_64\bin\nio.dll
Event: 0.330 Loaded shared library C:\Users\Fernanda Jama\.trae\extensions\redhat.java-1.44.0-win32-x64\jre\21.0.8-win32-x86_64\bin\zip.dll
Event: 0.360 Loaded shared library C:\Users\Fernanda Jama\.trae\extensions\redhat.java-1.44.0-win32-x64\jre\21.0.8-win32-x86_64\bin\jimage.dll
Event: 0.531 Loaded shared library c:\Users\Fernanda Jama\.trae\extensions\redhat.java-1.44.0-win32-x64\jre\21.0.8-win32-x86_64\bin\verify.dll
Event: 2.459 Loaded shared library C:\Users\Fernanda Jama\AppData\Roaming\Trae\User\globalStorage\redhat.java\1.44.0\config_win\org.eclipse.equinox.launcher\org.eclipse.equinox.launcher.win32.win32.x86_64_1.2.1400.v20250730-1736\eclipse_11913.dll
Event: 5.164 Loaded shared library C:\Users\Fernanda Jama\AppData\Local\Temp\jna--1470441178\jna15212237104842180501.dll

Deoptimization events (20 events):
Event: 378.211 Thread 0x000001f8758a99c0 Uncommon trap: trap_request=0xffffffc6 fr.pc=0x000001f82105aa3c relative=0x00000000000001dc
Event: 378.211 Thread 0x000001f8758a99c0 Uncommon trap: reason=bimorphic_or_optimized_type_check action=maybe_recompile pc=0x000001f82105aa3c method=java.util.stream.ReduceOps$ReduceOp.evaluateSequential(Ljava/util/stream/PipelineHelper;Ljava/util/Spliterator;)Ljava/lang/Object; @ 2 c2
Event: 378.211 Thread 0x000001f8758a99c0 DEOPT PACKING pc=0x000001f82105aa3c sp=0x00000097c3ffedf0
Event: 378.211 Thread 0x000001f8758a99c0 DEOPT UNPACKING pc=0x000001f820206da2 sp=0x00000097c3ffed88 mode 2
Event: 378.378 Thread 0x000001f8758a8ca0 DEOPT PACKING pc=0x000001f81b55147d sp=0x00000097c2cfd3e0
Event: 378.378 Thread 0x000001f8758a8ca0 DEOPT UNPACKING pc=0x000001f8202078e2 sp=0x00000097c2cfc868 mode 0
Event: 378.652 Thread 0x000001f878242440 Uncommon trap: trap_request=0xffffff6e fr.pc=0x000001f821e48ffc relative=0x00000000000006fc
Event: 378.652 Thread 0x000001f878242440 Uncommon trap: reason=loop_limit_check action=maybe_recompile pc=0x000001f821e48ffc method=org.eclipse.jdt.internal.core.util.CommentRecorderParser.pushOnCommentsStack(II)V @ 226 c2
Event: 378.652 Thread 0x000001f878242440 DEOPT PACKING pc=0x000001f821e48ffc sp=0x00000097c31fe9b0
Event: 378.652 Thread 0x000001f878242440 DEOPT UNPACKING pc=0x000001f820206da2 sp=0x00000097c31fe960 mode 2
Event: 378.656 Thread 0x000001f878242440 DEOPT PACKING pc=0x000001f819c0e461 sp=0x00000097c31fe3e0
Event: 378.656 Thread 0x000001f878242440 DEOPT UNPACKING pc=0x000001f8202078e2 sp=0x00000097c31fd910 mode 0
Event: 378.670 Thread 0x000001f878242440 DEOPT PACKING pc=0x000001f819c0e461 sp=0x00000097c31fc2e0
Event: 378.670 Thread 0x000001f878242440 DEOPT UNPACKING pc=0x000001f8202078e2 sp=0x00000097c31fb810 mode 0
Event: 378.967 Thread 0x000001f874067150 Uncommon trap: trap_request=0xffffff45 fr.pc=0x000001f8219c5688 relative=0x0000000000005ae8
Event: 378.967 Thread 0x000001f874067150 Uncommon trap: reason=unstable_if action=reinterpret pc=0x000001f8219c5688 method=org.eclipse.jdt.internal.core.index.DiskIndex.mergeWith(Lorg/eclipse/jdt/internal/core/index/MemoryIndex;)Lorg/eclipse/jdt/internal/core/index/DiskIndex; @ 315 c2
Event: 378.967 Thread 0x000001f874067150 DEOPT PACKING pc=0x000001f8219c5688 sp=0x00000097c2aff1a0
Event: 378.967 Thread 0x000001f874067150 DEOPT UNPACKING pc=0x000001f820206da2 sp=0x00000097c2aff160 mode 2
Event: 379.370 Thread 0x000001f874067150 DEOPT PACKING pc=0x000001f81b74309c sp=0x00000097c2afedf0
Event: 379.370 Thread 0x000001f874067150 DEOPT UNPACKING pc=0x000001f8202078e2 sp=0x00000097c2afe3b8 mode 0

Classes loaded (20 events):
Event: 370.646 Loading class java/io/CharArrayReader
Event: 370.646 Loading class java/io/CharArrayReader done
Event: 370.647 Loading class java/util/regex/Pattern$Bound
Event: 370.647 Loading class java/util/regex/Pattern$Bound done
Event: 377.604 Loading class org/xml/sax/SAXNotRecognizedException
Event: 377.605 Loading class org/xml/sax/SAXNotRecognizedException done
Event: 377.605 Loading class org/xml/sax/SAXNotSupportedException
Event: 377.605 Loading class org/xml/sax/SAXNotSupportedException done
Event: 377.607 Loading class com/sun/org/apache/xerces/internal/util/URI
Event: 377.608 Loading class com/sun/org/apache/xerces/internal/util/URI done
Event: 377.615 Loading class com/sun/org/apache/xerces/internal/xni/XNIException
Event: 377.615 Loading class com/sun/org/apache/xerces/internal/xni/XNIException done
Event: 377.668 Loading class com/sun/org/apache/xerces/internal/xni/parser/XMLParseException
Event: 377.668 Loading class com/sun/org/apache/xerces/internal/xni/parser/XMLParseException done
Event: 378.211 Loading class java/util/stream/ReduceOps$5
Event: 378.211 Loading class java/util/stream/ReduceOps$5 done
Event: 378.211 Loading class java/util/stream/ReduceOps$CountingSink$OfRef
Event: 378.212 Loading class java/util/stream/ReduceOps$CountingSink
Event: 378.212 Loading class java/util/stream/ReduceOps$CountingSink done
Event: 378.212 Loading class java/util/stream/ReduceOps$CountingSink$OfRef done

Classes unloaded (10 events):
Event: 5.952 Thread 0x000001f815a034a0 Unloading class 0x000001f82e1ac800 'java/lang/invoke/LambdaForm$MH+0x000001f82e1ac800'
Event: 5.952 Thread 0x000001f815a034a0 Unloading class 0x000001f82e1ac400 'java/lang/invoke/LambdaForm$MH+0x000001f82e1ac400'
Event: 5.952 Thread 0x000001f815a034a0 Unloading class 0x000001f82e1ac000 'java/lang/invoke/LambdaForm$MH+0x000001f82e1ac000'
Event: 5.952 Thread 0x000001f815a034a0 Unloading class 0x000001f82e1abc00 'java/lang/invoke/LambdaForm$MH+0x000001f82e1abc00'
Event: 5.952 Thread 0x000001f815a034a0 Unloading class 0x000001f82e1ab800 'java/lang/invoke/LambdaForm$BMH+0x000001f82e1ab800'
Event: 5.952 Thread 0x000001f815a034a0 Unloading class 0x000001f82e1ab400 'java/lang/invoke/LambdaForm$DMH+0x000001f82e1ab400'
Event: 5.952 Thread 0x000001f815a034a0 Unloading class 0x000001f82e1aa000 'java/lang/invoke/LambdaForm$DMH+0x000001f82e1aa000'
Event: 51.044 Thread 0x000001f815a034a0 Unloading class 0x000001f82e5e4c00 'java/lang/invoke/LambdaForm$DMH+0x000001f82e5e4c00'
Event: 51.045 Thread 0x000001f815a034a0 Unloading class 0x000001f82e5e4800 'java/lang/invoke/LambdaForm$DMH+0x000001f82e5e4800'
Event: 51.045 Thread 0x000001f815a034a0 Unloading class 0x000001f82e5e4400 'java/lang/invoke/LambdaForm$DMH+0x000001f82e5e4400'

Classes redefined (0 events):
No events

Internal exceptions (20 events):
Event: 375.180 Thread 0x000001f8740677e0 Exception <a 'sun/nio/fs/WindowsException'{0x00000000d594a028}> (0x00000000d594a028) 
thrown [s\src\hotspot\share\prims\jni.cpp, line 520]
Event: 375.180 Thread 0x000001f8740677e0 Exception <a 'sun/nio/fs/WindowsException'{0x00000000d594a640}> (0x00000000d594a640) 
thrown [s\src\hotspot\share\prims\jni.cpp, line 520]
Event: 375.181 Thread 0x000001f8740677e0 Exception <a 'sun/nio/fs/WindowsException'{0x00000000d594bab8}> (0x00000000d594bab8) 
thrown [s\src\hotspot\share\prims\jni.cpp, line 520]
Event: 375.181 Thread 0x000001f8740677e0 Exception <a 'sun/nio/fs/WindowsException'{0x00000000d594c0d0}> (0x00000000d594c0d0) 
thrown [s\src\hotspot\share\prims\jni.cpp, line 520]
Event: 375.236 Thread 0x000001f8740677e0 Exception <a 'sun/nio/fs/WindowsException'{0x00000000d55f71d0}> (0x00000000d55f71d0) 
thrown [s\src\hotspot\share\prims\jni.cpp, line 520]
Event: 375.236 Thread 0x000001f8740677e0 Exception <a 'sun/nio/fs/WindowsException'{0x00000000d55f7a98}> (0x00000000d55f7a98) 
thrown [s\src\hotspot\share\prims\jni.cpp, line 520]
Event: 375.368 Thread 0x000001f8782458c0 Exception <a 'java/lang/IncompatibleClassChangeError'{0x00000000d5763370}: Found class java.lang.Object, but interface was expected> (0x00000000d5763370) 
thrown [s\src\hotspot\share\interpreter\linkResolver.cpp, line 840]
Event: 375.386 Thread 0x000001f8782458c0 Exception <a 'java/lang/IncompatibleClassChangeError'{0x00000000d56603c0}: Found class java.lang.Object, but interface was expected> (0x00000000d56603c0) 
thrown [s\src\hotspot\share\interpreter\linkResolver.cpp, line 840]
Event: 375.387 Thread 0x000001f8782458c0 Exception <a 'java/lang/IncompatibleClassChangeError'{0x00000000d56643b8}: Found class java.lang.Object, but interface was expected> (0x00000000d56643b8) 
thrown [s\src\hotspot\share\interpreter\linkResolver.cpp, line 840]
Event: 376.319 Thread 0x000001f8758a7f80 Exception <a 'java/lang/NoSuchMethodError'{0x00000000d558aff0}: 'java.lang.Object java.lang.invoke.DirectMethodHandle$Holder.invokeSpecial(java.lang.Object, java.lang.Object, java.lang.Object, java.lang.Object, int, java.lang.Object, java.lang.Object)'> (0x00000000d558aff0) 
thrown [s\src\hotspot\share\interpreter\linkResolver.cpp, line 773]
Event: 376.319 Thread 0x000001f8764e83e0 Exception <a 'java/lang/NoSuchMethodError'{0x00000000d558a7b0}: 'java.lang.Object java.lang.invoke.DirectMethodHandle$Holder.invokeSpecial(java.lang.Object, java.lang.Object, java.lang.Object, java.lang.Object, int, java.lang.Object, java.lang.Object)'> (0x00000000d558a7b0) 
thrown [s\src\hotspot\share\interpreter\linkResolver.cpp, line 773]
Event: 377.697 Thread 0x000001f8740677e0 Exception <a 'sun/nio/fs/WindowsException'{0x00000000d572bf50}> (0x00000000d572bf50) 
thrown [s\src\hotspot\share\prims\jni.cpp, line 520]
Event: 377.697 Thread 0x000001f8740677e0 Exception <a 'sun/nio/fs/WindowsException'{0x00000000d572c568}> (0x00000000d572c568) 
thrown [s\src\hotspot\share\prims\jni.cpp, line 520]
Event: 377.698 Thread 0x000001f8740677e0 Exception <a 'sun/nio/fs/WindowsException'{0x00000000d572cfd0}> (0x00000000d572cfd0) 
thrown [s\src\hotspot\share\prims\jni.cpp, line 520]
Event: 377.698 Thread 0x000001f8740677e0 Exception <a 'sun/nio/fs/WindowsException'{0x00000000d572d5e8}> (0x00000000d572d5e8) 
thrown [s\src\hotspot\share\prims\jni.cpp, line 520]
Event: 377.699 Thread 0x000001f8740677e0 Exception <a 'sun/nio/fs/WindowsException'{0x00000000d572eca8}> (0x00000000d572eca8) 
thrown [s\src\hotspot\share\prims\jni.cpp, line 520]
Event: 377.699 Thread 0x000001f8740677e0 Exception <a 'sun/nio/fs/WindowsException'{0x00000000d572f2c0}> (0x00000000d572f2c0) 
thrown [s\src\hotspot\share\prims\jni.cpp, line 520]
Event: 377.716 Thread 0x000001f8740677e0 Exception <a 'sun/nio/fs/WindowsException'{0x00000000d5766a40}> (0x00000000d5766a40) 
thrown [s\src\hotspot\share\prims\jni.cpp, line 520]
Event: 377.716 Thread 0x000001f8740677e0 Exception <a 'sun/nio/fs/WindowsException'{0x00000000d5767590}> (0x00000000d5767590) 
thrown [s\src\hotspot\share\prims\jni.cpp, line 520]
Event: 377.800 Thread 0x000001f874067150 Implicit null exception at 0x000001f821920902 to 0x000001f821922460

ZGC Phase Switch (0 events):
No events

VM Operations (20 events):
Event: 378.938 Executing VM operation: ParallelGCFailedAllocation (Allocation Failure) done
Event: 378.982 Executing VM operation: ParallelGCFailedAllocation (Allocation Failure)
Event: 378.987 Executing VM operation: ParallelGCFailedAllocation (Allocation Failure) done
Event: 379.195 Executing VM operation: ParallelGCFailedAllocation (Allocation Failure)
Event: 379.200 Executing VM operation: ParallelGCFailedAllocation (Allocation Failure) done
Event: 379.360 Executing VM operation: ParallelGCFailedAllocation (Allocation Failure)
Event: 379.365 Executing VM operation: ParallelGCFailedAllocation (Allocation Failure) done
Event: 379.393 Executing VM operation: ParallelGCFailedAllocation (Allocation Failure)
Event: 379.400 Executing VM operation: ParallelGCFailedAllocation (Allocation Failure) done
Event: 379.430 Executing VM operation: ParallelGCFailedAllocation (Allocation Failure)
Event: 379.440 Executing VM operation: ParallelGCFailedAllocation (Allocation Failure) done
Event: 379.502 Executing VM operation: ParallelGCFailedAllocation (Allocation Failure)
Event: 379.511 Executing VM operation: ParallelGCFailedAllocation (Allocation Failure) done
Event: 379.531 Executing VM operation: ParallelGCFailedAllocation (Allocation Failure)
Event: 379.540 Executing VM operation: ParallelGCFailedAllocation (Allocation Failure) done
Event: 379.623 Executing VM operation: ParallelGCFailedAllocation (Allocation Failure)
Event: 379.630 Executing VM operation: ParallelGCFailedAllocation (Allocation Failure) done
Event: 379.646 Executing VM operation: ParallelGCFailedAllocation (Allocation Failure)
Event: 379.654 Executing VM operation: ParallelGCFailedAllocation (Allocation Failure) done
Event: 379.683 Executing VM operation: ParallelGCFailedAllocation (Allocation Failure)

Memory protections (0 events):
No events

Nmethod flushes (20 events):
Event: 231.341 Thread 0x000001f815a034a0 flushing  nmethod 0x000001f81a222310
Event: 231.341 Thread 0x000001f815a034a0 flushing  nmethod 0x000001f81a237a90
Event: 231.341 Thread 0x000001f815a034a0 flushing  nmethod 0x000001f81a237f10
Event: 231.341 Thread 0x000001f815a034a0 flushing  nmethod 0x000001f81a238f90
Event: 231.341 Thread 0x000001f815a034a0 flushing  nmethod 0x000001f81a23a910
Event: 231.341 Thread 0x000001f815a034a0 flushing  nmethod 0x000001f81a252110
Event: 231.341 Thread 0x000001f815a034a0 flushing  nmethod 0x000001f81a367490
Event: 231.341 Thread 0x000001f815a034a0 flushing  nmethod 0x000001f81a3b1d10
Event: 231.341 Thread 0x000001f815a034a0 flushing  nmethod 0x000001f81a3fb590
Event: 231.341 Thread 0x000001f815a034a0 flushing  nmethod 0x000001f81a3fd390
Event: 231.341 Thread 0x000001f815a034a0 flushing  nmethod 0x000001f81a400310
Event: 231.341 Thread 0x000001f815a034a0 flushing  nmethod 0x000001f81a400810
Event: 231.341 Thread 0x000001f815a034a0 flushing  nmethod 0x000001f81a470c10
Event: 231.341 Thread 0x000001f815a034a0 flushing  nmethod 0x000001f81a477510
Event: 231.341 Thread 0x000001f815a034a0 flushing  nmethod 0x000001f81a4ebb90
Event: 231.341 Thread 0x000001f815a034a0 flushing osr nmethod 0x000001f81a501190
Event: 231.341 Thread 0x000001f815a034a0 flushing  nmethod 0x000001f81a51b210
Event: 231.341 Thread 0x000001f815a034a0 flushing  nmethod 0x000001f81a52c990
Event: 231.341 Thread 0x000001f815a034a0 flushing  nmethod 0x000001f81a534490
Event: 231.341 Thread 0x000001f815a034a0 flushing  nmethod 0x000001f81a59c490

Events (20 events):
Event: 366.564 Thread 0x000001f87301afe0 Thread added: 0x000001f875bb6900
Event: 367.574 Thread 0x000001f875bb6900 Thread exited: 0x000001f875bb6900
Event: 367.574 Thread 0x000001f87461ec80 Thread exited: 0x000001f87461ec80
Event: 367.762 Thread 0x000001f815a19b30 Thread added: 0x000001f87461ec80
Event: 367.852 Thread 0x000001f87301afe0 Thread added: 0x000001f87c7d9c80
Event: 368.677 Thread 0x000001f87c7d9c80 Thread exited: 0x000001f87c7d9c80
Event: 368.837 Thread 0x000001f87461ec80 Thread exited: 0x000001f87461ec80
Event: 369.038 Thread 0x000001f87301afe0 Thread added: 0x000001f87461ec80
Event: 369.886 Thread 0x000001f87301afe0 Thread added: 0x000001f877d533a0
Event: 370.656 Thread 0x000001f877d533a0 Thread exited: 0x000001f877d533a0
Event: 370.656 Thread 0x000001f87461ec80 Thread exited: 0x000001f87461ec80
Event: 372.234 Thread 0x000001f815a19b30 Thread added: 0x000001f877d52cd0
Event: 375.378 Thread 0x000001f8782458c0 Thread added: 0x000001f8764e83e0
Event: 375.572 Thread 0x000001f87301afe0 Thread added: 0x000001f877d555b0
Event: 376.151 Thread 0x000001f877d555b0 Thread exited: 0x000001f877d555b0
Event: 376.199 Thread 0x000001f8764ed2a0 Thread exited: 0x000001f8764ed2a0
Event: 376.312 Thread 0x000001f877d52cd0 Thread exited: 0x000001f877d52cd0
Event: 376.359 Thread 0x000001f87301afe0 Thread added: 0x000001f877d555b0
Event: 376.510 Thread 0x000001f87301afe0 Thread added: 0x000001f877d52cd0
Event: 379.592 Thread 0x000001f877d52cd0 Thread exited: 0x000001f877d52cd0


Dynamic libraries:
0x00007ff6e1fa0000 - 0x00007ff6e1fae000 	c:\Users\Fernanda Jama\.trae\extensions\redhat.java-1.44.0-win32-x64\jre\21.0.8-win32-x86_64\bin\java.exe
0x00007ff852600000 - 0x00007ff852867000 	C:\Windows\SYSTEM32\ntdll.dll
0x00007ff852210000 - 0x00007ff8522d9000 	C:\Windows\System32\KERNEL32.DLL
0x00007ff84fa50000 - 0x00007ff84fe40000 	C:\Windows\System32\KERNELBASE.dll
0x00007fffc3940000 - 0x00007fffc3a1b000 	C:\Program Files\Bitdefender\Endpoint Security\bdhkm\dlls_267825381831322691\bdhkm64.dll
0x00007fffc3770000 - 0x00007fffc3939000 	C:\Program Files\Bitdefender\Endpoint Security\atcuf\dlls_267870601976104115\atcuf64.dll
0x00007ff84f730000 - 0x00007ff84f87b000 	C:\Windows\System32\ucrtbase.dll
0x00007ff8375d0000 - 0x00007ff8375e8000 	c:\Users\Fernanda Jama\.trae\extensions\redhat.java-1.44.0-win32-x64\jre\21.0.8-win32-x86_64\bin\jli.dll
0x00007ff851310000 - 0x00007ff8514d5000 	C:\Windows\System32\USER32.dll
0x00007ff850360000 - 0x00007ff850387000 	C:\Windows\System32\win32u.dll
0x00007ff851aa0000 - 0x00007ff851acb000 	C:\Windows\System32\GDI32.dll
0x00007ff84f910000 - 0x00007ff84fa48000 	C:\Windows\System32\gdi32full.dll
0x00007ff8502b0000 - 0x00007ff850353000 	C:\Windows\System32\msvcp_win.dll
0x00007ff823910000 - 0x00007ff82392e000 	c:\Users\Fernanda Jama\.trae\extensions\redhat.java-1.44.0-win32-x64\jre\21.0.8-win32-x86_64\bin\VCRUNTIME140.dll
0x00007ff831040000 - 0x00007ff8312da000 	C:\Windows\WinSxS\amd64_microsoft.windows.common-controls_6595b64144ccf1df_6.0.26100.4768_none_3e0c112ce331287c\COMCTL32.dll
0x00007ff850e80000 - 0x00007ff850f29000 	C:\Windows\System32\msvcrt.dll
0x00007ff851220000 - 0x00007ff85124f000 	C:\Windows\System32\IMM32.DLL
0x00007ff83aa30000 - 0x00007ff83aa3c000 	c:\Users\Fernanda Jama\.trae\extensions\redhat.java-1.44.0-win32-x64\jre\21.0.8-win32-x86_64\bin\vcruntime140_1.dll
0x00007ff81b4e0000 - 0x00007ff81b56d000 	c:\Users\Fernanda Jama\.trae\extensions\redhat.java-1.44.0-win32-x64\jre\21.0.8-win32-x86_64\bin\msvcp140.dll
0x00007fffd8280000 - 0x00007fffd9017000 	c:\Users\Fernanda Jama\.trae\extensions\redhat.java-1.44.0-win32-x64\jre\21.0.8-win32-x86_64\bin\server\jvm.dll
0x00007ff850c20000 - 0x00007ff850cd4000 	C:\Windows\System32\ADVAPI32.dll
0x00007ff8514e0000 - 0x00007ff851586000 	C:\Windows\System32\sechost.dll
0x00007ff851bf0000 - 0x00007ff851d08000 	C:\Windows\System32\RPCRT4.dll
0x00007ff850fe0000 - 0x00007ff851054000 	C:\Windows\System32\WS2_32.dll
0x00007ff84f590000 - 0x00007ff84f5ee000 	C:\Windows\SYSTEM32\POWRPROF.dll
0x00007ff836050000 - 0x00007ff836085000 	C:\Windows\SYSTEM32\WINMM.dll
0x00007ff83e2b0000 - 0x00007ff83e2bb000 	C:\Windows\SYSTEM32\VERSION.dll
0x00007ff84f570000 - 0x00007ff84f584000 	C:\Windows\SYSTEM32\UMPDC.dll
0x00007ff84e470000 - 0x00007ff84e48b000 	C:\Windows\SYSTEM32\kernel.appcore.dll
0x00007ff83a470000 - 0x00007ff83a47a000 	c:\Users\Fernanda Jama\.trae\extensions\redhat.java-1.44.0-win32-x64\jre\21.0.8-win32-x86_64\bin\jimage.dll
0x00007ff84cd50000 - 0x00007ff84cf91000 	C:\Windows\SYSTEM32\DBGHELP.DLL
0x00007ff851700000 - 0x00007ff851a85000 	C:\Windows\System32\combase.dll
0x00007ff850390000 - 0x00007ff850470000 	C:\Windows\System32\OLEAUT32.dll
0x00007ff817c70000 - 0x00007ff817cb3000 	C:\Windows\SYSTEM32\dbgcore.DLL
0x00007ff850090000 - 0x00007ff850129000 	C:\Windows\System32\bcryptPrimitives.dll
0x00007ff83a2f0000 - 0x00007ff83a2ff000 	c:\Users\Fernanda Jama\.trae\extensions\redhat.java-1.44.0-win32-x64\jre\21.0.8-win32-x86_64\bin\instrument.dll
0x00007ff837d60000 - 0x00007ff837d7f000 	c:\Users\Fernanda Jama\.trae\extensions\redhat.java-1.44.0-win32-x64\jre\21.0.8-win32-x86_64\bin\java.dll
0x00007ff850480000 - 0x00007ff850bcd000 	C:\Windows\System32\SHELL32.dll
0x00007ff84fe50000 - 0x00007ff84ffc3000 	C:\Windows\System32\wintypes.dll
0x00007ff84d2d0000 - 0x00007ff84db30000 	C:\Windows\SYSTEM32\windows.storage.dll
0x00007ff850cf0000 - 0x00007ff850de5000 	C:\Windows\System32\SHCORE.dll
0x00007ff8524d0000 - 0x00007ff85253a000 	C:\Windows\System32\shlwapi.dll
0x00007ff84f650000 - 0x00007ff84f679000 	C:\Windows\SYSTEM32\profapi.dll
0x00007ff823970000 - 0x00007ff823988000 	c:\Users\Fernanda Jama\.trae\extensions\redhat.java-1.44.0-win32-x64\jre\21.0.8-win32-x86_64\bin\zip.dll
0x00007ff8397a0000 - 0x00007ff8397b0000 	C:\Users\Fernanda Jama\.trae\extensions\redhat.java-1.44.0-win32-x64\jre\21.0.8-win32-x86_64\bin\net.dll
0x00007ff846040000 - 0x00007ff84615e000 	C:\Windows\SYSTEM32\WINHTTP.dll
0x00007ff84e9e0000 - 0x00007ff84ea4b000 	C:\Windows\system32\mswsock.dll
0x00007ff81ebd0000 - 0x00007ff81ebe6000 	C:\Users\Fernanda Jama\.trae\extensions\redhat.java-1.44.0-win32-x64\jre\21.0.8-win32-x86_64\bin\nio.dll
0x00007ff837680000 - 0x00007ff837690000 	c:\Users\Fernanda Jama\.trae\extensions\redhat.java-1.44.0-win32-x64\jre\21.0.8-win32-x86_64\bin\verify.dll
0x00007ff81b390000 - 0x00007ff81b3d5000 	C:\Users\Fernanda Jama\AppData\Roaming\Trae\User\globalStorage\redhat.java\1.44.0\config_win\org.eclipse.equinox.launcher\org.eclipse.equinox.launcher.win32.win32.x86_64_1.2.1400.v20250730-1736\eclipse_11913.dll
0x00007ff851060000 - 0x00007ff851200000 	C:\Windows\System32\ole32.dll
0x00007ff84edc0000 - 0x00007ff84eddb000 	C:\Windows\SYSTEM32\CRYPTSP.dll
0x00007ff84e3d0000 - 0x00007ff84e40b000 	C:\Windows\system32\rsaenh.dll
0x00007ff84ea80000 - 0x00007ff84eaab000 	C:\Windows\SYSTEM32\USERENV.dll
0x00007ff84f620000 - 0x00007ff84f646000 	C:\Windows\SYSTEM32\bcrypt.dll
0x00007ff84ec20000 - 0x00007ff84ec2c000 	C:\Windows\SYSTEM32\CRYPTBASE.dll
0x00007ff84de60000 - 0x00007ff84de93000 	C:\Windows\SYSTEM32\IPHLPAPI.DLL
0x00007ff851210000 - 0x00007ff85121a000 	C:\Windows\System32\NSI.dll
0x00007ff81b2d0000 - 0x00007ff81b319000 	C:\Users\Fernanda Jama\AppData\Local\Temp\jna--1470441178\jna15212237104842180501.dll
0x00007ff850ce0000 - 0x00007ff850ce8000 	C:\Windows\System32\PSAPI.DLL
0x00007ff849480000 - 0x00007ff84949f000 	C:\Windows\SYSTEM32\dhcpcsvc6.DLL
0x00007ff849450000 - 0x00007ff849475000 	C:\Windows\SYSTEM32\dhcpcsvc.DLL

JVMTI agents:
c:\Users\Fernanda Jama\.trae\extensions\redhat.java-1.44.0-win32-x64\lombok\lombok-1.18.39-4050.jar path:c:\Users\Fernanda Jama\.trae\extensions\redhat.java-1.44.0-win32-x64\jre\21.0.8-win32-x86_64\bin\instrument.dll, loaded, initialized, instrumentlib options:none

dbghelp: loaded successfully - version: 4.0.5 - missing functions: none
symbol engine: initialized successfully - sym options: 0x614 - pdb path: .;c:\Users\Fernanda Jama\.trae\extensions\redhat.java-1.44.0-win32-x64\jre\21.0.8-win32-x86_64\bin;C:\Windows\SYSTEM32;C:\Program Files\Bitdefender\Endpoint Security\bdhkm\dlls_267825381831322691;C:\Program Files\Bitdefender\Endpoint Security\atcuf\dlls_267870601976104115;C:\Windows\WinSxS\amd64_microsoft.windows.common-controls_6595b64144ccf1df_6.0.26100.4768_none_3e0c112ce331287c;c:\Users\Fernanda Jama\.trae\extensions\redhat.java-1.44.0-win32-x64\jre\21.0.8-win32-x86_64\bin\server;C:\Users\Fernanda Jama\AppData\Roaming\Trae\User\globalStorage\redhat.java\1.44.0\config_win\org.eclipse.equinox.launcher\org.eclipse.equinox.launcher.win32.win32.x86_64_1.2.1400.v20250730-1736;C:\Users\Fernanda Jama\AppData\Local\Temp\jna--1470441178

VM Arguments:
jvm_args: --add-modules=ALL-SYSTEM --add-opens=java.base/java.util=ALL-UNNAMED --add-opens=java.base/java.lang=ALL-UNNAMED --add-opens=java.base/sun.nio.fs=ALL-UNNAMED -Declipse.application=org.eclipse.jdt.ls.core.id1 -Dosgi.bundles.defaultStartLevel=4 -Declipse.product=org.eclipse.jdt.ls.core.product -Djava.import.generatesMetadataFilesAtProjectRoot=false -DDetectVMInstallationsJob.disabled=true -Dfile.encoding=utf8 -XX:+UseParallelGC -XX:GCTimeRatio=4 -XX:AdaptiveSizePolicyWeight=90 -Dsun.zip.disableMemoryMapping=true -Xmx2G -Xms100m -Xlog:disable -javaagent:c:\Users\Fernanda Jama\.trae\extensions\redhat.java-1.44.0-win32-x64\lombok\lombok-1.18.39-4050.jar -XX:+HeapDumpOnOutOfMemoryError -XX:HeapDumpPath=c:\Users\Fernanda Jama\AppData\Roaming\Trae\User\workspaceStorage\15c722b02b3b73826bcb58a08aa3cd52\redhat.java -Daether.dependencyCollector.impl=bf 
java_command: c:\Users\Fernanda Jama\.trae\extensions\redhat.java-1.44.0-win32-x64\server\plugins\org.eclipse.equinox.launcher_1.7.0.v20250519-0528.jar -configuration c:\Users\Fernanda Jama\AppData\Roaming\Trae\User\globalStorage\redhat.java\1.44.0\config_win -data c:\Users\Fernanda Jama\AppData\Roaming\Trae\User\workspaceStorage\15c722b02b3b73826bcb58a08aa3cd52\redhat.java\jdt_ws --pipe=\\.\pipe\lsp-a13dbee0cbf79a5a45b9202f61a9fdbb-sock
java_class_path (initial): c:\Users\Fernanda Jama\.trae\extensions\redhat.java-1.44.0-win32-x64\server\plugins\org.eclipse.equinox.launcher_1.7.0.v20250519-0528.jar
Launcher Type: SUN_STANDARD

[Global flags]
    uintx AdaptiveSizePolicyWeight                 = 90                                        {product} {command line}
     intx CICompilerCount                          = 4                                         {product} {ergonomic}
    uintx GCTimeRatio                              = 4                                         {product} {command line}
     bool HeapDumpOnOutOfMemoryError               = true                                   {manageable} {command line}
    ccstr HeapDumpPath                             = c:\Users\Fernanda Jama\AppData\Roaming\Trae\User\workspaceStorage\15c722b02b3b73826bcb58a08aa3cd52\redhat.java         {manageable} {command line}
   size_t InitialHeapSize                          = 104857600                                 {product} {command line}
   size_t MaxHeapSize                              = 2147483648                                {product} {command line}
   size_t MaxNewSize                               = 715653120                                 {product} {ergonomic}
   size_t MinHeapDeltaBytes                        = 524288                                    {product} {ergonomic}
   size_t MinHeapSize                              = 104857600                                 {product} {command line}
   size_t NewSize                                  = 34603008                                  {product} {ergonomic}
    uintx NonNMethodCodeHeapSize                   = 5839372                                {pd product} {ergonomic}
    uintx NonProfiledCodeHeapSize                  = 122909434                              {pd product} {ergonomic}
   size_t OldSize                                  = 70254592                                  {product} {ergonomic}
    uintx ProfiledCodeHeapSize                     = 122909434                              {pd product} {ergonomic}
    uintx ReservedCodeCacheSize                    = 251658240                              {pd product} {ergonomic}
     bool SegmentedCodeCache                       = true                                      {product} {ergonomic}
   size_t SoftMaxHeapSize                          = 2147483648                             {manageable} {ergonomic}
     bool UseCompressedOops                        = true                           {product lp64_product} {ergonomic}
     bool UseLargePagesIndividualAllocation        = false                                  {pd product} {ergonomic}
     bool UseParallelGC                            = true                                      {product} {command line}

Logging:
Log output configuration:
 #0: stdout all=off uptime,level,tags foldmultilines=false
 #1: stderr all=off uptime,level,tags foldmultilines=false

Environment Variables:
JAVA_HOME=C:\Program Files\Java\jdk-17
CLASSPATH=C:\Program Files\SAP\SAP Business One DI API\JCO\LIB\sbowrapper.jar;C:\Program Files\SAP\SAP Business One DI API\JCO\LIB\sboapi.jar
PATH=C:\Users\Fernanda Jama\.trae\tools\gradle\latest\bin;C:\Program Files\Java\jdk-17\bin;C:\Users\Fernanda Jama\.trae\tools\maven\latest\bin;C:\Python313\Scripts\;C:\Python313\;C:\Program Files\Microsoft MPI\Bin\;C:\Program Files\Common Files\Oracle\Java\javapath;C:\Windows\system32;C:\Windows;C:\Windows\System32\Wbem;C:\Windows\System32\WindowsPowerShell\v1.0\;C:\Windows\System32\OpenSSH\;C:\Program Files\Microsoft SQL Server\Client SDK\ODBC\170\Tools\Binn\;C:\Program Files (x86)\Microsoft SQL Server\150\Tools\Binn\;C:\Program Files\Microsoft SQL Server\150\Tools\Binn\;C:\Program Files\Microsoft SQL Server\150\DTS\Binn\;C:\Program Files (x86)\Microsoft SQL Server\160\DTS\Binn\;C:\Program Files\nodejs\;C:\ProgramData\chocolatey\bin;C:\Program Files\SAP\SAP Business One DI API\JCO\LIB\;C:\Program Files\SAP\SAP Business One DI API\DI API 90;C:\Program Files\SAP\SAP Business One\;C:\Program Files\apache-maven-3.8.8-bin\apache-maven-3.8.8\bin;C:\Program Files\Git\cmd;C:\Users\Fernanda Jama\AppData\Local\Microsoft\WindowsApps;C:\Users\Fernanda Jama\AppData\Local\GitHubDesktop\bin;C:\Users\Fernanda Jama\AppData\Local\Programs\Microsoft VS Code\bin;C:\Users\Fernanda Jama\AppData\Roaming\npm;c:\Users\Fernanda Jama\AppData\Local\Programs\Trae\resources\app\bin\lib
USERNAME=Fernanda Jama
OS=Windows_NT
PROCESSOR_IDENTIFIER=Intel64 Family 6 Model 140 Stepping 1, GenuineIntel
TMP=C:\Users\FERNAN~1\AppData\Local\Temp
TEMP=C:\Users\FERNAN~1\AppData\Local\Temp




Periodic native trim disabled

---------------  S Y S T E M  ---------------

OS:
 Windows 11 , 64 bit Build 26100 (10.0.26100.4768)
OS uptime: 0 days 7:34 hours
Hyper-V role detected

CPU: total 8 (initial active 8) (4 cores per cpu, 2 threads per core) family 6 model 140 stepping 1 microcode 0xb8, cx8, cmov, fxsr, ht, mmx, 3dnowpref, sse, sse2, sse3, ssse3, sse4.1, sse4.2, popcnt, lzcnt, tsc, tscinvbit, avx, avx2, aes, erms, clmul, bmi1, bmi2, adx, avx512f, avx512dq, avx512cd, avx512bw, avx512vl, sha, fma, vzeroupper, avx512_vpopcntdq, avx512_vpclmulqdq, avx512_vaes, avx512_vnni, clflush, clflushopt, clwb, avx512_vbmi2, avx512_vbmi, hv, rdtscp, rdpid, fsrm, gfni, avx512_bitalg, f16c, cet_ibt, cet_ss, avx512_ifma
Processor Information for processor 0
  Max Mhz: 2803, Current Mhz: 2803, Mhz Limit: 2803
Processor Information for processor 1
  Max Mhz: 2803, Current Mhz: 2803, Mhz Limit: 2803
Processor Information for processor 2
  Max Mhz: 2803, Current Mhz: 2803, Mhz Limit: 2803
Processor Information for processor 3
  Max Mhz: 2803, Current Mhz: 2803, Mhz Limit: 2803
Processor Information for processor 4
  Max Mhz: 2803, Current Mhz: 2803, Mhz Limit: 2803
Processor Information for processor 5
  Max Mhz: 2803, Current Mhz: 2803, Mhz Limit: 2803
Processor Information for processor 6
  Max Mhz: 2803, Current Mhz: 1001, Mhz Limit: 2803
Processor Information for processor 7
  Max Mhz: 2803, Current Mhz: 2803, Mhz Limit: 2803

Memory: 4k page, system-wide physical 40743M (1132M free)
TotalPageFile size 101623M (AvailPageFile size 50M)
current process WorkingSet (physical memory assigned to process): 1311M, peak: 1313M
current process commit charge ("private bytes"): 1257M, peak: 1728M

vm_info: OpenJDK 64-Bit Server VM (21.0.8+9-LTS) for windows-amd64 JRE (21.0.8+9-LTS), built on 2025-07-15T00:00:00Z by "admin" with MS VC++ 17.7 (VS2022)

END.
