#
# There is insufficient memory for the Java Runtime Environment to continue.
# Native memory allocation (malloc) failed to allocate 1391936 bytes for Chunk::new
# Possible reasons:
#   The system is out of physical RAM or swap space
#   The process is running with CompressedOops enabled, and the Java Heap may be blocking the growth of the native heap
# Possible solutions:
#   Reduce memory load on the system
#   Increase physical memory or swap space
#   Check if swap backing store is full
#   Decrease Java heap size (-Xmx/-Xms)
#   Decrease number of Java threads
#   Decrease Java thread stack sizes (-Xss)
#   Set larger code cache with -XX:ReservedCodeCacheSize=
#   JVM is running with Zero Based Compressed Oops mode in which the Java heap is
#     placed in the first 32GB address space. The Java Heap base address is the
#     maximum limit for the native heap growth. Please use -XX:HeapBaseMinAddress
#     to set the Java Heap base and to place the Java Heap above 32GB virtual address.
# This output file may be truncated or incomplete.
#
#  Out of Memory Error (arena.cpp:189), pid=15896, tid=22856
#
# JRE version: Java(TM) SE Runtime Environment (17.0.15+9) (build 17.0.15+9-LTS-241)
# Java VM: Java HotSpot(TM) 64-Bit Server VM (17.0.15+9-LTS-241, mixed mode, sharing, tiered, compressed oops, compressed class ptrs, g1 gc, windows-amd64)
# No core dump will be written. Minidumps are not enabled by default on client versions of Windows
#

---------------  S U M M A R Y ------------

Command Line: -XX:+ShowCodeDetailsInExceptionMessages -Dspring.jmx.enabled=true -Dmanagement.endpoints.jmx.exposure.include=* -Dspring.application.admin.enabled=true -Dspring.boot.project.name=com.manamer.sellout.business-sellout -Djava.rmi.server.hostname=localhost -Dcom.sun.management.jmxremote.port=45559 -Dcom.sun.management.jmxremote.authenticate=false -Dcom.sun.management.jmxremote.ssl=false com.manamer.backend.business.sellout.SelloutApplication

Host: 11th Gen Intel(R) Core(TM) i7-1165G7 @ 2.80GHz, 8 cores, 39G,  Windows 11 , 64 bit Build 26100 (10.0.26100.4768)
Time: Thu Aug 14 13:48:19 2025 Hora est. Pacífico, Sudamérica elapsed time: 16017.509248 seconds (0d 4h 26m 57s)

---------------  T H R E A D  ---------------

Current thread (0x00000239342300f0):  JavaThread "C2 CompilerThread0" daemon [_thread_in_native, id=22856, stack(0x000000ce00200000,0x000000ce00300000)]


Current CompileTask:
C2:16017509 14124       4       sun.security.ec.ECOperations::setSum (681 bytes)

Stack: [0x000000ce00200000,0x000000ce00300000]
Native frames: (J=compiled Java code, j=interpreted, Vv=VM code, C=native code)
V  [jvm.dll+0x67a46a]
V  [jvm.dll+0x7da6ad]
V  [jvm.dll+0x7dbff3]
V  [jvm.dll+0x7dc663]
V  [jvm.dll+0x24523f]
V  [jvm.dll+0xab763]
V  [jvm.dll+0xabd2c]
V  [jvm.dll+0x2aa6df]
V  [jvm.dll+0x5822c9]
V  [jvm.dll+0x21f5d2]
V  [jvm.dll+0x21f9cf]
V  [jvm.dll+0x218c50]
V  [jvm.dll+0x215d15]
V  [jvm.dll+0x1a2a00]
V  [jvm.dll+0x2262bb]
V  [jvm.dll+0x22445b]
V  [jvm.dll+0x790acc]
V  [jvm.dll+0x78b0ba]
V  [jvm.dll+0x679355]
C  [ucrtbase.dll+0x37b0]
C  [KERNEL32.DLL+0x2e8d7]
C  [ntdll.dll+0x3c34c]


---------------  P R O C E S S  ---------------

Threads class SMR info:
_java_thread_list=0x0000023900ad8e20, length=41, elements={
0x00000239342124f0, 0x0000023934213c10, 0x0000023934228970, 0x000002393422b240,
0x000002393422c760, 0x000002393422dc80, 0x00000239342300f0, 0x0000023934242460,
0x0000023936b81fa0, 0x0000023936b61420, 0x0000023936e368b0, 0x000002397c31e590,
0x000002397c927330, 0x000002397c7cd770, 0x000002397d9736d0, 0x000002397edfc090,
0x000002397edfca30, 0x000002397edfdd70, 0x000002397edff580, 0x000002397edfd3d0,
0x000002397edfd8a0, 0x000002397edff0b0, 0x000002397edfc560, 0x000002397ee01730,
0x000002397ee003f0, 0x000002397ee01c00, 0x000002397ee008c0, 0x000002397ee02f40,
0x000002397ee020d0, 0x000002397ee025a0, 0x000002397ee00d90, 0x000002397ee01260,
0x000002397ee02a70, 0x000002397ee03410, 0x000002397ee038e0, 0x000002398062e210,
0x000002398062ced0, 0x000002398062d3a0, 0x000002398062c060, 0x000002398062dd40,
0x000002398062f080
}

Java Threads: ( => current thread )
  0x00000239342124f0 JavaThread "Reference Handler" daemon [_thread_blocked, id=22868, stack(0x000000ce7fc00000,0x000000ce7fd00000)]
  0x0000023934213c10 JavaThread "Finalizer" daemon [_thread_blocked, id=19980, stack(0x000000ce7fd00000,0x000000ce7fe00000)]
  0x0000023934228970 JavaThread "Signal Dispatcher" daemon [_thread_blocked, id=21164, stack(0x000000ce7fe00000,0x000000ce7ff00000)]
  0x000002393422b240 JavaThread "Attach Listener" daemon [_thread_blocked, id=23028, stack(0x000000ce7ff00000,0x000000ce80000000)]
  0x000002393422c760 JavaThread "Service Thread" daemon [_thread_blocked, id=16520, stack(0x000000ce00000000,0x000000ce00100000)]
  0x000002393422dc80 JavaThread "Monitor Deflation Thread" daemon [_thread_blocked, id=14496, stack(0x000000ce00100000,0x000000ce00200000)]
=>0x00000239342300f0 JavaThread "C2 CompilerThread0" daemon [_thread_in_native, id=22856, stack(0x000000ce00200000,0x000000ce00300000)]
  0x0000023934242460 JavaThread "C1 CompilerThread0" daemon [_thread_blocked, id=24208, stack(0x000000ce00300000,0x000000ce00400000)]
  0x0000023936b81fa0 JavaThread "Sweeper thread" daemon [_thread_blocked, id=23376, stack(0x000000ce00400000,0x000000ce00500000)]
  0x0000023936b61420 JavaThread "Common-Cleaner" daemon [_thread_blocked, id=21304, stack(0x000000ce00500000,0x000000ce00600000)]
  0x0000023936e368b0 JavaThread "Notification Thread" daemon [_thread_blocked, id=24184, stack(0x000000ce00600000,0x000000ce00700000)]
  0x000002397c31e590 JavaThread "RMI TCP Accept-0" daemon [_thread_in_native, id=9396, stack(0x000000ce00800000,0x000000ce00900000)]
  0x000002397c927330 JavaThread "RMI TCP Accept-45559" daemon [_thread_in_native, id=23396, stack(0x000000ce00900000,0x000000ce00a00000)]
  0x000002397c7cd770 JavaThread "RMI TCP Accept-0" daemon [_thread_in_native, id=15976, stack(0x000000ce00a00000,0x000000ce00b00000)]
  0x000002397d9736d0 JavaThread "RMI Scheduler(0)" daemon [_thread_blocked, id=2756, stack(0x000000ce01900000,0x000000ce01a00000)]
  0x000002397edfc090 JavaThread "Catalina-utility-1" [_thread_blocked, id=9896, stack(0x000000ce01c00000,0x000000ce01d00000)]
  0x000002397edfca30 JavaThread "Catalina-utility-2" [_thread_blocked, id=13280, stack(0x000000ce01d00000,0x000000ce01e00000)]
  0x000002397edfdd70 JavaThread "container-0" [_thread_blocked, id=4836, stack(0x000000ce01e00000,0x000000ce01f00000)]
  0x000002397edff580 JavaThread "HikariPool-1 housekeeper" daemon [_thread_blocked, id=14852, stack(0x000000ce02100000,0x000000ce02200000)]
  0x000002397edfd3d0 JavaThread "spring.cloud.inetutils" daemon [_thread_blocked, id=2524, stack(0x000000ce02300000,0x000000ce02400000)]
  0x000002397edfd8a0 JavaThread "AsyncResolver-bootstrap-0" daemon [_thread_blocked, id=16612, stack(0x000000ce02400000,0x000000ce02500000)]
  0x000002397edff0b0 JavaThread "idle-connection-evictor-1" daemon [_thread_blocked, id=17384, stack(0x000000ce02500000,0x000000ce02600000)]
  0x000002397edfc560 JavaThread "DiscoveryClient-0" daemon [_thread_blocked, id=15900, stack(0x000000ce02700000,0x000000ce02800000)]
  0x000002397ee01730 JavaThread "DiscoveryClient-1" daemon [_thread_blocked, id=24308, stack(0x000000ce02800000,0x000000ce02900000)]
  0x000002397ee003f0 JavaThread "DiscoveryClient-InstanceInfoReplicator-0" daemon [_thread_blocked, id=23504, stack(0x000000ce02900000,0x000000ce02a00000)]
  0x000002397ee01c00 JavaThread "http-nio-8092-exec-1" daemon [_thread_blocked, id=984, stack(0x000000ce02a00000,0x000000ce02b00000)]
  0x000002397ee008c0 JavaThread "http-nio-8092-exec-2" daemon [_thread_blocked, id=7160, stack(0x000000ce02b00000,0x000000ce02c00000)]
  0x000002397ee02f40 JavaThread "http-nio-8092-exec-3" daemon [_thread_blocked, id=19472, stack(0x000000ce02c00000,0x000000ce02d00000)]
  0x000002397ee020d0 JavaThread "http-nio-8092-exec-4" daemon [_thread_blocked, id=22276, stack(0x000000ce02d00000,0x000000ce02e00000)]
  0x000002397ee025a0 JavaThread "http-nio-8092-exec-5" daemon [_thread_blocked, id=1644, stack(0x000000ce02e00000,0x000000ce02f00000)]
  0x000002397ee00d90 JavaThread "http-nio-8092-exec-6" daemon [_thread_blocked, id=4324, stack(0x000000ce02f00000,0x000000ce03000000)]
  0x000002397ee01260 JavaThread "http-nio-8092-exec-7" daemon [_thread_blocked, id=19356, stack(0x000000ce03000000,0x000000ce03100000)]
  0x000002397ee02a70 JavaThread "http-nio-8092-exec-8" daemon [_thread_blocked, id=23208, stack(0x000000ce03100000,0x000000ce03200000)]
  0x000002397ee03410 JavaThread "http-nio-8092-exec-9" daemon [_thread_blocked, id=24284, stack(0x000000ce03200000,0x000000ce03300000)]
  0x000002397ee038e0 JavaThread "http-nio-8092-exec-10" daemon [_thread_blocked, id=20136, stack(0x000000ce03300000,0x000000ce03400000)]
  0x000002398062e210 JavaThread "http-nio-8092-Poller" daemon [_thread_in_native, id=7776, stack(0x000000ce03400000,0x000000ce03500000)]
  0x000002398062ced0 JavaThread "http-nio-8092-Acceptor" daemon [_thread_in_native, id=8044, stack(0x000000ce03500000,0x000000ce03600000)]
  0x000002398062d3a0 JavaThread "DestroyJavaVM" [_thread_blocked, id=19468, stack(0x000000ce7f500000,0x000000ce7f600000)]
  0x000002398062c060 JavaThread "DiscoveryClient-CacheRefreshExecutor-0" daemon [_thread_blocked, id=22576, stack(0x000000ce01600000,0x000000ce01700000)]
  0x000002398062dd40 JavaThread "DiscoveryClient-HeartbeatExecutor-0" daemon [_thread_blocked, id=2916, stack(0x000000ce01700000,0x000000ce01800000)]
  0x000002398062f080 JavaThread "AsyncResolver-bootstrap-executor-0" daemon [_thread_blocked, id=22140, stack(0x000000ce01500000,0x000000ce01600000)]

Other Threads:
  0x000002393420bed0 VMThread "VM Thread" [stack: 0x000000ce7fb00000,0x000000ce7fc00000] [id=16264]
  0x000002397c7cde50 WatcherThread [stack: 0x000000ce00b00000,0x000000ce00c00000] [id=22416]
  0x0000023905aa3d90 GCTaskThread "GC Thread#0" [stack: 0x000000ce7f600000,0x000000ce7f700000] [id=22172]
  0x000002397cd7b060 GCTaskThread "GC Thread#1" [stack: 0x000000ce00c00000,0x000000ce00d00000] [id=22236]
  0x000002397cd7b320 GCTaskThread "GC Thread#2" [stack: 0x000000ce00d00000,0x000000ce00e00000] [id=24492]
  0x000002397cd7b5e0 GCTaskThread "GC Thread#3" [stack: 0x000000ce00e00000,0x000000ce00f00000] [id=20088]
  0x000002397cd7b8a0 GCTaskThread "GC Thread#4" [stack: 0x000000ce00f00000,0x000000ce01000000] [id=22688]
  0x000002397cd7c0e0 GCTaskThread "GC Thread#5" [stack: 0x000000ce01000000,0x000000ce01100000] [id=5184]
  0x000002397cd7cbe0 GCTaskThread "GC Thread#6" [stack: 0x000000ce01100000,0x000000ce01200000] [id=21584]
  0x000002397cd7bb60 GCTaskThread "GC Thread#7" [stack: 0x000000ce01200000,0x000000ce01300000] [id=24212]
  0x0000023905aaec20 ConcurrentGCThread "G1 Main Marker" [stack: 0x000000ce7f700000,0x000000ce7f800000] [id=19096]
  0x0000023934051490 ConcurrentGCThread "G1 Conc#0" [stack: 0x000000ce7f800000,0x000000ce7f900000] [id=24068]
  0x000002397cd7c3a0 ConcurrentGCThread "G1 Conc#1" [stack: 0x000000ce00700000,0x000000ce00800000] [id=19108]
  0x00000239341487d0 ConcurrentGCThread "G1 Refine#0" [stack: 0x000000ce7f900000,0x000000ce7fa00000] [id=20484]
  0x000002397d45d2b0 ConcurrentGCThread "G1 Refine#1" [stack: 0x000000ce01300000,0x000000ce01400000] [id=1384]
  0x000002393414e220 ConcurrentGCThread "G1 Service" [stack: 0x000000ce7fa00000,0x000000ce7fb00000] [id=24340]

Threads with active compile tasks:
C2 CompilerThread0  16017571 14124       4       sun.security.ec.ECOperations::setSum (681 bytes)

VM state: not at safepoint (normal execution)

VM Mutex/Monitor currently owned by a thread: None

Heap address: 0x0000000583000000, size: 10192 MB, Compressed Oops mode: Zero based, Oop shift amount: 3

CDS archive(s) mapped at: [0x0000023937000000-0x0000023937bd0000-0x0000023937bd0000), size 12386304, SharedBaseAddress: 0x0000023937000000, ArchiveRelocationMode: 1.
Compressed class space mapped at: 0x0000023938000000-0x0000023978000000, reserved size: 1073741824
Narrow klass base: 0x0000023937000000, Narrow klass shift: 0, Narrow klass range: 0x100000000

GC Precious Log:
 CPUs: 8 total, 8 available
 Memory: 40743M
 Large Page Support: Disabled
 NUMA Support: Disabled
 Compressed Oops: Enabled (Zero based)
 Heap Region Size: 8M
 Heap Min Capacity: 8M
 Heap Initial Capacity: 640M
 Heap Max Capacity: 10192M
 Pre-touch: Disabled
 Parallel Workers: 8
 Concurrent Workers: 2
 Concurrent Refinement Workers: 8
 Periodic GC: Disabled

Heap:
 garbage-first heap   total 196608K, used 103704K [0x0000000583000000, 0x0000000800000000)
  region size 8192K, 7 young (57344K), 1 survivors (8192K)
 Metaspace       used 96330K, committed 97152K, reserved 1179648K
  class space    used 12785K, committed 13184K, reserved 1048576K

Heap Regions: E=young(eden), S=young(survivor), O=old, HS=humongous(starts), HC=humongous(continues), CS=collection set, F=free, OA=open archive, CA=closed archive, TAMS=top-at-mark-start (previous, next)
|   0|0x0000000583000000, 0x0000000583800000, 0x0000000583800000|100%| O|  |TAMS 0x0000000583800000, 0x0000000583000000| Untracked 
|   1|0x0000000583800000, 0x0000000584000000, 0x0000000584000000|100%| O|  |TAMS 0x0000000584000000, 0x0000000583800000| Untracked 
|   2|0x0000000584000000, 0x0000000584800000, 0x0000000584800000|100%| O|  |TAMS 0x0000000584800000, 0x0000000584000000| Untracked 
|   3|0x0000000584800000, 0x0000000585000000, 0x0000000585000000|100%| O|  |TAMS 0x0000000585000000, 0x0000000584800000| Untracked 
|   4|0x0000000585000000, 0x0000000585800000, 0x0000000585800000|100%| O|  |TAMS 0x0000000585000000, 0x0000000585000000| Untracked 
|   5|0x0000000585800000, 0x0000000586000000, 0x0000000586000000|100%| O|  |TAMS 0x0000000586000000, 0x0000000585800000| Untracked 
|   6|0x0000000586000000, 0x0000000586800000, 0x0000000586800000|100%| O|  |TAMS 0x0000000586571c00, 0x0000000586000000| Untracked 
|   7|0x0000000586800000, 0x0000000586929000, 0x0000000587000000| 14%| O|  |TAMS 0x0000000586800000, 0x0000000586800000| Untracked 
|   8|0x0000000587000000, 0x0000000587000000, 0x0000000587800000|  0%| F|  |TAMS 0x0000000587000000, 0x0000000587000000| Untracked 
|   9|0x0000000587800000, 0x0000000587800000, 0x0000000588000000|  0%| F|  |TAMS 0x0000000587800000, 0x0000000587800000| Untracked 
|  10|0x0000000588000000, 0x0000000588000000, 0x0000000588800000|  0%| F|  |TAMS 0x0000000588000000, 0x0000000588000000| Untracked 
|  11|0x0000000588800000, 0x0000000588800000, 0x0000000589000000|  0%| F|  |TAMS 0x0000000588800000, 0x0000000588800000| Untracked 
|  12|0x0000000589000000, 0x000000058941d130, 0x0000000589800000| 51%| S|CS|TAMS 0x0000000589000000, 0x0000000589000000| Complete 
|  13|0x0000000589800000, 0x0000000589800000, 0x000000058a000000|  0%| F|  |TAMS 0x0000000589800000, 0x0000000589800000| Untracked 
|  14|0x000000058a000000, 0x000000058a000000, 0x000000058a800000|  0%| F|  |TAMS 0x000000058a000000, 0x000000058a000000| Untracked 
|  15|0x000000058a800000, 0x000000058a800000, 0x000000058b000000|  0%| F|  |TAMS 0x000000058a800000, 0x000000058a800000| Untracked 
|  16|0x000000058b000000, 0x000000058b000000, 0x000000058b800000|  0%| F|  |TAMS 0x000000058b000000, 0x000000058b000000| Untracked 
|  17|0x000000058b800000, 0x000000058b800000, 0x000000058c000000|  0%| F|  |TAMS 0x000000058b800000, 0x000000058b800000| Untracked 
|  18|0x000000058c000000, 0x000000058c0eb510, 0x000000058c800000| 11%| E|  |TAMS 0x000000058c000000, 0x000000058c000000| Complete 
|  19|0x000000058c800000, 0x000000058d000000, 0x000000058d000000|100%| E|CS|TAMS 0x000000058c800000, 0x000000058c800000| Complete 
|  20|0x000000058d000000, 0x000000058d800000, 0x000000058d800000|100%| E|CS|TAMS 0x000000058d000000, 0x000000058d000000| Complete 
|  21|0x000000058d800000, 0x000000058e000000, 0x000000058e000000|100%| E|CS|TAMS 0x000000058d800000, 0x000000058d800000| Complete 
|  35|0x0000000594800000, 0x0000000595000000, 0x0000000595000000|100%| E|CS|TAMS 0x0000000594800000, 0x0000000594800000| Complete 
|  79|0x00000005aa800000, 0x00000005ab000000, 0x00000005ab000000|100%| E|CS|TAMS 0x00000005aa800000, 0x00000005aa800000| Complete 

Card table byte_map: [0x000002391d9f0000,0x000002391ede0000] _byte_map_base: 0x000002391add8000

Marking Bits (Prev, Next): (CMBitMap*) 0x0000023905aa43b0, (CMBitMap*) 0x0000023905aa43f0
 Prev Bits: [0x00000239201d0000, 0x000002392a110000)
 Next Bits: [0x000002392a110000, 0x0000023934050000)

Polling page: 0x00000239051b0000

Metaspace:

Usage:
  Non-class:     81.59 MB used.
      Class:     12.49 MB used.
       Both:     94.07 MB used.

Virtual space:
  Non-class space:      128.00 MB reserved,      82.00 MB ( 64%) committed,  2 nodes.
      Class space:        1.00 GB reserved,      12.88 MB (  1%) committed,  1 nodes.
             Both:        1.12 GB reserved,      94.88 MB (  8%) committed. 

Chunk freelists:
   Non-Class:  13.91 MB
       Class:  2.99 MB
        Both:  16.89 MB

MaxMetaspaceSize: unlimited
CompressedClassSpaceSize: 1.00 GB
Initial GC threshold: 21.00 MB
Current GC threshold: 132.94 MB
CDS: on
MetaspaceReclaimPolicy: balanced
 - commit_granule_bytes: 65536.
 - commit_granule_words: 8192.
 - virtual_space_node_default_size: 8388608.
 - enlarge_chunks_in_place: 1.
 - new_chunks_are_fully_committed: 0.
 - uncommit_free_chunks: 1.
 - use_allocation_guard: 0.
 - handle_deallocations: 1.


Internal statistics:

num_allocs_failed_limit: 12.
num_arena_births: 1162.
num_arena_deaths: 2.
num_vsnodes_births: 3.
num_vsnodes_deaths: 0.
num_space_committed: 1518.
num_space_uncommitted: 0.
num_chunks_returned_to_freelist: 15.
num_chunks_taken_from_freelist: 4701.
num_chunk_merges: 12.
num_chunk_splits: 3285.
num_chunks_enlarged: 2444.
num_inconsistent_stats: 0.

CodeHeap 'non-profiled nmethods': size=120000Kb used=8676Kb max_used=8676Kb free=111323Kb
 bounds [0x0000023914da0000, 0x0000023915620000, 0x000002391c2d0000]
CodeHeap 'profiled nmethods': size=120000Kb used=25350Kb max_used=25350Kb free=94649Kb
 bounds [0x000002390d2d0000, 0x000002390eba0000, 0x0000023914800000]
CodeHeap 'non-nmethods': size=5760Kb used=1421Kb max_used=1497Kb free=4338Kb
 bounds [0x0000023914800000, 0x0000023914a70000, 0x0000023914da0000]
 total_blobs=13026 nmethods=12279 adapters=658
 compilation: enabled
              stopped_count=0, restarted_count=0
 full_count=0

Compilation events (20 events):
Event: 15979.513 Thread 0x0000023934242460 nmethod 14116 0x000002390eb8a790 code [0x000002390eb8aa80, 0x000002390eb8ba48]
Event: 15979.513 Thread 0x0000023934242460 14117       3       javax.crypto.spec.IvParameterSpec::getIV (11 bytes)
Event: 15979.513 Thread 0x0000023934242460 nmethod 14117 0x000002390eb8be90 code [0x000002390eb8c040, 0x000002390eb8c308]
Event: 15979.513 Thread 0x0000023934242460 14118       3       javax.crypto.KeyGenerator::init (9 bytes)
Event: 15979.513 Thread 0x0000023934242460 nmethod 14118 0x000002390eb8c410 code [0x000002390eb8c5c0, 0x000002390eb8c738]
Event: 15979.513 Thread 0x0000023934242460 14119   !   3       javax.crypto.KeyGenerator::init (111 bytes)
Event: 15979.513 Thread 0x0000023934242460 nmethod 14119 0x000002390eb8c810 code [0x000002390eb8ca40, 0x000002390eb8d598]
Event: 15979.513 Thread 0x0000023934242460 14120   !   3       javax.crypto.KeyGenerator::generateKey (47 bytes)
Event: 15979.514 Thread 0x0000023934242460 nmethod 14120 0x000002390eb8d810 code [0x000002390eb8da00, 0x000002390eb8dee8]
Event: 15979.514 Thread 0x0000023934242460 14121       3       com.sun.crypto.provider.TlsPrfGenerator::doTLS12PRF (36 bytes)
Event: 15979.514 Thread 0x0000023934242460 nmethod 14121 0x000002390eb8e090 code [0x000002390eb8e260, 0x000002390eb8e4e8]
Event: 15994.112 Thread 0x00000239342300f0 14122       4       java.util.stream.Collectors::toCollection (22 bytes)
Event: 15994.114 Thread 0x00000239342300f0 nmethod 14122 0x0000023915618f10 code [0x00000239156190a0, 0x0000023915619178]
Event: 16006.916 Thread 0x0000023934242460 14123   !   3       java.util.concurrent.locks.AbstractQueuedSynchronizer::acquire (407 bytes)
Event: 16006.918 Thread 0x0000023934242460 nmethod 14123 0x000002390eb8e610 code [0x000002390eb8e9a0, 0x000002390eb903f8]
Event: 16012.217 Thread 0x00000239342300f0 14124       4       sun.security.ec.ECOperations::setSum (681 bytes)
Event: 16012.230 Thread 0x0000023934242460 14125       3       java.util.ArrayList$SubList::toArray (79 bytes)
Event: 16012.231 Thread 0x0000023934242460 nmethod 14125 0x000002390eb90d10 code [0x000002390eb90f00, 0x000002390eb91628]
Event: 16012.231 Thread 0x0000023934242460 14126       3       java.util.ArrayList$SubList::checkForComodification (23 bytes)
Event: 16012.232 Thread 0x0000023934242460 nmethod 14126 0x000002390eb91810 code [0x000002390eb919c0, 0x000002390eb91be8]

GC Heap History (20 events):
Event: 944.417 GC heap before
{Heap before GC invocations=19 (full 0):
 garbage-first heap   total 196608K, used 141171K [0x0000000583000000, 0x0000000800000000)
  region size 8192K, 12 young (98304K), 2 survivors (16384K)
 Metaspace       used 94072K, committed 94848K, reserved 1179648K
  class space    used 12769K, committed 13184K, reserved 1048576K
}
Event: 944.435 GC heap after
{Heap after GC invocations=20 (full 0):
 garbage-first heap   total 196608K, used 61820K [0x0000000583000000, 0x0000000800000000)
  region size 8192K, 2 young (16384K), 2 survivors (16384K)
 Metaspace       used 94072K, committed 94848K, reserved 1179648K
  class space    used 12769K, committed 13184K, reserved 1048576K
}
Event: 2351.155 GC heap before
{Heap before GC invocations=20 (full 0):
 garbage-first heap   total 196608K, used 135548K [0x0000000583000000, 0x0000000800000000)
  region size 8192K, 12 young (98304K), 2 survivors (16384K)
 Metaspace       used 94536K, committed 95360K, reserved 1179648K
  class space    used 12781K, committed 13184K, reserved 1048576K
}
Event: 2351.163 GC heap after
{Heap after GC invocations=21 (full 0):
 garbage-first heap   total 196608K, used 62955K [0x0000000583000000, 0x0000000800000000)
  region size 8192K, 1 young (8192K), 1 survivors (8192K)
 Metaspace       used 94536K, committed 95360K, reserved 1179648K
  class space    used 12781K, committed 13184K, reserved 1048576K
}
Event: 3795.240 GC heap before
{Heap before GC invocations=21 (full 0):
 garbage-first heap   total 196608K, used 144875K [0x0000000583000000, 0x0000000800000000)
  region size 8192K, 11 young (90112K), 1 survivors (8192K)
 Metaspace       used 94900K, committed 95680K, reserved 1179648K
  class space    used 12781K, committed 13184K, reserved 1048576K
}
Event: 3795.243 GC heap after
{Heap after GC invocations=22 (full 0):
 garbage-first heap   total 196608K, used 62866K [0x0000000583000000, 0x0000000800000000)
  region size 8192K, 1 young (8192K), 1 survivors (8192K)
 Metaspace       used 94900K, committed 95680K, reserved 1179648K
  class space    used 12781K, committed 13184K, reserved 1048576K
}
Event: 5304.512 GC heap before
{Heap before GC invocations=22 (full 0):
 garbage-first heap   total 196608K, used 144786K [0x0000000583000000, 0x0000000800000000)
  region size 8192K, 11 young (90112K), 1 survivors (8192K)
 Metaspace       used 95308K, committed 96128K, reserved 1179648K
  class space    used 12782K, committed 13184K, reserved 1048576K
}
Event: 5304.516 GC heap after
{Heap after GC invocations=23 (full 0):
 garbage-first heap   total 196608K, used 62288K [0x0000000583000000, 0x0000000800000000)
  region size 8192K, 1 young (8192K), 1 survivors (8192K)
 Metaspace       used 95308K, committed 96128K, reserved 1179648K
  class space    used 12782K, committed 13184K, reserved 1048576K
}
Event: 6761.765 GC heap before
{Heap before GC invocations=23 (full 0):
 garbage-first heap   total 196608K, used 144208K [0x0000000583000000, 0x0000000800000000)
  region size 8192K, 11 young (90112K), 1 survivors (8192K)
 Metaspace       used 95593K, committed 96384K, reserved 1179648K
  class space    used 12783K, committed 13184K, reserved 1048576K
}
Event: 6761.769 GC heap after
{Heap after GC invocations=24 (full 0):
 garbage-first heap   total 196608K, used 62851K [0x0000000583000000, 0x0000000800000000)
  region size 8192K, 1 young (8192K), 1 survivors (8192K)
 Metaspace       used 95593K, committed 96384K, reserved 1179648K
  class space    used 12783K, committed 13184K, reserved 1048576K
}
Event: 8247.128 GC heap before
{Heap before GC invocations=24 (full 0):
 garbage-first heap   total 196608K, used 144771K [0x0000000583000000, 0x0000000800000000)
  region size 8192K, 11 young (90112K), 1 survivors (8192K)
 Metaspace       used 95829K, committed 96576K, reserved 1179648K
  class space    used 12783K, committed 13184K, reserved 1048576K
}
Event: 8247.135 GC heap after
{Heap after GC invocations=25 (full 0):
 garbage-first heap   total 196608K, used 63108K [0x0000000583000000, 0x0000000800000000)
  region size 8192K, 1 young (8192K), 1 survivors (8192K)
 Metaspace       used 95829K, committed 96576K, reserved 1179648K
  class space    used 12783K, committed 13184K, reserved 1048576K
}
Event: 9693.860 GC heap before
{Heap before GC invocations=25 (full 0):
 garbage-first heap   total 196608K, used 145028K [0x0000000583000000, 0x0000000800000000)
  region size 8192K, 11 young (90112K), 1 survivors (8192K)
 Metaspace       used 95919K, committed 96704K, reserved 1179648K
  class space    used 12783K, committed 13184K, reserved 1048576K
}
Event: 9693.868 GC heap after
{Heap after GC invocations=26 (full 0):
 garbage-first heap   total 196608K, used 63059K [0x0000000583000000, 0x0000000800000000)
  region size 8192K, 1 young (8192K), 1 survivors (8192K)
 Metaspace       used 95919K, committed 96704K, reserved 1179648K
  class space    used 12783K, committed 13184K, reserved 1048576K
}
Event: 11163.313 GC heap before
{Heap before GC invocations=26 (full 0):
 garbage-first heap   total 196608K, used 144979K [0x0000000583000000, 0x0000000800000000)
  region size 8192K, 11 young (90112K), 1 survivors (8192K)
 Metaspace       used 96032K, committed 96832K, reserved 1179648K
  class space    used 12783K, committed 13184K, reserved 1048576K
}
Event: 11163.324 GC heap after
{Heap after GC invocations=27 (full 0):
 garbage-first heap   total 196608K, used 63002K [0x0000000583000000, 0x0000000800000000)
  region size 8192K, 1 young (8192K), 1 survivors (8192K)
 Metaspace       used 96032K, committed 96832K, reserved 1179648K
  class space    used 12783K, committed 13184K, reserved 1048576K
}
Event: 12780.303 GC heap before
{Heap before GC invocations=27 (full 0):
 garbage-first heap   total 196608K, used 153114K [0x0000000583000000, 0x0000000800000000)
  region size 8192K, 12 young (98304K), 1 survivors (8192K)
 Metaspace       used 96167K, committed 96960K, reserved 1179648K
  class space    used 12783K, committed 13184K, reserved 1048576K
}
Event: 12780.311 GC heap after
{Heap after GC invocations=28 (full 0):
 garbage-first heap   total 196608K, used 63009K [0x0000000583000000, 0x0000000800000000)
  region size 8192K, 1 young (8192K), 1 survivors (8192K)
 Metaspace       used 96167K, committed 96960K, reserved 1179648K
  class space    used 12783K, committed 13184K, reserved 1048576K
}
Event: 14439.126 GC heap before
{Heap before GC invocations=28 (full 0):
 garbage-first heap   total 196608K, used 153121K [0x0000000583000000, 0x0000000800000000)
  region size 8192K, 12 young (98304K), 1 survivors (8192K)
 Metaspace       used 96217K, committed 97024K, reserved 1179648K
  class space    used 12784K, committed 13184K, reserved 1048576K
}
Event: 14439.138 GC heap after
{Heap after GC invocations=29 (full 0):
 garbage-first heap   total 196608K, used 62744K [0x0000000583000000, 0x0000000800000000)
  region size 8192K, 1 young (8192K), 1 survivors (8192K)
 Metaspace       used 96217K, committed 97024K, reserved 1179648K
  class space    used 12784K, committed 13184K, reserved 1048576K
}

Deoptimization events (20 events):
Event: 15144.742 Thread 0x000002397edffa50 DEOPT PACKING pc=0x000002391543b93c sp=0x000000ce022fed70
Event: 15144.742 Thread 0x000002397edffa50 DEOPT UNPACKING pc=0x0000023914855ba3 sp=0x000000ce022fed58 mode 2
Event: 15144.744 Thread 0x000002397edffa50 Uncommon trap: trap_request=0xffffffde fr.pc=0x000002391543b93c relative=0x0000000000001cdc
Event: 15144.744 Thread 0x000002397edffa50 Uncommon trap: reason=class_check action=maybe_recompile pc=0x000002391543b93c method=java.io.BufferedOutputStream.flushBuffer()V @ 20 c2
Event: 15144.744 Thread 0x000002397edffa50 DEOPT PACKING pc=0x000002391543b93c sp=0x000000ce022fed70
Event: 15144.744 Thread 0x000002397edffa50 DEOPT UNPACKING pc=0x0000023914855ba3 sp=0x000000ce022fed58 mode 2
Event: 15144.744 Thread 0x000002397edffa50 Uncommon trap: trap_request=0xffffffde fr.pc=0x000002391543b93c relative=0x0000000000001cdc
Event: 15144.744 Thread 0x000002397edffa50 Uncommon trap: reason=class_check action=maybe_recompile pc=0x000002391543b93c method=java.io.BufferedOutputStream.flushBuffer()V @ 20 c2
Event: 15144.744 Thread 0x000002397edffa50 DEOPT PACKING pc=0x000002391543b93c sp=0x000000ce022fed70
Event: 15144.744 Thread 0x000002397edffa50 DEOPT UNPACKING pc=0x0000023914855ba3 sp=0x000000ce022fed58 mode 2
Event: 15304.589 Thread 0x000002397d9736d0 Uncommon trap: trap_request=0xffffff45 fr.pc=0x00000239154de4dc relative=0x00000000000005bc
Event: 15304.589 Thread 0x000002397d9736d0 Uncommon trap: reason=unstable_if action=reinterpret pc=0x00000239154de4dc method=java.util.concurrent.FutureTask.runAndReset()Z @ 116 c2
Event: 15304.589 Thread 0x000002397d9736d0 DEOPT PACKING pc=0x00000239154de4dc sp=0x000000ce019ff230
Event: 15304.590 Thread 0x000002397d9736d0 DEOPT UNPACKING pc=0x0000023914855ba3 sp=0x000000ce019ff188 mode 2
Event: 15965.773 Thread 0x000002398062e6e0 DEOPT PACKING pc=0x000002390ddcfdbc sp=0x000000ce01afd930
Event: 15965.773 Thread 0x000002398062e6e0 DEOPT UNPACKING pc=0x00000239148566e3 sp=0x000000ce01afcdb0 mode 0
Event: 15974.759 Thread 0x0000023980631700 Uncommon trap: trap_request=0xffffff45 fr.pc=0x0000023915577870 relative=0x0000000000001270
Event: 15974.759 Thread 0x0000023980631700 Uncommon trap: reason=unstable_if action=reinterpret pc=0x0000023915577870 method=java.util.concurrent.locks.AbstractQueuedSynchronizer.acquire(Ljava/util/concurrent/locks/AbstractQueuedSynchronizer$Node;IZZZJ)I @ 386 c2
Event: 15974.759 Thread 0x0000023980631700 DEOPT PACKING pc=0x0000023915577870 sp=0x000000ce026feec0
Event: 15974.759 Thread 0x0000023980631700 DEOPT UNPACKING pc=0x0000023914855ba3 sp=0x000000ce026fee60 mode 2

Classes unloaded (1 events):
Event: 17.442 Thread 0x000002393420bed0 Unloading class 0x0000023938a4d400 'jdk/internal/reflect/GeneratedSerializationConstructorAccessor26'

Classes redefined (0 events):
No events

Internal exceptions (20 events):
Event: 646.353 Thread 0x000002397ee01260 Exception <a 'java/lang/NoSuchMethodError'{0x000000058b4e0228}: 'java.lang.Object java.lang.invoke.DirectMethodHandle$Holder.invokeSpecial(java.lang.Object, java.lang.Object, java.lang.Object, java.lang.Object, long)'> (0x000000058b4e0228) 
thrown [s\open\src\hotspot\share\interpreter\linkResolver.cpp, line 759]
Event: 646.355 Thread 0x000002397ee01260 Exception <a 'java/lang/NoSuchMethodError'{0x000000058b4e4110}: 'java.lang.Object java.lang.invoke.Invokers$Holder.linkToTargetMethod(java.lang.Object, java.lang.Object, long, java.lang.Object)'> (0x000000058b4e4110) 
thrown [s\open\src\hotspot\share\interpreter\linkResolver.cpp, line 759]
Event: 1765.752 Thread 0x000002398062fef0 Exception <a 'java/lang/reflect/InvocationTargetException'{0x000000058c51df38}> (0x000000058c51df38) 
thrown [s\open\src\hotspot\share\runtime\reflection.cpp, line 1121]
Event: 1768.995 Thread 0x000002398062fef0 Exception <a 'java/lang/reflect/InvocationTargetException'{0x000000058c5710e8}> (0x000000058c5710e8) 
thrown [s\open\src\hotspot\share\runtime\reflection.cpp, line 1121]
Event: 1772.342 Thread 0x000002398062fef0 Exception <a 'java/lang/reflect/InvocationTargetException'{0x000000058c5c46e0}> (0x000000058c5c46e0) 
thrown [s\open\src\hotspot\share\runtime\reflection.cpp, line 1121]
Event: 1776.429 Thread 0x000002398062fef0 Exception <a 'java/lang/reflect/InvocationTargetException'{0x000000058c676990}> (0x000000058c676990) 
thrown [s\open\src\hotspot\share\runtime\reflection.cpp, line 1121]
Event: 1778.470 Thread 0x000002398062fef0 Exception <a 'java/lang/reflect/InvocationTargetException'{0x000000058c6e4328}> (0x000000058c6e4328) 
thrown [s\open\src\hotspot\share\runtime\reflection.cpp, line 1121]
Event: 1780.926 Thread 0x000002398062fef0 Exception <a 'java/lang/reflect/InvocationTargetException'{0x000000058c79b0d8}> (0x000000058c79b0d8) 
thrown [s\open\src\hotspot\share\runtime\reflection.cpp, line 1121]
Event: 1819.216 Thread 0x000002397edff0b0 Exception <a 'java/lang/NoSuchMethodError'{0x000000058bb63cd0}: 'void java.lang.invoke.DirectMethodHandle$Holder.invokeStatic(java.lang.Object, long, java.lang.Object)'> (0x000000058bb63cd0) 
thrown [s\open\src\hotspot\share\interpreter\linkResolver.cpp, line 759]
Event: 1819.216 Thread 0x000002397edff0b0 Exception <a 'java/lang/NoSuchMethodError'{0x000000058bb69a10}: 'java.lang.Object java.lang.invoke.DirectMethodHandle$Holder.newInvokeSpecial(java.lang.Object, long)'> (0x000000058bb69a10) 
thrown [s\open\src\hotspot\share\interpreter\linkResolver.cpp, line 759]
Event: 5396.907 Thread 0x000002397edfca30 Implicit null exception at 0x000002391551eb9b to 0x000002391551ee34
Event: 5397.908 Thread 0x000002397edfca30 Implicit null exception at 0x000002391551eb9b to 0x000002391551ee34
Event: 5398.919 Thread 0x000002397edfc090 Implicit null exception at 0x000002391551eb9b to 0x000002391551ee34
Event: 5399.917 Thread 0x000002397edfca30 Implicit null exception at 0x000002391551eb9b to 0x000002391551ee34
Event: 9328.070 Thread 0x000002398062dd40 Exception <a 'java/net/SocketException'{0x000000058b564720}: Connection reset by peer: shutdown> (0x000000058b564720) 
thrown [s\open\src\hotspot\share\prims\jni.cpp, line 535]
Event: 10138.914 Thread 0x000002398062c060 Exception <a 'java/net/SocketException'{0x000000058de50348}: Connection reset by peer: shutdown> (0x000000058de50348) 
thrown [s\open\src\hotspot\share\prims\jni.cpp, line 535]
Event: 12619.287 Thread 0x000002397edff0b0 Exception <a 'java/net/SocketException'{0x000000058a738260}: Connection reset by peer: shutdown> (0x000000058a738260) 
thrown [s\open\src\hotspot\share\prims\jni.cpp, line 535]
Event: 14943.507 Thread 0x000002397d974070 Exception <a 'sun/net/ConnectionResetException'{0x000000058d156650}: Connection reset> (0x000000058d156650) 
thrown [s\open\src\hotspot\share\prims\jni.cpp, line 535]
Event: 15003.170 Thread 0x000002398062c060 Exception <a 'java/net/SocketException'{0x000000058d2f4a38}: Connection reset by peer: shutdown> (0x000000058d2f4a38) 
thrown [s\open\src\hotspot\share\prims\jni.cpp, line 535]
Event: 15453.593 Thread 0x000002398062c060 Exception <a 'java/net/SocketException'{0x000000058cb1b9f0}: Connection reset by peer: shutdown> (0x000000058cb1b9f0) 
thrown [s\open\src\hotspot\share\prims\jni.cpp, line 535]

VM Operations (20 events):
Event: 15093.404 Executing VM operation: Cleanup
Event: 15093.404 Executing VM operation: Cleanup done
Event: 15093.722 Executing VM operation: HandshakeAllThreads
Event: 15093.722 Executing VM operation: HandshakeAllThreads done
Event: 15145.174 Executing VM operation: Cleanup
Event: 15145.174 Executing VM operation: Cleanup done
Event: 15153.763 Executing VM operation: HandshakeAllThreads
Event: 15153.763 Executing VM operation: HandshakeAllThreads done
Event: 15393.872 Executing VM operation: Cleanup
Event: 15393.872 Executing VM operation: Cleanup done
Event: 15574.605 Executing VM operation: Cleanup
Event: 15574.605 Executing VM operation: Cleanup done
Event: 15844.179 Executing VM operation: Cleanup
Event: 15844.179 Executing VM operation: Cleanup done
Event: 15964.250 Executing VM operation: Cleanup
Event: 15964.250 Executing VM operation: Cleanup done
Event: 15979.399 Executing VM operation: Cleanup
Event: 15979.399 Executing VM operation: Cleanup done
Event: 16012.674 Executing VM operation: Cleanup
Event: 16012.675 Executing VM operation: Cleanup done

Events (20 events):
Event: 15061.634 loading class java/rmi/server/UnicastRemoteObject done
Event: 15061.644 Thread 0x000002397d974540 Thread exited: 0x000002397d974540
Event: 15144.740 loading class java/lang/Throwable$WrappedPrintStream
Event: 15144.741 loading class java/lang/Throwable$WrappedPrintStream done
Event: 15144.747 Thread 0x000002397edffa50 Thread exited: 0x000002397edffa50
Event: 15964.002 Thread 0x0000023980631bd0 Thread added: 0x0000023980631bd0
Event: 15964.002 Thread 0x000002398062e6e0 Thread added: 0x000002398062e6e0
Event: 15970.654 Thread 0x0000023980631bd0 Thread exited: 0x0000023980631bd0
Event: 15970.827 Thread 0x000002398062e6e0 Thread exited: 0x000002398062e6e0
Event: 15974.757 Thread 0x000002398062e6e0 Thread added: 0x000002398062e6e0
Event: 15974.757 Thread 0x0000023980631bd0 Thread added: 0x0000023980631bd0
Event: 15974.760 Thread 0x0000023980631700 Thread exited: 0x0000023980631700
Event: 15979.793 Thread 0x0000023980632a40 Thread added: 0x0000023980632a40
Event: 15984.361 Thread 0x000002398062e6e0 Thread exited: 0x000002398062e6e0
Event: 15984.552 Thread 0x0000023980631bd0 Thread exited: 0x0000023980631bd0
Event: 16011.150 Thread 0x000002398062e6e0 Thread added: 0x000002398062e6e0
Event: 16011.151 Thread 0x0000023980632f10 Thread added: 0x0000023980632f10
Event: 16011.151 Thread 0x0000023980632a40 Thread exited: 0x0000023980632a40
Event: 16016.152 Thread 0x000002398062e6e0 Thread exited: 0x000002398062e6e0
Event: 16017.291 Thread 0x0000023980632f10 Thread exited: 0x0000023980632f10


Dynamic libraries:
0x00007ff6b88b0000 - 0x00007ff6b88c0000 	C:\Program Files\Java\jdk-17\bin\java.exe
0x00007ffdfcea0000 - 0x00007ffdfd107000 	C:\Windows\SYSTEM32\ntdll.dll
0x00007ffdfb790000 - 0x00007ffdfb859000 	C:\Windows\System32\KERNEL32.DLL
0x00007ffdfa330000 - 0x00007ffdfa720000 	C:\Windows\System32\KERNELBASE.dll
0x00007ffdfa140000 - 0x00007ffdfa28b000 	C:\Windows\System32\ucrtbase.dll
0x00007ffdc9d00000 - 0x00007ffdc9d19000 	C:\Program Files\Java\jdk-17\bin\jli.dll
0x00007ffdfbe90000 - 0x00007ffdfbf44000 	C:\Windows\System32\ADVAPI32.dll
0x00007ffdfb6a0000 - 0x00007ffdfb749000 	C:\Windows\System32\msvcrt.dll
0x00007ffdfbf50000 - 0x00007ffdfbff6000 	C:\Windows\System32\sechost.dll
0x00007ffdfbd70000 - 0x00007ffdfbe88000 	C:\Windows\System32\RPCRT4.dll
0x00007ffdfc080000 - 0x00007ffdfc245000 	C:\Windows\System32\USER32.dll
0x00007ffdfa730000 - 0x00007ffdfa757000 	C:\Windows\System32\win32u.dll
0x00007ffdfc250000 - 0x00007ffdfc27b000 	C:\Windows\System32\GDI32.dll
0x00007ffdfa970000 - 0x00007ffdfaaa8000 	C:\Windows\System32\gdi32full.dll
0x00007ffdf9fd0000 - 0x00007ffdfa073000 	C:\Windows\System32\msvcp_win.dll
0x00007ffdc7010000 - 0x00007ffdc702b000 	C:\Program Files\Java\jdk-17\bin\VCRUNTIME140.dll
0x00007ffdde2f0000 - 0x00007ffdde58a000 	C:\Windows\WinSxS\amd64_microsoft.windows.common-controls_6595b64144ccf1df_6.0.26100.4768_none_3e0c112ce331287c\COMCTL32.dll
0x00007ffde5090000 - 0x00007ffde509b000 	C:\Windows\SYSTEM32\VERSION.dll
0x00007ffdfb750000 - 0x00007ffdfb77f000 	C:\Windows\System32\IMM32.DLL
0x00007ffdd0ab0000 - 0x00007ffdd0abc000 	C:\Program Files\Java\jdk-17\bin\vcruntime140_1.dll
0x00007ffdae7e0000 - 0x00007ffdae86e000 	C:\Program Files\Java\jdk-17\bin\msvcp140.dll
0x00007ffd5dd60000 - 0x00007ffd5e941000 	C:\Program Files\Java\jdk-17\bin\server\jvm.dll
0x00007ffdfb860000 - 0x00007ffdfb868000 	C:\Windows\System32\PSAPI.DLL
0x00007ffde1410000 - 0x00007ffde141a000 	C:\Windows\SYSTEM32\WSOCK32.dll
0x00007ffdfb000000 - 0x00007ffdfb074000 	C:\Windows\System32\WS2_32.dll
0x00007ffde33c0000 - 0x00007ffde33f5000 	C:\Windows\SYSTEM32\WINMM.dll
0x00007ffdf8d10000 - 0x00007ffdf8d2b000 	C:\Windows\SYSTEM32\kernel.appcore.dll
0x00007ffdd0a60000 - 0x00007ffdd0a6a000 	C:\Program Files\Java\jdk-17\bin\jimage.dll
0x00007ffdf7800000 - 0x00007ffdf7a41000 	C:\Windows\SYSTEM32\DBGHELP.DLL
0x00007ffdfb310000 - 0x00007ffdfb695000 	C:\Windows\System32\combase.dll
0x00007ffdfb8f0000 - 0x00007ffdfb9d0000 	C:\Windows\System32\OLEAUT32.dll
0x00007ffdbfe20000 - 0x00007ffdbfe63000 	C:\Windows\SYSTEM32\dbgcore.DLL
0x00007ffdfa290000 - 0x00007ffdfa329000 	C:\Windows\System32\bcryptPrimitives.dll
0x00007ffdc59b0000 - 0x00007ffdc59d5000 	C:\Program Files\Java\jdk-17\bin\java.dll
0x00007ffd78310000 - 0x00007ffd783e7000 	C:\Program Files\Java\jdk-17\bin\jsvml.dll
0x00007ffdfc280000 - 0x00007ffdfc9cd000 	C:\Windows\System32\SHELL32.dll
0x00007ffdfa760000 - 0x00007ffdfa8d3000 	C:\Windows\System32\wintypes.dll
0x00007ffdf7b70000 - 0x00007ffdf83d0000 	C:\Windows\SYSTEM32\windows.storage.dll
0x00007ffdfb210000 - 0x00007ffdfb305000 	C:\Windows\System32\SHCORE.dll
0x00007ffdfc000000 - 0x00007ffdfc06a000 	C:\Windows\System32\shlwapi.dll
0x00007ffdf9ef0000 - 0x00007ffdf9f19000 	C:\Windows\SYSTEM32\profapi.dll
0x00007ffdc6fa0000 - 0x00007ffdc6fb9000 	C:\Program Files\Java\jdk-17\bin\net.dll
0x00007ffde90b0000 - 0x00007ffde91ce000 	C:\Windows\SYSTEM32\WINHTTP.dll
0x00007ffdf9280000 - 0x00007ffdf92eb000 	C:\Windows\system32\mswsock.dll
0x00007ffdc6960000 - 0x00007ffdc6976000 	C:\Program Files\Java\jdk-17\bin\nio.dll
0x00007ffdc5750000 - 0x00007ffdc5768000 	C:\Program Files\Java\jdk-17\bin\zip.dll
0x00007ffdc9cf0000 - 0x00007ffdc9cfa000 	C:\Program Files\Java\jdk-17\bin\management.dll
0x00007ffdc70e0000 - 0x00007ffdc70eb000 	C:\Program Files\Java\jdk-17\bin\management_ext.dll
0x00007ffdac750000 - 0x00007ffdac768000 	C:\Windows\system32\napinsp.dll
0x00007ffdaf480000 - 0x00007ffdaf4a0000 	C:\Windows\system32\wshbth.dll
0x00007ffdac510000 - 0x00007ffdac540000 	C:\Windows\system32\nlansp_c.dll
0x00007ffdf87f0000 - 0x00007ffdf8916000 	C:\Windows\SYSTEM32\DNSAPI.dll
0x00007ffdf8750000 - 0x00007ffdf8783000 	C:\Windows\SYSTEM32\IPHLPAPI.DLL
0x00007ffdfc070000 - 0x00007ffdfc07a000 	C:\Windows\System32\NSI.dll
0x00007ffdac460000 - 0x00007ffdac472000 	C:\Windows\System32\winrnr.dll
0x00007ffde8c70000 - 0x00007ffde8c7b000 	C:\Windows\System32\rasadhlp.dll
0x00007ffdf0160000 - 0x00007ffdf01e6000 	C:\Windows\System32\fwpuclnt.dll
0x00007ffdf9660000 - 0x00007ffdf967b000 	C:\Windows\SYSTEM32\CRYPTSP.dll
0x00007ffdf8c70000 - 0x00007ffdf8cab000 	C:\Windows\system32\rsaenh.dll
0x00007ffdf9320000 - 0x00007ffdf934b000 	C:\Windows\SYSTEM32\USERENV.dll
0x00007ffdf9ec0000 - 0x00007ffdf9ee6000 	C:\Windows\SYSTEM32\bcrypt.dll
0x00007ffdf94c0000 - 0x00007ffdf94cc000 	C:\Windows\SYSTEM32\CRYPTBASE.dll
0x00007ffdee260000 - 0x00007ffdee27f000 	C:\Windows\SYSTEM32\dhcpcsvc6.DLL
0x00007ffdee210000 - 0x00007ffdee235000 	C:\Windows\SYSTEM32\dhcpcsvc.DLL
0x00007ffdc5e00000 - 0x00007ffdc5e0e000 	C:\Program Files\Java\jdk-17\bin\sunmscapi.dll
0x00007ffdfaab0000 - 0x00007ffdfac27000 	C:\Windows\System32\CRYPT32.dll
0x00007ffdf97c0000 - 0x00007ffdf97f0000 	C:\Windows\SYSTEM32\ncrypt.dll
0x00007ffdf9770000 - 0x00007ffdf97af000 	C:\Windows\SYSTEM32\NTASN1.dll
0x00007ffdc56b0000 - 0x00007ffdc56c0000 	C:\Program Files\Java\jdk-17\bin\verify.dll
0x00007ffd687e0000 - 0x00007ffd687e8000 	C:\Windows\system32\wshunix.dll

dbghelp: loaded successfully - version: 4.0.5 - missing functions: none
symbol engine: initialized successfully - sym options: 0x614 - pdb path: .;C:\Program Files\Java\jdk-17\bin;C:\Windows\SYSTEM32;C:\Windows\WinSxS\amd64_microsoft.windows.common-controls_6595b64144ccf1df_6.0.26100.4768_none_3e0c112ce331287c;C:\Program Files\Java\jdk-17\bin\server

VM Arguments:
jvm_args: -XX:+ShowCodeDetailsInExceptionMessages -Dspring.jmx.enabled=true -Dmanagement.endpoints.jmx.exposure.include=* -Dspring.application.admin.enabled=true -Dspring.boot.project.name=com.manamer.sellout.business-sellout -Djava.rmi.server.hostname=localhost -Dcom.sun.management.jmxremote.port=45559 -Dcom.sun.management.jmxremote.authenticate=false -Dcom.sun.management.jmxremote.ssl=false 
java_command: com.manamer.backend.business.sellout.SelloutApplication
java_class_path (initial): C:\Users\Fernanda Jama\OneDrive - Manamer\Documentos\PROYECTOS 2025-2026\sellout1\backend\business\sellout\target\classes;C:\Users\Fernanda Jama\.m2\repository\org\springframework\boot\spring-boot-starter\3.2.4\spring-boot-starter-3.2.4.jar;C:\Users\Fernanda Jama\.m2\repository\org\springframework\boot\spring-boot\3.2.4\spring-boot-3.2.4.jar;C:\Users\Fernanda Jama\.m2\repository\org\springframework\boot\spring-boot-autoconfigure\3.2.4\spring-boot-autoconfigure-3.2.4.jar;C:\Users\Fernanda Jama\.m2\repository\org\springframework\boot\spring-boot-starter-logging\3.2.4\spring-boot-starter-logging-3.2.4.jar;C:\Users\Fernanda Jama\.m2\repository\ch\qos\logback\logback-classic\1.4.14\logback-classic-1.4.14.jar;C:\Users\Fernanda Jama\.m2\repository\ch\qos\logback\logback-core\1.4.14\logback-core-1.4.14.jar;C:\Users\Fernanda Jama\.m2\repository\org\apache\logging\log4j\log4j-to-slf4j\2.23.1\log4j-to-slf4j-2.23.1.jar;C:\Users\Fernanda Jama\.m2\repository\org\slf4j\jul-to-slf4j\2.0.12\jul-to-slf4j-2.0.12.jar;C:\Users\Fernanda Jama\.m2\repository\jakarta\annotation\jakarta.annotation-api\2.1.1\jakarta.annotation-api-2.1.1.jar;C:\Users\Fernanda Jama\.m2\repository\org\springframework\spring-core\6.1.11\spring-core-6.1.11.jar;C:\Users\Fernanda Jama\.m2\repository\org\springframework\spring-jcl\6.1.11\spring-jcl-6.1.11.jar;C:\Users\Fernanda Jama\.m2\repository\org\yaml\snakeyaml\2.2\snakeyaml-2.2.jar;C:\Users\Fernanda Jama\.m2\repository\com\microsoft\sqlserver\mssql-jdbc\12.4.2.jre11\mssql-jdbc-12.4.2.jre11.jar;C:\Users\Fernanda Jama\.m2\repository\org\projectlombok\lombok\1.18.28\lombok-1.18.28.jar;C:\Users\Fernanda Jama\.m2\repository\org\springframework\boot\spring-boot-starter-data-jpa\3.2.4\spring-boot-starter-data-jpa-3.2.4.jar;C:\Users\Fernanda Jama\.m2\repository\org\springframework\boot\spring-boot-starter-aop\3.2.4\spring-boot-starter-aop-3.2.4.jar;C:\Users\Fernanda Jama\.m2\repository\org\aspectj\aspectjweaver\1.9.21\aspectjweaver-1.9.21.ja
Launcher Type: SUN_STANDARD

[Global flags]
     intx CICompilerCount                          = 4                                         {product} {ergonomic}
     uint ConcGCThreads                            = 2                                         {product} {ergonomic}
     uint G1ConcRefinementThreads                  = 8                                         {product} {ergonomic}
   size_t G1HeapRegionSize                         = 8388608                                   {product} {ergonomic}
    uintx GCDrainStackTargetSize                   = 64                                        {product} {ergonomic}
   size_t InitialHeapSize                          = 671088640                                 {product} {ergonomic}
     bool ManagementServer                         = true                                      {product} {command line}
   size_t MarkStackSize                            = 4194304                                   {product} {ergonomic}
   size_t MaxHeapSize                              = 10687086592                               {product} {ergonomic}
   size_t MaxNewSize                               = 6408896512                                {product} {ergonomic}
   size_t MinHeapDeltaBytes                        = 8388608                                   {product} {ergonomic}
   size_t MinHeapSize                              = 8388608                                   {product} {ergonomic}
    uintx NonNMethodCodeHeapSize                   = 5839372                                {pd product} {ergonomic}
    uintx NonProfiledCodeHeapSize                  = 122909434                              {pd product} {ergonomic}
    uintx ProfiledCodeHeapSize                     = 122909434                              {pd product} {ergonomic}
    uintx ReservedCodeCacheSize                    = 251658240                              {pd product} {ergonomic}
     bool SegmentedCodeCache                       = true                                      {product} {ergonomic}
     bool ShowCodeDetailsInExceptionMessages       = true                                   {manageable} {command line}
   size_t SoftMaxHeapSize                          = 10687086592                            {manageable} {ergonomic}
     bool UseCompressedClassPointers               = true                           {product lp64_product} {ergonomic}
     bool UseCompressedOops                        = true                           {product lp64_product} {ergonomic}
     bool UseG1GC                                  = true                                      {product} {ergonomic}
     bool UseLargePagesIndividualAllocation        = false                                  {pd product} {ergonomic}

Logging:
Log output configuration:
 #0: stdout all=warning uptime,level,tags
 #1: stderr all=off uptime,level,tags

Environment Variables:
JAVA_HOME=C:\\Program Files\\Java\\jdk-17
CLASSPATH=C:\Program Files\SAP\SAP Business One DI API\JCO\LIB\sbowrapper.jar;C:\Program Files\SAP\SAP Business One DI API\JCO\LIB\sboapi.jar
PATH=C:\\Program Files\\Java\\jdk-17\\bin;C:\\Users\\Fernanda Jama\\.trae\\tools\\maven\\latest\\bin;C:\\Users\\Fernanda Jama\\.trae\\tools\\gradle\\latest\\bin;C:\Program Files\Java\jdk-17\bin;C:\Users\Fernanda Jama\.trae\tools\maven\latest\bin;C:\Users\Fernanda Jama\.trae\tools\gradle\latest\bin;C:\Python313\Scripts\;C:\Python313\;C:\Program Files\Microsoft MPI\Bin\;C:\Program Files\Common Files\Oracle\Java\javapath;C:\Windows\system32;C:\Windows;C:\Windows\System32\Wbem;C:\Windows\System32\WindowsPowerShell\v1.0\;C:\Windows\System32\OpenSSH\;C:\Program Files\Microsoft SQL Server\Client SDK\ODBC\170\Tools\Binn\;C:\Program Files (x86)\Microsoft SQL Server\150\Tools\Binn\;C:\Program Files\Microsoft SQL Server\150\Tools\Binn\;C:\Program Files\Microsoft SQL Server\150\DTS\Binn\;C:\Program Files (x86)\Microsoft SQL Server\160\DTS\Binn\;C:\Program Files\nodejs\;C:\ProgramData\chocolatey\bin;C:\Program Files\SAP\SAP Business One DI API\JCO\LIB\;C:\Program Files\SAP\SAP Business One DI API\DI API 90;C:\Program Files\SAP\SAP Business One\;C:\Program Files\apache-maven-3.8.8-bin\apache-maven-3.8.8\bin;C:\Program Files\Git\cmd;C:\Users\Fernanda Jama\AppData\Local\Microsoft\WindowsApps;C:\Users\Fernanda Jama\AppData\Local\GitHubDesktop\bin;C:\Users\Fernanda Jama\AppData\Local\Programs\Microsoft VS Code\bin;C:\Users\Fernanda Jama\AppData\Roaming\npm
USERNAME=Fernanda Jama
LANG=en_US.UTF-8
OS=Windows_NT
PROCESSOR_IDENTIFIER=Intel64 Family 6 Model 140 Stepping 1, GenuineIntel



---------------  S Y S T E M  ---------------

OS:
 Windows 11 , 64 bit Build 26100 (10.0.26100.4768)
OS uptime: 0 days 20:33 hours
Hyper-V role detected

CPU: total 8 (initial active 8) (4 cores per cpu, 2 threads per core) family 6 model 140 stepping 1 microcode 0xb8, cx8, cmov, fxsr, ht, mmx, 3dnowpref, sse, sse2, sse3, ssse3, sse4.1, sse4.2, popcnt, lzcnt, tsc, tscinvbit, avx, avx2, aes, erms, clmul, bmi1, bmi2, adx, avx512f, avx512dq, avx512cd, avx512bw, avx512vl, sha, fma, vzeroupper, avx512_vpopcntdq, avx512_vpclmulqdq, avx512_vaes, avx512_vnni, clflush, clflushopt, clwb, avx512_vbmi2, avx512_vbmi, hv

Memory: 4k page, system-wide physical 40743M (2693M free)
TotalPageFile size 101623M (AvailPageFile size 2M)
current process WorkingSet (physical memory assigned to process): 244M, peak: 463M
current process commit charge ("private bytes"): 489M, peak: 810M

vm_info: Java HotSpot(TM) 64-Bit Server VM (17.0.15+9-LTS-241) for windows-amd64 JRE (17.0.15+9-LTS-241), built on Feb 20 2025 10:49:54 by "mach5one" with MS VC++ 17.6 (VS2022)

END.
