#
# There is insufficient memory for the Java Runtime Environment to continue.
# Native memory allocation (malloc) failed to allocate 1239856 bytes. Error detail: Chunk::new
# Possible reasons:
#   The system is out of physical RAM or swap space
#   This process is running with CompressedOops enabled, and the Java Heap may be blocking the growth of the native heap
# Possible solutions:
#   Reduce memory load on the system
#   Increase physical memory or swap space
#   Check if swap backing store is full
#   Decrease Java heap size (-Xmx/-Xms)
#   Decrease number of Java threads
#   Decrease Java thread stack sizes (-Xss)
#   Set larger code cache with -XX:ReservedCodeCacheSize=
#   JVM is running with Unscaled Compressed Oops mode in which the Java heap is
#     placed in the first 4GB address space. The Java Heap base address is the
#     maximum limit for the native heap growth. Please use -XX:HeapBaseMinAddress
#     to set the Java Heap base and to place the Java Heap above 4GB virtual address.
# This output file may be truncated or incomplete.
#
#  Out of Memory Error (arena.cpp:168), pid=14060, tid=17216
#
# JRE version: OpenJDK Runtime Environment Temurin-21.0.6+7 (21.0.6+7) (build 21.0.6+7-LTS)
# Java VM: OpenJDK 64-Bit Server VM Temurin-21.0.6+7 (21.0.6+7-LTS, mixed mode, sharing, tiered, compressed oops, compressed class ptrs, parallel gc, windows-amd64)
# No core dump will be written. Minidumps are not enabled by default on client versions of Windows
#

---------------  S U M M A R Y ------------

Command Line: --add-modules=ALL-SYSTEM --add-opens=java.base/java.util=ALL-UNNAMED --add-opens=java.base/java.lang=ALL-UNNAMED --add-opens=java.base/sun.nio.fs=ALL-UNNAMED -Declipse.application=org.eclipse.jdt.ls.core.id1 -Dosgi.bundles.defaultStartLevel=4 -Declipse.product=org.eclipse.jdt.ls.core.product -Djava.import.generatesMetadataFilesAtProjectRoot=false -DDetectVMInstallationsJob.disabled=true -Dfile.encoding=utf8 -XX:+UseParallelGC -XX:GCTimeRatio=4 -XX:AdaptiveSizePolicyWeight=90 -Dsun.zip.disableMemoryMapping=true -Xmx1G -Xms100m -Xlog:disable -javaagent:c:\Users\Fer\.vscode\extensions\redhat.java-1.41.2025031408-win32-x64\lombok\lombok-1.18.36.jar -XX:+HeapDumpOnOutOfMemoryError -XX:HeapDumpPath=c:\Users\Fer\AppData\Roaming\Code\User\workspaceStorage\398de21c129474aaeb59c0a7e6288a23\redhat.java -Daether.dependencyCollector.impl=bf c:\Users\Fer\.vscode\extensions\redhat.java-1.41.2025031408-win32-x64\server\plugins\org.eclipse.equinox.launcher_1.6.1100.v20250306-0509.jar -configuration c:\Users\Fer\AppData\Roaming\Code\User\globalStorage\redhat.java\1.41.2025031408\config_win -data c:\Users\Fer\AppData\Roaming\Code\User\workspaceStorage\398de21c129474aaeb59c0a7e6288a23\redhat.java\jdt_ws --pipe=\\.\pipe\lsp-7811f94ad7b68dffe2f2b31779c07422-sock

Host: Intel(R) Core(TM) i7-1065G7 CPU @ 1.30GHz, 8 cores, 7G,  Windows 11 , 64 bit Build 26100 (10.0.26100.3037)
Time: Mon Mar 17 10:02:05 2025 Hora est. Pacífico, Sudamérica elapsed time: 482.358943 seconds (0d 0h 8m 2s)

---------------  T H R E A D  ---------------

Current thread (0x00000226517abf40):  JavaThread "C2 CompilerThread0" daemon [_thread_in_native, id=17216, stack(0x00000054b1d00000,0x00000054b1e00000) (1024K)]


Current CompileTask:
C2:482359 19011 % !   4       org.eclipse.jdt.internal.core.JavaProjectElementInfo::newNameLookup @ 205 (405 bytes)

Stack: [0x00000054b1d00000,0x00000054b1e00000]
Native frames: (J=compiled Java code, j=interpreted, Vv=VM code, C=native code)
V  [jvm.dll+0x6cdee9]
V  [jvm.dll+0x8a83d1]
V  [jvm.dll+0x8aa8fe]
V  [jvm.dll+0x8aafe3]
V  [jvm.dll+0x27f706]
V  [jvm.dll+0xc500d]
V  [jvm.dll+0xc5543]
V  [jvm.dll+0x3b6752]
V  [jvm.dll+0x1e0009]
V  [jvm.dll+0x247b42]
V  [jvm.dll+0x246fcf]
V  [jvm.dll+0x1c75ee]
V  [jvm.dll+0x25685a]
V  [jvm.dll+0x254dfa]
V  [jvm.dll+0x3f0256]
V  [jvm.dll+0x851f8b]
V  [jvm.dll+0x6cc5ed]
C  [ucrtbase.dll+0x37b0]
C  [KERNEL32.DLL+0x2e8d7]
C  [ntdll.dll+0xbbf2c]


---------------  P R O C E S S  ---------------

Threads class SMR info:
_java_thread_list=0x00000226a6f2b6c0, length=50, elements={
0x000002263d3eccf0, 0x000002265179ff80, 0x00000226517a2450, 0x00000226517a4440,
0x00000226517a64a0, 0x00000226517aa460, 0x00000226517ab110, 0x00000226517abf40,
0x000002269424cdd0, 0x00000226942bf2e0, 0x00000226942f1cb0, 0x0000022694b5a790,
0x000002269923dc90, 0x0000022694b39f80, 0x00000226990473e0, 0x00000226993c7960,
0x0000022699472770, 0x0000022694585e60, 0x0000022694585140, 0x0000022694587f30,
0x0000022694586b80, 0x0000022694587210, 0x00000226945878a0, 0x000002269bc307f0,
0x000002269bc2edb0, 0x000002269bc30e80, 0x000002269bc30160, 0x000002269bc31510,
0x000002269bc2fad0, 0x000002269bc31ba0, 0x000002269bc2f440, 0x000002269bc34300,
0x000002269bc356b0, 0x000002269bc35020, 0x000002269bc363d0, 0x000002269bc335e0,
0x000002269bc33c70, 0x000002269c4fcb70, 0x000002269bd4e740, 0x000002269985b710,
0x000002269985bda0, 0x000002269985c430, 0x0000022699859640, 0x000002269b1622c0,
0x000002269b161c30, 0x000002269b160f10, 0x000002269b15ee40, 0x000002269b1615a0,
0x000002269b162950, 0x000002269b160880
}

Java Threads: ( => current thread )
  0x000002263d3eccf0 JavaThread "main"                              [_thread_blocked, id=13468, stack(0x00000054b1300000,0x00000054b1400000) (1024K)]
  0x000002265179ff80 JavaThread "Reference Handler"          daemon [_thread_blocked, id=15836, stack(0x00000054b1700000,0x00000054b1800000) (1024K)]
  0x00000226517a2450 JavaThread "Finalizer"                  daemon [_thread_blocked, id=7928, stack(0x00000054b1800000,0x00000054b1900000) (1024K)]
  0x00000226517a4440 JavaThread "Signal Dispatcher"          daemon [_thread_blocked, id=16248, stack(0x00000054b1900000,0x00000054b1a00000) (1024K)]
  0x00000226517a64a0 JavaThread "Attach Listener"            daemon [_thread_blocked, id=1952, stack(0x00000054b1a00000,0x00000054b1b00000) (1024K)]
  0x00000226517aa460 JavaThread "Service Thread"             daemon [_thread_blocked, id=9264, stack(0x00000054b1b00000,0x00000054b1c00000) (1024K)]
  0x00000226517ab110 JavaThread "Monitor Deflation Thread"   daemon [_thread_blocked, id=20516, stack(0x00000054b1c00000,0x00000054b1d00000) (1024K)]
=>0x00000226517abf40 JavaThread "C2 CompilerThread0"         daemon [_thread_in_native, id=17216, stack(0x00000054b1d00000,0x00000054b1e00000) (1024K)]
  0x000002269424cdd0 JavaThread "C1 CompilerThread0"         daemon [_thread_blocked, id=3828, stack(0x00000054b1e00000,0x00000054b1f00000) (1024K)]
  0x00000226942bf2e0 JavaThread "Common-Cleaner"             daemon [_thread_blocked, id=15148, stack(0x00000054b1f00000,0x00000054b2000000) (1024K)]
  0x00000226942f1cb0 JavaThread "Notification Thread"        daemon [_thread_blocked, id=3708, stack(0x00000054b2000000,0x00000054b2100000) (1024K)]
  0x0000022694b5a790 JavaThread "Active Thread: Equinox Container: 18b11add-22f1-459a-9d99-d88bc51265a3"        [_thread_blocked, id=15400, stack(0x00000054b2100000,0x00000054b2200000) (1024K)]
  0x000002269923dc90 JavaThread "Refresh Thread: Equinox Container: 18b11add-22f1-459a-9d99-d88bc51265a3" daemon [_thread_blocked, id=11940, stack(0x00000054b2800000,0x00000054b2900000) (1024K)]
  0x0000022694b39f80 JavaThread "Framework Event Dispatcher: Equinox Container: 18b11add-22f1-459a-9d99-d88bc51265a3" daemon [_thread_blocked, id=2792, stack(0x00000054b2a00000,0x00000054b2b00000) (1024K)]
  0x00000226990473e0 JavaThread "Start Level: Equinox Container: 18b11add-22f1-459a-9d99-d88bc51265a3" daemon [_thread_blocked, id=15924, stack(0x00000054b2b00000,0x00000054b2c00000) (1024K)]
  0x00000226993c7960 JavaThread "Bundle File Closer"         daemon [_thread_blocked, id=3580, stack(0x00000054b1100000,0x00000054b1200000) (1024K)]
  0x0000022699472770 JavaThread "SCR Component Actor"        daemon [_thread_blocked, id=8312, stack(0x00000054b1000000,0x00000054b1100000) (1024K)]
  0x0000022694585e60 JavaThread "Worker-JM"                         [_thread_blocked, id=14076, stack(0x00000054b2c00000,0x00000054b2d00000) (1024K)]
  0x0000022694585140 JavaThread "JNA Cleaner"                daemon [_thread_blocked, id=5760, stack(0x00000054b2e00000,0x00000054b2f00000) (1024K)]
  0x0000022694587f30 JavaThread "Java indexing"              daemon [_thread_blocked, id=14056, stack(0x00000054b3300000,0x00000054b3400000) (1024K)]
  0x0000022694586b80 JavaThread "Worker-3: Publish Diagnostics"        [_thread_blocked, id=8732, stack(0x00000054b3500000,0x00000054b3600000) (1024K)]
  0x0000022694587210 JavaThread "Worker-4"                          [_thread_blocked, id=6600, stack(0x00000054b3600000,0x00000054b3700000) (1024K)]
  0x00000226945878a0 JavaThread "Thread-2"                   daemon [_thread_in_native, id=7976, stack(0x00000054b3700000,0x00000054b3800000) (1024K)]
  0x000002269bc307f0 JavaThread "Thread-3"                   daemon [_thread_in_native, id=3640, stack(0x00000054b3800000,0x00000054b3900000) (1024K)]
  0x000002269bc2edb0 JavaThread "Thread-4"                   daemon [_thread_in_native, id=16352, stack(0x00000054b3900000,0x00000054b3a00000) (1024K)]
  0x000002269bc30e80 JavaThread "Thread-5"                   daemon [_thread_in_native, id=17440, stack(0x00000054b3a00000,0x00000054b3b00000) (1024K)]
  0x000002269bc30160 JavaThread "Thread-6"                   daemon [_thread_in_native, id=20056, stack(0x00000054b3b00000,0x00000054b3c00000) (1024K)]
  0x000002269bc31510 JavaThread "Thread-7"                   daemon [_thread_in_native, id=19136, stack(0x00000054b3c00000,0x00000054b3d00000) (1024K)]
  0x000002269bc2fad0 JavaThread "Thread-8"                   daemon [_thread_in_native, id=21900, stack(0x00000054b3d00000,0x00000054b3e00000) (1024K)]
  0x000002269bc31ba0 JavaThread "Thread-9"                   daemon [_thread_in_native, id=17080, stack(0x00000054b3e00000,0x00000054b3f00000) (1024K)]
  0x000002269bc2f440 JavaThread "Thread-10"                  daemon [_thread_in_native, id=19532, stack(0x00000054b3f00000,0x00000054b4000000) (1024K)]
  0x000002269bc34300 JavaThread "pool-2-thread-1"                   [_thread_blocked, id=22404, stack(0x00000054b4000000,0x00000054b4100000) (1024K)]
  0x000002269bc356b0 JavaThread "WorkspaceEventsHandler"            [_thread_blocked, id=6864, stack(0x00000054b4100000,0x00000054b4200000) (1024K)]
  0x000002269bc35020 JavaThread "pool-1-thread-1"                   [_thread_blocked, id=21828, stack(0x00000054b4200000,0x00000054b4300000) (1024K)]
  0x000002269bc363d0 JavaThread "ForkJoinPool.commonPool-worker-4" daemon [_thread_blocked, id=17152, stack(0x00000054b4500000,0x00000054b4600000) (1024K)]
  0x000002269bc335e0 JavaThread "ForkJoinPool.commonPool-worker-5" daemon [_thread_blocked, id=13360, stack(0x00000054b4600000,0x00000054b4700000) (1024K)]
  0x000002269bc33c70 JavaThread "ForkJoinPool.commonPool-worker-7" daemon [_thread_blocked, id=9704, stack(0x00000054b4800000,0x00000054b4900000) (1024K)]
  0x000002269c4fcb70 JavaThread "LocalFile Deleter"          daemon [_thread_blocked, id=476, stack(0x00000054b4f00000,0x00000054b5000000) (1024K)]
  0x000002269bd4e740 JavaThread "LocalFile Deleter"          daemon [_thread_blocked, id=5764, stack(0x00000054b5100000,0x00000054b5200000) (1024K)]
  0x000002269985b710 JavaThread "Java Debug Server"          daemon [_thread_in_native, id=19332, stack(0x00000054b6000000,0x00000054b6100000) (1024K)]
  0x000002269985bda0 JavaThread "pool-9-thread-1"                   [_thread_in_native, id=20472, stack(0x00000054b6100000,0x00000054b6200000) (1024K)]
  0x000002269985c430 JavaThread "RxSchedulerPurge-1"         daemon [_thread_blocked, id=332, stack(0x00000054b6200000,0x00000054b6300000) (1024K)]
  0x0000022699859640 JavaThread "RxCachedWorkerPoolEvictor-1" daemon [_thread_blocked, id=15092, stack(0x00000054b6300000,0x00000054b6400000) (1024K)]
  0x000002269b1622c0 JavaThread "process reaper (pid 20468)" daemon [_thread_in_native, id=11248, stack(0x00000054b5200000,0x00000054b5220000) (128K)]
  0x000002269b161c30 JavaThread "ForkJoinPool.commonPool-worker-8" daemon [_thread_blocked, id=11460, stack(0x00000054b1200000,0x00000054b1300000) (1024K)]
  0x000002269b160f10 JavaThread "ForkJoinPool.commonPool-worker-9" daemon [_thread_blocked, id=13996, stack(0x00000054b2d00000,0x00000054b2e00000) (1024K)]
  0x000002269b15ee40 JavaThread "ForkJoinPool.commonPool-worker-10" daemon [_thread_blocked, id=18104, stack(0x00000054b2f00000,0x00000054b3000000) (1024K)]
  0x000002269b1615a0 JavaThread "ForkJoinPool.commonPool-worker-11" daemon [_thread_blocked, id=144, stack(0x00000054b3000000,0x00000054b3100000) (1024K)]
  0x000002269b162950 JavaThread "Cleaner-0"                  daemon [_thread_blocked, id=14224, stack(0x00000054b3200000,0x00000054b3300000) (1024K)]
  0x000002269b160880 JavaThread "RxNewThreadScheduler-3"     daemon [_thread_blocked, id=8412, stack(0x00000054b3100000,0x00000054b3200000) (1024K)]
Total: 50

Other Threads:
  0x0000022651781bd0 VMThread "VM Thread"                           [id=11232, stack(0x00000054b1600000,0x00000054b1700000) (1024K)]
  0x000002263d458030 WatcherThread "VM Periodic Task Thread"        [id=13500, stack(0x00000054b1500000,0x00000054b1600000) (1024K)]
  0x000002263d40c2b0 WorkerThread "GC Thread#0"                     [id=19972, stack(0x00000054b1400000,0x00000054b1500000) (1024K)]
  0x0000022694b030d0 WorkerThread "GC Thread#1"                     [id=5812, stack(0x00000054b2200000,0x00000054b2300000) (1024K)]
  0x0000022694b03470 WorkerThread "GC Thread#2"                     [id=21500, stack(0x00000054b2300000,0x00000054b2400000) (1024K)]
  0x00000226947e7e00 WorkerThread "GC Thread#3"                     [id=7988, stack(0x00000054b2400000,0x00000054b2500000) (1024K)]
  0x00000226947e81a0 WorkerThread "GC Thread#4"                     [id=5180, stack(0x00000054b2500000,0x00000054b2600000) (1024K)]
  0x00000226947e8540 WorkerThread "GC Thread#5"                     [id=16804, stack(0x00000054b2600000,0x00000054b2700000) (1024K)]
  0x0000022694df51d0 WorkerThread "GC Thread#6"                     [id=1208, stack(0x00000054b2700000,0x00000054b2800000) (1024K)]
  0x000002269923e6c0 WorkerThread "GC Thread#7"                     [id=6404, stack(0x00000054b2900000,0x00000054b2a00000) (1024K)]
Total: 10

Threads with active compile tasks:
C2 CompilerThread0  482449 19011 % !   4       org.eclipse.jdt.internal.core.JavaProjectElementInfo::newNameLookup @ 205 (405 bytes)
Total: 1

VM state: at safepoint (normal execution)

VM Mutex/Monitor currently owned by a thread:  ([mutex/lock_event])
[0x00007fffbc97e380] Threads_lock - owner thread: 0x0000022651781bd0
[0x00007fffbc97e480] Heap_lock - owner thread: 0x0000022694586b80
[0x00007fffbc97e900] PSOldGenExpand_lock - owner thread: 0x0000022694df51d0

Heap address: 0x00000000c0000000, size: 1024 MB, Compressed Oops mode: 32-bit

CDS archive(s) mapped at: [0x0000022652000000-0x0000022652ba0000-0x0000022652ba0000), size 12189696, SharedBaseAddress: 0x0000022652000000, ArchiveRelocationMode: 1.
Compressed class space mapped at: 0x0000022653000000-0x0000022693000000, reserved size: 1073741824
Narrow klass base: 0x0000022652000000, Narrow klass shift: 0, Narrow klass range: 0x100000000

GC Precious Log:
 CardTable entry size: 512
 CPUs: 8 total, 8 available
 Memory: 7959M
 Large Page Support: Disabled
 NUMA Support: Disabled
 Compressed Oops: Enabled (32-bit)
 Alignments: Space 512K, Generation 512K, Heap 2M
 Heap Min Capacity: 100M
 Heap Initial Capacity: 100M
 Heap Max Capacity: 1G
 Pre-touch: Disabled
 Parallel Workers: 8

Heap:
 PSYoungGen      total 3584K, used 3560K [0x00000000eab00000, 0x00000000eb000000, 0x0000000100000000)
  eden space 3072K, 99% used [0x00000000eab00000,0x00000000eadfb888,0x00000000eae00000)
  from space 512K, 98% used [0x00000000eae00000,0x00000000eae7e900,0x00000000eae80000)
  to   space 1024K, 26% used [0x00000000eaf00000,0x00000000eaf44920,0x00000000eb000000)
 ParOldGen       total 455168K, used 455165K [0x00000000c0000000, 0x00000000dbc80000, 0x00000000eab00000)
  object space 455168K, 99% used [0x00000000c0000000,0x00000000dbc7f510,0x00000000dbc80000)
 Metaspace       used 78911K, committed 80640K, reserved 1179648K
  class space    used 7925K, committed 8704K, reserved 1048576K

Card table byte_map: [0x000002263cd90000,0x000002263cfa0000] _byte_map_base: 0x000002263c790000

Marking Bits: (ParMarkBitMap*) 0x00007fffbc983260
 Begin Bits: [0x000002264f5e0000, 0x00000226505e0000)
 End Bits:   [0x00000226505e0000, 0x00000226515e0000)

Polling page: 0x000002263ca20000

Metaspace:

Usage:
  Non-class:     69.32 MB used.
      Class:      7.74 MB used.
       Both:     77.06 MB used.

Virtual space:
  Non-class space:      128.00 MB reserved,      70.25 MB ( 55%) committed,  2 nodes.
      Class space:        1.00 GB reserved,       8.50 MB ( <1%) committed,  1 nodes.
             Both:        1.12 GB reserved,      78.75 MB (  7%) committed. 

Chunk freelists:
   Non-Class:  9.75 MB
       Class:  7.46 MB
        Both:  17.21 MB

MaxMetaspaceSize: unlimited
CompressedClassSpaceSize: 1.00 GB
Initial GC threshold: 21.00 MB
Current GC threshold: 97.31 MB
CDS: on
 - commit_granule_bytes: 65536.
 - commit_granule_words: 8192.
 - virtual_space_node_default_size: 8388608.
 - enlarge_chunks_in_place: 1.
 - use_allocation_guard: 0.


Internal statistics:

num_allocs_failed_limit: 9.
num_arena_births: 1550.
num_arena_deaths: 14.
num_vsnodes_births: 3.
num_vsnodes_deaths: 0.
num_space_committed: 1260.
num_space_uncommitted: 0.
num_chunks_returned_to_freelist: 23.
num_chunks_taken_from_freelist: 5540.
num_chunk_merges: 9.
num_chunk_splits: 3310.
num_chunks_enlarged: 1746.
num_inconsistent_stats: 0.

CodeHeap 'non-profiled nmethods': size=120000Kb used=17868Kb max_used=17868Kb free=102131Kb
 bounds [0x00000226480b0000, 0x0000022649230000, 0x000002264f5e0000]
CodeHeap 'profiled nmethods': size=120000Kb used=45690Kb max_used=45690Kb free=74309Kb
 bounds [0x00000226405e0000, 0x0000022643280000, 0x0000022647b10000]
CodeHeap 'non-nmethods': size=5760Kb used=1499Kb max_used=1576Kb free=4260Kb
 bounds [0x0000022647b10000, 0x0000022647d80000, 0x00000226480b0000]
 total_blobs=18863 nmethods=18052 adapters=715
 compilation: enabled
              stopped_count=0, restarted_count=0
 full_count=0

Compilation events (20 events):
Event: 480.120 Thread 0x00000226517abf40 nmethod 18977 0x0000022649220590 code [0x0000022649220840, 0x0000022649221ab0]
Event: 480.126 Thread 0x00000226517abf40 19002       4       org.eclipse.jdt.internal.core.BinaryType::equals (22 bytes)
Event: 480.134 Thread 0x00000226517abf40 nmethod 19002 0x0000022649222790 code [0x0000022649222940, 0x0000022649222cd8]
Event: 480.145 Thread 0x000002269424cdd0 19003       3       org.eclipse.core.runtime.NullProgressMonitor::worked (1 bytes)
Event: 480.145 Thread 0x000002269424cdd0 nmethod 19003 0x0000022643272210 code [0x00000226432723a0, 0x00000226432724a8]
Event: 480.146 Thread 0x000002269424cdd0 19004       3       java.util.regex.Pattern::group0 (1098 bytes)
Event: 480.155 Thread 0x000002269424cdd0 nmethod 19004 0x0000022643272510 code [0x0000022643272d00, 0x00000226432773c0]
Event: 480.156 Thread 0x000002269424cdd0 19005       3       com.google.gson.stream.JsonWriter::beginArray (12 bytes)
Event: 480.156 Thread 0x000002269424cdd0 nmethod 19005 0x0000022643278e10 code [0x0000022643279020, 0x0000022643279420]
Event: 480.156 Thread 0x000002269424cdd0 19006       3       com.google.gson.stream.JsonWriter::endArray (9 bytes)
Event: 480.157 Thread 0x000002269424cdd0 nmethod 19006 0x0000022643279610 code [0x00000226432797c0, 0x0000022643279910]
Event: 481.088 Thread 0x000002269424cdd0 19008   !   3       org.eclipse.core.internal.jobs.JobManager::nextJob (291 bytes)
Event: 481.092 Thread 0x000002269424cdd0 nmethod 19008 0x0000022643279990 code [0x0000022643279e20, 0x000002264327bf58]
Event: 481.092 Thread 0x000002269424cdd0 19007       3       org.eclipse.core.internal.jobs.JobManager::startJob (89 bytes)
Event: 481.093 Thread 0x000002269424cdd0 nmethod 19007 0x000002264327d090 code [0x000002264327d340, 0x000002264327e1a0]
Event: 481.154 Thread 0x000002269424cdd0 19009       3       org.apache.commons.lang3.StringUtils::length (15 bytes)
Event: 481.155 Thread 0x000002269424cdd0 nmethod 19009 0x000002264327e610 code [0x000002264327e7c0, 0x000002264327e9c0]
Event: 481.156 Thread 0x000002269424cdd0 19010       1       org.eclipse.lsp4j.jsonrpc.messages.ResponseMessage::getError (5 bytes)
Event: 481.156 Thread 0x000002269424cdd0 nmethod 19010 0x0000022649222f10 code [0x00000226492230a0, 0x0000022649223168]
Event: 481.160 Thread 0x00000226517abf40 19011 % !   4       org.eclipse.jdt.internal.core.JavaProjectElementInfo::newNameLookup @ 205 (405 bytes)

GC Heap History (20 events):
Event: 479.809 GC heap before
{Heap before GC invocations=977 (full 3):
 PSYoungGen      total 3584K, used 3232K [0x00000000eab00000, 0x00000000eaf00000, 0x0000000100000000)
  eden space 3072K, 100% used [0x00000000eab00000,0x00000000eae00000,0x00000000eae00000)
  from space 512K, 31% used [0x00000000eae00000,0x00000000eae28000,0x00000000eae80000)
  to   space 512K, 0% used [0x00000000eae80000,0x00000000eae80000,0x00000000eaf00000)
 ParOldGen       total 453120K, used 453024K [0x00000000c0000000, 0x00000000dba80000, 0x00000000eab00000)
  object space 453120K, 99% used [0x00000000c0000000,0x00000000dba68240,0x00000000dba80000)
 Metaspace       used 78878K, committed 80640K, reserved 1179648K
  class space    used 7925K, committed 8704K, reserved 1048576K
}
Event: 479.812 GC heap after
{Heap after GC invocations=977 (full 3):
 PSYoungGen      total 3584K, used 192K [0x00000000eab00000, 0x00000000eb000000, 0x0000000100000000)
  eden space 3072K, 0% used [0x00000000eab00000,0x00000000eab00000,0x00000000eae00000)
  from space 512K, 37% used [0x00000000eae80000,0x00000000eaeb0000,0x00000000eaf00000)
  to   space 512K, 0% used [0x00000000eae00000,0x00000000eae00000,0x00000000eae80000)
 ParOldGen       total 453120K, used 453112K [0x00000000c0000000, 0x00000000dba80000, 0x00000000eab00000)
  object space 453120K, 99% used [0x00000000c0000000,0x00000000dba7e240,0x00000000dba80000)
 Metaspace       used 78878K, committed 80640K, reserved 1179648K
  class space    used 7925K, committed 8704K, reserved 1048576K
}
Event: 479.824 GC heap before
{Heap before GC invocations=978 (full 3):
 PSYoungGen      total 3584K, used 3264K [0x00000000eab00000, 0x00000000eb000000, 0x0000000100000000)
  eden space 3072K, 100% used [0x00000000eab00000,0x00000000eae00000,0x00000000eae00000)
  from space 512K, 37% used [0x00000000eae80000,0x00000000eaeb0000,0x00000000eaf00000)
  to   space 512K, 0% used [0x00000000eae00000,0x00000000eae00000,0x00000000eae80000)
 ParOldGen       total 453120K, used 453112K [0x00000000c0000000, 0x00000000dba80000, 0x00000000eab00000)
  object space 453120K, 99% used [0x00000000c0000000,0x00000000dba7e240,0x00000000dba80000)
 Metaspace       used 78878K, committed 80640K, reserved 1179648K
  class space    used 7925K, committed 8704K, reserved 1048576K
}
Event: 479.828 GC heap after
{Heap after GC invocations=978 (full 3):
 PSYoungGen      total 3584K, used 384K [0x00000000eab00000, 0x00000000eb000000, 0x0000000100000000)
  eden space 3072K, 0% used [0x00000000eab00000,0x00000000eab00000,0x00000000eae00000)
  from space 512K, 75% used [0x00000000eae00000,0x00000000eae60000,0x00000000eae80000)
  to   space 512K, 0% used [0x00000000eaf80000,0x00000000eaf80000,0x00000000eb000000)
 ParOldGen       total 453632K, used 453192K [0x00000000c0000000, 0x00000000dbb00000, 0x00000000eab00000)
  object space 453632K, 99% used [0x00000000c0000000,0x00000000dba92240,0x00000000dbb00000)
 Metaspace       used 78878K, committed 80640K, reserved 1179648K
  class space    used 7925K, committed 8704K, reserved 1048576K
}
Event: 479.856 GC heap before
{Heap before GC invocations=979 (full 3):
 PSYoungGen      total 3584K, used 3456K [0x00000000eab00000, 0x00000000eb000000, 0x0000000100000000)
  eden space 3072K, 100% used [0x00000000eab00000,0x00000000eae00000,0x00000000eae00000)
  from space 512K, 75% used [0x00000000eae00000,0x00000000eae60000,0x00000000eae80000)
  to   space 512K, 0% used [0x00000000eaf80000,0x00000000eaf80000,0x00000000eb000000)
 ParOldGen       total 453632K, used 453192K [0x00000000c0000000, 0x00000000dbb00000, 0x00000000eab00000)
  object space 453632K, 99% used [0x00000000c0000000,0x00000000dba92240,0x00000000dbb00000)
 Metaspace       used 78878K, committed 80640K, reserved 1179648K
  class space    used 7925K, committed 8704K, reserved 1048576K
}
Event: 479.860 GC heap after
{Heap after GC invocations=979 (full 3):
 PSYoungGen      total 3584K, used 256K [0x00000000eab00000, 0x00000000eb000000, 0x0000000100000000)
  eden space 3072K, 0% used [0x00000000eab00000,0x00000000eab00000,0x00000000eae00000)
  from space 512K, 50% used [0x00000000eaf80000,0x00000000eafc0000,0x00000000eb000000)
  to   space 512K, 0% used [0x00000000eae00000,0x00000000eae00000,0x00000000eae80000)
 ParOldGen       total 453632K, used 453344K [0x00000000c0000000, 0x00000000dbb00000, 0x00000000eab00000)
  object space 453632K, 99% used [0x00000000c0000000,0x00000000dbab8240,0x00000000dbb00000)
 Metaspace       used 78878K, committed 80640K, reserved 1179648K
  class space    used 7925K, committed 8704K, reserved 1048576K
}
Event: 479.881 GC heap before
{Heap before GC invocations=980 (full 3):
 PSYoungGen      total 3584K, used 3328K [0x00000000eab00000, 0x00000000eb000000, 0x0000000100000000)
  eden space 3072K, 100% used [0x00000000eab00000,0x00000000eae00000,0x00000000eae00000)
  from space 512K, 50% used [0x00000000eaf80000,0x00000000eafc0000,0x00000000eb000000)
  to   space 512K, 0% used [0x00000000eae00000,0x00000000eae00000,0x00000000eae80000)
 ParOldGen       total 453632K, used 453344K [0x00000000c0000000, 0x00000000dbb00000, 0x00000000eab00000)
  object space 453632K, 99% used [0x00000000c0000000,0x00000000dbab8240,0x00000000dbb00000)
 Metaspace       used 78882K, committed 80640K, reserved 1179648K
  class space    used 7925K, committed 8704K, reserved 1048576K
}
Event: 479.885 GC heap after
{Heap after GC invocations=980 (full 3):
 PSYoungGen      total 3584K, used 490K [0x00000000eab00000, 0x00000000eb000000, 0x0000000100000000)
  eden space 3072K, 0% used [0x00000000eab00000,0x00000000eab00000,0x00000000eae00000)
  from space 512K, 95% used [0x00000000eae00000,0x00000000eae7a910,0x00000000eae80000)
  to   space 1024K, 0% used [0x00000000eaf00000,0x00000000eaf00000,0x00000000eb000000)
 ParOldGen       total 453632K, used 453482K [0x00000000c0000000, 0x00000000dbb00000, 0x00000000eab00000)
  object space 453632K, 99% used [0x00000000c0000000,0x00000000dbada8c0,0x00000000dbb00000)
 Metaspace       used 78882K, committed 80640K, reserved 1179648K
  class space    used 7925K, committed 8704K, reserved 1048576K
}
Event: 479.908 GC heap before
{Heap before GC invocations=981 (full 3):
 PSYoungGen      total 3584K, used 3562K [0x00000000eab00000, 0x00000000eb000000, 0x0000000100000000)
  eden space 3072K, 100% used [0x00000000eab00000,0x00000000eae00000,0x00000000eae00000)
  from space 512K, 95% used [0x00000000eae00000,0x00000000eae7a910,0x00000000eae80000)
  to   space 1024K, 0% used [0x00000000eaf00000,0x00000000eaf00000,0x00000000eb000000)
 ParOldGen       total 453632K, used 453482K [0x00000000c0000000, 0x00000000dbb00000, 0x00000000eab00000)
  object space 453632K, 99% used [0x00000000c0000000,0x00000000dbada8c0,0x00000000dbb00000)
 Metaspace       used 78883K, committed 80640K, reserved 1179648K
  class space    used 7925K, committed 8704K, reserved 1048576K
}
Event: 479.913 GC heap after
{Heap after GC invocations=981 (full 3):
 PSYoungGen      total 3584K, used 448K [0x00000000eab00000, 0x00000000eaf80000, 0x0000000100000000)
  eden space 3072K, 0% used [0x00000000eab00000,0x00000000eab00000,0x00000000eae00000)
  from space 512K, 87% used [0x00000000eaf00000,0x00000000eaf70000,0x00000000eaf80000)
  to   space 512K, 0% used [0x00000000eae00000,0x00000000eae00000,0x00000000eae80000)
 ParOldGen       total 454144K, used 453915K [0x00000000c0000000, 0x00000000dbb80000, 0x00000000eab00000)
  object space 454144K, 99% used [0x00000000c0000000,0x00000000dbb46ef0,0x00000000dbb80000)
 Metaspace       used 78883K, committed 80640K, reserved 1179648K
  class space    used 7925K, committed 8704K, reserved 1048576K
}
Event: 479.924 GC heap before
{Heap before GC invocations=982 (full 3):
 PSYoungGen      total 3584K, used 3520K [0x00000000eab00000, 0x00000000eaf80000, 0x0000000100000000)
  eden space 3072K, 100% used [0x00000000eab00000,0x00000000eae00000,0x00000000eae00000)
  from space 512K, 87% used [0x00000000eaf00000,0x00000000eaf70000,0x00000000eaf80000)
  to   space 512K, 0% used [0x00000000eae00000,0x00000000eae00000,0x00000000eae80000)
 ParOldGen       total 454144K, used 453915K [0x00000000c0000000, 0x00000000dbb80000, 0x00000000eab00000)
  object space 454144K, 99% used [0x00000000c0000000,0x00000000dbb46ef0,0x00000000dbb80000)
 Metaspace       used 78883K, committed 80640K, reserved 1179648K
  class space    used 7925K, committed 8704K, reserved 1048576K
}
Event: 479.927 GC heap after
{Heap after GC invocations=982 (full 3):
 PSYoungGen      total 3584K, used 320K [0x00000000eab00000, 0x00000000eaf80000, 0x0000000100000000)
  eden space 3072K, 0% used [0x00000000eab00000,0x00000000eab00000,0x00000000eae00000)
  from space 512K, 62% used [0x00000000eae00000,0x00000000eae50000,0x00000000eae80000)
  to   space 512K, 0% used [0x00000000eaf00000,0x00000000eaf00000,0x00000000eaf80000)
 ParOldGen       total 454656K, used 454251K [0x00000000c0000000, 0x00000000dbc00000, 0x00000000eab00000)
  object space 454656K, 99% used [0x00000000c0000000,0x00000000dbb9aef0,0x00000000dbc00000)
 Metaspace       used 78883K, committed 80640K, reserved 1179648K
  class space    used 7925K, committed 8704K, reserved 1048576K
}
Event: 479.946 GC heap before
{Heap before GC invocations=983 (full 3):
 PSYoungGen      total 3584K, used 3392K [0x00000000eab00000, 0x00000000eaf80000, 0x0000000100000000)
  eden space 3072K, 100% used [0x00000000eab00000,0x00000000eae00000,0x00000000eae00000)
  from space 512K, 62% used [0x00000000eae00000,0x00000000eae50000,0x00000000eae80000)
  to   space 512K, 0% used [0x00000000eaf00000,0x00000000eaf00000,0x00000000eaf80000)
 ParOldGen       total 454656K, used 454251K [0x00000000c0000000, 0x00000000dbc00000, 0x00000000eab00000)
  object space 454656K, 99% used [0x00000000c0000000,0x00000000dbb9aef0,0x00000000dbc00000)
 Metaspace       used 78891K, committed 80640K, reserved 1179648K
  class space    used 7925K, committed 8704K, reserved 1048576K
}
Event: 479.950 GC heap after
{Heap after GC invocations=983 (full 3):
 PSYoungGen      total 3584K, used 474K [0x00000000eab00000, 0x00000000eaf80000, 0x0000000100000000)
  eden space 3072K, 0% used [0x00000000eab00000,0x00000000eab00000,0x00000000eae00000)
  from space 512K, 92% used [0x00000000eaf00000,0x00000000eaf76900,0x00000000eaf80000)
  to   space 512K, 0% used [0x00000000eae00000,0x00000000eae00000,0x00000000eae80000)
 ParOldGen       total 454656K, used 454459K [0x00000000c0000000, 0x00000000dbc00000, 0x00000000eab00000)
  object space 454656K, 99% used [0x00000000c0000000,0x00000000dbbceef0,0x00000000dbc00000)
 Metaspace       used 78891K, committed 80640K, reserved 1179648K
  class space    used 7925K, committed 8704K, reserved 1048576K
}
Event: 479.977 GC heap before
{Heap before GC invocations=984 (full 3):
 PSYoungGen      total 3584K, used 3546K [0x00000000eab00000, 0x00000000eaf80000, 0x0000000100000000)
  eden space 3072K, 100% used [0x00000000eab00000,0x00000000eae00000,0x00000000eae00000)
  from space 512K, 92% used [0x00000000eaf00000,0x00000000eaf76900,0x00000000eaf80000)
  to   space 512K, 0% used [0x00000000eae00000,0x00000000eae00000,0x00000000eae80000)
 ParOldGen       total 454656K, used 454459K [0x00000000c0000000, 0x00000000dbc00000, 0x00000000eab00000)
  object space 454656K, 99% used [0x00000000c0000000,0x00000000dbbceef0,0x00000000dbc00000)
 Metaspace       used 78896K, committed 80640K, reserved 1179648K
  class space    used 7925K, committed 8704K, reserved 1048576K
}
Event: 479.980 GC heap after
{Heap after GC invocations=984 (full 3):
 PSYoungGen      total 3584K, used 480K [0x00000000eab00000, 0x00000000eaf80000, 0x0000000100000000)
  eden space 3072K, 0% used [0x00000000eab00000,0x00000000eab00000,0x00000000eae00000)
  from space 512K, 93% used [0x00000000eae00000,0x00000000eae78000,0x00000000eae80000)
  to   space 512K, 0% used [0x00000000eaf00000,0x00000000eaf00000,0x00000000eaf80000)
 ParOldGen       total 455168K, used 454804K [0x00000000c0000000, 0x00000000dbc80000, 0x00000000eab00000)
  object space 455168K, 99% used [0x00000000c0000000,0x00000000dbc25100,0x00000000dbc80000)
 Metaspace       used 78896K, committed 80640K, reserved 1179648K
  class space    used 7925K, committed 8704K, reserved 1048576K
}
Event: 480.140 GC heap before
{Heap before GC invocations=985 (full 3):
 PSYoungGen      total 3584K, used 3552K [0x00000000eab00000, 0x00000000eaf80000, 0x0000000100000000)
  eden space 3072K, 100% used [0x00000000eab00000,0x00000000eae00000,0x00000000eae00000)
  from space 512K, 93% used [0x00000000eae00000,0x00000000eae78000,0x00000000eae80000)
  to   space 512K, 0% used [0x00000000eaf00000,0x00000000eaf00000,0x00000000eaf80000)
 ParOldGen       total 455168K, used 454804K [0x00000000c0000000, 0x00000000dbc80000, 0x00000000eab00000)
  object space 455168K, 99% used [0x00000000c0000000,0x00000000dbc25100,0x00000000dbc80000)
 Metaspace       used 78899K, committed 80640K, reserved 1179648K
  class space    used 7925K, committed 8704K, reserved 1048576K
}
Event: 480.143 GC heap after
{Heap after GC invocations=985 (full 3):
 PSYoungGen      total 3584K, used 218K [0x00000000eab00000, 0x00000000eaf80000, 0x0000000100000000)
  eden space 3072K, 0% used [0x00000000eab00000,0x00000000eab00000,0x00000000eae00000)
  from space 512K, 42% used [0x00000000eaf00000,0x00000000eaf36900,0x00000000eaf80000)
  to   space 512K, 0% used [0x00000000eae00000,0x00000000eae00000,0x00000000eae80000)
 ParOldGen       total 455168K, used 454868K [0x00000000c0000000, 0x00000000dbc80000, 0x00000000eab00000)
  object space 455168K, 99% used [0x00000000c0000000,0x00000000dbc35100,0x00000000dbc80000)
 Metaspace       used 78899K, committed 80640K, reserved 1179648K
  class space    used 7925K, committed 8704K, reserved 1048576K
}
Event: 481.176 GC heap before
{Heap before GC invocations=986 (full 3):
 PSYoungGen      total 3584K, used 3290K [0x00000000eab00000, 0x00000000eaf80000, 0x0000000100000000)
  eden space 3072K, 100% used [0x00000000eab00000,0x00000000eae00000,0x00000000eae00000)
  from space 512K, 42% used [0x00000000eaf00000,0x00000000eaf36900,0x00000000eaf80000)
  to   space 512K, 0% used [0x00000000eae00000,0x00000000eae00000,0x00000000eae80000)
 ParOldGen       total 455168K, used 454868K [0x00000000c0000000, 0x00000000dbc80000, 0x00000000eab00000)
  object space 455168K, 99% used [0x00000000c0000000,0x00000000dbc35100,0x00000000dbc80000)
 Metaspace       used 78911K, committed 80640K, reserved 1179648K
  class space    used 7925K, committed 8704K, reserved 1048576K
}
Event: 481.178 GC heap after
{Heap after GC invocations=986 (full 3):
 PSYoungGen      total 3584K, used 506K [0x00000000eab00000, 0x00000000eb000000, 0x0000000100000000)
  eden space 3072K, 0% used [0x00000000eab00000,0x00000000eab00000,0x00000000eae00000)
  from space 512K, 98% used [0x00000000eae00000,0x00000000eae7e900,0x00000000eae80000)
  to   space 1024K, 0% used [0x00000000eaf00000,0x00000000eaf00000,0x00000000eb000000)
 ParOldGen       total 455168K, used 454956K [0x00000000c0000000, 0x00000000dbc80000, 0x00000000eab00000)
  object space 455168K, 99% used [0x00000000c0000000,0x00000000dbc4b100,0x00000000dbc80000)
 Metaspace       used 78911K, committed 80640K, reserved 1179648K
  class space    used 7925K, committed 8704K, reserved 1048576K
}

Dll operation events (12 events):
Event: 0.026 Loaded shared library c:\Users\Fer\.vscode\extensions\redhat.java-1.41.2025031408-win32-x64\jre\21.0.6-win32-x86_64\bin\java.dll
Event: 0.287 Loaded shared library c:\Users\Fer\.vscode\extensions\redhat.java-1.41.2025031408-win32-x64\jre\21.0.6-win32-x86_64\bin\zip.dll
Event: 0.359 Loaded shared library C:\Users\Fer\.vscode\extensions\redhat.java-1.41.2025031408-win32-x64\jre\21.0.6-win32-x86_64\bin\instrument.dll
Event: 0.374 Loaded shared library C:\Users\Fer\.vscode\extensions\redhat.java-1.41.2025031408-win32-x64\jre\21.0.6-win32-x86_64\bin\net.dll
Event: 0.383 Loaded shared library C:\Users\Fer\.vscode\extensions\redhat.java-1.41.2025031408-win32-x64\jre\21.0.6-win32-x86_64\bin\nio.dll
Event: 0.395 Loaded shared library C:\Users\Fer\.vscode\extensions\redhat.java-1.41.2025031408-win32-x64\jre\21.0.6-win32-x86_64\bin\zip.dll
Event: 0.462 Loaded shared library C:\Users\Fer\.vscode\extensions\redhat.java-1.41.2025031408-win32-x64\jre\21.0.6-win32-x86_64\bin\jimage.dll
Event: 0.700 Loaded shared library c:\Users\Fer\.vscode\extensions\redhat.java-1.41.2025031408-win32-x64\jre\21.0.6-win32-x86_64\bin\verify.dll
Event: 26.532 Loaded shared library C:\Users\Fer\AppData\Roaming\Code\User\globalStorage\redhat.java\1.41.2025031408\config_win\org.eclipse.equinox.launcher\org.eclipse.equinox.launcher.win32.win32.x86_64_1.2.1200.v20250212-0927\eclipse_11909.dll
Event: 72.335 Loaded shared library C:\Users\Fer\AppData\Local\Temp\jna-70515\jna17053639832725751289.dll
Event: 108.584 Loaded shared library C:\Users\Fer\.vscode\extensions\redhat.java-1.41.2025031408-win32-x64\jre\21.0.6-win32-x86_64\bin\sunmscapi.dll
Event: 158.093 Loaded shared library C:\Users\Fer\.vscode\extensions\redhat.java-1.41.2025031408-win32-x64\jre\21.0.6-win32-x86_64\bin\extnet.dll

Deoptimization events (20 events):
Event: 468.985 Thread 0x000002269b160880 DEOPT PACKING pc=0x00000226489d12c4 sp=0x00000054b31fe370
Event: 468.985 Thread 0x000002269b160880 DEOPT UNPACKING pc=0x0000022647b66da2 sp=0x00000054b31fe308 mode 2
Event: 469.503 Thread 0x000002269b161c30 Uncommon trap: trap_request=0xffffffe4 fr.pc=0x00000226491990ec relative=0x00000000000004ec
Event: 469.503 Thread 0x000002269b161c30 Uncommon trap: reason=range_check action=make_not_entrant pc=0x00000226491990ec method=org.eclipse.jdt.internal.compiler.parser.Scanner.pushLineSeparator()V @ 104 c2
Event: 469.503 Thread 0x000002269b161c30 DEOPT PACKING pc=0x00000226491990ec sp=0x00000054b12fe950
Event: 469.503 Thread 0x000002269b161c30 DEOPT UNPACKING pc=0x0000022647b66da2 sp=0x00000054b12fe8f0 mode 2
Event: 479.893 Thread 0x000002269b161c30 Uncommon trap: trap_request=0xffffff45 fr.pc=0x0000022648db4aa4 relative=0x0000000000001b64
Event: 479.893 Thread 0x000002269b161c30 Uncommon trap: reason=unstable_if action=reinterpret pc=0x0000022648db4aa4 method=org.eclipse.jdt.internal.core.JavaModelManager$SecondaryTypesCache.isIndexingDone()Z @ 4 c2
Event: 479.893 Thread 0x000002269b161c30 DEOPT PACKING pc=0x0000022648db4aa4 sp=0x00000054b12fc720
Event: 479.895 Thread 0x000002269b161c30 DEOPT UNPACKING pc=0x0000022647b66da2 sp=0x00000054b12fc568 mode 2
Event: 481.158 Thread 0x0000022694586b80 Uncommon trap: trap_request=0xffffffd6 fr.pc=0x0000022648bd80e4 relative=0x0000000000000f24
Event: 481.158 Thread 0x0000022694586b80 Uncommon trap: reason=array_check action=maybe_recompile pc=0x0000022648bd80e4 method=org.eclipse.jdt.internal.core.JavaProjectElementInfo.getProjectCache(Lorg/eclipse/jdt/internal/core/JavaProject;Z)Lorg/eclipse/jdt/internal/core/JavaProjectElementInfo$P
Event: 481.158 Thread 0x0000022694586b80 DEOPT PACKING pc=0x0000022648bd80e4 sp=0x00000054b35fed00
Event: 481.158 Thread 0x0000022694586b80 DEOPT UNPACKING pc=0x0000022647b66da2 sp=0x00000054b35fecc0 mode 2
Event: 481.161 Thread 0x0000022694586b80 DEOPT PACKING pc=0x00000226422c39e5 sp=0x00000054b35fed10
Event: 481.161 Thread 0x0000022694586b80 DEOPT UNPACKING pc=0x0000022647b678e2 sp=0x00000054b35fe1b0 mode 0
Event: 481.174 Thread 0x0000022694586b80 Uncommon trap: trap_request=0xffffff6e fr.pc=0x000002264921aa6c relative=0x000000000000108c
Event: 481.174 Thread 0x0000022694586b80 Uncommon trap: reason=loop_limit_check action=maybe_recompile pc=0x000002264921aa6c method=org.eclipse.jdt.internal.compiler.lookup.BinaryTypeBinding.createMethods([Lorg/eclipse/jdt/internal/compiler/env/IBinaryMethod;Lorg/eclipse/jdt/internal/compiler/en
Event: 481.174 Thread 0x0000022694586b80 DEOPT PACKING pc=0x000002264921aa6c sp=0x00000054b35fe4e0
Event: 481.174 Thread 0x0000022694586b80 DEOPT UNPACKING pc=0x0000022647b66da2 sp=0x00000054b35fe458 mode 2

Classes loaded (20 events):
Event: 431.565 Loading class java/util/stream/Nodes$CollectorTask$OfRef
Event: 431.576 Loading class java/util/stream/Nodes$CollectorTask
Event: 431.584 Loading class java/util/stream/Nodes$CollectorTask done
Event: 431.584 Loading class java/util/stream/Nodes$CollectorTask$OfRef done
Event: 431.780 Loading class java/util/function/LongFunction
Event: 431.782 Loading class java/util/function/LongFunction done
Event: 431.784 Loading class java/util/stream/Nodes$ConcNode
Event: 431.788 Loading class java/util/stream/Nodes$AbstractConcNode
Event: 431.792 Loading class java/util/stream/Nodes$AbstractConcNode done
Event: 431.792 Loading class java/util/stream/Nodes$ConcNode done
Event: 431.864 Loading class java/io/ObjectOutputStream$BlockDataOutputStream
Event: 431.870 Loading class java/io/ObjectOutputStream$BlockDataOutputStream done
Event: 431.871 Loading class java/io/ObjectOutputStream$HandleTable
Event: 431.872 Loading class java/io/ObjectOutputStream$HandleTable done
Event: 431.872 Loading class java/io/ObjectOutputStream$ReplaceTable
Event: 431.873 Loading class java/io/ObjectOutputStream$ReplaceTable done
Event: 447.339 Loading class javax/xml/transform/TransformerConfigurationException
Event: 447.342 Loading class javax/xml/transform/TransformerConfigurationException done
Event: 450.968 Loading class jdk/internal/ref/CleanerImpl$InnocuousThreadFactory
Event: 450.975 Loading class jdk/internal/ref/CleanerImpl$InnocuousThreadFactory done

Classes unloaded (7 events):
Event: 76.537 Thread 0x0000022651781bd0 Unloading class 0x000002265319c400 'java/lang/invoke/LambdaForm$MH+0x000002265319c400'
Event: 76.537 Thread 0x0000022651781bd0 Unloading class 0x000002265319c000 'java/lang/invoke/LambdaForm$MH+0x000002265319c000'
Event: 76.537 Thread 0x0000022651781bd0 Unloading class 0x000002265319bc00 'java/lang/invoke/LambdaForm$MH+0x000002265319bc00'
Event: 76.537 Thread 0x0000022651781bd0 Unloading class 0x000002265319b800 'java/lang/invoke/LambdaForm$MH+0x000002265319b800'
Event: 76.537 Thread 0x0000022651781bd0 Unloading class 0x000002265319b400 'java/lang/invoke/LambdaForm$BMH+0x000002265319b400'
Event: 76.537 Thread 0x0000022651781bd0 Unloading class 0x000002265319b000 'java/lang/invoke/LambdaForm$DMH+0x000002265319b000'
Event: 76.537 Thread 0x0000022651781bd0 Unloading class 0x0000022653199c00 'java/lang/invoke/LambdaForm$DMH+0x0000022653199c00'

Classes redefined (0 events):
No events

Internal exceptions (20 events):
Event: 432.026 Thread 0x0000022694586b80 Exception <a 'java/lang/NoSuchMethodError'{0x00000000eace7170}: static [J.<clinit>()V> (0x00000000eace7170) 
thrown [s\src\hotspot\share\prims\jni.cpp, line 1111]
Event: 432.101 Thread 0x0000022694586b80 Exception <a 'java/lang/NoSuchMethodError'{0x00000000ead57f38}: 'java.lang.Object java.lang.invoke.DirectMethodHandle$Holder.newInvokeSpecial(java.lang.Object, java.lang.Object, java.lang.Object, java.lang.Object, java.lang.Object, java.lang.Object, java.lang.Object, java.lang.Object)'> (0x00000000ead57f38) 
thrown [s\src\hotspot\share\interpreter\linkResolver.cpp, line 773]
Event: 447.270 Thread 0x000002269bc35020 Exception <a 'java/lang/IncompatibleClassChangeError'{0x00000000eab10728}: Found class java.lang.Object, but interface was expected> (0x00000000eab10728) 
thrown [s\src\hotspot\share\interpreter\linkResolver.cpp, line 840]
Event: 447.644 Thread 0x000002269bc35020 Exception <a 'java/lang/IncompatibleClassChangeError'{0x00000000eab42c58}: Found class java.lang.Object, but interface was expected> (0x00000000eab42c58) 
thrown [s\src\hotspot\share\interpreter\linkResolver.cpp, line 840]
Event: 447.732 Thread 0x000002269bc35020 Exception <a 'java/lang/IncompatibleClassChangeError'{0x00000000ead166e0}: Found class java.lang.Object, but interface was expected> (0x00000000ead166e0) 
thrown [s\src\hotspot\share\interpreter\linkResolver.cpp, line 840]
Event: 447.889 Thread 0x000002269bc335e0 Implicit null exception at 0x0000022648a278e3 to 0x0000022648a27eec
Event: 449.332 Thread 0x000002269b15ee40 Exception <a 'java/lang/NoSuchMethodError'{0x00000000eab22080}: 'java.lang.Object java.lang.invoke.DirectMethodHandle$Holder.invokeStatic(java.lang.Object, int, int, java.lang.Object)'> (0x00000000eab22080) 
thrown [s\src\hotspot\share\interpreter\linkResolver.cpp, line 773]
Event: 452.508 Thread 0x000002269b161c30 Exception <a 'java/lang/NoSuchMethodError'{0x00000000ead7e2c8}: 'void java.lang.invoke.DirectMethodHandle$Holder.invokeSpecial(java.lang.Object, java.lang.Object, int)'> (0x00000000ead7e2c8) 
thrown [s\src\hotspot\share\interpreter\linkResolver.cpp, line 773]
Event: 467.059 Thread 0x000002269b161c30 Exception <a 'sun/nio/fs/WindowsException'{0x00000000eac05f20}> (0x00000000eac05f20) 
thrown [s\src\hotspot\share\prims\jni.cpp, line 520]
Event: 467.060 Thread 0x000002269b161c30 Exception <a 'sun/nio/fs/WindowsException'{0x00000000eac067e8}> (0x00000000eac067e8) 
thrown [s\src\hotspot\share\prims\jni.cpp, line 520]
Event: 467.062 Thread 0x000002269b161c30 Exception <a 'sun/nio/fs/WindowsException'{0x00000000eac074a8}> (0x00000000eac074a8) 
thrown [s\src\hotspot\share\prims\jni.cpp, line 520]
Event: 467.062 Thread 0x000002269b161c30 Exception <a 'sun/nio/fs/WindowsException'{0x00000000eac07d70}> (0x00000000eac07d70) 
thrown [s\src\hotspot\share\prims\jni.cpp, line 520]
Event: 467.064 Thread 0x000002269b161c30 Exception <a 'sun/nio/fs/WindowsException'{0x00000000eac09460}> (0x00000000eac09460) 
thrown [s\src\hotspot\share\prims\jni.cpp, line 520]
Event: 467.065 Thread 0x000002269b161c30 Exception <a 'sun/nio/fs/WindowsException'{0x00000000eac09a78}> (0x00000000eac09a78) 
thrown [s\src\hotspot\share\prims\jni.cpp, line 520]
Event: 467.113 Thread 0x000002269b161c30 Exception <a 'sun/nio/fs/WindowsException'{0x00000000eac26c00}> (0x00000000eac26c00) 
thrown [s\src\hotspot\share\prims\jni.cpp, line 520]
Event: 467.113 Thread 0x000002269b161c30 Exception <a 'sun/nio/fs/WindowsException'{0x00000000eac274c8}> (0x00000000eac274c8) 
thrown [s\src\hotspot\share\prims\jni.cpp, line 520]
Event: 468.979 Thread 0x000002269b160880 Exception <a 'sun/nio/fs/WindowsException'{0x00000000eab2ac38}> (0x00000000eab2ac38) 
thrown [s\src\hotspot\share\prims\jni.cpp, line 520]
Event: 468.979 Thread 0x000002269b160880 Exception <a 'sun/nio/fs/WindowsException'{0x00000000eab2b2a0}> (0x00000000eab2b2a0) 
thrown [s\src\hotspot\share\prims\jni.cpp, line 520]
Event: 469.503 Thread 0x000002269b161c30 Exception <a 'java/lang/ArrayIndexOutOfBoundsException'{0x00000000eab96ef0}: Index 464 out of bounds for length 463> (0x00000000eab96ef0) 
thrown [s\src\hotspot\share\interpreter\interpreterRuntime.cpp, line 439]
Event: 479.893 Thread 0x000002269b161c30 Implicit null exception at 0x0000022648db3ae8 to 0x0000022648db4a7c

ZGC Phase Switch (0 events):
No events

VM Operations (20 events):
Event: 479.905 Executing VM operation: ParallelGCFailedAllocation (Allocation Failure)
Event: 479.913 Executing VM operation: ParallelGCFailedAllocation (Allocation Failure) done
Event: 479.924 Executing VM operation: ParallelGCFailedAllocation (Allocation Failure)
Event: 479.927 Executing VM operation: ParallelGCFailedAllocation (Allocation Failure) done
Event: 479.946 Executing VM operation: ParallelGCFailedAllocation (Allocation Failure)
Event: 479.950 Executing VM operation: ParallelGCFailedAllocation (Allocation Failure) done
Event: 479.977 Executing VM operation: ParallelGCFailedAllocation (Allocation Failure)
Event: 479.980 Executing VM operation: ParallelGCFailedAllocation (Allocation Failure) done
Event: 480.140 Executing VM operation: ParallelGCFailedAllocation (Allocation Failure)
Event: 480.143 Executing VM operation: ParallelGCFailedAllocation (Allocation Failure) done
Event: 481.153 Executing VM operation: Cleanup
Event: 481.153 Executing VM operation: Cleanup done
Event: 481.153 Executing VM operation: HandshakeAllThreads (HandshakeForDeflation)
Event: 481.153 Executing VM operation: HandshakeAllThreads (HandshakeForDeflation) done
Event: 481.153 Executing VM operation: RendezvousGCThreads
Event: 481.153 Executing VM operation: RendezvousGCThreads done
Event: 481.176 Executing VM operation: ParallelGCFailedAllocation (Allocation Failure)
Event: 481.178 Executing VM operation: ParallelGCFailedAllocation (Allocation Failure) done
Event: 482.195 Executing VM operation: Cleanup
Event: 482.195 Executing VM operation: Cleanup done

Memory protections (0 events):
No events

Nmethod flushes (20 events):
Event: 109.777 Thread 0x0000022651781bd0 flushing  nmethod 0x0000022640fc6290
Event: 109.777 Thread 0x0000022651781bd0 flushing osr nmethod 0x0000022640fc7b90
Event: 109.777 Thread 0x0000022651781bd0 flushing  nmethod 0x0000022640fc9410
Event: 109.777 Thread 0x0000022651781bd0 flushing  nmethod 0x0000022640fcc210
Event: 109.777 Thread 0x0000022651781bd0 flushing  nmethod 0x0000022640fcd410
Event: 109.777 Thread 0x0000022651781bd0 flushing  nmethod 0x0000022640fcda10
Event: 109.777 Thread 0x0000022651781bd0 flushing  nmethod 0x0000022640fce290
Event: 109.777 Thread 0x0000022651781bd0 flushing  nmethod 0x0000022640fde090
Event: 109.777 Thread 0x0000022651781bd0 flushing  nmethod 0x0000022640fe2610
Event: 109.777 Thread 0x0000022651781bd0 flushing  nmethod 0x0000022640fe8990
Event: 109.777 Thread 0x0000022651781bd0 flushing  nmethod 0x0000022640ff5790
Event: 109.777 Thread 0x0000022651781bd0 flushing  nmethod 0x000002264101b910
Event: 109.777 Thread 0x0000022651781bd0 flushing  nmethod 0x000002264101fa90
Event: 109.777 Thread 0x0000022651781bd0 flushing osr nmethod 0x0000022641024510
Event: 109.777 Thread 0x0000022651781bd0 flushing  nmethod 0x000002264103d510
Event: 109.778 Thread 0x0000022651781bd0 flushing  nmethod 0x000002264103e390
Event: 109.778 Thread 0x0000022651781bd0 flushing  nmethod 0x0000022641058f90
Event: 109.778 Thread 0x0000022651781bd0 flushing  nmethod 0x0000022641061d10
Event: 109.778 Thread 0x0000022651781bd0 flushing  nmethod 0x00000226410d3b90
Event: 109.778 Thread 0x0000022651781bd0 flushing  nmethod 0x00000226410daf10

Events (20 events):
Event: 452.744 Thread 0x0000022699858920 Thread exited: 0x0000022699858920
Event: 452.873 Thread 0x0000022699855b30 Thread exited: 0x0000022699855b30
Event: 452.873 Thread 0x0000022699856850 Thread exited: 0x0000022699856850
Event: 452.956 Thread 0x0000022699857c00 Thread exited: 0x0000022699857c00
Event: 453.132 Thread 0x0000022699858290 Thread exited: 0x0000022699858290
Event: 453.305 Thread 0x000002269c4fec40 Thread exited: 0x000002269c4fec40
Event: 453.336 Thread 0x000002269bd4faf0 Thread exited: 0x000002269bd4faf0
Event: 453.494 Thread 0x00000226998561c0 Thread exited: 0x00000226998561c0
Event: 458.679 Thread 0x000002269aefdec0 Thread exited: 0x000002269aefdec0
Event: 464.581 Thread 0x00000226517abf40 Thread added: 0x000002269aeffa00
Event: 466.479 Thread 0x000002269aeffa00 Thread exited: 0x000002269aeffa00
Event: 466.769 Thread 0x000002269424cdd0 Thread added: 0x000002269aefe590
Event: 467.124 Thread 0x000002269aefe590 Thread exited: 0x000002269aefe590
Event: 468.903 Thread 0x000002269985bda0 Thread added: 0x000002269b160880
Event: 468.988 Thread 0x000002269b160880 Thread added: 0x000002269b15f4d0
Event: 470.990 Thread 0x000002269985bda0 Thread added: 0x000002269b1601f0
Event: 470.992 Thread 0x000002269b15f4d0 Thread exited: 0x000002269b15f4d0
Event: 472.989 Thread 0x000002269b1601f0 Thread exited: 0x000002269b1601f0
Event: 479.914 Thread 0x000002269424cdd0 Thread added: 0x000002269af01540
Event: 481.088 Thread 0x000002269af01540 Thread exited: 0x000002269af01540


Dynamic libraries:
0x00007ff64d280000 - 0x00007ff64d28e000 	c:\Users\Fer\.vscode\extensions\redhat.java-1.41.2025031408-win32-x64\jre\21.0.6-win32-x86_64\bin\java.exe
0x00007ff829160000 - 0x00007ff8293c3000 	C:\WINDOWS\SYSTEM32\ntdll.dll
0x00007ff826fd0000 - 0x00007ff827097000 	C:\WINDOWS\System32\KERNEL32.DLL
0x00007ff826500000 - 0x00007ff8268c7000 	C:\WINDOWS\System32\KERNELBASE.dll
0x00007ff826a30000 - 0x00007ff826b7c000 	C:\WINDOWS\System32\ucrtbase.dll
0x00007ff817120000 - 0x00007ff817138000 	c:\Users\Fer\.vscode\extensions\redhat.java-1.41.2025031408-win32-x64\jre\21.0.6-win32-x86_64\bin\jli.dll
0x00007ff828900000 - 0x00007ff828ac9000 	C:\WINDOWS\System32\USER32.dll
0x00007ff8268d0000 - 0x00007ff8268f7000 	C:\WINDOWS\System32\win32u.dll
0x00007ff8276b0000 - 0x00007ff8276da000 	C:\WINDOWS\System32\GDI32.dll
0x00007ff816a50000 - 0x00007ff816a6e000 	c:\Users\Fer\.vscode\extensions\redhat.java-1.41.2025031408-win32-x64\jre\21.0.6-win32-x86_64\bin\VCRUNTIME140.dll
0x00007ffffd060000 - 0x00007ffffd2f0000 	C:\WINDOWS\WinSxS\amd64_microsoft.windows.common-controls_6595b64144ccf1df_6.0.26100.3037_none_3e09262ce333c378\COMCTL32.dll
0x00007ff826900000 - 0x00007ff826a2b000 	C:\WINDOWS\System32\gdi32full.dll
0x00007ff826b80000 - 0x00007ff826c23000 	C:\WINDOWS\System32\msvcp_win.dll
0x00007ff828330000 - 0x00007ff8283d9000 	C:\WINDOWS\System32\msvcrt.dll
0x00007ff8281d0000 - 0x00007ff8281ff000 	C:\WINDOWS\System32\IMM32.DLL
0x00007ff816eb0000 - 0x00007ff816ebc000 	c:\Users\Fer\.vscode\extensions\redhat.java-1.41.2025031408-win32-x64\jre\21.0.6-win32-x86_64\bin\vcruntime140_1.dll
0x00007fffec890000 - 0x00007fffec91d000 	c:\Users\Fer\.vscode\extensions\redhat.java-1.41.2025031408-win32-x64\jre\21.0.6-win32-x86_64\bin\msvcp140.dll
0x00007fffbbcd0000 - 0x00007fffbca60000 	c:\Users\Fer\.vscode\extensions\redhat.java-1.41.2025031408-win32-x64\jre\21.0.6-win32-x86_64\bin\server\jvm.dll
0x00007ff828270000 - 0x00007ff828324000 	C:\WINDOWS\System32\ADVAPI32.dll
0x00007ff828b80000 - 0x00007ff828c26000 	C:\WINDOWS\System32\sechost.dll
0x00007ff8272f0000 - 0x00007ff827406000 	C:\WINDOWS\System32\RPCRT4.dll
0x00007ff828b00000 - 0x00007ff828b74000 	C:\WINDOWS\System32\WS2_32.dll
0x00007ff825840000 - 0x00007ff82588e000 	C:\WINDOWS\SYSTEM32\POWRPROF.dll
0x00007ff8141f0000 - 0x00007ff814226000 	C:\WINDOWS\SYSTEM32\WINMM.dll
0x00007ff81f0a0000 - 0x00007ff81f0ab000 	C:\WINDOWS\SYSTEM32\VERSION.dll
0x00007ff8256e0000 - 0x00007ff8256f4000 	C:\WINDOWS\SYSTEM32\UMPDC.dll
0x00007ff825330000 - 0x00007ff82534a000 	C:\WINDOWS\SYSTEM32\kernel.appcore.dll
0x00007ff816ab0000 - 0x00007ff816aba000 	c:\Users\Fer\.vscode\extensions\redhat.java-1.41.2025031408-win32-x64\jre\21.0.6-win32-x86_64\bin\jimage.dll
0x00007ff823d00000 - 0x00007ff823f41000 	C:\WINDOWS\SYSTEM32\DBGHELP.DLL
0x00007ff828d10000 - 0x00007ff82908e000 	C:\WINDOWS\System32\combase.dll
0x00007ff828c30000 - 0x00007ff828d06000 	C:\WINDOWS\System32\OLEAUT32.dll
0x00007ffff9090000 - 0x00007ffff90c9000 	C:\WINDOWS\SYSTEM32\dbgcore.DLL
0x00007ff826f00000 - 0x00007ff826f99000 	C:\WINDOWS\System32\bcryptPrimitives.dll
0x00007ff816a40000 - 0x00007ff816a4f000 	c:\Users\Fer\.vscode\extensions\redhat.java-1.41.2025031408-win32-x64\jre\21.0.6-win32-x86_64\bin\instrument.dll
0x00007ff814400000 - 0x00007ff81441f000 	c:\Users\Fer\.vscode\extensions\redhat.java-1.41.2025031408-win32-x64\jre\21.0.6-win32-x86_64\bin\java.dll
0x00007ff827ac0000 - 0x00007ff8281c4000 	C:\WINDOWS\System32\SHELL32.dll
0x00007ff824240000 - 0x00007ff824a77000 	C:\WINDOWS\SYSTEM32\windows.storage.dll
0x00007ff8270a0000 - 0x00007ff827189000 	C:\WINDOWS\System32\SHCORE.dll
0x00007ff827880000 - 0x00007ff8278dd000 	C:\WINDOWS\System32\shlwapi.dll
0x00007ff826410000 - 0x00007ff82643e000 	C:\WINDOWS\SYSTEM32\profapi.dll
0x00007ff8137e0000 - 0x00007ff8137f8000 	c:\Users\Fer\.vscode\extensions\redhat.java-1.41.2025031408-win32-x64\jre\21.0.6-win32-x86_64\bin\zip.dll
0x00007ff8164d0000 - 0x00007ff8164e0000 	C:\Users\Fer\.vscode\extensions\redhat.java-1.41.2025031408-win32-x64\jre\21.0.6-win32-x86_64\bin\net.dll
0x00007ff81e160000 - 0x00007ff81e27e000 	C:\WINDOWS\SYSTEM32\WINHTTP.dll
0x00007ff825950000 - 0x00007ff8259ba000 	C:\WINDOWS\system32\mswsock.dll
0x00007ff813780000 - 0x00007ff813796000 	C:\Users\Fer\.vscode\extensions\redhat.java-1.41.2025031408-win32-x64\jre\21.0.6-win32-x86_64\bin\nio.dll
0x00007ff816140000 - 0x00007ff816150000 	c:\Users\Fer\.vscode\extensions\redhat.java-1.41.2025031408-win32-x64\jre\21.0.6-win32-x86_64\bin\verify.dll
0x00007ffff1e40000 - 0x00007ffff1e85000 	C:\Users\Fer\AppData\Roaming\Code\User\globalStorage\redhat.java\1.41.2025031408\config_win\org.eclipse.equinox.launcher\org.eclipse.equinox.launcher.win32.win32.x86_64_1.2.1200.v20250212-0927\eclipse_11909.dll
0x00007ff8276e0000 - 0x00007ff827875000 	C:\WINDOWS\System32\ole32.dll
0x00007ff825bf0000 - 0x00007ff825c0c000 	C:\WINDOWS\SYSTEM32\CRYPTSP.dll
0x00007ff825290000 - 0x00007ff8252c8000 	C:\WINDOWS\system32\rsaenh.dll
0x00007ff8259f0000 - 0x00007ff825a1b000 	C:\WINDOWS\SYSTEM32\USERENV.dll
0x00007ff825dc0000 - 0x00007ff825de6000 	C:\WINDOWS\SYSTEM32\bcrypt.dll
0x00007ff825c10000 - 0x00007ff825c1c000 	C:\WINDOWS\SYSTEM32\CRYPTBASE.dll
0x00007ff824d70000 - 0x00007ff824da2000 	C:\WINDOWS\SYSTEM32\IPHLPAPI.DLL
0x00007ff8278e0000 - 0x00007ff8278ea000 	C:\WINDOWS\System32\NSI.dll
0x00007ff80fd50000 - 0x00007ff80fd99000 	C:\Users\Fer\AppData\Local\Temp\jna-70515\jna17053639832725751289.dll
0x00007ff828460000 - 0x00007ff828468000 	C:\WINDOWS\System32\PSAPI.DLL
0x00007ff81e340000 - 0x00007ff81e35f000 	C:\WINDOWS\SYSTEM32\dhcpcsvc6.DLL
0x00007ff81dfc0000 - 0x00007ff81dfe5000 	C:\WINDOWS\SYSTEM32\dhcpcsvc.DLL
0x00007ff8143f0000 - 0x00007ff8143fe000 	C:\Users\Fer\.vscode\extensions\redhat.java-1.41.2025031408-win32-x64\jre\21.0.6-win32-x86_64\bin\sunmscapi.dll
0x00007ff826d80000 - 0x00007ff826ef6000 	C:\WINDOWS\System32\CRYPT32.dll
0x00007ff825d80000 - 0x00007ff825db0000 	C:\WINDOWS\SYSTEM32\ncrypt.dll
0x00007ff825d30000 - 0x00007ff825d6f000 	C:\WINDOWS\SYSTEM32\NTASN1.dll
0x00007ff81e700000 - 0x00007ff81e709000 	C:\Users\Fer\.vscode\extensions\redhat.java-1.41.2025031408-win32-x64\jre\21.0.6-win32-x86_64\bin\extnet.dll

dbghelp: loaded successfully - version: 4.0.5 - missing functions: none
symbol engine: initialized successfully - sym options: 0x614 - pdb path: .;c:\Users\Fer\.vscode\extensions\redhat.java-1.41.2025031408-win32-x64\jre\21.0.6-win32-x86_64\bin;C:\WINDOWS\SYSTEM32;C:\WINDOWS\WinSxS\amd64_microsoft.windows.common-controls_6595b64144ccf1df_6.0.26100.3037_none_3e09262ce333c378;c:\Users\Fer\.vscode\extensions\redhat.java-1.41.2025031408-win32-x64\jre\21.0.6-win32-x86_64\bin\server;C:\Users\Fer\AppData\Roaming\Code\User\globalStorage\redhat.java\1.41.2025031408\config_win\org.eclipse.equinox.launcher\org.eclipse.equinox.launcher.win32.win32.x86_64_1.2.1200.v20250212-0927;C:\Users\Fer\AppData\Local\Temp\jna-70515

VM Arguments:
jvm_args: --add-modules=ALL-SYSTEM --add-opens=java.base/java.util=ALL-UNNAMED --add-opens=java.base/java.lang=ALL-UNNAMED --add-opens=java.base/sun.nio.fs=ALL-UNNAMED -Declipse.application=org.eclipse.jdt.ls.core.id1 -Dosgi.bundles.defaultStartLevel=4 -Declipse.product=org.eclipse.jdt.ls.core.product -Djava.import.generatesMetadataFilesAtProjectRoot=false -DDetectVMInstallationsJob.disabled=true -Dfile.encoding=utf8 -XX:+UseParallelGC -XX:GCTimeRatio=4 -XX:AdaptiveSizePolicyWeight=90 -Dsun.zip.disableMemoryMapping=true -Xmx1G -Xms100m -Xlog:disable -javaagent:c:\Users\Fer\.vscode\extensions\redhat.java-1.41.2025031408-win32-x64\lombok\lombok-1.18.36.jar -XX:+HeapDumpOnOutOfMemoryError -XX:HeapDumpPath=c:\Users\Fer\AppData\Roaming\Code\User\workspaceStorage\398de21c129474aaeb59c0a7e6288a23\redhat.java -Daether.dependencyCollector.impl=bf 
java_command: c:\Users\Fer\.vscode\extensions\redhat.java-1.41.2025031408-win32-x64\server\plugins\org.eclipse.equinox.launcher_1.6.1100.v20250306-0509.jar -configuration c:\Users\Fer\AppData\Roaming\Code\User\globalStorage\redhat.java\1.41.2025031408\config_win -data c:\Users\Fer\AppData\Roaming\Code\User\workspaceStorage\398de21c129474aaeb59c0a7e6288a23\redhat.java\jdt_ws --pipe=\\.\pipe\lsp-7811f94ad7b68dffe2f2b31779c07422-sock
java_class_path (initial): c:\Users\Fer\.vscode\extensions\redhat.java-1.41.2025031408-win32-x64\server\plugins\org.eclipse.equinox.launcher_1.6.1100.v20250306-0509.jar
Launcher Type: SUN_STANDARD

[Global flags]
    uintx AdaptiveSizePolicyWeight                 = 90                                        {product} {command line}
     intx CICompilerCount                          = 4                                         {product} {ergonomic}
    uintx GCTimeRatio                              = 4                                         {product} {command line}
     bool HeapDumpOnOutOfMemoryError               = true                                   {manageable} {command line}
    ccstr HeapDumpPath                             = c:\Users\Fer\AppData\Roaming\Code\User\workspaceStorage\398de21c129474aaeb59c0a7e6288a23\redhat.java         {manageable} {command line}
   size_t InitialHeapSize                          = 104857600                                 {product} {command line}
   size_t MaxHeapSize                              = 1073741824                                {product} {command line}
   size_t MaxNewSize                               = 357564416                                 {product} {ergonomic}
   size_t MinHeapDeltaBytes                        = 524288                                    {product} {ergonomic}
   size_t MinHeapSize                              = 104857600                                 {product} {command line}
   size_t NewSize                                  = 34603008                                  {product} {ergonomic}
    uintx NonNMethodCodeHeapSize                   = 5839372                                {pd product} {ergonomic}
    uintx NonProfiledCodeHeapSize                  = 122909434                              {pd product} {ergonomic}
   size_t OldSize                                  = 70254592                                  {product} {ergonomic}
    uintx ProfiledCodeHeapSize                     = 122909434                              {pd product} {ergonomic}
    uintx ReservedCodeCacheSize                    = 251658240                              {pd product} {ergonomic}
     bool SegmentedCodeCache                       = true                                      {product} {ergonomic}
   size_t SoftMaxHeapSize                          = 1073741824                             {manageable} {ergonomic}
     bool UseCompressedOops                        = true                           {product lp64_product} {ergonomic}
     bool UseLargePagesIndividualAllocation        = false                                  {pd product} {ergonomic}
     bool UseParallelGC                            = true                                      {product} {command line}

Logging:
Log output configuration:
 #0: stdout all=off uptime,level,tags foldmultilines=false
 #1: stderr all=off uptime,level,tags foldmultilines=false

Environment Variables:
PATH=C:\Program Files\sap\hdbclient;C:\Program Files\Common Files\Oracle\Java\javapath;C:\Program Files (x86)\Common Files\Oracle\Java\java8path;C:\Program Files (x86)\Common Files\Oracle\Java\javapath;C:\Windows\system32;C:\Windows;C:\Windows\System32\Wbem;C:\Windows\System32\WindowsPowerShell\v1.0\;C:\Windows\System32\OpenSSH\;C:\Program Files (x86)\Microsoft SQL Server\160\DTS\Binn\;C:\Program Files\Azure Data Studio\bin;C:\Program Files\Microsoft SQL Server\Client SDK\ODBC\170\Tools\Binn\;C:\Program Files (x86)\Microsoft SQL Server\150\Tools\Binn\;C:\Program Files\Microsoft SQL Server\150\Tools\Binn\;C:\Program Files\Microsoft SQL Server\150\DTS\Binn\;C:\Program Files\nodejs\;C:\apache-maven-3.9.9\bin;C:\Program Files\Git\cmd;C:\WINDOWS\system32;C:\WINDOWS;C:\WINDOWS\System32\Wbem;C:\WINDOWS\System32\WindowsPowerShell\v1.0\;C:\WINDOWS\System32\OpenSSH\;C:\Users\Fer\AppData\Local\Microsoft\WindowsApps;C:\Users\Fer\AppData\Local\Programs\Microsoft VS Code\bin;C:\Users\Fer\AppData\Local\GitHubDesktop\bin;C:\Program Files\Azure Data Studio\bin;C:\Users\Fer\AppData\Roaming\npm;
USERNAME=Fer
OS=Windows_NT
PROCESSOR_IDENTIFIER=Intel64 Family 6 Model 126 Stepping 5, GenuineIntel
TMP=C:\Users\Fer\AppData\Local\Temp
TEMP=C:\Users\Fer\AppData\Local\Temp




Periodic native trim disabled

---------------  S Y S T E M  ---------------

OS:
 Windows 11 , 64 bit Build 26100 (10.0.26100.3037)
OS uptime: 4 days 19:15 hours

CPU: total 8 (initial active 8) (4 cores per cpu, 2 threads per core) family 6 model 126 stepping 5 microcode 0xc2, cx8, cmov, fxsr, ht, mmx, 3dnowpref, sse, sse2, sse3, ssse3, sse4.1, sse4.2, popcnt, lzcnt, tsc, tscinvbit, avx, avx2, aes, erms, clmul, bmi1, bmi2, adx, avx512f, avx512dq, avx512cd, avx512bw, avx512vl, sha, fma, vzeroupper, avx512_vpopcntdq, avx512_vpclmulqdq, avx512_vaes, avx512_vnni, clflush, clflushopt, avx512_vbmi2, avx512_vbmi, rdtscp, rdpid, fsrm, gfni, avx512_bitalg, f16c, pku, avx512_ifma
Processor Information for the first 8 processors :
  Max Mhz: 1498, Current Mhz: 1298, Mhz Limit: 1288

Memory: 4k page, system-wide physical 7959M (374M free)
TotalPageFile size 32535M (AvailPageFile size 4M)
current process WorkingSet (physical memory assigned to process): 337M, peak: 581M
current process commit charge ("private bytes"): 801M, peak: 801M

vm_info: OpenJDK 64-Bit Server VM (21.0.6+7-LTS) for windows-amd64 JRE (21.0.6+7-LTS), built on 2025-01-21T00:00:00Z by "admin" with MS VC++ 17.7 (VS2022)

END.
