#
# There is insufficient memory for the Java Runtime Environment to continue.
# Native memory allocation (malloc) failed to allocate 1043216 bytes for Chunk::new
# Possible reasons:
#   The system is out of physical RAM or swap space
#   The process is running with CompressedOops enabled, and the Java Heap may be blocking the growth of the native heap
# Possible solutions:
#   Reduce memory load on the system
#   Increase physical memory or swap space
#   Check if swap backing store is full
#   Decrease Java heap size (-Xmx/-Xms)
#   Decrease number of Java threads
#   Decrease Java thread stack sizes (-Xss)
#   Set larger code cache with -XX:ReservedCodeCacheSize=
#   JVM is running with Zero Based Compressed Oops mode in which the Java heap is
#     placed in the first 32GB address space. The Java Heap base address is the
#     maximum limit for the native heap growth. Please use -XX:HeapBaseMinAddress
#     to set the Java Heap base and to place the Java Heap above 32GB virtual address.
# This output file may be truncated or incomplete.
#
#  Out of Memory Error (arena.cpp:189), pid=20684, tid=9308
#
# JRE version: Java(TM) SE Runtime Environment (17.0.15+9) (build 17.0.15+9-LTS-241)
# Java VM: Java HotSpot(TM) 64-Bit Server VM (17.0.15+9-LTS-241, mixed mode, sharing, tiered, compressed oops, compressed class ptrs, g1 gc, windows-amd64)
# No core dump will be written. Minidumps are not enabled by default on client versions of Windows
#

---------------  S U M M A R Y ------------

Command Line: -XX:+ShowCodeDetailsInExceptionMessages com.sellout.KeycloakAdapterApplication

Host: 11th Gen Intel(R) Core(TM) i7-1165G7 @ 2.80GHz, 8 cores, 39G,  Windows 11 , 64 bit Build 26100 (10.0.26100.4768)
Time: Tue Jul 29 20:39:55 2025 Hora est. Pacífico, Sudamérica elapsed time: 17955.039701 seconds (0d 4h 59m 15s)

---------------  T H R E A D  ---------------

Current thread (0x00000228ff6f04b0):  JavaThread "C2 CompilerThread0" daemon [_thread_in_native, id=9308, stack(0x0000005e51200000,0x0000005e51300000)]


Current CompileTask:
C2:17955040 10056       4       com.fasterxml.jackson.databind.introspect.AnnotatedClassResolver::resolveClassAnnotations (219 bytes)

Stack: [0x0000005e51200000,0x0000005e51300000]
Native frames: (J=compiled Java code, j=interpreted, Vv=VM code, C=native code)
V  [jvm.dll+0x67a46a]
V  [jvm.dll+0x7da6ad]
V  [jvm.dll+0x7dbff3]
V  [jvm.dll+0x7dc663]
V  [jvm.dll+0x24523f]
V  [jvm.dll+0xab763]
V  [jvm.dll+0xabd2c]
V  [jvm.dll+0x2aa6df]
V  [jvm.dll+0x5822c9]
V  [jvm.dll+0x21f5d2]
V  [jvm.dll+0x21f9cf]
V  [jvm.dll+0x218c50]
V  [jvm.dll+0x215d15]
V  [jvm.dll+0x1a2a00]
V  [jvm.dll+0x2262bb]
V  [jvm.dll+0x22445b]
V  [jvm.dll+0x790acc]
V  [jvm.dll+0x78b0ba]
V  [jvm.dll+0x679355]
C  [ucrtbase.dll+0x37b0]
C  [KERNEL32.DLL+0x2e8d7]
C  [ntdll.dll+0x3c34c]


---------------  P R O C E S S  ---------------

Threads class SMR info:
_java_thread_list=0x00000228e08cc200, length=18, elements={
0x00000228ff6d9400, 0x00000228ff6d9fb0, 0x00000228ff6eb700, 0x00000228ff6ec2b0,
0x00000228ff6eed70, 0x00000228ff6ef720, 0x00000228ff6f04b0, 0x00000228ff6f1e70,
0x00000228ff6f4780, 0x000002289881b660, 0x0000022898846360, 0x00000228e17fb0a0,
0x00000228dfd0e590, 0x00000228e19b24f0, 0x00000228dec162c0, 0x00000228e14e1ae0,
0x00000228e14e6310, 0x00000228e14e7b20
}

Java Threads: ( => current thread )
  0x00000228ff6d9400 JavaThread "Reference Handler" daemon [_thread_blocked, id=19404, stack(0x0000005e50c00000,0x0000005e50d00000)]
  0x00000228ff6d9fb0 JavaThread "Finalizer" daemon [_thread_blocked, id=21108, stack(0x0000005e50d00000,0x0000005e50e00000)]
  0x00000228ff6eb700 JavaThread "Signal Dispatcher" daemon [_thread_blocked, id=15364, stack(0x0000005e50e00000,0x0000005e50f00000)]
  0x00000228ff6ec2b0 JavaThread "Attach Listener" daemon [_thread_blocked, id=15964, stack(0x0000005e50f00000,0x0000005e51000000)]
  0x00000228ff6eed70 JavaThread "Service Thread" daemon [_thread_blocked, id=8924, stack(0x0000005e51000000,0x0000005e51100000)]
  0x00000228ff6ef720 JavaThread "Monitor Deflation Thread" daemon [_thread_blocked, id=25388, stack(0x0000005e51100000,0x0000005e51200000)]
=>0x00000228ff6f04b0 JavaThread "C2 CompilerThread0" daemon [_thread_in_native, id=9308, stack(0x0000005e51200000,0x0000005e51300000)]
  0x00000228ff6f1e70 JavaThread "C1 CompilerThread0" daemon [_thread_blocked, id=5876, stack(0x0000005e51300000,0x0000005e51400000)]
  0x00000228ff6f4780 JavaThread "Sweeper thread" daemon [_thread_blocked, id=22652, stack(0x0000005e51400000,0x0000005e51500000)]
  0x000002289881b660 JavaThread "Notification Thread" daemon [_thread_blocked, id=25348, stack(0x0000005e51500000,0x0000005e51600000)]
  0x0000022898846360 JavaThread "Common-Cleaner" daemon [_thread_blocked, id=7480, stack(0x0000005e51700000,0x0000005e51800000)]
  0x00000228e17fb0a0 JavaThread "Catalina-utility-1" [_thread_blocked, id=5708, stack(0x0000005e52500000,0x0000005e52600000)]
  0x00000228dfd0e590 JavaThread "Catalina-utility-2" [_thread_blocked, id=23964, stack(0x0000005e52600000,0x0000005e52700000)]
  0x00000228e19b24f0 JavaThread "container-0" [_thread_blocked, id=9844, stack(0x0000005e52700000,0x0000005e52800000)]
  0x00000228dec162c0 JavaThread "AsyncResolver-bootstrap-0" daemon [_thread_blocked, id=2924, stack(0x0000005e52a00000,0x0000005e52b00000)]
  0x00000228e14e1ae0 JavaThread "DestroyJavaVM" [_thread_blocked, id=8860, stack(0x0000005e50500000,0x0000005e50600000)]
  0x00000228e14e6310 JavaThread "AsyncResolver-bootstrap-executor-0" daemon [_thread_blocked, id=24028, stack(0x0000005e50300000,0x0000005e50400000)]
  0x00000228e14e7b20 JavaThread "Thread-1" [_thread_in_Java, id=4444, stack(0x0000005e50400000,0x0000005e50500000)]

Other Threads:
  0x00000228ff6d2940 VMThread "VM Thread" [stack: 0x0000005e50b00000,0x0000005e50c00000] [id=1844]
  0x00000228ff51f620 WatcherThread [stack: 0x0000005e51600000,0x0000005e51700000] [id=11304]
  0x00000228e541c260 GCTaskThread "GC Thread#0" [stack: 0x0000005e50600000,0x0000005e50700000] [id=23488]
  0x00000228dea62930 GCTaskThread "GC Thread#1" [stack: 0x0000005e51b00000,0x0000005e51c00000] [id=7656]
  0x00000228dea615f0 GCTaskThread "GC Thread#2" [stack: 0x0000005e51c00000,0x0000005e51d00000] [id=21120]
  0x00000228dea618b0 GCTaskThread "GC Thread#3" [stack: 0x0000005e51d00000,0x0000005e51e00000] [id=1788]
  0x00000228dea61b70 GCTaskThread "GC Thread#4" [stack: 0x0000005e51e00000,0x0000005e51f00000] [id=11876]
  0x00000228dea620f0 GCTaskThread "GC Thread#5" [stack: 0x0000005e51f00000,0x0000005e52000000] [id=23580]
  0x00000228dea61330 GCTaskThread "GC Thread#6" [stack: 0x0000005e52000000,0x0000005e52100000] [id=8884]
  0x00000228dea62bf0 GCTaskThread "GC Thread#7" [stack: 0x0000005e52100000,0x0000005e52200000] [id=13548]
  0x00000228e54270f0 ConcurrentGCThread "G1 Main Marker" [stack: 0x0000005e50700000,0x0000005e50800000] [id=13280]
  0x00000228e5427b00 ConcurrentGCThread "G1 Conc#0" [stack: 0x0000005e50800000,0x0000005e50900000] [id=12400]
  0x00000228dfe13930 ConcurrentGCThread "G1 Conc#1" [stack: 0x0000005e51800000,0x0000005e51900000] [id=11760]
  0x00000228ff610020 ConcurrentGCThread "G1 Refine#0" [stack: 0x0000005e50900000,0x0000005e50a00000] [id=11772]
  0x00000228dec46d50 ConcurrentGCThread "G1 Refine#1" [stack: 0x0000005e52400000,0x0000005e52500000] [id=25496]
  0x00000228ff6108f0 ConcurrentGCThread "G1 Service" [stack: 0x0000005e50a00000,0x0000005e50b00000] [id=1748]

Threads with active compile tasks:
C2 CompilerThread0  17955092 10056       4       com.fasterxml.jackson.databind.introspect.AnnotatedClassResolver::resolveClassAnnotations (219 bytes)

VM state: not at safepoint (normal execution)

VM Mutex/Monitor currently owned by a thread: None

Heap address: 0x0000000583000000, size: 10192 MB, Compressed Oops mode: Zero based, Oop shift amount: 3

CDS archive(s) mapped at: [0x0000022899000000-0x0000022899bd0000-0x0000022899bd0000), size 12386304, SharedBaseAddress: 0x0000022899000000, ArchiveRelocationMode: 1.
Compressed class space mapped at: 0x000002289a000000-0x00000228da000000, reserved size: 1073741824
Narrow klass base: 0x0000022899000000, Narrow klass shift: 0, Narrow klass range: 0x100000000

GC Precious Log:
 CPUs: 8 total, 8 available
 Memory: 40743M
 Large Page Support: Disabled
 NUMA Support: Disabled
 Compressed Oops: Enabled (Zero based)
 Heap Region Size: 8M
 Heap Min Capacity: 8M
 Heap Initial Capacity: 640M
 Heap Max Capacity: 10192M
 Pre-touch: Disabled
 Parallel Workers: 8
 Concurrent Workers: 2
 Concurrent Refinement Workers: 8
 Periodic GC: Disabled

Heap:
 garbage-first heap   total 81920K, used 39667K [0x0000000583000000, 0x0000000800000000)
  region size 8192K, 3 young (24576K), 1 survivors (8192K)
 Metaspace       used 48125K, committed 48704K, reserved 1114112K
  class space    used 5882K, committed 6144K, reserved 1048576K

Heap Regions: E=young(eden), S=young(survivor), O=old, HS=humongous(starts), HC=humongous(continues), CS=collection set, F=free, OA=open archive, CA=closed archive, TAMS=top-at-mark-start (previous, next)
|   0|0x0000000583000000, 0x000000058368e400, 0x0000000583800000| 81%| O|  |TAMS 0x0000000583000000, 0x0000000583000000| Untracked 
|   1|0x0000000583800000, 0x0000000584000000, 0x0000000584000000|100%| O|  |TAMS 0x0000000584000000, 0x0000000583800000| Untracked 
|   2|0x0000000584000000, 0x0000000584800000, 0x0000000584800000|100%| O|  |TAMS 0x0000000584800000, 0x0000000584000000| Untracked 
|   3|0x0000000584800000, 0x0000000584800000, 0x0000000585000000|  0%| F|  |TAMS 0x0000000584800000, 0x0000000584800000| Untracked 
|   4|0x0000000585000000, 0x0000000585800000, 0x0000000585800000|100%| O|  |TAMS 0x00000005856e7000, 0x0000000585000000| Untracked 
|   5|0x0000000585800000, 0x000000058582eba0, 0x0000000586000000|  2%| S|CS|TAMS 0x0000000585800000, 0x0000000585800000| Complete 
|   6|0x0000000586000000, 0x0000000586000000, 0x0000000586800000|  0%| F|  |TAMS 0x0000000586000000, 0x0000000586000000| Untracked 
|   7|0x0000000586800000, 0x0000000586800000, 0x0000000587000000|  0%| F|  |TAMS 0x0000000586800000, 0x0000000586800000| Untracked 
|  74|0x00000005a8000000, 0x00000005a80ae230, 0x00000005a8800000|  8%| E|  |TAMS 0x00000005a8000000, 0x00000005a8000000| Complete 
|  79|0x00000005aa800000, 0x00000005ab000000, 0x00000005ab000000|100%| E|CS|TAMS 0x00000005aa800000, 0x00000005aa800000| Complete 

Card table byte_map: [0x0000022880000000,0x00000228813f0000] _byte_map_base: 0x000002287d3e8000

Marking Bits (Prev, Next): (CMBitMap*) 0x00000228e541c8c0, (CMBitMap*) 0x00000228e541c880
 Prev Bits: [0x000002288c720000, 0x0000022896660000)
 Next Bits: [0x00000228827e0000, 0x000002288c720000)

Polling page: 0x00000228ee410000

Metaspace:

Usage:
  Non-class:     41.25 MB used.
      Class:      5.74 MB used.
       Both:     47.00 MB used.

Virtual space:
  Non-class space:       64.00 MB reserved,      41.56 MB ( 65%) committed,  1 nodes.
      Class space:        1.00 GB reserved,       6.00 MB ( <1%) committed,  1 nodes.
             Both:        1.06 GB reserved,      47.56 MB (  4%) committed. 

Chunk freelists:
   Non-Class:  6.04 MB
       Class:  10.04 MB
        Both:  16.08 MB

MaxMetaspaceSize: unlimited
CompressedClassSpaceSize: 1.00 GB
Initial GC threshold: 21.00 MB
Current GC threshold: 68.75 MB
CDS: on
MetaspaceReclaimPolicy: balanced
 - commit_granule_bytes: 65536.
 - commit_granule_words: 8192.
 - virtual_space_node_default_size: 8388608.
 - enlarge_chunks_in_place: 1.
 - new_chunks_are_fully_committed: 0.
 - uncommit_free_chunks: 1.
 - use_allocation_guard: 0.
 - handle_deallocations: 1.


Internal statistics:

num_allocs_failed_limit: 9.
num_arena_births: 718.
num_arena_deaths: 0.
num_vsnodes_births: 2.
num_vsnodes_deaths: 0.
num_space_committed: 761.
num_space_uncommitted: 0.
num_chunks_returned_to_freelist: 9.
num_chunks_taken_from_freelist: 2464.
num_chunk_merges: 6.
num_chunk_splits: 1657.
num_chunks_enlarged: 1172.
num_inconsistent_stats: 0.

CodeHeap 'non-profiled nmethods': size=120000Kb used=6283Kb max_used=6283Kb free=113716Kb
 bounds [0x00000228f5f00000, 0x00000228f6530000, 0x00000228fd430000]
CodeHeap 'profiled nmethods': size=120000Kb used=18236Kb max_used=18963Kb free=101763Kb
 bounds [0x00000228ee430000, 0x00000228ef6d0000, 0x00000228f5960000]
CodeHeap 'non-nmethods': size=5760Kb used=1293Kb max_used=1343Kb free=4466Kb
 bounds [0x00000228f5960000, 0x00000228f5bd0000, 0x00000228f5f00000]
 total_blobs=9121 nmethods=8523 adapters=510
 compilation: enabled
              stopped_count=0, restarted_count=0
 full_count=0

Compilation events (20 events):
Event: 17950.934 Thread 0x00000228ff6f1e70 10061       1       ch.qos.logback.classic.spi.ThrowableProxy::getStackTraceElementProxyArray (5 bytes)
Event: 17950.934 Thread 0x00000228ff6f1e70 nmethod 10061 0x00000228f6521810 code [0x00000228f65219a0, 0x00000228f6521a78]
Event: 17950.934 Thread 0x00000228ff6f1e70 10062       1       ch.qos.logback.classic.spi.ThrowableProxy::getSuppressed (5 bytes)
Event: 17950.934 Thread 0x00000228ff6f1e70 nmethod 10062 0x00000228f6521b10 code [0x00000228f6521ca0, 0x00000228f6521d78]
Event: 17950.934 Thread 0x00000228ff6f1e70 10063       1       ch.qos.logback.classic.spi.ThrowableProxy::getCause (5 bytes)
Event: 17950.935 Thread 0x00000228ff6f1e70 nmethod 10063 0x00000228f6521e10 code [0x00000228f6521fa0, 0x00000228f6522078]
Event: 17950.935 Thread 0x00000228ff6f1e70 10064       3       java.lang.Throwable::getStackTrace (11 bytes)
Event: 17950.935 Thread 0x00000228ff6f1e70 nmethod 10064 0x00000228eee60990 code [0x00000228eee60b40, 0x00000228eee60e38]
Event: 17950.952 Thread 0x00000228ff6f1e70 10065       1       org.apache.tomcat.util.net.Acceptor::getState (5 bytes)
Event: 17950.952 Thread 0x00000228ff6f1e70 nmethod 10065 0x00000228f6522110 code [0x00000228f65222a0, 0x00000228f6522378]
Event: 17950.954 Thread 0x00000228ff6f1e70 10066       1       org.apache.tomcat.util.net.AbstractEndpoint::isPaused (5 bytes)
Event: 17950.954 Thread 0x00000228ff6f1e70 nmethod 10066 0x00000228f6522410 code [0x00000228f65225a0, 0x00000228f6522678]
Event: 17950.997 Thread 0x00000228ff6f1e70 10067       3       java.util.concurrent.ConcurrentLinkedQueue$Node::casItem (10 bytes)
Event: 17950.998 Thread 0x00000228ff6f1e70 nmethod 10067 0x00000228ee4bf890 code [0x00000228ee4bfb20, 0x00000228ee4c0778]
Event: 17951.006 Thread 0x00000228ff6f1e70 10068       3       java.util.Collections$SingletonSet::contains (9 bytes)
Event: 17951.006 Thread 0x00000228ff6f1e70 nmethod 10068 0x00000228eee60190 code [0x00000228eee60340, 0x00000228eee60628]
Event: 17951.006 Thread 0x00000228ff6f1e70 10069       3       java.util.Collections::eq (22 bytes)
Event: 17951.006 Thread 0x00000228ff6f1e70 nmethod 10069 0x00000228eeea2410 code [0x00000228eeea25c0, 0x00000228eeea2828]
Event: 17951.020 Thread 0x00000228ff6f1e70 10072       1       org.springframework.beans.factory.support.DefaultSingletonBeanRegistry::getSingletonMutex (5 bytes)
Event: 17951.020 Thread 0x00000228ff6f1e70 nmethod 10072 0x00000228f6522a10 code [0x00000228f6522ba0, 0x00000228f6522c78]

GC Heap History (20 events):
Event: 13699.773 GC heap before
{Heap before GC invocations=29 (full 0):
 garbage-first heap   total 81920K, used 56280K [0x0000000583000000, 0x0000000800000000)
  region size 8192K, 4 young (32768K), 1 survivors (8192K)
 Metaspace       used 47276K, committed 47872K, reserved 1114112K
  class space    used 5856K, committed 6144K, reserved 1048576K
}
Event: 13699.780 GC heap after
{Heap after GC invocations=30 (full 0):
 garbage-first heap   total 81920K, used 31760K [0x0000000583000000, 0x0000000800000000)
  region size 8192K, 1 young (8192K), 1 survivors (8192K)
 Metaspace       used 47276K, committed 47872K, reserved 1114112K
  class space    used 5856K, committed 6144K, reserved 1048576K
}
Event: 14576.534 GC heap before
{Heap before GC invocations=30 (full 0):
 garbage-first heap   total 81920K, used 56336K [0x0000000583000000, 0x0000000800000000)
  region size 8192K, 4 young (32768K), 1 survivors (8192K)
 Metaspace       used 47319K, committed 47872K, reserved 1114112K
  class space    used 5856K, committed 6144K, reserved 1048576K
}
Event: 14576.537 GC heap after
{Heap after GC invocations=31 (full 0):
 garbage-first heap   total 81920K, used 31765K [0x0000000583000000, 0x0000000800000000)
  region size 8192K, 1 young (8192K), 1 survivors (8192K)
 Metaspace       used 47319K, committed 47872K, reserved 1114112K
  class space    used 5856K, committed 6144K, reserved 1048576K
}
Event: 15494.681 GC heap before
{Heap before GC invocations=31 (full 0):
 garbage-first heap   total 81920K, used 56341K [0x0000000583000000, 0x0000000800000000)
  region size 8192K, 4 young (32768K), 1 survivors (8192K)
 Metaspace       used 47417K, committed 48000K, reserved 1114112K
  class space    used 5856K, committed 6144K, reserved 1048576K
}
Event: 15494.684 GC heap after
{Heap after GC invocations=32 (full 0):
 garbage-first heap   total 81920K, used 31794K [0x0000000583000000, 0x0000000800000000)
  region size 8192K, 1 young (8192K), 1 survivors (8192K)
 Metaspace       used 47417K, committed 48000K, reserved 1114112K
  class space    used 5856K, committed 6144K, reserved 1048576K
}
Event: 16204.958 GC heap before
{Heap before GC invocations=32 (full 0):
 garbage-first heap   total 81920K, used 56370K [0x0000000583000000, 0x0000000800000000)
  region size 8192K, 4 young (32768K), 1 survivors (8192K)
 Metaspace       used 47570K, committed 48128K, reserved 1114112K
  class space    used 5868K, committed 6144K, reserved 1048576K
}
Event: 16204.963 GC heap after
{Heap after GC invocations=33 (full 0):
 garbage-first heap   total 81920K, used 31459K [0x0000000583000000, 0x0000000800000000)
  region size 8192K, 1 young (8192K), 1 survivors (8192K)
 Metaspace       used 47570K, committed 48128K, reserved 1114112K
  class space    used 5868K, committed 6144K, reserved 1048576K
}
Event: 16475.693 GC heap before
{Heap before GC invocations=33 (full 0):
 garbage-first heap   total 81920K, used 56035K [0x0000000583000000, 0x0000000800000000)
  region size 8192K, 4 young (32768K), 1 survivors (8192K)
 Metaspace       used 47695K, committed 48256K, reserved 1114112K
  class space    used 5869K, committed 6144K, reserved 1048576K
}
Event: 16475.696 GC heap after
{Heap after GC invocations=34 (full 0):
 garbage-first heap   total 81920K, used 31650K [0x0000000583000000, 0x0000000800000000)
  region size 8192K, 1 young (8192K), 1 survivors (8192K)
 Metaspace       used 47695K, committed 48256K, reserved 1114112K
  class space    used 5869K, committed 6144K, reserved 1048576K
}
Event: 16764.860 GC heap before
{Heap before GC invocations=34 (full 0):
 garbage-first heap   total 81920K, used 56226K [0x0000000583000000, 0x0000000800000000)
  region size 8192K, 4 young (32768K), 1 survivors (8192K)
 Metaspace       used 47781K, committed 48320K, reserved 1114112K
  class space    used 5869K, committed 6144K, reserved 1048576K
}
Event: 16764.862 GC heap after
{Heap after GC invocations=35 (full 0):
 garbage-first heap   total 81920K, used 31431K [0x0000000583000000, 0x0000000800000000)
  region size 8192K, 1 young (8192K), 1 survivors (8192K)
 Metaspace       used 47781K, committed 48320K, reserved 1114112K
  class space    used 5869K, committed 6144K, reserved 1048576K
}
Event: 17046.843 GC heap before
{Heap before GC invocations=35 (full 0):
 garbage-first heap   total 81920K, used 56007K [0x0000000583000000, 0x0000000800000000)
  region size 8192K, 4 young (32768K), 1 survivors (8192K)
 Metaspace       used 47866K, committed 48448K, reserved 1114112K
  class space    used 5869K, committed 6144K, reserved 1048576K
}
Event: 17046.845 GC heap after
{Heap after GC invocations=36 (full 0):
 garbage-first heap   total 81920K, used 31639K [0x0000000583000000, 0x0000000800000000)
  region size 8192K, 1 young (8192K), 1 survivors (8192K)
 Metaspace       used 47866K, committed 48448K, reserved 1114112K
  class space    used 5869K, committed 6144K, reserved 1048576K
}
Event: 17318.000 GC heap before
{Heap before GC invocations=36 (full 0):
 garbage-first heap   total 81920K, used 56215K [0x0000000583000000, 0x0000000800000000)
  region size 8192K, 4 young (32768K), 1 survivors (8192K)
 Metaspace       used 47917K, committed 48448K, reserved 1114112K
  class space    used 5870K, committed 6144K, reserved 1048576K
}
Event: 17318.003 GC heap after
{Heap after GC invocations=37 (full 0):
 garbage-first heap   total 81920K, used 31685K [0x0000000583000000, 0x0000000800000000)
  region size 8192K, 1 young (8192K), 1 survivors (8192K)
 Metaspace       used 47917K, committed 48448K, reserved 1114112K
  class space    used 5870K, committed 6144K, reserved 1048576K
}
Event: 17618.376 GC heap before
{Heap before GC invocations=37 (full 0):
 garbage-first heap   total 81920K, used 56261K [0x0000000583000000, 0x0000000800000000)
  region size 8192K, 4 young (32768K), 1 survivors (8192K)
 Metaspace       used 48008K, committed 48576K, reserved 1114112K
  class space    used 5870K, committed 6144K, reserved 1048576K
}
Event: 17618.378 GC heap after
{Heap after GC invocations=38 (full 0):
 garbage-first heap   total 81920K, used 31589K [0x0000000583000000, 0x0000000800000000)
  region size 8192K, 1 young (8192K), 1 survivors (8192K)
 Metaspace       used 48008K, committed 48576K, reserved 1114112K
  class space    used 5870K, committed 6144K, reserved 1048576K
}
Event: 17889.303 GC heap before
{Heap before GC invocations=38 (full 0):
 garbage-first heap   total 81920K, used 56165K [0x0000000583000000, 0x0000000800000000)
  region size 8192K, 4 young (32768K), 1 survivors (8192K)
 Metaspace       used 48063K, committed 48576K, reserved 1114112K
  class space    used 5870K, committed 6144K, reserved 1048576K
}
Event: 17889.306 GC heap after
{Heap after GC invocations=39 (full 0):
 garbage-first heap   total 81920K, used 31475K [0x0000000583000000, 0x0000000800000000)
  region size 8192K, 1 young (8192K), 1 survivors (8192K)
 Metaspace       used 48063K, committed 48576K, reserved 1114112K
  class space    used 5870K, committed 6144K, reserved 1048576K
}

Deoptimization events (20 events):
Event: 17950.972 Thread 0x00000228e14e4b00 Uncommon trap: trap_request=0xffffff45 fr.pc=0x00000228f632e6f0 relative=0x0000000000000070
Event: 17950.972 Thread 0x00000228e14e4b00 Uncommon trap: reason=unstable_if action=reinterpret pc=0x00000228f632e6f0 method=java.util.concurrent.locks.AbstractQueuedSynchronizer$ConditionNode.isReleasable()Z @ 14 c2
Event: 17950.972 Thread 0x00000228e14e4b00 DEOPT PACKING pc=0x00000228f632e6f0 sp=0x0000005e535ff1d0
Event: 17950.972 Thread 0x00000228e14e4b00 DEOPT UNPACKING pc=0x00000228f59b5ba3 sp=0x0000005e535ff160 mode 2
Event: 17950.976 Thread 0x00000228e14e2950 Uncommon trap: trap_request=0xffffff45 fr.pc=0x00000228f638f564 relative=0x0000000000000544
Event: 17950.976 Thread 0x00000228e14e2950 Uncommon trap: reason=unstable_if action=reinterpret pc=0x00000228f638f564 method=java.util.concurrent.locks.AbstractQueuedSynchronizer$ConditionObject.doSignal(Ljava/util/concurrent/locks/AbstractQueuedSynchronizer$ConditionNode;Z)V @ 42 c2
Event: 17950.976 Thread 0x00000228e14e2950 DEOPT PACKING pc=0x00000228f638f564 sp=0x0000005e533ff200
Event: 17950.976 Thread 0x00000228e14e2950 DEOPT UNPACKING pc=0x00000228f59b5ba3 sp=0x0000005e533ff1f8 mode 2
Event: 17950.996 Thread 0x00000228e14e7b20 Uncommon trap: trap_request=0xffffff45 fr.pc=0x00000228f63d2658 relative=0x00000000000004b8
Event: 17950.996 Thread 0x00000228e14e7b20 Uncommon trap: reason=unstable_if action=reinterpret pc=0x00000228f63d2658 method=java.util.concurrent.ConcurrentLinkedQueue.poll()Ljava/lang/Object; @ 29 c2
Event: 17950.996 Thread 0x00000228e14e7b20 DEOPT PACKING pc=0x00000228f63d2658 sp=0x0000005e504febc0
Event: 17950.996 Thread 0x00000228e14e7b20 DEOPT UNPACKING pc=0x00000228f59b5ba3 sp=0x0000005e504feb68 mode 2
Event: 17951.018 Thread 0x00000228dec13c40 Uncommon trap: trap_request=0xffffff45 fr.pc=0x00000228f630a338 relative=0x0000000000000038
Event: 17951.018 Thread 0x00000228dec13c40 Uncommon trap: reason=unstable_if action=reinterpret pc=0x00000228f630a338 method=java.util.concurrent.ThreadPoolExecutor.runStateAtLeast(II)Z @ 2 c2
Event: 17951.018 Thread 0x00000228dec13c40 DEOPT PACKING pc=0x00000228f630a338 sp=0x0000005e528ff140
Event: 17951.018 Thread 0x00000228dec13c40 DEOPT UNPACKING pc=0x00000228f59b5ba3 sp=0x0000005e528ff0d8 mode 2
Event: 17951.024 Thread 0x00000228dec132a0 Uncommon trap: trap_request=0xffffff45 fr.pc=0x00000228f63c2c18 relative=0x0000000000001bb8
Event: 17951.024 Thread 0x00000228dec132a0 Uncommon trap: reason=unstable_if action=reinterpret pc=0x00000228f63c2c18 method=java.util.concurrent.locks.AbstractQueuedSynchronizer$ConditionObject.awaitNanos(J)J @ 73 c2
Event: 17951.024 Thread 0x00000228dec132a0 DEOPT PACKING pc=0x00000228f63c2c18 sp=0x0000005e52ffefa0
Event: 17955.030 Thread 0x00000228dec132a0 DEOPT UNPACKING pc=0x00000228f59b5ba3 sp=0x0000005e52ffede0 mode 2

Classes unloaded (0 events):
No events

Classes redefined (0 events):
No events

Internal exceptions (20 events):
Event: 17919.356 Thread 0x00000228e14e1fb0 Exception <a 'java/net/ConnectException'{0x00000005aaa816d8}: Connection refused: no further information> (0x00000005aaa816d8) 
thrown [s\open\src\hotspot\share\prims\jni.cpp, line 535]
Event: 17919.356 Thread 0x00000228e14e1fb0 Exception <a 'java/net/SocketException'{0x00000005aaa81cb8}: Socket is not connected: shutdown> (0x00000005aaa81cb8) 
thrown [s\open\src\hotspot\share\prims\jni.cpp, line 535]
Event: 17949.697 Thread 0x00000228e14e1fb0 Exception <a 'java/net/ConnectException'{0x00000005aac9c610}: Connection refused: no further information> (0x00000005aac9c610) 
thrown [s\open\src\hotspot\share\prims\jni.cpp, line 535]
Event: 17949.697 Thread 0x00000228e14e1fb0 Exception <a 'java/net/SocketException'{0x00000005aac9cbf0}: Socket is not connected: shutdown> (0x00000005aac9cbf0) 
thrown [s\open\src\hotspot\share\prims\jni.cpp, line 535]
Event: 17949.699 Thread 0x00000228e14e5970 Exception <a 'java/net/ConnectException'{0x00000005aaccc640}: Connection refused: no further information> (0x00000005aaccc640) 
thrown [s\open\src\hotspot\share\prims\jni.cpp, line 535]
Event: 17949.699 Thread 0x00000228e14e5970 Exception <a 'java/net/SocketException'{0x00000005aacccc20}: Socket is not connected: shutdown> (0x00000005aacccc20) 
thrown [s\open\src\hotspot\share\prims\jni.cpp, line 535]
Event: 17949.736 Thread 0x00000228e14e1fb0 Exception <a 'java/net/ConnectException'{0x00000005aac9dff8}: Connection refused: no further information> (0x00000005aac9dff8) 
thrown [s\open\src\hotspot\share\prims\jni.cpp, line 535]
Event: 17949.736 Thread 0x00000228e14e1fb0 Exception <a 'java/net/SocketException'{0x00000005aac9e5d8}: Socket is not connected: shutdown> (0x00000005aac9e5d8) 
thrown [s\open\src\hotspot\share\prims\jni.cpp, line 535]
Event: 17949.744 Thread 0x00000228e14e5970 Exception <a 'java/net/ConnectException'{0x00000005aacce028}: Connection refused: no further information> (0x00000005aacce028) 
thrown [s\open\src\hotspot\share\prims\jni.cpp, line 535]
Event: 17949.744 Thread 0x00000228e14e5970 Exception <a 'java/net/SocketException'{0x00000005aacce608}: Socket is not connected: shutdown> (0x00000005aacce608) 
thrown [s\open\src\hotspot\share\prims\jni.cpp, line 535]
Event: 17950.850 Thread 0x00000228dec132a0 Exception <a 'java/net/ConnectException'{0x00000005aae22bb0}: Connection refused: no further information> (0x00000005aae22bb0) 
thrown [s\open\src\hotspot\share\prims\jni.cpp, line 535]
Event: 17950.850 Thread 0x00000228dec132a0 Exception <a 'java/net/SocketException'{0x00000005aae233e0}: Socket is not connected: shutdown> (0x00000005aae233e0) 
thrown [s\open\src\hotspot\share\prims\jni.cpp, line 535]
Event: 17950.868 Thread 0x00000228dec132a0 Exception <a 'java/net/ConnectException'{0x00000005aae24c80}: Connection refused: no further information> (0x00000005aae24c80) 
thrown [s\open\src\hotspot\share\prims\jni.cpp, line 535]
Event: 17950.868 Thread 0x00000228dec132a0 Exception <a 'java/net/SocketException'{0x00000005aae254b0}: Socket is not connected: shutdown> (0x00000005aae254b0) 
thrown [s\open\src\hotspot\share\prims\jni.cpp, line 535]
Event: 17950.909 Thread 0x00000228dec132a0 Exception <a 'java/net/ConnectException'{0x00000005aaf19698}: Connection refused: no further information> (0x00000005aaf19698) 
thrown [s\open\src\hotspot\share\prims\jni.cpp, line 535]
Event: 17950.909 Thread 0x00000228dec132a0 Exception <a 'java/net/SocketException'{0x00000005aaf19eb8}: Socket is not connected: shutdown> (0x00000005aaf19eb8) 
thrown [s\open\src\hotspot\share\prims\jni.cpp, line 535]
Event: 17950.929 Thread 0x00000228dec132a0 Exception <a 'java/net/ConnectException'{0x00000005aaf1b7c8}: Connection refused: no further information> (0x00000005aaf1b7c8) 
thrown [s\open\src\hotspot\share\prims\jni.cpp, line 535]
Event: 17950.929 Thread 0x00000228dec132a0 Exception <a 'java/net/SocketException'{0x00000005aaf1bda8}: Socket is not connected: shutdown> (0x00000005aaf1bda8) 
thrown [s\open\src\hotspot\share\prims\jni.cpp, line 535]
Event: 17950.997 Thread 0x00000228dec12dd0 Exception <a 'java/lang/InterruptedException'{0x00000005a8019090}: sleep interrupted> (0x00000005a8019090) 
thrown [s\open\src\hotspot\share\prims\jvm.cpp, line 3064]
Event: 17951.010 Thread 0x00000228e14e7b20 Exception <a 'java/lang/NoSuchMethodError'{0x00000005a802c620}: 'void java.lang.invoke.DirectMethodHandle$Holder.invokeInterface(java.lang.Object, java.lang.Object)'> (0x00000005a802c620) 
thrown [s\open\src\hotspot\share\interpreter\linkResolver.cpp, line 759]

VM Operations (20 events):
Event: 17619.393 Executing VM operation: Cleanup done
Event: 17648.604 Executing VM operation: Cleanup
Event: 17648.604 Executing VM operation: Cleanup done
Event: 17678.861 Executing VM operation: Cleanup
Event: 17678.861 Executing VM operation: Cleanup done
Event: 17739.327 Executing VM operation: Cleanup
Event: 17739.327 Executing VM operation: Cleanup done
Event: 17859.277 Executing VM operation: Cleanup
Event: 17859.277 Executing VM operation: Cleanup done
Event: 17889.303 Executing VM operation: G1CollectForAllocation
Event: 17889.306 Executing VM operation: G1CollectForAllocation done
Event: 17919.571 Executing VM operation: Cleanup
Event: 17919.571 Executing VM operation: Cleanup done
Event: 17945.833 Executing VM operation: Cleanup
Event: 17945.833 Executing VM operation: Cleanup done
Event: 17948.849 Executing VM operation: Cleanup
Event: 17949.664 Executing VM operation: Cleanup done
Event: 17950.673 Executing VM operation: Cleanup
Event: 17950.831 Executing VM operation: Cleanup done
Event: 17951.843 Executing VM operation: Cleanup

Events (20 events):
Event: 17949.740 Thread 0x00000228e14e7b20 Thread added: 0x00000228e14e7b20
Event: 17949.740 Thread 0x00000228dec14f80 Thread exited: 0x00000228dec14f80
Event: 17950.958 loading class java/util/concurrent/locks/AbstractQueuedSynchronizer$SharedNode
Event: 17950.958 Thread 0x00000228e14e54a0 Thread exited: 0x00000228e14e54a0
Event: 17950.961 loading class java/util/concurrent/locks/AbstractQueuedSynchronizer$SharedNode done
Event: 17950.970 Thread 0x00000228e14e4630 Thread exited: 0x00000228e14e4630
Event: 17950.973 Thread 0x00000228e14e3c90 Thread exited: 0x00000228e14e3c90
Event: 17950.973 Thread 0x00000228e14e2480 Thread exited: 0x00000228e14e2480
Event: 17950.973 Thread 0x00000228e14e32f0 Thread exited: 0x00000228e14e32f0
Event: 17950.973 Thread 0x00000228e14e2e20 Thread exited: 0x00000228e14e2e20
Event: 17950.973 Thread 0x00000228e14e37c0 Thread exited: 0x00000228e14e37c0
Event: 17950.973 Thread 0x00000228e14e4160 Thread exited: 0x00000228e14e4160
Event: 17950.973 Thread 0x00000228e14e4b00 Thread exited: 0x00000228e14e4b00
Event: 17950.973 Thread 0x00000228e14e4fd0 Thread exited: 0x00000228e14e4fd0
Event: 17950.978 Thread 0x00000228e14e2950 Thread exited: 0x00000228e14e2950
Event: 17950.979 Thread 0x00000228dec13770 Thread exited: 0x00000228dec13770
Event: 17950.997 Thread 0x00000228dec12dd0 Thread exited: 0x00000228dec12dd0
Event: 17951.002 loading class javax/management/NotificationBroadcasterSupport$WildcardListenerInfo
Event: 17951.005 loading class javax/management/NotificationBroadcasterSupport$WildcardListenerInfo done
Event: 17951.018 Thread 0x00000228dec13c40 Thread exited: 0x00000228dec13c40


Dynamic libraries:
0x00007ff7ce1f0000 - 0x00007ff7ce200000 	C:\Program Files\Java\jdk-17\bin\java.exe
0x00007ff8259a0000 - 0x00007ff825c07000 	C:\Windows\SYSTEM32\ntdll.dll
0x00007ff8254b0000 - 0x00007ff825579000 	C:\Windows\System32\KERNEL32.DLL
0x00007ff822d70000 - 0x00007ff823160000 	C:\Windows\System32\KERNELBASE.dll
0x00007ff823380000 - 0x00007ff8234cb000 	C:\Windows\System32\ucrtbase.dll
0x00007fff6af90000 - 0x00007fff6afab000 	C:\Program Files\Java\jdk-17\bin\VCRUNTIME140.dll
0x00007fff6afb0000 - 0x00007fff6afc9000 	C:\Program Files\Java\jdk-17\bin\jli.dll
0x00007ff8256d0000 - 0x00007ff825784000 	C:\Windows\System32\ADVAPI32.dll
0x00007ff825790000 - 0x00007ff825839000 	C:\Windows\System32\msvcrt.dll
0x00007ff824dc0000 - 0x00007ff824e66000 	C:\Windows\System32\sechost.dll
0x00007ff825840000 - 0x00007ff825958000 	C:\Windows\System32\RPCRT4.dll
0x00007ff8245e0000 - 0x00007ff8247a5000 	C:\Windows\System32\USER32.dll
0x00007ff823650000 - 0x00007ff823677000 	C:\Windows\System32\win32u.dll
0x00007ff825580000 - 0x00007ff8255ab000 	C:\Windows\System32\GDI32.dll
0x00007ff822c30000 - 0x00007ff822d68000 	C:\Windows\System32\gdi32full.dll
0x00007ff823680000 - 0x00007ff823723000 	C:\Windows\System32\msvcp_win.dll
0x00007ff8072d0000 - 0x00007ff80756a000 	C:\Windows\WinSxS\amd64_microsoft.windows.common-controls_6595b64144ccf1df_6.0.26100.4768_none_3e0c112ce331287c\COMCTL32.dll
0x00007ff81a4f0000 - 0x00007ff81a4fb000 	C:\Windows\SYSTEM32\VERSION.dll
0x00007ff824430000 - 0x00007ff82445f000 	C:\Windows\System32\IMM32.DLL
0x00007fffeea40000 - 0x00007fffeea4c000 	C:\Program Files\Java\jdk-17\bin\vcruntime140_1.dll
0x00007fff69390000 - 0x00007fff6941e000 	C:\Program Files\Java\jdk-17\bin\msvcp140.dll
0x00007fff4aa10000 - 0x00007fff4b5f1000 	C:\Program Files\Java\jdk-17\bin\server\jvm.dll
0x00007ff8255b0000 - 0x00007ff8255b8000 	C:\Windows\System32\PSAPI.DLL
0x00007ff807690000 - 0x00007ff80769a000 	C:\Windows\SYSTEM32\WSOCK32.dll
0x00007ff80ab30000 - 0x00007ff80ab65000 	C:\Windows\SYSTEM32\WINMM.dll
0x00007ff824e70000 - 0x00007ff824ee4000 	C:\Windows\System32\WS2_32.dll
0x00007ff821810000 - 0x00007ff82182b000 	C:\Windows\SYSTEM32\kernel.appcore.dll
0x00007fffee530000 - 0x00007fffee53a000 	C:\Program Files\Java\jdk-17\bin\jimage.dll
0x00007ff81ffa0000 - 0x00007ff8201e1000 	C:\Windows\SYSTEM32\DBGHELP.DLL
0x00007ff8247b0000 - 0x00007ff824b35000 	C:\Windows\System32\combase.dll
0x00007ff824c40000 - 0x00007ff824d20000 	C:\Windows\System32\OLEAUT32.dll
0x00007fffe89f0000 - 0x00007fffe8a33000 	C:\Windows\SYSTEM32\dbgcore.DLL
0x00007ff822b90000 - 0x00007ff822c29000 	C:\Windows\System32\bcryptPrimitives.dll
0x00007fff6af60000 - 0x00007fff6af85000 	C:\Program Files\Java\jdk-17\bin\java.dll
0x00007fff62f70000 - 0x00007fff63047000 	C:\Program Files\Java\jdk-17\bin\jsvml.dll
0x00007ff823bd0000 - 0x00007ff82431d000 	C:\Windows\System32\SHELL32.dll
0x00007ff8234d0000 - 0x00007ff823643000 	C:\Windows\System32\wintypes.dll
0x00007ff820670000 - 0x00007ff820ecf000 	C:\Windows\SYSTEM32\windows.storage.dll
0x00007ff824b40000 - 0x00007ff824c35000 	C:\Windows\System32\SHCORE.dll
0x00007ff825660000 - 0x00007ff8256ca000 	C:\Windows\System32\shlwapi.dll
0x00007ff8229f0000 - 0x00007ff822a19000 	C:\Windows\SYSTEM32\profapi.dll
0x00007fff6af40000 - 0x00007fff6af59000 	C:\Program Files\Java\jdk-17\bin\net.dll
0x00007ff815590000 - 0x00007ff8156ae000 	C:\Windows\SYSTEM32\WINHTTP.dll
0x00007ff821d80000 - 0x00007ff821deb000 	C:\Windows\system32\mswsock.dll
0x00007fff6af20000 - 0x00007fff6af36000 	C:\Program Files\Java\jdk-17\bin\nio.dll
0x00007fff68ff0000 - 0x00007fff69008000 	C:\Program Files\Java\jdk-17\bin\zip.dll
0x00007fffd87a0000 - 0x00007fffd87aa000 	C:\Program Files\Java\jdk-17\bin\management.dll
0x00007fffcf3f0000 - 0x00007fffcf3fb000 	C:\Program Files\Java\jdk-17\bin\management_ext.dll
0x00007ff8212b0000 - 0x00007ff8212e3000 	C:\Windows\SYSTEM32\IPHLPAPI.DLL
0x00007ff8253f0000 - 0x00007ff8253fa000 	C:\Windows\System32\NSI.dll
0x00007ff81a490000 - 0x00007ff81a4af000 	C:\Windows\SYSTEM32\dhcpcsvc6.DLL
0x00007ff81a4c0000 - 0x00007ff81a4e5000 	C:\Windows\SYSTEM32\dhcpcsvc.DLL
0x00007ff8213a0000 - 0x00007ff8214c6000 	C:\Windows\SYSTEM32\DNSAPI.dll
0x00007ff81a500000 - 0x00007ff81a50b000 	C:\Windows\System32\rasadhlp.dll
0x00007ff81c010000 - 0x00007ff81c096000 	C:\Windows\System32\fwpuclnt.dll
0x00007ff809ac0000 - 0x00007ff809ace000 	C:\Program Files\Java\jdk-17\bin\sunmscapi.dll
0x00007ff823170000 - 0x00007ff8232e7000 	C:\Windows\System32\CRYPT32.dll
0x00007ff8222c0000 - 0x00007ff8222f0000 	C:\Windows\SYSTEM32\ncrypt.dll
0x00007ff822270000 - 0x00007ff8222af000 	C:\Windows\SYSTEM32\NTASN1.dll
0x00007ff809ae0000 - 0x00007ff809af0000 	C:\Program Files\Java\jdk-17\bin\verify.dll
0x00007ff822160000 - 0x00007ff82217b000 	C:\Windows\SYSTEM32\CRYPTSP.dll
0x00007ff821770000 - 0x00007ff8217ab000 	C:\Windows\system32\rsaenh.dll
0x00007ff821e20000 - 0x00007ff821e4b000 	C:\Windows\SYSTEM32\USERENV.dll
0x00007ff8229c0000 - 0x00007ff8229e6000 	C:\Windows\SYSTEM32\bcrypt.dll
0x00007ff821fc0000 - 0x00007ff821fcc000 	C:\Windows\SYSTEM32\CRYPTBASE.dll
0x00007fffac0a0000 - 0x00007fffac0a8000 	C:\Windows\system32\wshunix.dll

dbghelp: loaded successfully - version: 4.0.5 - missing functions: none
symbol engine: initialized successfully - sym options: 0x614 - pdb path: .;C:\Program Files\Java\jdk-17\bin;C:\Windows\SYSTEM32;C:\Windows\WinSxS\amd64_microsoft.windows.common-controls_6595b64144ccf1df_6.0.26100.4768_none_3e0c112ce331287c;C:\Program Files\Java\jdk-17\bin\server

VM Arguments:
jvm_args: -XX:+ShowCodeDetailsInExceptionMessages 
java_command: com.sellout.KeycloakAdapterApplication
java_class_path (initial): C:\Users\Fernanda Jama\OneDrive - Manamer\Documentos\PROYECTOS 2025-2026\sellout1\backend\infraestructure\keycloakAdapter\target\classes;C:\Users\Fernanda Jama\.m2\repository\org\springframework\boot\spring-boot-starter-web\3.2.4\spring-boot-starter-web-3.2.4.jar;C:\Users\Fernanda Jama\.m2\repository\org\springframework\boot\spring-boot-starter\3.2.4\spring-boot-starter-3.2.4.jar;C:\Users\Fernanda Jama\.m2\repository\org\springframework\boot\spring-boot-starter-logging\3.2.4\spring-boot-starter-logging-3.2.4.jar;C:\Users\Fernanda Jama\.m2\repository\ch\qos\logback\logback-classic\1.4.14\logback-classic-1.4.14.jar;C:\Users\Fernanda Jama\.m2\repository\ch\qos\logback\logback-core\1.4.14\logback-core-1.4.14.jar;C:\Users\Fernanda Jama\.m2\repository\org\apache\logging\log4j\log4j-to-slf4j\2.23.1\log4j-to-slf4j-2.23.1.jar;C:\Users\Fernanda Jama\.m2\repository\org\apache\logging\log4j\log4j-api\2.23.1\log4j-api-2.23.1.jar;C:\Users\Fernanda Jama\.m2\repository\org\slf4j\jul-to-slf4j\2.0.12\jul-to-slf4j-2.0.12.jar;C:\Users\Fernanda Jama\.m2\repository\jakarta\annotation\jakarta.annotation-api\2.1.1\jakarta.annotation-api-2.1.1.jar;C:\Users\Fernanda Jama\.m2\repository\org\yaml\snakeyaml\2.2\snakeyaml-2.2.jar;C:\Users\Fernanda Jama\.m2\repository\org\springframework\boot\spring-boot-starter-json\3.2.4\spring-boot-starter-json-3.2.4.jar;C:\Users\Fernanda Jama\.m2\repository\com\fasterxml\jackson\datatype\jackson-datatype-jdk8\2.17.2\jackson-datatype-jdk8-2.17.2.jar;C:\Users\Fernanda Jama\.m2\repository\com\fasterxml\jackson\datatype\jackson-datatype-jsr310\2.17.2\jackson-datatype-jsr310-2.17.2.jar;C:\Users\Fernanda Jama\.m2\repository\com\fasterxml\jackson\module\jackson-module-parameter-names\2.17.2\jackson-module-parameter-names-2.17.2.jar;C:\Users\Fernanda Jama\.m2\repository\org\springframework\boot\spring-boot-starter-tomcat\3.2.4\spring-boot-starter-tomcat-3.2.4.jar;C:\Users\Fernanda Jama\.m2\repository\org\apache\tomcat\embed\tomcat-embed-c
Launcher Type: SUN_STANDARD

[Global flags]
     intx CICompilerCount                          = 4                                         {product} {ergonomic}
     uint ConcGCThreads                            = 2                                         {product} {ergonomic}
     uint G1ConcRefinementThreads                  = 8                                         {product} {ergonomic}
   size_t G1HeapRegionSize                         = 8388608                                   {product} {ergonomic}
    uintx GCDrainStackTargetSize                   = 64                                        {product} {ergonomic}
   size_t InitialHeapSize                          = 671088640                                 {product} {ergonomic}
   size_t MarkStackSize                            = 4194304                                   {product} {ergonomic}
   size_t MaxHeapSize                              = 10687086592                               {product} {ergonomic}
   size_t MaxNewSize                               = 6408896512                                {product} {ergonomic}
   size_t MinHeapDeltaBytes                        = 8388608                                   {product} {ergonomic}
   size_t MinHeapSize                              = 8388608                                   {product} {ergonomic}
    uintx NonNMethodCodeHeapSize                   = 5839372                                {pd product} {ergonomic}
    uintx NonProfiledCodeHeapSize                  = 122909434                              {pd product} {ergonomic}
    uintx ProfiledCodeHeapSize                     = 122909434                              {pd product} {ergonomic}
    uintx ReservedCodeCacheSize                    = 251658240                              {pd product} {ergonomic}
     bool SegmentedCodeCache                       = true                                      {product} {ergonomic}
     bool ShowCodeDetailsInExceptionMessages       = true                                   {manageable} {command line}
   size_t SoftMaxHeapSize                          = 10687086592                            {manageable} {ergonomic}
     bool UseCompressedClassPointers               = true                           {product lp64_product} {ergonomic}
     bool UseCompressedOops                        = true                           {product lp64_product} {ergonomic}
     bool UseG1GC                                  = true                                      {product} {ergonomic}
     bool UseLargePagesIndividualAllocation        = false                                  {pd product} {ergonomic}

Logging:
Log output configuration:
 #0: stdout all=warning uptime,level,tags
 #1: stderr all=off uptime,level,tags

Environment Variables:
JAVA_HOME=C:\\Program Files\\Java\\jdk-17
CLASSPATH=C:\Program Files\SAP\SAP Business One DI API\JCO\LIB\sbowrapper.jar;C:\Program Files\SAP\SAP Business One DI API\JCO\LIB\sboapi.jar
PATH=C:\\Program Files\\Java\\jdk-17\\bin;C:\\Users\\Fernanda Jama\\.trae\\tools\\maven\\latest\\bin;C:\\Users\\Fernanda Jama\\.trae\\tools\\gradle\\latest\\bin;C:\Program Files\Java\jdk-17\bin;C:\Users\Fernanda Jama\.trae\tools\maven\latest\bin;C:\Users\Fernanda Jama\.trae\tools\gradle\latest\bin;C:\Python313\Scripts\;C:\Python313\;C:\Program Files\Microsoft MPI\Bin\;C:\Program Files\Common Files\Oracle\Java\javapath;C:\Windows\system32;C:\Windows;C:\Windows\System32\Wbem;C:\Windows\System32\WindowsPowerShell\v1.0\;C:\Windows\System32\OpenSSH\;C:\Program Files\Microsoft SQL Server\Client SDK\ODBC\170\Tools\Binn\;C:\Program Files (x86)\Microsoft SQL Server\150\Tools\Binn\;C:\Program Files\Microsoft SQL Server\150\Tools\Binn\;C:\Program Files\Microsoft SQL Server\150\DTS\Binn\;C:\Program Files (x86)\Microsoft SQL Server\160\DTS\Binn\;C:\Program Files\nodejs\;C:\ProgramData\chocolatey\bin;C:\Program Files\SAP\SAP Business One DI API\JCO\LIB\;C:\Program Files\SAP\SAP Business One DI API\DI API 90;C:\Program Files\SAP\SAP Business One\;C:\Program Files\apache-maven-3.8.8-bin\apache-maven-3.8.8\bin;C:\Users\Fernanda Jama\AppData\Local\Microsoft\WindowsApps;C:\Users\Fernanda Jama\AppData\Local\GitHubDesktop\bin;C:\Users\Fernanda Jama\AppData\Local\Programs\Microsoft VS Code\bin;C:\Users\Fernanda Jama\AppData\Roaming\npm
USERNAME=Fernanda Jama
LANG=en_US.UTF-8
OS=Windows_NT
PROCESSOR_IDENTIFIER=Intel64 Family 6 Model 140 Stepping 1, GenuineIntel



---------------  S Y S T E M  ---------------

OS:
 Windows 11 , 64 bit Build 26100 (10.0.26100.4768)
OS uptime: 0 days 5:53 hours
Hyper-V role detected

CPU: total 8 (initial active 8) (4 cores per cpu, 2 threads per core) family 6 model 140 stepping 1 microcode 0xb8, cx8, cmov, fxsr, ht, mmx, 3dnowpref, sse, sse2, sse3, ssse3, sse4.1, sse4.2, popcnt, lzcnt, tsc, tscinvbit, avx, avx2, aes, erms, clmul, bmi1, bmi2, adx, avx512f, avx512dq, avx512cd, avx512bw, avx512vl, sha, fma, vzeroupper, avx512_vpopcntdq, avx512_vpclmulqdq, avx512_vaes, avx512_vnni, clflush, clflushopt, clwb, avx512_vbmi2, avx512_vbmi, hv

Memory: 4k page, system-wide physical 40743M (395M free)
TotalPageFile size 101623M (AvailPageFile size 0M)
current process WorkingSet (physical memory assigned to process): 159M, peak: 256M
current process commit charge ("private bytes"): 295M, peak: 816M

vm_info: Java HotSpot(TM) 64-Bit Server VM (17.0.15+9-LTS-241) for windows-amd64 JRE (17.0.15+9-LTS-241), built on Feb 20 2025 10:49:54 by "mach5one" with MS VC++ 17.6 (VS2022)

END.
