#
# There is insufficient memory for the Java Runtime Environment to continue.
# Native memory allocation (malloc) failed to allocate 1011216 bytes. Error detail: Chunk::new
# Possible reasons:
#   The system is out of physical RAM or swap space
#   This process is running with CompressedOops enabled, and the Java Heap may be blocking the growth of the native heap
# Possible solutions:
#   Reduce memory load on the system
#   Increase physical memory or swap space
#   Check if swap backing store is full
#   Decrease Java heap size (-Xmx/-Xms)
#   Decrease number of Java threads
#   Decrease Java thread stack sizes (-Xss)
#   Set larger code cache with -XX:ReservedCodeCacheSize=
#   JVM is running with Unscaled Compressed Oops mode in which the Java heap is
#     placed in the first 4GB address space. The Java Heap base address is the
#     maximum limit for the native heap growth. Please use -XX:HeapBaseMinAddress
#     to set the Java Heap base and to place the Java Heap above 4GB virtual address.
# This output file may be truncated or incomplete.
#
#  Out of Memory Error (arena.cpp:168), pid=3388, tid=26908
#
# JRE version: OpenJDK Runtime Environment Temurin-21.0.8+9 (21.0.8+9) (build 21.0.8+9-LTS)
# Java VM: OpenJDK 64-Bit Server VM Temurin-21.0.8+9 (21.0.8+9-LTS, mixed mode, sharing, tiered, compressed oops, compressed class ptrs, parallel gc, windows-amd64)
# No core dump will be written. Minidumps are not enabled by default on client versions of Windows
#

---------------  S U M M A R Y ------------

Command Line: --add-modules=ALL-SYSTEM --add-opens=java.base/java.util=ALL-UNNAMED --add-opens=java.base/java.lang=ALL-UNNAMED --add-opens=java.base/sun.nio.fs=ALL-UNNAMED -Declipse.application=org.eclipse.jdt.ls.core.id1 -Dosgi.bundles.defaultStartLevel=4 -Declipse.product=org.eclipse.jdt.ls.core.product -Djava.import.generatesMetadataFilesAtProjectRoot=false -DDetectVMInstallationsJob.disabled=true -Dfile.encoding=utf8 -XX:+UseParallelGC -XX:GCTimeRatio=4 -XX:AdaptiveSizePolicyWeight=90 -Dsun.zip.disableMemoryMapping=true -Xmx2G -Xms100m -Xlog:disable -javaagent:c:\Users\Fernanda Jama\.trae\extensions\redhat.java-1.44.0-win32-x64\lombok\lombok-1.18.39-4050.jar -XX:+HeapDumpOnOutOfMemoryError -XX:HeapDumpPath=c:\Users\Fernanda Jama\AppData\Roaming\Trae\User\workspaceStorage\15c722b02b3b73826bcb58a08aa3cd52\redhat.java -Daether.dependencyCollector.impl=bf c:\Users\Fernanda Jama\.trae\extensions\redhat.java-1.44.0-win32-x64\server\plugins\org.eclipse.equinox.launcher_1.7.0.v20250519-0528.jar -configuration c:\Users\Fernanda Jama\AppData\Roaming\Trae\User\globalStorage\redhat.java\1.44.0\config_win -data c:\Users\Fernanda Jama\AppData\Roaming\Trae\User\workspaceStorage\15c722b02b3b73826bcb58a08aa3cd52\redhat.java\jdt_ws --pipe=\\.\pipe\lsp-24a7159a5f712c805e99cf5add640cc5-sock

Host: 11th Gen Intel(R) Core(TM) i7-1165G7 @ 2.80GHz, 8 cores, 39G,  Windows 11 , 64 bit Build 26100 (10.0.26100.4768)
Time: Tue Aug 26 15:15:23 2025 Hora est. Pacífico, Sudamérica elapsed time: 269.524320 seconds (0d 0h 4m 29s)

---------------  T H R E A D  ---------------

Current thread (0x0000021a7839e300):  JavaThread "C2 CompilerThread0" daemon [_thread_in_native, id=26908, stack(0x000000f917200000,0x000000f917300000) (1024K)]


Current CompileTask:
C2:269524 14655   !   4       org.eclipse.jdt.internal.compiler.classfmt.ClassFileReader::<init> (1968 bytes)

Stack: [0x000000f917200000,0x000000f917300000]
Native frames: (J=compiled Java code, j=interpreted, Vv=VM code, C=native code)
V  [jvm.dll+0x6d2449]
V  [jvm.dll+0x8ae341]
V  [jvm.dll+0x8b08be]
V  [jvm.dll+0x8b0fa3]
V  [jvm.dll+0x280c96]
V  [jvm.dll+0xc581d]
V  [jvm.dll+0xc5d53]
V  [jvm.dll+0x2f539d]
V  [jvm.dll+0x5fa00a]
V  [jvm.dll+0x252092]
V  [jvm.dll+0x25244f]
V  [jvm.dll+0x24ad14]
V  [jvm.dll+0x2483a4]
V  [jvm.dll+0x1c89ee]
V  [jvm.dll+0x257d4d]
V  [jvm.dll+0x2562ea]
V  [jvm.dll+0x3f2d16]
V  [jvm.dll+0x857e6b]
V  [jvm.dll+0x6d0b0d]
C  [ucrtbase.dll+0x37b0]
C  [KERNEL32.DLL+0x2e8d7]
C  [ntdll.dll+0x3c34c]


---------------  P R O C E S S  ---------------

Threads class SMR info:
_java_thread_list=0x0000021a7e397160, length=52, elements={
0x0000021a6ec4bb20, 0x0000021a7838e930, 0x0000021a783927a0, 0x0000021a78396be0,
0x0000021a78397d10, 0x0000021a7839a970, 0x0000021a7839d4d0, 0x0000021a7839e300,
0x0000021a783be5f0, 0x0000021a6ecbab40, 0x0000021a7e420040, 0x0000021a7ea85a20,
0x0000021a7eb6b3b0, 0x0000021a7ec12ba0, 0x0000021a7ec13200, 0x0000021a7ebd3b10,
0x0000021a7efe3960, 0x0000021a7ee21710, 0x0000021a7ee1efb0, 0x0000021a7ee209f0,
0x0000021a7ee1fcd0, 0x0000021a7ee1e290, 0x0000021a7ee1e920, 0x0000021a508ad6c0,
0x0000021a508ac9a0, 0x0000021a508add50, 0x0000021a508ab5f0, 0x0000021a508ae3e0,
0x0000021a508aea70, 0x0000021a508ad030, 0x0000021a508af100, 0x0000021a508abc80,
0x0000021a508af790, 0x0000021a508ac310, 0x0000021a508b1860, 0x0000021a508afe20,
0x0000021a508b04b0, 0x0000021a508b0b40, 0x0000021a508b11d0, 0x0000021a51ccf630,
0x0000021a51cd09e0, 0x0000021a51cd1070, 0x0000021a51cd1700, 0x0000021a51ccefa0,
0x0000021a51cd1d90, 0x0000021a51cd2420, 0x0000021a51cd3140, 0x0000021a51cd4b80,
0x0000021a51cd5f30, 0x0000021a51cd37d0, 0x0000021a51cd65c0, 0x0000021a51cd3e60
}

Java Threads: ( => current thread )
  0x0000021a6ec4bb20 JavaThread "main"                              [_thread_blocked, id=15432, stack(0x000000f916800000,0x000000f916900000) (1024K)]
  0x0000021a7838e930 JavaThread "Reference Handler"          daemon [_thread_blocked, id=20740, stack(0x000000f916c00000,0x000000f916d00000) (1024K)]
  0x0000021a783927a0 JavaThread "Finalizer"                  daemon [_thread_blocked, id=6920, stack(0x000000f916d00000,0x000000f916e00000) (1024K)]
  0x0000021a78396be0 JavaThread "Signal Dispatcher"          daemon [_thread_blocked, id=13428, stack(0x000000f916e00000,0x000000f916f00000) (1024K)]
  0x0000021a78397d10 JavaThread "Attach Listener"            daemon [_thread_blocked, id=20312, stack(0x000000f916f00000,0x000000f917000000) (1024K)]
  0x0000021a7839a970 JavaThread "Service Thread"             daemon [_thread_blocked, id=19812, stack(0x000000f917000000,0x000000f917100000) (1024K)]
  0x0000021a7839d4d0 JavaThread "Monitor Deflation Thread"   daemon [_thread_blocked, id=14624, stack(0x000000f917100000,0x000000f917200000) (1024K)]
=>0x0000021a7839e300 JavaThread "C2 CompilerThread0"         daemon [_thread_in_native, id=26908, stack(0x000000f917200000,0x000000f917300000) (1024K)]
  0x0000021a783be5f0 JavaThread "C1 CompilerThread0"         daemon [_thread_blocked, id=10640, stack(0x000000f917300000,0x000000f917400000) (1024K)]
  0x0000021a6ecbab40 JavaThread "Common-Cleaner"             daemon [_thread_blocked, id=25316, stack(0x000000f917400000,0x000000f917500000) (1024K)]
  0x0000021a7e420040 JavaThread "Notification Thread"        daemon [_thread_blocked, id=30828, stack(0x000000f917500000,0x000000f917600000) (1024K)]
  0x0000021a7ea85a20 JavaThread "Active Thread: Equinox Container: 7c8c316f-8082-4610-a5b9-3d6c2ca1105b"        [_thread_blocked, id=7548, stack(0x000000f917d00000,0x000000f917e00000) (1024K)]
  0x0000021a7eb6b3b0 JavaThread "Refresh Thread: Equinox Container: 7c8c316f-8082-4610-a5b9-3d6c2ca1105b" daemon [_thread_blocked, id=25816, stack(0x000000f917f00000,0x000000f918000000) (1024K)]
  0x0000021a7ec12ba0 JavaThread "Framework Event Dispatcher: Equinox Container: 7c8c316f-8082-4610-a5b9-3d6c2ca1105b" daemon [_thread_blocked, id=21336, stack(0x000000f918000000,0x000000f918100000) (1024K)]
  0x0000021a7ec13200 JavaThread "Start Level: Equinox Container: 7c8c316f-8082-4610-a5b9-3d6c2ca1105b" daemon [_thread_blocked, id=29504, stack(0x000000f918100000,0x000000f918200000) (1024K)]
  0x0000021a7ebd3b10 JavaThread "Bundle File Closer"         daemon [_thread_blocked, id=3064, stack(0x000000f918200000,0x000000f918300000) (1024K)]
  0x0000021a7efe3960 JavaThread "SCR Component Actor"        daemon [_thread_blocked, id=10380, stack(0x000000f917600000,0x000000f917700000) (1024K)]
  0x0000021a7ee21710 JavaThread "Worker-JM"                         [_thread_blocked, id=12176, stack(0x000000f918400000,0x000000f918500000) (1024K)]
  0x0000021a7ee1efb0 JavaThread "JNA Cleaner"                daemon [_thread_blocked, id=31648, stack(0x000000f918500000,0x000000f918600000) (1024K)]
  0x0000021a7ee209f0 JavaThread "Worker-0"                          [_thread_blocked, id=12800, stack(0x000000f918600000,0x000000f918700000) (1024K)]
  0x0000021a7ee1fcd0 JavaThread "Worker-1"                          [_thread_blocked, id=26064, stack(0x000000f918700000,0x000000f918800000) (1024K)]
  0x0000021a7ee1e290 JavaThread "Worker-3: Building"                [_thread_blocked, id=26736, stack(0x000000f918a00000,0x000000f918b00000) (1024K)]
  0x0000021a7ee1e920 JavaThread "Java indexing"              daemon [_thread_blocked, id=14676, stack(0x000000f918b00000,0x000000f918c00000) (1024K)]
  0x0000021a508ad6c0 JavaThread "Worker-5: Java indexing... "        [_thread_blocked, id=20128, stack(0x000000f918e00000,0x000000f918f00000) (1024K)]
  0x0000021a508ac9a0 JavaThread "Thread-2"                   daemon [_thread_in_native, id=20916, stack(0x000000f918f00000,0x000000f919000000) (1024K)]
  0x0000021a508add50 JavaThread "Thread-3"                   daemon [_thread_in_native, id=27820, stack(0x000000f919000000,0x000000f919100000) (1024K)]
  0x0000021a508ab5f0 JavaThread "Thread-4"                   daemon [_thread_in_native, id=28060, stack(0x000000f919100000,0x000000f919200000) (1024K)]
  0x0000021a508ae3e0 JavaThread "Thread-5"                   daemon [_thread_in_native, id=19668, stack(0x000000f919200000,0x000000f919300000) (1024K)]
  0x0000021a508aea70 JavaThread "Thread-6"                   daemon [_thread_in_native, id=24704, stack(0x000000f919300000,0x000000f919400000) (1024K)]
  0x0000021a508ad030 JavaThread "Thread-7"                   daemon [_thread_in_native, id=17520, stack(0x000000f919400000,0x000000f919500000) (1024K)]
  0x0000021a508af100 JavaThread "Thread-8"                   daemon [_thread_in_native, id=25004, stack(0x000000f919500000,0x000000f919600000) (1024K)]
  0x0000021a508abc80 JavaThread "Thread-9"                   daemon [_thread_in_native, id=8248, stack(0x000000f919600000,0x000000f919700000) (1024K)]
  0x0000021a508af790 JavaThread "Thread-10"                  daemon [_thread_in_native, id=20976, stack(0x000000f919700000,0x000000f919800000) (1024K)]
  0x0000021a508ac310 JavaThread "pool-2-thread-1"                   [_thread_blocked, id=25812, stack(0x000000f919800000,0x000000f919900000) (1024K)]
  0x0000021a508b1860 JavaThread "WorkspaceEventsHandler"            [_thread_blocked, id=10048, stack(0x000000f919900000,0x000000f919a00000) (1024K)]
  0x0000021a508afe20 JavaThread "pool-1-thread-1"                   [_thread_blocked, id=28576, stack(0x000000f919a00000,0x000000f919b00000) (1024K)]
  0x0000021a508b04b0 JavaThread "LocalFile Deleter"          daemon [_thread_blocked, id=28164, stack(0x000000f918d00000,0x000000f918e00000) (1024K)]
  0x0000021a508b0b40 JavaThread "LocalFile Deleter"          daemon [_thread_blocked, id=25764, stack(0x000000f919b00000,0x000000f919c00000) (1024K)]
  0x0000021a508b11d0 JavaThread "LocalFile Deleter"          daemon [_thread_blocked, id=28320, stack(0x000000f919c00000,0x000000f919d00000) (1024K)]
  0x0000021a51ccf630 JavaThread "LocalFile Deleter"          daemon [_thread_blocked, id=18088, stack(0x000000f919d00000,0x000000f919e00000) (1024K)]
  0x0000021a51cd09e0 JavaThread "Compiler Source File Reader" daemon [_thread_blocked, id=1456, stack(0x000000f919f00000,0x000000f91a000000) (1024K)]
  0x0000021a51cd1070 JavaThread "Compiler Source File Reader" daemon [_thread_blocked, id=18728, stack(0x000000f91a000000,0x000000f91a100000) (1024K)]
  0x0000021a51cd1700 JavaThread "Compiler Source File Reader" daemon [_thread_blocked, id=14768, stack(0x000000f91a100000,0x000000f91a200000) (1024K)]
  0x0000021a51ccefa0 JavaThread "Compiler Source File Reader" daemon [_thread_blocked, id=24192, stack(0x000000f91a200000,0x000000f91a300000) (1024K)]
  0x0000021a51cd1d90 JavaThread "Compiler Source File Reader" daemon [_thread_blocked, id=30356, stack(0x000000f91a300000,0x000000f91a400000) (1024K)]
  0x0000021a51cd2420 JavaThread "Compiler Source File Reader" daemon [_thread_blocked, id=13516, stack(0x000000f91a400000,0x000000f91a500000) (1024K)]
  0x0000021a51cd3140 JavaThread "Compiler Class File Writer" daemon [_thread_blocked, id=25720, stack(0x000000f91a600000,0x000000f91a700000) (1024K)]
  0x0000021a51cd4b80 JavaThread "Compiler Class File Writer" daemon [_thread_blocked, id=26844, stack(0x000000f91a700000,0x000000f91a800000) (1024K)]
  0x0000021a51cd5f30 JavaThread "Compiler Class File Writer" daemon [_thread_blocked, id=26888, stack(0x000000f91a800000,0x000000f91a900000) (1024K)]
  0x0000021a51cd37d0 JavaThread "Compiler Class File Writer" daemon [_thread_blocked, id=27180, stack(0x000000f91a900000,0x000000f91aa00000) (1024K)]
  0x0000021a51cd65c0 JavaThread "Compiler Class File Writer" daemon [_thread_blocked, id=23120, stack(0x000000f91aa00000,0x000000f91ab00000) (1024K)]
  0x0000021a51cd3e60 JavaThread "Compiler Class File Writer" daemon [_thread_blocked, id=31400, stack(0x000000f91ab00000,0x000000f91ac00000) (1024K)]
Total: 52

Other Threads:
  0x0000021a78382d60 VMThread "VM Thread"                           [id=28624, stack(0x000000f916b00000,0x000000f916c00000) (1024K)]
  0x0000021a6ecb9ec0 WatcherThread "VM Periodic Task Thread"        [id=28648, stack(0x000000f916a00000,0x000000f916b00000) (1024K)]
  0x0000021a6ec6d250 WorkerThread "GC Thread#0"                     [id=21436, stack(0x000000f916900000,0x000000f916a00000) (1024K)]
  0x0000021a7e79e390 WorkerThread "GC Thread#1"                     [id=27572, stack(0x000000f917700000,0x000000f917800000) (1024K)]
  0x0000021a7e6140c0 WorkerThread "GC Thread#2"                     [id=14756, stack(0x000000f917800000,0x000000f917900000) (1024K)]
  0x0000021a7e8314f0 WorkerThread "GC Thread#3"                     [id=21032, stack(0x000000f917900000,0x000000f917a00000) (1024K)]
  0x0000021a7e831890 WorkerThread "GC Thread#4"                     [id=24788, stack(0x000000f917a00000,0x000000f917b00000) (1024K)]
  0x0000021a7e831c30 WorkerThread "GC Thread#5"                     [id=21724, stack(0x000000f917b00000,0x000000f917c00000) (1024K)]
  0x0000021a7e9830e0 WorkerThread "GC Thread#6"                     [id=27824, stack(0x000000f917c00000,0x000000f917d00000) (1024K)]
  0x0000021a7eb6b010 WorkerThread "GC Thread#7"                     [id=7652, stack(0x000000f917e00000,0x000000f917f00000) (1024K)]
Total: 10

Threads with active compile tasks:
C2 CompilerThread0  269639 14655   !   4       org.eclipse.jdt.internal.compiler.classfmt.ClassFileReader::<init> (1968 bytes)
C1 CompilerThread0  269639 14664       3       org.apache.maven.RepositoryUtils::toArtifact (36 bytes)
Total: 2

VM state: at safepoint (normal execution)

VM Mutex/Monitor currently owned by a thread:  ([mutex/lock_event])
[0x00007ff880135458] Threads_lock - owner thread: 0x0000021a78382d60
[0x00007ff880135558] Heap_lock - owner thread: 0x0000021a7ee1e920
[0x00007ff8801359d8] PSOldGenExpand_lock - owner thread: 0x0000021a7e831890

Heap address: 0x0000000080000000, size: 2048 MB, Compressed Oops mode: 32-bit

CDS archive(s) mapped at: [0x0000021a0f000000-0x0000021a0fba0000-0x0000021a0fba0000), size 12189696, SharedBaseAddress: 0x0000021a0f000000, ArchiveRelocationMode: 1.
Compressed class space mapped at: 0x0000021a10000000-0x0000021a50000000, reserved size: 1073741824
Narrow klass base: 0x0000021a0f000000, Narrow klass shift: 0, Narrow klass range: 0x100000000

GC Precious Log:
 CardTable entry size: 512
 CPUs: 8 total, 8 available
 Memory: 40743M
 Large Page Support: Disabled
 NUMA Support: Disabled
 Compressed Oops: Enabled (32-bit)
 Alignments: Space 512K, Generation 512K, Heap 2M
 Heap Min Capacity: 100M
 Heap Initial Capacity: 100M
 Heap Max Capacity: 2G
 Pre-touch: Disabled
 Parallel Workers: 8

Heap:
 PSYoungGen      total 7680K, used 7433K [0x00000000d5580000, 0x00000000d5e80000, 0x0000000100000000)
  eden space 6144K, 100% used [0x00000000d5580000,0x00000000d5b80000,0x00000000d5b80000)
  from space 1536K, 83% used [0x00000000d5b80000,0x00000000d5cc2780,0x00000000d5d00000)
  to   space 1536K, 66% used [0x00000000d5d00000,0x00000000d5dff568,0x00000000d5e80000)
 ParOldGen       total 132096K, used 132088K [0x0000000080000000, 0x0000000088100000, 0x00000000d5580000)
  object space 132096K, 99% used [0x0000000080000000,0x00000000880fe1b8,0x0000000088100000)
 Metaspace       used 64612K, committed 66048K, reserved 1114112K
  class space    used 6504K, committed 7168K, reserved 1048576K

Card table byte_map: [0x0000021a73700000,0x0000021a73b10000] _byte_map_base: 0x0000021a73300000

Marking Bits: (ParMarkBitMap*) 0x00007ff88013a340
 Begin Bits: [0x0000021a73dc0000, 0x0000021a75dc0000)
 End Bits:   [0x0000021a75dc0000, 0x0000021a77dc0000)

Polling page: 0x0000021a6dee0000

Metaspace:

Usage:
  Non-class:     56.75 MB used.
      Class:      6.35 MB used.
       Both:     63.10 MB used.

Virtual space:
  Non-class space:       64.00 MB reserved,      57.50 MB ( 90%) committed,  1 nodes.
      Class space:        1.00 GB reserved,       7.00 MB ( <1%) committed,  1 nodes.
             Both:        1.06 GB reserved,      64.50 MB (  6%) committed. 

Chunk freelists:
   Non-Class:  5.91 MB
       Class:  9.00 MB
        Both:  14.92 MB

MaxMetaspaceSize: unlimited
CompressedClassSpaceSize: 1.00 GB
Initial GC threshold: 21.00 MB
Current GC threshold: 97.31 MB
CDS: on
 - commit_granule_bytes: 65536.
 - commit_granule_words: 8192.
 - virtual_space_node_default_size: 8388608.
 - enlarge_chunks_in_place: 1.
 - use_allocation_guard: 0.


Internal statistics:

num_allocs_failed_limit: 9.
num_arena_births: 1258.
num_arena_deaths: 16.
num_vsnodes_births: 2.
num_vsnodes_deaths: 0.
num_space_committed: 1032.
num_space_uncommitted: 0.
num_chunks_returned_to_freelist: 26.
num_chunks_taken_from_freelist: 4348.
num_chunk_merges: 7.
num_chunk_splits: 2645.
num_chunks_enlarged: 1481.
num_inconsistent_stats: 0.

CodeHeap 'non-profiled nmethods': size=120000Kb used=11718Kb max_used=11718Kb free=108281Kb
 bounds [0x0000021a07ad0000, 0x0000021a08650000, 0x0000021a0f000000]
CodeHeap 'profiled nmethods': size=120000Kb used=34408Kb max_used=34408Kb free=85591Kb
 bounds [0x0000021a00000000, 0x0000021a021a0000, 0x0000021a07530000]
CodeHeap 'non-nmethods': size=5760Kb used=1433Kb max_used=1496Kb free=4326Kb
 bounds [0x0000021a07530000, 0x0000021a077a0000, 0x0000021a07ad0000]
CodeCache: size=245760Kb, used=47559Kb, max_used=47622Kb, free=198198Kb
 total_blobs=14487, nmethods=13751, adapters=640, full_count=0
Compilation: enabled, stopped_count=0, restarted_count=0

Compilation events (20 events):
Event: 263.758 Thread 0x0000021a7839e300 nmethod 14646 0x0000021a08630b10 code [0x0000021a08630cc0, 0x0000021a08630f70]
Event: 263.775 Thread 0x0000021a7839e300 14647       4       java.nio.channels.spi.AbstractInterruptibleChannel::begin (48 bytes)
Event: 263.780 Thread 0x0000021a7839e300 nmethod 14647 0x0000021a08631110 code [0x0000021a086312c0, 0x0000021a08631638]
Event: 263.781 Thread 0x0000021a7839e300 14648       4       org.eclipse.jdt.internal.core.search.matching.ConstructorPattern::createDeclarationIndexKey (583 bytes)
Event: 263.802 Thread 0x0000021a783be5f0 14649       3       jdk.internal.jimage.ImageBufferCache::releaseBuffer (71 bytes)
Event: 263.803 Thread 0x0000021a783be5f0 nmethod 14649 0x0000021a02190f10 code [0x0000021a02191180, 0x0000021a02191f10]
Event: 263.851 Thread 0x0000021a7839e300 nmethod 14648 0x0000021a08631810 code [0x0000021a08631ae0, 0x0000021a08633718]
Event: 263.852 Thread 0x0000021a7839e300 14650 % !   4       org.eclipse.jdt.internal.compiler.classfmt.ClassFileReader::<init> @ 802 (1968 bytes)
Event: 264.231 Thread 0x0000021a7839e300 nmethod 14650% 0x0000021a08634990 code [0x0000021a08635040, 0x0000021a0863b780]
Event: 264.232 Thread 0x0000021a7839e300 14652       4       java.lang.String::<init> (7 bytes)
Event: 264.241 Thread 0x0000021a7839e300 nmethod 14652 0x0000021a0863ea10 code [0x0000021a0863ebe0, 0x0000021a0863f1b0]
Event: 264.241 Thread 0x0000021a7839e300 14651       4       jdk.internal.jrtfs.JrtFileSystem::checkNode (40 bytes)
Event: 264.268 Thread 0x0000021a7839e300 nmethod 14651 0x0000021a0863f490 code [0x0000021a0863f720, 0x0000021a08640550]
Event: 265.503 Thread 0x0000021a7839e300 14653       4       java.util.stream.Collectors$$Lambda/0x800000045::get (8 bytes)
Event: 265.506 Thread 0x0000021a7839e300 nmethod 14653 0x0000021a08640f90 code [0x0000021a08641120, 0x0000021a086412b8]
Event: 265.506 Thread 0x0000021a7839e300 14654       4       org.eclipse.core.internal.jobs.JobManager$$Lambda/0x0000021a104f4b68::apply (20 bytes)
Event: 265.509 Thread 0x0000021a7839e300 nmethod 14654 0x0000021a08641410 code [0x0000021a086415c0, 0x0000021a08641768]
Event: 267.296 Thread 0x0000021a7839e300 14655   !   4       org.eclipse.jdt.internal.compiler.classfmt.ClassFileReader::<init> (1968 bytes)
Event: 267.541 Thread 0x0000021a783be5f0 14657       3       org.apache.maven.RepositoryUtils::toArtifacts (137 bytes)
Event: 269.516 Thread 0x0000021a783be5f0 nmethod 14657 0x0000021a02192290 code [0x0000021a02192640, 0x0000021a02193d08]

GC Heap History (20 events):
Event: 249.356 GC heap before
{Heap before GC invocations=113 (full 3):
 PSYoungGen      total 8192K, used 7583K [0x00000000d5580000, 0x00000000d5f00000, 0x0000000100000000)
  eden space 6656K, 99% used [0x00000000d5580000,0x00000000d5bffff8,0x00000000d5c00000)
  from space 1536K, 60% used [0x00000000d5c80000,0x00000000d5d68000,0x00000000d5e00000)
  to   space 1024K, 0% used [0x00000000d5e00000,0x00000000d5e00000,0x00000000d5f00000)
 ParOldGen       total 124928K, used 124478K [0x0000000080000000, 0x0000000087a00000, 0x00000000d5580000)
  object space 124928K, 99% used [0x0000000080000000,0x000000008798fbe0,0x0000000087a00000)
 Metaspace       used 64549K, committed 65984K, reserved 1114112K
  class space    used 6500K, committed 7168K, reserved 1048576K
}
Event: 249.358 GC heap after
{Heap after GC invocations=113 (full 3):
 PSYoungGen      total 7680K, used 784K [0x00000000d5580000, 0x00000000d5f00000, 0x0000000100000000)
  eden space 6656K, 0% used [0x00000000d5580000,0x00000000d5580000,0x00000000d5c00000)
  from space 1024K, 76% used [0x00000000d5e00000,0x00000000d5ec4010,0x00000000d5f00000)
  to   space 1024K, 0% used [0x00000000d5d00000,0x00000000d5d00000,0x00000000d5e00000)
 ParOldGen       total 125440K, used 125177K [0x0000000080000000, 0x0000000087a80000, 0x00000000d5580000)
  object space 125440K, 99% used [0x0000000080000000,0x0000000087a3e550,0x0000000087a80000)
 Metaspace       used 64549K, committed 65984K, reserved 1114112K
  class space    used 6500K, committed 7168K, reserved 1048576K
}
Event: 255.154 GC heap before
{Heap before GC invocations=114 (full 3):
 PSYoungGen      total 7680K, used 7440K [0x00000000d5580000, 0x00000000d5f00000, 0x0000000100000000)
  eden space 6656K, 100% used [0x00000000d5580000,0x00000000d5c00000,0x00000000d5c00000)
  from space 1024K, 76% used [0x00000000d5e00000,0x00000000d5ec4010,0x00000000d5f00000)
  to   space 1024K, 0% used [0x00000000d5d00000,0x00000000d5d00000,0x00000000d5e00000)
 ParOldGen       total 125440K, used 125177K [0x0000000080000000, 0x0000000087a80000, 0x00000000d5580000)
  object space 125440K, 99% used [0x0000000080000000,0x0000000087a3e550,0x0000000087a80000)
 Metaspace       used 64549K, committed 65984K, reserved 1114112K
  class space    used 6500K, committed 7168K, reserved 1048576K
}
Event: 255.157 GC heap after
{Heap after GC invocations=114 (full 3):
 PSYoungGen      total 7680K, used 688K [0x00000000d5580000, 0x00000000d5e80000, 0x0000000100000000)
  eden space 6656K, 0% used [0x00000000d5580000,0x00000000d5580000,0x00000000d5c00000)
  from space 1024K, 67% used [0x00000000d5d00000,0x00000000d5dac208,0x00000000d5e00000)
  to   space 512K, 0% used [0x00000000d5e00000,0x00000000d5e00000,0x00000000d5e80000)
 ParOldGen       total 125952K, used 125487K [0x0000000080000000, 0x0000000087b00000, 0x00000000d5580000)
  object space 125952K, 99% used [0x0000000080000000,0x0000000087a8bd08,0x0000000087b00000)
 Metaspace       used 64549K, committed 65984K, reserved 1114112K
  class space    used 6500K, committed 7168K, reserved 1048576K
}
Event: 255.750 GC heap before
{Heap before GC invocations=115 (full 3):
 PSYoungGen      total 7680K, used 7344K [0x00000000d5580000, 0x00000000d5e80000, 0x0000000100000000)
  eden space 6656K, 100% used [0x00000000d5580000,0x00000000d5c00000,0x00000000d5c00000)
  from space 1024K, 67% used [0x00000000d5d00000,0x00000000d5dac208,0x00000000d5e00000)
  to   space 512K, 0% used [0x00000000d5e00000,0x00000000d5e00000,0x00000000d5e80000)
 ParOldGen       total 125952K, used 125487K [0x0000000080000000, 0x0000000087b00000, 0x00000000d5580000)
  object space 125952K, 99% used [0x0000000080000000,0x0000000087a8bd08,0x0000000087b00000)
 Metaspace       used 64554K, committed 65984K, reserved 1114112K
  class space    used 6500K, committed 7168K, reserved 1048576K
}
Event: 255.753 GC heap after
{Heap after GC invocations=115 (full 3):
 PSYoungGen      total 7168K, used 512K [0x00000000d5580000, 0x00000000d5f00000, 0x0000000100000000)
  eden space 6656K, 0% used [0x00000000d5580000,0x00000000d5580000,0x00000000d5c00000)
  from space 512K, 100% used [0x00000000d5e00000,0x00000000d5e80000,0x00000000d5e80000)
  to   space 1536K, 0% used [0x00000000d5c00000,0x00000000d5c00000,0x00000000d5d80000)
 ParOldGen       total 126464K, used 126208K [0x0000000080000000, 0x0000000087b80000, 0x00000000d5580000)
  object space 126464K, 99% used [0x0000000080000000,0x0000000087b402b0,0x0000000087b80000)
 Metaspace       used 64554K, committed 65984K, reserved 1114112K
  class space    used 6500K, committed 7168K, reserved 1048576K
}
Event: 256.247 GC heap before
{Heap before GC invocations=116 (full 3):
 PSYoungGen      total 7168K, used 7168K [0x00000000d5580000, 0x00000000d5f00000, 0x0000000100000000)
  eden space 6656K, 100% used [0x00000000d5580000,0x00000000d5c00000,0x00000000d5c00000)
  from space 512K, 100% used [0x00000000d5e00000,0x00000000d5e80000,0x00000000d5e80000)
  to   space 1536K, 0% used [0x00000000d5c00000,0x00000000d5c00000,0x00000000d5d80000)
 ParOldGen       total 126464K, used 126208K [0x0000000080000000, 0x0000000087b80000, 0x00000000d5580000)
  object space 126464K, 99% used [0x0000000080000000,0x0000000087b402b0,0x0000000087b80000)
 Metaspace       used 64557K, committed 65984K, reserved 1114112K
  class space    used 6500K, committed 7168K, reserved 1048576K
}
Event: 256.249 GC heap after
{Heap after GC invocations=116 (full 3):
 PSYoungGen      total 8192K, used 736K [0x00000000d5580000, 0x00000000d5e80000, 0x0000000100000000)
  eden space 6656K, 0% used [0x00000000d5580000,0x00000000d5580000,0x00000000d5c00000)
  from space 1536K, 47% used [0x00000000d5c00000,0x00000000d5cb8000,0x00000000d5d80000)
  to   space 1024K, 0% used [0x00000000d5d80000,0x00000000d5d80000,0x00000000d5e80000)
 ParOldGen       total 126976K, used 126552K [0x0000000080000000, 0x0000000087c00000, 0x00000000d5580000)
  object space 126976K, 99% used [0x0000000080000000,0x0000000087b96160,0x0000000087c00000)
 Metaspace       used 64557K, committed 65984K, reserved 1114112K
  class space    used 6500K, committed 7168K, reserved 1048576K
}
Event: 256.764 GC heap before
{Heap before GC invocations=117 (full 3):
 PSYoungGen      total 8192K, used 7391K [0x00000000d5580000, 0x00000000d5e80000, 0x0000000100000000)
  eden space 6656K, 99% used [0x00000000d5580000,0x00000000d5bffff0,0x00000000d5c00000)
  from space 1536K, 47% used [0x00000000d5c00000,0x00000000d5cb8000,0x00000000d5d80000)
  to   space 1024K, 0% used [0x00000000d5d80000,0x00000000d5d80000,0x00000000d5e80000)
 ParOldGen       total 126976K, used 126552K [0x0000000080000000, 0x0000000087c00000, 0x00000000d5580000)
  object space 126976K, 99% used [0x0000000080000000,0x0000000087b96160,0x0000000087c00000)
 Metaspace       used 64557K, committed 65984K, reserved 1114112K
  class space    used 6500K, committed 7168K, reserved 1048576K
}
Event: 256.767 GC heap after
{Heap after GC invocations=117 (full 3):
 PSYoungGen      total 7168K, used 1019K [0x00000000d5580000, 0x00000000d6000000, 0x0000000100000000)
  eden space 6144K, 0% used [0x00000000d5580000,0x00000000d5580000,0x00000000d5b80000)
  from space 1024K, 99% used [0x00000000d5d80000,0x00000000d5e7edc0,0x00000000d5e80000)
  to   space 2048K, 0% used [0x00000000d5b80000,0x00000000d5b80000,0x00000000d5d80000)
 ParOldGen       total 127488K, used 127067K [0x0000000080000000, 0x0000000087c80000, 0x00000000d5580000)
  object space 127488K, 99% used [0x0000000080000000,0x0000000087c16e48,0x0000000087c80000)
 Metaspace       used 64557K, committed 65984K, reserved 1114112K
  class space    used 6500K, committed 7168K, reserved 1048576K
}
Event: 257.610 GC heap before
{Heap before GC invocations=118 (full 3):
 PSYoungGen      total 7168K, used 7163K [0x00000000d5580000, 0x00000000d6000000, 0x0000000100000000)
  eden space 6144K, 100% used [0x00000000d5580000,0x00000000d5b80000,0x00000000d5b80000)
  from space 1024K, 99% used [0x00000000d5d80000,0x00000000d5e7edc0,0x00000000d5e80000)
  to   space 2048K, 0% used [0x00000000d5b80000,0x00000000d5b80000,0x00000000d5d80000)
 ParOldGen       total 127488K, used 127067K [0x0000000080000000, 0x0000000087c80000, 0x00000000d5580000)
  object space 127488K, 99% used [0x0000000080000000,0x0000000087c16e48,0x0000000087c80000)
 Metaspace       used 64565K, committed 65984K, reserved 1114112K
  class space    used 6500K, committed 7168K, reserved 1048576K
}
Event: 257.613 GC heap after
{Heap after GC invocations=118 (full 3):
 PSYoungGen      total 7168K, used 768K [0x00000000d5580000, 0x00000000d5e80000, 0x0000000100000000)
  eden space 6144K, 0% used [0x00000000d5580000,0x00000000d5580000,0x00000000d5b80000)
  from space 1024K, 75% used [0x00000000d5b80000,0x00000000d5c40000,0x00000000d5c80000)
  to   space 1536K, 0% used [0x00000000d5d00000,0x00000000d5d00000,0x00000000d5e80000)
 ParOldGen       total 128000K, used 127670K [0x0000000080000000, 0x0000000087d00000, 0x00000000d5580000)
  object space 128000K, 99% used [0x0000000080000000,0x0000000087cadbc8,0x0000000087d00000)
 Metaspace       used 64565K, committed 65984K, reserved 1114112K
  class space    used 6500K, committed 7168K, reserved 1048576K
}
Event: 258.272 GC heap before
{Heap before GC invocations=119 (full 3):
 PSYoungGen      total 7168K, used 6912K [0x00000000d5580000, 0x00000000d5e80000, 0x0000000100000000)
  eden space 6144K, 100% used [0x00000000d5580000,0x00000000d5b80000,0x00000000d5b80000)
  from space 1024K, 75% used [0x00000000d5b80000,0x00000000d5c40000,0x00000000d5c80000)
  to   space 1536K, 0% used [0x00000000d5d00000,0x00000000d5d00000,0x00000000d5e80000)
 ParOldGen       total 128000K, used 127670K [0x0000000080000000, 0x0000000087d00000, 0x00000000d5580000)
  object space 128000K, 99% used [0x0000000080000000,0x0000000087cadbc8,0x0000000087d00000)
 Metaspace       used 64590K, committed 66048K, reserved 1114112K
  class space    used 6504K, committed 7168K, reserved 1048576K
}
Event: 258.276 GC heap after
{Heap after GC invocations=119 (full 3):
 PSYoungGen      total 7168K, used 700K [0x00000000d5580000, 0x00000000d5e00000, 0x0000000100000000)
  eden space 6144K, 0% used [0x00000000d5580000,0x00000000d5580000,0x00000000d5b80000)
  from space 1024K, 68% used [0x00000000d5d00000,0x00000000d5daf3a8,0x00000000d5e00000)
  to   space 1024K, 0% used [0x00000000d5b80000,0x00000000d5b80000,0x00000000d5c80000)
 ParOldGen       total 128512K, used 128086K [0x0000000080000000, 0x0000000087d80000, 0x00000000d5580000)
  object space 128512K, 99% used [0x0000000080000000,0x0000000087d15bc8,0x0000000087d80000)
 Metaspace       used 64590K, committed 66048K, reserved 1114112K
  class space    used 6504K, committed 7168K, reserved 1048576K
}
Event: 263.316 GC heap before
{Heap before GC invocations=120 (full 3):
 PSYoungGen      total 7168K, used 6844K [0x00000000d5580000, 0x00000000d5e00000, 0x0000000100000000)
  eden space 6144K, 100% used [0x00000000d5580000,0x00000000d5b80000,0x00000000d5b80000)
  from space 1024K, 68% used [0x00000000d5d00000,0x00000000d5daf3a8,0x00000000d5e00000)
  to   space 1024K, 0% used [0x00000000d5b80000,0x00000000d5b80000,0x00000000d5c80000)
 ParOldGen       total 128512K, used 128086K [0x0000000080000000, 0x0000000087d80000, 0x00000000d5580000)
  object space 128512K, 99% used [0x0000000080000000,0x0000000087d15bc8,0x0000000087d80000)
 Metaspace       used 64605K, committed 66048K, reserved 1114112K
  class space    used 6504K, committed 7168K, reserved 1048576K
}
Event: 263.319 GC heap after
{Heap after GC invocations=120 (full 3):
 PSYoungGen      total 7168K, used 1001K [0x00000000d5580000, 0x00000000d5f80000, 0x0000000100000000)
  eden space 6144K, 0% used [0x00000000d5580000,0x00000000d5580000,0x00000000d5b80000)
  from space 1024K, 97% used [0x00000000d5b80000,0x00000000d5c7a540,0x00000000d5c80000)
  to   space 2048K, 0% used [0x00000000d5d80000,0x00000000d5d80000,0x00000000d5f80000)
 ParOldGen       total 129024K, used 128785K [0x0000000080000000, 0x0000000087e00000, 0x00000000d5580000)
  object space 129024K, 99% used [0x0000000080000000,0x0000000087dc44a8,0x0000000087e00000)
 Metaspace       used 64605K, committed 66048K, reserved 1114112K
  class space    used 6504K, committed 7168K, reserved 1048576K
}
Event: 263.781 GC heap before
{Heap before GC invocations=121 (full 3):
 PSYoungGen      total 7168K, used 7145K [0x00000000d5580000, 0x00000000d5f80000, 0x0000000100000000)
  eden space 6144K, 100% used [0x00000000d5580000,0x00000000d5b80000,0x00000000d5b80000)
  from space 1024K, 97% used [0x00000000d5b80000,0x00000000d5c7a540,0x00000000d5c80000)
  to   space 2048K, 0% used [0x00000000d5d80000,0x00000000d5d80000,0x00000000d5f80000)
 ParOldGen       total 129024K, used 128785K [0x0000000080000000, 0x0000000087e00000, 0x00000000d5580000)
  object space 129024K, 99% used [0x0000000080000000,0x0000000087dc44a8,0x0000000087e00000)
 Metaspace       used 64605K, committed 66048K, reserved 1114112K
  class space    used 6504K, committed 7168K, reserved 1048576K
}
Event: 263.784 GC heap after
{Heap after GC invocations=121 (full 3):
 PSYoungGen      total 8192K, used 1606K [0x00000000d5580000, 0x00000000d5f80000, 0x0000000100000000)
  eden space 6144K, 0% used [0x00000000d5580000,0x00000000d5580000,0x00000000d5b80000)
  from space 2048K, 78% used [0x00000000d5d80000,0x00000000d5f11870,0x00000000d5f80000)
  to   space 2048K, 0% used [0x00000000d5b80000,0x00000000d5b80000,0x00000000d5d80000)
 ParOldGen       total 130048K, used 129784K [0x0000000080000000, 0x0000000087f00000, 0x00000000d5580000)
  object space 130048K, 99% used [0x0000000080000000,0x0000000087ebe2f8,0x0000000087f00000)
 Metaspace       used 64605K, committed 66048K, reserved 1114112K
  class space    used 6504K, committed 7168K, reserved 1048576K
}
Event: 266.978 GC heap before
{Heap before GC invocations=122 (full 3):
 PSYoungGen      total 8192K, used 7750K [0x00000000d5580000, 0x00000000d5f80000, 0x0000000100000000)
  eden space 6144K, 100% used [0x00000000d5580000,0x00000000d5b80000,0x00000000d5b80000)
  from space 2048K, 78% used [0x00000000d5d80000,0x00000000d5f11870,0x00000000d5f80000)
  to   space 2048K, 0% used [0x00000000d5b80000,0x00000000d5b80000,0x00000000d5d80000)
 ParOldGen       total 130048K, used 129784K [0x0000000080000000, 0x0000000087f00000, 0x00000000d5580000)
  object space 130048K, 99% used [0x0000000080000000,0x0000000087ebe2f8,0x0000000087f00000)
 Metaspace       used 64605K, committed 66048K, reserved 1114112K
  class space    used 6504K, committed 7168K, reserved 1048576K
}
Event: 266.981 GC heap after
{Heap after GC invocations=122 (full 3):
 PSYoungGen      total 7680K, used 1289K [0x00000000d5580000, 0x00000000d5e80000, 0x0000000100000000)
  eden space 6144K, 0% used [0x00000000d5580000,0x00000000d5580000,0x00000000d5b80000)
  from space 1536K, 83% used [0x00000000d5b80000,0x00000000d5cc2780,0x00000000d5d00000)
  to   space 1536K, 0% used [0x00000000d5d00000,0x00000000d5d00000,0x00000000d5e80000)
 ParOldGen       total 131584K, used 131276K [0x0000000080000000, 0x0000000088080000, 0x00000000d5580000)
  object space 131584K, 99% used [0x0000000080000000,0x0000000088033290,0x0000000088080000)
 Metaspace       used 64605K, committed 66048K, reserved 1114112K
  class space    used 6504K, committed 7168K, reserved 1048576K
}

Dll operation events (10 events):
Event: 0.071 Loaded shared library c:\Users\Fernanda Jama\.trae\extensions\redhat.java-1.44.0-win32-x64\jre\21.0.8-win32-x86_64\bin\java.dll
Event: 0.254 Loaded shared library c:\Users\Fernanda Jama\.trae\extensions\redhat.java-1.44.0-win32-x64\jre\21.0.8-win32-x86_64\bin\zip.dll
Event: 0.298 Loaded shared library C:\Users\Fernanda Jama\.trae\extensions\redhat.java-1.44.0-win32-x64\jre\21.0.8-win32-x86_64\bin\instrument.dll
Event: 0.377 Loaded shared library C:\Users\Fernanda Jama\.trae\extensions\redhat.java-1.44.0-win32-x64\jre\21.0.8-win32-x86_64\bin\net.dll
Event: 0.389 Loaded shared library C:\Users\Fernanda Jama\.trae\extensions\redhat.java-1.44.0-win32-x64\jre\21.0.8-win32-x86_64\bin\nio.dll
Event: 0.396 Loaded shared library C:\Users\Fernanda Jama\.trae\extensions\redhat.java-1.44.0-win32-x64\jre\21.0.8-win32-x86_64\bin\zip.dll
Event: 0.449 Loaded shared library C:\Users\Fernanda Jama\.trae\extensions\redhat.java-1.44.0-win32-x64\jre\21.0.8-win32-x86_64\bin\jimage.dll
Event: 0.696 Loaded shared library c:\Users\Fernanda Jama\.trae\extensions\redhat.java-1.44.0-win32-x64\jre\21.0.8-win32-x86_64\bin\verify.dll
Event: 3.369 Loaded shared library C:\Users\Fernanda Jama\AppData\Roaming\Trae\User\globalStorage\redhat.java\1.44.0\config_win\org.eclipse.equinox.launcher\org.eclipse.equinox.launcher.win32.win32.x86_64_1.2.1400.v20250730-1736\eclipse_11913.dll
Event: 7.030 Loaded shared library C:\Users\Fernanda Jama\AppData\Local\Temp\jna--1470441178\jna838660770586883978.dll

Deoptimization events (20 events):
Event: 263.273 Thread 0x0000021a7ee1e920 DEOPT PACKING pc=0x0000021a021781a2 sp=0x000000f918bfe810
Event: 263.273 Thread 0x0000021a7ee1e920 DEOPT UNPACKING pc=0x0000021a075878e2 sp=0x000000f918bfdd88 mode 0
Event: 263.429 Thread 0x0000021a7ee1e920 DEOPT PACKING pc=0x0000021a021781a2 sp=0x000000f918bfe810
Event: 263.429 Thread 0x0000021a7ee1e920 DEOPT UNPACKING pc=0x0000021a075878e2 sp=0x000000f918bfdd88 mode 0
Event: 263.570 Thread 0x0000021a7ee1e920 Uncommon trap: trap_request=0xffffffe4 fr.pc=0x0000021a0862df48 relative=0x0000000000001288
Event: 263.570 Thread 0x0000021a7ee1e920 Uncommon trap: reason=range_check action=make_not_entrant pc=0x0000021a0862df48 method=org.eclipse.jdt.internal.core.search.matching.ConstructorPattern.createDeclarationIndexKey([CI[C[[C[[CI[CII)[C @ 352 c2
Event: 263.570 Thread 0x0000021a7ee1e920 DEOPT PACKING pc=0x0000021a0862df48 sp=0x000000f918bfe800
Event: 263.570 Thread 0x0000021a7ee1e920 DEOPT UNPACKING pc=0x0000021a07586da2 sp=0x000000f918bfe740 mode 2
Event: 263.618 Thread 0x0000021a7ee1e920 DEOPT PACKING pc=0x0000021a021781a2 sp=0x000000f918bfe810
Event: 263.618 Thread 0x0000021a7ee1e920 DEOPT UNPACKING pc=0x0000021a075878e2 sp=0x000000f918bfdd88 mode 0
Event: 263.856 Thread 0x0000021a7ee1e920 DEOPT PACKING pc=0x0000021a021781a2 sp=0x000000f918bfe810
Event: 263.856 Thread 0x0000021a7ee1e920 DEOPT UNPACKING pc=0x0000021a075878e2 sp=0x000000f918bfdd88 mode 0
Event: 267.297 Thread 0x0000021a7ee1e920 DEOPT PACKING pc=0x0000021a021781a2 sp=0x000000f918bfe810
Event: 267.297 Thread 0x0000021a7ee1e920 DEOPT UNPACKING pc=0x0000021a075878e2 sp=0x000000f918bfdd88 mode 0
Event: 267.477 Thread 0x0000021a7ee1e920 DEOPT PACKING pc=0x0000021a021781a2 sp=0x000000f918bfe810
Event: 267.477 Thread 0x0000021a7ee1e920 DEOPT UNPACKING pc=0x0000021a075878e2 sp=0x000000f918bfdd88 mode 0
Event: 267.543 Thread 0x0000021a7ee1e920 Uncommon trap: trap_request=0xffffff45 fr.pc=0x0000021a082caf18 relative=0x0000000000005f78
Event: 267.543 Thread 0x0000021a7ee1e920 Uncommon trap: reason=unstable_if action=reinterpret pc=0x0000021a082caf18 method=org.eclipse.jdt.internal.core.search.indexing.BinaryIndexer.indexDocument()V @ 55 c2
Event: 267.543 Thread 0x0000021a7ee1e920 DEOPT PACKING pc=0x0000021a082caf18 sp=0x000000f918bfe9c0
Event: 267.543 Thread 0x0000021a7ee1e920 DEOPT UNPACKING pc=0x0000021a07586da2 sp=0x000000f918bfe920 mode 2

Classes loaded (20 events):
Event: 188.805 Loading class java/util/concurrent/ArrayBlockingQueue
Event: 188.817 Loading class java/util/concurrent/ArrayBlockingQueue done
Event: 189.373 Loading class java/util/Hashtable$ValueCollection
Event: 189.380 Loading class java/util/Hashtable$ValueCollection done
Event: 189.400 Loading class java/util/stream/ReferencePipeline$4
Event: 189.400 Loading class java/util/stream/ReferencePipeline$4 done
Event: 189.401 Loading class java/util/stream/Nodes$IntFixedNodeBuilder
Event: 189.404 Loading class java/util/stream/Node$Builder$OfInt
Event: 189.404 Loading class java/util/stream/Node$Builder$OfInt done
Event: 189.404 Loading class java/util/stream/Nodes$IntArrayNode
Event: 189.404 Loading class java/util/stream/Nodes$IntArrayNode done
Event: 189.404 Loading class java/util/stream/Nodes$IntFixedNodeBuilder done
Event: 189.404 Loading class java/util/stream/ReferencePipeline$4$1
Event: 189.407 Loading class java/util/stream/ReferencePipeline$4$1 done
Event: 189.425 Loading class java/util/concurrent/ConcurrentHashMap$KeySpliterator
Event: 189.425 Loading class java/util/concurrent/ConcurrentHashMap$KeySpliterator done
Event: 189.468 Loading class sun/nio/ch/ChannelOutputStream
Event: 189.469 Loading class sun/nio/ch/ChannelOutputStream done
Event: 207.326 Loading class jdk/internal/module/IllegalAccessLogger
Event: 207.326 Loading class jdk/internal/module/IllegalAccessLogger done

Classes unloaded (8 events):
Event: 7.992 Thread 0x0000021a78382d60 Unloading class 0x0000021a101ac800 'java/lang/invoke/LambdaForm$MH+0x0000021a101ac800'
Event: 7.992 Thread 0x0000021a78382d60 Unloading class 0x0000021a101ac400 'java/lang/invoke/LambdaForm$MH+0x0000021a101ac400'
Event: 7.992 Thread 0x0000021a78382d60 Unloading class 0x0000021a101ac000 'java/lang/invoke/LambdaForm$MH+0x0000021a101ac000'
Event: 7.992 Thread 0x0000021a78382d60 Unloading class 0x0000021a101abc00 'java/lang/invoke/LambdaForm$MH+0x0000021a101abc00'
Event: 7.992 Thread 0x0000021a78382d60 Unloading class 0x0000021a101ab800 'java/lang/invoke/LambdaForm$BMH+0x0000021a101ab800'
Event: 7.992 Thread 0x0000021a78382d60 Unloading class 0x0000021a101ab400 'java/lang/invoke/LambdaForm$DMH+0x0000021a101ab400'
Event: 7.992 Thread 0x0000021a78382d60 Unloading class 0x0000021a101aa000 'java/lang/invoke/LambdaForm$DMH+0x0000021a101aa000'
Event: 166.695 Thread 0x0000021a78382d60 Unloading class 0x0000021a105d1400 'java/lang/invoke/LambdaForm$DMH+0x0000021a105d1400'

Classes redefined (0 events):
No events

Internal exceptions (20 events):
Event: 187.386 Thread 0x0000021a7ee1e290 Implicit null exception at 0x0000021a07eefc46 to 0x0000021a07eefc8f
Event: 189.286 Thread 0x0000021a51cd2ab0 Exception <a 'java/lang/NoSuchMethodError'{0x00000000d5785810}: 'void java.lang.invoke.DirectMethodHandle$Holder.invokeStatic(java.lang.Object, int, java.lang.Object)'> (0x00000000d5785810) 
thrown [s\src\hotspot\share\interpreter\linkResolver.cpp, line 773]
Event: 189.438 Thread 0x0000021a7ee1e290 Exception <a 'java/lang/NoSuchMethodError'{0x00000000d5880b18}: 'java.lang.Object java.lang.invoke.DirectMethodHandle$Holder.newInvokeSpecial(java.lang.Object, java.lang.Object, int, int, java.lang.Object)'> (0x00000000d5880b18) 
thrown [s\src\hotspot\share\interpreter\linkResolver.cpp, line 773]
Event: 197.370 Thread 0x0000021a51cd2ab0 Implicit null exception at 0x0000021a08211d27 to 0x0000021a082120bc
Event: 197.446 Thread 0x0000021a51cd2ab0 Implicit null exception at 0x0000021a08355aa6 to 0x0000021a083560e4
Event: 197.491 Thread 0x0000021a51cd2ab0 Exception <a 'java/lang/NoSuchMethodError'{0x00000000d5e7bb30}: 'java.lang.Object java.lang.invoke.DirectMethodHandle$Holder.invokeStatic(java.lang.Object, java.lang.Object, int, java.lang.Object, java.lang.Object)'> (0x00000000d5e7bb30) 
thrown [s\src\hotspot\share\interpreter\linkResolver.cpp, line 773]
Event: 198.677 Thread 0x0000021a51cd2ab0 Exception <a 'java/lang/NoSuchMethodError'{0x00000000d5fb7ae0}: 'java.lang.Object java.lang.invoke.DirectMethodHandle$Holder.newInvokeSpecial(java.lang.Object, java.lang.Object, java.lang.Object, java.lang.Object, int)'> (0x00000000d5fb7ae0) 
thrown [s\src\hotspot\share\interpreter\linkResolver.cpp, line 773]
Event: 198.678 Thread 0x0000021a51cd2ab0 Exception <a 'java/lang/NoSuchMethodError'{0x00000000d5fbbbc8}: 'java.lang.Object java.lang.invoke.DirectMethodHandle$Holder.invokeSpecial(java.lang.Object, java.lang.Object, java.lang.Object, java.lang.Object, java.lang.Object, int)'> (0x00000000d5fbbbc8) 
thrown [s\src\hotspot\share\interpreter\linkResolver.cpp, line 773]
Event: 198.681 Thread 0x0000021a51cd2ab0 Exception <a 'java/lang/NoSuchMethodError'{0x00000000d5fbf888}: 'java.lang.Object java.lang.invoke.Invokers$Holder.linkToTargetMethod(java.lang.Object, java.lang.Object, java.lang.Object, int, java.lang.Object)'> (0x00000000d5fbf888) 
thrown [s\src\hotspot\share\interpreter\linkResolver.cpp, line 773]
Event: 199.203 Thread 0x0000021a51cd2ab0 Exception <a 'java/lang/NoSuchMethodError'{0x00000000d59e5100}: 'java.lang.Object java.lang.invoke.DirectMethodHandle$Holder.invokeStatic(java.lang.Object, java.lang.Object, int, java.lang.Object)'> (0x00000000d59e5100) 
thrown [s\src\hotspot\share\interpreter\linkResolver.cpp, line 773]
Event: 199.206 Thread 0x0000021a51cd2ab0 Exception <a 'java/lang/NoSuchMethodError'{0x00000000d59ebcb8}: 'java.lang.Object java.lang.invoke.DirectMethodHandle$Holder.newInvokeSpecial(java.lang.Object, java.lang.Object, int)'> (0x00000000d59ebcb8) 
thrown [s\src\hotspot\share\interpreter\linkResolver.cpp, line 773]
Event: 199.279 Thread 0x0000021a51cd2ab0 Exception <a 'java/lang/NoSuchMethodError'{0x00000000d5a60008}: 'java.lang.Object java.lang.invoke.DirectMethodHandle$Holder.newInvokeSpecial(java.lang.Object, int, java.lang.Object, java.lang.Object, java.lang.Object)'> (0x00000000d5a60008) 
thrown [s\src\hotspot\share\interpreter\linkResolver.cpp, line 773]
Event: 204.912 Thread 0x0000021a7ee1e290 Exception <a 'sun/nio/fs/WindowsException'{0x00000000d58bdbf0}> (0x00000000d58bdbf0) 
thrown [s\src\hotspot\share\prims\jni.cpp, line 520]
Event: 204.917 Thread 0x0000021a7ee20360 Exception <a 'sun/nio/fs/WindowsException'{0x00000000d58c6008}> (0x00000000d58c6008) 
thrown [s\src\hotspot\share\prims\jni.cpp, line 520]
Event: 204.919 Thread 0x0000021a508b04b0 Exception <a 'sun/nio/fs/WindowsException'{0x00000000d58c9dc0}> (0x00000000d58c9dc0) 
thrown [s\src\hotspot\share\prims\jni.cpp, line 520]
Event: 204.920 Thread 0x0000021a508b1ef0 Exception <a 'sun/nio/fs/WindowsException'{0x00000000d58cdb78}> (0x00000000d58cdb78) 
thrown [s\src\hotspot\share\prims\jni.cpp, line 520]
Event: 204.921 Thread 0x0000021a508b0b40 Exception <a 'sun/nio/fs/WindowsException'{0x00000000d58d1930}> (0x00000000d58d1930) 
thrown [s\src\hotspot\share\prims\jni.cpp, line 520]
Event: 207.246 Thread 0x0000021a7ee1e290 Implicit null exception at 0x0000021a08452b1b to 0x0000021a08452b95
Event: 207.642 Thread 0x0000021a7ee1e290 Exception <a 'sun/nio/fs/WindowsException'{0x00000000d5817b58}> (0x00000000d5817b58) 
thrown [s\src\hotspot\share\prims\jni.cpp, line 520]
Event: 207.643 Thread 0x0000021a7ee1e290 Exception <a 'sun/nio/fs/WindowsException'{0x00000000d5818188}> (0x00000000d5818188) 
thrown [s\src\hotspot\share\prims\jni.cpp, line 520]

ZGC Phase Switch (0 events):
No events

VM Operations (20 events):
Event: 256.249 Executing VM operation: ParallelGCFailedAllocation (Allocation Failure) done
Event: 256.715 Executing VM operation: ParallelGCFailedAllocation (Allocation Failure)
Event: 256.767 Executing VM operation: ParallelGCFailedAllocation (Allocation Failure) done
Event: 257.055 Executing VM operation: ParallelGCFailedAllocation (Allocation Failure)
Event: 257.613 Executing VM operation: ParallelGCFailedAllocation (Allocation Failure) done
Event: 257.700 Executing VM operation: HandshakeAllThreads (Deoptimize)
Event: 257.700 Executing VM operation: HandshakeAllThreads (Deoptimize) done
Event: 257.954 Executing VM operation: ParallelGCFailedAllocation (Allocation Failure)
Event: 258.276 Executing VM operation: ParallelGCFailedAllocation (Allocation Failure) done
Event: 259.283 Executing VM operation: Cleanup
Event: 261.698 Executing VM operation: Cleanup done
Event: 263.316 Executing VM operation: ParallelGCFailedAllocation (Allocation Failure)
Event: 263.319 Executing VM operation: ParallelGCFailedAllocation (Allocation Failure) done
Event: 263.781 Executing VM operation: ParallelGCFailedAllocation (Allocation Failure)
Event: 263.784 Executing VM operation: ParallelGCFailedAllocation (Allocation Failure) done
Event: 265.798 Executing VM operation: Cleanup
Event: 266.597 Executing VM operation: Cleanup done
Event: 266.963 Executing VM operation: ParallelGCFailedAllocation (Allocation Failure)
Event: 266.981 Executing VM operation: ParallelGCFailedAllocation (Allocation Failure) done
Event: 267.981 Executing VM operation: Cleanup

Memory protections (0 events):
No events

Nmethod flushes (20 events):
Event: 166.748 Thread 0x0000021a78382d60 flushing osr nmethod 0x0000021a00a2cf10
Event: 166.748 Thread 0x0000021a78382d60 flushing  nmethod 0x0000021a00a33410
Event: 166.748 Thread 0x0000021a78382d60 flushing  nmethod 0x0000021a00a33c10
Event: 166.748 Thread 0x0000021a78382d60 flushing  nmethod 0x0000021a00a34010
Event: 166.748 Thread 0x0000021a78382d60 flushing  nmethod 0x0000021a00a34b90
Event: 166.748 Thread 0x0000021a78382d60 flushing  nmethod 0x0000021a00a35610
Event: 166.748 Thread 0x0000021a78382d60 flushing  nmethod 0x0000021a00a46d10
Event: 166.748 Thread 0x0000021a78382d60 flushing  nmethod 0x0000021a00a47190
Event: 166.748 Thread 0x0000021a78382d60 flushing  nmethod 0x0000021a00a48a90
Event: 166.748 Thread 0x0000021a78382d60 flushing  nmethod 0x0000021a00a4e190
Event: 166.748 Thread 0x0000021a78382d60 flushing  nmethod 0x0000021a00a4ff90
Event: 166.748 Thread 0x0000021a78382d60 flushing osr nmethod 0x0000021a00a53890
Event: 166.748 Thread 0x0000021a78382d60 flushing  nmethod 0x0000021a00a5b810
Event: 166.748 Thread 0x0000021a78382d60 flushing  nmethod 0x0000021a00a73010
Event: 166.748 Thread 0x0000021a78382d60 flushing  nmethod 0x0000021a00a79b90
Event: 166.748 Thread 0x0000021a78382d60 flushing  nmethod 0x0000021a00aa9990
Event: 166.748 Thread 0x0000021a78382d60 flushing  nmethod 0x0000021a00aadb10
Event: 166.748 Thread 0x0000021a78382d60 flushing  nmethod 0x0000021a00aea510
Event: 166.748 Thread 0x0000021a78382d60 flushing  nmethod 0x0000021a00af7690
Event: 166.748 Thread 0x0000021a78382d60 flushing  nmethod 0x0000021a00b0cc10

Events (20 events):
Event: 234.270 Thread 0x0000021a7ee1e290 Thread added: 0x0000021a7e8ea5d0
Event: 245.214 Thread 0x0000021a7ee1f640 Thread exited: 0x0000021a7ee1f640
Event: 245.214 Thread 0x0000021a7e8eb2f0 Thread exited: 0x0000021a7e8eb2f0
Event: 245.214 Thread 0x0000021a51cd5210 Thread exited: 0x0000021a51cd5210
Event: 245.214 Thread 0x0000021a51cd44f0 Thread exited: 0x0000021a51cd44f0
Event: 245.214 Thread 0x0000021a7e8ea5d0 Thread exited: 0x0000021a7e8ea5d0
Event: 246.117 Thread 0x0000021a7ee1e290 Thread added: 0x0000021a51cd44f0
Event: 246.118 Thread 0x0000021a7ee1e290 Thread added: 0x0000021a51cd5210
Event: 246.118 Thread 0x0000021a7ee1e290 Thread added: 0x0000021a7ee1f640
Event: 246.118 Thread 0x0000021a7ee1e290 Thread added: 0x0000021a7e8eb2f0
Event: 246.124 Thread 0x0000021a7ee1e290 Thread added: 0x0000021a7e8e98b0
Event: 258.279 Thread 0x0000021a51cd44f0 Thread exited: 0x0000021a51cd44f0
Event: 258.279 Thread 0x0000021a7e8eb2f0 Thread exited: 0x0000021a7e8eb2f0
Event: 258.280 Thread 0x0000021a7e8e98b0 Thread exited: 0x0000021a7e8e98b0
Event: 258.280 Thread 0x0000021a7ee1f640 Thread exited: 0x0000021a7ee1f640
Event: 258.281 Thread 0x0000021a51cd5210 Thread exited: 0x0000021a51cd5210
Event: 264.951 Thread 0x0000021a7ee20360 Thread exited: 0x0000021a7ee20360
Event: 264.951 Thread 0x0000021a508b1ef0 Thread exited: 0x0000021a508b1ef0
Event: 264.978 Thread 0x0000021a51cd0350 Thread exited: 0x0000021a51cd0350
Event: 267.347 Thread 0x0000021a51cd2ab0 Thread exited: 0x0000021a51cd2ab0


Dynamic libraries:
0x00007ff72bea0000 - 0x00007ff72beae000 	c:\Users\Fernanda Jama\.trae\extensions\redhat.java-1.44.0-win32-x64\jre\21.0.8-win32-x86_64\bin\java.exe
0x00007ff921080000 - 0x00007ff9212e7000 	C:\Windows\SYSTEM32\ntdll.dll
0x00007ff920630000 - 0x00007ff9206f9000 	C:\Windows\System32\KERNEL32.DLL
0x00007ff91e440000 - 0x00007ff91e830000 	C:\Windows\System32\KERNELBASE.dll
0x00007ff88eb20000 - 0x00007ff88ebfb000 	C:\Program Files\Bitdefender\Endpoint Security\bdhkm\dlls_267825381831322691\bdhkm64.dll
0x00007ff88e950000 - 0x00007ff88eb19000 	C:\Program Files\Bitdefender\Endpoint Security\atcuf\dlls_267870601976104115\atcuf64.dll
0x00007ff91e1b0000 - 0x00007ff91e2fb000 	C:\Windows\System32\ucrtbase.dll
0x00007ff88d5b0000 - 0x00007ff88d5c8000 	c:\Users\Fernanda Jama\.trae\extensions\redhat.java-1.44.0-win32-x64\jre\21.0.8-win32-x86_64\bin\jli.dll
0x00007ff920370000 - 0x00007ff920535000 	C:\Windows\System32\USER32.dll
0x00007ff91ede0000 - 0x00007ff91ee07000 	C:\Windows\System32\win32u.dll
0x00007ff920a90000 - 0x00007ff920abb000 	C:\Windows\System32\GDI32.dll
0x00007ff91e840000 - 0x00007ff91e978000 	C:\Windows\System32\gdi32full.dll
0x00007ff91e390000 - 0x00007ff91e433000 	C:\Windows\System32\msvcp_win.dll
0x00007ff88c080000 - 0x00007ff88c09e000 	c:\Users\Fernanda Jama\.trae\extensions\redhat.java-1.44.0-win32-x64\jre\21.0.8-win32-x86_64\bin\VCRUNTIME140.dll
0x00007ff901da0000 - 0x00007ff90203a000 	C:\Windows\WinSxS\amd64_microsoft.windows.common-controls_6595b64144ccf1df_6.0.26100.4768_none_3e0c112ce331287c\COMCTL32.dll
0x00007ff920de0000 - 0x00007ff920e89000 	C:\Windows\System32\msvcrt.dll
0x00007ff920700000 - 0x00007ff92072f000 	C:\Windows\System32\IMM32.DLL
0x00007ff8d3e40000 - 0x00007ff8d3e4c000 	c:\Users\Fernanda Jama\.trae\extensions\redhat.java-1.44.0-win32-x64\jre\21.0.8-win32-x86_64\bin\vcruntime140_1.dll
0x00007ff885ac0000 - 0x00007ff885b4d000 	c:\Users\Fernanda Jama\.trae\extensions\redhat.java-1.44.0-win32-x64\jre\21.0.8-win32-x86_64\bin\msvcp140.dll
0x00007ff87f480000 - 0x00007ff880217000 	c:\Users\Fernanda Jama\.trae\extensions\redhat.java-1.44.0-win32-x64\jre\21.0.8-win32-x86_64\bin\server\jvm.dll
0x00007ff920540000 - 0x00007ff9205f4000 	C:\Windows\System32\ADVAPI32.dll
0x00007ff9208f0000 - 0x00007ff920996000 	C:\Windows\System32\sechost.dll
0x00007ff91f400000 - 0x00007ff91f518000 	C:\Windows\System32\RPCRT4.dll
0x00007ff91fca0000 - 0x00007ff91fd14000 	C:\Windows\System32\WS2_32.dll
0x00007ff91da00000 - 0x00007ff91da5e000 	C:\Windows\SYSTEM32\POWRPROF.dll
0x00007ff9063a0000 - 0x00007ff9063d5000 	C:\Windows\SYSTEM32\WINMM.dll
0x00007ff90d250000 - 0x00007ff90d25b000 	C:\Windows\SYSTEM32\VERSION.dll
0x00007ff91d9e0000 - 0x00007ff91d9f4000 	C:\Windows\SYSTEM32\UMPDC.dll
0x00007ff91cef0000 - 0x00007ff91cf0b000 	C:\Windows\SYSTEM32\kernel.appcore.dll
0x00007ff8cbae0000 - 0x00007ff8cbaea000 	c:\Users\Fernanda Jama\.trae\extensions\redhat.java-1.44.0-win32-x64\jre\21.0.8-win32-x86_64\bin\jimage.dll
0x00007ff91b830000 - 0x00007ff91ba71000 	C:\Windows\SYSTEM32\DBGHELP.DLL
0x00007ff91f070000 - 0x00007ff91f3f5000 	C:\Windows\System32\combase.dll
0x00007ff9209a0000 - 0x00007ff920a80000 	C:\Windows\System32\OLEAUT32.dll
0x00007ff8e4740000 - 0x00007ff8e4783000 	C:\Windows\SYSTEM32\dbgcore.DLL
0x00007ff91e980000 - 0x00007ff91ea19000 	C:\Windows\System32\bcryptPrimitives.dll
0x00007ff91acd0000 - 0x00007ff91acdf000 	c:\Users\Fernanda Jama\.trae\extensions\redhat.java-1.44.0-win32-x64\jre\21.0.8-win32-x86_64\bin\instrument.dll
0x00007ff88c060000 - 0x00007ff88c07f000 	c:\Users\Fernanda Jama\.trae\extensions\redhat.java-1.44.0-win32-x64\jre\21.0.8-win32-x86_64\bin\java.dll
0x00007ff91f550000 - 0x00007ff91fc9d000 	C:\Windows\System32\SHELL32.dll
0x00007ff91ec60000 - 0x00007ff91edd3000 	C:\Windows\System32\wintypes.dll
0x00007ff91bd50000 - 0x00007ff91c5b0000 	C:\Windows\SYSTEM32\windows.storage.dll
0x00007ff91ee90000 - 0x00007ff91ef85000 	C:\Windows\System32\SHCORE.dll
0x00007ff91ef90000 - 0x00007ff91effa000 	C:\Windows\System32\shlwapi.dll
0x00007ff91e0a0000 - 0x00007ff91e0c9000 	C:\Windows\SYSTEM32\profapi.dll
0x00007ff88c020000 - 0x00007ff88c038000 	c:\Users\Fernanda Jama\.trae\extensions\redhat.java-1.44.0-win32-x64\jre\21.0.8-win32-x86_64\bin\zip.dll
0x00007ff8a91a0000 - 0x00007ff8a91b0000 	C:\Users\Fernanda Jama\.trae\extensions\redhat.java-1.44.0-win32-x64\jre\21.0.8-win32-x86_64\bin\net.dll
0x00007ff910f20000 - 0x00007ff91103e000 	C:\Windows\SYSTEM32\WINHTTP.dll
0x00007ff91d460000 - 0x00007ff91d4cb000 	C:\Windows\system32\mswsock.dll
0x00007ff885710000 - 0x00007ff885726000 	C:\Users\Fernanda Jama\.trae\extensions\redhat.java-1.44.0-win32-x64\jre\21.0.8-win32-x86_64\bin\nio.dll
0x00007ff91acc0000 - 0x00007ff91acd0000 	c:\Users\Fernanda Jama\.trae\extensions\redhat.java-1.44.0-win32-x64\jre\21.0.8-win32-x86_64\bin\verify.dll
0x00007ff904c60000 - 0x00007ff904ca5000 	C:\Users\Fernanda Jama\AppData\Roaming\Trae\User\globalStorage\redhat.java\1.44.0\config_win\org.eclipse.equinox.launcher\org.eclipse.equinox.launcher.win32.win32.x86_64_1.2.1400.v20250730-1736\eclipse_11913.dll
0x00007ff920740000 - 0x00007ff9208e0000 	C:\Windows\System32\ole32.dll
0x00007ff91d840000 - 0x00007ff91d85b000 	C:\Windows\SYSTEM32\CRYPTSP.dll
0x00007ff91ce50000 - 0x00007ff91ce8b000 	C:\Windows\system32\rsaenh.dll
0x00007ff91d500000 - 0x00007ff91d52b000 	C:\Windows\SYSTEM32\USERENV.dll
0x00007ff91e0d0000 - 0x00007ff91e0f6000 	C:\Windows\SYSTEM32\bcrypt.dll
0x00007ff91d6a0000 - 0x00007ff91d6ac000 	C:\Windows\SYSTEM32\CRYPTBASE.dll
0x00007ff91c930000 - 0x00007ff91c963000 	C:\Windows\SYSTEM32\IPHLPAPI.DLL
0x00007ff920b40000 - 0x00007ff920b4a000 	C:\Windows\System32\NSI.dll
0x00007ff904c10000 - 0x00007ff904c59000 	C:\Users\Fernanda Jama\AppData\Local\Temp\jna--1470441178\jna838660770586883978.dll
0x00007ff920600000 - 0x00007ff920608000 	C:\Windows\System32\PSAPI.DLL
0x00007ff915d20000 - 0x00007ff915d3f000 	C:\Windows\SYSTEM32\dhcpcsvc6.DLL
0x00007ff915cf0000 - 0x00007ff915d15000 	C:\Windows\SYSTEM32\dhcpcsvc.DLL

JVMTI agents:
c:\Users\Fernanda Jama\.trae\extensions\redhat.java-1.44.0-win32-x64\lombok\lombok-1.18.39-4050.jar path:c:\Users\Fernanda Jama\.trae\extensions\redhat.java-1.44.0-win32-x64\jre\21.0.8-win32-x86_64\bin\instrument.dll, loaded, initialized, instrumentlib options:none

dbghelp: loaded successfully - version: 4.0.5 - missing functions: none
symbol engine: initialized successfully - sym options: 0x614 - pdb path: .;c:\Users\Fernanda Jama\.trae\extensions\redhat.java-1.44.0-win32-x64\jre\21.0.8-win32-x86_64\bin;C:\Windows\SYSTEM32;C:\Program Files\Bitdefender\Endpoint Security\bdhkm\dlls_267825381831322691;C:\Program Files\Bitdefender\Endpoint Security\atcuf\dlls_267870601976104115;C:\Windows\WinSxS\amd64_microsoft.windows.common-controls_6595b64144ccf1df_6.0.26100.4768_none_3e0c112ce331287c;c:\Users\Fernanda Jama\.trae\extensions\redhat.java-1.44.0-win32-x64\jre\21.0.8-win32-x86_64\bin\server;C:\Users\Fernanda Jama\AppData\Roaming\Trae\User\globalStorage\redhat.java\1.44.0\config_win\org.eclipse.equinox.launcher\org.eclipse.equinox.launcher.win32.win32.x86_64_1.2.1400.v20250730-1736;C:\Users\Fernanda Jama\AppData\Local\Temp\jna--1470441178

VM Arguments:
jvm_args: --add-modules=ALL-SYSTEM --add-opens=java.base/java.util=ALL-UNNAMED --add-opens=java.base/java.lang=ALL-UNNAMED --add-opens=java.base/sun.nio.fs=ALL-UNNAMED -Declipse.application=org.eclipse.jdt.ls.core.id1 -Dosgi.bundles.defaultStartLevel=4 -Declipse.product=org.eclipse.jdt.ls.core.product -Djava.import.generatesMetadataFilesAtProjectRoot=false -DDetectVMInstallationsJob.disabled=true -Dfile.encoding=utf8 -XX:+UseParallelGC -XX:GCTimeRatio=4 -XX:AdaptiveSizePolicyWeight=90 -Dsun.zip.disableMemoryMapping=true -Xmx2G -Xms100m -Xlog:disable -javaagent:c:\Users\Fernanda Jama\.trae\extensions\redhat.java-1.44.0-win32-x64\lombok\lombok-1.18.39-4050.jar -XX:+HeapDumpOnOutOfMemoryError -XX:HeapDumpPath=c:\Users\Fernanda Jama\AppData\Roaming\Trae\User\workspaceStorage\15c722b02b3b73826bcb58a08aa3cd52\redhat.java -Daether.dependencyCollector.impl=bf 
java_command: c:\Users\Fernanda Jama\.trae\extensions\redhat.java-1.44.0-win32-x64\server\plugins\org.eclipse.equinox.launcher_1.7.0.v20250519-0528.jar -configuration c:\Users\Fernanda Jama\AppData\Roaming\Trae\User\globalStorage\redhat.java\1.44.0\config_win -data c:\Users\Fernanda Jama\AppData\Roaming\Trae\User\workspaceStorage\15c722b02b3b73826bcb58a08aa3cd52\redhat.java\jdt_ws --pipe=\\.\pipe\lsp-24a7159a5f712c805e99cf5add640cc5-sock
java_class_path (initial): c:\Users\Fernanda Jama\.trae\extensions\redhat.java-1.44.0-win32-x64\server\plugins\org.eclipse.equinox.launcher_1.7.0.v20250519-0528.jar
Launcher Type: SUN_STANDARD

[Global flags]
    uintx AdaptiveSizePolicyWeight                 = 90                                        {product} {command line}
     intx CICompilerCount                          = 4                                         {product} {ergonomic}
    uintx GCTimeRatio                              = 4                                         {product} {command line}
     bool HeapDumpOnOutOfMemoryError               = true                                   {manageable} {command line}
    ccstr HeapDumpPath                             = c:\Users\Fernanda Jama\AppData\Roaming\Trae\User\workspaceStorage\15c722b02b3b73826bcb58a08aa3cd52\redhat.java         {manageable} {command line}
   size_t InitialHeapSize                          = 104857600                                 {product} {command line}
   size_t MaxHeapSize                              = 2147483648                                {product} {command line}
   size_t MaxNewSize                               = 715653120                                 {product} {ergonomic}
   size_t MinHeapDeltaBytes                        = 524288                                    {product} {ergonomic}
   size_t MinHeapSize                              = 104857600                                 {product} {command line}
   size_t NewSize                                  = 34603008                                  {product} {ergonomic}
    uintx NonNMethodCodeHeapSize                   = 5839372                                {pd product} {ergonomic}
    uintx NonProfiledCodeHeapSize                  = 122909434                              {pd product} {ergonomic}
   size_t OldSize                                  = 70254592                                  {product} {ergonomic}
    uintx ProfiledCodeHeapSize                     = 122909434                              {pd product} {ergonomic}
    uintx ReservedCodeCacheSize                    = 251658240                              {pd product} {ergonomic}
     bool SegmentedCodeCache                       = true                                      {product} {ergonomic}
   size_t SoftMaxHeapSize                          = 2147483648                             {manageable} {ergonomic}
     bool UseCompressedOops                        = true                           {product lp64_product} {ergonomic}
     bool UseLargePagesIndividualAllocation        = false                                  {pd product} {ergonomic}
     bool UseParallelGC                            = true                                      {product} {command line}

Logging:
Log output configuration:
 #0: stdout all=off uptime,level,tags foldmultilines=false
 #1: stderr all=off uptime,level,tags foldmultilines=false

Environment Variables:
JAVA_HOME=C:\Program Files\Java\jdk-17
CLASSPATH=C:\Program Files\SAP\SAP Business One DI API\JCO\LIB\sbowrapper.jar;C:\Program Files\SAP\SAP Business One DI API\JCO\LIB\sboapi.jar
PATH=C:\Users\Fernanda Jama\.trae\tools\gradle\latest\bin;C:\Program Files\Java\jdk-17\bin;C:\Users\Fernanda Jama\.trae\tools\maven\latest\bin;C:\Python313\Scripts\;C:\Python313\;C:\Program Files\Microsoft MPI\Bin\;C:\Program Files\Common Files\Oracle\Java\javapath;C:\Windows\system32;C:\Windows;C:\Windows\System32\Wbem;C:\Windows\System32\WindowsPowerShell\v1.0\;C:\Windows\System32\OpenSSH\;C:\Program Files\Microsoft SQL Server\Client SDK\ODBC\170\Tools\Binn\;C:\Program Files (x86)\Microsoft SQL Server\150\Tools\Binn\;C:\Program Files\Microsoft SQL Server\150\Tools\Binn\;C:\Program Files\Microsoft SQL Server\150\DTS\Binn\;C:\Program Files (x86)\Microsoft SQL Server\160\DTS\Binn\;C:\Program Files\nodejs\;C:\ProgramData\chocolatey\bin;C:\Program Files\SAP\SAP Business One DI API\JCO\LIB\;C:\Program Files\SAP\SAP Business One DI API\DI API 90;C:\Program Files\SAP\SAP Business One\;C:\Program Files\apache-maven-3.8.8-bin\apache-maven-3.8.8\bin;C:\Program Files\Git\cmd;C:\Users\Fernanda Jama\AppData\Local\Microsoft\WindowsApps;C:\Users\Fernanda Jama\AppData\Local\GitHubDesktop\bin;C:\Users\Fernanda Jama\AppData\Local\Programs\Microsoft VS Code\bin;C:\Users\Fernanda Jama\AppData\Roaming\npm;c:\Users\Fernanda Jama\AppData\Local\Programs\Trae\resources\app\bin\lib
USERNAME=Fernanda Jama
OS=Windows_NT
PROCESSOR_IDENTIFIER=Intel64 Family 6 Model 140 Stepping 1, GenuineIntel
TMP=C:\Users\FERNAN~1\AppData\Local\Temp
TEMP=C:\Users\FERNAN~1\AppData\Local\Temp




Periodic native trim disabled

---------------  S Y S T E M  ---------------

OS:
 Windows 11 , 64 bit Build 26100 (10.0.26100.4768)
OS uptime: 0 days 21:32 hours
Hyper-V role detected

CPU: total 8 (initial active 8) (4 cores per cpu, 2 threads per core) family 6 model 140 stepping 1 microcode 0xb8, cx8, cmov, fxsr, ht, mmx, 3dnowpref, sse, sse2, sse3, ssse3, sse4.1, sse4.2, popcnt, lzcnt, tsc, tscinvbit, avx, avx2, aes, erms, clmul, bmi1, bmi2, adx, avx512f, avx512dq, avx512cd, avx512bw, avx512vl, sha, fma, vzeroupper, avx512_vpopcntdq, avx512_vpclmulqdq, avx512_vaes, avx512_vnni, clflush, clflushopt, clwb, avx512_vbmi2, avx512_vbmi, hv, rdtscp, rdpid, fsrm, gfni, avx512_bitalg, f16c, cet_ibt, cet_ss, avx512_ifma
Processor Information for the first 8 processors :
  Max Mhz: 2803, Current Mhz: 2803, Mhz Limit: 2803

Memory: 4k page, system-wide physical 40743M (1089M free)
TotalPageFile size 101623M (AvailPageFile size 0M)
current process WorkingSet (physical memory assigned to process): 384M, peak: 384M
current process commit charge ("private bytes"): 437M, peak: 438M

vm_info: OpenJDK 64-Bit Server VM (21.0.8+9-LTS) for windows-amd64 JRE (21.0.8+9-LTS), built on 2025-07-15T00:00:00Z by "admin" with MS VC++ 17.7 (VS2022)

END.
