#
# There is insufficient memory for the Java Runtime Environment to continue.
# Native memory allocation (malloc) failed to allocate 1636016 bytes for Chunk::new
# Possible reasons:
#   The system is out of physical RAM or swap space
#   The process is running with CompressedOops enabled, and the Java Heap may be blocking the growth of the native heap
# Possible solutions:
#   Reduce memory load on the system
#   Increase physical memory or swap space
#   Check if swap backing store is full
#   Decrease Java heap size (-Xmx/-Xms)
#   Decrease number of Java threads
#   Decrease Java thread stack sizes (-Xss)
#   Set larger code cache with -XX:ReservedCodeCacheSize=
#   JVM is running with Zero Based Compressed Oops mode in which the Java heap is
#     placed in the first 32GB address space. The Java Heap base address is the
#     maximum limit for the native heap growth. Please use -XX:HeapBaseMinAddress
#     to set the Java Heap base and to place the Java Heap above 32GB virtual address.
# This output file may be truncated or incomplete.
#
#  Out of Memory Error (arena.cpp:189), pid=9288, tid=4920
#
# JRE version: Java(TM) SE Runtime Environment (17.0.15+9) (build 17.0.15+9-LTS-241)
# Java VM: Java HotSpot(TM) 64-Bit Server VM (17.0.15+9-LTS-241, mixed mode, sharing, tiered, compressed oops, compressed class ptrs, g1 gc, windows-amd64)
# No core dump will be written. Minidumps are not enabled by default on client versions of Windows
#

---------------  S U M M A R Y ------------

Command Line: -XX:+ShowCodeDetailsInExceptionMessages -Dspring.jmx.enabled=true -Dmanagement.endpoints.jmx.exposure.include=* -Dspring.application.admin.enabled=true -Dspring.boot.project.name=com.manamer.sellout.infraestructure.eurekaserver-eurekaserver -Djava.rmi.server.hostname=localhost -Dcom.sun.management.jmxremote.port=45556 -Dcom.sun.management.jmxremote.authenticate=false -Dcom.sun.management.jmxremote.ssl=false com.manamer.sellout.infraestructure.eurekaserver.EurekaserverApplication

Host: 11th Gen Intel(R) Core(TM) i7-1165G7 @ 2.80GHz, 8 cores, 39G,  Windows 11 , 64 bit Build 26100 (10.0.26100.5074)
Time: Fri Sep  5 10:48:51 2025 Hora est. Pacífico, Sudamérica elapsed time: 82416.991710 seconds (0d 22h 53m 36s)

---------------  T H R E A D  ---------------

Current thread (0x000001eccc12f9f0):  JavaThread "C2 CompilerThread0" daemon [_thread_in_native, id=4920, stack(0x0000002898100000,0x0000002898200000)]


Current CompileTask:
C2:82416992 13904   !   4       org.springframework.core.io.DefaultResourceLoader::getResource (140 bytes)

Stack: [0x0000002898100000,0x0000002898200000]
Native frames: (J=compiled Java code, j=interpreted, Vv=VM code, C=native code)
V  [jvm.dll+0x67a46a]
V  [jvm.dll+0x7da6ad]
V  [jvm.dll+0x7dbff3]
V  [jvm.dll+0x7dc663]
V  [jvm.dll+0x24523f]
V  [jvm.dll+0xab763]
V  [jvm.dll+0xabd2c]
V  [jvm.dll+0x361ebf]
V  [jvm.dll+0x32c5e1]
V  [jvm.dll+0x32ba7a]
V  [jvm.dll+0x2169ef]
V  [jvm.dll+0x215e1f]
V  [jvm.dll+0x1a2a00]
V  [jvm.dll+0x2262bb]
V  [jvm.dll+0x22445b]
V  [jvm.dll+0x790acc]
V  [jvm.dll+0x78b0ba]
V  [jvm.dll+0x679355]
C  [ucrtbase.dll+0x37b0]
C  [KERNEL32.DLL+0x2e8d7]
C  [ntdll.dll+0x8d9c]


---------------  P R O C E S S  ---------------

Threads class SMR info:
_java_thread_list=0x000001ed145c4740, length=32, elements={
0x000001eccc10fee0, 0x000001eccc111600, 0x000001eccc126a50, 0x000001eccc129510,
0x000001eccc12aa30, 0x000001eccc12c6f0, 0x000001eccc12f9f0, 0x000001eccc139460,
0x000001eccc14e0c0, 0x000001eccc951300, 0x000001ecccac3030, 0x000001ed121fc9e0,
0x000001ed12585180, 0x000001ed12585bd0, 0x000001ed1301ba90, 0x000001ed16d154f0,
0x000001ed13a16380, 0x000001ed16d14b50, 0x000001ed16d1a1f0, 0x000001ed16d16830,
0x000001ed16d18eb0, 0x000001ed16d18510, 0x000001ed16d141b0, 0x000001ed16d129a0,
0x000001ed13a15eb0, 0x000001ed13a13360, 0x000001ed13a13830, 0x000001ed13a12e90,
0x000001ed13a16850, 0x000001ed13a16d20, 0x000001ed13a171f0, 0x000001ed13079620
}

Java Threads: ( => current thread )
  0x000001eccc10fee0 JavaThread "Reference Handler" daemon [_thread_blocked, id=18904, stack(0x0000002897b00000,0x0000002897c00000)]
  0x000001eccc111600 JavaThread "Finalizer" daemon [_thread_blocked, id=21696, stack(0x0000002897c00000,0x0000002897d00000)]
  0x000001eccc126a50 JavaThread "Signal Dispatcher" daemon [_thread_blocked, id=13900, stack(0x0000002897d00000,0x0000002897e00000)]
  0x000001eccc129510 JavaThread "Attach Listener" daemon [_thread_blocked, id=23564, stack(0x0000002897e00000,0x0000002897f00000)]
  0x000001eccc12aa30 JavaThread "Service Thread" daemon [_thread_blocked, id=4028, stack(0x0000002897f00000,0x0000002898000000)]
  0x000001eccc12c6f0 JavaThread "Monitor Deflation Thread" daemon [_thread_blocked, id=19724, stack(0x0000002898000000,0x0000002898100000)]
=>0x000001eccc12f9f0 JavaThread "C2 CompilerThread0" daemon [_thread_in_native, id=4920, stack(0x0000002898100000,0x0000002898200000)]
  0x000001eccc139460 JavaThread "C1 CompilerThread0" daemon [_thread_blocked, id=20160, stack(0x0000002898200000,0x0000002898300000)]
  0x000001eccc14e0c0 JavaThread "Sweeper thread" daemon [_thread_blocked, id=7492, stack(0x0000002898300000,0x0000002898400000)]
  0x000001eccc951300 JavaThread "Common-Cleaner" daemon [_thread_blocked, id=15128, stack(0x0000002898400000,0x0000002898500000)]
  0x000001ecccac3030 JavaThread "Notification Thread" daemon [_thread_blocked, id=8344, stack(0x0000002898600000,0x0000002898700000)]
  0x000001ed121fc9e0 JavaThread "RMI TCP Accept-0" daemon [_thread_in_native, id=3968, stack(0x0000002898700000,0x0000002898800000)]
  0x000001ed12585180 JavaThread "RMI TCP Accept-45556" daemon [_thread_in_native, id=15416, stack(0x0000002898800000,0x0000002898900000)]
  0x000001ed12585bd0 JavaThread "RMI TCP Accept-0" daemon [_thread_in_native, id=25316, stack(0x0000002898900000,0x0000002898a00000)]
  0x000001ed1301ba90 JavaThread "Live Reload Server" daemon [_thread_in_native, id=16940, stack(0x0000002899c00000,0x0000002899d00000)]
  0x000001ed16d154f0 JavaThread "DestroyJavaVM" [_thread_blocked, id=17072, stack(0x0000002897400000,0x0000002897500000)]
  0x000001ed13a16380 JavaThread "Thread-7" [_thread_blocked, id=21776, stack(0x0000002897300000,0x0000002897400000)]
  0x000001ed16d14b50 JavaThread "File Watcher" daemon [_thread_blocked, id=18040, stack(0x0000002897200000,0x0000002897300000)]
  0x000001ed16d1a1f0 JavaThread "Eureka-MeasureRateTimer" daemon [_thread_blocked, id=15616, stack(0x0000002899b00000,0x0000002899c00000)]
  0x000001ed16d16830 JavaThread "Eureka-MeasureRateTimer" daemon [_thread_blocked, id=25996, stack(0x0000002899e00000,0x0000002899f00000)]
  0x000001ed16d18eb0 JavaThread "Eureka-Jersey3Client-Conn-Cleaner2" daemon [_thread_blocked, id=7396, stack(0x0000002899f00000,0x000000289a000000)]
  0x000001ed16d18510 JavaThread "TaskAcceptor-target_localhost" daemon [_thread_blocked, id=11116, stack(0x000000289a000000,0x000000289a100000)]
  0x000001ed16d141b0 JavaThread "File Watcher" daemon [_thread_blocked, id=27296, stack(0x0000002899200000,0x0000002899300000)]
  0x000001ed16d129a0 JavaThread "File Watcher" daemon [_thread_blocked, id=10360, stack(0x0000002899500000,0x0000002899600000)]
  0x000001ed13a15eb0 JavaThread "Eureka-MeasureRateTimer" daemon [_thread_blocked, id=27040, stack(0x000000289a200000,0x000000289a300000)]
  0x000001ed13a13360 JavaThread "Eureka-MeasureRateTimer" daemon [_thread_blocked, id=3344, stack(0x000000289a400000,0x000000289a500000)]
  0x000001ed13a13830 JavaThread "Eureka-Jersey3Client-Conn-Cleaner2" daemon [_thread_blocked, id=29408, stack(0x000000289a500000,0x000000289a600000)]
  0x000001ed13a12e90 JavaThread "TaskAcceptor-target_localhost" daemon [_thread_blocked, id=30620, stack(0x000000289a600000,0x000000289a700000)]
  0x000001ed13a16850 JavaThread "File Watcher" daemon [_thread_blocked, id=25132, stack(0x0000002899600000,0x0000002899700000)]
  0x000001ed13a16d20 JavaThread "File Watcher" daemon [_thread_blocked, id=14720, stack(0x0000002899300000,0x0000002899400000)]
  0x000001ed13a171f0 JavaThread "restartedMain" [_thread_in_native, id=27516, stack(0x0000002899400000,0x0000002899500000)]
  0x000001ed13079620 JavaThread "C2 CompilerThread1" daemon [_thread_in_native, id=30644, stack(0x0000002899700000,0x0000002899800000)]

Other Threads:
  0x000001eccc10b130 VMThread "VM Thread" [stack: 0x0000002897a00000,0x0000002897b00000] [id=1424]
  0x000001ed1256c910 WatcherThread [stack: 0x0000002898a00000,0x0000002898b00000] [id=400]
  0x000001ec9b891c50 GCTaskThread "GC Thread#0" [stack: 0x0000002897500000,0x0000002897600000] [id=21492]
  0x000001ed12c59fa0 GCTaskThread "GC Thread#1" [stack: 0x0000002898b00000,0x0000002898c00000] [id=20528]
  0x000001ed12d3ef90 GCTaskThread "GC Thread#2" [stack: 0x0000002898c00000,0x0000002898d00000] [id=22256]
  0x000001ed12d3f250 GCTaskThread "GC Thread#3" [stack: 0x0000002898d00000,0x0000002898e00000] [id=6604]
  0x000001ed12c20010 GCTaskThread "GC Thread#4" [stack: 0x0000002898e00000,0x0000002898f00000] [id=9280]
  0x000001ed12c202d0 GCTaskThread "GC Thread#5" [stack: 0x0000002898f00000,0x0000002899000000] [id=17856]
  0x000001ed12c20590 GCTaskThread "GC Thread#6" [stack: 0x0000002899000000,0x0000002899100000] [id=12336]
  0x000001ed12798f90 GCTaskThread "GC Thread#7" [stack: 0x0000002899100000,0x0000002899200000] [id=23944]
  0x000001ec9b89cae0 ConcurrentGCThread "G1 Main Marker" [stack: 0x0000002897600000,0x0000002897700000] [id=12868]
  0x000001ec9b89d4f0 ConcurrentGCThread "G1 Conc#0" [stack: 0x0000002897700000,0x0000002897800000] [id=15100]
  0x000001ed137a51f0 ConcurrentGCThread "G1 Conc#1" [stack: 0x0000002898500000,0x0000002898600000] [id=25188]
  0x000001eccc049030 ConcurrentGCThread "G1 Refine#0" [stack: 0x0000002897800000,0x0000002897900000] [id=15376]
  0x000001eccc04a910 ConcurrentGCThread "G1 Service" [stack: 0x0000002897900000,0x0000002897a00000] [id=23312]

Threads with active compile tasks:
C2 CompilerThread0  82417037 13904   !   4       org.springframework.core.io.DefaultResourceLoader::getResource (140 bytes)
C2 CompilerThread1  82417037 13930       4       org.springframework.context.annotation.ConfigurationClassParser$$Lambda$406/0x000001ecce24c8b0::test (8 bytes)

VM state: not at safepoint (normal execution)

VM Mutex/Monitor currently owned by a thread: None

Heap address: 0x0000000583000000, size: 10192 MB, Compressed Oops mode: Zero based, Oop shift amount: 3

CDS archive(s) mapped at: [0x000001eccd000000-0x000001eccdbd0000-0x000001eccdbd0000), size 12386304, SharedBaseAddress: 0x000001eccd000000, ArchiveRelocationMode: 1.
Compressed class space mapped at: 0x000001ecce000000-0x000001ed0e000000, reserved size: 1073741824
Narrow klass base: 0x000001eccd000000, Narrow klass shift: 0, Narrow klass range: 0x100000000

GC Precious Log:
 CPUs: 8 total, 8 available
 Memory: 40743M
 Large Page Support: Disabled
 NUMA Support: Disabled
 Compressed Oops: Enabled (Zero based)
 Heap Region Size: 8M
 Heap Min Capacity: 8M
 Heap Initial Capacity: 640M
 Heap Max Capacity: 10192M
 Pre-touch: Disabled
 Parallel Workers: 8
 Concurrent Workers: 2
 Concurrent Refinement Workers: 8
 Periodic GC: Disabled

Heap:
 garbage-first heap   total 385024K, used 87015K [0x0000000583000000, 0x0000000800000000)
  region size 8192K, 7 young (57344K), 1 survivors (8192K)
 Metaspace       used 63839K, committed 64384K, reserved 1114112K
  class space    used 7962K, committed 8256K, reserved 1048576K

Heap Regions: E=young(eden), S=young(survivor), O=old, HS=humongous(starts), HC=humongous(continues), CS=collection set, F=free, OA=open archive, CA=closed archive, TAMS=top-at-mark-start (previous, next)
|   0|0x0000000583000000, 0x00000005837ffff0, 0x0000000583800000| 99%| O|  |TAMS 0x00000005837ffff0, 0x0000000583000000| Untracked 
|   1|0x0000000583800000, 0x0000000583fffff8, 0x0000000584000000| 99%| O|  |TAMS 0x0000000583fffff8, 0x0000000583800000| Untracked 
|   2|0x0000000584000000, 0x0000000584800000, 0x0000000584800000|100%| O|  |TAMS 0x0000000584800000, 0x0000000584000000| Untracked 
|   3|0x0000000584800000, 0x0000000584e1f920, 0x0000000585000000| 76%| O|  |TAMS 0x0000000584e1f920, 0x0000000584800000| Untracked 
|   4|0x0000000585000000, 0x0000000585800000, 0x0000000585800000|100%| O|  |TAMS 0x0000000585800000, 0x0000000585000000| Untracked 
|   5|0x0000000585800000, 0x0000000585919800, 0x0000000586000000| 13%| O|  |TAMS 0x0000000585919800, 0x0000000585800000| Untracked 
|   6|0x0000000586000000, 0x0000000586000000, 0x0000000586800000|  0%| F|  |TAMS 0x0000000586000000, 0x0000000586000000| Untracked 
|   7|0x0000000586800000, 0x0000000586800000, 0x0000000587000000|  0%| F|  |TAMS 0x0000000586800000, 0x0000000586800000| Untracked 
|   8|0x0000000587000000, 0x00000005875c0dd0, 0x0000000587800000| 71%| S|CS|TAMS 0x0000000587000000, 0x0000000587000000| Complete 
|   9|0x0000000587800000, 0x0000000587800000, 0x0000000588000000|  0%| F|  |TAMS 0x0000000587800000, 0x0000000587800000| Untracked 
|  10|0x0000000588000000, 0x0000000588000000, 0x0000000588800000|  0%| F|  |TAMS 0x0000000588000000, 0x0000000588000000| Untracked 
|  11|0x0000000588800000, 0x0000000588800000, 0x0000000589000000|  0%| F|  |TAMS 0x0000000588800000, 0x0000000588800000| Untracked 
|  12|0x0000000589000000, 0x0000000589000000, 0x0000000589800000|  0%| F|  |TAMS 0x0000000589000000, 0x0000000589000000| Untracked 
|  13|0x0000000589800000, 0x0000000589800000, 0x000000058a000000|  0%| F|  |TAMS 0x0000000589800000, 0x0000000589800000| Untracked 
|  14|0x000000058a000000, 0x000000058a000000, 0x000000058a800000|  0%| F|  |TAMS 0x000000058a000000, 0x000000058a000000| Untracked 
|  15|0x000000058a800000, 0x000000058a800000, 0x000000058b000000|  0%| F|  |TAMS 0x000000058a800000, 0x000000058a800000| Untracked 
|  16|0x000000058b000000, 0x000000058b000000, 0x000000058b800000|  0%| F|  |TAMS 0x000000058b000000, 0x000000058b000000| Untracked 
|  17|0x000000058b800000, 0x000000058b800000, 0x000000058c000000|  0%| F|  |TAMS 0x000000058b800000, 0x000000058b800000| Untracked 
|  18|0x000000058c000000, 0x000000058c000000, 0x000000058c800000|  0%| F|  |TAMS 0x000000058c000000, 0x000000058c000000| Untracked 
|  19|0x000000058c800000, 0x000000058c800000, 0x000000058d000000|  0%| F|  |TAMS 0x000000058c800000, 0x000000058c800000| Untracked 
|  20|0x000000058d000000, 0x000000058d000000, 0x000000058d800000|  0%| F|  |TAMS 0x000000058d000000, 0x000000058d000000| Untracked 
|  21|0x000000058d800000, 0x000000058d800000, 0x000000058e000000|  0%| F|  |TAMS 0x000000058d800000, 0x000000058d800000| Untracked 
|  22|0x000000058e000000, 0x000000058e000000, 0x000000058e800000|  0%| F|  |TAMS 0x000000058e000000, 0x000000058e000000| Untracked 
|  23|0x000000058e800000, 0x000000058e800000, 0x000000058f000000|  0%| F|  |TAMS 0x000000058e800000, 0x000000058e800000| Untracked 
|  24|0x000000058f000000, 0x000000058f000000, 0x000000058f800000|  0%| F|  |TAMS 0x000000058f000000, 0x000000058f000000| Untracked 
|  25|0x000000058f800000, 0x000000058f800000, 0x0000000590000000|  0%| F|  |TAMS 0x000000058f800000, 0x000000058f800000| Untracked 
|  26|0x0000000590000000, 0x0000000590000000, 0x0000000590800000|  0%| F|  |TAMS 0x0000000590000000, 0x0000000590000000| Untracked 
|  27|0x0000000590800000, 0x0000000590800000, 0x0000000591000000|  0%| F|  |TAMS 0x0000000590800000, 0x0000000590800000| Untracked 
|  28|0x0000000591000000, 0x0000000591000000, 0x0000000591800000|  0%| F|  |TAMS 0x0000000591000000, 0x0000000591000000| Untracked 
|  29|0x0000000591800000, 0x0000000591800000, 0x0000000592000000|  0%| F|  |TAMS 0x0000000591800000, 0x0000000591800000| Untracked 
|  30|0x0000000592000000, 0x0000000592000000, 0x0000000592800000|  0%| F|  |TAMS 0x0000000592000000, 0x0000000592000000| Untracked 
|  31|0x0000000592800000, 0x0000000592800000, 0x0000000593000000|  0%| F|  |TAMS 0x0000000592800000, 0x0000000592800000| Untracked 
|  32|0x0000000593000000, 0x0000000593000000, 0x0000000593800000|  0%| F|  |TAMS 0x0000000593000000, 0x0000000593000000| Untracked 
|  33|0x0000000593800000, 0x0000000593800000, 0x0000000594000000|  0%| F|  |TAMS 0x0000000593800000, 0x0000000593800000| Untracked 
|  34|0x0000000594000000, 0x0000000594000000, 0x0000000594800000|  0%| F|  |TAMS 0x0000000594000000, 0x0000000594000000| Untracked 
|  35|0x0000000594800000, 0x0000000594800000, 0x0000000595000000|  0%| F|  |TAMS 0x0000000594800000, 0x0000000594800000| Untracked 
|  36|0x0000000595000000, 0x0000000595000000, 0x0000000595800000|  0%| F|  |TAMS 0x0000000595000000, 0x0000000595000000| Untracked 
|  37|0x0000000595800000, 0x0000000595800000, 0x0000000596000000|  0%| F|  |TAMS 0x0000000595800000, 0x0000000595800000| Untracked 
|  38|0x0000000596000000, 0x0000000596000000, 0x0000000596800000|  0%| F|  |TAMS 0x0000000596000000, 0x0000000596000000| Untracked 
|  39|0x0000000596800000, 0x0000000596800000, 0x0000000597000000|  0%| F|  |TAMS 0x0000000596800000, 0x0000000596800000| Untracked 
|  40|0x0000000597000000, 0x0000000597000000, 0x0000000597800000|  0%| F|  |TAMS 0x0000000597000000, 0x0000000597000000| Untracked 
|  41|0x0000000597800000, 0x0000000597f68c60, 0x0000000598000000| 92%| E|  |TAMS 0x0000000597800000, 0x0000000597800000| Complete 
|  42|0x0000000598000000, 0x0000000598800000, 0x0000000598800000|100%| E|CS|TAMS 0x0000000598000000, 0x0000000598000000| Complete 
|  43|0x0000000598800000, 0x0000000599000000, 0x0000000599000000|100%| E|CS|TAMS 0x0000000598800000, 0x0000000598800000| Complete 
|  44|0x0000000599000000, 0x0000000599800000, 0x0000000599800000|100%| E|CS|TAMS 0x0000000599000000, 0x0000000599000000| Complete 
|  73|0x00000005a7800000, 0x00000005a8000000, 0x00000005a8000000|100%| E|CS|TAMS 0x00000005a7800000, 0x00000005a7800000| Complete 
|  79|0x00000005aa800000, 0x00000005ab000000, 0x00000005ab000000|100%| E|CS|TAMS 0x00000005aa800000, 0x00000005aa800000| Complete 

Card table byte_map: [0x000001ecb37e0000,0x000001ecb4bd0000] _byte_map_base: 0x000001ecb0bc8000

Marking Bits (Prev, Next): (CMBitMap*) 0x000001ec9b8922b0, (CMBitMap*) 0x000001ec9b892270
 Prev Bits: [0x000001ecbff00000, 0x000001ecc9e40000)
 Next Bits: [0x000001ecb5fc0000, 0x000001ecbff00000)

Polling page: 0x000001ec99760000

Metaspace:

Usage:
  Non-class:     54.57 MB used.
      Class:      7.78 MB used.
       Both:     62.34 MB used.

Virtual space:
  Non-class space:       64.00 MB reserved,      54.81 MB ( 86%) committed,  1 nodes.
      Class space:        1.00 GB reserved,       8.06 MB ( <1%) committed,  1 nodes.
             Both:        1.06 GB reserved,      62.88 MB (  6%) committed. 

Chunk freelists:
   Non-Class:  8.26 MB
       Class:  7.85 MB
        Both:  16.12 MB

MaxMetaspaceSize: unlimited
CompressedClassSpaceSize: 1.00 GB
Initial GC threshold: 21.00 MB
Current GC threshold: 104.38 MB
CDS: on
MetaspaceReclaimPolicy: balanced
 - commit_granule_bytes: 65536.
 - commit_granule_words: 8192.
 - virtual_space_node_default_size: 8388608.
 - enlarge_chunks_in_place: 1.
 - new_chunks_are_fully_committed: 0.
 - uncommit_free_chunks: 1.
 - use_allocation_guard: 0.
 - handle_deallocations: 1.


Internal statistics:

num_allocs_failed_limit: 6.
num_arena_births: 996.
num_arena_deaths: 276.
num_vsnodes_births: 2.
num_vsnodes_deaths: 0.
num_space_committed: 1006.
num_space_uncommitted: 0.
num_chunks_returned_to_freelist: 322.
num_chunks_taken_from_freelist: 3424.
num_chunk_merges: 112.
num_chunk_splits: 2231.
num_chunks_enlarged: 1599.
num_inconsistent_stats: 0.

CodeHeap 'non-profiled nmethods': size=120000Kb used=11515Kb max_used=11515Kb free=108484Kb
 bounds [0x000001ecaab90000, 0x000001ecab6d0000, 0x000001ecb20c0000]
CodeHeap 'profiled nmethods': size=120000Kb used=22444Kb max_used=22444Kb free=97555Kb
 bounds [0x000001eca30c0000, 0x000001eca46b0000, 0x000001ecaa5f0000]
CodeHeap 'non-nmethods': size=5760Kb used=1318Kb max_used=1380Kb free=4441Kb
 bounds [0x000001ecaa5f0000, 0x000001ecaa860000, 0x000001ecaab90000]
 total_blobs=11850 nmethods=11218 adapters=544
 compilation: enabled
              stopped_count=0, restarted_count=0
 full_count=0

Compilation events (20 events):
Event: 82415.812 Thread 0x000001eccc139460 nmethod 13903 0x000001eca469e810 code [0x000001eca469e9e0, 0x000001eca469ee18]
Event: 82415.813 Thread 0x000001eccc12f9f0 13904   !   4       org.springframework.core.io.DefaultResourceLoader::getResource (140 bytes)
Event: 82415.816 Thread 0x000001eccc139460 13906       1       org.springframework.cloud.bootstrap.LoggingSystemShutdownListener::getOrder (5 bytes)
Event: 82415.817 Thread 0x000001eccc139460 nmethod 13906 0x000001ecab6cb310 code [0x000001ecab6cb4a0, 0x000001ecab6cb578]
Event: 82415.817 Thread 0x000001eccc139460 13907   !   3       org.springframework.boot.context.properties.bind.Binder$Context::withIncreasedDepth (24 bytes)
Event: 82415.817 Thread 0x000001eccc139460 nmethod 13907 0x000001eca469ef10 code [0x000001eca469f0c0, 0x000001eca469f408]
Event: 82415.817 Thread 0x000001eccc139460 13908       3       org.springframework.boot.context.properties.bind.Binder$Context::increaseDepth (11 bytes)
Event: 82415.818 Thread 0x000001eccc139460 nmethod 13908 0x000001eca469f590 code [0x000001eca469f720, 0x000001eca469f838]
Event: 82415.821 Thread 0x000001eccc139460 13910       3       java.lang.Boolean::parseBoolean (7 bytes)
Event: 82415.821 Thread 0x000001eccc139460 nmethod 13910 0x000001eca469f910 code [0x000001eca469faa0, 0x000001eca469fbc8]
Event: 82415.826 Thread 0x000001eccc139460 13911       3       org.springframework.aop.support.AopUtils::getTargetClass (55 bytes)
Event: 82415.827 Thread 0x000001eccc139460 nmethod 13911 0x000001eca469fc90 code [0x000001eca469fee0, 0x000001eca46a0a08]
Event: 82415.827 Thread 0x000001eccc139460 13912       3       java.util.concurrent.CopyOnWriteArrayList::indexOfRange (63 bytes)
Event: 82415.827 Thread 0x000001eccc139460 nmethod 13912 0x000001eca46a0d10 code [0x000001eca46a0ee0, 0x000001eca46a1388]
Event: 82415.842 Thread 0x000001eccc139460 13913       3       java.util.concurrent.ConcurrentHashMap::putAll (63 bytes)
Event: 82415.843 Thread 0x000001eccc139460 nmethod 13913 0x000001eca46a1590 code [0x000001eca46a17c0, 0x000001eca46a2068]
Event: 82415.923 Thread 0x000001eccc139460 13915       3       org.springframework.core.annotation.AnnotationTypeMapping::getFirstRootAttributeIndex (42 bytes)
Event: 82415.923 Thread 0x000001eccc139460 nmethod 13915 0x000001eca46a2290 code [0x000001eca46a2460, 0x000001eca46a2888]
Event: 82415.977 Thread 0x000001eccc139460 13917       3       org.springframework.context.annotation.ParserStrategyUtils::instantiateClass (88 bytes)
Event: 82415.978 Thread 0x000001eccc139460 nmethod 13917 0x000001eca46a2a90 code [0x000001eca46a2d00, 0x000001eca46a38c8]

GC Heap History (20 events):
Event: 81894.153 GC heap before
{Heap before GC invocations=355 (full 0):
 garbage-first heap   total 98304K, used 56550K [0x0000000583000000, 0x0000000800000000)
  region size 8192K, 4 young (32768K), 1 survivors (8192K)
 Metaspace       used 62658K, committed 63232K, reserved 1114112K
  class space    used 7937K, committed 8256K, reserved 1048576K
}
Event: 81895.027 GC heap after
{Heap after GC invocations=356 (full 1):
 garbage-first heap   total 98304K, used 30846K [0x0000000583000000, 0x0000000800000000)
  region size 8192K, 0 young (0K), 0 survivors (0K)
 Metaspace       used 62345K, committed 63232K, reserved 1114112K
  class space    used 7868K, committed 8256K, reserved 1048576K
}
Event: 81918.111 GC heap before
{Heap before GC invocations=356 (full 1):
 garbage-first heap   total 98304K, used 71806K [0x0000000583000000, 0x0000000800000000)
  region size 8192K, 5 young (40960K), 0 survivors (0K)
 Metaspace       used 62739K, committed 63296K, reserved 1114112K
  class space    used 7917K, committed 8256K, reserved 1048576K
}
Event: 81918.134 GC heap after
{Heap after GC invocations=357 (full 1):
 garbage-first heap   total 98304K, used 33711K [0x0000000583000000, 0x0000000800000000)
  region size 8192K, 1 young (8192K), 1 survivors (8192K)
 Metaspace       used 62739K, committed 63296K, reserved 1114112K
  class space    used 7917K, committed 8256K, reserved 1048576K
}
Event: 81919.005 GC heap before
{Heap before GC invocations=357 (full 1):
 garbage-first heap   total 98304K, used 66479K [0x0000000583000000, 0x0000000800000000)
  region size 8192K, 5 young (40960K), 1 survivors (8192K)
 Metaspace       used 62926K, committed 63488K, reserved 1114112K
  class space    used 7921K, committed 8256K, reserved 1048576K
}
Event: 81919.009 GC heap after
{Heap after GC invocations=358 (full 1):
 garbage-first heap   total 98304K, used 35998K [0x0000000583000000, 0x0000000800000000)
  region size 8192K, 1 young (8192K), 1 survivors (8192K)
 Metaspace       used 62926K, committed 63488K, reserved 1114112K
  class space    used 7921K, committed 8256K, reserved 1048576K
}
Event: 81919.786 GC heap before
{Heap before GC invocations=358 (full 1):
 garbage-first heap   total 98304K, used 68766K [0x0000000583000000, 0x0000000800000000)
  region size 8192K, 5 young (40960K), 1 survivors (8192K)
 Metaspace       used 63193K, committed 63744K, reserved 1114112K
  class space    used 7929K, committed 8256K, reserved 1048576K
}
Event: 81919.795 GC heap after
{Heap after GC invocations=359 (full 1):
 garbage-first heap   total 98304K, used 38644K [0x0000000583000000, 0x0000000800000000)
  region size 8192K, 1 young (8192K), 1 survivors (8192K)
 Metaspace       used 63193K, committed 63744K, reserved 1114112K
  class space    used 7929K, committed 8256K, reserved 1048576K
}
Event: 81921.840 GC heap before
{Heap before GC invocations=359 (full 1):
 garbage-first heap   total 98304K, used 63220K [0x0000000583000000, 0x0000000800000000)
  region size 8192K, 4 young (32768K), 1 survivors (8192K)
 Metaspace       used 63352K, committed 63936K, reserved 1114112K
  class space    used 7939K, committed 8256K, reserved 1048576K
}
Event: 81921.855 GC heap after
{Heap after GC invocations=360 (full 1):
 garbage-first heap   total 98304K, used 40763K [0x0000000583000000, 0x0000000800000000)
  region size 8192K, 1 young (8192K), 1 survivors (8192K)
 Metaspace       used 63352K, committed 63936K, reserved 1114112K
  class space    used 7939K, committed 8256K, reserved 1048576K
}
Event: 82134.364 GC heap before
{Heap before GC invocations=360 (full 1):
 garbage-first heap   total 98304K, used 65339K [0x0000000583000000, 0x0000000800000000)
  region size 8192K, 4 young (32768K), 1 survivors (8192K)
 Metaspace       used 63406K, committed 64000K, reserved 1114112K
  class space    used 7943K, committed 8256K, reserved 1048576K
}
Event: 82134.369 GC heap after
{Heap after GC invocations=361 (full 1):
 garbage-first heap   total 98304K, used 42576K [0x0000000583000000, 0x0000000800000000)
  region size 8192K, 1 young (8192K), 1 survivors (8192K)
 Metaspace       used 63406K, committed 64000K, reserved 1114112K
  class space    used 7943K, committed 8256K, reserved 1048576K
}
Event: 82134.758 GC heap before
{Heap before GC invocations=361 (full 1):
 garbage-first heap   total 98304K, used 67152K [0x0000000583000000, 0x0000000800000000)
  region size 8192K, 4 young (32768K), 1 survivors (8192K)
 Metaspace       used 63427K, committed 64000K, reserved 1114112K
  class space    used 7943K, committed 8256K, reserved 1048576K
}
Event: 82134.764 GC heap after
{Heap after GC invocations=362 (full 1):
 garbage-first heap   total 98304K, used 43595K [0x0000000583000000, 0x0000000800000000)
  region size 8192K, 1 young (8192K), 1 survivors (8192K)
 Metaspace       used 63427K, committed 64000K, reserved 1114112K
  class space    used 7943K, committed 8256K, reserved 1048576K
}
Event: 82135.079 GC heap before
{Heap before GC invocations=362 (full 1):
 garbage-first heap   total 98304K, used 59979K [0x0000000583000000, 0x0000000800000000)
  region size 8192K, 3 young (24576K), 1 survivors (8192K)
 Metaspace       used 63456K, committed 64000K, reserved 1114112K
  class space    used 7944K, committed 8256K, reserved 1048576K
}
Event: 82135.083 GC heap after
{Heap after GC invocations=363 (full 1):
 garbage-first heap   total 98304K, used 43903K [0x0000000583000000, 0x0000000800000000)
  region size 8192K, 1 young (8192K), 1 survivors (8192K)
 Metaspace       used 63456K, committed 64000K, reserved 1114112K
  class space    used 7944K, committed 8256K, reserved 1048576K
}
Event: 82135.354 GC heap before
{Heap before GC invocations=364 (full 1):
 garbage-first heap   total 114688K, used 60287K [0x0000000583000000, 0x0000000800000000)
  region size 8192K, 3 young (24576K), 1 survivors (8192K)
 Metaspace       used 63574K, committed 64192K, reserved 1114112K
  class space    used 7952K, committed 8256K, reserved 1048576K
}
Event: 82135.358 GC heap after
{Heap after GC invocations=365 (full 1):
 garbage-first heap   total 114688K, used 44397K [0x0000000583000000, 0x0000000800000000)
  region size 8192K, 1 young (8192K), 1 survivors (8192K)
 Metaspace       used 63574K, committed 64192K, reserved 1114112K
  class space    used 7952K, committed 8256K, reserved 1048576K
}
Event: 82143.431 GC heap before
{Heap before GC invocations=365 (full 1):
 garbage-first heap   total 114688K, used 77165K [0x0000000583000000, 0x0000000800000000)
  region size 8192K, 5 young (40960K), 1 survivors (8192K)
 Metaspace       used 63764K, committed 64320K, reserved 1114112K
  class space    used 7959K, committed 8256K, reserved 1048576K
}
Event: 82143.436 GC heap after
{Heap after GC invocations=366 (full 1):
 garbage-first heap   total 385024K, used 46055K [0x0000000583000000, 0x0000000800000000)
  region size 8192K, 1 young (8192K), 1 survivors (8192K)
 Metaspace       used 63764K, committed 64320K, reserved 1114112K
  class space    used 7959K, committed 8256K, reserved 1048576K
}

Deoptimization events (20 events):
Event: 82150.015 Thread 0x000001ed16d189e0 Uncommon trap: trap_request=0xffffffde fr.pc=0x000001ecab17ad14 relative=0x0000000000000454
Event: 82150.015 Thread 0x000001ed16d189e0 Uncommon trap: reason=class_check action=maybe_recompile pc=0x000001ecab17ad14 method=java.util.AbstractMap$1$1.<init>(Ljava/util/AbstractMap$1;)V @ 17 c2
Event: 82150.015 Thread 0x000001ed16d189e0 DEOPT PACKING pc=0x000001ecab17ad14 sp=0x00000028994fe3a0
Event: 82150.015 Thread 0x000001ed16d189e0 DEOPT UNPACKING pc=0x000001ecaa645ba3 sp=0x00000028994fe2f8 mode 2
Event: 82150.015 Thread 0x000001ed16d189e0 Uncommon trap: trap_request=0xffffffde fr.pc=0x000001ecaac7e630 relative=0x0000000000000090
Event: 82150.015 Thread 0x000001ed16d189e0 Uncommon trap: reason=class_check action=maybe_recompile pc=0x000001ecaac7e630 method=java.util.AbstractMap$1$1.hasNext()Z @ 4 c2
Event: 82150.015 Thread 0x000001ed16d189e0 DEOPT PACKING pc=0x000001ecaac7e630 sp=0x00000028994fe3e0
Event: 82150.015 Thread 0x000001ed16d189e0 DEOPT UNPACKING pc=0x000001ecaa645ba3 sp=0x00000028994fe370 mode 2
Event: 82150.018 Thread 0x000001ed16d189e0 Uncommon trap: trap_request=0xffffff45 fr.pc=0x000001ecab0f305c relative=0x000000000000005c
Event: 82150.018 Thread 0x000001ed16d189e0 Uncommon trap: reason=unstable_if action=reinterpret pc=0x000001ecab0f305c method=org.jvnet.hk2.internal.SystemDescriptor.checkState()V @ 4 c2
Event: 82150.018 Thread 0x000001ed16d189e0 DEOPT PACKING pc=0x000001ecab0f305c sp=0x00000028994fd4d0
Event: 82150.018 Thread 0x000001ed16d189e0 DEOPT UNPACKING pc=0x000001ecaa645ba3 sp=0x00000028994fd460 mode 2
Event: 82406.209 Thread 0x000001ed13a16d20 Uncommon trap: trap_request=0xffffff45 fr.pc=0x000001ecab1a1668 relative=0x00000000000093e8
Event: 82406.209 Thread 0x000001ed13a16d20 Uncommon trap: reason=unstable_if action=reinterpret pc=0x000001ecab1a1668 method=java.io.File.normalizedList()[Ljava/lang/String; @ 34 c2
Event: 82406.209 Thread 0x000001ed13a16d20 DEOPT PACKING pc=0x000001ecab1a1668 sp=0x00000028993ff530
Event: 82406.209 Thread 0x000001ed13a16d20 DEOPT UNPACKING pc=0x000001ecaa645ba3 sp=0x00000028993ff440 mode 2
Event: 82406.322 Thread 0x000001ed16d129a0 Uncommon trap: trap_request=0xffffff45 fr.pc=0x000001ecab197820 relative=0x00000000000006c0
Event: 82406.322 Thread 0x000001ed16d129a0 Uncommon trap: reason=unstable_if action=reinterpret pc=0x000001ecab197820 method=java.io.File.normalizedList()[Ljava/lang/String; @ 34 c2
Event: 82406.322 Thread 0x000001ed16d129a0 DEOPT PACKING pc=0x000001ecab197820 sp=0x00000028995feb90
Event: 82406.322 Thread 0x000001ed16d129a0 DEOPT UNPACKING pc=0x000001ecaa645ba3 sp=0x00000028995feaf0 mode 2

Classes unloaded (20 events):
Event: 81894.497 Thread 0x000001eccc10b130 Unloading class 0x000001ecce099c00 'java/lang/invoke/LambdaForm$MH+0x000001ecce099c00'
Event: 81894.497 Thread 0x000001eccc10b130 Unloading class 0x000001ecce099800 'java/lang/invoke/LambdaForm$MH+0x000001ecce099800'
Event: 81894.497 Thread 0x000001eccc10b130 Unloading class 0x000001ecce099400 'java/lang/invoke/LambdaForm$MH+0x000001ecce099400'
Event: 81894.497 Thread 0x000001eccc10b130 Unloading class 0x000001ecce099000 'java/lang/invoke/LambdaForm$MH+0x000001ecce099000'
Event: 81894.497 Thread 0x000001eccc10b130 Unloading class 0x000001ecce098c00 'java/lang/invoke/LambdaForm$MH+0x000001ecce098c00'
Event: 81894.497 Thread 0x000001eccc10b130 Unloading class 0x000001ecce098400 'java/lang/invoke/LambdaForm$MH+0x000001ecce098400'
Event: 81894.497 Thread 0x000001eccc10b130 Unloading class 0x000001ecce098000 'java/lang/invoke/LambdaForm$MH+0x000001ecce098000'
Event: 81894.498 Thread 0x000001eccc10b130 Unloading class 0x000001ecce080800 'jdk/internal/reflect/GeneratedSerializationConstructorAccessor3'
Event: 81894.498 Thread 0x000001eccc10b130 Unloading class 0x000001ecce080400 'jdk/internal/reflect/GeneratedSerializationConstructorAccessor2'
Event: 81894.498 Thread 0x000001eccc10b130 Unloading class 0x000001ecce080000 'jdk/internal/reflect/GeneratedSerializationConstructorAccessor1'
Event: 81894.498 Thread 0x000001eccc10b130 Unloading class 0x000001ecce008800 'java/lang/invoke/LambdaForm$DMH+0x000001ecce008800'
Event: 81894.498 Thread 0x000001eccc10b130 Unloading class 0x000001ecce008000 'java/lang/invoke/LambdaForm$DMH+0x000001ecce008000'
Event: 81894.498 Thread 0x000001eccc10b130 Unloading class 0x000001ecce007400 'jdk/internal/reflect/GeneratedConstructorAccessor1'
Event: 81894.498 Thread 0x000001eccc10b130 Unloading class 0x000001ecce006800 'java/lang/invoke/LambdaForm$MH+0x000001ecce006800'
Event: 81894.498 Thread 0x000001eccc10b130 Unloading class 0x000001ecce006400 'java/lang/invoke/LambdaForm$MH+0x000001ecce006400'
Event: 81894.498 Thread 0x000001eccc10b130 Unloading class 0x000001ecce006000 'java/lang/invoke/LambdaForm$MH+0x000001ecce006000'
Event: 81894.498 Thread 0x000001eccc10b130 Unloading class 0x000001ecce005c00 'java/lang/invoke/LambdaForm$MH+0x000001ecce005c00'
Event: 81894.498 Thread 0x000001eccc10b130 Unloading class 0x000001ecce005800 'java/lang/invoke/LambdaForm$MH+0x000001ecce005800'
Event: 81894.498 Thread 0x000001eccc10b130 Unloading class 0x000001ecce004400 'java/lang/invoke/LambdaForm$MH+0x000001ecce004400'
Event: 81894.498 Thread 0x000001eccc10b130 Unloading class 0x000001ecce004000 'java/lang/invoke/LambdaForm$MH+0x000001ecce004000'

Classes redefined (0 events):
No events

Internal exceptions (20 events):
Event: 82135.142 Thread 0x000001ed16d189e0 Exception <a 'java/io/FileNotFoundException'{0x00000005aa87d110}> (0x00000005aa87d110) 
thrown [s\open\src\hotspot\share\prims\jni.cpp, line 516]
Event: 82135.550 Thread 0x000001ed16d189e0 Exception <a 'java/io/FileNotFoundException'{0x00000005a7d4bac0}> (0x00000005a7d4bac0) 
thrown [s\open\src\hotspot\share\prims\jni.cpp, line 516]
Event: 82135.932 Thread 0x000001ed16d189e0 Exception <a 'sun/nio/fs/WindowsException'{0x000000058869d8d0}> (0x000000058869d8d0) 
thrown [s\open\src\hotspot\share\prims\jni.cpp, line 516]
Event: 82149.951 Thread 0x000001ed16d189e0 Exception <a 'java/lang/reflect/InvocationTargetException'{0x00000005a7b77c60}> (0x00000005a7b77c60) 
thrown [s\open\src\hotspot\share\runtime\reflection.cpp, line 1121]
Event: 82149.997 Thread 0x000001ed16d189e0 Exception <a 'java/lang/reflect/InvocationTargetException'{0x00000005a7bb5418}> (0x00000005a7bb5418) 
thrown [s\open\src\hotspot\share\runtime\reflection.cpp, line 1121]
Event: 82150.005 Thread 0x000001ed16d16360 Exception <a 'java/lang/InterruptedException'{0x00000005a7803de8}: sleep interrupted> (0x00000005a7803de8) 
thrown [s\open\src\hotspot\share\prims\jvm.cpp, line 3064]
Event: 82150.023 Thread 0x000001ed16d171d0 Exception <a 'java/lang/InterruptedException'{0x00000005a7e06428}: sleep interrupted> (0x00000005a7e06428) 
thrown [s\open\src\hotspot\share\prims\jvm.cpp, line 3064]
Event: 82150.058 Thread 0x000001ed16d189e0 Exception <a 'java/lang/NoClassDefFoundError'{0x00000005a7c94670}: liquibase/exception/ChangeLogParseException> (0x00000005a7c94670) 
thrown [s\open\src\hotspot\share\classfile\systemDictionary.cpp, line 245]
Event: 82150.060 Thread 0x000001ed16d189e0 Exception <a 'java/lang/NoClassDefFoundError'{0x00000005a7c9e870}: org/springframework/jdbc/CannotGetJdbcConnectionException> (0x00000005a7c9e870) 
thrown [s\open\src\hotspot\share\classfile\systemDictionary.cpp, line 245]
Event: 82150.083 Thread 0x000001ed16d189e0 Exception <a 'java/lang/reflect/InvocationTargetException'{0x00000005a7efc9e0}> (0x00000005a7efc9e0) 
thrown [s\open\src\hotspot\share\runtime\reflection.cpp, line 1121]
Event: 82400.077 Thread 0x000001ed13a16d20 Exception <a 'sun/nio/fs/WindowsException'{0x00000005989f6880}> (0x00000005989f6880) 
thrown [s\open\src\hotspot\share\prims\jni.cpp, line 516]
Event: 82400.521 Thread 0x000001ed13a16d20 Exception <a 'java/lang/reflect/InvocationTargetException'{0x0000000598d1f660}> (0x0000000598d1f660) 
thrown [s\open\src\hotspot\share\runtime\reflection.cpp, line 1121]
Event: 82400.521 Thread 0x000001ed13a16d20 Exception <a 'java/lang/NoClassDefFoundError'{0x0000000598d218d8}: liquibase/exception/ChangeLogParseException> (0x0000000598d218d8) 
thrown [s\open\src\hotspot\share\classfile\systemDictionary.cpp, line 245]
Event: 82400.521 Thread 0x000001ed13a16d20 Exception <a 'java/lang/reflect/InvocationTargetException'{0x0000000598d22690}> (0x0000000598d22690) 
thrown [s\open\src\hotspot\share\runtime\reflection.cpp, line 1121]
Event: 82400.522 Thread 0x000001ed13a16d20 Exception <a 'java/lang/NoClassDefFoundError'{0x0000000598d24760}: org/springframework/jdbc/CannotGetJdbcConnectionException> (0x0000000598d24760) 
thrown [s\open\src\hotspot\share\classfile\systemDictionary.cpp, line 245]
Event: 82400.526 Thread 0x000001ed13a16d20 Exception <a 'java/lang/reflect/InvocationTargetException'{0x0000000598d2f3d8}> (0x0000000598d2f3d8) 
thrown [s\open\src\hotspot\share\runtime\reflection.cpp, line 1121]
Event: 82406.208 Thread 0x000001ed13a16d20 Implicit null exception at 0x000001ecab198437 to 0x000001ecab1a1650
Event: 82406.322 Thread 0x000001ed16d129a0 Implicit null exception at 0x000001ecab197305 to 0x000001ecab197810
Event: 82415.106 Thread 0x000001ed13a171f0 Exception <a 'sun/nio/fs/WindowsException'{0x0000000598f44ca8}> (0x0000000598f44ca8) 
thrown [s\open\src\hotspot\share\prims\jni.cpp, line 516]
Event: 82415.830 Thread 0x000001ed13a171f0 Exception <a 'sun/nio/fs/WindowsException'{0x00000005983ba598}> (0x00000005983ba598) 
thrown [s\open\src\hotspot\share\prims\jni.cpp, line 516]

VM Operations (20 events):
Event: 82135.359 Executing VM operation: G1CollectForAllocation done
Event: 82136.367 Executing VM operation: Cleanup
Event: 82142.058 Executing VM operation: Cleanup done
Event: 82142.058 Executing VM operation: G1CollectForAllocation
Event: 82148.213 Executing VM operation: G1CollectForAllocation done
Event: 82149.219 Executing VM operation: Cleanup
Event: 82149.219 Executing VM operation: Cleanup done
Event: 82150.222 Executing VM operation: Cleanup
Event: 82150.222 Executing VM operation: Cleanup done
Event: 82163.811 Executing VM operation: HandshakeAllThreads
Event: 82163.811 Executing VM operation: HandshakeAllThreads done
Event: 82368.724 Executing VM operation: Cleanup
Event: 82368.724 Executing VM operation: Cleanup done
Event: 82401.003 Executing VM operation: Cleanup
Event: 82401.003 Executing VM operation: Cleanup done
Event: 82404.422 Executing VM operation: HandshakeAllThreads
Event: 82404.422 Executing VM operation: HandshakeAllThreads done
Event: 82415.532 Executing VM operation: Cleanup
Event: 82415.532 Executing VM operation: Cleanup done
Event: 82416.547 Executing VM operation: Cleanup

Events (20 events):
Event: 82149.996 Thread 0x000001ed13a16850 Thread exited: 0x000001ed13a16850
Event: 82149.996 Thread 0x000001ed16d176a0 Thread exited: 0x000001ed16d176a0
Event: 82149.996 Thread 0x000001ed16d16d00 Thread exited: 0x000001ed16d16d00
Event: 82150.006 Thread 0x000001ed16d16360 Thread exited: 0x000001ed16d16360
Event: 82150.007 Thread 0x000001ed16d19d20 Thread exited: 0x000001ed16d19d20
Event: 82150.022 Thread 0x000001ed16d19850 Thread exited: 0x000001ed16d19850
Event: 82150.023 Thread 0x000001ed16d171d0 Thread exited: 0x000001ed16d171d0
Event: 82150.083 Thread 0x000001ed16d189e0 Thread exited: 0x000001ed16d189e0
Event: 82150.084 Thread 0x000001ed13a16850 Thread added: 0x000001ed13a16850
Event: 82150.220 Thread 0x000001ed16d15e90 Thread exited: 0x000001ed16d15e90
Event: 82400.052 Thread 0x000001ed13a16d20 Thread added: 0x000001ed13a16d20
Event: 82400.512 Thread 0x000001ed13a171f0 Thread added: 0x000001ed13a171f0
Event: 82400.515 Thread 0x000001ed13a171f0 Thread exited: 0x000001ed13a171f0
Event: 82400.526 Thread 0x000001ed13a16d20 Thread exited: 0x000001ed13a16d20
Event: 82400.527 Thread 0x000001ed13a16d20 Thread added: 0x000001ed13a16d20
Event: 82415.039 Thread 0x000001ed13a171f0 Thread added: 0x000001ed13a171f0
Event: 82415.802 Thread 0x000001ed13a13d00 Thread added: 0x000001ed13a13d00
Event: 82415.804 Thread 0x000001ed13a13d00 Thread exited: 0x000001ed13a13d00
Event: 82415.850 Thread 0x000001ed13a13d00 Thread added: 0x000001ed13a13d00
Event: 82415.908 Thread 0x000001ed13a13d00 Thread exited: 0x000001ed13a13d00


Dynamic libraries:
0x00007ff717410000 - 0x00007ff717420000 	C:\Program Files\Java\jdk-17\bin\java.exe
0x00007ffc09100000 - 0x00007ffc09369000 	C:\Windows\SYSTEM32\ntdll.dll
0x00007ffc086e0000 - 0x00007ffc087a9000 	C:\Windows\System32\KERNEL32.DLL
0x00007ffc06520000 - 0x00007ffc06913000 	C:\Windows\System32\KERNELBASE.dll
0x00007ffc06c00000 - 0x00007ffc06d4b000 	C:\Windows\System32\ucrtbase.dll
0x00007ffbee170000 - 0x00007ffbee189000 	C:\Program Files\Java\jdk-17\bin\jli.dll
0x00007ffbd73f0000 - 0x00007ffbd740b000 	C:\Program Files\Java\jdk-17\bin\VCRUNTIME140.dll
0x00007ffc081a0000 - 0x00007ffc08254000 	C:\Windows\System32\ADVAPI32.dll
0x00007ffc08f10000 - 0x00007ffc08fb9000 	C:\Windows\System32\msvcrt.dll
0x00007ffc07870000 - 0x00007ffc07916000 	C:\Windows\System32\sechost.dll
0x00007ffc07470000 - 0x00007ffc07588000 	C:\Windows\System32\RPCRT4.dll
0x00007ffc08950000 - 0x00007ffc08b14000 	C:\Windows\System32\USER32.dll
0x00007ffc06a60000 - 0x00007ffc06a87000 	C:\Windows\System32\win32u.dll
0x00007ffc07620000 - 0x00007ffc0764b000 	C:\Windows\System32\GDI32.dll
0x00007ffc063f0000 - 0x00007ffc0651d000 	C:\Windows\System32\gdi32full.dll
0x00007ffc069b0000 - 0x00007ffc06a53000 	C:\Windows\System32\msvcp_win.dll
0x00007ffbea690000 - 0x00007ffbea923000 	C:\Windows\WinSxS\amd64_microsoft.windows.common-controls_6595b64144ccf1df_6.0.26100.5074_none_3e0d6f78e32fd63f\COMCTL32.dll
0x00007ffbf51f0000 - 0x00007ffbf51fb000 	C:\Windows\SYSTEM32\VERSION.dll
0x00007ffc087b0000 - 0x00007ffc087df000 	C:\Windows\System32\IMM32.DLL
0x00007ffbeeda0000 - 0x00007ffbeedac000 	C:\Program Files\Java\jdk-17\bin\vcruntime140_1.dll
0x00007ffbd07d0000 - 0x00007ffbd085e000 	C:\Program Files\Java\jdk-17\bin\msvcp140.dll
0x00007ffb26ee0000 - 0x00007ffb27ac1000 	C:\Program Files\Java\jdk-17\bin\server\jvm.dll
0x00007ffc02e00000 - 0x00007ffc02e0a000 	C:\Windows\SYSTEM32\WSOCK32.dll
0x00007ffbef310000 - 0x00007ffbef345000 	C:\Windows\SYSTEM32\WINMM.dll
0x00007ffc07610000 - 0x00007ffc07618000 	C:\Windows\System32\PSAPI.DLL
0x00007ffc07590000 - 0x00007ffc07604000 	C:\Windows\System32\WS2_32.dll
0x00007ffc05030000 - 0x00007ffc0504b000 	C:\Windows\SYSTEM32\kernel.appcore.dll
0x00007ffbee9b0000 - 0x00007ffbee9ba000 	C:\Program Files\Java\jdk-17\bin\jimage.dll
0x00007ffc039d0000 - 0x00007ffc03c12000 	C:\Windows\SYSTEM32\DBGHELP.DLL
0x00007ffc08b90000 - 0x00007ffc08f0b000 	C:\Windows\System32\combase.dll
0x00007ffc087f0000 - 0x00007ffc088c7000 	C:\Windows\System32\OLEAUT32.dll
0x00007ffbce3e0000 - 0x00007ffbce41d000 	C:\Windows\SYSTEM32\dbgcore.DLL
0x00007ffc06350000 - 0x00007ffc063e9000 	C:\Windows\System32\bcryptPrimitives.dll
0x00007ffbd2dd0000 - 0x00007ffbd2df5000 	C:\Program Files\Java\jdk-17\bin\java.dll
0x00007ffb3af50000 - 0x00007ffb3b027000 	C:\Program Files\Java\jdk-17\bin\jsvml.dll
0x00007ffc07a50000 - 0x00007ffc0819d000 	C:\Windows\System32\SHELL32.dll
0x00007ffc06a90000 - 0x00007ffc06bfc000 	C:\Windows\System32\wintypes.dll
0x00007ffc03eb0000 - 0x00007ffc04709000 	C:\Windows\SYSTEM32\windows.storage.dll
0x00007ffc07360000 - 0x00007ffc07450000 	C:\Windows\System32\SHCORE.dll
0x00007ffc08670000 - 0x00007ffc086d2000 	C:\Windows\System32\shlwapi.dll
0x00007ffc061b0000 - 0x00007ffc061d9000 	C:\Windows\SYSTEM32\profapi.dll
0x00007ffbd6600000 - 0x00007ffbd6619000 	C:\Program Files\Java\jdk-17\bin\net.dll
0x00007ffbf8ed0000 - 0x00007ffbf8fef000 	C:\Windows\SYSTEM32\WINHTTP.dll
0x00007ffc05590000 - 0x00007ffc055fb000 	C:\Windows\system32\mswsock.dll
0x00007ffbd65a0000 - 0x00007ffbd65b6000 	C:\Program Files\Java\jdk-17\bin\nio.dll
0x00007ffbd64f0000 - 0x00007ffbd6508000 	C:\Program Files\Java\jdk-17\bin\zip.dll
0x00007ffbee6d0000 - 0x00007ffbee6da000 	C:\Program Files\Java\jdk-17\bin\management.dll
0x00007ffbee5f0000 - 0x00007ffbee5fb000 	C:\Program Files\Java\jdk-17\bin\management_ext.dll
0x00007ffbb7be0000 - 0x00007ffbb7bf8000 	C:\Windows\system32\napinsp.dll
0x00007ffbbea00000 - 0x00007ffbbea16000 	C:\Windows\system32\wshbth.dll
0x00007ffbb7b00000 - 0x00007ffbb7b28000 	C:\Windows\system32\nlansp_c.dll
0x00007ffc04ac0000 - 0x00007ffc04be6000 	C:\Windows\SYSTEM32\DNSAPI.dll
0x00007ffc04a30000 - 0x00007ffc04a64000 	C:\Windows\SYSTEM32\IPHLPAPI.DLL
0x00007ffc07a40000 - 0x00007ffc07a4a000 	C:\Windows\System32\NSI.dll
0x00007ffbb7ae0000 - 0x00007ffbb7af2000 	C:\Windows\System32\winrnr.dll
0x00007ffbf8200000 - 0x00007ffbf820b000 	C:\Windows\System32\rasadhlp.dll
0x00007ffc00770000 - 0x00007ffc007f6000 	C:\Windows\System32\fwpuclnt.dll
0x00007ffc05960000 - 0x00007ffc0597b000 	C:\Windows\SYSTEM32\CRYPTSP.dll
0x00007ffc04f90000 - 0x00007ffc04fcb000 	C:\Windows\system32\rsaenh.dll
0x00007ffc05630000 - 0x00007ffc0565b000 	C:\Windows\SYSTEM32\USERENV.dll
0x00007ffc06180000 - 0x00007ffc061a6000 	C:\Windows\SYSTEM32\bcrypt.dll
0x00007ffc057c0000 - 0x00007ffc057cc000 	C:\Windows\SYSTEM32\CRYPTBASE.dll
0x00007ffc00430000 - 0x00007ffc0044e000 	C:\Windows\SYSTEM32\dhcpcsvc6.DLL
0x00007ffc000e0000 - 0x00007ffc00103000 	C:\Windows\SYSTEM32\dhcpcsvc.DLL
0x00007ffbee160000 - 0x00007ffbee16e000 	C:\Program Files\Java\jdk-17\bin\sunmscapi.dll
0x00007ffc06d50000 - 0x00007ffc06ec7000 	C:\Windows\System32\CRYPT32.dll
0x00007ffc05ab0000 - 0x00007ffc05ae0000 	C:\Windows\SYSTEM32\ncrypt.dll
0x00007ffc05a60000 - 0x00007ffc05a9f000 	C:\Windows\SYSTEM32\NTASN1.dll
0x00007ffbeede0000 - 0x00007ffbeedf0000 	C:\Program Files\Java\jdk-17\bin\verify.dll
0x00007ffb585f0000 - 0x00007ffb585f8000 	C:\Windows\system32\wshunix.dll

dbghelp: loaded successfully - version: 4.0.5 - missing functions: none
symbol engine: initialized successfully - sym options: 0x614 - pdb path: .;C:\Program Files\Java\jdk-17\bin;C:\Windows\SYSTEM32;C:\Windows\WinSxS\amd64_microsoft.windows.common-controls_6595b64144ccf1df_6.0.26100.5074_none_3e0d6f78e32fd63f;C:\Program Files\Java\jdk-17\bin\server

VM Arguments:
jvm_args: -XX:+ShowCodeDetailsInExceptionMessages -Dspring.jmx.enabled=true -Dmanagement.endpoints.jmx.exposure.include=* -Dspring.application.admin.enabled=true -Dspring.boot.project.name=com.manamer.sellout.infraestructure.eurekaserver-eurekaserver -Djava.rmi.server.hostname=localhost -Dcom.sun.management.jmxremote.port=45556 -Dcom.sun.management.jmxremote.authenticate=false -Dcom.sun.management.jmxremote.ssl=false 
java_command: com.manamer.sellout.infraestructure.eurekaserver.EurekaserverApplication
java_class_path (initial): C:\Users\Fernanda Jama\OneDrive - Manamer\Documentos\PROYECTOS 2025-2026\sellout1\backend\infraestructure\eureka\target\classes;C:\Users\Fernanda Jama\.m2\repository\org\springframework\cloud\spring-cloud-starter-netflix-eureka-server\4.1.1\spring-cloud-starter-netflix-eureka-server-4.1.1.jar;C:\Users\Fernanda Jama\.m2\repository\org\springframework\cloud\spring-cloud-starter\4.1.2\spring-cloud-starter-4.1.2.jar;C:\Users\Fernanda Jama\.m2\repository\org\springframework\cloud\spring-cloud-context\4.1.2\spring-cloud-context-4.1.2.jar;C:\Users\Fernanda Jama\.m2\repository\org\springframework\security\spring-security-crypto\6.3.1\spring-security-crypto-6.3.1.jar;C:\Users\Fernanda Jama\.m2\repository\org\springframework\cloud\spring-cloud-commons\4.1.2\spring-cloud-commons-4.1.2.jar;C:\Users\Fernanda Jama\.m2\repository\org\springframework\security\spring-security-rsa\1.1.2\spring-security-rsa-1.1.2.jar;C:\Users\Fernanda Jama\.m2\repository\org\bouncycastle\bcprov-jdk18on\1.77\bcprov-jdk18on-1.77.jar;C:\Users\Fernanda Jama\.m2\repository\org\springframework\cloud\spring-cloud-netflix-eureka-server\4.1.1\spring-cloud-netflix-eureka-server-4.1.1.jar;C:\Users\Fernanda Jama\.m2\repository\org\springframework\boot\spring-boot-starter-web\3.2.4\spring-boot-starter-web-3.2.4.jar;C:\Users\Fernanda Jama\.m2\repository\org\springframework\boot\spring-boot-starter-json\3.2.4\spring-boot-starter-json-3.2.4.jar;C:\Users\Fernanda Jama\.m2\repository\com\fasterxml\jackson\datatype\jackson-datatype-jdk8\2.17.2\jackson-datatype-jdk8-2.17.2.jar;C:\Users\Fernanda Jama\.m2\repository\com\fasterxml\jackson\module\jackson-module-parameter-names\2.17.2\jackson-module-parameter-names-2.17.2.jar;C:\Users\Fernanda Jama\.m2\repository\org\springframework\boot\spring-boot-starter-tomcat\3.2.4\spring-boot-starter-tomcat-3.2.4.jar;C:\Users\Fernanda Jama\.m2\repository\org\apache\tomcat\embed\tomcat-embed-core\10.1.19\tomcat-embed-core-10.1.19.jar;C:\Users\Fernanda Jama\.m
Launcher Type: SUN_STANDARD

[Global flags]
     intx CICompilerCount                          = 4                                         {product} {ergonomic}
     uint ConcGCThreads                            = 2                                         {product} {ergonomic}
     uint G1ConcRefinementThreads                  = 8                                         {product} {ergonomic}
   size_t G1HeapRegionSize                         = 8388608                                   {product} {ergonomic}
    uintx GCDrainStackTargetSize                   = 64                                        {product} {ergonomic}
   size_t InitialHeapSize                          = 671088640                                 {product} {ergonomic}
     bool ManagementServer                         = true                                      {product} {command line}
   size_t MarkStackSize                            = 4194304                                   {product} {ergonomic}
   size_t MaxHeapSize                              = 10687086592                               {product} {ergonomic}
   size_t MaxNewSize                               = 6408896512                                {product} {ergonomic}
   size_t MinHeapDeltaBytes                        = 8388608                                   {product} {ergonomic}
   size_t MinHeapSize                              = 8388608                                   {product} {ergonomic}
    uintx NonNMethodCodeHeapSize                   = 5839372                                {pd product} {ergonomic}
    uintx NonProfiledCodeHeapSize                  = 122909434                              {pd product} {ergonomic}
    uintx ProfiledCodeHeapSize                     = 122909434                              {pd product} {ergonomic}
    uintx ReservedCodeCacheSize                    = 251658240                              {pd product} {ergonomic}
     bool SegmentedCodeCache                       = true                                      {product} {ergonomic}
     bool ShowCodeDetailsInExceptionMessages       = true                                   {manageable} {command line}
   size_t SoftMaxHeapSize                          = 10687086592                            {manageable} {ergonomic}
     bool UseCompressedClassPointers               = true                           {product lp64_product} {ergonomic}
     bool UseCompressedOops                        = true                           {product lp64_product} {ergonomic}
     bool UseG1GC                                  = true                                      {product} {ergonomic}
     bool UseLargePagesIndividualAllocation        = false                                  {pd product} {ergonomic}

Logging:
Log output configuration:
 #0: stdout all=warning uptime,level,tags
 #1: stderr all=off uptime,level,tags

Environment Variables:
JAVA_HOME=C:\\Program Files\\Java\\jdk-17
CLASSPATH=C:\Program Files\SAP\SAP Business One DI API\JCO\LIB\sbowrapper.jar;C:\Program Files\SAP\SAP Business One DI API\JCO\LIB\sboapi.jar
PATH=C:\\Program Files\\Java\\jdk-17\\bin;C:\\Users\\Fernanda Jama\\.trae\\tools\\maven\\latest\\bin;C:\\Users\\Fernanda Jama\\.trae\\tools\\gradle\\latest\\bin;C:\Program Files\Java\jdk-17\bin;C:\Users\Fernanda Jama\.trae\tools\maven\latest\bin;C:\Users\Fernanda Jama\.trae\tools\gradle\latest\bin;C:\Python313\Scripts\;C:\Python313\;C:\Program Files\Microsoft MPI\Bin\;C:\Program Files\Common Files\Oracle\Java\javapath;C:\Windows\system32;C:\Windows;C:\Windows\System32\Wbem;C:\Windows\System32\WindowsPowerShell\v1.0\;C:\Windows\System32\OpenSSH\;C:\Program Files\Microsoft SQL Server\Client SDK\ODBC\170\Tools\Binn\;C:\Program Files (x86)\Microsoft SQL Server\150\Tools\Binn\;C:\Program Files\Microsoft SQL Server\150\Tools\Binn\;C:\Program Files\Microsoft SQL Server\150\DTS\Binn\;C:\Program Files (x86)\Microsoft SQL Server\160\DTS\Binn\;C:\Program Files\nodejs\;C:\ProgramData\chocolatey\bin;C:\Program Files\SAP\SAP Business One DI API\JCO\LIB\;C:\Program Files\SAP\SAP Business One DI API\DI API 90;C:\Program Files\SAP\SAP Business One\;C:\Program Files\apache-maven-3.8.8-bin\apache-maven-3.8.8\bin;C:\Program Files\Git\cmd;C:\Users\Fernanda Jama\AppData\Local\Microsoft\WindowsApps;C:\Users\Fernanda Jama\AppData\Local\GitHubDesktop\bin;C:\Users\Fernanda Jama\AppData\Local\Programs\Microsoft VS Code\bin;C:\Users\Fernanda Jama\AppData\Roaming\npm
USERNAME=Fernanda Jama
LANG=en_US.UTF-8
OS=Windows_NT
PROCESSOR_IDENTIFIER=Intel64 Family 6 Model 140 Stepping 1, GenuineIntel



---------------  S Y S T E M  ---------------

OS:
 Windows 11 , 64 bit Build 26100 (10.0.26100.5074)
OS uptime: 1 days 1:49 hours
Hyper-V role detected

CPU: total 8 (initial active 8) (4 cores per cpu, 2 threads per core) family 6 model 140 stepping 1 microcode 0xb8, cx8, cmov, fxsr, ht, mmx, 3dnowpref, sse, sse2, sse3, ssse3, sse4.1, sse4.2, popcnt, lzcnt, tsc, tscinvbit, avx, avx2, aes, erms, clmul, bmi1, bmi2, adx, avx512f, avx512dq, avx512cd, avx512bw, avx512vl, sha, fma, vzeroupper, avx512_vpopcntdq, avx512_vpclmulqdq, avx512_vaes, avx512_vnni, clflush, clflushopt, clwb, avx512_vbmi2, avx512_vbmi, hv

Memory: 4k page, system-wide physical 40743M (1742M free)
TotalPageFile size 101623M (AvailPageFile size 13M)
current process WorkingSet (physical memory assigned to process): 340M, peak: 340M
current process commit charge ("private bytes"): 651M, peak: 801M

vm_info: Java HotSpot(TM) 64-Bit Server VM (17.0.15+9-LTS-241) for windows-amd64 JRE (17.0.15+9-LTS-241), built on Feb 20 2025 10:49:54 by "mach5one" with MS VC++ 17.6 (VS2022)

END.
