#
# There is insufficient memory for the Java Runtime Environment to continue.
# Native memory allocation (mmap) failed to map 268435456 bytes for G1 virtual space
# Possible reasons:
#   The system is out of physical RAM or swap space
#   The process is running with CompressedOops enabled, and the Java Heap may be blocking the growth of the native heap
# Possible solutions:
#   Reduce memory load on the system
#   Increase physical memory or swap space
#   Check if swap backing store is full
#   Decrease Java heap size (-Xmx/-Xms)
#   Decrease number of Java threads
#   Decrease Java thread stack sizes (-Xss)
#   Set larger code cache with -XX:ReservedCodeCacheSize=
#   JVM is running with Zero Based Compressed Oops mode in which the Java heap is
#     placed in the first 32GB address space. The Java Heap base address is the
#     maximum limit for the native heap growth. Please use -XX:HeapBaseMinAddress
#     to set the Java Heap base and to place the Java Heap above 32GB virtual address.
# This output file may be truncated or incomplete.
#
#  Out of Memory Error (os_windows.cpp:3551), pid=25188, tid=16664
#
# JRE version: Java(TM) SE Runtime Environment (17.0.15+9) (build 17.0.15+9-LTS-241)
# Java VM: Java HotSpot(TM) 64-Bit Server VM (17.0.15+9-LTS-241, mixed mode, sharing, tiered, compressed oops, compressed class ptrs, g1 gc, windows-amd64)
# No core dump will be written. Minidumps are not enabled by default on client versions of Windows
#

---------------  S U M M A R Y ------------

Command Line: -XX:+ShowCodeDetailsInExceptionMessages com.manamer.backend.business.sellout.SelloutApplication

Host: 11th Gen Intel(R) Core(TM) i7-1165G7 @ 2.80GHz, 8 cores, 39G,  Windows 11 , 64 bit Build 26100 (10.0.26100.4484)
Time: Tue Jul 22 19:22:13 2025 Hora est. Pacífico, Sudamérica elapsed time: 10466.489195 seconds (0d 2h 54m 26s)

---------------  T H R E A D  ---------------

Current thread (0x0000026053e0dee0):  VMThread "VM Thread" [stack: 0x00000064d7a00000,0x00000064d7b00000] [id=16664]

Stack: [0x00000064d7a00000,0x00000064d7b00000]
Native frames: (J=compiled Java code, j=interpreted, Vv=VM code, C=native code)
V  [jvm.dll+0x67a46a]
V  [jvm.dll+0x7da6ad]
V  [jvm.dll+0x7dbff3]
V  [jvm.dll+0x7dc663]
V  [jvm.dll+0x24523f]
V  [jvm.dll+0x677499]
V  [jvm.dll+0x66c122]
V  [jvm.dll+0x302156]
V  [jvm.dll+0x3096f6]
V  [jvm.dll+0x35a04e]
V  [jvm.dll+0x35a27f]
V  [jvm.dll+0x2d9228]
V  [jvm.dll+0x2d765d]
V  [jvm.dll+0x2d6cac]
V  [jvm.dll+0x31a80b]
V  [jvm.dll+0x7e0f5b]
V  [jvm.dll+0x7e1c94]
V  [jvm.dll+0x7e21ad]
V  [jvm.dll+0x7e2584]
V  [jvm.dll+0x7e2650]
V  [jvm.dll+0x78b0ba]
V  [jvm.dll+0x679355]
C  [ucrtbase.dll+0x37b0]
C  [KERNEL32.DLL+0x2e8d7]
C  [ntdll.dll+0x3c34c]

VM_Operation (0x00000064d71fd660): G1CollectForAllocation, mode: safepoint, requested by thread 0x000002609edeb4f0


---------------  P R O C E S S  ---------------

Threads class SMR info:
_java_thread_list=0x00000260a19ba6b0, length=21, elements={
0x0000026053e17150, 0x0000026053e17d00, 0x0000026053e2a370, 0x0000026053e2be40,
0x0000026053e2c900, 0x0000026053e2f6d0, 0x0000026053e30370, 0x0000026053e30d20,
0x0000026056771fd0, 0x00000260569d3850, 0x00000260569e85d0, 0x000002609edefd20,
0x000002609edee040, 0x000002609edeb4f0, 0x000002609ededb70, 0x000002609edeb9c0,
0x000002609edebe90, 0x000002609edea680, 0x000002609edec360, 0x000002609edea1b0,
0x000002609edee510
}

Java Threads: ( => current thread )
  0x0000026053e17150 JavaThread "Reference Handler" daemon [_thread_blocked, id=1836, stack(0x00000064d7b00000,0x00000064d7c00000)]
  0x0000026053e17d00 JavaThread "Finalizer" daemon [_thread_blocked, id=21916, stack(0x00000064d7c00000,0x00000064d7d00000)]
  0x0000026053e2a370 JavaThread "Signal Dispatcher" daemon [_thread_blocked, id=20888, stack(0x00000064d7d00000,0x00000064d7e00000)]
  0x0000026053e2be40 JavaThread "Attach Listener" daemon [_thread_blocked, id=16508, stack(0x00000064d7e00000,0x00000064d7f00000)]
  0x0000026053e2c900 JavaThread "Service Thread" daemon [_thread_blocked, id=21204, stack(0x00000064d7f00000,0x00000064d8000000)]
  0x0000026053e2f6d0 JavaThread "Monitor Deflation Thread" daemon [_thread_blocked, id=3436, stack(0x00000064d8000000,0x00000064d8100000)]
  0x0000026053e30370 JavaThread "C2 CompilerThread0" daemon [_thread_blocked, id=24540, stack(0x00000064d8100000,0x00000064d8200000)]
  0x0000026053e30d20 JavaThread "C1 CompilerThread0" daemon [_thread_blocked, id=25428, stack(0x00000064d8200000,0x00000064d8300000)]
  0x0000026056771fd0 JavaThread "Sweeper thread" daemon [_thread_blocked, id=21348, stack(0x00000064d8300000,0x00000064d8400000)]
  0x00000260569d3850 JavaThread "Notification Thread" daemon [_thread_blocked, id=12392, stack(0x00000064d8400000,0x00000064d8500000)]
  0x00000260569e85d0 JavaThread "Common-Cleaner" daemon [_thread_blocked, id=25596, stack(0x00000064d8600000,0x00000064d8700000)]
  0x000002609edefd20 JavaThread "DestroyJavaVM" [_thread_blocked, id=25424, stack(0x00000064d7400000,0x00000064d7500000)]
  0x000002609edee040 JavaThread "Thread-7" [_thread_blocked, id=10404, stack(0x00000064da900000,0x00000064daa00000)]
  0x000002609edeb4f0 JavaThread "restartedMain" [_thread_blocked, id=26936, stack(0x00000064d7100000,0x00000064d7200000)]
  0x000002609ededb70 JavaThread "Catalina-utility-1" [_thread_blocked, id=10672, stack(0x00000064d7200000,0x00000064d7300000)]
  0x000002609edeb9c0 JavaThread "Catalina-utility-2" [_thread_blocked, id=8292, stack(0x00000064d7300000,0x00000064d7400000)]
  0x000002609edebe90 JavaThread "container-0" [_thread_blocked, id=10564, stack(0x00000064d8f00000,0x00000064d9000000)]
  0x000002609edea680 JavaThread "mssql-jdbc-shared-timer-core-14" daemon [_thread_blocked, id=20004, stack(0x00000064d9000000,0x00000064d9100000)]
  0x000002609edec360 JavaThread "HikariPool-3 housekeeper" daemon [_thread_blocked, id=22156, stack(0x00000064d9200000,0x00000064d9300000)]
  0x000002609edea1b0 JavaThread "HikariPool-3 connection adder" daemon [_thread_blocked, id=24936, stack(0x00000064d9300000,0x00000064d9400000)]
  0x000002609edee510 JavaThread "spring.cloud.inetutils" daemon [_thread_blocked, id=3388, stack(0x00000064d9600000,0x00000064d9700000)]

Other Threads:
=>0x0000026053e0dee0 VMThread "VM Thread" [stack: 0x00000064d7a00000,0x00000064d7b00000] [id=16664]
  0x00000260569d4130 WatcherThread [stack: 0x00000064d8500000,0x00000064d8600000] [id=17560]
  0x00000260256a1570 GCTaskThread "GC Thread#0" [stack: 0x00000064d7500000,0x00000064d7600000] [id=15660]
  0x000002609c5aa0a0 GCTaskThread "GC Thread#1" [stack: 0x00000064d8800000,0x00000064d8900000] [id=24476]
  0x000002609c5aa360 GCTaskThread "GC Thread#2" [stack: 0x00000064d8900000,0x00000064d8a00000] [id=4356]
  0x000002609c5aa620 GCTaskThread "GC Thread#3" [stack: 0x00000064d8a00000,0x00000064d8b00000] [id=22524]
  0x000002609c5aa8e0 GCTaskThread "GC Thread#4" [stack: 0x00000064d8b00000,0x00000064d8c00000] [id=12468]
  0x000002609c7fd810 GCTaskThread "GC Thread#5" [stack: 0x00000064d8c00000,0x00000064d8d00000] [id=21444]
  0x000002609c7fdad0 GCTaskThread "GC Thread#6" [stack: 0x00000064d8d00000,0x00000064d8e00000] [id=18856]
  0x000002609c7fdd90 GCTaskThread "GC Thread#7" [stack: 0x00000064d8e00000,0x00000064d8f00000] [id=8244]
  0x00000260256ad410 ConcurrentGCThread "G1 Main Marker" [stack: 0x00000064d7600000,0x00000064d7700000] [id=12084]
  0x00000260256ade20 ConcurrentGCThread "G1 Conc#0" [stack: 0x00000064d7700000,0x00000064d7800000] [id=17636]
  0x000002609d70ad60 ConcurrentGCThread "G1 Conc#1" [stack: 0x00000064d8700000,0x00000064d8800000] [id=13832]
  0x0000026053d45030 ConcurrentGCThread "G1 Refine#0" [stack: 0x00000064d7800000,0x00000064d7900000] [id=25264]
  0x000002609f340e80 ConcurrentGCThread "G1 Refine#1" [stack: 0x00000064d9900000,0x00000064d9a00000] [id=3608]
  0x0000026053d45a60 ConcurrentGCThread "G1 Service" [stack: 0x00000064d7900000,0x00000064d7a00000] [id=9568]

Threads with active compile tasks:
C2 CompilerThread0  10466539 15425       4       org.aspectj.weaver.reflect.JavaLangTypeToResolvedTypeConverter::fromType (426 bytes)

VM state: at safepoint (normal execution)

VM Mutex/Monitor currently owned by a thread:  ([mutex/lock_event])
[0x00000260255e77e0] Threads_lock - owner thread: 0x0000026053e0dee0
[0x00000260255f3d40] Heap_lock - owner thread: 0x000002609edeb4f0

Heap address: 0x0000000583000000, size: 10192 MB, Compressed Oops mode: Zero based, Oop shift amount: 3

CDS archive(s) mapped at: [0x0000026057000000-0x0000026057bd0000-0x0000026057bd0000), size 12386304, SharedBaseAddress: 0x0000026057000000, ArchiveRelocationMode: 1.
Compressed class space mapped at: 0x0000026058000000-0x0000026098000000, reserved size: 1073741824
Narrow klass base: 0x0000026057000000, Narrow klass shift: 0, Narrow klass range: 0x100000000

GC Precious Log:
 CPUs: 8 total, 8 available
 Memory: 40743M
 Large Page Support: Disabled
 NUMA Support: Disabled
 Compressed Oops: Enabled (Zero based)
 Heap Region Size: 8M
 Heap Min Capacity: 8M
 Heap Initial Capacity: 640M
 Heap Max Capacity: 10192M
 Pre-touch: Disabled
 Parallel Workers: 8
 Concurrent Workers: 2
 Concurrent Refinement Workers: 8
 Periodic GC: Disabled

Heap:
 garbage-first heap   total 139264K, used 59688K [0x0000000583000000, 0x0000000800000000)
  region size 8192K, 1 young (8192K), 1 survivors (8192K)
 Metaspace       used 95993K, committed 96576K, reserved 1179648K
  class space    used 12514K, committed 12800K, reserved 1048576K

Heap Regions: E=young(eden), S=young(survivor), O=old, HS=humongous(starts), HC=humongous(continues), CS=collection set, F=free, OA=open archive, CA=closed archive, TAMS=top-at-mark-start (previous, next)
|   0|0x0000000583000000, 0x00000005837ffff0, 0x0000000583800000| 99%| O|  |TAMS 0x00000005837ffff0, 0x0000000583000000| Untracked 
|   1|0x0000000583800000, 0x0000000583fffff0, 0x0000000584000000| 99%| O|  |TAMS 0x0000000583800000, 0x0000000583800000| Untracked 
|   2|0x0000000584000000, 0x00000005847ffff8, 0x0000000584800000| 99%| O|  |TAMS 0x0000000584000000, 0x0000000584000000| Untracked 
|   3|0x0000000584800000, 0x0000000584fffff0, 0x0000000585000000| 99%| O|  |TAMS 0x0000000584800000, 0x0000000584800000| Untracked 
|   4|0x0000000585000000, 0x00000005857fffc8, 0x0000000585800000| 99%| O|  |TAMS 0x0000000585000000, 0x0000000585000000| Untracked 
|   5|0x0000000585800000, 0x0000000585e08f60, 0x0000000586000000| 75%| O|  |TAMS 0x0000000585800000, 0x0000000585800000| Untracked 
|   6|0x0000000586000000, 0x0000000586800000, 0x0000000586800000|100%| O|  |TAMS 0x0000000586000000, 0x0000000586000000| Untracked 
|   7|0x0000000586800000, 0x0000000586885a00, 0x0000000587000000|  6%| O|  |TAMS 0x0000000586800000, 0x0000000586800000| Untracked 
|   8|0x0000000587000000, 0x0000000587000000, 0x0000000587800000|  0%| F|  |TAMS 0x0000000587000000, 0x0000000587000000| Untracked 
|   9|0x0000000587800000, 0x0000000587800000, 0x0000000588000000|  0%| F|  |TAMS 0x0000000587800000, 0x0000000587800000| Untracked 
|  10|0x0000000588000000, 0x00000005883bb9b0, 0x0000000588800000| 46%| S|CS|TAMS 0x0000000588000000, 0x0000000588000000| Complete 
|  11|0x0000000588800000, 0x0000000588800000, 0x0000000589000000|  0%| F|  |TAMS 0x0000000588800000, 0x0000000588800000| Untracked 
|  12|0x0000000589000000, 0x0000000589000000, 0x0000000589800000|  0%| F|  |TAMS 0x0000000589000000, 0x0000000589000000| Untracked 
|  13|0x0000000589800000, 0x0000000589800000, 0x000000058a000000|  0%| F|  |TAMS 0x0000000589800000, 0x0000000589800000| Untracked 
|  70|0x00000005a6000000, 0x00000005a6000000, 0x00000005a6800000|  0%| F|  |TAMS 0x00000005a6000000, 0x00000005a6000000| Untracked 
|  71|0x00000005a6800000, 0x00000005a6800000, 0x00000005a7000000|  0%| F|  |TAMS 0x00000005a6800000, 0x00000005a6800000| Untracked 
|  79|0x00000005aa800000, 0x00000005aa800000, 0x00000005ab000000|  0%| F|  |TAMS 0x00000005aa800000, 0x00000005aa800000| Untracked 

Card table byte_map: [0x000002603d5f0000,0x000002603e9e0000] _byte_map_base: 0x000002603a9d8000

Marking Bits (Prev, Next): (CMBitMap*) 0x00000260256a1b90, (CMBitMap*) 0x00000260256a1bd0
 Prev Bits: [0x000002603fdd0000, 0x0000026049d10000)
 Next Bits: [0x0000026049d10000, 0x0000026053c50000)

Polling page: 0x0000026023510000

Metaspace:

Usage:
  Non-class:     81.52 MB used.
      Class:     12.22 MB used.
       Both:     93.74 MB used.

Virtual space:
  Non-class space:      128.00 MB reserved,      81.81 MB ( 64%) committed,  2 nodes.
      Class space:        1.00 GB reserved,      12.50 MB (  1%) committed,  1 nodes.
             Both:        1.12 GB reserved,      94.31 MB (  8%) committed. 

Chunk freelists:
   Non-Class:  13.97 MB
       Class:  3.42 MB
        Both:  17.39 MB

MaxMetaspaceSize: unlimited
CompressedClassSpaceSize: 1.00 GB
Initial GC threshold: 21.00 MB
Current GC threshold: 155.56 MB
CDS: on
MetaspaceReclaimPolicy: balanced
 - commit_granule_bytes: 65536.
 - commit_granule_words: 8192.
 - virtual_space_node_default_size: 8388608.
 - enlarge_chunks_in_place: 1.
 - new_chunks_are_fully_committed: 0.
 - uncommit_free_chunks: 1.
 - use_allocation_guard: 0.
 - handle_deallocations: 1.


Internal statistics:

num_allocs_failed_limit: 12.
num_arena_births: 1046.
num_arena_deaths: 252.
num_vsnodes_births: 3.
num_vsnodes_deaths: 0.
num_space_committed: 1509.
num_space_uncommitted: 0.
num_chunks_returned_to_freelist: 308.
num_chunks_taken_from_freelist: 4699.
num_chunk_merges: 95.
num_chunk_splits: 3225.
num_chunks_enlarged: 2458.
num_inconsistent_stats: 0.

CodeHeap 'non-profiled nmethods': size=120000Kb used=10878Kb max_used=10878Kb free=109121Kb
 bounds [0x00000260349a0000, 0x0000026035440000, 0x000002603bed0000]
CodeHeap 'profiled nmethods': size=120000Kb used=27122Kb max_used=27122Kb free=92877Kb
 bounds [0x000002602ced0000, 0x000002602e950000, 0x0000026034400000]
CodeHeap 'non-nmethods': size=5760Kb used=1414Kb max_used=1498Kb free=4345Kb
 bounds [0x0000026034400000, 0x0000026034670000, 0x00000260349a0000]
 total_blobs=13708 nmethods=12962 adapters=656
 compilation: enabled
              stopped_count=0, restarted_count=0
 full_count=0

Compilation events (20 events):
Event: 10464.931 Thread 0x0000026053e30d20 15463       3       java.util.HashMap$ValueSpliterator::characteristics (28 bytes)
Event: 10464.932 Thread 0x0000026053e30d20 nmethod 15463 0x000002602e949010 code [0x000002602e9491c0, 0x000002602e949398]
Event: 10464.962 Thread 0x0000026053e30d20 15464       3       java.util.jar.JarFile$JarFileEntry::getRealName (5 bytes)
Event: 10464.962 Thread 0x0000026053e30d20 nmethod 15464 0x000002602df67a90 code [0x000002602df67c20, 0x000002602df67d38]
Event: 10464.970 Thread 0x0000026053e30d20 15465       3       java.lang.management.ManagementFactory$PlatformMBeanFinder$$Lambda$70/0x0000026058076198::test (12 bytes)
Event: 10464.970 Thread 0x0000026053e30d20 nmethod 15465 0x000002602e949490 code [0x000002602e949660, 0x000002602e949a78]
Event: 10464.970 Thread 0x0000026053e30d20 15466       3       java.lang.management.ManagementFactory$PlatformMBeanFinder::lambda$findSingleton$1 (13 bytes)
Event: 10464.971 Thread 0x0000026053e30d20 nmethod 15466 0x000002602e949b90 code [0x000002602e949d40, 0x000002602e949fd8]
Event: 10465.079 Thread 0x0000026053e30d20 15467       3       org.aspectj.apache.bcel.classfile.ClassParser::<init> (50 bytes)
Event: 10465.079 Thread 0x0000026053e30d20 nmethod 15467 0x000002602e94a110 code [0x000002602e94a340, 0x000002602e94b118]
Event: 10465.080 Thread 0x0000026053e30d20 15469       3       org.aspectj.apache.bcel.classfile.ClassParser::readMethods (65 bytes)
Event: 10465.080 Thread 0x0000026053e30d20 nmethod 15469 0x000002602e94b410 code [0x000002602e94b600, 0x000002602e94bcd8]
Event: 10465.080 Thread 0x0000026053e30d20 15468       3       org.aspectj.apache.bcel.classfile.ClassParser::parse (93 bytes)
Event: 10465.081 Thread 0x0000026053e30d20 nmethod 15468 0x000002602e94bf10 code [0x000002602e94c160, 0x000002602e94c8e8]
Event: 10465.148 Thread 0x0000026053e30d20 15470       3       org.springframework.core.convert.TypeDescriptor::getMapKeyTypeDescriptor (31 bytes)
Event: 10465.149 Thread 0x0000026053e30d20 nmethod 15470 0x000002602e94cb90 code [0x000002602e94cda0, 0x000002602e94d5e8]
Event: 10465.149 Thread 0x0000026053e30d20 15471       3       org.springframework.core.convert.TypeDescriptor::getMapValueTypeDescriptor (31 bytes)
Event: 10465.149 Thread 0x0000026053e30d20 nmethod 15471 0x000002602e94d890 code [0x000002602e94daa0, 0x000002602e94e2e8]
Event: 10465.169 Thread 0x0000026053e30d20 15472       3       java.util.concurrent.ConcurrentHashMap$TreeBin::<init> (258 bytes)
Event: 10465.171 Thread 0x0000026053e30d20 nmethod 15472 0x000002602e94e590 code [0x000002602e94e800, 0x000002602e94f658]

GC Heap History (20 events):
Event: 10445.462 GC heap after
{Heap after GC invocations=33 (full 1):
 garbage-first heap   total 139264K, used 51645K [0x0000000583000000, 0x0000000800000000)
  region size 8192K, 1 young (8192K), 1 survivors (8192K)
 Metaspace       used 93718K, committed 94400K, reserved 1179648K
  class space    used 12412K, committed 12736K, reserved 1048576K
}
Event: 10449.838 GC heap before
{Heap before GC invocations=33 (full 1):
 garbage-first heap   total 139264K, used 108989K [0x0000000583000000, 0x0000000800000000)
  region size 8192K, 8 young (65536K), 1 survivors (8192K)
 Metaspace       used 94082K, committed 94720K, reserved 1179648K
  class space    used 12424K, committed 12736K, reserved 1048576K
}
Event: 10449.847 GC heap after
{Heap after GC invocations=34 (full 1):
 garbage-first heap   total 139264K, used 54636K [0x0000000583000000, 0x0000000800000000)
  region size 8192K, 1 young (8192K), 1 survivors (8192K)
 Metaspace       used 94082K, committed 94720K, reserved 1179648K
  class space    used 12424K, committed 12736K, reserved 1048576K
}
Event: 10451.318 GC heap before
{Heap before GC invocations=34 (full 1):
 garbage-first heap   total 139264K, used 103788K [0x0000000583000000, 0x0000000800000000)
  region size 8192K, 7 young (57344K), 1 survivors (8192K)
 Metaspace       used 94757K, committed 95296K, reserved 1179648K
  class space    used 12459K, committed 12736K, reserved 1048576K
}
Event: 10451.329 GC heap after
{Heap after GC invocations=35 (full 1):
 garbage-first heap   total 139264K, used 58406K [0x0000000583000000, 0x0000000800000000)
  region size 8192K, 1 young (8192K), 1 survivors (8192K)
 Metaspace       used 94757K, committed 95296K, reserved 1179648K
  class space    used 12459K, committed 12736K, reserved 1048576K
}
Event: 10452.433 GC heap before
{Heap before GC invocations=35 (full 1):
 garbage-first heap   total 139264K, used 99366K [0x0000000583000000, 0x0000000800000000)
  region size 8192K, 6 young (49152K), 1 survivors (8192K)
 Metaspace       used 94807K, committed 95360K, reserved 1179648K
  class space    used 12459K, committed 12736K, reserved 1048576K
}
Event: 10452.446 GC heap after
{Heap after GC invocations=36 (full 1):
 garbage-first heap   total 139264K, used 61258K [0x0000000583000000, 0x0000000800000000)
  region size 8192K, 1 young (8192K), 1 survivors (8192K)
 Metaspace       used 94807K, committed 95360K, reserved 1179648K
  class space    used 12459K, committed 12736K, reserved 1048576K
}
Event: 10454.583 GC heap before
{Heap before GC invocations=36 (full 1):
 garbage-first heap   total 139264K, used 102218K [0x0000000583000000, 0x0000000800000000)
  region size 8192K, 6 young (49152K), 1 survivors (8192K)
 Metaspace       used 94829K, committed 95424K, reserved 1179648K
  class space    used 12459K, committed 12736K, reserved 1048576K
}
Event: 10454.597 GC heap after
{Heap after GC invocations=37 (full 1):
 garbage-first heap   total 139264K, used 63646K [0x0000000583000000, 0x0000000800000000)
  region size 8192K, 1 young (8192K), 1 survivors (8192K)
 Metaspace       used 94829K, committed 95424K, reserved 1179648K
  class space    used 12459K, committed 12736K, reserved 1048576K
}
Event: 10458.875 GC heap before
{Heap before GC invocations=37 (full 1):
 garbage-first heap   total 139264K, used 80030K [0x0000000583000000, 0x0000000800000000)
  region size 8192K, 4 young (32768K), 1 survivors (8192K)
 Metaspace       used 94968K, committed 95552K, reserved 1179648K
  class space    used 12476K, committed 12736K, reserved 1048576K
}
Event: 10459.209 GC heap after
{Heap after GC invocations=38 (full 2):
 garbage-first heap   total 139264K, used 47139K [0x0000000583000000, 0x0000000800000000)
  region size 8192K, 0 young (0K), 0 survivors (0K)
 Metaspace       used 94904K, committed 95552K, reserved 1179648K
  class space    used 12460K, committed 12736K, reserved 1048576K
}
Event: 10461.333 GC heap before
{Heap before GC invocations=38 (full 2):
 garbage-first heap   total 139264K, used 104483K [0x0000000583000000, 0x0000000800000000)
  region size 8192K, 7 young (57344K), 0 survivors (0K)
 Metaspace       used 95160K, committed 95744K, reserved 1179648K
  class space    used 12476K, committed 12736K, reserved 1048576K
}
Event: 10461.337 GC heap after
{Heap after GC invocations=39 (full 2):
 garbage-first heap   total 139264K, used 51571K [0x0000000583000000, 0x0000000800000000)
  region size 8192K, 1 young (8192K), 1 survivors (8192K)
 Metaspace       used 95160K, committed 95744K, reserved 1179648K
  class space    used 12476K, committed 12736K, reserved 1048576K
}
Event: 10462.324 GC heap before
{Heap before GC invocations=39 (full 2):
 garbage-first heap   total 139264K, used 92531K [0x0000000583000000, 0x0000000800000000)
  region size 8192K, 7 young (57344K), 1 survivors (8192K)
 Metaspace       used 95299K, committed 95808K, reserved 1179648K
  class space    used 12482K, committed 12736K, reserved 1048576K
}
Event: 10462.328 GC heap after
{Heap after GC invocations=40 (full 2):
 garbage-first heap   total 139264K, used 53043K [0x0000000583000000, 0x0000000800000000)
  region size 8192K, 1 young (8192K), 1 survivors (8192K)
 Metaspace       used 95299K, committed 95808K, reserved 1179648K
  class space    used 12482K, committed 12736K, reserved 1048576K
}
Event: 10463.315 GC heap before
{Heap before GC invocations=40 (full 2):
 garbage-first heap   total 139264K, used 102195K [0x0000000583000000, 0x0000000800000000)
  region size 8192K, 7 young (57344K), 1 survivors (8192K)
 Metaspace       used 95930K, committed 96512K, reserved 1179648K
  class space    used 12514K, committed 12800K, reserved 1048576K
}
Event: 10463.322 GC heap after
{Heap after GC invocations=41 (full 2):
 garbage-first heap   total 139264K, used 56405K [0x0000000583000000, 0x0000000800000000)
  region size 8192K, 1 young (8192K), 1 survivors (8192K)
 Metaspace       used 95930K, committed 96512K, reserved 1179648K
  class space    used 12514K, committed 12800K, reserved 1048576K
}
Event: 10463.860 GC heap before
{Heap before GC invocations=41 (full 2):
 garbage-first heap   total 139264K, used 97365K [0x0000000583000000, 0x0000000800000000)
  region size 8192K, 6 young (49152K), 1 survivors (8192K)
 Metaspace       used 95967K, committed 96576K, reserved 1179648K
  class space    used 12514K, committed 12800K, reserved 1048576K
}
Event: 10463.866 GC heap after
{Heap after GC invocations=42 (full 2):
 garbage-first heap   total 139264K, used 58164K [0x0000000583000000, 0x0000000800000000)
  region size 8192K, 1 young (8192K), 1 survivors (8192K)
 Metaspace       used 95967K, committed 96576K, reserved 1179648K
  class space    used 12514K, committed 12800K, reserved 1048576K
}
Event: 10465.176 GC heap before
{Heap before GC invocations=42 (full 2):
 garbage-first heap   total 139264K, used 99124K [0x0000000583000000, 0x0000000800000000)
  region size 8192K, 6 young (49152K), 1 survivors (8192K)
 Metaspace       used 95993K, committed 96576K, reserved 1179648K
  class space    used 12514K, committed 12800K, reserved 1048576K
}

Deoptimization events (20 events):
Event: 10463.024 Thread 0x000002609edeb4f0 DEOPT PACKING pc=0x00000260353fe1c0 sp=0x00000064d71fb8c0
Event: 10463.024 Thread 0x000002609edeb4f0 DEOPT UNPACKING pc=0x0000026034455ba3 sp=0x00000064d71fb820 mode 2
Event: 10463.025 Thread 0x000002609edeb4f0 Uncommon trap: trap_request=0xffffffbe fr.pc=0x00000260353fe1c0 relative=0x0000000000000a20
Event: 10463.025 Thread 0x000002609edeb4f0 Uncommon trap: reason=profile_predicate action=maybe_recompile pc=0x00000260353fe1c0 method=java.util.regex.Pattern$BnM.optimize(Ljava/util/regex/Pattern$Node;)Ljava/util/regex/Pattern$Node; @ 67 c2
Event: 10463.025 Thread 0x000002609edeb4f0 DEOPT PACKING pc=0x00000260353fe1c0 sp=0x00000064d71fb8c0
Event: 10463.025 Thread 0x000002609edeb4f0 DEOPT UNPACKING pc=0x0000026034455ba3 sp=0x00000064d71fb820 mode 2
Event: 10463.025 Thread 0x000002609edeb4f0 Uncommon trap: trap_request=0xffffffbe fr.pc=0x00000260353fe1c0 relative=0x0000000000000a20
Event: 10463.025 Thread 0x000002609edeb4f0 Uncommon trap: reason=profile_predicate action=maybe_recompile pc=0x00000260353fe1c0 method=java.util.regex.Pattern$BnM.optimize(Ljava/util/regex/Pattern$Node;)Ljava/util/regex/Pattern$Node; @ 67 c2
Event: 10463.025 Thread 0x000002609edeb4f0 DEOPT PACKING pc=0x00000260353fe1c0 sp=0x00000064d71fb8c0
Event: 10463.025 Thread 0x000002609edeb4f0 DEOPT UNPACKING pc=0x0000026034455ba3 sp=0x00000064d71fb820 mode 2
Event: 10463.026 Thread 0x000002609edeb4f0 Uncommon trap: trap_request=0xffffffbe fr.pc=0x00000260353fe1c0 relative=0x0000000000000a20
Event: 10463.026 Thread 0x000002609edeb4f0 Uncommon trap: reason=profile_predicate action=maybe_recompile pc=0x00000260353fe1c0 method=java.util.regex.Pattern$BnM.optimize(Ljava/util/regex/Pattern$Node;)Ljava/util/regex/Pattern$Node; @ 67 c2
Event: 10463.026 Thread 0x000002609edeb4f0 DEOPT PACKING pc=0x00000260353fe1c0 sp=0x00000064d71fb8c0
Event: 10463.026 Thread 0x000002609edeb4f0 DEOPT UNPACKING pc=0x0000026034455ba3 sp=0x00000064d71fb820 mode 2
Event: 10463.445 Thread 0x000002609edea1b0 DEOPT PACKING pc=0x000002602da106d8 sp=0x00000064d93fe3c0
Event: 10463.445 Thread 0x000002609edea1b0 DEOPT UNPACKING pc=0x00000260344566e3 sp=0x00000064d93fd820 mode 0
Event: 10463.869 Thread 0x000002609edea1b0 DEOPT PACKING pc=0x000002602d9ad3fb sp=0x00000064d93fe230
Event: 10463.869 Thread 0x000002609edea1b0 DEOPT UNPACKING pc=0x00000260344566e3 sp=0x00000064d93fd6b8 mode 0
Event: 10464.049 Thread 0x000002609edeb4f0 DEOPT PACKING pc=0x000002602d19c589 sp=0x00000064d71f9410
Event: 10464.049 Thread 0x000002609edeb4f0 DEOPT UNPACKING pc=0x00000260344566e3 sp=0x00000064d71f8970 mode 0

Classes unloaded (20 events):
Event: 10458.999 Thread 0x0000026053e0dee0 Unloading class 0x0000026058c68400 'jdk/internal/reflect/GeneratedMethodAccessor34'
Event: 10458.999 Thread 0x0000026053e0dee0 Unloading class 0x0000026058c68000 'jdk/internal/reflect/GeneratedMethodAccessor33'
Event: 10458.999 Thread 0x0000026053e0dee0 Unloading class 0x0000026058c61c00 'jdk/internal/reflect/GeneratedMethodAccessor32'
Event: 10458.999 Thread 0x0000026053e0dee0 Unloading class 0x0000026058c61800 'jdk/internal/reflect/GeneratedMethodAccessor31'
Event: 10458.999 Thread 0x0000026053e0dee0 Unloading class 0x0000026058c60400 'jdk/internal/reflect/GeneratedConstructorAccessor73'
Event: 10458.999 Thread 0x0000026053e0dee0 Unloading class 0x0000026058c06400 'java/lang/invoke/LambdaForm$MH+0x0000026058c06400'
Event: 10458.999 Thread 0x0000026053e0dee0 Unloading class 0x0000026058c06000 'java/lang/invoke/LambdaForm$MH+0x0000026058c06000'
Event: 10458.999 Thread 0x0000026053e0dee0 Unloading class 0x0000026058c05c00 'java/lang/invoke/LambdaForm$MH+0x0000026058c05c00'
Event: 10458.999 Thread 0x0000026053e0dee0 Unloading class 0x0000026058c05800 'java/lang/invoke/LambdaForm$MH+0x0000026058c05800'
Event: 10458.999 Thread 0x0000026053e0dee0 Unloading class 0x0000026058c05400 'java/lang/invoke/LambdaForm$MH+0x0000026058c05400'
Event: 10458.999 Thread 0x0000026053e0dee0 Unloading class 0x0000026058c05000 'java/lang/invoke/LambdaForm$MH+0x0000026058c05000'
Event: 10458.999 Thread 0x0000026053e0dee0 Unloading class 0x0000026058c04c00 'java/lang/invoke/LambdaForm$MH+0x0000026058c04c00'
Event: 10458.999 Thread 0x0000026053e0dee0 Unloading class 0x0000026058c04800 'java/lang/invoke/LambdaForm$MH+0x0000026058c04800'
Event: 10458.999 Thread 0x0000026053e0dee0 Unloading class 0x0000026058c04400 'java/lang/invoke/LambdaForm$MH+0x0000026058c04400'
Event: 10458.999 Thread 0x0000026053e0dee0 Unloading class 0x0000026058c04000 'java/lang/invoke/LambdaForm$MH+0x0000026058c04000'
Event: 10458.999 Thread 0x0000026053e0dee0 Unloading class 0x0000026058610000 'jdk/internal/reflect/GeneratedConstructorAccessor38'
Event: 10458.999 Thread 0x0000026053e0dee0 Unloading class 0x0000026058c8c000 'org/apache/catalina/loader/JdbcLeakPrevention'
Event: 10458.999 Thread 0x0000026053e0dee0 Unloading class 0x00000260584b0400 'java/lang/invoke/LambdaForm$MH+0x00000260584b0400'
Event: 10458.999 Thread 0x0000026053e0dee0 Unloading class 0x00000260584b0000 'java/lang/invoke/LambdaForm$MH+0x00000260584b0000'
Event: 10458.999 Thread 0x0000026053e0dee0 Unloading class 0x00000260584a9c00 'java/lang/invoke/LambdaForm$MH+0x00000260584a9c00'

Classes redefined (0 events):
No events

Internal exceptions (20 events):
Event: 10461.454 Thread 0x000002609edeb4f0 Exception <a 'java/lang/NoClassDefFoundError'{0x00000005aaca2500}: liquibase/integration/spring/SpringLiquibase> (0x00000005aaca2500) 
thrown [s\open\src\hotspot\share\oops\constantPool.cpp, line 837]
Event: 10461.465 Thread 0x000002609edeb4f0 Exception <a 'java/lang/NoClassDefFoundError'{0x00000005aad56978}: org/jooq/DSLContext> (0x00000005aad56978) 
thrown [s\open\src\hotspot\share\oops\constantPool.cpp, line 837]
Event: 10461.466 Thread 0x000002609edeb4f0 Exception <a 'java/lang/NoClassDefFoundError'{0x00000005aad66228}: org/springframework/batch/core/repository/JobRepository> (0x00000005aad66228) 
thrown [s\open\src\hotspot\share\oops\constantPool.cpp, line 837]
Event: 10461.466 Thread 0x000002609edeb4f0 Exception <a 'java/lang/NoClassDefFoundError'{0x00000005aad66870}: org/quartz/Scheduler> (0x00000005aad66870) 
thrown [s\open\src\hotspot\share\oops\constantPool.cpp, line 837]
Event: 10461.466 Thread 0x000002609edeb4f0 Exception <a 'java/lang/NoClassDefFoundError'{0x00000005aad66ee0}: org/springframework/session/jdbc/JdbcIndexedSessionRepository> (0x00000005aad66ee0) 
thrown [s\open\src\hotspot\share\oops\constantPool.cpp, line 837]
Event: 10461.499 Thread 0x000002609edeb4f0 Exception <a 'java/lang/ArrayIndexOutOfBoundsException'{0x00000005aaecc588}: Index 28 out of bounds for length 28> (0x00000005aaecc588) 
thrown [s\open\src\hotspot\share\interpreter\interpreterRuntime.cpp, line 428]
Event: 10461.499 Thread 0x000002609edeb4f0 Exception <a 'java/lang/ArrayIndexOutOfBoundsException'{0x00000005aaeccb50}: Index 28 out of bounds for length 28> (0x00000005aaeccb50) 
thrown [s\open\src\hotspot\share\interpreter\interpreterRuntime.cpp, line 428]
Event: 10461.504 Thread 0x000002609edeb4f0 Exception <a 'java/lang/ArrayIndexOutOfBoundsException'{0x00000005aaf164a0}: Index 21 out of bounds for length 21> (0x00000005aaf164a0) 
thrown [s\open\src\hotspot\share\interpreter\interpreterRuntime.cpp, line 428]
Event: 10461.504 Thread 0x000002609edeb4f0 Exception <a 'java/lang/ArrayIndexOutOfBoundsException'{0x00000005aaf16a68}: Index 21 out of bounds for length 21> (0x00000005aaf16a68) 
thrown [s\open\src\hotspot\share\interpreter\interpreterRuntime.cpp, line 428]
Event: 10461.748 Thread 0x000002609edeb4f0 Exception <a 'sun/nio/fs/WindowsException'{0x0000000589ba6af8}> (0x0000000589ba6af8) 
thrown [s\open\src\hotspot\share\prims\jni.cpp, line 516]
Event: 10461.749 Thread 0x000002609edeb4f0 Exception <a 'sun/nio/fs/WindowsException'{0x0000000589ba7210}> (0x0000000589ba7210) 
thrown [s\open\src\hotspot\share\prims\jni.cpp, line 516]
Event: 10461.749 Thread 0x000002609edeb4f0 Exception <a 'sun/nio/fs/WindowsException'{0x0000000589ba7908}> (0x0000000589ba7908) 
thrown [s\open\src\hotspot\share\prims\jni.cpp, line 516]
Event: 10461.792 Thread 0x000002609edeb4f0 Exception <a 'java/io/FileNotFoundException'{0x0000000589c19ee8}> (0x0000000589c19ee8) 
thrown [s\open\src\hotspot\share\prims\jni.cpp, line 516]
Event: 10462.248 Thread 0x000002609edeb4f0 Exception <a 'java/io/FileNotFoundException'{0x0000000588b85c28}> (0x0000000588b85c28) 
thrown [s\open\src\hotspot\share\prims\jni.cpp, line 516]
Event: 10462.422 Thread 0x000002609edeb4f0 Exception <a 'sun/nio/fs/WindowsException'{0x00000005aab01130}> (0x00000005aab01130) 
thrown [s\open\src\hotspot\share\prims\jni.cpp, line 516]
Event: 10463.049 Thread 0x000002609edeb4f0 Exception <a 'java/lang/reflect/InvocationTargetException'{0x0000000589e3a818}> (0x0000000589e3a818) 
thrown [s\open\src\hotspot\share\runtime\reflection.cpp, line 1121]
Event: 10463.052 Thread 0x000002609edeb4f0 Exception <a 'java/lang/reflect/InvocationTargetException'{0x0000000589e4a370}> (0x0000000589e4a370) 
thrown [s\open\src\hotspot\share\runtime\reflection.cpp, line 1121]
Event: 10463.056 Thread 0x000002609edeb4f0 Exception <a 'java/lang/reflect/InvocationTargetException'{0x0000000589e5ec30}> (0x0000000589e5ec30) 
thrown [s\open\src\hotspot\share\runtime\reflection.cpp, line 1121]
Event: 10463.058 Thread 0x000002609edeb4f0 Exception <a 'java/lang/reflect/InvocationTargetException'{0x0000000589e68e70}> (0x0000000589e68e70) 
thrown [s\open\src\hotspot\share\runtime\reflection.cpp, line 1121]
Event: 10463.660 Thread 0x000002609edeb4f0 Exception <a 'sun/nio/fs/WindowsException'{0x00000005a6683cb0}> (0x00000005a6683cb0) 
thrown [s\open\src\hotspot\share\prims\jni.cpp, line 516]

VM Operations (20 events):
Event: 10456.610 Executing VM operation: Cleanup done
Event: 10458.875 Executing VM operation: G1CollectFull
Event: 10459.223 Executing VM operation: G1CollectFull done
Event: 10459.264 Executing VM operation: HandshakeAllThreads
Event: 10459.337 Executing VM operation: HandshakeAllThreads done
Event: 10460.346 Executing VM operation: Cleanup
Event: 10460.346 Executing VM operation: Cleanup done
Event: 10461.333 Executing VM operation: G1CollectForAllocation
Event: 10461.337 Executing VM operation: G1CollectForAllocation done
Event: 10461.600 Executing VM operation: HandshakeAllThreads
Event: 10461.600 Executing VM operation: HandshakeAllThreads done
Event: 10462.295 Executing VM operation: G1CollectForAllocation
Event: 10462.353 Executing VM operation: G1CollectForAllocation done
Event: 10463.315 Executing VM operation: G1CollectForAllocation
Event: 10463.322 Executing VM operation: G1CollectForAllocation done
Event: 10463.860 Executing VM operation: G1CollectForAllocation
Event: 10463.866 Executing VM operation: G1CollectForAllocation done
Event: 10464.869 Executing VM operation: Cleanup
Event: 10464.869 Executing VM operation: Cleanup done
Event: 10465.176 Executing VM operation: G1CollectForAllocation

Events (20 events):
Event: 10459.367 Thread 0x0000026056771fd0 flushing nmethod 0x000002602e61b890
Event: 10459.367 Thread 0x0000026056771fd0 flushing nmethod 0x000002602e620590
Event: 10459.367 Thread 0x0000026056771fd0 flushing nmethod 0x000002602e63f410
Event: 10459.367 Thread 0x0000026056771fd0 flushing nmethod 0x000002602e641b10
Event: 10459.367 Thread 0x0000026056771fd0 flushing nmethod 0x000002602e6ae590
Event: 10459.367 Thread 0x0000026056771fd0 flushing nmethod 0x000002602e6c9210
Event: 10459.367 Thread 0x0000026056771fd0 flushing nmethod 0x000002602e6de010
Event: 10459.368 Thread 0x0000026056771fd0 flushing nmethod 0x000002602e710a10
Event: 10459.368 Thread 0x0000026056771fd0 flushing nmethod 0x000002602e789210
Event: 10460.096 Thread 0x000002609edecd00 Thread added: 0x000002609edecd00
Event: 10460.102 Thread 0x000002609edecd00 Thread exited: 0x000002609edecd00
Event: 10460.302 Thread 0x000002609edec830 Thread added: 0x000002609edec830
Event: 10460.386 Thread 0x000002609edec830 Thread exited: 0x000002609edec830
Event: 10462.249 Thread 0x000002609ededb70 Thread added: 0x000002609ededb70
Event: 10462.249 Thread 0x000002609edeb9c0 Thread added: 0x000002609edeb9c0
Event: 10462.249 Thread 0x000002609edebe90 Thread added: 0x000002609edebe90
Event: 10462.578 Thread 0x000002609edea680 Thread added: 0x000002609edea680
Event: 10462.582 Thread 0x000002609edec360 Thread added: 0x000002609edec360
Event: 10462.687 Thread 0x000002609edea1b0 Thread added: 0x000002609edea1b0
Event: 10464.583 Thread 0x000002609edee510 Thread added: 0x000002609edee510


Dynamic libraries:
0x00007ff6e3d40000 - 0x00007ff6e3d50000 	C:\Program Files\Java\jdk-17\bin\java.exe
0x00007ffda75a0000 - 0x00007ffda7808000 	C:\Windows\SYSTEM32\ntdll.dll
0x00007ffda5f20000 - 0x00007ffda5fe9000 	C:\Windows\System32\KERNEL32.DLL
0x00007ffda4dd0000 - 0x00007ffda51bd000 	C:\Windows\System32\KERNELBASE.dll
0x00007ffda51f0000 - 0x00007ffda533b000 	C:\Windows\System32\ucrtbase.dll
0x00007ffd8afc0000 - 0x00007ffd8afd9000 	C:\Program Files\Java\jdk-17\bin\jli.dll
0x00007ffda5b40000 - 0x00007ffda5bf4000 	C:\Windows\System32\ADVAPI32.dll
0x00007ffda6ef0000 - 0x00007ffda6f99000 	C:\Windows\System32\msvcrt.dll
0x00007ffda62f0000 - 0x00007ffda6396000 	C:\Windows\System32\sechost.dll
0x00007ffda5c10000 - 0x00007ffda5d28000 	C:\Windows\System32\RPCRT4.dll
0x00007ffda5340000 - 0x00007ffda550c000 	C:\Windows\System32\USER32.dll
0x00007ffda51c0000 - 0x00007ffda51e7000 	C:\Windows\System32\win32u.dll
0x00007ffd75110000 - 0x00007ffd7512b000 	C:\Program Files\Java\jdk-17\bin\VCRUNTIME140.dll
0x00007ffda5e30000 - 0x00007ffda5e5b000 	C:\Windows\System32\GDI32.dll
0x00007ffda4c90000 - 0x00007ffda4dc7000 	C:\Windows\System32\gdi32full.dll
0x00007ffda46f0000 - 0x00007ffda4793000 	C:\Windows\System32\msvcp_win.dll
0x00007ffd9b510000 - 0x00007ffd9b51b000 	C:\Windows\SYSTEM32\VERSION.dll
0x00007ffd887a0000 - 0x00007ffd88a3a000 	C:\Windows\WinSxS\amd64_microsoft.windows.common-controls_6595b64144ccf1df_6.0.26100.4484_none_3e0e6d4ce32ef3b3\COMCTL32.dll
0x00007ffda5e80000 - 0x00007ffda5eaf000 	C:\Windows\System32\IMM32.DLL
0x00007ffd9ec60000 - 0x00007ffd9ec6c000 	C:\Program Files\Java\jdk-17\bin\vcruntime140_1.dll
0x00007ffd6d9c0000 - 0x00007ffd6da4e000 	C:\Program Files\Java\jdk-17\bin\msvcp140.dll
0x00007ffcee250000 - 0x00007ffceee31000 	C:\Program Files\Java\jdk-17\bin\server\jvm.dll
0x00007ffda61f0000 - 0x00007ffda61f8000 	C:\Windows\System32\PSAPI.DLL
0x00007ffd8ded0000 - 0x00007ffd8deda000 	C:\Windows\SYSTEM32\WSOCK32.dll
0x00007ffda5710000 - 0x00007ffda5784000 	C:\Windows\System32\WS2_32.dll
0x00007ffd8cfb0000 - 0x00007ffd8cfe5000 	C:\Windows\SYSTEM32\WINMM.dll
0x00007ffda3450000 - 0x00007ffda346b000 	C:\Windows\SYSTEM32\kernel.appcore.dll
0x00007ffd8c820000 - 0x00007ffd8c82a000 	C:\Program Files\Java\jdk-17\bin\jimage.dll
0x00007ffda1e10000 - 0x00007ffda2051000 	C:\Windows\SYSTEM32\DBGHELP.DLL
0x00007ffda5790000 - 0x00007ffda5b16000 	C:\Windows\System32\combase.dll
0x00007ffda6200000 - 0x00007ffda62e0000 	C:\Windows\System32\OLEAUT32.dll
0x00007ffd681c0000 - 0x00007ffd68203000 	C:\Windows\SYSTEM32\dbgcore.DLL
0x00007ffda4b60000 - 0x00007ffda4bf9000 	C:\Windows\System32\bcryptPrimitives.dll
0x00007ffd6f7c0000 - 0x00007ffd6f7e5000 	C:\Program Files\Java\jdk-17\bin\java.dll
0x00007ffd31080000 - 0x00007ffd31157000 	C:\Program Files\Java\jdk-17\bin\jsvml.dll
0x00007ffda6420000 - 0x00007ffda6b6a000 	C:\Windows\System32\SHELL32.dll
0x00007ffda4860000 - 0x00007ffda49d4000 	C:\Windows\System32\wintypes.dll
0x00007ffda22f0000 - 0x00007ffda2b4b000 	C:\Windows\SYSTEM32\windows.storage.dll
0x00007ffda5d30000 - 0x00007ffda5e25000 	C:\Windows\System32\SHCORE.dll
0x00007ffda6e80000 - 0x00007ffda6eea000 	C:\Windows\System32\shlwapi.dll
0x00007ffda4600000 - 0x00007ffda462f000 	C:\Windows\SYSTEM32\profapi.dll
0x00007ffd70590000 - 0x00007ffd705a9000 	C:\Program Files\Java\jdk-17\bin\net.dll
0x00007ffd9d150000 - 0x00007ffd9d26e000 	C:\Windows\SYSTEM32\WINHTTP.dll
0x00007ffda39c0000 - 0x00007ffda3a2a000 	C:\Windows\system32\mswsock.dll
0x00007ffd6f870000 - 0x00007ffd6f886000 	C:\Program Files\Java\jdk-17\bin\nio.dll
0x00007ffd6d750000 - 0x00007ffd6d768000 	C:\Program Files\Java\jdk-17\bin\zip.dll
0x00007ffd8c5c0000 - 0x00007ffd8c5ca000 	C:\Program Files\Java\jdk-17\bin\management.dll
0x00007ffd8bd90000 - 0x00007ffd8bd9b000 	C:\Program Files\Java\jdk-17\bin\management_ext.dll
0x00007ffda2f10000 - 0x00007ffda2f43000 	C:\Windows\SYSTEM32\IPHLPAPI.DLL
0x00007ffda5b20000 - 0x00007ffda5b2a000 	C:\Windows\System32\NSI.dll
0x00007ffd9def0000 - 0x00007ffd9df0f000 	C:\Windows\SYSTEM32\dhcpcsvc6.DLL
0x00007ffd9dec0000 - 0x00007ffd9dee5000 	C:\Windows\SYSTEM32\dhcpcsvc.DLL
0x00007ffda2f50000 - 0x00007ffda3076000 	C:\Windows\SYSTEM32\DNSAPI.dll
0x00007ffd9b500000 - 0x00007ffd9b50b000 	C:\Windows\System32\rasadhlp.dll
0x00007ffd9e040000 - 0x00007ffd9e0c6000 	C:\Windows\System32\fwpuclnt.dll
0x00007ffd8baa0000 - 0x00007ffd8baae000 	C:\Program Files\Java\jdk-17\bin\sunmscapi.dll
0x00007ffda49e0000 - 0x00007ffda4b57000 	C:\Windows\System32\CRYPT32.dll
0x00007ffda3ef0000 - 0x00007ffda3f20000 	C:\Windows\SYSTEM32\ncrypt.dll
0x00007ffda3ea0000 - 0x00007ffda3edf000 	C:\Windows\SYSTEM32\NTASN1.dll
0x00007ffda3da0000 - 0x00007ffda3dbb000 	C:\Windows\SYSTEM32\CRYPTSP.dll
0x00007ffda33b0000 - 0x00007ffda33eb000 	C:\Windows\system32\rsaenh.dll
0x00007ffda3a60000 - 0x00007ffda3a8b000 	C:\Windows\SYSTEM32\USERENV.dll
0x00007ffda45d0000 - 0x00007ffda45f6000 	C:\Windows\SYSTEM32\bcrypt.dll
0x00007ffda3c00000 - 0x00007ffda3c0c000 	C:\Windows\SYSTEM32\CRYPTBASE.dll
0x00007ffd554e0000 - 0x00007ffd554f8000 	C:\Windows\system32\napinsp.dll
0x00007ffd55f10000 - 0x00007ffd55f30000 	C:\Windows\system32\wshbth.dll
0x00007ffd554a0000 - 0x00007ffd554d0000 	C:\Windows\system32\nlansp_c.dll
0x00007ffd55480000 - 0x00007ffd55492000 	C:\Windows\System32\winrnr.dll
0x00007ffd8b020000 - 0x00007ffd8b030000 	C:\Program Files\Java\jdk-17\bin\verify.dll
0x00007ffd029f0000 - 0x00007ffd029f8000 	C:\Windows\system32\wshunix.dll

dbghelp: loaded successfully - version: 4.0.5 - missing functions: none
symbol engine: initialized successfully - sym options: 0x614 - pdb path: .;C:\Program Files\Java\jdk-17\bin;C:\Windows\SYSTEM32;C:\Windows\WinSxS\amd64_microsoft.windows.common-controls_6595b64144ccf1df_6.0.26100.4484_none_3e0e6d4ce32ef3b3;C:\Program Files\Java\jdk-17\bin\server

VM Arguments:
jvm_args: -XX:+ShowCodeDetailsInExceptionMessages 
java_command: com.manamer.backend.business.sellout.SelloutApplication
java_class_path (initial): C:\Users\Fernanda Jama\OneDrive - Manamer\Documentos\PROYECTOS 2025-2026\sellout1\backend\business\sellout\target\classes;C:\Users\Fernanda Jama\.m2\repository\org\springframework\boot\spring-boot-starter\3.2.4\spring-boot-starter-3.2.4.jar;C:\Users\Fernanda Jama\.m2\repository\org\springframework\boot\spring-boot\3.2.4\spring-boot-3.2.4.jar;C:\Users\Fernanda Jama\.m2\repository\org\springframework\boot\spring-boot-autoconfigure\3.2.4\spring-boot-autoconfigure-3.2.4.jar;C:\Users\Fernanda Jama\.m2\repository\org\springframework\boot\spring-boot-starter-logging\3.2.4\spring-boot-starter-logging-3.2.4.jar;C:\Users\Fernanda Jama\.m2\repository\ch\qos\logback\logback-classic\1.4.14\logback-classic-1.4.14.jar;C:\Users\Fernanda Jama\.m2\repository\ch\qos\logback\logback-core\1.4.14\logback-core-1.4.14.jar;C:\Users\Fernanda Jama\.m2\repository\org\apache\logging\log4j\log4j-to-slf4j\2.23.1\log4j-to-slf4j-2.23.1.jar;C:\Users\Fernanda Jama\.m2\repository\org\slf4j\jul-to-slf4j\2.0.12\jul-to-slf4j-2.0.12.jar;C:\Users\Fernanda Jama\.m2\repository\jakarta\annotation\jakarta.annotation-api\2.1.1\jakarta.annotation-api-2.1.1.jar;C:\Users\Fernanda Jama\.m2\repository\org\springframework\spring-core\6.1.11\spring-core-6.1.11.jar;C:\Users\Fernanda Jama\.m2\repository\org\springframework\spring-jcl\6.1.11\spring-jcl-6.1.11.jar;C:\Users\Fernanda Jama\.m2\repository\org\yaml\snakeyaml\2.2\snakeyaml-2.2.jar;C:\Users\Fernanda Jama\.m2\repository\com\microsoft\sqlserver\mssql-jdbc\12.4.2.jre11\mssql-jdbc-12.4.2.jre11.jar;C:\Users\Fernanda Jama\.m2\repository\org\projectlombok\lombok\1.18.28\lombok-1.18.28.jar;C:\Users\Fernanda Jama\.m2\repository\org\springframework\boot\spring-boot-starter-data-jpa\3.2.4\spring-boot-starter-data-jpa-3.2.4.jar;C:\Users\Fernanda Jama\.m2\repository\org\springframework\boot\spring-boot-starter-aop\3.2.4\spring-boot-starter-aop-3.2.4.jar;C:\Users\Fernanda Jama\.m2\repository\org\aspectj\aspectjweaver\1.9.21\aspectjweaver-1.9.21.ja
Launcher Type: SUN_STANDARD

[Global flags]
     intx CICompilerCount                          = 4                                         {product} {ergonomic}
     uint ConcGCThreads                            = 2                                         {product} {ergonomic}
     uint G1ConcRefinementThreads                  = 8                                         {product} {ergonomic}
   size_t G1HeapRegionSize                         = 8388608                                   {product} {ergonomic}
    uintx GCDrainStackTargetSize                   = 64                                        {product} {ergonomic}
   size_t InitialHeapSize                          = 671088640                                 {product} {ergonomic}
   size_t MarkStackSize                            = 4194304                                   {product} {ergonomic}
   size_t MaxHeapSize                              = 10687086592                               {product} {ergonomic}
   size_t MaxNewSize                               = 6408896512                                {product} {ergonomic}
   size_t MinHeapDeltaBytes                        = 8388608                                   {product} {ergonomic}
   size_t MinHeapSize                              = 8388608                                   {product} {ergonomic}
    uintx NonNMethodCodeHeapSize                   = 5839372                                {pd product} {ergonomic}
    uintx NonProfiledCodeHeapSize                  = 122909434                              {pd product} {ergonomic}
    uintx ProfiledCodeHeapSize                     = 122909434                              {pd product} {ergonomic}
    uintx ReservedCodeCacheSize                    = 251658240                              {pd product} {ergonomic}
     bool SegmentedCodeCache                       = true                                      {product} {ergonomic}
     bool ShowCodeDetailsInExceptionMessages       = true                                   {manageable} {command line}
   size_t SoftMaxHeapSize                          = 10687086592                            {manageable} {ergonomic}
     bool UseCompressedClassPointers               = true                           {product lp64_product} {ergonomic}
     bool UseCompressedOops                        = true                           {product lp64_product} {ergonomic}
     bool UseG1GC                                  = true                                      {product} {ergonomic}
     bool UseLargePagesIndividualAllocation        = false                                  {pd product} {ergonomic}

Logging:
Log output configuration:
 #0: stdout all=warning uptime,level,tags
 #1: stderr all=off uptime,level,tags

Environment Variables:
JAVA_HOME=C:\\Program Files\\Java\\jdk-17
CLASSPATH=C:\Program Files\SAP\SAP Business One DI API\JCO\LIB\sbowrapper.jar;C:\Program Files\SAP\SAP Business One DI API\JCO\LIB\sboapi.jar
PATH=C:\\Program Files\\Java\\jdk-17\\bin;C:\\Users\\Fernanda Jama\\.trae\\tools\\maven\\latest\\bin;C:\\Users\\Fernanda Jama\\.trae\\tools\\gradle\\latest\\bin;C:\Program Files\Java\jdk-17\bin;C:\Users\Fernanda Jama\.trae\tools\maven\latest\bin;C:\Users\Fernanda Jama\.trae\tools\gradle\latest\bin;C:\Python313\Scripts\;C:\Python313\;C:\Program Files\Microsoft MPI\Bin\;C:\Program Files\Common Files\Oracle\Java\javapath;C:\Windows\system32;C:\Windows;C:\Windows\System32\Wbem;C:\Windows\System32\WindowsPowerShell\v1.0\;C:\Windows\System32\OpenSSH\;C:\Program Files\Microsoft SQL Server\Client SDK\ODBC\170\Tools\Binn\;C:\Program Files (x86)\Microsoft SQL Server\150\Tools\Binn\;C:\Program Files\Microsoft SQL Server\150\Tools\Binn\;C:\Program Files\Microsoft SQL Server\150\DTS\Binn\;C:\Program Files (x86)\Microsoft SQL Server\160\DTS\Binn\;C:\Program Files\nodejs\;C:\ProgramData\chocolatey\bin;C:\Program Files\SAP\SAP Business One DI API\JCO\LIB\;C:\Program Files\SAP\SAP Business One DI API\DI API 90;C:\Program Files\SAP\SAP Business One\;C:\Program Files\apache-maven-3.8.8-bin\apache-maven-3.8.8\bin;C:\Users\Fernanda Jama\AppData\Local\Microsoft\WindowsApps;C:\Users\Fernanda Jama\AppData\Local\GitHubDesktop\bin;C:\Users\Fernanda Jama\AppData\Local\Programs\Microsoft VS Code\bin;C:\Users\Fernanda Jama\AppData\Roaming\npm
USERNAME=Fernanda Jama
LANG=en_US.UTF-8
OS=Windows_NT
PROCESSOR_IDENTIFIER=Intel64 Family 6 Model 140 Stepping 1, GenuineIntel



---------------  S Y S T E M  ---------------

OS:
 Windows 11 , 64 bit Build 26100 (10.0.26100.4484)
OS uptime: 0 days 10:47 hours
Hyper-V role detected

CPU: total 8 (initial active 8) (4 cores per cpu, 2 threads per core) family 6 model 140 stepping 1 microcode 0xb8, cx8, cmov, fxsr, ht, mmx, 3dnowpref, sse, sse2, sse3, ssse3, sse4.1, sse4.2, popcnt, lzcnt, tsc, tscinvbit, avx, avx2, aes, erms, clmul, bmi1, bmi2, adx, avx512f, avx512dq, avx512cd, avx512bw, avx512vl, sha, fma, vzeroupper, avx512_vpopcntdq, avx512_vpclmulqdq, avx512_vaes, avx512_vnni, clflush, clflushopt, clwb, avx512_vbmi2, avx512_vbmi, hv

Memory: 4k page, system-wide physical 40743M (359M free)
TotalPageFile size 101623M (AvailPageFile size 52M)
current process WorkingSet (physical memory assigned to process): 390M, peak: 420M
current process commit charge ("private bytes"): 460M, peak: 827M

vm_info: Java HotSpot(TM) 64-Bit Server VM (17.0.15+9-LTS-241) for windows-amd64 JRE (17.0.15+9-LTS-241), built on Feb 20 2025 10:49:54 by "mach5one" with MS VC++ 17.6 (VS2022)

END.
