#
# There is insufficient memory for the Java Runtime Environment to continue.
# Native memory allocation (mmap) failed to map 1795162112 bytes for G1 virtual space
# Possible reasons:
#   The system is out of physical RAM or swap space
#   The process is running with CompressedOops enabled, and the Java Heap may be blocking the growth of the native heap
# Possible solutions:
#   Reduce memory load on the system
#   Increase physical memory or swap space
#   Check if swap backing store is full
#   Decrease Java heap size (-Xmx/-Xms)
#   Decrease number of Java threads
#   Decrease Java thread stack sizes (-Xss)
#   Set larger code cache with -XX:ReservedCodeCacheSize=
#   JVM is running with Zero Based Compressed Oops mode in which the Java heap is
#     placed in the first 32GB address space. The Java Heap base address is the
#     maximum limit for the native heap growth. Please use -XX:HeapBaseMinAddress
#     to set the Java Heap base and to place the Java Heap above 32GB virtual address.
# This output file may be truncated or incomplete.
#
#  Out of Memory Error (os_windows.cpp:3551), pid=13480, tid=11984
#
# JRE version: Java(TM) SE Runtime Environment (17.0.15+9) (build 17.0.15+9-LTS-241)
# Java VM: Java HotSpot(TM) 64-Bit Server VM (17.0.15+9-LTS-241, mixed mode, sharing, tiered, compressed oops, compressed class ptrs, g1 gc, windows-amd64)
# No core dump will be written. Minidumps are not enabled by default on client versions of Windows
#

---------------  S U M M A R Y ------------

Command Line: -XX:+ShowCodeDetailsInExceptionMessages com.manamer.backend.business.sellout.SelloutApplication

Host: 11th Gen Intel(R) Core(TM) i7-1165G7 @ 2.80GHz, 8 cores, 39G,  Windows 11 , 64 bit Build 26100 (10.0.26100.4768)
Time: Fri Jul 25 17:00:48 2025 Hora est. Pacífico, Sudamérica elapsed time: 60.918677 seconds (0d 0h 1m 0s)

---------------  T H R E A D  ---------------

Current thread (0x000002d7f8f0cd30):  VMThread "VM Thread" [stack: 0x000000f352100000,0x000000f352200000] [id=11984]

Stack: [0x000000f352100000,0x000000f352200000]
Native frames: (J=compiled Java code, j=interpreted, Vv=VM code, C=native code)
V  [jvm.dll+0x67a46a]
V  [jvm.dll+0x7da6ad]
V  [jvm.dll+0x7dbff3]
V  [jvm.dll+0x7dc663]
V  [jvm.dll+0x24523f]
V  [jvm.dll+0x677499]
V  [jvm.dll+0x66c122]
V  [jvm.dll+0x302156]
V  [jvm.dll+0x3096f6]
V  [jvm.dll+0x35a04e]
V  [jvm.dll+0x35a27f]
V  [jvm.dll+0x2d9228]
V  [jvm.dll+0x2d765d]
V  [jvm.dll+0x2d6cac]
V  [jvm.dll+0x31a80b]
V  [jvm.dll+0x7e0f5b]
V  [jvm.dll+0x7e1c94]
V  [jvm.dll+0x7e21ad]
V  [jvm.dll+0x7e2584]
V  [jvm.dll+0x7e2650]
V  [jvm.dll+0x78b0ba]
V  [jvm.dll+0x679355]
C  [ucrtbase.dll+0x37b0]
C  [KERNEL32.DLL+0x2e8d7]
C  [ntdll.dll+0x3c34c]

VM_Operation (0x000000f3550fc3a0): G1CollectForAllocation, mode: safepoint, requested by thread 0x000002d7ffc67700


---------------  P R O C E S S  ---------------

Threads class SMR info:
_java_thread_list=0x000002d801cffc60, length=38, elements={
0x000002d7f8f12f80, 0x000002d7f8f13b30, 0x000002d7f8f24de0, 0x000002d7f8f269a0,
0x000002d7f8f27550, 0x000002d7f8f2a410, 0x000002d7f8f2c0c0, 0x000002d7f8f2ca70,
0x000002d7f8f2fb20, 0x000002d7e42eed90, 0x000002d7e4141c70, 0x000002d7e5515d40,
0x000002d7e4fde470, 0x000002d7e5a514a0, 0x000002d7e5a53ff0, 0x000002d7e5a54e60,
0x000002d7e5a53180, 0x000002d7e5a51970, 0x000002d7ffc65080, 0x000002d7ffc62060,
0x000002d7ffc65ef0, 0x000002d7ffc62a00, 0x000002d7ffc663c0, 0x000002d7ffc66890,
0x000002d7ffc62ed0, 0x000002d7ffc65550, 0x000002d7ffc633a0, 0x000002d7ffc646e0,
0x000002d7ffc65a20, 0x000002d7ffc66d60, 0x000002d7ffc67230, 0x000002d7ffc63870,
0x000002d7ffc67700, 0x000002d7ffc63d40, 0x000002d7ffc67bd0, 0x000002d7ffc64210,
0x000002d7ffc693e0, 0x000002d7ffc698b0
}

Java Threads: ( => current thread )
  0x000002d7f8f12f80 JavaThread "Reference Handler" daemon [_thread_blocked, id=3324, stack(0x000000f352200000,0x000000f352300000)]
  0x000002d7f8f13b30 JavaThread "Finalizer" daemon [_thread_blocked, id=25868, stack(0x000000f352300000,0x000000f352400000)]
  0x000002d7f8f24de0 JavaThread "Signal Dispatcher" daemon [_thread_blocked, id=21488, stack(0x000000f352400000,0x000000f352500000)]
  0x000002d7f8f269a0 JavaThread "Attach Listener" daemon [_thread_blocked, id=18660, stack(0x000000f352500000,0x000000f352600000)]
  0x000002d7f8f27550 JavaThread "Service Thread" daemon [_thread_blocked, id=10648, stack(0x000000f352600000,0x000000f352700000)]
  0x000002d7f8f2a410 JavaThread "Monitor Deflation Thread" daemon [_thread_blocked, id=14956, stack(0x000000f352700000,0x000000f352800000)]
  0x000002d7f8f2c0c0 JavaThread "C2 CompilerThread0" daemon [_thread_blocked, id=17504, stack(0x000000f352800000,0x000000f352900000)]
  0x000002d7f8f2ca70 JavaThread "C1 CompilerThread0" daemon [_thread_blocked, id=4336, stack(0x000000f352900000,0x000000f352a00000)]
  0x000002d7f8f2fb20 JavaThread "Sweeper thread" daemon [_thread_blocked, id=19816, stack(0x000000f352a00000,0x000000f352b00000)]
  0x000002d7e42eed90 JavaThread "Notification Thread" daemon [_thread_blocked, id=12700, stack(0x000000f352b00000,0x000000f352c00000)]
  0x000002d7e4141c70 JavaThread "Common-Cleaner" daemon [_thread_blocked, id=27128, stack(0x000000f352d00000,0x000000f352e00000)]
  0x000002d7e5515d40 JavaThread "Catalina-utility-1" [_thread_blocked, id=18676, stack(0x000000f353a00000,0x000000f353b00000)]
  0x000002d7e4fde470 JavaThread "Catalina-utility-2" [_thread_blocked, id=368, stack(0x000000f353b00000,0x000000f353c00000)]
  0x000002d7e5a514a0 JavaThread "container-0" [_thread_blocked, id=16324, stack(0x000000f353c00000,0x000000f353d00000)]
  0x000002d7e5a53ff0 JavaThread "mssql-jdbc-shared-timer-core-0" daemon [_thread_blocked, id=24732, stack(0x000000f353e00000,0x000000f353f00000)]
  0x000002d7e5a54e60 JavaThread "HikariPool-1 housekeeper" daemon [_thread_blocked, id=27092, stack(0x000000f353f00000,0x000000f354000000)]
  0x000002d7e5a53180 JavaThread "spring.cloud.inetutils" daemon [_thread_blocked, id=20064, stack(0x000000f354000000,0x000000f354100000)]
  0x000002d7e5a51970 JavaThread "File Watcher" daemon [_thread_blocked, id=26604, stack(0x000000f354300000,0x000000f354400000)]
  0x000002d7ffc65080 JavaThread "AsyncResolver-bootstrap-0" daemon [_thread_blocked, id=27016, stack(0x000000f353d00000,0x000000f353e00000)]
  0x000002d7ffc62060 JavaThread "idle-connection-evictor-1" daemon [_thread_blocked, id=16944, stack(0x000000f354500000,0x000000f354600000)]
  0x000002d7ffc65ef0 JavaThread "DiscoveryClient-0" daemon [_thread_blocked, id=16312, stack(0x000000f353600000,0x000000f353700000)]
  0x000002d7ffc62a00 JavaThread "DiscoveryClient-1" daemon [_thread_blocked, id=21928, stack(0x000000f354400000,0x000000f354500000)]
  0x000002d7ffc663c0 JavaThread "DiscoveryClient-InstanceInfoReplicator-0" daemon [_thread_blocked, id=14836, stack(0x000000f354600000,0x000000f354700000)]
  0x000002d7ffc66890 JavaThread "http-nio-8092-exec-1" daemon [_thread_blocked, id=8156, stack(0x000000f354700000,0x000000f354800000)]
  0x000002d7ffc62ed0 JavaThread "http-nio-8092-exec-2" daemon [_thread_blocked, id=3572, stack(0x000000f354800000,0x000000f354900000)]
  0x000002d7ffc65550 JavaThread "http-nio-8092-exec-3" daemon [_thread_blocked, id=18492, stack(0x000000f354900000,0x000000f354a00000)]
  0x000002d7ffc633a0 JavaThread "http-nio-8092-exec-4" daemon [_thread_blocked, id=20372, stack(0x000000f354a00000,0x000000f354b00000)]
  0x000002d7ffc646e0 JavaThread "http-nio-8092-exec-5" daemon [_thread_blocked, id=12332, stack(0x000000f354b00000,0x000000f354c00000)]
  0x000002d7ffc65a20 JavaThread "http-nio-8092-exec-6" daemon [_thread_blocked, id=7832, stack(0x000000f354c00000,0x000000f354d00000)]
  0x000002d7ffc66d60 JavaThread "http-nio-8092-exec-7" daemon [_thread_blocked, id=25956, stack(0x000000f354d00000,0x000000f354e00000)]
  0x000002d7ffc67230 JavaThread "http-nio-8092-exec-8" daemon [_thread_blocked, id=14908, stack(0x000000f354e00000,0x000000f354f00000)]
  0x000002d7ffc63870 JavaThread "http-nio-8092-exec-9" daemon [_thread_blocked, id=26372, stack(0x000000f354f00000,0x000000f355000000)]
  0x000002d7ffc67700 JavaThread "http-nio-8092-exec-10" daemon [_thread_blocked, id=24656, stack(0x000000f355000000,0x000000f355100000)]
  0x000002d7ffc63d40 JavaThread "http-nio-8092-Poller" daemon [_thread_blocked, id=25436, stack(0x000000f355100000,0x000000f355200000)]
  0x000002d7ffc67bd0 JavaThread "http-nio-8092-Acceptor" daemon [_thread_in_native, id=26724, stack(0x000000f355200000,0x000000f355300000)]
  0x000002d7ffc64210 JavaThread "DestroyJavaVM" [_thread_blocked, id=24272, stack(0x000000f351b00000,0x000000f351c00000)]
  0x000002d7ffc693e0 JavaThread "DiscoveryClient-HeartbeatExecutor-0" daemon [_thread_blocked, id=25356, stack(0x000000f355900000,0x000000f355a00000)]
  0x000002d7ffc698b0 JavaThread "DiscoveryClient-CacheRefreshExecutor-0" daemon [_thread_blocked, id=23940, stack(0x000000f355a00000,0x000000f355b00000)]

Other Threads:
=>0x000002d7f8f0cd30 VMThread "VM Thread" [stack: 0x000000f352100000,0x000000f352200000] [id=11984]
  0x000002d7e42f5a90 WatcherThread [stack: 0x000000f352c00000,0x000000f352d00000] [id=4808]
  0x000002d7eb50fc40 GCTaskThread "GC Thread#0" [stack: 0x000000f351c00000,0x000000f351d00000] [id=3428]
  0x000002d7e50c2390 GCTaskThread "GC Thread#1" [stack: 0x000000f352f00000,0x000000f353000000] [id=15484]
  0x000002d7e51163e0 GCTaskThread "GC Thread#2" [stack: 0x000000f353000000,0x000000f353100000] [id=17396]
  0x000002d7e544e530 GCTaskThread "GC Thread#3" [stack: 0x000000f353100000,0x000000f353200000] [id=20812]
  0x000002d7e544e7f0 GCTaskThread "GC Thread#4" [stack: 0x000000f353200000,0x000000f353300000] [id=24856]
  0x000002d7e544eab0 GCTaskThread "GC Thread#5" [stack: 0x000000f353300000,0x000000f353400000] [id=18972]
  0x000002d7e5495fa0 GCTaskThread "GC Thread#6" [stack: 0x000000f353400000,0x000000f353500000] [id=23012]
  0x000002d7e51a4ad0 GCTaskThread "GC Thread#7" [stack: 0x000000f353500000,0x000000f353600000] [id=21116]
  0x000002d7eb51aad0 ConcurrentGCThread "G1 Main Marker" [stack: 0x000000f351d00000,0x000000f351e00000] [id=6768]
  0x000002d7eb51b4e0 ConcurrentGCThread "G1 Conc#0" [stack: 0x000000f351e00000,0x000000f351f00000] [id=8620]
  0x000002d7e6d22820 ConcurrentGCThread "G1 Conc#1" [stack: 0x000000f352e00000,0x000000f352f00000] [id=20584]
  0x000002d7f8e4a040 ConcurrentGCThread "G1 Refine#0" [stack: 0x000000f351f00000,0x000000f352000000] [id=17432]
  0x000002d7e58e5d30 ConcurrentGCThread "G1 Refine#1" [stack: 0x000000f354100000,0x000000f354200000] [id=23836]
  0x000002d7e58e74b0 ConcurrentGCThread "G1 Refine#2" [stack: 0x000000f354200000,0x000000f354300000] [id=6428]
  0x000002d7ff820290 ConcurrentGCThread "G1 Refine#3" [stack: 0x000000f355400000,0x000000f355500000] [id=22652]
  0x000002d7ff81fcb0 ConcurrentGCThread "G1 Refine#4" [stack: 0x000000f353800000,0x000000f353900000] [id=19348]
  0x000002d7ff821140 ConcurrentGCThread "G1 Refine#5" [stack: 0x000000f355300000,0x000000f355400000] [id=25692]
  0x000002d7ff81f0f0 ConcurrentGCThread "G1 Refine#6" [stack: 0x000000f355500000,0x000000f355600000] [id=24836]
  0x000002d7ff821ff0 ConcurrentGCThread "G1 Refine#7" [stack: 0x000000f355600000,0x000000f355700000] [id=24148]
  0x000002d7f8e4c930 ConcurrentGCThread "G1 Service" [stack: 0x000000f352000000,0x000000f352100000] [id=19700]

Threads with active compile tasks:

VM state: at safepoint (normal execution)

VM Mutex/Monitor currently owned by a thread:  ([mutex/lock_event])
[0x000002d7eb463810] Threads_lock - owner thread: 0x000002d7f8f0cd30
[0x000002d7eb4647d0] Heap_lock - owner thread: 0x000002d7ffc67700

Heap address: 0x0000000583000000, size: 10192 MB, Compressed Oops mode: Zero based, Oop shift amount: 3

CDS archive(s) mapped at: [0x000002d7a3000000-0x000002d7a3bd0000-0x000002d7a3bd0000), size 12386304, SharedBaseAddress: 0x000002d7a3000000, ArchiveRelocationMode: 1.
Compressed class space mapped at: 0x000002d7a4000000-0x000002d7e4000000, reserved size: 1073741824
Narrow klass base: 0x000002d7a3000000, Narrow klass shift: 0, Narrow klass range: 0x100000000

GC Precious Log:
 CPUs: 8 total, 8 available
 Memory: 40743M
 Large Page Support: Disabled
 NUMA Support: Disabled
 Compressed Oops: Enabled (Zero based)
 Heap Region Size: 8M
 Heap Min Capacity: 8M
 Heap Initial Capacity: 640M
 Heap Max Capacity: 10192M
 Pre-touch: Disabled
 Parallel Workers: 8
 Concurrent Workers: 2
 Concurrent Refinement Workers: 8
 Periodic GC: Disabled

Heap:
 garbage-first heap   total 1105920K, used 658451K [0x0000000583000000, 0x0000000800000000)
  region size 8192K, 1 young (8192K), 1 survivors (8192K)
 Metaspace       used 99264K, committed 99968K, reserved 1179648K
  class space    used 13440K, committed 13760K, reserved 1048576K

Heap Regions: E=young(eden), S=young(survivor), O=old, HS=humongous(starts), HC=humongous(continues), CS=collection set, F=free, OA=open archive, CA=closed archive, TAMS=top-at-mark-start (previous, next)
|   0|0x0000000583000000, 0x0000000583800000, 0x0000000583800000|100%| O|  |TAMS 0x0000000583800000, 0x0000000583000000| Untracked 
|   1|0x0000000583800000, 0x0000000584000000, 0x0000000584000000|100%| O|  |TAMS 0x0000000584000000, 0x0000000583800000| Untracked 
|   2|0x0000000584000000, 0x0000000584800000, 0x0000000584800000|100%| O|  |TAMS 0x0000000584800000, 0x0000000584000000| Untracked 
|   3|0x0000000584800000, 0x0000000585000000, 0x0000000585000000|100%| O|  |TAMS 0x0000000585000000, 0x0000000584800000| Untracked 
|   4|0x0000000585000000, 0x0000000585800000, 0x0000000585800000|100%| O|  |TAMS 0x0000000585800000, 0x0000000585000000| Untracked 
|   5|0x0000000585800000, 0x0000000586000000, 0x0000000586000000|100%| O|  |TAMS 0x0000000586000000, 0x0000000585800000| Untracked 
|   6|0x0000000586000000, 0x0000000586800000, 0x0000000586800000|100%| O|  |TAMS 0x0000000586800000, 0x0000000586000000| Untracked 
|   7|0x0000000586800000, 0x0000000587000000, 0x0000000587000000|100%| O|  |TAMS 0x0000000587000000, 0x0000000586800000| Untracked 
|   8|0x0000000587000000, 0x0000000587800000, 0x0000000587800000|100%| O|  |TAMS 0x0000000587800000, 0x0000000587000000| Untracked 
|   9|0x0000000587800000, 0x0000000588000000, 0x0000000588000000|100%| O|  |TAMS 0x0000000588000000, 0x0000000587800000| Untracked 
|  10|0x0000000588000000, 0x0000000588800000, 0x0000000588800000|100%| O|  |TAMS 0x0000000588800000, 0x0000000588000000| Untracked 
|  11|0x0000000588800000, 0x0000000589000000, 0x0000000589000000|100%| O|  |TAMS 0x0000000589000000, 0x0000000588800000| Untracked 
|  12|0x0000000589000000, 0x0000000589800000, 0x0000000589800000|100%| O|  |TAMS 0x0000000589800000, 0x0000000589000000| Untracked 
|  13|0x0000000589800000, 0x000000058a000000, 0x000000058a000000|100%|HS|  |TAMS 0x000000058a000000, 0x0000000589800000| Complete 
|  14|0x000000058a000000, 0x000000058a800000, 0x000000058a800000|100%|HC|  |TAMS 0x000000058a800000, 0x000000058a000000| Complete 
|  15|0x000000058a800000, 0x000000058b000000, 0x000000058b000000|100%|HC|  |TAMS 0x000000058b000000, 0x000000058a800000| Complete 
|  16|0x000000058b000000, 0x000000058b800000, 0x000000058b800000|100%|HC|  |TAMS 0x000000058b800000, 0x000000058b000000| Complete 
|  17|0x000000058b800000, 0x000000058c000000, 0x000000058c000000|100%|HC|  |TAMS 0x000000058c000000, 0x000000058b800000| Complete 
|  18|0x000000058c000000, 0x000000058c800000, 0x000000058c800000|100%|HC|  |TAMS 0x000000058c800000, 0x000000058c000000| Complete 
|  19|0x000000058c800000, 0x000000058d000000, 0x000000058d000000|100%| O|  |TAMS 0x000000058d000000, 0x000000058c800000| Untracked 
|  20|0x000000058d000000, 0x000000058d800000, 0x000000058d800000|100%| O|  |TAMS 0x000000058d800000, 0x000000058d000000| Untracked 
|  21|0x000000058d800000, 0x000000058e000000, 0x000000058e000000|100%| O|  |TAMS 0x000000058e000000, 0x000000058d800000| Untracked 
|  22|0x000000058e000000, 0x000000058e800000, 0x000000058e800000|100%| O|  |TAMS 0x000000058e800000, 0x000000058e000000| Untracked 
|  23|0x000000058e800000, 0x000000058f000000, 0x000000058f000000|100%| O|  |TAMS 0x000000058f000000, 0x000000058e800000| Untracked 
|  24|0x000000058f000000, 0x000000058f800000, 0x000000058f800000|100%| O|  |TAMS 0x000000058f800000, 0x000000058f000000| Untracked 
|  25|0x000000058f800000, 0x0000000590000000, 0x0000000590000000|100%| O|  |TAMS 0x0000000590000000, 0x000000058f800000| Untracked 
|  26|0x0000000590000000, 0x0000000590800000, 0x0000000590800000|100%| O|  |TAMS 0x0000000590800000, 0x0000000590000000| Untracked 
|  27|0x0000000590800000, 0x0000000591000000, 0x0000000591000000|100%| O|  |TAMS 0x0000000591000000, 0x0000000590800000| Untracked 
|  28|0x0000000591000000, 0x0000000591800000, 0x0000000591800000|100%| O|  |TAMS 0x0000000591800000, 0x0000000591000000| Untracked 
|  29|0x0000000591800000, 0x0000000592000000, 0x0000000592000000|100%| O|  |TAMS 0x0000000592000000, 0x0000000591800000| Untracked 
|  30|0x0000000592000000, 0x0000000592800000, 0x0000000592800000|100%| O|  |TAMS 0x0000000592800000, 0x0000000592000000| Untracked 
|  31|0x0000000592800000, 0x0000000593000000, 0x0000000593000000|100%| O|  |TAMS 0x0000000593000000, 0x0000000592800000| Untracked 
|  32|0x0000000593000000, 0x0000000593800000, 0x0000000593800000|100%| O|  |TAMS 0x0000000593800000, 0x0000000593000000| Untracked 
|  33|0x0000000593800000, 0x0000000594000000, 0x0000000594000000|100%| O|  |TAMS 0x0000000594000000, 0x0000000593800000| Untracked 
|  34|0x0000000594000000, 0x0000000594800000, 0x0000000594800000|100%| O|  |TAMS 0x0000000594800000, 0x0000000594000000| Untracked 
|  35|0x0000000594800000, 0x0000000595000000, 0x0000000595000000|100%| O|  |TAMS 0x0000000595000000, 0x0000000594800000| Untracked 
|  36|0x0000000595000000, 0x0000000595800000, 0x0000000595800000|100%| O|  |TAMS 0x0000000595800000, 0x0000000595000000| Untracked 
|  37|0x0000000595800000, 0x0000000596000000, 0x0000000596000000|100%| O|  |TAMS 0x0000000596000000, 0x0000000595800000| Untracked 
|  38|0x0000000596000000, 0x0000000596800000, 0x0000000596800000|100%| O|  |TAMS 0x0000000596800000, 0x0000000596000000| Untracked 
|  39|0x0000000596800000, 0x0000000597000000, 0x0000000597000000|100%| O|  |TAMS 0x0000000597000000, 0x0000000596800000| Untracked 
|  40|0x0000000597000000, 0x0000000597800000, 0x0000000597800000|100%| O|  |TAMS 0x0000000597800000, 0x0000000597000000| Untracked 
|  41|0x0000000597800000, 0x0000000598000000, 0x0000000598000000|100%| O|  |TAMS 0x0000000598000000, 0x0000000597800000| Untracked 
|  42|0x0000000598000000, 0x0000000598800000, 0x0000000598800000|100%| O|  |TAMS 0x0000000598800000, 0x0000000598000000| Untracked 
|  43|0x0000000598800000, 0x0000000599000000, 0x0000000599000000|100%| O|  |TAMS 0x0000000599000000, 0x0000000598800000| Untracked 
|  44|0x0000000599000000, 0x0000000599800000, 0x0000000599800000|100%| O|  |TAMS 0x0000000599800000, 0x0000000599000000| Untracked 
|  45|0x0000000599800000, 0x000000059a000000, 0x000000059a000000|100%| O|  |TAMS 0x000000059a000000, 0x0000000599800000| Untracked 
|  46|0x000000059a000000, 0x000000059a800000, 0x000000059a800000|100%| O|  |TAMS 0x000000059a800000, 0x000000059a000000| Untracked 
|  47|0x000000059a800000, 0x000000059b000000, 0x000000059b000000|100%| O|  |TAMS 0x000000059b000000, 0x000000059a800000| Untracked 
|  48|0x000000059b000000, 0x000000059b800000, 0x000000059b800000|100%| O|  |TAMS 0x000000059b800000, 0x000000059b000000| Untracked 
|  49|0x000000059b800000, 0x000000059c000000, 0x000000059c000000|100%| O|  |TAMS 0x000000059c000000, 0x000000059b800000| Untracked 
|  50|0x000000059c000000, 0x000000059c800000, 0x000000059c800000|100%| O|  |TAMS 0x000000059c800000, 0x000000059c000000| Untracked 
|  51|0x000000059c800000, 0x000000059d000000, 0x000000059d000000|100%| O|  |TAMS 0x000000059d000000, 0x000000059c800000| Untracked 
|  52|0x000000059d000000, 0x000000059d800000, 0x000000059d800000|100%| O|  |TAMS 0x000000059d800000, 0x000000059d000000| Untracked 
|  53|0x000000059d800000, 0x000000059e000000, 0x000000059e000000|100%| O|  |TAMS 0x000000059e000000, 0x000000059d800000| Untracked 
|  54|0x000000059e000000, 0x000000059e800000, 0x000000059e800000|100%| O|  |TAMS 0x000000059e800000, 0x000000059e000000| Untracked 
|  55|0x000000059e800000, 0x000000059f000000, 0x000000059f000000|100%| O|  |TAMS 0x000000059f000000, 0x000000059e800000| Untracked 
|  56|0x000000059f000000, 0x000000059f800000, 0x000000059f800000|100%| O|  |TAMS 0x000000059f800000, 0x000000059f000000| Untracked 
|  57|0x000000059f800000, 0x00000005a0000000, 0x00000005a0000000|100%| O|  |TAMS 0x00000005a0000000, 0x000000059f800000| Untracked 
|  58|0x00000005a0000000, 0x00000005a0800000, 0x00000005a0800000|100%| O|  |TAMS 0x00000005a0800000, 0x00000005a0000000| Untracked 
|  59|0x00000005a0800000, 0x00000005a1000000, 0x00000005a1000000|100%| O|  |TAMS 0x00000005a1000000, 0x00000005a0800000| Untracked 
|  60|0x00000005a1000000, 0x00000005a1800000, 0x00000005a1800000|100%| O|  |TAMS 0x00000005a1800000, 0x00000005a1000000| Untracked 
|  61|0x00000005a1800000, 0x00000005a2000000, 0x00000005a2000000|100%| O|  |TAMS 0x00000005a2000000, 0x00000005a1800000| Untracked 
|  62|0x00000005a2000000, 0x00000005a2800000, 0x00000005a2800000|100%| O|  |TAMS 0x00000005a2800000, 0x00000005a2000000| Untracked 
|  63|0x00000005a2800000, 0x00000005a3000000, 0x00000005a3000000|100%| O|  |TAMS 0x00000005a3000000, 0x00000005a2800000| Untracked 
|  64|0x00000005a3000000, 0x00000005a3800000, 0x00000005a3800000|100%| O|  |TAMS 0x00000005a3800000, 0x00000005a3000000| Untracked 
|  65|0x00000005a3800000, 0x00000005a4000000, 0x00000005a4000000|100%| O|  |TAMS 0x00000005a4000000, 0x00000005a3800000| Untracked 
|  66|0x00000005a4000000, 0x00000005a4800000, 0x00000005a4800000|100%| O|  |TAMS 0x00000005a4800000, 0x00000005a4000000| Untracked 
|  67|0x00000005a4800000, 0x00000005a4800000, 0x00000005a5000000|  0%| F|  |TAMS 0x00000005a4800000, 0x00000005a4800000| Untracked 
|  68|0x00000005a5000000, 0x00000005a5800000, 0x00000005a5800000|100%| O|  |TAMS 0x00000005a5800000, 0x00000005a5000000| Untracked 
|  69|0x00000005a5800000, 0x00000005a6000000, 0x00000005a6000000|100%| O|  |TAMS 0x00000005a5800000, 0x00000005a5800000| Untracked 
|  70|0x00000005a6000000, 0x00000005a6800000, 0x00000005a6800000|100%| O|  |TAMS 0x00000005a6000000, 0x00000005a6000000| Untracked 
|  71|0x00000005a6800000, 0x00000005a7000000, 0x00000005a7000000|100%| O|  |TAMS 0x00000005a7000000, 0x00000005a6800000| Untracked 
|  72|0x00000005a7000000, 0x00000005a7800000, 0x00000005a7800000|100%| O|  |TAMS 0x00000005a7800000, 0x00000005a7000000| Untracked 
|  73|0x00000005a7800000, 0x00000005a8000000, 0x00000005a8000000|100%| O|  |TAMS 0x00000005a7800000, 0x00000005a7800000| Untracked 
|  74|0x00000005a8000000, 0x00000005a8800000, 0x00000005a8800000|100%| O|  |TAMS 0x00000005a8000000, 0x00000005a8000000| Untracked 
|  75|0x00000005a8800000, 0x00000005a9000000, 0x00000005a9000000|100%| O|  |TAMS 0x00000005a8800000, 0x00000005a8800000| Untracked 
|  76|0x00000005a9000000, 0x00000005a9800000, 0x00000005a9800000|100%| O|  |TAMS 0x00000005a9000000, 0x00000005a9000000| Untracked 
|  77|0x00000005a9800000, 0x00000005aa000000, 0x00000005aa000000|100%| O|  |TAMS 0x00000005a9800000, 0x00000005a9800000| Untracked 
|  78|0x00000005aa000000, 0x00000005aa800000, 0x00000005aa800000|100%| O|  |TAMS 0x00000005aa000000, 0x00000005aa000000| Untracked 
|  79|0x00000005aa800000, 0x00000005ab000000, 0x00000005ab000000|100%| O|  |TAMS 0x00000005aa800000, 0x00000005aa800000| Untracked 
|  80|0x00000005ab000000, 0x00000005ab304c00, 0x00000005ab800000| 37%| O|  |TAMS 0x00000005ab000000, 0x00000005ab000000| Untracked 
|  81|0x00000005ab800000, 0x00000005ab800000, 0x00000005ac000000|  0%| F|  |TAMS 0x00000005ab800000, 0x00000005ab800000| Untracked 
|  82|0x00000005ac000000, 0x00000005ac000000, 0x00000005ac800000|  0%| F|  |TAMS 0x00000005ac000000, 0x00000005ac000000| Untracked 
|  83|0x00000005ac800000, 0x00000005ac800000, 0x00000005ad000000|  0%| F|  |TAMS 0x00000005ac800000, 0x00000005ac800000| Untracked 
|  84|0x00000005ad000000, 0x00000005ad000000, 0x00000005ad800000|  0%| F|  |TAMS 0x00000005ad000000, 0x00000005ad000000| Untracked 
|  85|0x00000005ad800000, 0x00000005ad800000, 0x00000005ae000000|  0%| F|  |TAMS 0x00000005ad800000, 0x00000005ad800000| Untracked 
|  86|0x00000005ae000000, 0x00000005ae000000, 0x00000005ae800000|  0%| F|  |TAMS 0x00000005ae000000, 0x00000005ae000000| Untracked 
|  87|0x00000005ae800000, 0x00000005ae800000, 0x00000005af000000|  0%| F|  |TAMS 0x00000005ae800000, 0x00000005ae800000| Untracked 
|  88|0x00000005af000000, 0x00000005af000000, 0x00000005af800000|  0%| F|  |TAMS 0x00000005af000000, 0x00000005af000000| Untracked 
|  89|0x00000005af800000, 0x00000005af800000, 0x00000005b0000000|  0%| F|  |TAMS 0x00000005af800000, 0x00000005af800000| Untracked 
|  90|0x00000005b0000000, 0x00000005b0000000, 0x00000005b0800000|  0%| F|  |TAMS 0x00000005b0000000, 0x00000005b0000000| Untracked 
|  91|0x00000005b0800000, 0x00000005b0800000, 0x00000005b1000000|  0%| F|  |TAMS 0x00000005b0800000, 0x00000005b0800000| Untracked 
|  92|0x00000005b1000000, 0x00000005b1000000, 0x00000005b1800000|  0%| F|  |TAMS 0x00000005b1000000, 0x00000005b1000000| Untracked 
|  93|0x00000005b1800000, 0x00000005b1800000, 0x00000005b2000000|  0%| F|  |TAMS 0x00000005b1800000, 0x00000005b1800000| Untracked 
|  94|0x00000005b2000000, 0x00000005b2000000, 0x00000005b2800000|  0%| F|  |TAMS 0x00000005b2000000, 0x00000005b2000000| Untracked 
|  95|0x00000005b2800000, 0x00000005b2800000, 0x00000005b3000000|  0%| F|  |TAMS 0x00000005b2800000, 0x00000005b2800000| Untracked 
|  96|0x00000005b3000000, 0x00000005b3000000, 0x00000005b3800000|  0%| F|  |TAMS 0x00000005b3000000, 0x00000005b3000000| Untracked 
|  97|0x00000005b3800000, 0x00000005b3800000, 0x00000005b4000000|  0%| F|  |TAMS 0x00000005b3800000, 0x00000005b3800000| Untracked 
|  98|0x00000005b4000000, 0x00000005b4000000, 0x00000005b4800000|  0%| F|  |TAMS 0x00000005b4000000, 0x00000005b4000000| Untracked 
|  99|0x00000005b4800000, 0x00000005b4800000, 0x00000005b5000000|  0%| F|  |TAMS 0x00000005b4800000, 0x00000005b4800000| Untracked 
| 100|0x00000005b5000000, 0x00000005b5000000, 0x00000005b5800000|  0%| F|  |TAMS 0x00000005b5000000, 0x00000005b5000000| Untracked 
| 101|0x00000005b5800000, 0x00000005b5800000, 0x00000005b6000000|  0%| F|  |TAMS 0x00000005b5800000, 0x00000005b5800000| Untracked 
| 102|0x00000005b6000000, 0x00000005b6000000, 0x00000005b6800000|  0%| F|  |TAMS 0x00000005b6000000, 0x00000005b6000000| Untracked 
| 103|0x00000005b6800000, 0x00000005b6800000, 0x00000005b7000000|  0%| F|  |TAMS 0x00000005b6800000, 0x00000005b6800000| Untracked 
| 104|0x00000005b7000000, 0x00000005b7000000, 0x00000005b7800000|  0%| F|  |TAMS 0x00000005b7000000, 0x00000005b7000000| Untracked 
| 105|0x00000005b7800000, 0x00000005b7800000, 0x00000005b8000000|  0%| F|  |TAMS 0x00000005b7800000, 0x00000005b7800000| Untracked 
| 106|0x00000005b8000000, 0x00000005b8000000, 0x00000005b8800000|  0%| F|  |TAMS 0x00000005b8000000, 0x00000005b8000000| Untracked 
| 107|0x00000005b8800000, 0x00000005b8800000, 0x00000005b9000000|  0%| F|  |TAMS 0x00000005b8800000, 0x00000005b8800000| Untracked 
| 108|0x00000005b9000000, 0x00000005b9000000, 0x00000005b9800000|  0%| F|  |TAMS 0x00000005b9000000, 0x00000005b9000000| Untracked 
| 109|0x00000005b9800000, 0x00000005b9800000, 0x00000005ba000000|  0%| F|  |TAMS 0x00000005b9800000, 0x00000005b9800000| Untracked 
| 110|0x00000005ba000000, 0x00000005ba000000, 0x00000005ba800000|  0%| F|  |TAMS 0x00000005ba000000, 0x00000005ba000000| Untracked 
| 111|0x00000005ba800000, 0x00000005ba800000, 0x00000005bb000000|  0%| F|  |TAMS 0x00000005ba800000, 0x00000005ba800000| Untracked 
| 112|0x00000005bb000000, 0x00000005bb000000, 0x00000005bb800000|  0%| F|  |TAMS 0x00000005bb000000, 0x00000005bb000000| Untracked 
| 113|0x00000005bb800000, 0x00000005bb800000, 0x00000005bc000000|  0%| F|  |TAMS 0x00000005bb800000, 0x00000005bb800000| Untracked 
| 114|0x00000005bc000000, 0x00000005bc000000, 0x00000005bc800000|  0%| F|  |TAMS 0x00000005bc000000, 0x00000005bc000000| Untracked 
| 115|0x00000005bc800000, 0x00000005bc800000, 0x00000005bd000000|  0%| F|  |TAMS 0x00000005bc800000, 0x00000005bc800000| Untracked 
| 116|0x00000005bd000000, 0x00000005bd000000, 0x00000005bd800000|  0%| F|  |TAMS 0x00000005bd000000, 0x00000005bd000000| Untracked 
| 117|0x00000005bd800000, 0x00000005bd800000, 0x00000005be000000|  0%| F|  |TAMS 0x00000005bd800000, 0x00000005bd800000| Untracked 
| 118|0x00000005be000000, 0x00000005be000000, 0x00000005be800000|  0%| F|  |TAMS 0x00000005be000000, 0x00000005be000000| Untracked 
| 119|0x00000005be800000, 0x00000005be800000, 0x00000005bf000000|  0%| F|  |TAMS 0x00000005be800000, 0x00000005be800000| Untracked 
| 120|0x00000005bf000000, 0x00000005bf000000, 0x00000005bf800000|  0%| F|  |TAMS 0x00000005bf000000, 0x00000005bf000000| Untracked 
| 121|0x00000005bf800000, 0x00000005bf800000, 0x00000005c0000000|  0%| F|  |TAMS 0x00000005bf800000, 0x00000005bf800000| Untracked 
| 122|0x00000005c0000000, 0x00000005c0000000, 0x00000005c0800000|  0%| F|  |TAMS 0x00000005c0000000, 0x00000005c0000000| Untracked 
| 123|0x00000005c0800000, 0x00000005c0800000, 0x00000005c1000000|  0%| F|  |TAMS 0x00000005c0800000, 0x00000005c0800000| Untracked 
| 124|0x00000005c1000000, 0x00000005c1000000, 0x00000005c1800000|  0%| F|  |TAMS 0x00000005c1000000, 0x00000005c1000000| Untracked 
| 125|0x00000005c1800000, 0x00000005c1800000, 0x00000005c2000000|  0%| F|  |TAMS 0x00000005c1800000, 0x00000005c1800000| Untracked 
| 126|0x00000005c2000000, 0x00000005c2000000, 0x00000005c2800000|  0%| F|  |TAMS 0x00000005c2000000, 0x00000005c2000000| Untracked 
| 127|0x00000005c2800000, 0x00000005c2800000, 0x00000005c3000000|  0%| F|  |TAMS 0x00000005c2800000, 0x00000005c2800000| Untracked 
| 128|0x00000005c3000000, 0x00000005c3000000, 0x00000005c3800000|  0%| F|  |TAMS 0x00000005c3000000, 0x00000005c3000000| Untracked 
| 129|0x00000005c3800000, 0x00000005c3800000, 0x00000005c4000000|  0%| F|  |TAMS 0x00000005c3800000, 0x00000005c3800000| Untracked 
| 130|0x00000005c4000000, 0x00000005c4800000, 0x00000005c4800000|100%| S|CS|TAMS 0x00000005c4000000, 0x00000005c4000000| Complete 
| 131|0x00000005c4800000, 0x00000005c4800000, 0x00000005c5000000|  0%| F|  |TAMS 0x00000005c4800000, 0x00000005c4800000| Untracked 
| 132|0x00000005c5000000, 0x00000005c5000000, 0x00000005c5800000|  0%| F|  |TAMS 0x00000005c5000000, 0x00000005c5000000| Untracked 
| 133|0x00000005c5800000, 0x00000005c5800000, 0x00000005c6000000|  0%| F|  |TAMS 0x00000005c5800000, 0x00000005c5800000| Untracked 
| 134|0x00000005c6000000, 0x00000005c6000000, 0x00000005c6800000|  0%| F|  |TAMS 0x00000005c6000000, 0x00000005c6000000| Untracked 

Card table byte_map: [0x000002d7f4460000,0x000002d7f5850000] _byte_map_base: 0x000002d7f1848000

Marking Bits (Prev, Next): (CMBitMap*) 0x000002d7eb510260, (CMBitMap*) 0x000002d7eb5102a0
 Prev Bits: [0x000002d78f000000, 0x000002d798f40000)
 Next Bits: [0x000002d798f40000, 0x000002d7a2e80000)

Polling page: 0x000002d7e95c0000

Metaspace:

Usage:
  Non-class:     83.81 MB used.
      Class:     13.13 MB used.
       Both:     96.94 MB used.

Virtual space:
  Non-class space:      128.00 MB reserved,      84.19 MB ( 66%) committed,  2 nodes.
      Class space:        1.00 GB reserved,      13.44 MB (  1%) committed,  1 nodes.
             Both:        1.12 GB reserved,      97.62 MB (  8%) committed. 

Chunk freelists:
   Non-Class:  11.03 MB
       Class:  2.61 MB
        Both:  13.64 MB

MaxMetaspaceSize: unlimited
CompressedClassSpaceSize: 1.00 GB
Initial GC threshold: 21.00 MB
Current GC threshold: 162.75 MB
CDS: on
MetaspaceReclaimPolicy: balanced
 - commit_granule_bytes: 65536.
 - commit_granule_words: 8192.
 - virtual_space_node_default_size: 8388608.
 - enlarge_chunks_in_place: 1.
 - new_chunks_are_fully_committed: 0.
 - uncommit_free_chunks: 1.
 - use_allocation_guard: 0.
 - handle_deallocations: 1.


Internal statistics:

num_allocs_failed_limit: 9.
num_arena_births: 982.
num_arena_deaths: 2.
num_vsnodes_births: 3.
num_vsnodes_deaths: 0.
num_space_committed: 1562.
num_space_uncommitted: 0.
num_chunks_returned_to_freelist: 12.
num_chunks_taken_from_freelist: 4509.
num_chunk_merges: 6.
num_chunk_splits: 3280.
num_chunks_enlarged: 2563.
num_inconsistent_stats: 0.

CodeHeap 'non-profiled nmethods': size=120000Kb used=8126Kb max_used=8126Kb free=111874Kb
 bounds [0x000002d787ad0000, 0x000002d7882c0000, 0x000002d78f000000]
CodeHeap 'profiled nmethods': size=120000Kb used=16888Kb max_used=16888Kb free=103112Kb
 bounds [0x000002d780000000, 0x000002d781090000, 0x000002d787530000]
CodeHeap 'non-nmethods': size=5760Kb used=1432Kb max_used=1479Kb free=4327Kb
 bounds [0x000002d787530000, 0x000002d7877a0000, 0x000002d787ad0000]
 total_blobs=9571 nmethods=8802 adapters=680
 compilation: enabled
              stopped_count=0, restarted_count=0
 full_count=0

Compilation events (20 events):
Event: 58.289 Thread 0x000002d7e6f5b8e0 10588       4       org.apache.xmlbeans.impl.store.Xobj::hasChildren (23 bytes)
Event: 58.293 Thread 0x000002d7e6f5b8e0 nmethod 10588 0x000002d7882b4e90 code [0x000002d7882b5000, 0x000002d7882b5098]
Event: 58.293 Thread 0x000002d7e6f5b8e0 10591       4       java.lang.AbstractStringBuilder::append (33 bytes)
Event: 58.318 Thread 0x000002d7e6f5b8e0 nmethod 10591 0x000002d7882b5190 code [0x000002d7882b5320, 0x000002d7882b5bd8]
Event: 58.318 Thread 0x000002d7e6f5b8e0 10592       4       org.apache.xmlbeans.impl.store.Locale::getScrubBuffer (51 bytes)
Event: 58.339 Thread 0x000002d7e6f5b8e0 nmethod 10592 0x000002d7882b6010 code [0x000002d7882b61e0, 0x000002d7882b67d0]
Event: 58.339 Thread 0x000002d7e6f5b8e0 10593       4       org.apache.xmlbeans.impl.store.Locale$ScrubBuffer::getResultAsString (8 bytes)
Event: 58.342 Thread 0x000002d7e6f5a9b0 nmethod 10590 0x000002d7882b6d90 code [0x000002d7882b6f60, 0x000002d7882b8328]
Event: 58.355 Thread 0x000002d7e6f5b8e0 nmethod 10593 0x000002d7882b8b10 code [0x000002d7882b8ca0, 0x000002d7882b94f8]
Event: 58.517 Thread 0x000002d7f8f2c0c0 nmethod 10587 0x000002d7882b9710 code [0x000002d7882b9a20, 0x000002d7882bcb50]
Event: 58.547 Thread 0x000002d7f8f2ca70 10596       3       java.lang.management.MemoryUsage::<init> (170 bytes)
Event: 58.548 Thread 0x000002d7f8f2c0c0 10599 %     4       org.apache.poi.xssf.usermodel.XSSFSheet::initRows @ 93 (148 bytes)
Event: 58.554 Thread 0x000002d7f8f2ca70 nmethod 10596 0x000002d78107bd90 code [0x000002d78107c020, 0x000002d78107ca78]
Event: 58.555 Thread 0x000002d7f8f2ca70 10597       3       sun.management.MappedMXBeanType$BasicMXBeanType::toOpenTypeData (2 bytes)
Event: 58.555 Thread 0x000002d7f8f2ca70 nmethod 10597 0x000002d78107cf10 code [0x000002d78107d0a0, 0x000002d78107d1b8]
Event: 58.555 Thread 0x000002d7f8f2ca70 10598   !   3       sun.management.MappedMXBeanType$CompositeDataMXBeanType::toOpenTypeData (225 bytes)
Event: 58.561 Thread 0x000002d7f8f2ca70 nmethod 10598 0x000002d78107d290 code [0x000002d78107d760, 0x000002d781080058]
Event: 58.567 Thread 0x000002d7f8f2c0c0 nmethod 10599% 0x000002d7882be410 code [0x000002d7882be5c0, 0x000002d7882be968]
Event: 58.567 Thread 0x000002d7f8f2c0c0 10600       4       org.apache.xmlbeans.impl.store.CharUtil::getChars (124 bytes)
Event: 58.580 Thread 0x000002d7f8f2c0c0 nmethod 10600 0x000002d7882bec90 code [0x000002d7882bee40, 0x000002d7882bf3e8]

GC Heap History (20 events):
Event: 48.054 GC heap after
{Heap after GC invocations=25 (full 0):
 garbage-first heap   total 286720K, used 183395K [0x0000000583000000, 0x0000000800000000)
  region size 8192K, 2 young (16384K), 2 survivors (16384K)
 Metaspace       used 99137K, committed 99776K, reserved 1179648K
  class space    used 13435K, committed 13760K, reserved 1048576K
}
Event: 48.434 GC heap before
{Heap before GC invocations=26 (full 0):
 garbage-first heap   total 344064K, used 207971K [0x0000000583000000, 0x0000000800000000)
  region size 8192K, 5 young (40960K), 2 survivors (16384K)
 Metaspace       used 99137K, committed 99776K, reserved 1179648K
  class space    used 13435K, committed 13760K, reserved 1048576K
}
Event: 48.471 GC heap after
{Heap after GC invocations=27 (full 0):
 garbage-first heap   total 344064K, used 206483K [0x0000000583000000, 0x0000000800000000)
  region size 8192K, 1 young (8192K), 1 survivors (8192K)
 Metaspace       used 99137K, committed 99776K, reserved 1179648K
  class space    used 13435K, committed 13760K, reserved 1048576K
}
Event: 48.627 GC heap before
{Heap before GC invocations=27 (full 0):
 garbage-first heap   total 344064K, used 231059K [0x0000000583000000, 0x0000000800000000)
  region size 8192K, 4 young (32768K), 1 survivors (8192K)
 Metaspace       used 99137K, committed 99776K, reserved 1179648K
  class space    used 13435K, committed 13760K, reserved 1048576K
}
Event: 48.664 GC heap after
{Heap after GC invocations=28 (full 0):
 garbage-first heap   total 344064K, used 227746K [0x0000000583000000, 0x0000000800000000)
  region size 8192K, 1 young (8192K), 1 survivors (8192K)
 Metaspace       used 99137K, committed 99776K, reserved 1179648K
  class space    used 13435K, committed 13760K, reserved 1048576K
}
Event: 49.013 GC heap before
{Heap before GC invocations=28 (full 0):
 garbage-first heap   total 409600K, used 244130K [0x0000000583000000, 0x0000000800000000)
  region size 8192K, 3 young (24576K), 1 survivors (8192K)
 Metaspace       used 99141K, committed 99776K, reserved 1179648K
  class space    used 13435K, committed 13760K, reserved 1048576K
}
Event: 49.053 GC heap after
{Heap after GC invocations=29 (full 0):
 garbage-first heap   total 892928K, used 243142K [0x0000000583000000, 0x0000000800000000)
  region size 8192K, 1 young (8192K), 1 survivors (8192K)
 Metaspace       used 99141K, committed 99776K, reserved 1179648K
  class space    used 13435K, committed 13760K, reserved 1048576K
}
Event: 50.995 GC heap before
{Heap before GC invocations=30 (full 0):
 garbage-first heap   total 892928K, used 456134K [0x0000000583000000, 0x0000000800000000)
  region size 8192K, 27 young (221184K), 1 survivors (8192K)
 Metaspace       used 99143K, committed 99776K, reserved 1179648K
  class space    used 13435K, committed 13760K, reserved 1048576K
}
Event: 51.328 GC heap after
{Heap after GC invocations=31 (full 0):
 garbage-first heap   total 892928K, used 408345K [0x0000000583000000, 0x0000000800000000)
  region size 8192K, 4 young (32768K), 4 survivors (32768K)
 Metaspace       used 99143K, committed 99776K, reserved 1179648K
  class space    used 13435K, committed 13760K, reserved 1048576K
}
Event: 52.513 GC heap before
{Heap before GC invocations=31 (full 0):
 garbage-first heap   total 892928K, used 539417K [0x0000000583000000, 0x0000000800000000)
  region size 8192K, 20 young (163840K), 4 survivors (32768K)
 Metaspace       used 99144K, committed 99776K, reserved 1179648K
  class space    used 13435K, committed 13760K, reserved 1048576K
}
Event: 52.748 GC heap after
{Heap after GC invocations=32 (full 0):
 garbage-first heap   total 892928K, used 515868K [0x0000000583000000, 0x0000000800000000)
  region size 8192K, 3 young (24576K), 3 survivors (24576K)
 Metaspace       used 99144K, committed 99776K, reserved 1179648K
  class space    used 13435K, committed 13760K, reserved 1048576K
}
Event: 53.538 GC heap before
{Heap before GC invocations=32 (full 0):
 garbage-first heap   total 892928K, used 565020K [0x0000000583000000, 0x0000000800000000)
  region size 8192K, 11 young (90112K), 3 survivors (24576K)
 Metaspace       used 99148K, committed 99840K, reserved 1179648K
  class space    used 13435K, committed 13760K, reserved 1048576K
}
Event: 53.692 GC heap after
{Heap after GC invocations=33 (full 0):
 garbage-first heap   total 892928K, used 576110K [0x0000000583000000, 0x0000000800000000)
  region size 8192K, 2 young (16384K), 2 survivors (16384K)
 Metaspace       used 99148K, committed 99840K, reserved 1179648K
  class space    used 13435K, committed 13760K, reserved 1048576K
}
Event: 55.365 GC heap before
{Heap before GC invocations=34 (full 0):
 garbage-first heap   total 1056768K, used 649838K [0x0000000583000000, 0x0000000800000000)
  region size 8192K, 10 young (81920K), 2 survivors (16384K)
 Metaspace       used 99180K, committed 99840K, reserved 1179648K
  class space    used 13436K, committed 13760K, reserved 1048576K
}
Event: 55.496 GC heap after
{Heap after GC invocations=35 (full 0):
 garbage-first heap   total 1056768K, used 614400K [0x0000000583000000, 0x0000000800000000)
  region size 8192K, 2 young (16384K), 2 survivors (16384K)
 Metaspace       used 99180K, committed 99840K, reserved 1179648K
  class space    used 13436K, committed 13760K, reserved 1048576K
}
Event: 56.464 GC heap before
{Heap before GC invocations=35 (full 0):
 garbage-first heap   total 1056768K, used 688128K [0x0000000583000000, 0x0000000800000000)
  region size 8192K, 11 young (90112K), 2 survivors (16384K)
 Metaspace       used 99256K, committed 99968K, reserved 1179648K
  class space    used 13440K, committed 13760K, reserved 1048576K
}
Event: 56.579 GC heap after
{Heap after GC invocations=36 (full 0):
 garbage-first heap   total 1056768K, used 635162K [0x0000000583000000, 0x0000000800000000)
  region size 8192K, 2 young (16384K), 2 survivors (16384K)
 Metaspace       used 99256K, committed 99968K, reserved 1179648K
  class space    used 13440K, committed 13760K, reserved 1048576K
}
Event: 58.407 GC heap before
{Heap before GC invocations=37 (full 0):
 garbage-first heap   total 1105920K, used 700698K [0x0000000583000000, 0x0000000800000000)
  region size 8192K, 12 young (98304K), 2 survivors (16384K)
 Metaspace       used 99259K, committed 99968K, reserved 1179648K
  class space    used 13440K, committed 13760K, reserved 1048576K
}
Event: 58.516 GC heap after
{Heap after GC invocations=38 (full 0):
 garbage-first heap   total 1105920K, used 648051K [0x0000000583000000, 0x0000000800000000)
  region size 8192K, 2 young (16384K), 2 survivors (16384K)
 Metaspace       used 99259K, committed 99968K, reserved 1179648K
  class space    used 13440K, committed 13760K, reserved 1048576K
}
Event: 58.753 GC heap before
{Heap before GC invocations=38 (full 0):
 garbage-first heap   total 1105920K, used 680819K [0x0000000583000000, 0x0000000800000000)
  region size 8192K, 6 young (49152K), 2 survivors (16384K)
 Metaspace       used 99264K, committed 99968K, reserved 1179648K
  class space    used 13440K, committed 13760K, reserved 1048576K
}

Deoptimization events (20 events):
Event: 58.012 Thread 0x000002d7ffc67700 DEOPT PACKING pc=0x000002d78820c934 sp=0x000000f3550fc4a0
Event: 58.012 Thread 0x000002d7ffc67700 DEOPT UNPACKING pc=0x000002d787585ba3 sp=0x000000f3550fc478 mode 2
Event: 58.164 Thread 0x000002d7ffc67700 Uncommon trap: trap_request=0xffffffde fr.pc=0x000002d78826a034 relative=0x0000000000002014
Event: 58.164 Thread 0x000002d7ffc67700 Uncommon trap: reason=class_check action=maybe_recompile pc=0x000002d78826a034 method=org.apache.xmlbeans.impl.store.Locale$ScrubBuffer.scrub(Ljava/lang/Object;II)V @ 25 c2
Event: 58.164 Thread 0x000002d7ffc67700 DEOPT PACKING pc=0x000002d78826a034 sp=0x000000f3550fc5b0
Event: 58.164 Thread 0x000002d7ffc67700 DEOPT UNPACKING pc=0x000002d787585ba3 sp=0x000000f3550fc508 mode 2
Event: 58.164 Thread 0x000002d7ffc67700 Uncommon trap: trap_request=0xffffffde fr.pc=0x000002d78820c934 relative=0x0000000000000514
Event: 58.164 Thread 0x000002d7ffc67700 Uncommon trap: reason=class_check action=maybe_recompile pc=0x000002d78820c934 method=org.apache.xmlbeans.impl.store.CharUtil.getChars([CILjava/lang/Object;II)V @ 88 c2
Event: 58.164 Thread 0x000002d7ffc67700 DEOPT PACKING pc=0x000002d78820c934 sp=0x000000f3550fc4a0
Event: 58.164 Thread 0x000002d7ffc67700 DEOPT UNPACKING pc=0x000002d787585ba3 sp=0x000000f3550fc478 mode 2
Event: 58.179 Thread 0x000002d7ffc67700 Uncommon trap: trap_request=0xffffffde fr.pc=0x000002d78826a034 relative=0x0000000000002014
Event: 58.179 Thread 0x000002d7ffc67700 Uncommon trap: reason=class_check action=maybe_recompile pc=0x000002d78826a034 method=org.apache.xmlbeans.impl.store.Locale$ScrubBuffer.scrub(Ljava/lang/Object;II)V @ 25 c2
Event: 58.179 Thread 0x000002d7ffc67700 DEOPT PACKING pc=0x000002d78826a034 sp=0x000000f3550fc5b0
Event: 58.179 Thread 0x000002d7ffc67700 DEOPT UNPACKING pc=0x000002d787585ba3 sp=0x000000f3550fc508 mode 2
Event: 58.179 Thread 0x000002d7ffc67700 Uncommon trap: trap_request=0xffffffde fr.pc=0x000002d78820c934 relative=0x0000000000000514
Event: 58.179 Thread 0x000002d7ffc67700 Uncommon trap: reason=class_check action=maybe_recompile pc=0x000002d78820c934 method=org.apache.xmlbeans.impl.store.CharUtil.getChars([CILjava/lang/Object;II)V @ 88 c2
Event: 58.179 Thread 0x000002d7ffc67700 DEOPT PACKING pc=0x000002d78820c934 sp=0x000000f3550fc4a0
Event: 58.179 Thread 0x000002d7ffc67700 DEOPT UNPACKING pc=0x000002d787585ba3 sp=0x000000f3550fc478 mode 2
Event: 58.593 Thread 0x000002d7ffc67700 DEOPT PACKING pc=0x000002d78107603a sp=0x000000f3550fc690
Event: 58.593 Thread 0x000002d7ffc67700 DEOPT UNPACKING pc=0x000002d7875866e3 sp=0x000000f3550fbc78 mode 0

Classes unloaded (1 events):
Event: 42.649 Thread 0x000002d7f8f0cd30 Unloading class 0x000002d7a4a18000 'jdk/internal/reflect/GeneratedSerializationConstructorAccessor3'

Classes redefined (0 events):
No events

Internal exceptions (20 events):
Event: 24.654 Thread 0x000002d7e4bf8630 Exception <a 'java/lang/NoSuchMethodError'{0x00000005aab943e8}: 'java.lang.Object java.lang.invoke.DirectMethodHandle$Holder.newInvokeSpecial(java.lang.Object, java.lang.Object, int, java.lang.Object, java.lang.Object)'> (0x00000005aab943e8) 
thrown [s\open\src\hotspot\share\interpreter\linkResolver.cpp, line 759]
Event: 24.761 Thread 0x000002d7e4bf8630 Exception <a 'java/lang/IncompatibleClassChangeError'{0x00000005aae28d10}: Found class java.lang.Object, but interface was expected> (0x00000005aae28d10) 
thrown [s\open\src\hotspot\share\interpreter\linkResolver.cpp, line 826]
Event: 24.794 Thread 0x000002d7e4bf8630 Implicit null exception at 0x000002d787c69b13 to 0x000002d787c6a2e8
Event: 34.492 Thread 0x000002d7ffc65550 Exception <a 'java/lang/NoSuchMethodError'{0x00000005889439d8}: 'java.lang.Object java.lang.invoke.DirectMethodHandle$Holder.invokeSpecial(java.lang.Object, java.lang.Object, java.lang.Object, java.lang.Object, java.lang.Object, long)'> (0x00000005889439d8) 
thrown [s\open\src\hotspot\share\interpreter\linkResolver.cpp, line 759]
Event: 34.493 Thread 0x000002d7ffc65550 Exception <a 'java/lang/NoSuchMethodError'{0x00000005889473d0}: 'java.lang.Object java.lang.invoke.Invokers$Holder.linkToTargetMethod(java.lang.Object, java.lang.Object, java.lang.Object, long, java.lang.Object)'> (0x00000005889473d0) 
thrown [s\open\src\hotspot\share\interpreter\linkResolver.cpp, line 759]
Event: 34.894 Thread 0x000002d7ffc65550 Exception <a 'java/lang/NoSuchMethodError'{0x00000005aa8b0eb8}: 'java.lang.Object java.lang.invoke.DirectMethodHandle$Holder.invokeInterface(java.lang.Object, java.lang.Object, java.lang.Object, java.lang.Object)'> (0x00000005aa8b0eb8) 
thrown [s\open\src\hotspot\share\interpreter\linkResolver.cpp, line 759]
Event: 35.327 Thread 0x000002d7ffc65550 Exception <a 'java/lang/NoSuchMethodError'{0x00000005aaee5d28}: 'void java.lang.invoke.DirectMethodHandle$Holder.invokeSpecialIFC(java.lang.Object, java.lang.Object, int, java.lang.Object, java.lang.Object, java.lang.Object, java.lang.Object)'> (0x00000005aaee5d28) 
thrown [s\open\src\hotspot\share\interpreter\linkResolver.cpp, line 759]
Event: 35.563 Thread 0x000002d7ffc65550 Exception <a 'java/lang/IncompatibleClassChangeError'{0x00000005a6004948}: Found class java.lang.Object, but interface was expected> (0x00000005a6004948) 
thrown [s\open\src\hotspot\share\interpreter\linkResolver.cpp, line 826]
Event: 35.597 Thread 0x000002d7ffc65550 Exception <a 'java/lang/NoSuchMethodError'{0x00000005a60259c8}: 'java.lang.Object java.lang.invoke.DirectMethodHandle$Holder.newInvokeSpecial(java.lang.Object, java.lang.Object, java.lang.Object, long)'> (0x00000005a60259c8) 
thrown [s\open\src\hotspot\share\interpreter\linkResolver.cpp, line 759]
Event: 35.598 Thread 0x000002d7ffc65550 Exception <a 'java/lang/NoSuchMethodError'{0x00000005a602a1c8}: 'java.lang.Object java.lang.invoke.DirectMethodHandle$Holder.invokeSpecial(java.lang.Object, java.lang.Object, java.lang.Object, java.lang.Object, long)'> (0x00000005a602a1c8) 
thrown [s\open\src\hotspot\share\interpreter\linkResolver.cpp, line 759]
Event: 35.598 Thread 0x000002d7ffc65550 Exception <a 'java/lang/NoSuchMethodError'{0x00000005a602e0b0}: 'java.lang.Object java.lang.invoke.Invokers$Holder.linkToTargetMethod(java.lang.Object, java.lang.Object, long, java.lang.Object)'> (0x00000005a602e0b0) 
thrown [s\open\src\hotspot\share\interpreter\linkResolver.cpp, line 759]
Event: 41.498 Thread 0x000002d7ffc67700 Exception <a 'java/lang/IncompatibleClassChangeError'{0x00000005a65c71f8}: Found class java.lang.Object, but interface was expected> (0x00000005a65c71f8) 
thrown [s\open\src\hotspot\share\interpreter\linkResolver.cpp, line 826]
Event: 42.879 Thread 0x000002d7ffc67700 Exception <a 'java/lang/NoSuchMethodError'{0x00000005aa8d5670}: 'void java.lang.invoke.DirectMethodHandle$Holder.invokeStatic(java.lang.Object, java.lang.Object, java.lang.Object, int)'> (0x00000005aa8d5670) 
thrown [s\open\src\hotspot\share\interpreter\linkResolver.cpp, line 759]
Event: 42.879 Thread 0x000002d7ffc67700 Exception <a 'java/lang/NoSuchMethodError'{0x00000005aa8d92e8}: 'void java.lang.invoke.DirectMethodHandle$Holder.invokeStaticInit(java.lang.Object, java.lang.Object, java.lang.Object, int)'> (0x00000005aa8d92e8) 
thrown [s\open\src\hotspot\share\interpreter\linkResolver.cpp, line 759]
Event: 43.279 Thread 0x000002d7ffc67700 Exception <a 'java/lang/NoSuchMethodError'{0x00000005aab8a530}: 'java.lang.Object java.lang.invoke.DirectMethodHandle$Holder.invokeStatic(java.lang.Object, java.lang.Object, int, int)'> (0x00000005aab8a530) 
thrown [s\open\src\hotspot\share\interpreter\linkResolver.cpp, line 759]
Event: 43.279 Thread 0x000002d7ffc67700 Exception <a 'java/lang/NoSuchMethodError'{0x00000005aab8e450}: 'java.lang.Object java.lang.invoke.DirectMethodHandle$Holder.invokeStaticInit(java.lang.Object, java.lang.Object, int, int)'> (0x00000005aab8e450) 
thrown [s\open\src\hotspot\share\interpreter\linkResolver.cpp, line 759]
Event: 45.752 Thread 0x000002d7ffc67700 Implicit null exception at 0x000002d787dcd332 to 0x000002d787dcd9bd
Event: 46.211 Thread 0x000002d7ffc67700 Exception <a 'java/lang/NoSuchMethodError'{0x000000058fc94b78}: 'java.lang.Object java.lang.invoke.DirectMethodHandle$Holder.invokeVirtual(java.lang.Object, java.lang.Object, int)'> (0x000000058fc94b78) 
thrown [s\open\src\hotspot\share\interpreter\linkResolver.cpp, line 759]
Event: 46.214 Thread 0x000002d7ffc67700 Exception <a 'java/lang/NoSuchMethodError'{0x000000058fc9c088}: 'void java.lang.invoke.DirectMethodHandle$Holder.invokeVirtual(java.lang.Object, java.lang.Object, int, java.lang.Object)'> (0x000000058fc9c088) 
thrown [s\open\src\hotspot\share\interpreter\linkResolver.cpp, line 759]
Event: 54.147 Thread 0x000002d7ffc67700 Implicit null exception at 0x000002d788241881 to 0x000002d78824226c

VM Operations (20 events):
Event: 51.328 Executing VM operation: G1CollectForAllocation done
Event: 52.513 Executing VM operation: G1CollectForAllocation
Event: 52.748 Executing VM operation: G1CollectForAllocation done
Event: 53.538 Executing VM operation: G1TryInitiateConcMark
Event: 53.693 Executing VM operation: G1TryInitiateConcMark done
Event: 54.576 Executing VM operation: G1Concurrent
Event: 54.595 Executing VM operation: G1Concurrent done
Event: 55.062 Executing VM operation: G1Concurrent
Event: 55.062 Executing VM operation: G1Concurrent done
Event: 55.365 Executing VM operation: G1CollectForAllocation
Event: 55.496 Executing VM operation: G1CollectForAllocation done
Event: 56.464 Executing VM operation: G1CollectForAllocation
Event: 56.579 Executing VM operation: G1CollectForAllocation done
Event: 57.562 Executing VM operation: G1Concurrent
Event: 57.577 Executing VM operation: G1Concurrent done
Event: 58.110 Executing VM operation: G1Concurrent
Event: 58.111 Executing VM operation: G1Concurrent done
Event: 58.407 Executing VM operation: G1CollectForAllocation
Event: 58.517 Executing VM operation: G1CollectForAllocation done
Event: 58.753 Executing VM operation: G1CollectForAllocation

Events (20 events):
Event: 46.281 loading class java/util/TreeMap$NavigableSubMap
Event: 46.281 loading class java/util/TreeMap$NavigableSubMap done
Event: 46.281 loading class java/util/TreeMap$AscendingSubMap done
Event: 46.281 loading class java/util/TreeMap$NavigableSubMap$SubMapKeyIterator
Event: 46.282 loading class java/util/TreeMap$NavigableSubMap$SubMapIterator
Event: 46.282 loading class java/util/TreeMap$NavigableSubMap$SubMapIterator done
Event: 46.282 loading class java/util/TreeMap$NavigableSubMap$SubMapKeyIterator done
Event: 47.015 Thread 0x000002d7f8f2fb20 flushing nmethod 0x000002d780460710
Event: 48.079 Thread 0x000002d7e6f5aec0 Thread exited: 0x000002d7e6f5aec0
Event: 48.079 Thread 0x000002d7e6f5a9b0 Thread exited: 0x000002d7e6f5a9b0
Event: 54.615 Thread 0x000002d7e6f5a9b0 Thread added: 0x000002d7e6f5a9b0
Event: 54.701 Thread 0x000002d7e6f5b3d0 Thread added: 0x000002d7e6f5b3d0
Event: 55.776 Thread 0x000002d7ffc693e0 Thread added: 0x000002d7ffc693e0
Event: 55.778 Thread 0x000002d7ffc698b0 Thread added: 0x000002d7ffc698b0
Event: 58.027 Thread 0x000002d7e6f5b3d0 Thread exited: 0x000002d7e6f5b3d0
Event: 58.180 Thread 0x000002d7e6f5a9b0 Thread exited: 0x000002d7e6f5a9b0
Event: 58.273 Thread 0x000002d7e6f5b8e0 Thread added: 0x000002d7e6f5b8e0
Event: 58.273 Thread 0x000002d7e6f5a9b0 Thread added: 0x000002d7e6f5a9b0
Event: 58.547 Thread 0x000002d7e6f5a9b0 Thread exited: 0x000002d7e6f5a9b0
Event: 58.548 Thread 0x000002d7e6f5b8e0 Thread exited: 0x000002d7e6f5b8e0


Dynamic libraries:
0x00007ff757b50000 - 0x00007ff757b60000 	C:\Program Files\Java\jdk-17\bin\java.exe
0x00007ff9d5040000 - 0x00007ff9d52a7000 	C:\Windows\SYSTEM32\ntdll.dll
0x00007ff9d4420000 - 0x00007ff9d44e9000 	C:\Windows\System32\KERNEL32.DLL
0x00007ff9d27d0000 - 0x00007ff9d2bc0000 	C:\Windows\System32\KERNELBASE.dll
0x00007ff9d2c80000 - 0x00007ff9d2dcb000 	C:\Windows\System32\ucrtbase.dll
0x00007ff9add60000 - 0x00007ff9add79000 	C:\Program Files\Java\jdk-17\bin\jli.dll
0x00007ff9d4990000 - 0x00007ff9d4a44000 	C:\Windows\System32\ADVAPI32.dll
0x00007ff9d3270000 - 0x00007ff9d3319000 	C:\Windows\System32\msvcrt.dll
0x00007ff9d45d0000 - 0x00007ff9d4676000 	C:\Windows\System32\sechost.dll
0x00007ff9d4870000 - 0x00007ff9d4988000 	C:\Windows\System32\RPCRT4.dll
0x00007ff9d2ff0000 - 0x00007ff9d31b5000 	C:\Windows\System32\USER32.dll
0x00007ff9d2450000 - 0x00007ff9d2477000 	C:\Windows\System32\win32u.dll
0x00007ff9d2fc0000 - 0x00007ff9d2feb000 	C:\Windows\System32\GDI32.dll
0x00007ff99e2c0000 - 0x00007ff99e2db000 	C:\Program Files\Java\jdk-17\bin\VCRUNTIME140.dll
0x00007ff9d2510000 - 0x00007ff9d2648000 	C:\Windows\System32\gdi32full.dll
0x00007ff9d2bd0000 - 0x00007ff9d2c73000 	C:\Windows\System32\msvcp_win.dll
0x00007ff9b5aa0000 - 0x00007ff9b5d3a000 	C:\Windows\WinSxS\amd64_microsoft.windows.common-controls_6595b64144ccf1df_6.0.26100.4768_none_3e0c112ce331287c\COMCTL32.dll
0x00007ff9c19e0000 - 0x00007ff9c19eb000 	C:\Windows\SYSTEM32\VERSION.dll
0x00007ff9d4580000 - 0x00007ff9d45af000 	C:\Windows\System32\IMM32.DLL
0x00007ff9ba4e0000 - 0x00007ff9ba4ec000 	C:\Program Files\Java\jdk-17\bin\vcruntime140_1.dll
0x00007ff950f80000 - 0x00007ff95100e000 	C:\Program Files\Java\jdk-17\bin\msvcp140.dll
0x00007ff916df0000 - 0x00007ff9179d1000 	C:\Program Files\Java\jdk-17\bin\server\jvm.dll
0x00007ff9d4340000 - 0x00007ff9d4348000 	C:\Windows\System32\PSAPI.DLL
0x00007ff9bbd60000 - 0x00007ff9bbd95000 	C:\Windows\SYSTEM32\WINMM.dll
0x00007ff9cc540000 - 0x00007ff9cc54a000 	C:\Windows\SYSTEM32\WSOCK32.dll
0x00007ff9d4680000 - 0x00007ff9d46f4000 	C:\Windows\System32\WS2_32.dll
0x00007ff9d0eb0000 - 0x00007ff9d0ecb000 	C:\Windows\SYSTEM32\kernel.appcore.dll
0x00007ff9b9710000 - 0x00007ff9b971a000 	C:\Program Files\Java\jdk-17\bin\jimage.dll
0x00007ff9cf830000 - 0x00007ff9cfa71000 	C:\Windows\SYSTEM32\DBGHELP.DLL
0x00007ff9d35d0000 - 0x00007ff9d3955000 	C:\Windows\System32\combase.dll
0x00007ff9d34d0000 - 0x00007ff9d35b0000 	C:\Windows\System32\OLEAUT32.dll
0x00007ff997380000 - 0x00007ff9973c3000 	C:\Windows\SYSTEM32\dbgcore.DLL
0x00007ff9d2170000 - 0x00007ff9d2209000 	C:\Windows\System32\bcryptPrimitives.dll
0x00007ff99b6f0000 - 0x00007ff99b715000 	C:\Program Files\Java\jdk-17\bin\java.dll
0x00007ff9302d0000 - 0x00007ff9303a7000 	C:\Program Files\Java\jdk-17\bin\jsvml.dll
0x00007ff9d3960000 - 0x00007ff9d40ad000 	C:\Windows\System32\SHELL32.dll
0x00007ff9d2210000 - 0x00007ff9d2383000 	C:\Windows\System32\wintypes.dll
0x00007ff9cfd10000 - 0x00007ff9d056f000 	C:\Windows\SYSTEM32\windows.storage.dll
0x00007ff9d4220000 - 0x00007ff9d4315000 	C:\Windows\System32\SHCORE.dll
0x00007ff9d4800000 - 0x00007ff9d486a000 	C:\Windows\System32\shlwapi.dll
0x00007ff9d2090000 - 0x00007ff9d20b9000 	C:\Windows\SYSTEM32\profapi.dll
0x00007ff99c220000 - 0x00007ff99c239000 	C:\Program Files\Java\jdk-17\bin\net.dll
0x00007ff9c36d0000 - 0x00007ff9c37ee000 	C:\Windows\SYSTEM32\WINHTTP.dll
0x00007ff9d1420000 - 0x00007ff9d148b000 	C:\Windows\system32\mswsock.dll
0x00007ff99b7d0000 - 0x00007ff99b7e6000 	C:\Program Files\Java\jdk-17\bin\nio.dll
0x00007ff99aba0000 - 0x00007ff99abb8000 	C:\Program Files\Java\jdk-17\bin\zip.dll
0x00007ff99de00000 - 0x00007ff99de0a000 	C:\Program Files\Java\jdk-17\bin\management.dll
0x00007ff99dc20000 - 0x00007ff99dc2b000 	C:\Program Files\Java\jdk-17\bin\management_ext.dll
0x00007ff9d08a0000 - 0x00007ff9d08d3000 	C:\Windows\SYSTEM32\IPHLPAPI.DLL
0x00007ff9d45c0000 - 0x00007ff9d45ca000 	C:\Windows\System32\NSI.dll
0x00007ff9cc210000 - 0x00007ff9cc22f000 	C:\Windows\SYSTEM32\dhcpcsvc6.DLL
0x00007ff9cc010000 - 0x00007ff9cc035000 	C:\Windows\SYSTEM32\dhcpcsvc.DLL
0x00007ff9d0930000 - 0x00007ff9d0a56000 	C:\Windows\SYSTEM32\DNSAPI.dll
0x00007ff9c2270000 - 0x00007ff9c227b000 	C:\Windows\System32\rasadhlp.dll
0x00007ff9cc310000 - 0x00007ff9cc396000 	C:\Windows\System32\fwpuclnt.dll
0x00007ff99d890000 - 0x00007ff99d89e000 	C:\Program Files\Java\jdk-17\bin\sunmscapi.dll
0x00007ff9d2650000 - 0x00007ff9d27c7000 	C:\Windows\System32\CRYPT32.dll
0x00007ff9d1960000 - 0x00007ff9d1990000 	C:\Windows\SYSTEM32\ncrypt.dll
0x00007ff9d1910000 - 0x00007ff9d194f000 	C:\Windows\SYSTEM32\NTASN1.dll
0x00007ff9d1800000 - 0x00007ff9d181b000 	C:\Windows\SYSTEM32\CRYPTSP.dll
0x00007ff9d0e10000 - 0x00007ff9d0e4b000 	C:\Windows\system32\rsaenh.dll
0x00007ff9d14c0000 - 0x00007ff9d14eb000 	C:\Windows\SYSTEM32\USERENV.dll
0x00007ff9d2060000 - 0x00007ff9d2086000 	C:\Windows\SYSTEM32\bcrypt.dll
0x00007ff9d1660000 - 0x00007ff9d166c000 	C:\Windows\SYSTEM32\CRYPTBASE.dll
0x00007ff99ddc0000 - 0x00007ff99ddd8000 	C:\Windows\system32\napinsp.dll
0x00007ff99dd20000 - 0x00007ff99dd40000 	C:\Windows\system32\wshbth.dll
0x00007ff99dea0000 - 0x00007ff99ded0000 	C:\Windows\system32\nlansp_c.dll
0x00007ff99dd00000 - 0x00007ff99dd12000 	C:\Windows\System32\winrnr.dll
0x00007ff99c410000 - 0x00007ff99c420000 	C:\Program Files\Java\jdk-17\bin\verify.dll
0x00007ff950380000 - 0x00007ff950388000 	C:\Windows\system32\wshunix.dll

dbghelp: loaded successfully - version: 4.0.5 - missing functions: none
symbol engine: initialized successfully - sym options: 0x614 - pdb path: .;C:\Program Files\Java\jdk-17\bin;C:\Windows\SYSTEM32;C:\Windows\WinSxS\amd64_microsoft.windows.common-controls_6595b64144ccf1df_6.0.26100.4768_none_3e0c112ce331287c;C:\Program Files\Java\jdk-17\bin\server

VM Arguments:
jvm_args: -XX:+ShowCodeDetailsInExceptionMessages 
java_command: com.manamer.backend.business.sellout.SelloutApplication
java_class_path (initial): C:\Users\Fernanda Jama\OneDrive - Manamer\Documentos\PROYECTOS 2025-2026\sellout1\backend\business\sellout\target\classes;C:\Users\Fernanda Jama\.m2\repository\org\springframework\boot\spring-boot-starter\3.2.4\spring-boot-starter-3.2.4.jar;C:\Users\Fernanda Jama\.m2\repository\org\springframework\boot\spring-boot\3.2.4\spring-boot-3.2.4.jar;C:\Users\Fernanda Jama\.m2\repository\org\springframework\boot\spring-boot-autoconfigure\3.2.4\spring-boot-autoconfigure-3.2.4.jar;C:\Users\Fernanda Jama\.m2\repository\org\springframework\boot\spring-boot-starter-logging\3.2.4\spring-boot-starter-logging-3.2.4.jar;C:\Users\Fernanda Jama\.m2\repository\ch\qos\logback\logback-classic\1.4.14\logback-classic-1.4.14.jar;C:\Users\Fernanda Jama\.m2\repository\ch\qos\logback\logback-core\1.4.14\logback-core-1.4.14.jar;C:\Users\Fernanda Jama\.m2\repository\org\apache\logging\log4j\log4j-to-slf4j\2.23.1\log4j-to-slf4j-2.23.1.jar;C:\Users\Fernanda Jama\.m2\repository\org\slf4j\jul-to-slf4j\2.0.12\jul-to-slf4j-2.0.12.jar;C:\Users\Fernanda Jama\.m2\repository\jakarta\annotation\jakarta.annotation-api\2.1.1\jakarta.annotation-api-2.1.1.jar;C:\Users\Fernanda Jama\.m2\repository\org\springframework\spring-core\6.1.11\spring-core-6.1.11.jar;C:\Users\Fernanda Jama\.m2\repository\org\springframework\spring-jcl\6.1.11\spring-jcl-6.1.11.jar;C:\Users\Fernanda Jama\.m2\repository\org\yaml\snakeyaml\2.2\snakeyaml-2.2.jar;C:\Users\Fernanda Jama\.m2\repository\com\microsoft\sqlserver\mssql-jdbc\12.4.2.jre11\mssql-jdbc-12.4.2.jre11.jar;C:\Users\Fernanda Jama\.m2\repository\org\projectlombok\lombok\1.18.28\lombok-1.18.28.jar;C:\Users\Fernanda Jama\.m2\repository\org\springframework\boot\spring-boot-starter-data-jpa\3.2.4\spring-boot-starter-data-jpa-3.2.4.jar;C:\Users\Fernanda Jama\.m2\repository\org\springframework\boot\spring-boot-starter-aop\3.2.4\spring-boot-starter-aop-3.2.4.jar;C:\Users\Fernanda Jama\.m2\repository\org\aspectj\aspectjweaver\1.9.21\aspectjweaver-1.9.21.ja
Launcher Type: SUN_STANDARD

[Global flags]
     intx CICompilerCount                          = 4                                         {product} {ergonomic}
     uint ConcGCThreads                            = 2                                         {product} {ergonomic}
     uint G1ConcRefinementThreads                  = 8                                         {product} {ergonomic}
   size_t G1HeapRegionSize                         = 8388608                                   {product} {ergonomic}
    uintx GCDrainStackTargetSize                   = 64                                        {product} {ergonomic}
   size_t InitialHeapSize                          = 671088640                                 {product} {ergonomic}
   size_t MarkStackSize                            = 4194304                                   {product} {ergonomic}
   size_t MaxHeapSize                              = 10687086592                               {product} {ergonomic}
   size_t MaxNewSize                               = 6408896512                                {product} {ergonomic}
   size_t MinHeapDeltaBytes                        = 8388608                                   {product} {ergonomic}
   size_t MinHeapSize                              = 8388608                                   {product} {ergonomic}
    uintx NonNMethodCodeHeapSize                   = 5839372                                {pd product} {ergonomic}
    uintx NonProfiledCodeHeapSize                  = 122909434                              {pd product} {ergonomic}
    uintx ProfiledCodeHeapSize                     = 122909434                              {pd product} {ergonomic}
    uintx ReservedCodeCacheSize                    = 251658240                              {pd product} {ergonomic}
     bool SegmentedCodeCache                       = true                                      {product} {ergonomic}
     bool ShowCodeDetailsInExceptionMessages       = true                                   {manageable} {command line}
   size_t SoftMaxHeapSize                          = 10687086592                            {manageable} {ergonomic}
     bool UseCompressedClassPointers               = true                           {product lp64_product} {ergonomic}
     bool UseCompressedOops                        = true                           {product lp64_product} {ergonomic}
     bool UseG1GC                                  = true                                      {product} {ergonomic}
     bool UseLargePagesIndividualAllocation        = false                                  {pd product} {ergonomic}

Logging:
Log output configuration:
 #0: stdout all=warning uptime,level,tags
 #1: stderr all=off uptime,level,tags

Environment Variables:
JAVA_HOME=C:\\Program Files\\Java\\jdk-17
CLASSPATH=C:\Program Files\SAP\SAP Business One DI API\JCO\LIB\sbowrapper.jar;C:\Program Files\SAP\SAP Business One DI API\JCO\LIB\sboapi.jar
PATH=C:\\Program Files\\Java\\jdk-17\\bin;C:\\Users\\Fernanda Jama\\.trae\\tools\\maven\\latest\\bin;C:\\Users\\Fernanda Jama\\.trae\\tools\\gradle\\latest\\bin;C:\Program Files\Java\jdk-17\bin;C:\Users\Fernanda Jama\.trae\tools\maven\latest\bin;C:\Users\Fernanda Jama\.trae\tools\gradle\latest\bin;C:\Python313\Scripts\;C:\Python313\;C:\Program Files\Microsoft MPI\Bin\;C:\Program Files\Common Files\Oracle\Java\javapath;C:\Windows\system32;C:\Windows;C:\Windows\System32\Wbem;C:\Windows\System32\WindowsPowerShell\v1.0\;C:\Windows\System32\OpenSSH\;C:\Program Files\Microsoft SQL Server\Client SDK\ODBC\170\Tools\Binn\;C:\Program Files (x86)\Microsoft SQL Server\150\Tools\Binn\;C:\Program Files\Microsoft SQL Server\150\Tools\Binn\;C:\Program Files\Microsoft SQL Server\150\DTS\Binn\;C:\Program Files (x86)\Microsoft SQL Server\160\DTS\Binn\;C:\Program Files\nodejs\;C:\ProgramData\chocolatey\bin;C:\Program Files\SAP\SAP Business One DI API\JCO\LIB\;C:\Program Files\SAP\SAP Business One DI API\DI API 90;C:\Program Files\SAP\SAP Business One\;C:\Program Files\apache-maven-3.8.8-bin\apache-maven-3.8.8\bin;C:\Users\Fernanda Jama\AppData\Local\Microsoft\WindowsApps;C:\Users\Fernanda Jama\AppData\Local\GitHubDesktop\bin;C:\Users\Fernanda Jama\AppData\Local\Programs\Microsoft VS Code\bin;C:\Users\Fernanda Jama\AppData\Roaming\npm
USERNAME=Fernanda Jama
LANG=en_US.UTF-8
OS=Windows_NT
PROCESSOR_IDENTIFIER=Intel64 Family 6 Model 140 Stepping 1, GenuineIntel



---------------  S Y S T E M  ---------------

OS:
 Windows 11 , 64 bit Build 26100 (10.0.26100.4768)
OS uptime: 0 days 8:22 hours
Hyper-V role detected

CPU: total 8 (initial active 8) (4 cores per cpu, 2 threads per core) family 6 model 140 stepping 1 microcode 0xb8, cx8, cmov, fxsr, ht, mmx, 3dnowpref, sse, sse2, sse3, ssse3, sse4.1, sse4.2, popcnt, lzcnt, tsc, tscinvbit, avx, avx2, aes, erms, clmul, bmi1, bmi2, adx, avx512f, avx512dq, avx512cd, avx512bw, avx512vl, sha, fma, vzeroupper, avx512_vpopcntdq, avx512_vpclmulqdq, avx512_vaes, avx512_vnni, clflush, clflushopt, clwb, avx512_vbmi2, avx512_vbmi, hv

Memory: 4k page, system-wide physical 40743M (2581M free)
TotalPageFile size 101623M (AvailPageFile size 822M)
current process WorkingSet (physical memory assigned to process): 1284M, peak: 1284M
current process commit charge ("private bytes"): 1414M, peak: 3126M

vm_info: Java HotSpot(TM) 64-Bit Server VM (17.0.15+9-LTS-241) for windows-amd64 JRE (17.0.15+9-LTS-241), built on Feb 20 2025 10:49:54 by "mach5one" with MS VC++ 17.6 (VS2022)

END.
