#
# There is insufficient memory for the Java Runtime Environment to continue.
# Native memory allocation (malloc) failed to allocate 2335712 bytes for Chunk::new
# Possible reasons:
#   The system is out of physical RAM or swap space
#   The process is running with CompressedOops enabled, and the Java Heap may be blocking the growth of the native heap
# Possible solutions:
#   Reduce memory load on the system
#   Increase physical memory or swap space
#   Check if swap backing store is full
#   Decrease Java heap size (-Xmx/-Xms)
#   Decrease number of Java threads
#   Decrease Java thread stack sizes (-Xss)
#   Set larger code cache with -XX:ReservedCodeCacheSize=
#   JVM is running with Zero Based Compressed Oops mode in which the Java heap is
#     placed in the first 32GB address space. The Java Heap base address is the
#     maximum limit for the native heap growth. Please use -XX:HeapBaseMinAddress
#     to set the Java Heap base and to place the Java Heap above 32GB virtual address.
# This output file may be truncated or incomplete.
#
#  Out of Memory Error (arena.cpp:189), pid=3932, tid=19812
#
# JRE version: Java(TM) SE Runtime Environment (17.0.11+7) (build 17.0.11+7-LTS-207)
# Java VM: Java HotSpot(TM) 64-Bit Server VM (17.0.11+7-LTS-207, mixed mode, sharing, tiered, compressed oops, compressed class ptrs, g1 gc, windows-amd64)
# No core dump will be written. Minidumps are not enabled by default on client versions of Windows
#

---------------  S U M M A R Y ------------

Command Line: -XX:+ShowCodeDetailsInExceptionMessages com.manamer.backend.business.sellout.SelloutApplication

Host: 11th Gen Intel(R) Core(TM) i7-1165G7 @ 2.80GHz, 8 cores, 31G,  Windows 11 , 64 bit Build 26100 (10.0.26100.3775)
Time: Fri Apr 25 11:41:51 2025 Hora est. Pacífico, Sudamérica elapsed time: 4.775905 seconds (0d 0h 0m 4s)

---------------  T H R E A D  ---------------

Current thread (0x000002baad2a1060):  JavaThread "C2 CompilerThread1" daemon [_thread_in_native, id=19812, stack(0x000000ee35200000,0x000000ee35300000)]


Current CompileTask:
C2:   4776 1932       4       org.springframework.boot.context.properties.source.ConfigurationPropertyName$ElementsParser::parse (234 bytes)

Stack: [0x000000ee35200000,0x000000ee35300000]
Native frames: (J=compiled Java code, j=interpreted, Vv=VM code, C=native code)
V  [jvm.dll+0x679cca]
V  [jvm.dll+0x7da13d]
V  [jvm.dll+0x7dba83]
V  [jvm.dll+0x7dc0f3]
V  [jvm.dll+0x2449af]
V  [jvm.dll+0xab83b]
V  [jvm.dll+0xabe1c]
V  [jvm.dll+0x3615ae]
V  [jvm.dll+0x32bd61]
V  [jvm.dll+0x32b1fa]
V  [jvm.dll+0x2161df]
V  [jvm.dll+0x21560f]
V  [jvm.dll+0x1a2040]
V  [jvm.dll+0x225a2b]
V  [jvm.dll+0x223bcb]
V  [jvm.dll+0x7903ec]
V  [jvm.dll+0x78a85a]
V  [jvm.dll+0x678bb5]
C  [ucrtbase.dll+0x37b0]
C  [KERNEL32.DLL+0x2e8d7]
C  [ntdll.dll+0xb14fc]


---------------  P R O C E S S  ---------------

Threads class SMR info:
_java_thread_list=0x000002baad002bf0, length=16, elements={
0x000002ba39e486e0, 0x000002ba63938990, 0x000002ba6393a0c0, 0x000002ba63953a70,
0x000002ba63954630, 0x000002ba639551f0, 0x000002ba63955cb0, 0x000002ba63957970,
0x000002ba6395dc70, 0x000002ba6399eab0, 0x000002ba663b9310, 0x000002ba663cda50,
0x000002baacd5f4f0, 0x000002baacd5f9d0, 0x000002ba66a881c0, 0x000002baad2a1060
}

Java Threads: ( => current thread )
  0x000002ba39e486e0 JavaThread "main" [_thread_blocked, id=25276, stack(0x000000ee33700000,0x000000ee33800000)]
  0x000002ba63938990 JavaThread "Reference Handler" daemon [_thread_blocked, id=21664, stack(0x000000ee33e00000,0x000000ee33f00000)]
  0x000002ba6393a0c0 JavaThread "Finalizer" daemon [_thread_blocked, id=22368, stack(0x000000ee33f00000,0x000000ee34000000)]
  0x000002ba63953a70 JavaThread "Signal Dispatcher" daemon [_thread_blocked, id=8020, stack(0x000000ee34000000,0x000000ee34100000)]
  0x000002ba63954630 JavaThread "Attach Listener" daemon [_thread_blocked, id=15500, stack(0x000000ee34100000,0x000000ee34200000)]
  0x000002ba639551f0 JavaThread "Service Thread" daemon [_thread_blocked, id=20932, stack(0x000000ee34200000,0x000000ee34300000)]
  0x000002ba63955cb0 JavaThread "Monitor Deflation Thread" daemon [_thread_blocked, id=28452, stack(0x000000ee34300000,0x000000ee34400000)]
  0x000002ba63957970 JavaThread "C2 CompilerThread0" daemon [_thread_in_native, id=2308, stack(0x000000ee34400000,0x000000ee34500000)]
  0x000002ba6395dc70 JavaThread "C1 CompilerThread0" daemon [_thread_blocked, id=22140, stack(0x000000ee34500000,0x000000ee34600000)]
  0x000002ba6399eab0 JavaThread "Sweeper thread" daemon [_thread_blocked, id=26800, stack(0x000000ee34600000,0x000000ee34700000)]
  0x000002ba663b9310 JavaThread "Notification Thread" daemon [_thread_blocked, id=23200, stack(0x000000ee34700000,0x000000ee34800000)]
  0x000002ba663cda50 JavaThread "Common-Cleaner" daemon [_thread_blocked, id=18184, stack(0x000000ee34900000,0x000000ee34a00000)]
  0x000002baacd5f4f0 JavaThread "Thread-0" [_thread_blocked, id=3060, stack(0x000000ee35300000,0x000000ee35400000)]
  0x000002baacd5f9d0 JavaThread "restartedMain" [_thread_in_native, id=28544, stack(0x000000ee35400000,0x000000ee35500000)]
  0x000002ba66a881c0 JavaThread "background-preinit" [_thread_in_native, id=23332, stack(0x000000ee34a00000,0x000000ee34b00000)]
=>0x000002baad2a1060 JavaThread "C2 CompilerThread1" daemon [_thread_in_native, id=19812, stack(0x000000ee35200000,0x000000ee35300000)]

Other Threads:
  0x000002ba63933be0 VMThread "VM Thread" [stack: 0x000000ee33d00000,0x000000ee33e00000] [id=6900]
  0x000002ba663bdc10 WatcherThread [stack: 0x000000ee34800000,0x000000ee34900000] [id=15640]
  0x000002ba39efdb10 GCTaskThread "GC Thread#0" [stack: 0x000000ee33800000,0x000000ee33900000] [id=22296]
  0x000002baac825380 GCTaskThread "GC Thread#1" [stack: 0x000000ee34b00000,0x000000ee34c00000] [id=5352]
  0x000002baacc823c0 GCTaskThread "GC Thread#2" [stack: 0x000000ee34c00000,0x000000ee34d00000] [id=23156]
  0x000002ba66f57000 GCTaskThread "GC Thread#3" [stack: 0x000000ee34d00000,0x000000ee34e00000] [id=27696]
  0x000002ba66f572c0 GCTaskThread "GC Thread#4" [stack: 0x000000ee34e00000,0x000000ee34f00000] [id=19392]
  0x000002ba66f57580 GCTaskThread "GC Thread#5" [stack: 0x000000ee34f00000,0x000000ee35000000] [id=24324]
  0x000002ba66f57c40 GCTaskThread "GC Thread#6" [stack: 0x000000ee35000000,0x000000ee35100000] [id=22816]
  0x000002baac3b4030 GCTaskThread "GC Thread#7" [stack: 0x000000ee35100000,0x000000ee35200000] [id=1972]
  0x000002ba39efea30 ConcurrentGCThread "G1 Main Marker" [stack: 0x000000ee33900000,0x000000ee33a00000] [id=28756]
  0x000002ba637b13e0 ConcurrentGCThread "G1 Conc#0" [stack: 0x000000ee33a00000,0x000000ee33b00000] [id=21160]
  0x000002ba63869420 ConcurrentGCThread "G1 Refine#0" [stack: 0x000000ee33b00000,0x000000ee33c00000] [id=21832]
  0x000002ba6386b9d0 ConcurrentGCThread "G1 Service" [stack: 0x000000ee33c00000,0x000000ee33d00000] [id=15816]

Threads with active compile tasks:
C2 CompilerThread0     4818 1951   !   4       java.net.URL::<init> (543 bytes)
C2 CompilerThread1     4818 1932       4       org.springframework.boot.context.properties.source.ConfigurationPropertyName$ElementsParser::parse (234 bytes)

VM state: not at safepoint (normal execution)

VM Mutex/Monitor currently owned by a thread: None

Heap address: 0x0000000604400000, size: 8124 MB, Compressed Oops mode: Zero based, Oop shift amount: 3

CDS archive(s) mapped at: [0x000002ba67000000-0x000002ba67bd0000-0x000002ba67bd0000), size 12386304, SharedBaseAddress: 0x000002ba67000000, ArchiveRelocationMode: 1.
Compressed class space mapped at: 0x000002ba68000000-0x000002baa8000000, reserved size: 1073741824
Narrow klass base: 0x000002ba67000000, Narrow klass shift: 0, Narrow klass range: 0x100000000

GC Precious Log:
 CPUs: 8 total, 8 available
 Memory: 32494M
 Large Page Support: Disabled
 NUMA Support: Disabled
 Compressed Oops: Enabled (Zero based)
 Heap Region Size: 4M
 Heap Min Capacity: 8M
 Heap Initial Capacity: 508M
 Heap Max Capacity: 8124M
 Pre-touch: Disabled
 Parallel Workers: 8
 Concurrent Workers: 2
 Concurrent Refinement Workers: 8
 Periodic GC: Disabled

Heap:
 garbage-first heap   total 520192K, used 43875K [0x0000000604400000, 0x0000000800000000)
  region size 4096K, 10 young (40960K), 1 survivors (4096K)
 Metaspace       used 14054K, committed 14336K, reserved 1114112K
  class space    used 1695K, committed 1856K, reserved 1048576K

Heap Regions: E=young(eden), S=young(survivor), O=old, HS=humongous(starts), HC=humongous(continues), CS=collection set, F=free, OA=open archive, CA=closed archive, TAMS=top-at-mark-start (previous, next)
|   0|0x0000000604400000, 0x0000000604800000, 0x0000000604800000|100%| O|  |TAMS 0x0000000604400000, 0x0000000604400000| Untracked 
|   1|0x0000000604800000, 0x0000000604c00000, 0x0000000604c00000|100%| O|  |TAMS 0x0000000604800000, 0x0000000604800000| Untracked 
|   2|0x0000000604c00000, 0x0000000604e39600, 0x0000000605000000| 55%| O|  |TAMS 0x0000000604c00000, 0x0000000604c00000| Untracked 
|   3|0x0000000605000000, 0x0000000605000000, 0x0000000605400000|  0%| F|  |TAMS 0x0000000605000000, 0x0000000605000000| Untracked 
|   4|0x0000000605400000, 0x0000000605400000, 0x0000000605800000|  0%| F|  |TAMS 0x0000000605400000, 0x0000000605400000| Untracked 
|   5|0x0000000605800000, 0x0000000605800000, 0x0000000605c00000|  0%| F|  |TAMS 0x0000000605800000, 0x0000000605800000| Untracked 
|   6|0x0000000605c00000, 0x0000000605c00000, 0x0000000606000000|  0%| F|  |TAMS 0x0000000605c00000, 0x0000000605c00000| Untracked 
|   7|0x0000000606000000, 0x0000000606000000, 0x0000000606400000|  0%| F|  |TAMS 0x0000000606000000, 0x0000000606000000| Untracked 
|   8|0x0000000606400000, 0x0000000606400000, 0x0000000606800000|  0%| F|  |TAMS 0x0000000606400000, 0x0000000606400000| Untracked 
|   9|0x0000000606800000, 0x0000000606800000, 0x0000000606c00000|  0%| F|  |TAMS 0x0000000606800000, 0x0000000606800000| Untracked 
|  10|0x0000000606c00000, 0x0000000606c00000, 0x0000000607000000|  0%| F|  |TAMS 0x0000000606c00000, 0x0000000606c00000| Untracked 
|  11|0x0000000607000000, 0x0000000607000000, 0x0000000607400000|  0%| F|  |TAMS 0x0000000607000000, 0x0000000607000000| Untracked 
|  12|0x0000000607400000, 0x0000000607400000, 0x0000000607800000|  0%| F|  |TAMS 0x0000000607400000, 0x0000000607400000| Untracked 
|  13|0x0000000607800000, 0x0000000607800000, 0x0000000607c00000|  0%| F|  |TAMS 0x0000000607800000, 0x0000000607800000| Untracked 
|  14|0x0000000607c00000, 0x0000000607c00000, 0x0000000608000000|  0%| F|  |TAMS 0x0000000607c00000, 0x0000000607c00000| Untracked 
|  15|0x0000000608000000, 0x0000000608000000, 0x0000000608400000|  0%| F|  |TAMS 0x0000000608000000, 0x0000000608000000| Untracked 
|  16|0x0000000608400000, 0x0000000608400000, 0x0000000608800000|  0%| F|  |TAMS 0x0000000608400000, 0x0000000608400000| Untracked 
|  17|0x0000000608800000, 0x0000000608800000, 0x0000000608c00000|  0%| F|  |TAMS 0x0000000608800000, 0x0000000608800000| Untracked 
|  18|0x0000000608c00000, 0x0000000608c00000, 0x0000000609000000|  0%| F|  |TAMS 0x0000000608c00000, 0x0000000608c00000| Untracked 
|  19|0x0000000609000000, 0x0000000609000000, 0x0000000609400000|  0%| F|  |TAMS 0x0000000609000000, 0x0000000609000000| Untracked 
|  20|0x0000000609400000, 0x0000000609400000, 0x0000000609800000|  0%| F|  |TAMS 0x0000000609400000, 0x0000000609400000| Untracked 
|  21|0x0000000609800000, 0x0000000609800000, 0x0000000609c00000|  0%| F|  |TAMS 0x0000000609800000, 0x0000000609800000| Untracked 
|  22|0x0000000609c00000, 0x0000000609c00000, 0x000000060a000000|  0%| F|  |TAMS 0x0000000609c00000, 0x0000000609c00000| Untracked 
|  23|0x000000060a000000, 0x000000060a000000, 0x000000060a400000|  0%| F|  |TAMS 0x000000060a000000, 0x000000060a000000| Untracked 
|  24|0x000000060a400000, 0x000000060a400000, 0x000000060a800000|  0%| F|  |TAMS 0x000000060a400000, 0x000000060a400000| Untracked 
|  25|0x000000060a800000, 0x000000060a800000, 0x000000060ac00000|  0%| F|  |TAMS 0x000000060a800000, 0x000000060a800000| Untracked 
|  26|0x000000060ac00000, 0x000000060ac00000, 0x000000060b000000|  0%| F|  |TAMS 0x000000060ac00000, 0x000000060ac00000| Untracked 
|  27|0x000000060b000000, 0x000000060b000000, 0x000000060b400000|  0%| F|  |TAMS 0x000000060b000000, 0x000000060b000000| Untracked 
|  28|0x000000060b400000, 0x000000060b400000, 0x000000060b800000|  0%| F|  |TAMS 0x000000060b400000, 0x000000060b400000| Untracked 
|  29|0x000000060b800000, 0x000000060b800000, 0x000000060bc00000|  0%| F|  |TAMS 0x000000060b800000, 0x000000060b800000| Untracked 
|  30|0x000000060bc00000, 0x000000060bc00000, 0x000000060c000000|  0%| F|  |TAMS 0x000000060bc00000, 0x000000060bc00000| Untracked 
|  31|0x000000060c000000, 0x000000060c000000, 0x000000060c400000|  0%| F|  |TAMS 0x000000060c000000, 0x000000060c000000| Untracked 
|  32|0x000000060c400000, 0x000000060c400000, 0x000000060c800000|  0%| F|  |TAMS 0x000000060c400000, 0x000000060c400000| Untracked 
|  33|0x000000060c800000, 0x000000060c800000, 0x000000060cc00000|  0%| F|  |TAMS 0x000000060c800000, 0x000000060c800000| Untracked 
|  34|0x000000060cc00000, 0x000000060cc00000, 0x000000060d000000|  0%| F|  |TAMS 0x000000060cc00000, 0x000000060cc00000| Untracked 
|  35|0x000000060d000000, 0x000000060d000000, 0x000000060d400000|  0%| F|  |TAMS 0x000000060d000000, 0x000000060d000000| Untracked 
|  36|0x000000060d400000, 0x000000060d400000, 0x000000060d800000|  0%| F|  |TAMS 0x000000060d400000, 0x000000060d400000| Untracked 
|  37|0x000000060d800000, 0x000000060d800000, 0x000000060dc00000|  0%| F|  |TAMS 0x000000060d800000, 0x000000060d800000| Untracked 
|  38|0x000000060dc00000, 0x000000060dc00000, 0x000000060e000000|  0%| F|  |TAMS 0x000000060dc00000, 0x000000060dc00000| Untracked 
|  39|0x000000060e000000, 0x000000060e000000, 0x000000060e400000|  0%| F|  |TAMS 0x000000060e000000, 0x000000060e000000| Untracked 
|  40|0x000000060e400000, 0x000000060e400000, 0x000000060e800000|  0%| F|  |TAMS 0x000000060e400000, 0x000000060e400000| Untracked 
|  41|0x000000060e800000, 0x000000060e800000, 0x000000060ec00000|  0%| F|  |TAMS 0x000000060e800000, 0x000000060e800000| Untracked 
|  42|0x000000060ec00000, 0x000000060ec00000, 0x000000060f000000|  0%| F|  |TAMS 0x000000060ec00000, 0x000000060ec00000| Untracked 
|  43|0x000000060f000000, 0x000000060f000000, 0x000000060f400000|  0%| F|  |TAMS 0x000000060f000000, 0x000000060f000000| Untracked 
|  44|0x000000060f400000, 0x000000060f400000, 0x000000060f800000|  0%| F|  |TAMS 0x000000060f400000, 0x000000060f400000| Untracked 
|  45|0x000000060f800000, 0x000000060f800000, 0x000000060fc00000|  0%| F|  |TAMS 0x000000060f800000, 0x000000060f800000| Untracked 
|  46|0x000000060fc00000, 0x000000060fc00000, 0x0000000610000000|  0%| F|  |TAMS 0x000000060fc00000, 0x000000060fc00000| Untracked 
|  47|0x0000000610000000, 0x0000000610000000, 0x0000000610400000|  0%| F|  |TAMS 0x0000000610000000, 0x0000000610000000| Untracked 
|  48|0x0000000610400000, 0x0000000610400000, 0x0000000610800000|  0%| F|  |TAMS 0x0000000610400000, 0x0000000610400000| Untracked 
|  49|0x0000000610800000, 0x0000000610800000, 0x0000000610c00000|  0%| F|  |TAMS 0x0000000610800000, 0x0000000610800000| Untracked 
|  50|0x0000000610c00000, 0x0000000610c00000, 0x0000000611000000|  0%| F|  |TAMS 0x0000000610c00000, 0x0000000610c00000| Untracked 
|  51|0x0000000611000000, 0x0000000611000000, 0x0000000611400000|  0%| F|  |TAMS 0x0000000611000000, 0x0000000611000000| Untracked 
|  52|0x0000000611400000, 0x0000000611400000, 0x0000000611800000|  0%| F|  |TAMS 0x0000000611400000, 0x0000000611400000| Untracked 
|  53|0x0000000611800000, 0x0000000611800000, 0x0000000611c00000|  0%| F|  |TAMS 0x0000000611800000, 0x0000000611800000| Untracked 
|  54|0x0000000611c00000, 0x0000000611c00000, 0x0000000612000000|  0%| F|  |TAMS 0x0000000611c00000, 0x0000000611c00000| Untracked 
|  55|0x0000000612000000, 0x0000000612000000, 0x0000000612400000|  0%| F|  |TAMS 0x0000000612000000, 0x0000000612000000| Untracked 
|  56|0x0000000612400000, 0x0000000612400000, 0x0000000612800000|  0%| F|  |TAMS 0x0000000612400000, 0x0000000612400000| Untracked 
|  57|0x0000000612800000, 0x0000000612800000, 0x0000000612c00000|  0%| F|  |TAMS 0x0000000612800000, 0x0000000612800000| Untracked 
|  58|0x0000000612c00000, 0x0000000612c00000, 0x0000000613000000|  0%| F|  |TAMS 0x0000000612c00000, 0x0000000612c00000| Untracked 
|  59|0x0000000613000000, 0x0000000613000000, 0x0000000613400000|  0%| F|  |TAMS 0x0000000613000000, 0x0000000613000000| Untracked 
|  60|0x0000000613400000, 0x0000000613400000, 0x0000000613800000|  0%| F|  |TAMS 0x0000000613400000, 0x0000000613400000| Untracked 
|  61|0x0000000613800000, 0x0000000613800000, 0x0000000613c00000|  0%| F|  |TAMS 0x0000000613800000, 0x0000000613800000| Untracked 
|  62|0x0000000613c00000, 0x0000000613c00000, 0x0000000614000000|  0%| F|  |TAMS 0x0000000613c00000, 0x0000000613c00000| Untracked 
|  63|0x0000000614000000, 0x0000000614000000, 0x0000000614400000|  0%| F|  |TAMS 0x0000000614000000, 0x0000000614000000| Untracked 
|  64|0x0000000614400000, 0x0000000614400000, 0x0000000614800000|  0%| F|  |TAMS 0x0000000614400000, 0x0000000614400000| Untracked 
|  65|0x0000000614800000, 0x0000000614800000, 0x0000000614c00000|  0%| F|  |TAMS 0x0000000614800000, 0x0000000614800000| Untracked 
|  66|0x0000000614c00000, 0x0000000614c00000, 0x0000000615000000|  0%| F|  |TAMS 0x0000000614c00000, 0x0000000614c00000| Untracked 
|  67|0x0000000615000000, 0x0000000615000000, 0x0000000615400000|  0%| F|  |TAMS 0x0000000615000000, 0x0000000615000000| Untracked 
|  68|0x0000000615400000, 0x0000000615400000, 0x0000000615800000|  0%| F|  |TAMS 0x0000000615400000, 0x0000000615400000| Untracked 
|  69|0x0000000615800000, 0x0000000615800000, 0x0000000615c00000|  0%| F|  |TAMS 0x0000000615800000, 0x0000000615800000| Untracked 
|  70|0x0000000615c00000, 0x0000000615c00000, 0x0000000616000000|  0%| F|  |TAMS 0x0000000615c00000, 0x0000000615c00000| Untracked 
|  71|0x0000000616000000, 0x0000000616000000, 0x0000000616400000|  0%| F|  |TAMS 0x0000000616000000, 0x0000000616000000| Untracked 
|  72|0x0000000616400000, 0x0000000616400000, 0x0000000616800000|  0%| F|  |TAMS 0x0000000616400000, 0x0000000616400000| Untracked 
|  73|0x0000000616800000, 0x0000000616800000, 0x0000000616c00000|  0%| F|  |TAMS 0x0000000616800000, 0x0000000616800000| Untracked 
|  74|0x0000000616c00000, 0x0000000616c00000, 0x0000000617000000|  0%| F|  |TAMS 0x0000000616c00000, 0x0000000616c00000| Untracked 
|  75|0x0000000617000000, 0x0000000617000000, 0x0000000617400000|  0%| F|  |TAMS 0x0000000617000000, 0x0000000617000000| Untracked 
|  76|0x0000000617400000, 0x0000000617400000, 0x0000000617800000|  0%| F|  |TAMS 0x0000000617400000, 0x0000000617400000| Untracked 
|  77|0x0000000617800000, 0x0000000617800000, 0x0000000617c00000|  0%| F|  |TAMS 0x0000000617800000, 0x0000000617800000| Untracked 
|  78|0x0000000617c00000, 0x0000000617c00000, 0x0000000618000000|  0%| F|  |TAMS 0x0000000617c00000, 0x0000000617c00000| Untracked 
|  79|0x0000000618000000, 0x0000000618000000, 0x0000000618400000|  0%| F|  |TAMS 0x0000000618000000, 0x0000000618000000| Untracked 
|  80|0x0000000618400000, 0x0000000618400000, 0x0000000618800000|  0%| F|  |TAMS 0x0000000618400000, 0x0000000618400000| Untracked 
|  81|0x0000000618800000, 0x0000000618800000, 0x0000000618c00000|  0%| F|  |TAMS 0x0000000618800000, 0x0000000618800000| Untracked 
|  82|0x0000000618c00000, 0x0000000618c00000, 0x0000000619000000|  0%| F|  |TAMS 0x0000000618c00000, 0x0000000618c00000| Untracked 
|  83|0x0000000619000000, 0x0000000619000000, 0x0000000619400000|  0%| F|  |TAMS 0x0000000619000000, 0x0000000619000000| Untracked 
|  84|0x0000000619400000, 0x0000000619400000, 0x0000000619800000|  0%| F|  |TAMS 0x0000000619400000, 0x0000000619400000| Untracked 
|  85|0x0000000619800000, 0x0000000619800000, 0x0000000619c00000|  0%| F|  |TAMS 0x0000000619800000, 0x0000000619800000| Untracked 
|  86|0x0000000619c00000, 0x0000000619c00000, 0x000000061a000000|  0%| F|  |TAMS 0x0000000619c00000, 0x0000000619c00000| Untracked 
|  87|0x000000061a000000, 0x000000061a000000, 0x000000061a400000|  0%| F|  |TAMS 0x000000061a000000, 0x000000061a000000| Untracked 
|  88|0x000000061a400000, 0x000000061a400000, 0x000000061a800000|  0%| F|  |TAMS 0x000000061a400000, 0x000000061a400000| Untracked 
|  89|0x000000061a800000, 0x000000061a800000, 0x000000061ac00000|  0%| F|  |TAMS 0x000000061a800000, 0x000000061a800000| Untracked 
|  90|0x000000061ac00000, 0x000000061ac00000, 0x000000061b000000|  0%| F|  |TAMS 0x000000061ac00000, 0x000000061ac00000| Untracked 
|  91|0x000000061b000000, 0x000000061b000000, 0x000000061b400000|  0%| F|  |TAMS 0x000000061b000000, 0x000000061b000000| Untracked 
|  92|0x000000061b400000, 0x000000061b400000, 0x000000061b800000|  0%| F|  |TAMS 0x000000061b400000, 0x000000061b400000| Untracked 
|  93|0x000000061b800000, 0x000000061b800000, 0x000000061bc00000|  0%| F|  |TAMS 0x000000061b800000, 0x000000061b800000| Untracked 
|  94|0x000000061bc00000, 0x000000061bc00000, 0x000000061c000000|  0%| F|  |TAMS 0x000000061bc00000, 0x000000061bc00000| Untracked 
|  95|0x000000061c000000, 0x000000061c000000, 0x000000061c400000|  0%| F|  |TAMS 0x000000061c000000, 0x000000061c000000| Untracked 
|  96|0x000000061c400000, 0x000000061c400000, 0x000000061c800000|  0%| F|  |TAMS 0x000000061c400000, 0x000000061c400000| Untracked 
|  97|0x000000061c800000, 0x000000061c800000, 0x000000061cc00000|  0%| F|  |TAMS 0x000000061c800000, 0x000000061c800000| Untracked 
|  98|0x000000061cc00000, 0x000000061cc00000, 0x000000061d000000|  0%| F|  |TAMS 0x000000061cc00000, 0x000000061cc00000| Untracked 
|  99|0x000000061d000000, 0x000000061d000000, 0x000000061d400000|  0%| F|  |TAMS 0x000000061d000000, 0x000000061d000000| Untracked 
| 100|0x000000061d400000, 0x000000061d400000, 0x000000061d800000|  0%| F|  |TAMS 0x000000061d400000, 0x000000061d400000| Untracked 
| 101|0x000000061d800000, 0x000000061d800000, 0x000000061dc00000|  0%| F|  |TAMS 0x000000061d800000, 0x000000061d800000| Untracked 
| 102|0x000000061dc00000, 0x000000061dc00000, 0x000000061e000000|  0%| F|  |TAMS 0x000000061dc00000, 0x000000061dc00000| Untracked 
| 103|0x000000061e000000, 0x000000061e000000, 0x000000061e400000|  0%| F|  |TAMS 0x000000061e000000, 0x000000061e000000| Untracked 
| 104|0x000000061e400000, 0x000000061e400000, 0x000000061e800000|  0%| F|  |TAMS 0x000000061e400000, 0x000000061e400000| Untracked 
| 105|0x000000061e800000, 0x000000061e800000, 0x000000061ec00000|  0%| F|  |TAMS 0x000000061e800000, 0x000000061e800000| Untracked 
| 106|0x000000061ec00000, 0x000000061ec00000, 0x000000061f000000|  0%| F|  |TAMS 0x000000061ec00000, 0x000000061ec00000| Untracked 
| 107|0x000000061f000000, 0x000000061f000000, 0x000000061f400000|  0%| F|  |TAMS 0x000000061f000000, 0x000000061f000000| Untracked 
| 108|0x000000061f400000, 0x000000061f400000, 0x000000061f800000|  0%| F|  |TAMS 0x000000061f400000, 0x000000061f400000| Untracked 
| 109|0x000000061f800000, 0x000000061f800000, 0x000000061fc00000|  0%| F|  |TAMS 0x000000061f800000, 0x000000061f800000| Untracked 
| 110|0x000000061fc00000, 0x000000061fc00000, 0x0000000620000000|  0%| F|  |TAMS 0x000000061fc00000, 0x000000061fc00000| Untracked 
| 111|0x0000000620000000, 0x0000000620000000, 0x0000000620400000|  0%| F|  |TAMS 0x0000000620000000, 0x0000000620000000| Untracked 
| 112|0x0000000620400000, 0x0000000620400000, 0x0000000620800000|  0%| F|  |TAMS 0x0000000620400000, 0x0000000620400000| Untracked 
| 113|0x0000000620800000, 0x0000000620800000, 0x0000000620c00000|  0%| F|  |TAMS 0x0000000620800000, 0x0000000620800000| Untracked 
| 114|0x0000000620c00000, 0x0000000620c00000, 0x0000000621000000|  0%| F|  |TAMS 0x0000000620c00000, 0x0000000620c00000| Untracked 
| 115|0x0000000621000000, 0x0000000621000000, 0x0000000621400000|  0%| F|  |TAMS 0x0000000621000000, 0x0000000621000000| Untracked 
| 116|0x0000000621400000, 0x0000000621400000, 0x0000000621800000|  0%| F|  |TAMS 0x0000000621400000, 0x0000000621400000| Untracked 
| 117|0x0000000621800000, 0x0000000621a7a5a0, 0x0000000621c00000| 61%| E|  |TAMS 0x0000000621800000, 0x0000000621800000| Complete 
| 118|0x0000000621c00000, 0x0000000622000000, 0x0000000622000000|100%| E|CS|TAMS 0x0000000621c00000, 0x0000000621c00000| Complete 
| 119|0x0000000622000000, 0x0000000622400000, 0x0000000622400000|100%| E|CS|TAMS 0x0000000622000000, 0x0000000622000000| Complete 
| 120|0x0000000622400000, 0x0000000622800000, 0x0000000622800000|100%| E|CS|TAMS 0x0000000622400000, 0x0000000622400000| Complete 
| 121|0x0000000622800000, 0x000000062289f860, 0x0000000622c00000| 15%| S|CS|TAMS 0x0000000622800000, 0x0000000622800000| Complete 
| 122|0x0000000622c00000, 0x0000000623000000, 0x0000000623000000|100%| E|CS|TAMS 0x0000000622c00000, 0x0000000622c00000| Complete 
| 123|0x0000000623000000, 0x0000000623400000, 0x0000000623400000|100%| E|CS|TAMS 0x0000000623000000, 0x0000000623000000| Complete 
| 124|0x0000000623400000, 0x0000000623800000, 0x0000000623800000|100%| E|CS|TAMS 0x0000000623400000, 0x0000000623400000| Complete 
| 125|0x0000000623800000, 0x0000000623c00000, 0x0000000623c00000|100%| E|CS|TAMS 0x0000000623800000, 0x0000000623800000| Complete 
| 126|0x0000000623c00000, 0x0000000624000000, 0x0000000624000000|100%| E|CS|TAMS 0x0000000623c00000, 0x0000000623c00000| Complete 

Card table byte_map: [0x000002ba51a00000,0x000002ba529e0000] _byte_map_base: 0x000002ba4e9de000

Marking Bits (Prev, Next): (CMBitMap*) 0x000002ba39efe130, (CMBitMap*) 0x000002ba39efe170
 Prev Bits: [0x000002ba539c0000, 0x000002ba5b8b0000)
 Next Bits: [0x000002ba5b8b0000, 0x000002ba637a0000)

Polling page: 0x000002ba37d60000

Metaspace:

Usage:
  Non-class:     12.12 MB used.
      Class:      1.66 MB used.
       Both:     13.78 MB used.

Virtual space:
  Non-class space:       64.00 MB reserved,      12.25 MB ( 19%) committed,  1 nodes.
      Class space:        1.00 GB reserved,       1.81 MB ( <1%) committed,  1 nodes.
             Both:        1.06 GB reserved,      14.06 MB (  1%) committed. 

Chunk freelists:
   Non-Class:  3.72 MB
       Class:  14.17 MB
        Both:  17.89 MB

MaxMetaspaceSize: unlimited
CompressedClassSpaceSize: 1.00 GB
Initial GC threshold: 21.00 MB
Current GC threshold: 21.00 MB
CDS: on
MetaspaceReclaimPolicy: balanced
 - commit_granule_bytes: 65536.
 - commit_granule_words: 8192.
 - virtual_space_node_default_size: 8388608.
 - enlarge_chunks_in_place: 1.
 - new_chunks_are_fully_committed: 0.
 - uncommit_free_chunks: 1.
 - use_allocation_guard: 0.
 - handle_deallocations: 1.


Internal statistics:

num_allocs_failed_limit: 0.
num_arena_births: 210.
num_arena_deaths: 0.
num_vsnodes_births: 2.
num_vsnodes_deaths: 0.
num_space_committed: 225.
num_space_uncommitted: 0.
num_chunks_returned_to_freelist: 0.
num_chunks_taken_from_freelist: 650.
num_chunk_merges: 0.
num_chunk_splits: 448.
num_chunks_enlarged: 346.
num_inconsistent_stats: 0.

CodeHeap 'non-profiled nmethods': size=120000Kb used=828Kb max_used=828Kb free=119171Kb
 bounds [0x000002ba491c0000, 0x000002ba49430000, 0x000002ba506f0000]
CodeHeap 'profiled nmethods': size=120000Kb used=3975Kb max_used=3975Kb free=116024Kb
 bounds [0x000002ba416f0000, 0x000002ba41ae0000, 0x000002ba48c20000]
CodeHeap 'non-nmethods': size=5760Kb used=1200Kb max_used=1233Kb free=4559Kb
 bounds [0x000002ba48c20000, 0x000002ba48e90000, 0x000002ba491c0000]
 total_blobs=2514 nmethods=2025 adapters=401
 compilation: enabled
              stopped_count=0, restarted_count=0
 full_count=0

Compilation events (20 events):
Event: 3.910 Thread 0x000002ba6395dc70 1977       3       jdk.internal.org.objectweb.asm.FieldVisitor::<init> (88 bytes)
Event: 3.910 Thread 0x000002ba6395dc70 nmethod 1977 0x000002ba41aaa210 code [0x000002ba41aaa460, 0x000002ba41aaad48]
Event: 3.910 Thread 0x000002ba6395dc70 1978       3       jdk.internal.org.objectweb.asm.MethodWriter::visitFrameStart (55 bytes)
Event: 3.911 Thread 0x000002ba6395dc70 nmethod 1978 0x000002ba41aab010 code [0x000002ba41aab1c0, 0x000002ba41aab4f8]
Event: 3.911 Thread 0x000002ba6395dc70 1979       3       jdk.internal.org.objectweb.asm.FieldWriter::computeFieldInfoSize (86 bytes)
Event: 3.911 Thread 0x000002ba6395dc70 nmethod 1979 0x000002ba41aab690 code [0x000002ba41aab860, 0x000002ba41aabb58]
Event: 3.911 Thread 0x000002ba6395dc70 1980       3       jdk.internal.org.objectweb.asm.FieldWriter::putFieldInfo (269 bytes)
Event: 3.912 Thread 0x000002ba6395dc70 nmethod 1980 0x000002ba41aabc90 code [0x000002ba41aabf00, 0x000002ba41aac888]
Event: 3.928 Thread 0x000002ba6395dc70 1981   !   3       java.lang.Class::getEnumConstantsShared (71 bytes)
Event: 3.930 Thread 0x000002ba6395dc70 nmethod 1981 0x000002ba41aacc10 code [0x000002ba41aacf40, 0x000002ba41aae378]
Event: 3.938 Thread 0x000002ba6395dc70 1982       3       org.springframework.util.ConcurrentReferenceHashMap$ReferenceManager::createReference (43 bytes)
Event: 3.939 Thread 0x000002ba6395dc70 nmethod 1982 0x000002ba41aaeb90 code [0x000002ba41aaed80, 0x000002ba41aaf328]
Event: 3.957 Thread 0x000002ba6395dc70 1983       3       java.util.zip.ZipEntry::setExtra0 (493 bytes)
Event: 3.959 Thread 0x000002ba6395dc70 nmethod 1983 0x000002ba41aaf510 code [0x000002ba41aaf8c0, 0x000002ba41ab15b8]
Event: 3.959 Thread 0x000002ba6395dc70 1984       3       java.lang.StringLatin1::getChar (9 bytes)
Event: 3.959 Thread 0x000002ba6395dc70 nmethod 1984 0x000002ba41ab1f10 code [0x000002ba41ab20a0, 0x000002ba41ab21b8]
Event: 3.961 Thread 0x000002ba63957970 nmethod 1937 0x000002ba49287290 code [0x000002ba492876e0, 0x000002ba4928c1b0]
Event: 3.961 Thread 0x000002ba63957970 1951   !   4       java.net.URL::<init> (543 bytes)
Event: 3.972 Thread 0x000002ba6395dc70 1986       3       java.lang.System$2::getEnumConstantsShared (8 bytes)
Event: 3.973 Thread 0x000002ba6395dc70 nmethod 1986 0x000002ba41ab2290 code [0x000002ba41ab2440, 0x000002ba41ab2688]

GC Heap History (4 events):
Event: 1.394 GC heap before
{Heap before GC invocations=0 (full 0):
 garbage-first heap   total 520192K, used 20480K [0x0000000604400000, 0x0000000800000000)
  region size 4096K, 6 young (24576K), 0 survivors (0K)
 Metaspace       used 3989K, committed 4160K, reserved 1114112K
  class space    used 443K, committed 512K, reserved 1048576K
}
Event: 1.467 GC heap after
{Heap after GC invocations=1 (full 0):
 garbage-first heap   total 520192K, used 10312K [0x0000000604400000, 0x0000000800000000)
  region size 4096K, 1 young (4096K), 1 survivors (4096K)
 Metaspace       used 3989K, committed 4160K, reserved 1114112K
  class space    used 443K, committed 512K, reserved 1048576K
}
Event: 2.002 GC heap before
{Heap before GC invocations=1 (full 0):
 garbage-first heap   total 520192K, used 30792K [0x0000000604400000, 0x0000000800000000)
  region size 4096K, 6 young (24576K), 1 survivors (4096K)
 Metaspace       used 6053K, committed 6272K, reserved 1114112K
  class space    used 699K, committed 832K, reserved 1048576K
}
Event: 2.004 GC heap after
{Heap after GC invocations=2 (full 0):
 garbage-first heap   total 520192K, used 11107K [0x0000000604400000, 0x0000000800000000)
  region size 4096K, 1 young (4096K), 1 survivors (4096K)
 Metaspace       used 6053K, committed 6272K, reserved 1114112K
  class space    used 699K, committed 832K, reserved 1048576K
}

Deoptimization events (20 events):
Event: 3.722 Thread 0x000002baacd5f9d0 Uncommon trap: trap_request=0xffffffde fr.pc=0x000002ba492501a8 relative=0x0000000000000168
Event: 3.722 Thread 0x000002baacd5f9d0 Uncommon trap: reason=class_check action=maybe_recompile pc=0x000002ba492501a8 method=org.springframework.boot.context.properties.source.ConfigurationPropertyName$Elements.charAt(II)C @ 43 c2
Event: 3.722 Thread 0x000002baacd5f9d0 DEOPT PACKING pc=0x000002ba492501a8 sp=0x000000ee354fcec0
Event: 3.722 Thread 0x000002baacd5f9d0 DEOPT UNPACKING pc=0x000002ba48c75ba3 sp=0x000000ee354fce38 mode 2
Event: 3.743 Thread 0x000002ba66a881c0 Uncommon trap: trap_request=0xffffff45 fr.pc=0x000002ba491c9070 relative=0x0000000000000450
Event: 3.743 Thread 0x000002ba66a881c0 Uncommon trap: reason=unstable_if action=reinterpret pc=0x000002ba491c9070 method=java.lang.StringLatin1.canEncode(I)Z @ 4 c2
Event: 3.743 Thread 0x000002ba66a881c0 DEOPT PACKING pc=0x000002ba491c9070 sp=0x000000ee34afdb80
Event: 3.743 Thread 0x000002ba66a881c0 DEOPT UNPACKING pc=0x000002ba48c75ba3 sp=0x000000ee34afdaa8 mode 2
Event: 3.743 Thread 0x000002ba66a881c0 Uncommon trap: trap_request=0xffffff45 fr.pc=0x000002ba491d8150 relative=0x0000000000000430
Event: 3.743 Thread 0x000002ba66a881c0 Uncommon trap: reason=unstable_if action=reinterpret pc=0x000002ba491d8150 method=java.lang.AbstractStringBuilder.isLatin1()Z @ 10 c2
Event: 3.743 Thread 0x000002ba66a881c0 DEOPT PACKING pc=0x000002ba491d8150 sp=0x000000ee34afdba0
Event: 3.743 Thread 0x000002ba66a881c0 DEOPT UNPACKING pc=0x000002ba48c75ba3 sp=0x000000ee34afdb20 mode 2
Event: 3.743 Thread 0x000002ba66a881c0 Uncommon trap: trap_request=0xffffff45 fr.pc=0x000002ba491f5a5c relative=0x000000000000005c
Event: 3.743 Thread 0x000002ba66a881c0 Uncommon trap: reason=unstable_if action=reinterpret pc=0x000002ba491f5a5c method=java.lang.AbstractStringBuilder.isLatin1()Z @ 10 c2
Event: 3.743 Thread 0x000002ba66a881c0 DEOPT PACKING pc=0x000002ba491f5a5c sp=0x000000ee34afdb80
Event: 3.743 Thread 0x000002ba66a881c0 DEOPT UNPACKING pc=0x000002ba48c75ba3 sp=0x000000ee34afdb10 mode 2
Event: 3.788 Thread 0x000002ba66a881c0 Uncommon trap: trap_request=0xffffff45 fr.pc=0x000002ba492176c8 relative=0x0000000000000048
Event: 3.788 Thread 0x000002ba66a881c0 Uncommon trap: reason=unstable_if action=reinterpret pc=0x000002ba492176c8 method=java.lang.CharacterData.of(I)Ljava/lang/CharacterData; @ 4 c2
Event: 3.788 Thread 0x000002ba66a881c0 DEOPT PACKING pc=0x000002ba492176c8 sp=0x000000ee34afd320
Event: 3.788 Thread 0x000002ba66a881c0 DEOPT UNPACKING pc=0x000002ba48c75ba3 sp=0x000000ee34afd2b8 mode 2

Classes unloaded (0 events):
No events

Classes redefined (0 events):
No events

Internal exceptions (20 events):
Event: 2.196 Thread 0x000002baacd5f9d0 Exception <a 'java/lang/NoSuchMethodError'{0x0000000623a31268}: 'int java.lang.invoke.DirectMethodHandle$Holder.invokeInterface(java.lang.Object, java.lang.Object)'> (0x0000000623a31268) 
thrown [s\open\src\hotspot\share\interpreter\linkResolver.cpp, line 759]
Event: 2.263 Thread 0x000002baacd5f9d0 Exception <a 'java/lang/NoSuchMethodError'{0x0000000623aa6838}: 'int java.lang.invoke.DirectMethodHandle$Holder.invokeVirtual(java.lang.Object, java.lang.Object)'> (0x0000000623aa6838) 
thrown [s\open\src\hotspot\share\interpreter\linkResolver.cpp, line 759]
Event: 2.284 Thread 0x000002baacd5f9d0 Exception <a 'java/lang/NoSuchMethodError'{0x0000000623b4c6f8}: 'java.lang.Object java.lang.invoke.DirectMethodHandle$Holder.invokeSpecial(java.lang.Object, java.lang.Object, java.lang.Object, int, java.lang.Object)'> (0x0000000623b4c6f8) 
thrown [s\open\src\hotspot\share\interpreter\linkResolver.cpp, line 759]
Event: 2.285 Thread 0x000002baacd5f9d0 Exception <a 'java/lang/NoSuchMethodError'{0x0000000623b54fb0}: 'java.lang.Object java.lang.invoke.DirectMethodHandle$Holder.newInvokeSpecial(java.lang.Object, java.lang.Object, java.lang.Object, int, java.lang.Object)'> (0x0000000623b54fb0) 
thrown [s\open\src\hotspot\share\interpreter\linkResolver.cpp, line 759]
Event: 2.286 Thread 0x000002baacd5f9d0 Exception <a 'java/lang/NoSuchMethodError'{0x0000000623b5c980}: 'java.lang.Object java.lang.invoke.Invokers$Holder.linkToTargetMethod(java.lang.Object, java.lang.Object, int, java.lang.Object, java.lang.Object)'> (0x0000000623b5c980) 
thrown [s\open\src\hotspot\share\interpreter\linkResolver.cpp, line 759]
Event: 2.287 Thread 0x000002baacd5f9d0 Exception <a 'java/lang/NoSuchMethodError'{0x0000000623b6b968}: 'java.lang.Object java.lang.invoke.DirectMethodHandle$Holder.newInvokeSpecial(java.lang.Object, int, java.lang.Object)'> (0x0000000623b6b968) 
thrown [s\open\src\hotspot\share\interpreter\linkResolver.cpp, line 759]
Event: 2.288 Thread 0x000002baacd5f9d0 Exception <a 'java/lang/NoSuchMethodError'{0x0000000623b70648}: 'int java.lang.invoke.DirectMethodHandle$Holder.invokeSpecialIFC(java.lang.Object, java.lang.Object, java.lang.Object, java.lang.Object)'> (0x0000000623b70648) 
thrown [s\open\src\hotspot\share\interpreter\linkResolver.cpp, line 759]
Event: 2.363 Thread 0x000002baacd5f9d0 Exception <a 'java/lang/NoSuchMethodError'{0x0000000623467e20}: 'void java.lang.invoke.DirectMethodHandle$Holder.invokeInterface(java.lang.Object, java.lang.Object, java.lang.Object)'> (0x0000000623467e20) 
thrown [s\open\src\hotspot\share\interpreter\linkResolver.cpp, line 759]
Event: 2.442 Thread 0x000002baacd5f9d0 Exception <a 'java/lang/NoSuchMethodError'{0x00000006235155a0}: 'java.lang.Object java.lang.invoke.DirectMethodHandle$Holder.invokeStatic(java.lang.Object, java.lang.Object, int)'> (0x00000006235155a0) 
thrown [s\open\src\hotspot\share\interpreter\linkResolver.cpp, line 759]
Event: 2.443 Thread 0x000002baacd5f9d0 Exception <a 'java/lang/NoSuchMethodError'{0x0000000623520fb8}: 'void java.lang.invoke.DelegatingMethodHandle$Holder.delegate(java.lang.Object, java.lang.Object, int, java.lang.Object)'> (0x0000000623520fb8) 
thrown [s\open\src\hotspot\share\interpreter\linkResolver.cpp, line 759]
Event: 3.398 Thread 0x000002baacd5f9d0 Exception <a 'java/lang/NoSuchMethodError'{0x000000062363ea58}: 'java.lang.Object java.lang.invoke.DirectMethodHandle$Holder.invokeVirtual(java.lang.Object, java.lang.Object, java.lang.Object)'> (0x000000062363ea58) 
thrown [s\open\src\hotspot\share\interpreter\linkResolver.cpp, line 759]
Event: 3.423 Thread 0x000002baacd5f9d0 Exception <a 'java/lang/NoSuchMethodError'{0x00000006236c26f8}: 'void java.lang.invoke.DirectMethodHandle$Holder.invokeStaticInit(java.lang.Object, java.lang.Object, java.lang.Object)'> (0x00000006236c26f8) 
thrown [s\open\src\hotspot\share\interpreter\linkResolver.cpp, line 759]
Event: 3.431 Thread 0x000002baacd5f9d0 Exception <a 'java/lang/NoSuchMethodError'{0x0000000623713780}: 'java.lang.Object java.lang.invoke.DirectMethodHandle$Holder.invokeStatic(java.lang.Object, java.lang.Object, long, java.lang.Object)'> (0x0000000623713780) 
thrown [s\open\src\hotspot\share\interpreter\linkResolver.cpp, line 759]
Event: 3.431 Thread 0x000002baacd5f9d0 Exception <a 'java/lang/NoSuchMethodError'{0x0000000623717218}: 'java.lang.Object java.lang.invoke.DirectMethodHandle$Holder.invokeStaticInit(java.lang.Object, java.lang.Object, long, java.lang.Object)'> (0x0000000623717218) 
thrown [s\open\src\hotspot\share\interpreter\linkResolver.cpp, line 759]
Event: 3.432 Thread 0x000002baacd5f9d0 Exception <a 'java/lang/NoSuchMethodError'{0x000000062371d548}: 'java.lang.Object java.lang.invoke.DirectMethodHandle$Holder.newInvokeSpecial(java.lang.Object, java.lang.Object, long)'> (0x000000062371d548) 
thrown [s\open\src\hotspot\share\interpreter\linkResolver.cpp, line 759]
Event: 3.432 Thread 0x000002baacd5f9d0 Exception <a 'java/lang/NoSuchMethodError'{0x00000006237210b8}: 'java.lang.Object java.lang.invoke.Invokers$Holder.linkToTargetMethod(java.lang.Object, long, java.lang.Object)'> (0x00000006237210b8) 
thrown [s\open\src\hotspot\share\interpreter\linkResolver.cpp, line 759]
Event: 3.447 Thread 0x000002baacd5f9d0 Exception <a 'java/lang/NoSuchMethodError'{0x000000062377c610}: 'void java.lang.invoke.DirectMethodHandle$Holder.invokeSpecial(java.lang.Object, java.lang.Object, java.lang.Object, java.lang.Object, java.lang.Object)'> (0x000000062377c610) 
thrown [s\open\src\hotspot\share\interpreter\linkResolver.cpp, line 759]
Event: 3.453 Thread 0x000002baacd5f9d0 Exception <a 'java/lang/NoSuchMethodError'{0x0000000623784ba0}: 'void java.lang.invoke.DirectMethodHandle$Holder.invokeVirtual(java.lang.Object, java.lang.Object, java.lang.Object, java.lang.Object)'> (0x0000000623784ba0) 
thrown [s\open\src\hotspot\share\interpreter\linkResolver.cpp, line 759]
Event: 3.501 Thread 0x000002baacd5f9d0 Exception <a 'java/lang/NoSuchMethodError'{0x00000006230f62b0}: 'void java.lang.invoke.DirectMethodHandle$Holder.invokeSpecial(java.lang.Object, java.lang.Object, java.lang.Object)'> (0x00000006230f62b0) 
thrown [s\open\src\hotspot\share\interpreter\linkResolver.cpp, line 759]
Event: 3.508 Thread 0x000002baacd5f9d0 Exception <a 'java/lang/IncompatibleClassChangeError'{0x0000000623122cc8}: Found class java.lang.Object, but interface was expected> (0x0000000623122cc8) 
thrown [s\open\src\hotspot\share\interpreter\linkResolver.cpp, line 826]

VM Operations (20 events):
Event: 2.259 Executing VM operation: HandshakeAllThreads
Event: 2.259 Executing VM operation: HandshakeAllThreads done
Event: 2.441 Executing VM operation: HandshakeAllThreads
Event: 2.441 Executing VM operation: HandshakeAllThreads done
Event: 2.473 Executing VM operation: HandshakeAllThreads
Event: 2.473 Executing VM operation: HandshakeAllThreads done
Event: 2.476 Executing VM operation: HandshakeAllThreads
Event: 2.476 Executing VM operation: HandshakeAllThreads done
Event: 3.470 Executing VM operation: ICBufferFull
Event: 3.470 Executing VM operation: ICBufferFull done
Event: 3.497 Executing VM operation: HandshakeAllThreads
Event: 3.497 Executing VM operation: HandshakeAllThreads done
Event: 3.498 Executing VM operation: HandshakeAllThreads
Event: 3.498 Executing VM operation: HandshakeAllThreads done
Event: 3.745 Executing VM operation: HandshakeAllThreads
Event: 3.771 Executing VM operation: HandshakeAllThreads done
Event: 3.772 Executing VM operation: HandshakeAllThreads
Event: 3.787 Executing VM operation: HandshakeAllThreads done
Event: 3.788 Executing VM operation: HandshakeAllThreads
Event: 3.788 Executing VM operation: HandshakeAllThreads done

Events (20 events):
Event: 3.906 loading class jdk/internal/reflect/ByteVectorImpl
Event: 3.906 loading class jdk/internal/reflect/ByteVector
Event: 3.906 loading class jdk/internal/reflect/ByteVector done
Event: 3.906 loading class jdk/internal/reflect/ByteVectorImpl done
Event: 3.906 loading class jdk/internal/reflect/ClassFileAssembler
Event: 3.906 loading class jdk/internal/reflect/ClassFileAssembler done
Event: 3.906 loading class jdk/internal/reflect/UTF8
Event: 3.906 loading class jdk/internal/reflect/UTF8 done
Event: 3.907 loading class jdk/internal/reflect/Label
Event: 3.907 loading class jdk/internal/reflect/Label done
Event: 3.907 loading class jdk/internal/reflect/Label$PatchInfo
Event: 3.907 loading class jdk/internal/reflect/Label$PatchInfo done
Event: 3.907 loading class jdk/internal/reflect/MethodAccessorGenerator$1
Event: 3.907 loading class jdk/internal/reflect/MethodAccessorGenerator$1 done
Event: 3.907 loading class jdk/internal/reflect/ClassDefiner
Event: 3.907 loading class jdk/internal/reflect/ClassDefiner done
Event: 3.907 loading class jdk/internal/reflect/ClassDefiner$1
Event: 3.907 loading class jdk/internal/reflect/ClassDefiner$1 done
Event: 3.908 loading class jdk/internal/reflect/BootstrapConstructorAccessorImpl
Event: 3.908 loading class jdk/internal/reflect/BootstrapConstructorAccessorImpl done


Dynamic libraries:
0x00007ff63f730000 - 0x00007ff63f740000 	C:\Program Files\Java\jdk-17\bin\java.exe
0x00007ffae0de0000 - 0x00007ffae1040000 	C:\WINDOWS\SYSTEM32\ntdll.dll
0x00007ffadf590000 - 0x00007ffadf657000 	C:\WINDOWS\System32\KERNEL32.DLL
0x00007ffade110000 - 0x00007ffade4da000 	C:\WINDOWS\System32\KERNELBASE.dll
0x00007ffaddfc0000 - 0x00007ffade10b000 	C:\WINDOWS\System32\ucrtbase.dll
0x00007fface590000 - 0x00007fface5a9000 	C:\Program Files\Java\jdk-17\bin\jli.dll
0x00007ffae01c0000 - 0x00007ffae0272000 	C:\WINDOWS\System32\ADVAPI32.dll
0x00007ffadfe00000 - 0x00007ffadfea9000 	C:\WINDOWS\System32\msvcrt.dll
0x00007ffadf4e0000 - 0x00007ffadf586000 	C:\WINDOWS\System32\sechost.dll
0x00007ffadf800000 - 0x00007ffadf916000 	C:\WINDOWS\System32\RPCRT4.dll
0x00007ffadfad0000 - 0x00007ffadfc9c000 	C:\WINDOWS\System32\USER32.dll
0x00007ffade710000 - 0x00007ffade737000 	C:\WINDOWS\System32\win32u.dll
0x00007ffae0190000 - 0x00007ffae01ba000 	C:\WINDOWS\System32\GDI32.dll
0x00007ffade740000 - 0x00007ffade871000 	C:\WINDOWS\System32\gdi32full.dll
0x00007ffade4e0000 - 0x00007ffade583000 	C:\WINDOWS\System32\msvcp_win.dll
0x00007ffaca750000 - 0x00007ffaca76b000 	C:\Program Files\Java\jdk-17\bin\VCRUNTIME140.dll
0x00007ffabb410000 - 0x00007ffabb6a7000 	C:\WINDOWS\WinSxS\amd64_microsoft.windows.common-controls_6595b64144ccf1df_6.0.26100.3624_none_3e086962e3345f24\COMCTL32.dll
0x00007ffaced10000 - 0x00007ffaced1b000 	C:\WINDOWS\SYSTEM32\VERSION.dll
0x00007ffadf660000 - 0x00007ffadf68f000 	C:\WINDOWS\System32\IMM32.DLL
0x00007ffad8a90000 - 0x00007ffad8a9c000 	C:\Program Files\Java\jdk-17\bin\vcruntime140_1.dll
0x00007ffa9d2e0000 - 0x00007ffa9d36e000 	C:\Program Files\Java\jdk-17\bin\msvcp140.dll
0x00007ffa7b7b0000 - 0x00007ffa7c390000 	C:\Program Files\Java\jdk-17\bin\server\jvm.dll
0x00007ffadfeb0000 - 0x00007ffadfeb8000 	C:\WINDOWS\System32\PSAPI.DLL
0x00007ffada950000 - 0x00007ffada95a000 	C:\WINDOWS\SYSTEM32\WSOCK32.dll
0x00007ffae0360000 - 0x00007ffae03d4000 	C:\WINDOWS\System32\WS2_32.dll
0x00007ffad4770000 - 0x00007ffad47a6000 	C:\WINDOWS\SYSTEM32\WINMM.dll
0x00007ffadcd90000 - 0x00007ffadcdaa000 	C:\WINDOWS\SYSTEM32\kernel.appcore.dll
0x00007fface580000 - 0x00007fface58a000 	C:\Program Files\Java\jdk-17\bin\jimage.dll
0x00007ffadb1e0000 - 0x00007ffadb421000 	C:\WINDOWS\SYSTEM32\DBGHELP.DLL
0x00007ffae04f0000 - 0x00007ffae0872000 	C:\WINDOWS\System32\combase.dll
0x00007ffae0280000 - 0x00007ffae0356000 	C:\WINDOWS\System32\OLEAUT32.dll
0x00007ffa9cf40000 - 0x00007ffa9cf79000 	C:\WINDOWS\SYSTEM32\dbgcore.DLL
0x00007ffadeb40000 - 0x00007ffadebd9000 	C:\WINDOWS\System32\bcryptPrimitives.dll
0x00007ffab4950000 - 0x00007ffab4975000 	C:\Program Files\Java\jdk-17\bin\java.dll
0x00007ffa827d0000 - 0x00007ffa828a7000 	C:\Program Files\Java\jdk-17\bin\jsvml.dll
0x00007ffadedb0000 - 0x00007ffadf4d9000 	C:\WINDOWS\System32\SHELL32.dll
0x00007ffade9d0000 - 0x00007ffadeb38000 	C:\WINDOWS\System32\wintypes.dll
0x00007ffadbc20000 - 0x00007ffadc472000 	C:\WINDOWS\SYSTEM32\windows.storage.dll
0x00007ffae0400000 - 0x00007ffae04ed000 	C:\WINDOWS\System32\SHCORE.dll
0x00007ffadebe0000 - 0x00007ffadec44000 	C:\WINDOWS\System32\shlwapi.dll
0x00007ffadded0000 - 0x00007ffaddeff000 	C:\WINDOWS\SYSTEM32\profapi.dll
0x00007ffac9e90000 - 0x00007ffac9ea9000 	C:\Program Files\Java\jdk-17\bin\net.dll
0x00007ffad6660000 - 0x00007ffad677d000 	C:\WINDOWS\SYSTEM32\WINHTTP.dll
0x00007ffadd290000 - 0x00007ffadd2fa000 	C:\WINDOWS\system32\mswsock.dll
0x00007ffac9e50000 - 0x00007ffac9e66000 	C:\Program Files\Java\jdk-17\bin\nio.dll
0x00007ffac7fa0000 - 0x00007ffac7fb8000 	C:\Program Files\Java\jdk-17\bin\zip.dll
0x00007ffaca790000 - 0x00007ffaca79a000 	C:\Program Files\Java\jdk-17\bin\management.dll
0x00007ffaca740000 - 0x00007ffaca74b000 	C:\Program Files\Java\jdk-17\bin\management_ext.dll
0x00007ffadc740000 - 0x00007ffadc773000 	C:\WINDOWS\SYSTEM32\IPHLPAPI.DLL
0x00007ffadf920000 - 0x00007ffadf92a000 	C:\WINDOWS\System32\NSI.dll
0x00007ffad67d0000 - 0x00007ffad67ef000 	C:\WINDOWS\SYSTEM32\dhcpcsvc6.DLL
0x00007ffad67a0000 - 0x00007ffad67c5000 	C:\WINDOWS\SYSTEM32\dhcpcsvc.DLL
0x00007ffadc780000 - 0x00007ffadc8a5000 	C:\WINDOWS\SYSTEM32\DNSAPI.dll
0x00007ffacecd0000 - 0x00007ffacecdb000 	C:\Windows\System32\rasadhlp.dll
0x00007ffad7590000 - 0x00007ffad7615000 	C:\WINDOWS\System32\fwpuclnt.dll

dbghelp: loaded successfully - version: 4.0.5 - missing functions: none
symbol engine: initialized successfully - sym options: 0x614 - pdb path: .;C:\Program Files\Java\jdk-17\bin;C:\WINDOWS\SYSTEM32;C:\WINDOWS\WinSxS\amd64_microsoft.windows.common-controls_6595b64144ccf1df_6.0.26100.3624_none_3e086962e3345f24;C:\Program Files\Java\jdk-17\bin\server

VM Arguments:
jvm_args: -XX:+ShowCodeDetailsInExceptionMessages 
java_command: com.manamer.backend.business.sellout.SelloutApplication
java_class_path (initial): C:\Users\Fernanda Jama\OneDrive - Manamer\Documentos\PROYECTOS 2024 - 2025\sellout1\backend\business\sellout\target\classes;C:\Users\Fernanda Jama\.m2\repository\org\springframework\boot\spring-boot-starter\3.2.4\spring-boot-starter-3.2.4.jar;C:\Users\Fernanda Jama\.m2\repository\org\springframework\boot\spring-boot\3.2.4\spring-boot-3.2.4.jar;C:\Users\Fernanda Jama\.m2\repository\org\springframework\boot\spring-boot-autoconfigure\3.2.4\spring-boot-autoconfigure-3.2.4.jar;C:\Users\Fernanda Jama\.m2\repository\org\springframework\boot\spring-boot-starter-logging\3.2.4\spring-boot-starter-logging-3.2.4.jar;C:\Users\Fernanda Jama\.m2\repository\ch\qos\logback\logback-classic\1.4.14\logback-classic-1.4.14.jar;C:\Users\Fernanda Jama\.m2\repository\ch\qos\logback\logback-core\1.4.14\logback-core-1.4.14.jar;C:\Users\Fernanda Jama\.m2\repository\org\apache\logging\log4j\log4j-to-slf4j\2.23.1\log4j-to-slf4j-2.23.1.jar;C:\Users\Fernanda Jama\.m2\repository\org\slf4j\jul-to-slf4j\2.0.12\jul-to-slf4j-2.0.12.jar;C:\Users\Fernanda Jama\.m2\repository\jakarta\annotation\jakarta.annotation-api\2.1.1\jakarta.annotation-api-2.1.1.jar;C:\Users\Fernanda Jama\.m2\repository\org\springframework\spring-core\6.1.11\spring-core-6.1.11.jar;C:\Users\Fernanda Jama\.m2\repository\org\springframework\spring-jcl\6.1.11\spring-jcl-6.1.11.jar;C:\Users\Fernanda Jama\.m2\repository\org\yaml\snakeyaml\2.2\snakeyaml-2.2.jar;C:\Users\Fernanda Jama\.m2\repository\com\microsoft\sqlserver\mssql-jdbc\12.4.2.jre11\mssql-jdbc-12.4.2.jre11.jar;C:\Users\Fernanda Jama\.m2\repository\org\projectlombok\lombok\1.18.28\lombok-1.18.28.jar;C:\Users\Fernanda Jama\.m2\repository\org\springframework\boot\spring-boot-starter-data-jpa\3.2.4\spring-boot-starter-data-jpa-3.2.4.jar;C:\Users\Fernanda Jama\.m2\repository\org\springframework\boot\spring-boot-starter-aop\3.2.4\spring-boot-starter-aop-3.2.4.jar;C:\Users\Fernanda Jama\.m2\repository\org\aspectj\aspectjweaver\1.9.21\aspectjweaver-1.9.21.
Launcher Type: SUN_STANDARD

[Global flags]
     intx CICompilerCount                          = 4                                         {product} {ergonomic}
     uint ConcGCThreads                            = 2                                         {product} {ergonomic}
     uint G1ConcRefinementThreads                  = 8                                         {product} {ergonomic}
   size_t G1HeapRegionSize                         = 4194304                                   {product} {ergonomic}
    uintx GCDrainStackTargetSize                   = 64                                        {product} {ergonomic}
   size_t InitialHeapSize                          = 532676608                                 {product} {ergonomic}
   size_t MarkStackSize                            = 4194304                                   {product} {ergonomic}
   size_t MaxHeapSize                              = 8518631424                                {product} {ergonomic}
   size_t MaxNewSize                               = 5108662272                                {product} {ergonomic}
   size_t MinHeapDeltaBytes                        = 4194304                                   {product} {ergonomic}
   size_t MinHeapSize                              = 8388608                                   {product} {ergonomic}
    uintx NonNMethodCodeHeapSize                   = 5839372                                {pd product} {ergonomic}
    uintx NonProfiledCodeHeapSize                  = 122909434                              {pd product} {ergonomic}
    uintx ProfiledCodeHeapSize                     = 122909434                              {pd product} {ergonomic}
    uintx ReservedCodeCacheSize                    = 251658240                              {pd product} {ergonomic}
     bool SegmentedCodeCache                       = true                                      {product} {ergonomic}
     bool ShowCodeDetailsInExceptionMessages       = true                                   {manageable} {command line}
   size_t SoftMaxHeapSize                          = 8518631424                             {manageable} {ergonomic}
     bool UseCompressedClassPointers               = true                           {product lp64_product} {ergonomic}
     bool UseCompressedOops                        = true                           {product lp64_product} {ergonomic}
     bool UseG1GC                                  = true                                      {product} {ergonomic}
     bool UseLargePagesIndividualAllocation        = false                                  {pd product} {ergonomic}

Logging:
Log output configuration:
 #0: stdout all=warning uptime,level,tags
 #1: stderr all=off uptime,level,tags

Environment Variables:
JAVA_HOME=C:\Program Files\Java\jdk-17
PATH=C:\Program Files\Java\jdk-17\bin;C:\apache-maven-3.9.9\bin;C:\Program Files\Common Files\Oracle\Java\javapath;C:\Program Files (x86)\Common Files\Oracle\Java\java8path;C:\Program Files (x86)\Common Files\Oracle\Java\javapath;C:\Program Files\Microsoft MPI\Bin\;C:\WINDOWS\system32;C:\WINDOWS;C:\WINDOWS\System32\Wbem;C:\WINDOWS\System32\WindowsPowerShell\v1.0\;C:\WINDOWS\System32\OpenSSH\;C:\Program Files (x86)\Microsoft SQL Server\160\DTS\Binn\;C:\Program Files\Azure Data Studio\bin;C:\Program Files (x86)\Microsoft SQL Server\150\Tools\Binn\;C:\Program Files\Microsoft SQL Server\150\Tools\Binn\;C:\Program Files (x86)\Microsoft SQL Server\150\DTS\Binn\;C:\Program Files\Microsoft SQL Server\150\DTS\Binn\;C:\Program Files\Microsoft SQL Server\Client SDK\ODBC\170\Tools\Binn\;C:\Program Files\nodejs\;C:\ProgramData\chocolatey\bin;C:\Program Files\Git\cmd;C:\Program Files\Docker\Docker\resources\bin;c:\Users\Fernanda Jama\AppData\Local\Programs\Trae\bin;C:\Users\Fernanda Jama\AppData\Local\Programs\Python\Python36\Scripts\;C:\Users\Fernanda Jama\AppData\Local\Programs\Python\Python36\;C:\Users\Fernanda Jama\AppData\Local\Microsoft\WindowsApps;C:\Users\Fernanda Jama\AppData\Local\Programs\Microsoft VS Code\bin;C:\Program Files\Azure Data Studio\bin;C:\Users\Fernanda Jama\AppData\Roaming\npm;C:\Users\Fernanda Jama\AppData\Local\GitHubDesktop\bin;C:\Program Files\JetBrains\IntelliJ IDEA Community Edition 2024.1.1\bin;
USERNAME=Fernanda Jama
LANG=en_US.UTF-8
OS=Windows_NT
PROCESSOR_IDENTIFIER=Intel64 Family 6 Model 140 Stepping 1, GenuineIntel



---------------  S Y S T E M  ---------------

OS:
 Windows 11 , 64 bit Build 26100 (10.0.26100.3775)
OS uptime: 1 days 0:45 hours
Hyper-V role detected

CPU: total 8 (initial active 8) (4 cores per cpu, 2 threads per core) family 6 model 140 stepping 1 microcode 0xba, cx8, cmov, fxsr, ht, mmx, 3dnowpref, sse, sse2, sse3, ssse3, sse4.1, sse4.2, popcnt, lzcnt, tsc, tscinvbit, avx, avx2, aes, erms, clmul, bmi1, bmi2, adx, avx512f, avx512dq, avx512cd, avx512bw, avx512vl, sha, fma, vzeroupper, avx512_vpopcntdq, avx512_vpclmulqdq, avx512_vaes, avx512_vnni, clflush, clflushopt, clwb, avx512_vbmi2, avx512_vbmi, hv

Memory: 4k page, system-wide physical 32494M (3002M free)
TotalPageFile size 93435M (AvailPageFile size 244M)
current process WorkingSet (physical memory assigned to process): 142M, peak: 142M
current process commit charge ("private bytes"): 660M, peak: 660M

vm_info: Java HotSpot(TM) 64-Bit Server VM (17.0.11+7-LTS-207) for windows-amd64 JRE (17.0.11+7-LTS-207), built on Mar 11 2024 19:01:50 by "mach5one" with MS VC++ 17.6 (VS2022)

END.
