#
# There is insufficient memory for the Java Runtime Environment to continue.
# Native memory allocation (malloc) failed to allocate 1251456 bytes for Chunk::new
# Possible reasons:
#   The system is out of physical RAM or swap space
#   The process is running with CompressedOops enabled, and the Java Heap may be blocking the growth of the native heap
# Possible solutions:
#   Reduce memory load on the system
#   Increase physical memory or swap space
#   Check if swap backing store is full
#   Decrease Java heap size (-Xmx/-Xms)
#   Decrease number of Java threads
#   Decrease Java thread stack sizes (-Xss)
#   Set larger code cache with -XX:ReservedCodeCacheSize=
#   JVM is running with Zero Based Compressed Oops mode in which the Java heap is
#     placed in the first 32GB address space. The Java Heap base address is the
#     maximum limit for the native heap growth. Please use -XX:HeapBaseMinAddress
#     to set the Java Heap base and to place the Java Heap above 32GB virtual address.
# This output file may be truncated or incomplete.
#
#  Out of Memory Error (arena.cpp:189), pid=6404, tid=25332
#
# JRE version: Java(TM) SE Runtime Environment (17.0.15+9) (build 17.0.15+9-LTS-241)
# Java VM: Java HotSpot(TM) 64-Bit Server VM (17.0.15+9-LTS-241, mixed mode, sharing, tiered, compressed oops, compressed class ptrs, g1 gc, windows-amd64)
# No core dump will be written. Minidumps are not enabled by default on client versions of Windows
#

---------------  S U M M A R Y ------------

Command Line: -XX:+ShowCodeDetailsInExceptionMessages -Dspring.jmx.enabled=true -Dmanagement.endpoints.jmx.exposure.include=* -Dspring.application.admin.enabled=true -Dspring.boot.project.name=com.manamer.sellout.infraestructure.keycloak-adapter-keycloak-adapter -Djava.rmi.server.hostname=localhost -Dcom.sun.management.jmxremote.port=45558 -Dcom.sun.management.jmxremote.authenticate=false -Dcom.sun.management.jmxremote.ssl=false com.sellout.KeycloakAdapterApplication

Host: 11th Gen Intel(R) Core(TM) i7-1165G7 @ 2.80GHz, 8 cores, 39G,  Windows 11 , 64 bit Build 26100 (10.0.26100.5074)
Time: Fri Sep  5 10:40:51 2025 Hora est. Pacífico, Sudamérica elapsed time: 81858.873003 seconds (0d 22h 44m 18s)

---------------  T H R E A D  ---------------

Current thread (0x0000021fb4800350):  JavaThread "C2 CompilerThread0" daemon [_thread_in_native, id=25332, stack(0x000000a564300000,0x000000a564400000)]


Current CompileTask:
C2:81858873 11405   !   4       org.springframework.util.ReflectionUtils::doWithMethods (186 bytes)

Stack: [0x000000a564300000,0x000000a564400000]
Native frames: (J=compiled Java code, j=interpreted, Vv=VM code, C=native code)
V  [jvm.dll+0x67a46a]
V  [jvm.dll+0x7da6ad]
V  [jvm.dll+0x7dbff3]
V  [jvm.dll+0x7dc663]
V  [jvm.dll+0x24523f]
V  [jvm.dll+0xab763]
V  [jvm.dll+0xabd2c]
V  [jvm.dll+0x2aa6df]
V  [jvm.dll+0x5822c9]
V  [jvm.dll+0x21f5d2]
V  [jvm.dll+0x21f9cf]
V  [jvm.dll+0x218c50]
V  [jvm.dll+0x215d15]
V  [jvm.dll+0x1a2a00]
V  [jvm.dll+0x2262bb]
V  [jvm.dll+0x22445b]
V  [jvm.dll+0x790acc]
V  [jvm.dll+0x78b0ba]
V  [jvm.dll+0x679355]
C  [ucrtbase.dll+0x37b0]
C  [KERNEL32.DLL+0x2e8d7]
C  [ntdll.dll+0x8d9c]


---------------  P R O C E S S  ---------------

Threads class SMR info:
_java_thread_list=0x0000021ffde82230, length=25, elements={
0x0000021fb47e0d80, 0x0000021fb47e24a0, 0x0000021fb47f9440, 0x0000021fb47fbe00,
0x0000021fb47fd320, 0x0000021fb47ff760, 0x0000021fb4800350, 0x0000021fb48036f0,
0x0000021fb4808720, 0x0000021ff6111150, 0x0000021ff62221e0, 0x0000021ff68666d0,
0x0000021ff6868880, 0x0000021ff6867070, 0x0000021ff68696f0, 0x0000021ffe039210,
0x0000021ff6866200, 0x0000021ff6867ee0, 0x0000021ff6868d50, 0x0000021ff6869220,
0x0000021ff6865d30, 0x0000021ff6867540, 0x0000021ffe0331d0, 0x0000021ffe034510,
0x0000021ffc07a010
}

Java Threads: ( => current thread )
  0x0000021fb47e0d80 JavaThread "Reference Handler" daemon [_thread_blocked, id=21948, stack(0x000000a563d00000,0x000000a563e00000)]
  0x0000021fb47e24a0 JavaThread "Finalizer" daemon [_thread_blocked, id=14688, stack(0x000000a563e00000,0x000000a563f00000)]
  0x0000021fb47f9440 JavaThread "Signal Dispatcher" daemon [_thread_blocked, id=22024, stack(0x000000a563f00000,0x000000a564000000)]
  0x0000021fb47fbe00 JavaThread "Attach Listener" daemon [_thread_blocked, id=23600, stack(0x000000a564000000,0x000000a564100000)]
  0x0000021fb47fd320 JavaThread "Service Thread" daemon [_thread_blocked, id=14740, stack(0x000000a564100000,0x000000a564200000)]
  0x0000021fb47ff760 JavaThread "Monitor Deflation Thread" daemon [_thread_blocked, id=23392, stack(0x000000a564200000,0x000000a564300000)]
=>0x0000021fb4800350 JavaThread "C2 CompilerThread0" daemon [_thread_in_native, id=25332, stack(0x000000a564300000,0x000000a564400000)]
  0x0000021fb48036f0 JavaThread "C1 CompilerThread0" daemon [_thread_blocked, id=4296, stack(0x000000a564400000,0x000000a564500000)]
  0x0000021fb4808720 JavaThread "Sweeper thread" daemon [_thread_blocked, id=25008, stack(0x000000a564500000,0x000000a564600000)]
  0x0000021ff6111150 JavaThread "Common-Cleaner" daemon [_thread_blocked, id=23852, stack(0x000000a564600000,0x000000a564700000)]
  0x0000021ff62221e0 JavaThread "Notification Thread" daemon [_thread_blocked, id=6608, stack(0x000000a564700000,0x000000a564800000)]
  0x0000021ff68666d0 JavaThread "RMI TCP Accept-0" daemon [_thread_in_native, id=23716, stack(0x000000a564900000,0x000000a564a00000)]
  0x0000021ff6868880 JavaThread "RMI TCP Accept-45558" daemon [_thread_in_native, id=8908, stack(0x000000a564a00000,0x000000a564b00000)]
  0x0000021ff6867070 JavaThread "RMI TCP Accept-0" daemon [_thread_in_native, id=8100, stack(0x000000a564b00000,0x000000a564c00000)]
  0x0000021ff68696f0 JavaThread "RMI Scheduler(0)" daemon [_thread_blocked, id=23264, stack(0x000000a564f00000,0x000000a565000000)]
  0x0000021ffe039210 JavaThread "DestroyJavaVM" [_thread_blocked, id=24776, stack(0x000000a563600000,0x000000a563700000)]
  0x0000021ff6866200 JavaThread "Thread-1" [_thread_blocked, id=1408, stack(0x000000a563300000,0x000000a563400000)]
  0x0000021ff6867ee0 JavaThread "File Watcher" daemon [_thread_blocked, id=24972, stack(0x000000a563400000,0x000000a563500000)]
  0x0000021ff6868d50 JavaThread "restartedMain" [_thread_in_native, id=21584, stack(0x000000a564800000,0x000000a564900000)]
  0x0000021ff6869220 JavaThread "Catalina-utility-1" [_thread_blocked, id=18852, stack(0x000000a565000000,0x000000a565100000)]
  0x0000021ff6865d30 JavaThread "Catalina-utility-2" [_thread_blocked, id=18144, stack(0x000000a565100000,0x000000a565200000)]
  0x0000021ff6867540 JavaThread "container-0" [_thread_blocked, id=29412, stack(0x000000a565900000,0x000000a565a00000)]
  0x0000021ffe0331d0 JavaThread "spring.cloud.inetutils" daemon [_thread_blocked, id=9832, stack(0x000000a565c00000,0x000000a565d00000)]
  0x0000021ffe034510 JavaThread "File Watcher" daemon [_thread_blocked, id=27828, stack(0x000000a565a00000,0x000000a565b00000)]
  0x0000021ffc07a010 JavaThread "C2 CompilerThread1" daemon [_thread_in_native, id=24152, stack(0x000000a564e00000,0x000000a564f00000)]

Other Threads:
  0x0000021fb47d9fc0 VMThread "VM Thread" [stack: 0x000000a563c00000,0x000000a563d00000] [id=22876]
  0x0000021f81f37290 WatcherThread [stack: 0x000000a564c00000,0x000000a564d00000] [id=4508]
  0x0000021f81fe09c0 GCTaskThread "GC Thread#0" [stack: 0x000000a563700000,0x000000a563800000] [id=1012]
  0x0000021ffba133d0 GCTaskThread "GC Thread#1" [stack: 0x000000a565200000,0x000000a565300000] [id=22424]
  0x0000021ffb734570 GCTaskThread "GC Thread#2" [stack: 0x000000a565300000,0x000000a565400000] [id=23892]
  0x0000021ffbb02020 GCTaskThread "GC Thread#3" [stack: 0x000000a565400000,0x000000a565500000] [id=22348]
  0x0000021ffbb022e0 GCTaskThread "GC Thread#4" [stack: 0x000000a565500000,0x000000a565600000] [id=8924]
  0x0000021ffb5c6120 GCTaskThread "GC Thread#5" [stack: 0x000000a565600000,0x000000a565700000] [id=9932]
  0x0000021ffb5c63e0 GCTaskThread "GC Thread#6" [stack: 0x000000a565700000,0x000000a565800000] [id=20028]
  0x0000021ffb8c6430 GCTaskThread "GC Thread#7" [stack: 0x000000a565800000,0x000000a565900000] [id=18548]
  0x0000021f81feb850 ConcurrentGCThread "G1 Main Marker" [stack: 0x000000a563800000,0x000000a563900000] [id=20300]
  0x0000021f81fecf30 ConcurrentGCThread "G1 Conc#0" [stack: 0x000000a563900000,0x000000a563a00000] [id=24324]
  0x0000021ffc94d310 ConcurrentGCThread "G1 Conc#1" [stack: 0x000000a565b00000,0x000000a565c00000] [id=14168]
  0x0000021fb4712030 ConcurrentGCThread "G1 Refine#0" [stack: 0x000000a563a00000,0x000000a563b00000] [id=22356]
  0x0000021ffce21ee0 ConcurrentGCThread "G1 Refine#1" [stack: 0x000000a564d00000,0x000000a564e00000] [id=12860]
  0x0000021fb4712a60 ConcurrentGCThread "G1 Service" [stack: 0x000000a563b00000,0x000000a563c00000] [id=20560]

Threads with active compile tasks:
C2 CompilerThread0  81858936 11405   !   4       org.springframework.util.ReflectionUtils::doWithMethods (186 bytes)
C2 CompilerThread1  81858936 11409       4       org.springframework.boot.context.properties.source.ConfigurationPropertyName::convertElement (87 bytes)

VM state: not at safepoint (normal execution)

VM Mutex/Monitor currently owned by a thread: None

Heap address: 0x0000000583000000, size: 10192 MB, Compressed Oops mode: Zero based, Oop shift amount: 3

CDS archive(s) mapped at: [0x0000021fb5000000-0x0000021fb5bd0000-0x0000021fb5bd0000), size 12386304, SharedBaseAddress: 0x0000021fb5000000, ArchiveRelocationMode: 1.
Compressed class space mapped at: 0x0000021fb6000000-0x0000021ff6000000, reserved size: 1073741824
Narrow klass base: 0x0000021fb5000000, Narrow klass shift: 0, Narrow klass range: 0x100000000

GC Precious Log:
 CPUs: 8 total, 8 available
 Memory: 40743M
 Large Page Support: Disabled
 NUMA Support: Disabled
 Compressed Oops: Enabled (Zero based)
 Heap Region Size: 8M
 Heap Min Capacity: 8M
 Heap Initial Capacity: 640M
 Heap Max Capacity: 10192M
 Pre-touch: Disabled
 Parallel Workers: 8
 Concurrent Workers: 2
 Concurrent Refinement Workers: 8
 Periodic GC: Disabled

Heap:
 garbage-first heap   total 81920K, used 45431K [0x0000000583000000, 0x0000000800000000)
  region size 8192K, 4 young (32768K), 1 survivors (8192K)
 Metaspace       used 50718K, committed 51264K, reserved 1114112K
  class space    used 6137K, committed 6464K, reserved 1048576K

Heap Regions: E=young(eden), S=young(survivor), O=old, HS=humongous(starts), HC=humongous(continues), CS=collection set, F=free, OA=open archive, CA=closed archive, TAMS=top-at-mark-start (previous, next)
|   0|0x0000000583000000, 0x00000005837f1f00, 0x0000000583800000| 99%| O|  |TAMS 0x0000000583000000, 0x0000000583000000| Untracked 
|   1|0x0000000583800000, 0x0000000583fffff0, 0x0000000584000000| 99%| O|  |TAMS 0x0000000583800000, 0x0000000583800000| Untracked 
|   2|0x0000000584000000, 0x000000058469d3f8, 0x0000000584800000| 82%| O|  |TAMS 0x0000000584000000, 0x0000000584000000| Untracked 
|   3|0x0000000584800000, 0x0000000584800000, 0x0000000585000000|  0%| F|  |TAMS 0x0000000584800000, 0x0000000584800000| Untracked 
|   4|0x0000000585000000, 0x0000000585000000, 0x0000000585800000|  0%| F|  |TAMS 0x0000000585000000, 0x0000000585000000| Untracked 
|   5|0x0000000585800000, 0x0000000585dcea90, 0x0000000586000000| 72%| S|CS|TAMS 0x0000000585800000, 0x0000000585800000| Complete 
|   6|0x0000000586000000, 0x0000000586000000, 0x0000000586800000|  0%| F|  |TAMS 0x0000000586000000, 0x0000000586000000| Untracked 
|   7|0x0000000586800000, 0x0000000586a7d0e8, 0x0000000587000000| 31%| E|  |TAMS 0x0000000586800000, 0x0000000586800000| Complete 
|  78|0x00000005aa000000, 0x00000005aa800000, 0x00000005aa800000|100%| E|CS|TAMS 0x00000005aa000000, 0x00000005aa000000| Complete 
|  79|0x00000005aa800000, 0x00000005ab000000, 0x00000005ab000000|100%| E|CS|TAMS 0x00000005aa800000, 0x00000005aa800000| Complete 

Card table byte_map: [0x0000021f9beb0000,0x0000021f9d2a0000] _byte_map_base: 0x0000021f99298000

Marking Bits (Prev, Next): (CMBitMap*) 0x0000021f81fe1020, (CMBitMap*) 0x0000021f81fe0fe0
 Prev Bits: [0x0000021fa85d0000, 0x0000021fb2510000)
 Next Bits: [0x0000021f9e690000, 0x0000021fa85d0000)

Polling page: 0x0000021f82000000

Metaspace:

Usage:
  Non-class:     43.54 MB used.
      Class:      5.99 MB used.
       Both:     49.53 MB used.

Virtual space:
  Non-class space:       64.00 MB reserved,      43.75 MB ( 68%) committed,  1 nodes.
      Class space:        1.00 GB reserved,       6.31 MB ( <1%) committed,  1 nodes.
             Both:        1.06 GB reserved,      50.06 MB (  5%) committed. 

Chunk freelists:
   Non-Class:  3.88 MB
       Class:  9.81 MB
        Both:  13.69 MB

MaxMetaspaceSize: unlimited
CompressedClassSpaceSize: 1.00 GB
Initial GC threshold: 21.00 MB
Current GC threshold: 82.62 MB
CDS: on
MetaspaceReclaimPolicy: balanced
 - commit_granule_bytes: 65536.
 - commit_granule_words: 8192.
 - virtual_space_node_default_size: 8388608.
 - enlarge_chunks_in_place: 1.
 - new_chunks_are_fully_committed: 0.
 - uncommit_free_chunks: 1.
 - use_allocation_guard: 0.
 - handle_deallocations: 1.


Internal statistics:

num_allocs_failed_limit: 6.
num_arena_births: 922.
num_arena_deaths: 284.
num_vsnodes_births: 2.
num_vsnodes_deaths: 0.
num_space_committed: 801.
num_space_uncommitted: 0.
num_chunks_returned_to_freelist: 369.
num_chunks_taken_from_freelist: 2895.
num_chunk_merges: 128.
num_chunk_splits: 1801.
num_chunks_enlarged: 1218.
num_inconsistent_stats: 0.

CodeHeap 'non-profiled nmethods': size=120000Kb used=7827Kb max_used=7951Kb free=112172Kb
 bounds [0x0000021f92b30000, 0x0000021f93300000, 0x0000021f9a060000]
CodeHeap 'profiled nmethods': size=120000Kb used=20264Kb max_used=21553Kb free=99735Kb
 bounds [0x0000021f8b060000, 0x0000021f8c570000, 0x0000021f92590000]
CodeHeap 'non-nmethods': size=5760Kb used=1289Kb max_used=1357Kb free=4470Kb
 bounds [0x0000021f92590000, 0x0000021f92800000, 0x0000021f92b30000]
 total_blobs=10172 nmethods=9573 adapters=511
 compilation: enabled
              stopped_count=0, restarted_count=0
 full_count=0

Compilation events (20 events):
Event: 81857.830 Thread 0x0000021fb48036f0 11427       3       org.springframework.boot.actuate.endpoint.EndpointId::hashCode (8 bytes)
Event: 81857.830 Thread 0x0000021fb48036f0 nmethod 11427 0x0000021f8b3d4310 code [0x0000021f8b3d44c0, 0x0000021f8b3d4608]
Event: 81857.837 Thread 0x0000021fb48036f0 11428       3       org.springframework.core.ResolvableType::resolveGeneric (9 bytes)
Event: 81857.837 Thread 0x0000021fb48036f0 nmethod 11428 0x0000021f8b10a910 code [0x0000021f8b10aac0, 0x0000021f8b10ad28]
Event: 81857.844 Thread 0x0000021fb48036f0 11429       1       org.springframework.boot.actuate.endpoint.annotation.EndpointDiscoverer::isEndpointTypeExposed (2 bytes)
Event: 81857.844 Thread 0x0000021fb48036f0 nmethod 11429 0x0000021f92d91d90 code [0x0000021f92d91f20, 0x0000021f92d91ff8]
Event: 81857.850 Thread 0x0000021fb48036f0 11430       3       org.springframework.util.ClassUtils::getAllInterfacesForClassAsSet (6 bytes)
Event: 81857.850 Thread 0x0000021fb48036f0 nmethod 11430 0x0000021f8b3a3710 code [0x0000021f8b3a38a0, 0x0000021f8b3a39c8]
Event: 81857.850 Thread 0x0000021fb48036f0 11431       3       org.springframework.boot.actuate.endpoint.annotation.DiscoveredOperationsFactory::createOperation (50 bytes)
Event: 81857.852 Thread 0x0000021fb48036f0 nmethod 11431 0x0000021f8c291c90 code [0x0000021f8c291fa0, 0x0000021f8c293588]
Event: 81857.871 Thread 0x0000021fb48036f0 11433       3       java.util.stream.Nodes$ArrayNode::asArray (25 bytes)
Event: 81857.871 Thread 0x0000021fb48036f0 nmethod 11433 0x0000021f8b1bc010 code [0x0000021f8b1bc1c0, 0x0000021f8b1bc3e8]
Event: 81857.887 Thread 0x0000021fb48036f0 11434   !   3       javax.management.NotificationBroadcasterSupport::sendNotification (118 bytes)
Event: 81857.888 Thread 0x0000021fb48036f0 nmethod 11434 0x0000021f8bb9a490 code [0x0000021f8bb9a720, 0x0000021f8bb9b3c8]
Event: 81857.888 Thread 0x0000021fb48036f0 11435       1       org.springframework.boot.actuate.endpoint.AbstractExposableEndpoint::getEndpointId (5 bytes)
Event: 81857.888 Thread 0x0000021fb48036f0 nmethod 11435 0x0000021f93014090 code [0x0000021f93014220, 0x0000021f930142f8]
Event: 81857.888 Thread 0x0000021fb48036f0 11436       3       javax.management.Notification::<init> (51 bytes)
Event: 81857.889 Thread 0x0000021fb48036f0 nmethod 11436 0x0000021f8b423290 code [0x0000021f8b4234a0, 0x0000021f8b423df8]
Event: 81857.889 Thread 0x0000021fb48036f0 11438       3       sun.util.logging.internal.LoggingProviderImpl$JULWrapper::log (13 bytes)
Event: 81857.890 Thread 0x0000021fb48036f0 nmethod 11438 0x0000021f8b2fc410 code [0x0000021f8b2fc5c0, 0x0000021f8b2fc7d8]

GC Heap History (20 events):
Event: 76411.230 GC heap before
{Heap before GC invocations=48 (full 0):
 garbage-first heap   total 81920K, used 55165K [0x0000000583000000, 0x0000000800000000)
  region size 8192K, 4 young (32768K), 1 survivors (8192K)
 Metaspace       used 49862K, committed 50432K, reserved 1114112K
  class space    used 6111K, committed 6400K, reserved 1048576K
}
Event: 76411.232 GC heap after
{Heap after GC invocations=49 (full 0):
 garbage-first heap   total 81920K, used 30595K [0x0000000583000000, 0x0000000800000000)
  region size 8192K, 1 young (8192K), 1 survivors (8192K)
 Metaspace       used 49862K, committed 50432K, reserved 1114112K
  class space    used 6111K, committed 6400K, reserved 1048576K
}
Event: 77107.844 GC heap before
{Heap before GC invocations=49 (full 0):
 garbage-first heap   total 81920K, used 55171K [0x0000000583000000, 0x0000000800000000)
  region size 8192K, 4 young (32768K), 1 survivors (8192K)
 Metaspace       used 49862K, committed 50432K, reserved 1114112K
  class space    used 6111K, committed 6400K, reserved 1048576K
}
Event: 77107.846 GC heap after
{Heap after GC invocations=50 (full 0):
 garbage-first heap   total 81920K, used 30592K [0x0000000583000000, 0x0000000800000000)
  region size 8192K, 1 young (8192K), 1 survivors (8192K)
 Metaspace       used 49862K, committed 50432K, reserved 1114112K
  class space    used 6111K, committed 6400K, reserved 1048576K
}
Event: 77805.053 GC heap before
{Heap before GC invocations=50 (full 0):
 garbage-first heap   total 81920K, used 55168K [0x0000000583000000, 0x0000000800000000)
  region size 8192K, 4 young (32768K), 1 survivors (8192K)
 Metaspace       used 49876K, committed 50496K, reserved 1114112K
  class space    used 6111K, committed 6400K, reserved 1048576K
}
Event: 77805.055 GC heap after
{Heap after GC invocations=51 (full 0):
 garbage-first heap   total 81920K, used 30650K [0x0000000583000000, 0x0000000800000000)
  region size 8192K, 1 young (8192K), 1 survivors (8192K)
 Metaspace       used 49876K, committed 50496K, reserved 1114112K
  class space    used 6111K, committed 6400K, reserved 1048576K
}
Event: 78504.067 GC heap before
{Heap before GC invocations=51 (full 0):
 garbage-first heap   total 81920K, used 55226K [0x0000000583000000, 0x0000000800000000)
  region size 8192K, 4 young (32768K), 1 survivors (8192K)
 Metaspace       used 49879K, committed 50496K, reserved 1114112K
  class space    used 6111K, committed 6400K, reserved 1048576K
}
Event: 78504.071 GC heap after
{Heap after GC invocations=52 (full 0):
 garbage-first heap   total 81920K, used 30645K [0x0000000583000000, 0x0000000800000000)
  region size 8192K, 1 young (8192K), 1 survivors (8192K)
 Metaspace       used 49879K, committed 50496K, reserved 1114112K
  class space    used 6111K, committed 6400K, reserved 1048576K
}
Event: 79202.540 GC heap before
{Heap before GC invocations=52 (full 0):
 garbage-first heap   total 81920K, used 55221K [0x0000000583000000, 0x0000000800000000)
  region size 8192K, 4 young (32768K), 1 survivors (8192K)
 Metaspace       used 49889K, committed 50496K, reserved 1114112K
  class space    used 6111K, committed 6400K, reserved 1048576K
}
Event: 79202.545 GC heap after
{Heap after GC invocations=53 (full 0):
 garbage-first heap   total 81920K, used 30651K [0x0000000583000000, 0x0000000800000000)
  region size 8192K, 1 young (8192K), 1 survivors (8192K)
 Metaspace       used 49889K, committed 50496K, reserved 1114112K
  class space    used 6111K, committed 6400K, reserved 1048576K
}
Event: 79883.924 GC heap before
{Heap before GC invocations=53 (full 0):
 garbage-first heap   total 81920K, used 55227K [0x0000000583000000, 0x0000000800000000)
  region size 8192K, 4 young (32768K), 1 survivors (8192K)
 Metaspace       used 49895K, committed 50496K, reserved 1114112K
  class space    used 6111K, committed 6400K, reserved 1048576K
}
Event: 79883.928 GC heap after
{Heap after GC invocations=54 (full 0):
 garbage-first heap   total 81920K, used 30680K [0x0000000583000000, 0x0000000800000000)
  region size 8192K, 1 young (8192K), 1 survivors (8192K)
 Metaspace       used 49895K, committed 50496K, reserved 1114112K
  class space    used 6111K, committed 6400K, reserved 1048576K
}
Event: 81676.230 GC heap before
{Heap before GC invocations=54 (full 0):
 garbage-first heap   total 81920K, used 55256K [0x0000000583000000, 0x0000000800000000)
  region size 8192K, 4 young (32768K), 1 survivors (8192K)
 Metaspace       used 49968K, committed 50560K, reserved 1114112K
  class space    used 6119K, committed 6400K, reserved 1048576K
}
Event: 81676.233 GC heap after
{Heap after GC invocations=55 (full 0):
 garbage-first heap   total 81920K, used 30703K [0x0000000583000000, 0x0000000800000000)
  region size 8192K, 1 young (8192K), 1 survivors (8192K)
 Metaspace       used 49968K, committed 50560K, reserved 1114112K
  class space    used 6119K, committed 6400K, reserved 1048576K
}
Event: 81842.936 GC heap before
{Heap before GC invocations=55 (full 0):
 garbage-first heap   total 81920K, used 38895K [0x0000000583000000, 0x0000000800000000)
  region size 8192K, 3 young (24576K), 1 survivors (8192K)
 Metaspace       used 50149K, committed 50752K, reserved 1114112K
  class space    used 6145K, committed 6464K, reserved 1048576K
}
Event: 81843.714 GC heap after
{Heap after GC invocations=56 (full 1):
 garbage-first heap   total 81920K, used 23100K [0x0000000583000000, 0x0000000800000000)
  region size 8192K, 0 young (0K), 0 survivors (0K)
 Metaspace       used 49790K, committed 50752K, reserved 1114112K
  class space    used 6072K, committed 6464K, reserved 1048576K
}
Event: 81851.934 GC heap before
{Heap before GC invocations=56 (full 1):
 garbage-first heap   total 81920K, used 64060K [0x0000000583000000, 0x0000000800000000)
  region size 8192K, 5 young (40960K), 0 survivors (0K)
 Metaspace       used 50218K, committed 50880K, reserved 1114112K
  class space    used 6121K, committed 6464K, reserved 1048576K
}
Event: 81851.953 GC heap after
{Heap after GC invocations=57 (full 1):
 garbage-first heap   total 81920K, used 26075K [0x0000000583000000, 0x0000000800000000)
  region size 8192K, 1 young (8192K), 1 survivors (8192K)
 Metaspace       used 50218K, committed 50880K, reserved 1114112K
  class space    used 6121K, committed 6464K, reserved 1048576K
}
Event: 81856.191 GC heap before
{Heap before GC invocations=57 (full 1):
 garbage-first heap   total 81920K, used 58843K [0x0000000583000000, 0x0000000800000000)
  region size 8192K, 5 young (40960K), 1 survivors (8192K)
 Metaspace       used 50671K, committed 51264K, reserved 1114112K
  class space    used 6137K, committed 6464K, reserved 1048576K
}
Event: 81856.202 GC heap after
{Heap after GC invocations=58 (full 1):
 garbage-first heap   total 81920K, used 29047K [0x0000000583000000, 0x0000000800000000)
  region size 8192K, 1 young (8192K), 1 survivors (8192K)
 Metaspace       used 50671K, committed 51264K, reserved 1114112K
  class space    used 6137K, committed 6464K, reserved 1048576K
}

Deoptimization events (20 events):
Event: 81857.574 Thread 0x0000021ff6868d50 DEOPT PACKING pc=0x0000021f931876a4 sp=0x000000a5648fca90
Event: 81857.574 Thread 0x0000021ff6868d50 DEOPT UNPACKING pc=0x0000021f925e5ba3 sp=0x000000a5648fca58 mode 2
Event: 81857.578 Thread 0x0000021ff6868d50 Uncommon trap: trap_request=0xffffffde fr.pc=0x0000021f930d46f8 relative=0x00000000000001b8
Event: 81857.578 Thread 0x0000021ff6868d50 Uncommon trap: reason=class_check action=maybe_recompile pc=0x0000021f930d46f8 method=java.util.regex.Pattern$CharProperty.match(Ljava/util/regex/Matcher;ILjava/lang/CharSequence;)Z @ 37 c2
Event: 81857.578 Thread 0x0000021ff6868d50 DEOPT PACKING pc=0x0000021f930d46f8 sp=0x000000a5648fbd30
Event: 81857.578 Thread 0x0000021ff6868d50 DEOPT UNPACKING pc=0x0000021f925e5ba3 sp=0x000000a5648fbcf0 mode 2
Event: 81857.578 Thread 0x0000021ff6868d50 Uncommon trap: trap_request=0xffffffde fr.pc=0x0000021f930d46f8 relative=0x00000000000001b8
Event: 81857.578 Thread 0x0000021ff6868d50 Uncommon trap: reason=class_check action=maybe_recompile pc=0x0000021f930d46f8 method=java.util.regex.Pattern$CharProperty.match(Ljava/util/regex/Matcher;ILjava/lang/CharSequence;)Z @ 37 c2
Event: 81857.578 Thread 0x0000021ff6868d50 DEOPT PACKING pc=0x0000021f930d46f8 sp=0x000000a5648fbcb0
Event: 81857.578 Thread 0x0000021ff6868d50 DEOPT UNPACKING pc=0x0000021f925e5ba3 sp=0x000000a5648fbc70 mode 2
Event: 81857.578 Thread 0x0000021ff6868d50 Uncommon trap: trap_request=0xffffffde fr.pc=0x0000021f930d46f8 relative=0x00000000000001b8
Event: 81857.578 Thread 0x0000021ff6868d50 Uncommon trap: reason=class_check action=maybe_recompile pc=0x0000021f930d46f8 method=java.util.regex.Pattern$CharProperty.match(Ljava/util/regex/Matcher;ILjava/lang/CharSequence;)Z @ 37 c2
Event: 81857.578 Thread 0x0000021ff6868d50 DEOPT PACKING pc=0x0000021f930d46f8 sp=0x000000a5648fbcb0
Event: 81857.578 Thread 0x0000021ff6868d50 DEOPT UNPACKING pc=0x0000021f925e5ba3 sp=0x000000a5648fbc70 mode 2
Event: 81857.579 Thread 0x0000021ff6868d50 Uncommon trap: trap_request=0xffffffde fr.pc=0x0000021f930d46f8 relative=0x00000000000001b8
Event: 81857.579 Thread 0x0000021ff6868d50 Uncommon trap: reason=class_check action=maybe_recompile pc=0x0000021f930d46f8 method=java.util.regex.Pattern$CharProperty.match(Ljava/util/regex/Matcher;ILjava/lang/CharSequence;)Z @ 37 c2
Event: 81857.579 Thread 0x0000021ff6868d50 DEOPT PACKING pc=0x0000021f930d46f8 sp=0x000000a5648fbcb0
Event: 81857.579 Thread 0x0000021ff6868d50 DEOPT UNPACKING pc=0x0000021f925e5ba3 sp=0x000000a5648fbc70 mode 2
Event: 81857.740 Thread 0x0000021ff6868d50 DEOPT PACKING pc=0x0000021f8b921ca1 sp=0x000000a5648fbb40
Event: 81857.740 Thread 0x0000021ff6868d50 DEOPT UNPACKING pc=0x0000021f925e66e3 sp=0x000000a5648faff0 mode 0

Classes unloaded (20 events):
Event: 81843.166 Thread 0x0000021fb47d9fc0 Unloading class 0x0000021fb60d5c00 'java/lang/invoke/LambdaForm$MH+0x0000021fb60d5c00'
Event: 81843.166 Thread 0x0000021fb47d9fc0 Unloading class 0x0000021fb60d5800 'java/lang/invoke/LambdaForm$MH+0x0000021fb60d5800'
Event: 81843.166 Thread 0x0000021fb47d9fc0 Unloading class 0x0000021fb60d5400 'java/lang/invoke/LambdaForm$MH+0x0000021fb60d5400'
Event: 81843.166 Thread 0x0000021fb47d9fc0 Unloading class 0x0000021fb60d5000 'java/lang/invoke/LambdaForm$MH+0x0000021fb60d5000'
Event: 81843.166 Thread 0x0000021fb47d9fc0 Unloading class 0x0000021fb60d4c00 'java/lang/invoke/LambdaForm$MH+0x0000021fb60d4c00'
Event: 81843.166 Thread 0x0000021fb47d9fc0 Unloading class 0x0000021fb60d4400 'java/lang/invoke/LambdaForm$MH+0x0000021fb60d4400'
Event: 81843.166 Thread 0x0000021fb47d9fc0 Unloading class 0x0000021fb60d4000 'java/lang/invoke/LambdaForm$MH+0x0000021fb60d4000'
Event: 81843.167 Thread 0x0000021fb47d9fc0 Unloading class 0x0000021fb60c0800 'jdk/internal/reflect/GeneratedSerializationConstructorAccessor3'
Event: 81843.167 Thread 0x0000021fb47d9fc0 Unloading class 0x0000021fb60c0400 'jdk/internal/reflect/GeneratedSerializationConstructorAccessor2'
Event: 81843.167 Thread 0x0000021fb47d9fc0 Unloading class 0x0000021fb60c0000 'jdk/internal/reflect/GeneratedSerializationConstructorAccessor1'
Event: 81843.167 Thread 0x0000021fb47d9fc0 Unloading class 0x0000021fb6008800 'java/lang/invoke/LambdaForm$DMH+0x0000021fb6008800'
Event: 81843.167 Thread 0x0000021fb47d9fc0 Unloading class 0x0000021fb6008000 'java/lang/invoke/LambdaForm$DMH+0x0000021fb6008000'
Event: 81843.167 Thread 0x0000021fb47d9fc0 Unloading class 0x0000021fb6007400 'jdk/internal/reflect/GeneratedConstructorAccessor1'
Event: 81843.167 Thread 0x0000021fb47d9fc0 Unloading class 0x0000021fb6006800 'java/lang/invoke/LambdaForm$MH+0x0000021fb6006800'
Event: 81843.167 Thread 0x0000021fb47d9fc0 Unloading class 0x0000021fb6006400 'java/lang/invoke/LambdaForm$MH+0x0000021fb6006400'
Event: 81843.167 Thread 0x0000021fb47d9fc0 Unloading class 0x0000021fb6006000 'java/lang/invoke/LambdaForm$MH+0x0000021fb6006000'
Event: 81843.167 Thread 0x0000021fb47d9fc0 Unloading class 0x0000021fb6005c00 'java/lang/invoke/LambdaForm$MH+0x0000021fb6005c00'
Event: 81843.167 Thread 0x0000021fb47d9fc0 Unloading class 0x0000021fb6005800 'java/lang/invoke/LambdaForm$MH+0x0000021fb6005800'
Event: 81843.167 Thread 0x0000021fb47d9fc0 Unloading class 0x0000021fb6004400 'java/lang/invoke/LambdaForm$MH+0x0000021fb6004400'
Event: 81843.167 Thread 0x0000021fb47d9fc0 Unloading class 0x0000021fb6004000 'java/lang/invoke/LambdaForm$MH+0x0000021fb6004000'

Classes redefined (0 events):
No events

Internal exceptions (20 events):
Event: 81844.000 Thread 0x0000021ff6865d30 Implicit null exception at 0x0000021f92deef7a to 0x0000021f92defc8c
Event: 81844.025 Thread 0x0000021ff6865d30 Exception <a 'sun/nio/fs/WindowsException'{0x00000005aa8ef9d0}> (0x00000005aa8ef9d0) 
thrown [s\open\src\hotspot\share\prims\jni.cpp, line 516]
Event: 81844.849 Thread 0x0000021ff6865d30 Implicit null exception at 0x0000021f92f2f0c9 to 0x0000021f92f319e4
Event: 81844.889 Thread 0x0000021ff6865d30 Exception <a 'java/lang/reflect/InvocationTargetException'{0x00000005aac33b70}> (0x00000005aac33b70) 
thrown [s\open\src\hotspot\share\runtime\reflection.cpp, line 1121]
Event: 81844.891 Thread 0x0000021ff6865d30 Exception <a 'java/lang/NoClassDefFoundError'{0x00000005aac44640}: jakarta/validation/ValidationException> (0x00000005aac44640) 
thrown [s\open\src\hotspot\share\classfile\systemDictionary.cpp, line 245]
Event: 81844.895 Thread 0x0000021ff6865d30 Exception <a 'java/lang/NoClassDefFoundError'{0x00000005aac605d8}: liquibase/exception/ChangeLogParseException> (0x00000005aac605d8) 
thrown [s\open\src\hotspot\share\classfile\systemDictionary.cpp, line 245]
Event: 81844.897 Thread 0x0000021ff6865d30 Exception <a 'java/lang/reflect/InvocationTargetException'{0x00000005aac80af8}> (0x00000005aac80af8) 
thrown [s\open\src\hotspot\share\runtime\reflection.cpp, line 1121]
Event: 81844.898 Thread 0x0000021ff6865d30 Exception <a 'java/lang/NoClassDefFoundError'{0x00000005aac93480}: org/springframework/jdbc/CannotGetJdbcConnectionException> (0x00000005aac93480) 
thrown [s\open\src\hotspot\share\classfile\systemDictionary.cpp, line 245]
Event: 81844.921 Thread 0x0000021ff6865d30 Exception <a 'java/lang/reflect/InvocationTargetException'{0x00000005aad00ec8}> (0x00000005aad00ec8) 
thrown [s\open\src\hotspot\share\runtime\reflection.cpp, line 1121]
Event: 81848.528 Thread 0x0000021ff6868d50 Exception <a 'sun/nio/fs/WindowsException'{0x00000005aadc8750}> (0x00000005aadc8750) 
thrown [s\open\src\hotspot\share\prims\jni.cpp, line 516]
Event: 81850.390 Thread 0x0000021ff6868d50 Exception <a 'sun/nio/fs/WindowsException'{0x00000005aa206aa0}> (0x00000005aa206aa0) 
thrown [s\open\src\hotspot\share\prims\jni.cpp, line 516]
Event: 81850.555 Thread 0x0000021ff6868d50 Exception <a 'java/lang/NoClassDefFoundError'{0x00000005aa61c248}: org/glassfish/jersey/server/monitoring/ApplicationEventListener> (0x00000005aa61c248) 
thrown [s\open\src\hotspot\share\classfile\systemDictionary.cpp, line 245]
Event: 81852.640 Thread 0x0000021ff6868d50 Exception <a 'java/lang/NoClassDefFoundError'{0x00000005aa1dc328}: org/flywaydb/core/Flyway> (0x00000005aa1dc328) 
thrown [s\open\src\hotspot\share\oops\constantPool.cpp, line 837]
Event: 81852.640 Thread 0x0000021ff6868d50 Exception <a 'java/lang/NoClassDefFoundError'{0x00000005aa1dc978}: liquibase/integration/spring/SpringLiquibase> (0x00000005aa1dc978) 
thrown [s\open\src\hotspot\share\oops\constantPool.cpp, line 837]
Event: 81852.902 Thread 0x0000021ff6868d50 Exception <a 'sun/nio/fs/WindowsException'{0x0000000586b33720}> (0x0000000586b33720) 
thrown [s\open\src\hotspot\share\prims\jni.cpp, line 516]
Event: 81852.904 Thread 0x0000021ff6868d50 Exception <a 'sun/nio/fs/WindowsException'{0x0000000586b33e38}> (0x0000000586b33e38) 
thrown [s\open\src\hotspot\share\prims\jni.cpp, line 516]
Event: 81852.909 Thread 0x0000021ff6868d50 Exception <a 'sun/nio/fs/WindowsException'{0x0000000586b34530}> (0x0000000586b34530) 
thrown [s\open\src\hotspot\share\prims\jni.cpp, line 516]
Event: 81853.042 Thread 0x0000021ff6868d50 Exception <a 'java/io/FileNotFoundException'{0x0000000586b928b8}> (0x0000000586b928b8) 
thrown [s\open\src\hotspot\share\prims\jni.cpp, line 516]
Event: 81853.701 Thread 0x0000021ff6868d50 Exception <a 'java/io/FileNotFoundException'{0x00000005862b09f8}> (0x00000005862b09f8) 
thrown [s\open\src\hotspot\share\prims\jni.cpp, line 516]
Event: 81853.987 Thread 0x0000021ff6868d50 Exception <a 'sun/nio/fs/WindowsException'{0x00000005867da278}> (0x00000005867da278) 
thrown [s\open\src\hotspot\share\prims\jni.cpp, line 516]

VM Operations (20 events):
Event: 81849.011 Executing VM operation: Cleanup done
Event: 81850.025 Executing VM operation: Cleanup
Event: 81850.025 Executing VM operation: Cleanup done
Event: 81851.030 Executing VM operation: Cleanup
Event: 81851.030 Executing VM operation: Cleanup done
Event: 81851.934 Executing VM operation: G1CollectForAllocation
Event: 81851.953 Executing VM operation: G1CollectForAllocation done
Event: 81852.957 Executing VM operation: Cleanup
Event: 81852.957 Executing VM operation: Cleanup done
Event: 81853.456 Executing VM operation: HandshakeAllThreads
Event: 81853.456 Executing VM operation: HandshakeAllThreads done
Event: 81853.991 Executing VM operation: G1CollectForAllocation
Event: 81856.265 Executing VM operation: G1CollectForAllocation done
Event: 81857.266 Executing VM operation: Cleanup
Event: 81857.266 Executing VM operation: Cleanup done
Event: 81857.535 Executing VM operation: HandshakeAllThreads
Event: 81857.536 Executing VM operation: HandshakeAllThreads done
Event: 81857.574 Executing VM operation: HandshakeAllThreads
Event: 81857.575 Executing VM operation: HandshakeAllThreads done
Event: 81858.582 Executing VM operation: Cleanup

Events (20 events):
Event: 81857.608 Thread 0x0000021fb4808720 flushing nmethod 0x0000021f8bf3c310
Event: 81857.609 Thread 0x0000021fb4808720 flushing nmethod 0x0000021f8bfc9410
Event: 81857.609 Thread 0x0000021fb4808720 flushing nmethod 0x0000021f8bfdf690
Event: 81857.609 Thread 0x0000021fb4808720 flushing nmethod 0x0000021f8c00a090
Event: 81857.609 Thread 0x0000021fb4808720 flushing nmethod 0x0000021f8c015490
Event: 81857.609 Thread 0x0000021fb4808720 flushing nmethod 0x0000021f8c046510
Event: 81857.609 Thread 0x0000021fb4808720 flushing nmethod 0x0000021f8c04b910
Event: 81857.609 Thread 0x0000021fb4808720 flushing nmethod 0x0000021f8c054b10
Event: 81857.609 Thread 0x0000021fb4808720 flushing nmethod 0x0000021f8c062110
Event: 81857.609 Thread 0x0000021fb4808720 flushing nmethod 0x0000021f8c064190
Event: 81857.610 Thread 0x0000021fb4808720 flushing nmethod 0x0000021f8c0c9610
Event: 81857.610 Thread 0x0000021fb4808720 flushing nmethod 0x0000021f8c0c9a10
Event: 81857.610 Thread 0x0000021fb4808720 flushing nmethod 0x0000021f8c0cc290
Event: 81857.610 Thread 0x0000021fb4808720 flushing nmethod 0x0000021f8c0cc810
Event: 81857.611 Thread 0x0000021fb4808720 flushing nmethod 0x0000021f8c283090
Event: 81857.611 Thread 0x0000021fb4808720 flushing nmethod 0x0000021f8c291c90
Event: 81857.611 Thread 0x0000021fb4808720 flushing nmethod 0x0000021f8c29b610
Event: 81857.611 Thread 0x0000021fb4808720 flushing nmethod 0x0000021f8c29be10
Event: 81857.636 Thread 0x0000021ffc0790e0 Thread exited: 0x0000021ffc0790e0
Event: 81858.864 Thread 0x0000021ffe034510 Thread added: 0x0000021ffe034510


Dynamic libraries:
0x00007ff717410000 - 0x00007ff717420000 	C:\Program Files\Java\jdk-17\bin\java.exe
0x00007ffc09100000 - 0x00007ffc09369000 	C:\Windows\SYSTEM32\ntdll.dll
0x00007ffc086e0000 - 0x00007ffc087a9000 	C:\Windows\System32\KERNEL32.DLL
0x00007ffc06520000 - 0x00007ffc06913000 	C:\Windows\System32\KERNELBASE.dll
0x00007ffc06c00000 - 0x00007ffc06d4b000 	C:\Windows\System32\ucrtbase.dll
0x00007ffbee170000 - 0x00007ffbee189000 	C:\Program Files\Java\jdk-17\bin\jli.dll
0x00007ffbd73f0000 - 0x00007ffbd740b000 	C:\Program Files\Java\jdk-17\bin\VCRUNTIME140.dll
0x00007ffc081a0000 - 0x00007ffc08254000 	C:\Windows\System32\ADVAPI32.dll
0x00007ffc08f10000 - 0x00007ffc08fb9000 	C:\Windows\System32\msvcrt.dll
0x00007ffc07870000 - 0x00007ffc07916000 	C:\Windows\System32\sechost.dll
0x00007ffc07470000 - 0x00007ffc07588000 	C:\Windows\System32\RPCRT4.dll
0x00007ffc08950000 - 0x00007ffc08b14000 	C:\Windows\System32\USER32.dll
0x00007ffc06a60000 - 0x00007ffc06a87000 	C:\Windows\System32\win32u.dll
0x00007ffc07620000 - 0x00007ffc0764b000 	C:\Windows\System32\GDI32.dll
0x00007ffc063f0000 - 0x00007ffc0651d000 	C:\Windows\System32\gdi32full.dll
0x00007ffc069b0000 - 0x00007ffc06a53000 	C:\Windows\System32\msvcp_win.dll
0x00007ffbf51f0000 - 0x00007ffbf51fb000 	C:\Windows\SYSTEM32\VERSION.dll
0x00007ffbea690000 - 0x00007ffbea923000 	C:\Windows\WinSxS\amd64_microsoft.windows.common-controls_6595b64144ccf1df_6.0.26100.5074_none_3e0d6f78e32fd63f\COMCTL32.dll
0x00007ffc087b0000 - 0x00007ffc087df000 	C:\Windows\System32\IMM32.DLL
0x00007ffbeeda0000 - 0x00007ffbeedac000 	C:\Program Files\Java\jdk-17\bin\vcruntime140_1.dll
0x00007ffbd07d0000 - 0x00007ffbd085e000 	C:\Program Files\Java\jdk-17\bin\msvcp140.dll
0x00007ffb26ee0000 - 0x00007ffb27ac1000 	C:\Program Files\Java\jdk-17\bin\server\jvm.dll
0x00007ffc07610000 - 0x00007ffc07618000 	C:\Windows\System32\PSAPI.DLL
0x00007ffc02e00000 - 0x00007ffc02e0a000 	C:\Windows\SYSTEM32\WSOCK32.dll
0x00007ffbef310000 - 0x00007ffbef345000 	C:\Windows\SYSTEM32\WINMM.dll
0x00007ffc07590000 - 0x00007ffc07604000 	C:\Windows\System32\WS2_32.dll
0x00007ffc05030000 - 0x00007ffc0504b000 	C:\Windows\SYSTEM32\kernel.appcore.dll
0x00007ffbee9b0000 - 0x00007ffbee9ba000 	C:\Program Files\Java\jdk-17\bin\jimage.dll
0x00007ffc039d0000 - 0x00007ffc03c12000 	C:\Windows\SYSTEM32\DBGHELP.DLL
0x00007ffc08b90000 - 0x00007ffc08f0b000 	C:\Windows\System32\combase.dll
0x00007ffc087f0000 - 0x00007ffc088c7000 	C:\Windows\System32\OLEAUT32.dll
0x00007ffbce3e0000 - 0x00007ffbce41d000 	C:\Windows\SYSTEM32\dbgcore.DLL
0x00007ffc06350000 - 0x00007ffc063e9000 	C:\Windows\System32\bcryptPrimitives.dll
0x00007ffbd2dd0000 - 0x00007ffbd2df5000 	C:\Program Files\Java\jdk-17\bin\java.dll
0x00007ffb3af50000 - 0x00007ffb3b027000 	C:\Program Files\Java\jdk-17\bin\jsvml.dll
0x00007ffc07a50000 - 0x00007ffc0819d000 	C:\Windows\System32\SHELL32.dll
0x00007ffc06a90000 - 0x00007ffc06bfc000 	C:\Windows\System32\wintypes.dll
0x00007ffc03eb0000 - 0x00007ffc04709000 	C:\Windows\SYSTEM32\windows.storage.dll
0x00007ffc07360000 - 0x00007ffc07450000 	C:\Windows\System32\SHCORE.dll
0x00007ffc08670000 - 0x00007ffc086d2000 	C:\Windows\System32\shlwapi.dll
0x00007ffc061b0000 - 0x00007ffc061d9000 	C:\Windows\SYSTEM32\profapi.dll
0x00007ffbd6600000 - 0x00007ffbd6619000 	C:\Program Files\Java\jdk-17\bin\net.dll
0x00007ffbf8ed0000 - 0x00007ffbf8fef000 	C:\Windows\SYSTEM32\WINHTTP.dll
0x00007ffc05590000 - 0x00007ffc055fb000 	C:\Windows\system32\mswsock.dll
0x00007ffbd65a0000 - 0x00007ffbd65b6000 	C:\Program Files\Java\jdk-17\bin\nio.dll
0x00007ffbd64f0000 - 0x00007ffbd6508000 	C:\Program Files\Java\jdk-17\bin\zip.dll
0x00007ffbee6d0000 - 0x00007ffbee6da000 	C:\Program Files\Java\jdk-17\bin\management.dll
0x00007ffbee5f0000 - 0x00007ffbee5fb000 	C:\Program Files\Java\jdk-17\bin\management_ext.dll
0x00007ffbb7be0000 - 0x00007ffbb7bf8000 	C:\Windows\system32\napinsp.dll
0x00007ffbbea00000 - 0x00007ffbbea16000 	C:\Windows\system32\wshbth.dll
0x00007ffbb7b00000 - 0x00007ffbb7b28000 	C:\Windows\system32\nlansp_c.dll
0x00007ffc04ac0000 - 0x00007ffc04be6000 	C:\Windows\SYSTEM32\DNSAPI.dll
0x00007ffc04a30000 - 0x00007ffc04a64000 	C:\Windows\SYSTEM32\IPHLPAPI.DLL
0x00007ffc07a40000 - 0x00007ffc07a4a000 	C:\Windows\System32\NSI.dll
0x00007ffbb7ae0000 - 0x00007ffbb7af2000 	C:\Windows\System32\winrnr.dll
0x00007ffbf8200000 - 0x00007ffbf820b000 	C:\Windows\System32\rasadhlp.dll
0x00007ffc00770000 - 0x00007ffc007f6000 	C:\Windows\System32\fwpuclnt.dll
0x00007ffc05960000 - 0x00007ffc0597b000 	C:\Windows\SYSTEM32\CRYPTSP.dll
0x00007ffc04f90000 - 0x00007ffc04fcb000 	C:\Windows\system32\rsaenh.dll
0x00007ffc05630000 - 0x00007ffc0565b000 	C:\Windows\SYSTEM32\USERENV.dll
0x00007ffc06180000 - 0x00007ffc061a6000 	C:\Windows\SYSTEM32\bcrypt.dll
0x00007ffc057c0000 - 0x00007ffc057cc000 	C:\Windows\SYSTEM32\CRYPTBASE.dll
0x00007ffc00430000 - 0x00007ffc0044e000 	C:\Windows\SYSTEM32\dhcpcsvc6.DLL
0x00007ffc000e0000 - 0x00007ffc00103000 	C:\Windows\SYSTEM32\dhcpcsvc.DLL
0x00007ffbee160000 - 0x00007ffbee16e000 	C:\Program Files\Java\jdk-17\bin\sunmscapi.dll
0x00007ffc06d50000 - 0x00007ffc06ec7000 	C:\Windows\System32\CRYPT32.dll
0x00007ffc05ab0000 - 0x00007ffc05ae0000 	C:\Windows\SYSTEM32\ncrypt.dll
0x00007ffc05a60000 - 0x00007ffc05a9f000 	C:\Windows\SYSTEM32\NTASN1.dll
0x00007ffbeede0000 - 0x00007ffbeedf0000 	C:\Program Files\Java\jdk-17\bin\verify.dll
0x00007ffb585f0000 - 0x00007ffb585f8000 	C:\Windows\system32\wshunix.dll

dbghelp: loaded successfully - version: 4.0.5 - missing functions: none
symbol engine: initialized successfully - sym options: 0x614 - pdb path: .;C:\Program Files\Java\jdk-17\bin;C:\Windows\SYSTEM32;C:\Windows\WinSxS\amd64_microsoft.windows.common-controls_6595b64144ccf1df_6.0.26100.5074_none_3e0d6f78e32fd63f;C:\Program Files\Java\jdk-17\bin\server

VM Arguments:
jvm_args: -XX:+ShowCodeDetailsInExceptionMessages -Dspring.jmx.enabled=true -Dmanagement.endpoints.jmx.exposure.include=* -Dspring.application.admin.enabled=true -Dspring.boot.project.name=com.manamer.sellout.infraestructure.keycloak-adapter-keycloak-adapter -Djava.rmi.server.hostname=localhost -Dcom.sun.management.jmxremote.port=45558 -Dcom.sun.management.jmxremote.authenticate=false -Dcom.sun.management.jmxremote.ssl=false 
java_command: com.sellout.KeycloakAdapterApplication
java_class_path (initial): C:\Users\Fernanda Jama\OneDrive - Manamer\Documentos\PROYECTOS 2025-2026\sellout1\backend\infraestructure\keycloakAdapter\target\classes;C:\Users\Fernanda Jama\.m2\repository\org\springframework\boot\spring-boot-starter-web\3.2.4\spring-boot-starter-web-3.2.4.jar;C:\Users\Fernanda Jama\.m2\repository\org\springframework\boot\spring-boot-starter\3.2.4\spring-boot-starter-3.2.4.jar;C:\Users\Fernanda Jama\.m2\repository\org\springframework\boot\spring-boot-starter-logging\3.2.4\spring-boot-starter-logging-3.2.4.jar;C:\Users\Fernanda Jama\.m2\repository\ch\qos\logback\logback-classic\1.4.14\logback-classic-1.4.14.jar;C:\Users\Fernanda Jama\.m2\repository\ch\qos\logback\logback-core\1.4.14\logback-core-1.4.14.jar;C:\Users\Fernanda Jama\.m2\repository\org\apache\logging\log4j\log4j-to-slf4j\2.23.1\log4j-to-slf4j-2.23.1.jar;C:\Users\Fernanda Jama\.m2\repository\org\apache\logging\log4j\log4j-api\2.23.1\log4j-api-2.23.1.jar;C:\Users\Fernanda Jama\.m2\repository\org\slf4j\jul-to-slf4j\2.0.12\jul-to-slf4j-2.0.12.jar;C:\Users\Fernanda Jama\.m2\repository\jakarta\annotation\jakarta.annotation-api\2.1.1\jakarta.annotation-api-2.1.1.jar;C:\Users\Fernanda Jama\.m2\repository\org\yaml\snakeyaml\2.2\snakeyaml-2.2.jar;C:\Users\Fernanda Jama\.m2\repository\org\springframework\boot\spring-boot-starter-json\3.2.4\spring-boot-starter-json-3.2.4.jar;C:\Users\Fernanda Jama\.m2\repository\com\fasterxml\jackson\datatype\jackson-datatype-jdk8\2.17.2\jackson-datatype-jdk8-2.17.2.jar;C:\Users\Fernanda Jama\.m2\repository\com\fasterxml\jackson\datatype\jackson-datatype-jsr310\2.17.2\jackson-datatype-jsr310-2.17.2.jar;C:\Users\Fernanda Jama\.m2\repository\com\fasterxml\jackson\module\jackson-module-parameter-names\2.17.2\jackson-module-parameter-names-2.17.2.jar;C:\Users\Fernanda Jama\.m2\repository\org\springframework\boot\spring-boot-starter-tomcat\3.2.4\spring-boot-starter-tomcat-3.2.4.jar;C:\Users\Fernanda Jama\.m2\repository\org\apache\tomcat\embed\tomcat-embed-c
Launcher Type: SUN_STANDARD

[Global flags]
     intx CICompilerCount                          = 4                                         {product} {ergonomic}
     uint ConcGCThreads                            = 2                                         {product} {ergonomic}
     uint G1ConcRefinementThreads                  = 8                                         {product} {ergonomic}
   size_t G1HeapRegionSize                         = 8388608                                   {product} {ergonomic}
    uintx GCDrainStackTargetSize                   = 64                                        {product} {ergonomic}
   size_t InitialHeapSize                          = 671088640                                 {product} {ergonomic}
     bool ManagementServer                         = true                                      {product} {command line}
   size_t MarkStackSize                            = 4194304                                   {product} {ergonomic}
   size_t MaxHeapSize                              = 10687086592                               {product} {ergonomic}
   size_t MaxNewSize                               = 6408896512                                {product} {ergonomic}
   size_t MinHeapDeltaBytes                        = 8388608                                   {product} {ergonomic}
   size_t MinHeapSize                              = 8388608                                   {product} {ergonomic}
    uintx NonNMethodCodeHeapSize                   = 5839372                                {pd product} {ergonomic}
    uintx NonProfiledCodeHeapSize                  = 122909434                              {pd product} {ergonomic}
    uintx ProfiledCodeHeapSize                     = 122909434                              {pd product} {ergonomic}
    uintx ReservedCodeCacheSize                    = 251658240                              {pd product} {ergonomic}
     bool SegmentedCodeCache                       = true                                      {product} {ergonomic}
     bool ShowCodeDetailsInExceptionMessages       = true                                   {manageable} {command line}
   size_t SoftMaxHeapSize                          = 10687086592                            {manageable} {ergonomic}
     bool UseCompressedClassPointers               = true                           {product lp64_product} {ergonomic}
     bool UseCompressedOops                        = true                           {product lp64_product} {ergonomic}
     bool UseG1GC                                  = true                                      {product} {ergonomic}
     bool UseLargePagesIndividualAllocation        = false                                  {pd product} {ergonomic}

Logging:
Log output configuration:
 #0: stdout all=warning uptime,level,tags
 #1: stderr all=off uptime,level,tags

Environment Variables:
JAVA_HOME=C:\\Program Files\\Java\\jdk-17
CLASSPATH=C:\Program Files\SAP\SAP Business One DI API\JCO\LIB\sbowrapper.jar;C:\Program Files\SAP\SAP Business One DI API\JCO\LIB\sboapi.jar
PATH=C:\\Program Files\\Java\\jdk-17\\bin;C:\\Users\\Fernanda Jama\\.trae\\tools\\maven\\latest\\bin;C:\\Users\\Fernanda Jama\\.trae\\tools\\gradle\\latest\\bin;C:\Program Files\Java\jdk-17\bin;C:\Users\Fernanda Jama\.trae\tools\maven\latest\bin;C:\Users\Fernanda Jama\.trae\tools\gradle\latest\bin;C:\Python313\Scripts\;C:\Python313\;C:\Program Files\Microsoft MPI\Bin\;C:\Program Files\Common Files\Oracle\Java\javapath;C:\Windows\system32;C:\Windows;C:\Windows\System32\Wbem;C:\Windows\System32\WindowsPowerShell\v1.0\;C:\Windows\System32\OpenSSH\;C:\Program Files\Microsoft SQL Server\Client SDK\ODBC\170\Tools\Binn\;C:\Program Files (x86)\Microsoft SQL Server\150\Tools\Binn\;C:\Program Files\Microsoft SQL Server\150\Tools\Binn\;C:\Program Files\Microsoft SQL Server\150\DTS\Binn\;C:\Program Files (x86)\Microsoft SQL Server\160\DTS\Binn\;C:\Program Files\nodejs\;C:\ProgramData\chocolatey\bin;C:\Program Files\SAP\SAP Business One DI API\JCO\LIB\;C:\Program Files\SAP\SAP Business One DI API\DI API 90;C:\Program Files\SAP\SAP Business One\;C:\Program Files\apache-maven-3.8.8-bin\apache-maven-3.8.8\bin;C:\Program Files\Git\cmd;C:\Users\Fernanda Jama\AppData\Local\Microsoft\WindowsApps;C:\Users\Fernanda Jama\AppData\Local\GitHubDesktop\bin;C:\Users\Fernanda Jama\AppData\Local\Programs\Microsoft VS Code\bin;C:\Users\Fernanda Jama\AppData\Roaming\npm
USERNAME=Fernanda Jama
LANG=en_US.UTF-8
OS=Windows_NT
PROCESSOR_IDENTIFIER=Intel64 Family 6 Model 140 Stepping 1, GenuineIntel



---------------  S Y S T E M  ---------------

OS:
 Windows 11 , 64 bit Build 26100 (10.0.26100.5074)
OS uptime: 1 days 1:41 hours
Hyper-V role detected

CPU: total 8 (initial active 8) (4 cores per cpu, 2 threads per core) family 6 model 140 stepping 1 microcode 0xb8, cx8, cmov, fxsr, ht, mmx, 3dnowpref, sse, sse2, sse3, ssse3, sse4.1, sse4.2, popcnt, lzcnt, tsc, tscinvbit, avx, avx2, aes, erms, clmul, bmi1, bmi2, adx, avx512f, avx512dq, avx512cd, avx512bw, avx512vl, sha, fma, vzeroupper, avx512_vpopcntdq, avx512_vpclmulqdq, avx512_vaes, avx512_vnni, clflush, clflushopt, clwb, avx512_vbmi2, avx512_vbmi, hv

Memory: 4k page, system-wide physical 40743M (615M free)
TotalPageFile size 101623M (AvailPageFile size 1M)
current process WorkingSet (physical memory assigned to process): 234M, peak: 269M
current process commit charge ("private bytes"): 303M, peak: 805M

vm_info: Java HotSpot(TM) 64-Bit Server VM (17.0.15+9-LTS-241) for windows-amd64 JRE (17.0.15+9-LTS-241), built on Feb 20 2025 10:49:54 by "mach5one" with MS VC++ 17.6 (VS2022)

END.
