#
# There is insufficient memory for the Java Runtime Environment to continue.
# Native memory allocation (malloc) failed to allocate 489296 bytes for Chunk::new
# Possible reasons:
#   The system is out of physical RAM or swap space
#   The process is running with CompressedOops enabled, and the Java Heap may be blocking the growth of the native heap
# Possible solutions:
#   Reduce memory load on the system
#   Increase physical memory or swap space
#   Check if swap backing store is full
#   Decrease Java heap size (-Xmx/-Xms)
#   Decrease number of Java threads
#   Decrease Java thread stack sizes (-Xss)
#   Set larger code cache with -XX:ReservedCodeCacheSize=
#   JVM is running with Zero Based Compressed Oops mode in which the Java heap is
#     placed in the first 32GB address space. The Java Heap base address is the
#     maximum limit for the native heap growth. Please use -XX:HeapBaseMinAddress
#     to set the Java Heap base and to place the Java Heap above 32GB virtual address.
# This output file may be truncated or incomplete.
#
#  Out of Memory Error (arena.cpp:189), pid=6880, tid=20376
#
# JRE version: Java(TM) SE Runtime Environment (17.0.15+9) (build 17.0.15+9-LTS-241)
# Java VM: Java HotSpot(TM) 64-Bit Server VM (17.0.15+9-LTS-241, mixed mode, sharing, tiered, compressed oops, compressed class ptrs, g1 gc, windows-amd64)
# No core dump will be written. Minidumps are not enabled by default on client versions of Windows
#

---------------  S U M M A R Y ------------

Command Line: -XX:+ShowCodeDetailsInExceptionMessages -Dspring.jmx.enabled=true -Dmanagement.endpoints.jmx.exposure.include=* -Dspring.application.admin.enabled=true -Dspring.boot.project.name=com.manamer.sellout.infraestructure.keycloak-adapter-keycloak-adapter -Djava.rmi.server.hostname=localhost -Dcom.sun.management.jmxremote.port=45558 -Dcom.sun.management.jmxremote.authenticate=false -Dcom.sun.management.jmxremote.ssl=false com.sellout.KeycloakAdapterApplication

Host: 11th Gen Intel(R) Core(TM) i7-1165G7 @ 2.80GHz, 8 cores, 39G,  Windows 11 , 64 bit Build 26100 (10.0.26100.4768)
Time: Mon Sep  1 18:27:22 2025 Hora est. Pacífico, Sudamérica elapsed time: 15561.485384 seconds (0d 4h 19m 21s)

---------------  T H R E A D  ---------------

Current thread (0x0000017246bd7890):  JavaThread "C2 CompilerThread0" daemon [_thread_in_native, id=20376, stack(0x0000002d23900000,0x0000002d23a00000)]


Current CompileTask:
C2:15561485 11086       4       org.springframework.boot.devtools.filewatch.FileSystemWatcher$Watcher::getCurrentSnapshots (63 bytes)

Stack: [0x0000002d23900000,0x0000002d23a00000]
Native frames: (J=compiled Java code, j=interpreted, Vv=VM code, C=native code)
V  [jvm.dll+0x67a46a]
V  [jvm.dll+0x7da6ad]
V  [jvm.dll+0x7dbff3]
V  [jvm.dll+0x7dc663]
V  [jvm.dll+0x24523f]
V  [jvm.dll+0xab763]
V  [jvm.dll+0xabd2c]
V  [jvm.dll+0x361ebf]
V  [jvm.dll+0x32c5e1]
V  [jvm.dll+0x32ba7a]
V  [jvm.dll+0x2169ef]
V  [jvm.dll+0x215e1f]
V  [jvm.dll+0x1a2a00]
V  [jvm.dll+0x2262bb]
V  [jvm.dll+0x22445b]
V  [jvm.dll+0x790acc]
V  [jvm.dll+0x78b0ba]
V  [jvm.dll+0x679355]
C  [ucrtbase.dll+0x37b0]
C  [KERNEL32.DLL+0x2e8d7]
C  [ntdll.dll+0x3c34c]


---------------  P R O C E S S  ---------------

Threads class SMR info:
_java_thread_list=0x0000017247603550, length=43, elements={
0x0000017246bbe0f0, 0x0000017246bbf810, 0x0000017246bd2c90, 0x0000017246bd3840,
0x0000017246bd6200, 0x0000017246bd6bb0, 0x0000017246bd7890, 0x0000017246bdc080,
0x000001724745c6f0, 0x0000017247411820, 0x0000017247578db0, 0x000001728d3e8220,
0x000001728d3a08f0, 0x000001728d3de480, 0x000001728e8332c0, 0x000001728f086200,
0x000001728f087070, 0x000001728f0896f0, 0x000001728f084050, 0x000001728f085d30,
0x000001728f08a560, 0x000001728f08b3d0, 0x000001728f089bc0, 0x000001728f08a090,
0x000001728f08aa30, 0x000001728f08af00, 0x000001728f08b8a0, 0x000001728ed71270,
0x000001728ed6ff30, 0x000001728ed70400, 0x000001728ed708d0, 0x000001728ed71740,
0x000001728ed6f590, 0x000001728ed725b0, 0x000001728ed74290, 0x000001728ed73420,
0x000001728ed72a80, 0x000001728ed73dc0, 0x000001728ed738f0, 0x000001728ed70da0,
0x000001728ed74c30, 0x000001728ed76910, 0x000001728ed76440
}

Java Threads: ( => current thread )
  0x0000017246bbe0f0 JavaThread "Reference Handler" daemon [_thread_blocked, id=24092, stack(0x0000002d23300000,0x0000002d23400000)]
  0x0000017246bbf810 JavaThread "Finalizer" daemon [_thread_blocked, id=6384, stack(0x0000002d23400000,0x0000002d23500000)]
  0x0000017246bd2c90 JavaThread "Signal Dispatcher" daemon [_thread_blocked, id=23048, stack(0x0000002d23500000,0x0000002d23600000)]
  0x0000017246bd3840 JavaThread "Attach Listener" daemon [_thread_blocked, id=24984, stack(0x0000002d23600000,0x0000002d23700000)]
  0x0000017246bd6200 JavaThread "Service Thread" daemon [_thread_blocked, id=24296, stack(0x0000002d23700000,0x0000002d23800000)]
  0x0000017246bd6bb0 JavaThread "Monitor Deflation Thread" daemon [_thread_blocked, id=20892, stack(0x0000002d23800000,0x0000002d23900000)]
=>0x0000017246bd7890 JavaThread "C2 CompilerThread0" daemon [_thread_in_native, id=20376, stack(0x0000002d23900000,0x0000002d23a00000)]
  0x0000017246bdc080 JavaThread "C1 CompilerThread0" daemon [_thread_in_vm, id=23624, stack(0x0000002d23a00000,0x0000002d23b00000)]
  0x000001724745c6f0 JavaThread "Sweeper thread" daemon [_thread_blocked, id=2192, stack(0x0000002d23b00000,0x0000002d23c00000)]
  0x0000017247411820 JavaThread "Common-Cleaner" daemon [_thread_blocked, id=21444, stack(0x0000002d23c00000,0x0000002d23d00000)]
  0x0000017247578db0 JavaThread "Notification Thread" daemon [_thread_blocked, id=3572, stack(0x0000002d23d00000,0x0000002d23e00000)]
  0x000001728d3e8220 JavaThread "RMI TCP Accept-0" daemon [_thread_in_native, id=10564, stack(0x0000002d23f00000,0x0000002d24000000)]
  0x000001728d3a08f0 JavaThread "RMI TCP Accept-45558" daemon [_thread_in_native, id=20636, stack(0x0000002d24000000,0x0000002d24100000)]
  0x000001728d3de480 JavaThread "RMI TCP Accept-0" daemon [_thread_in_native, id=19400, stack(0x0000002d24100000,0x0000002d24200000)]
  0x000001728e8332c0 JavaThread "RMI Scheduler(0)" daemon [_thread_blocked, id=10152, stack(0x0000002d24e00000,0x0000002d24f00000)]
  0x000001728f086200 JavaThread "DestroyJavaVM" [_thread_blocked, id=4288, stack(0x0000002d22c00000,0x0000002d22d00000)]
  0x000001728f087070 JavaThread "File Watcher" daemon [_thread_blocked, id=27320, stack(0x0000002d24b00000,0x0000002d24c00000)]
  0x000001728f0896f0 JavaThread "File Watcher" daemon [_thread_blocked, id=23276, stack(0x0000002d24c00000,0x0000002d24d00000)]
  0x000001728f084050 JavaThread "Catalina-utility-1" [_thread_blocked, id=21560, stack(0x0000002d24f00000,0x0000002d25000000)]
  0x000001728f085d30 JavaThread "Catalina-utility-2" [_thread_blocked, id=19764, stack(0x0000002d25000000,0x0000002d25100000)]
  0x000001728f08a560 JavaThread "container-0" [_thread_blocked, id=3232, stack(0x0000002d25100000,0x0000002d25200000)]
  0x000001728f08b3d0 JavaThread "spring.cloud.inetutils" daemon [_thread_blocked, id=21628, stack(0x0000002d25500000,0x0000002d25600000)]
  0x000001728f089bc0 JavaThread "File Watcher" daemon [_thread_blocked, id=10284, stack(0x0000002d25600000,0x0000002d25700000)]
  0x000001728f08a090 JavaThread "Live Reload Server" daemon [_thread_in_native, id=23288, stack(0x0000002d25800000,0x0000002d25900000)]
  0x000001728f08aa30 JavaThread "AsyncResolver-bootstrap-0" daemon [_thread_blocked, id=21416, stack(0x0000002d25700000,0x0000002d25800000)]
  0x000001728f08af00 JavaThread "idle-connection-evictor-1" daemon [_thread_blocked, id=10512, stack(0x0000002d25900000,0x0000002d25a00000)]
  0x000001728f08b8a0 JavaThread "DiscoveryClient-0" daemon [_thread_blocked, id=9680, stack(0x0000002d25a00000,0x0000002d25b00000)]
  0x000001728ed71270 JavaThread "DiscoveryClient-1" daemon [_thread_blocked, id=21656, stack(0x0000002d25b00000,0x0000002d25c00000)]
  0x000001728ed6ff30 JavaThread "DiscoveryClient-InstanceInfoReplicator-0" daemon [_thread_blocked, id=1672, stack(0x0000002d24d00000,0x0000002d24e00000)]
  0x000001728ed70400 JavaThread "http-nio-8088-exec-1" daemon [_thread_blocked, id=15172, stack(0x0000002d25c00000,0x0000002d25d00000)]
  0x000001728ed708d0 JavaThread "http-nio-8088-exec-2" daemon [_thread_blocked, id=6580, stack(0x0000002d25d00000,0x0000002d25e00000)]
  0x000001728ed71740 JavaThread "http-nio-8088-exec-3" daemon [_thread_blocked, id=4024, stack(0x0000002d25e00000,0x0000002d25f00000)]
  0x000001728ed6f590 JavaThread "http-nio-8088-exec-4" daemon [_thread_blocked, id=24924, stack(0x0000002d25f00000,0x0000002d26000000)]
  0x000001728ed725b0 JavaThread "http-nio-8088-exec-5" daemon [_thread_blocked, id=22900, stack(0x0000002d26000000,0x0000002d26100000)]
  0x000001728ed74290 JavaThread "http-nio-8088-exec-6" daemon [_thread_blocked, id=26716, stack(0x0000002d26100000,0x0000002d26200000)]
  0x000001728ed73420 JavaThread "http-nio-8088-exec-7" daemon [_thread_blocked, id=368, stack(0x0000002d26200000,0x0000002d26300000)]
  0x000001728ed72a80 JavaThread "http-nio-8088-exec-8" daemon [_thread_blocked, id=24372, stack(0x0000002d26300000,0x0000002d26400000)]
  0x000001728ed73dc0 JavaThread "http-nio-8088-exec-9" daemon [_thread_blocked, id=19544, stack(0x0000002d26400000,0x0000002d26500000)]
  0x000001728ed738f0 JavaThread "http-nio-8088-exec-10" daemon [_thread_blocked, id=22080, stack(0x0000002d26500000,0x0000002d26600000)]
  0x000001728ed70da0 JavaThread "http-nio-8088-Poller" daemon [_thread_in_native, id=27272, stack(0x0000002d26600000,0x0000002d26700000)]
  0x000001728ed74c30 JavaThread "http-nio-8088-Acceptor" daemon [_thread_in_native, id=12024, stack(0x0000002d26700000,0x0000002d26800000)]
  0x000001728ed76910 JavaThread "DiscoveryClient-CacheRefreshExecutor-0" daemon [_thread_new, id=12300, stack(0x0000002d22b00000,0x0000002d22c00000)]
  0x000001728ed76440 JavaThread "DiscoveryClient-HeartbeatExecutor-0" daemon [_thread_blocked, id=2320, stack(0x0000002d23e00000,0x0000002d23f00000)]

Other Threads:
  0x0000017246bb7330 VMThread "VM Thread" [stack: 0x0000002d23200000,0x0000002d23300000] [id=22908] _threads_hazard_ptr=0x0000017247603550
  0x000001728d3de950 WatcherThread [stack: 0x0000002d24200000,0x0000002d24300000] [id=2948]
  0x000001721633f1d0 GCTaskThread "GC Thread#0" [stack: 0x0000002d22d00000,0x0000002d22e00000] [id=21948]
  0x000001728d8a9a60 GCTaskThread "GC Thread#1" [stack: 0x0000002d24400000,0x0000002d24500000] [id=2868]
  0x000001728d8ab060 GCTaskThread "GC Thread#2" [stack: 0x0000002d24500000,0x0000002d24600000] [id=19408]
  0x000001728d8aaae0 GCTaskThread "GC Thread#3" [stack: 0x0000002d24600000,0x0000002d24700000] [id=19536]
  0x000001728d8a9d20 GCTaskThread "GC Thread#4" [stack: 0x0000002d24700000,0x0000002d24800000] [id=3088]
  0x000001728d8aa2a0 GCTaskThread "GC Thread#5" [stack: 0x0000002d24800000,0x0000002d24900000] [id=22940]
  0x000001728d8ab320 GCTaskThread "GC Thread#6" [stack: 0x0000002d24900000,0x0000002d24a00000] [id=12804]
  0x000001728d8aada0 GCTaskThread "GC Thread#7" [stack: 0x0000002d24a00000,0x0000002d24b00000] [id=23028]
  0x000001721634a060 ConcurrentGCThread "G1 Main Marker" [stack: 0x0000002d22e00000,0x0000002d22f00000] [id=10584]
  0x000001721634aa70 ConcurrentGCThread "G1 Conc#0" [stack: 0x0000002d22f00000,0x0000002d23000000] [id=1136]
  0x000001728d8a9fe0 ConcurrentGCThread "G1 Conc#1" [stack: 0x0000002d24300000,0x0000002d24400000] [id=24816]
  0x000001721634ec10 ConcurrentGCThread "G1 Refine#0" [stack: 0x0000002d23000000,0x0000002d23100000] [id=23932]
  0x000001728dfeb030 ConcurrentGCThread "G1 Refine#1" [stack: 0x0000002d25300000,0x0000002d25400000] [id=24356]
  0x0000017246af3440 ConcurrentGCThread "G1 Service" [stack: 0x0000002d23100000,0x0000002d23200000] [id=21516]

Threads with active compile tasks:
C2 CompilerThread0  15561526 11086       4       org.springframework.boot.devtools.filewatch.FileSystemWatcher$Watcher::getCurrentSnapshots (63 bytes)
C1 CompilerThread0  15561526 11091   !   3       com.fasterxml.jackson.databind.introspect.JacksonAnnotationIntrospector::refineSerializationType (669 bytes)

VM state: synchronizing (normal execution)

VM Mutex/Monitor currently owned by a thread:  ([mutex/lock_event])
[0x0000017216292a50] Metaspace_lock - owner thread: 0x0000017246bdc080
[0x00000172162916a0] Threads_lock - owner thread: 0x0000017246bb7330
[0x0000017216293470] MethodData_lock - owner thread: 0x0000017246bdc080

Heap address: 0x0000000583000000, size: 10192 MB, Compressed Oops mode: Zero based, Oop shift amount: 3

CDS archive(s) mapped at: [0x0000017248000000-0x0000017248bd0000-0x0000017248bd0000), size 12386304, SharedBaseAddress: 0x0000017248000000, ArchiveRelocationMode: 1.
Compressed class space mapped at: 0x0000017249000000-0x0000017289000000, reserved size: 1073741824
Narrow klass base: 0x0000017248000000, Narrow klass shift: 0, Narrow klass range: 0x100000000

GC Precious Log:
 CPUs: 8 total, 8 available
 Memory: 40743M
 Large Page Support: Disabled
 NUMA Support: Disabled
 Compressed Oops: Enabled (Zero based)
 Heap Region Size: 8M
 Heap Min Capacity: 8M
 Heap Initial Capacity: 640M
 Heap Max Capacity: 10192M
 Pre-touch: Disabled
 Parallel Workers: 8
 Concurrent Workers: 2
 Concurrent Refinement Workers: 8
 Periodic GC: Disabled

Heap:
 garbage-first heap   total 81920K, used 31309K [0x0000000583000000, 0x0000000800000000)
  region size 8192K, 2 young (16384K), 1 survivors (8192K)
 Metaspace       used 50696K, committed 51264K, reserved 1114112K
  class space    used 6141K, committed 6464K, reserved 1048576K

Heap Regions: E=young(eden), S=young(survivor), O=old, HS=humongous(starts), HC=humongous(continues), CS=collection set, F=free, OA=open archive, CA=closed archive, TAMS=top-at-mark-start (previous, next)
|   0|0x0000000583000000, 0x00000005837f6238, 0x0000000583800000| 99%| O|  |TAMS 0x0000000583000000, 0x0000000583000000| Untracked 
|   1|0x0000000583800000, 0x0000000583fffff0, 0x0000000584000000| 99%| O|  |TAMS 0x0000000583800000, 0x0000000583800000| Untracked 
|   2|0x0000000584000000, 0x0000000584693b98, 0x0000000584800000| 82%| O|  |TAMS 0x0000000584000000, 0x0000000584000000| Untracked 
|   3|0x0000000584800000, 0x0000000584a58e00, 0x0000000585000000| 29%| O|  |TAMS 0x0000000584800000, 0x0000000584800000| Untracked 
|   4|0x0000000585000000, 0x00000005855b0b00, 0x0000000585800000| 71%| S|CS|TAMS 0x0000000585000000, 0x0000000585000000| Complete 
|   5|0x0000000585800000, 0x0000000585800000, 0x0000000586000000|  0%| F|  |TAMS 0x0000000585800000, 0x0000000585800000| Untracked 
|   6|0x0000000586000000, 0x0000000586000000, 0x0000000586800000|  0%| F|  |TAMS 0x0000000586000000, 0x0000000586000000| Untracked 
|   7|0x0000000586800000, 0x0000000586800000, 0x0000000587000000|  0%| F|  |TAMS 0x0000000586800000, 0x0000000586800000| Untracked 
|  78|0x00000005aa000000, 0x00000005aa000000, 0x00000005aa800000|  0%| F|  |TAMS 0x00000005aa000000, 0x00000005aa000000| Untracked 
|  79|0x00000005aa800000, 0x00000005aac5c7d0, 0x00000005ab000000| 54%| E|  |TAMS 0x00000005aa800000, 0x00000005aa800000| Complete 

Card table byte_map: [0x000001722e290000,0x000001722f680000] _byte_map_base: 0x000001722b678000

Marking Bits (Prev, Next): (CMBitMap*) 0x000001721633f830, (CMBitMap*) 0x000001721633f7f0
 Prev Bits: [0x000001723a9b0000, 0x00000172448f0000)
 Next Bits: [0x0000017230a70000, 0x000001723a9b0000)

Polling page: 0x0000017213fe0000

Metaspace:

Usage:
  Non-class:     43.51 MB used.
      Class:      6.00 MB used.
       Both:     49.51 MB used.

Virtual space:
  Non-class space:       64.00 MB reserved,      43.75 MB ( 68%) committed,  1 nodes.
      Class space:        1.00 GB reserved,       6.31 MB ( <1%) committed,  1 nodes.
             Both:        1.06 GB reserved,      50.06 MB (  5%) committed. 

Chunk freelists:
   Non-Class:  3.86 MB
       Class:  9.80 MB
        Both:  13.66 MB

MaxMetaspaceSize: unlimited
CompressedClassSpaceSize: 1.00 GB
Initial GC threshold: 21.00 MB
Current GC threshold: 82.31 MB
CDS: on
MetaspaceReclaimPolicy: balanced
 - commit_granule_bytes: 65536.
 - commit_granule_words: 8192.
 - virtual_space_node_default_size: 8388608.
 - enlarge_chunks_in_place: 1.
 - new_chunks_are_fully_committed: 0.
 - uncommit_free_chunks: 1.
 - use_allocation_guard: 0.
 - handle_deallocations: 1.


Internal statistics:

num_allocs_failed_limit: 6.
num_arena_births: 938.
num_arena_deaths: 272.
num_vsnodes_births: 2.
num_vsnodes_deaths: 0.
num_space_committed: 801.
num_space_uncommitted: 0.
num_chunks_returned_to_freelist: 349.
num_chunks_taken_from_freelist: 2950.
num_chunk_merges: 112.
num_chunk_splits: 1821.
num_chunks_enlarged: 1201.
num_inconsistent_stats: 0.

CodeHeap 'non-profiled nmethods': size=120000Kb used=7493Kb max_used=7493Kb free=112506Kb
 bounds [0x0000017225640000, 0x0000017225da0000, 0x000001722cb70000]
CodeHeap 'profiled nmethods': size=120000Kb used=21564Kb max_used=21564Kb free=98435Kb
 bounds [0x000001721db70000, 0x000001721f080000, 0x00000172250a0000]
CodeHeap 'non-nmethods': size=5760Kb used=1293Kb max_used=1348Kb free=4466Kb
 bounds [0x00000172250a0000, 0x0000017225310000, 0x0000017225640000]
 total_blobs=10370 nmethods=9771 adapters=511
 compilation: enabled
              stopped_count=0, restarted_count=0
 full_count=0

Compilation events (20 events):
Event: 15531.490 Thread 0x0000017246bdc080 11081       3       org.springframework.boot.autoconfigure.condition.ConditionEvaluationReport$$Lambda$1291/0x00000172493daa50::accept (20 bytes)
Event: 15531.490 Thread 0x0000017246bdc080 nmethod 11081 0x000001721f07b490 code [0x000001721f07b640, 0x000001721f07b988]
Event: 15531.490 Thread 0x0000017246bdc080 11082       3       org.springframework.boot.autoconfigure.condition.ConditionEvaluationReport::lambda$getDelta$4 (44 bytes)
Event: 15531.490 Thread 0x0000017246bdc080 nmethod 11082 0x000001721f07ba90 code [0x000001721f07bc80, 0x000001721f07c1c8]
Event: 15535.158 Thread 0x0000017246bdc080 11083       3       org.springframework.boot.devtools.filewatch.FileSystemWatcher$Watcher::isDifferent (105 bytes)
Event: 15535.159 Thread 0x0000017246bdc080 nmethod 11083 0x000001721f07c410 code [0x000001721f07c6a0, 0x000001721f07d468]
Event: 15547.791 Thread 0x0000017246bd7890 11084       4       java.util.concurrent.locks.AbstractQueuedSynchronizer$ConditionObject::canReacquire (28 bytes)
Event: 15547.792 Thread 0x0000017246bd7890 nmethod 11084 0x0000017225d90e90 code [0x0000017225d91000, 0x0000017225d910f8]
Event: 15557.789 Thread 0x0000017246bdc080 11085       3       org.springframework.boot.devtools.filewatch.FileSystemWatcher$Watcher::scan (63 bytes)
Event: 15557.789 Thread 0x0000017246bdc080 nmethod 11085 0x000001721f07d790 code [0x000001721f07d9a0, 0x000001721f07de08]
Event: 15559.427 Thread 0x0000017246bd7890 11086       4       org.springframework.boot.devtools.filewatch.FileSystemWatcher$Watcher::getCurrentSnapshots (63 bytes)
Event: 15559.881 Thread 0x0000017246bdc080 11087       3       org.apache.hc.core5.http.config.NamedElementChain$Node::<init> (20 bytes)
Event: 15559.881 Thread 0x0000017246bdc080 nmethod 11087 0x000001721f07df90 code [0x000001721f07e140, 0x000001721f07e3d8]
Event: 15559.881 Thread 0x0000017246bdc080 11088       1       org.springframework.http.converter.AbstractHttpMessageConverter::getDefaultCharset (5 bytes)
Event: 15559.882 Thread 0x0000017246bdc080 nmethod 11088 0x0000017225d91210 code [0x0000017225d913a0, 0x0000017225d91478]
Event: 15559.883 Thread 0x0000017246bdc080 11089       3       com.fasterxml.jackson.databind.Module::getTypeId (8 bytes)
Event: 15559.883 Thread 0x0000017246bdc080 nmethod 11089 0x000001721f07e490 code [0x000001721f07e640, 0x000001721f07e868]
Event: 15559.885 Thread 0x0000017246bdc080 11090       3       com.fasterxml.jackson.databind.introspect.JacksonAnnotationIntrospector::isIgnorableType (29 bytes)
Event: 15559.886 Thread 0x0000017246bdc080 nmethod 11090 0x000001721f07e990 code [0x000001721f07eb80, 0x000001721f07f1d8]
Event: 15559.886 Thread 0x0000017246bdc080 11091   !   3       com.fasterxml.jackson.databind.introspect.JacksonAnnotationIntrospector::refineSerializationType (669 bytes)

GC Heap History (20 events):
Event: 12216.096 GC heap before
{Heap before GC invocations=34 (full 0):
 garbage-first heap   total 81920K, used 55208K [0x0000000583000000, 0x0000000800000000)
  region size 8192K, 4 young (32768K), 1 survivors (8192K)
 Metaspace       used 49508K, committed 50112K, reserved 1114112K
  class space    used 6106K, committed 6400K, reserved 1048576K
}
Event: 12216.098 GC heap after
{Heap after GC invocations=35 (full 0):
 garbage-first heap   total 81920K, used 30658K [0x0000000583000000, 0x0000000800000000)
  region size 8192K, 1 young (8192K), 1 survivors (8192K)
 Metaspace       used 49508K, committed 50112K, reserved 1114112K
  class space    used 6106K, committed 6400K, reserved 1048576K
}
Event: 12836.843 GC heap before
{Heap before GC invocations=35 (full 0):
 garbage-first heap   total 81920K, used 55234K [0x0000000583000000, 0x0000000800000000)
  region size 8192K, 4 young (32768K), 1 survivors (8192K)
 Metaspace       used 49518K, committed 50112K, reserved 1114112K
  class space    used 6106K, committed 6400K, reserved 1048576K
}
Event: 12836.847 GC heap after
{Heap after GC invocations=36 (full 0):
 garbage-first heap   total 81920K, used 30691K [0x0000000583000000, 0x0000000800000000)
  region size 8192K, 1 young (8192K), 1 survivors (8192K)
 Metaspace       used 49518K, committed 50112K, reserved 1114112K
  class space    used 6106K, committed 6400K, reserved 1048576K
}
Event: 13410.776 GC heap before
{Heap before GC invocations=36 (full 0):
 garbage-first heap   total 81920K, used 55267K [0x0000000583000000, 0x0000000800000000)
  region size 8192K, 4 young (32768K), 1 survivors (8192K)
 Metaspace       used 49546K, committed 50176K, reserved 1114112K
  class space    used 6106K, committed 6400K, reserved 1048576K
}
Event: 13410.785 GC heap after
{Heap after GC invocations=37 (full 0):
 garbage-first heap   total 81920K, used 30748K [0x0000000583000000, 0x0000000800000000)
  region size 8192K, 1 young (8192K), 1 survivors (8192K)
 Metaspace       used 49546K, committed 50176K, reserved 1114112K
  class space    used 6106K, committed 6400K, reserved 1048576K
}
Event: 14012.118 GC heap before
{Heap before GC invocations=37 (full 0):
 garbage-first heap   total 81920K, used 55324K [0x0000000583000000, 0x0000000800000000)
  region size 8192K, 4 young (32768K), 1 survivors (8192K)
 Metaspace       used 49559K, committed 50176K, reserved 1114112K
  class space    used 6107K, committed 6400K, reserved 1048576K
}
Event: 14012.123 GC heap after
{Heap after GC invocations=38 (full 0):
 garbage-first heap   total 81920K, used 30743K [0x0000000583000000, 0x0000000800000000)
  region size 8192K, 1 young (8192K), 1 survivors (8192K)
 Metaspace       used 49559K, committed 50176K, reserved 1114112K
  class space    used 6107K, committed 6400K, reserved 1048576K
}
Event: 14727.457 GC heap before
{Heap before GC invocations=38 (full 0):
 garbage-first heap   total 81920K, used 55319K [0x0000000583000000, 0x0000000800000000)
  region size 8192K, 4 young (32768K), 1 survivors (8192K)
 Metaspace       used 49567K, committed 50176K, reserved 1114112K
  class space    used 6108K, committed 6400K, reserved 1048576K
}
Event: 14727.460 GC heap after
{Heap after GC invocations=39 (full 0):
 garbage-first heap   total 81920K, used 30705K [0x0000000583000000, 0x0000000800000000)
  region size 8192K, 1 young (8192K), 1 survivors (8192K)
 Metaspace       used 49567K, committed 50176K, reserved 1114112K
  class space    used 6108K, committed 6400K, reserved 1048576K
}
Event: 15401.396 GC heap before
{Heap before GC invocations=39 (full 0):
 garbage-first heap   total 81920K, used 55281K [0x0000000583000000, 0x0000000800000000)
  region size 8192K, 4 young (32768K), 1 survivors (8192K)
 Metaspace       used 49654K, committed 50240K, reserved 1114112K
  class space    used 6108K, committed 6400K, reserved 1048576K
}
Event: 15401.399 GC heap after
{Heap after GC invocations=40 (full 0):
 garbage-first heap   total 81920K, used 30699K [0x0000000583000000, 0x0000000800000000)
  region size 8192K, 1 young (8192K), 1 survivors (8192K)
 Metaspace       used 49654K, committed 50240K, reserved 1114112K
  class space    used 6108K, committed 6400K, reserved 1048576K
}
Event: 15496.191 GC heap before
{Heap before GC invocations=40 (full 0):
 garbage-first heap   total 81920K, used 38891K [0x0000000583000000, 0x0000000800000000)
  region size 8192K, 3 young (24576K), 1 survivors (8192K)
 Metaspace       used 49915K, committed 50560K, reserved 1114112K
  class space    used 6141K, committed 6464K, reserved 1048576K
}
Event: 15496.992 GC heap after
{Heap after GC invocations=41 (full 1):
 garbage-first heap   total 81920K, used 23079K [0x0000000583000000, 0x0000000800000000)
  region size 8192K, 0 young (0K), 0 survivors (0K)
 Metaspace       used 49571K, committed 50560K, reserved 1114112K
  class space    used 6072K, committed 6464K, reserved 1048576K
}
Event: 15518.684 GC heap before
{Heap before GC invocations=41 (full 1):
 garbage-first heap   total 81920K, used 64039K [0x0000000583000000, 0x0000000800000000)
  region size 8192K, 5 young (40960K), 0 survivors (0K)
 Metaspace       used 49961K, committed 50624K, reserved 1114112K
  class space    used 6120K, committed 6464K, reserved 1048576K
}
Event: 15518.708 GC heap after
{Heap after GC invocations=42 (full 1):
 garbage-first heap   total 81920K, used 26564K [0x0000000583000000, 0x0000000800000000)
  region size 8192K, 1 young (8192K), 1 survivors (8192K)
 Metaspace       used 49961K, committed 50624K, reserved 1114112K
  class space    used 6120K, committed 6464K, reserved 1048576K
}
Event: 15521.367 GC heap before
{Heap before GC invocations=42 (full 1):
 garbage-first heap   total 81920K, used 59332K [0x0000000583000000, 0x0000000800000000)
  region size 8192K, 5 young (40960K), 1 survivors (8192K)
 Metaspace       used 50430K, committed 51008K, reserved 1114112K
  class space    used 6137K, committed 6464K, reserved 1048576K
}
Event: 15521.374 GC heap after
{Heap after GC invocations=43 (full 1):
 garbage-first heap   total 81920K, used 28503K [0x0000000583000000, 0x0000000800000000)
  region size 8192K, 1 young (8192K), 1 survivors (8192K)
 Metaspace       used 50430K, committed 51008K, reserved 1114112K
  class space    used 6137K, committed 6464K, reserved 1048576K
}
Event: 15529.611 GC heap before
{Heap before GC invocations=43 (full 1):
 garbage-first heap   total 81920K, used 61271K [0x0000000583000000, 0x0000000800000000)
  region size 8192K, 5 young (40960K), 1 survivors (8192K)
 Metaspace       used 50684K, committed 51264K, reserved 1114112K
  class space    used 6140K, committed 6464K, reserved 1048576K
}
Event: 15529.622 GC heap after
{Heap after GC invocations=44 (full 1):
 garbage-first heap   total 81920K, used 31309K [0x0000000583000000, 0x0000000800000000)
  region size 8192K, 1 young (8192K), 1 survivors (8192K)
 Metaspace       used 50684K, committed 51264K, reserved 1114112K
  class space    used 6140K, committed 6464K, reserved 1048576K
}

Deoptimization events (20 events):
Event: 15531.449 Thread 0x000001728f087540 DEOPT PACKING pc=0x000001721dbf64b5 sp=0x0000002d23efe2c0
Event: 15531.449 Thread 0x000001728f087540 DEOPT UNPACKING pc=0x00000172250f66e3 sp=0x0000002d23efd788 mode 0
Event: 15531.452 Thread 0x000001728f087540 DEOPT PACKING pc=0x000001721dbf64b5 sp=0x0000002d23efe2c0
Event: 15531.452 Thread 0x000001728f087540 DEOPT UNPACKING pc=0x00000172250f66e3 sp=0x0000002d23efd788 mode 0
Event: 15531.453 Thread 0x000001728f087540 DEOPT PACKING pc=0x000001721dbf64b5 sp=0x0000002d23efe2c0
Event: 15531.453 Thread 0x000001728f087540 DEOPT UNPACKING pc=0x00000172250f66e3 sp=0x0000002d23efd788 mode 0
Event: 15531.454 Thread 0x000001728f087540 DEOPT PACKING pc=0x000001721dbf64b5 sp=0x0000002d23efe2c0
Event: 15531.454 Thread 0x000001728f087540 DEOPT UNPACKING pc=0x00000172250f66e3 sp=0x0000002d23efd788 mode 0
Event: 15531.457 Thread 0x000001728f087540 DEOPT PACKING pc=0x000001721dbf64b5 sp=0x0000002d23efe2c0
Event: 15531.457 Thread 0x000001728f087540 DEOPT UNPACKING pc=0x00000172250f66e3 sp=0x0000002d23efd788 mode 0
Event: 15531.458 Thread 0x000001728f087540 DEOPT PACKING pc=0x000001721dbf64b5 sp=0x0000002d23efe2c0
Event: 15531.458 Thread 0x000001728f087540 DEOPT UNPACKING pc=0x00000172250f66e3 sp=0x0000002d23efd788 mode 0
Event: 15558.999 Thread 0x000001728f08b8a0 Uncommon trap: trap_request=0xffffff5c fr.pc=0x00000172257071c0 relative=0x00000000000004a0
Event: 15558.999 Thread 0x000001728f08b8a0 Uncommon trap: reason=speculate_null_check action=make_not_entrant pc=0x00000172257071c0 method=java.util.concurrent.locks.AbstractQueuedSynchronizer.enqueue(Ljava/util/concurrent/locks/AbstractQueuedSynchronizer$Node;)V @ 15 c2
Event: 15558.999 Thread 0x000001728f08b8a0 DEOPT PACKING pc=0x00000172257071c0 sp=0x0000002d25aff400
Event: 15558.999 Thread 0x000001728f08b8a0 DEOPT UNPACKING pc=0x00000172250f5ba3 sp=0x0000002d25aff350 mode 2
Event: 15560.471 Thread 0x000001728f089bc0 Uncommon trap: trap_request=0xffffff45 fr.pc=0x0000017225b4f844 relative=0x0000000000003144
Event: 15560.471 Thread 0x000001728f089bc0 Uncommon trap: reason=unstable_if action=reinterpret pc=0x0000017225b4f844 method=java.io.File.normalizedList()[Ljava/lang/String; @ 34 c2
Event: 15560.471 Thread 0x000001728f089bc0 DEOPT PACKING pc=0x0000017225b4f844 sp=0x0000002d256ff220
Event: 15561.480 Thread 0x000001728f089bc0 DEOPT UNPACKING pc=0x00000172250f5ba3 sp=0x0000002d256ff120 mode 2

Classes unloaded (20 events):
Event: 15496.437 Thread 0x0000017246bb7330 Unloading class 0x0000017249095c00 'java/lang/invoke/LambdaForm$MH+0x0000017249095c00'
Event: 15496.437 Thread 0x0000017246bb7330 Unloading class 0x0000017249095800 'java/lang/invoke/LambdaForm$MH+0x0000017249095800'
Event: 15496.437 Thread 0x0000017246bb7330 Unloading class 0x0000017249095400 'java/lang/invoke/LambdaForm$MH+0x0000017249095400'
Event: 15496.437 Thread 0x0000017246bb7330 Unloading class 0x0000017249095000 'java/lang/invoke/LambdaForm$MH+0x0000017249095000'
Event: 15496.437 Thread 0x0000017246bb7330 Unloading class 0x0000017249094c00 'java/lang/invoke/LambdaForm$MH+0x0000017249094c00'
Event: 15496.437 Thread 0x0000017246bb7330 Unloading class 0x0000017249094400 'java/lang/invoke/LambdaForm$MH+0x0000017249094400'
Event: 15496.437 Thread 0x0000017246bb7330 Unloading class 0x0000017249094000 'java/lang/invoke/LambdaForm$MH+0x0000017249094000'
Event: 15496.437 Thread 0x0000017246bb7330 Unloading class 0x0000017249080800 'jdk/internal/reflect/GeneratedSerializationConstructorAccessor3'
Event: 15496.437 Thread 0x0000017246bb7330 Unloading class 0x0000017249080400 'jdk/internal/reflect/GeneratedSerializationConstructorAccessor2'
Event: 15496.437 Thread 0x0000017246bb7330 Unloading class 0x0000017249080000 'jdk/internal/reflect/GeneratedSerializationConstructorAccessor1'
Event: 15496.438 Thread 0x0000017246bb7330 Unloading class 0x0000017249008800 'java/lang/invoke/LambdaForm$DMH+0x0000017249008800'
Event: 15496.438 Thread 0x0000017246bb7330 Unloading class 0x0000017249008000 'java/lang/invoke/LambdaForm$DMH+0x0000017249008000'
Event: 15496.438 Thread 0x0000017246bb7330 Unloading class 0x0000017249007400 'jdk/internal/reflect/GeneratedConstructorAccessor1'
Event: 15496.438 Thread 0x0000017246bb7330 Unloading class 0x0000017249006800 'java/lang/invoke/LambdaForm$MH+0x0000017249006800'
Event: 15496.438 Thread 0x0000017246bb7330 Unloading class 0x0000017249006400 'java/lang/invoke/LambdaForm$MH+0x0000017249006400'
Event: 15496.438 Thread 0x0000017246bb7330 Unloading class 0x0000017249006000 'java/lang/invoke/LambdaForm$MH+0x0000017249006000'
Event: 15496.438 Thread 0x0000017246bb7330 Unloading class 0x0000017249005c00 'java/lang/invoke/LambdaForm$MH+0x0000017249005c00'
Event: 15496.438 Thread 0x0000017246bb7330 Unloading class 0x0000017249005800 'java/lang/invoke/LambdaForm$MH+0x0000017249005800'
Event: 15496.438 Thread 0x0000017246bb7330 Unloading class 0x0000017249004400 'java/lang/invoke/LambdaForm$MH+0x0000017249004400'
Event: 15496.438 Thread 0x0000017246bb7330 Unloading class 0x0000017249004000 'java/lang/invoke/LambdaForm$MH+0x0000017249004000'

Classes redefined (0 events):
No events

Internal exceptions (20 events):
Event: 15519.794 Thread 0x000001728f087540 Exception <a 'java/lang/NoClassDefFoundError'{0x00000005aa55bba0}: liquibase/integration/spring/SpringLiquibase> (0x00000005aa55bba0) 
thrown [s\open\src\hotspot\share\oops\constantPool.cpp, line 837]
Event: 15520.097 Thread 0x000001728f087540 Exception <a 'sun/nio/fs/WindowsException'{0x0000000586e9d418}> (0x0000000586e9d418) 
thrown [s\open\src\hotspot\share\prims\jni.cpp, line 516]
Event: 15520.099 Thread 0x000001728f087540 Exception <a 'sun/nio/fs/WindowsException'{0x0000000586e9db30}> (0x0000000586e9db30) 
thrown [s\open\src\hotspot\share\prims\jni.cpp, line 516]
Event: 15520.100 Thread 0x000001728f087540 Exception <a 'sun/nio/fs/WindowsException'{0x0000000586e9e228}> (0x0000000586e9e228) 
thrown [s\open\src\hotspot\share\prims\jni.cpp, line 516]
Event: 15520.199 Thread 0x000001728f087540 Exception <a 'java/io/FileNotFoundException'{0x0000000586efc7d0}> (0x0000000586efc7d0) 
thrown [s\open\src\hotspot\share\prims\jni.cpp, line 516]
Event: 15520.820 Thread 0x000001728f087540 Exception <a 'java/io/FileNotFoundException'{0x000000058661e418}> (0x000000058661e418) 
thrown [s\open\src\hotspot\share\prims\jni.cpp, line 516]
Event: 15521.850 Thread 0x000001728f087540 Exception <a 'sun/nio/fs/WindowsException'{0x00000005aab68148}> (0x00000005aab68148) 
thrown [s\open\src\hotspot\share\prims\jni.cpp, line 516]
Event: 15528.861 Thread 0x000001728f087540 Exception <a 'java/net/ConnectException'{0x00000005864c3258}: Connection refused: no further information> (0x00000005864c3258) 
thrown [s\open\src\hotspot\share\prims\jni.cpp, line 535]
Event: 15528.861 Thread 0x000001728f087540 Exception <a 'java/net/SocketException'{0x00000005864c3d88}: Socket is not connected: shutdown> (0x00000005864c3d88) 
thrown [s\open\src\hotspot\share\prims\jni.cpp, line 535]
Event: 15528.913 Thread 0x000001728f087540 Exception <a 'java/net/ConnectException'{0x00000005864c5c30}: Connection refused: no further information> (0x00000005864c5c30) 
thrown [s\open\src\hotspot\share\prims\jni.cpp, line 535]
Event: 15528.913 Thread 0x000001728f087540 Exception <a 'java/net/SocketException'{0x00000005864c6760}: Socket is not connected: shutdown> (0x00000005864c6760) 
thrown [s\open\src\hotspot\share\prims\jni.cpp, line 535]
Event: 15529.247 Thread 0x000001728ed6ff30 Exception <a 'java/net/ConnectException'{0x0000000586742b40}: Connection refused: no further information> (0x0000000586742b40) 
thrown [s\open\src\hotspot\share\prims\jni.cpp, line 535]
Event: 15529.247 Thread 0x000001728ed6ff30 Exception <a 'java/net/SocketException'{0x0000000586743120}: Socket is not connected: shutdown> (0x0000000586743120) 
thrown [s\open\src\hotspot\share\prims\jni.cpp, line 535]
Event: 15529.360 Thread 0x000001728ed6ff30 Exception <a 'java/net/ConnectException'{0x0000000586746870}: Connection refused: no further information> (0x0000000586746870) 
thrown [s\open\src\hotspot\share\prims\jni.cpp, line 535]
Event: 15529.361 Thread 0x000001728ed6ff30 Exception <a 'java/net/SocketException'{0x0000000586746e50}: Socket is not connected: shutdown> (0x0000000586746e50) 
thrown [s\open\src\hotspot\share\prims\jni.cpp, line 535]
Event: 15529.687 Thread 0x000001728ed6ff30 Exception <a 'java/net/ConnectException'{0x00000005aa8155a8}: Connection refused: no further information> (0x00000005aa8155a8) 
thrown [s\open\src\hotspot\share\prims\jni.cpp, line 535]
Event: 15529.687 Thread 0x000001728ed6ff30 Exception <a 'java/net/SocketException'{0x00000005aa815b88}: Socket is not connected: shutdown> (0x00000005aa815b88) 
thrown [s\open\src\hotspot\share\prims\jni.cpp, line 535]
Event: 15529.763 Thread 0x000001728ed6ff30 Exception <a 'java/net/ConnectException'{0x00000005aa816f90}: Connection refused: no further information> (0x00000005aa816f90) 
thrown [s\open\src\hotspot\share\prims\jni.cpp, line 535]
Event: 15529.763 Thread 0x000001728ed6ff30 Exception <a 'java/net/SocketException'{0x00000005aa817570}: Socket is not connected: shutdown> (0x00000005aa817570) 
thrown [s\open\src\hotspot\share\prims\jni.cpp, line 535]
Event: 15560.471 Thread 0x000001728f089bc0 Implicit null exception at 0x0000017225b4c8b7 to 0x0000017225b4f820

VM Operations (20 events):
Event: 15522.470 Executing VM operation: Cleanup done
Event: 15525.498 Executing VM operation: Cleanup
Event: 15525.499 Executing VM operation: Cleanup done
Event: 15526.509 Executing VM operation: Cleanup
Event: 15526.510 Executing VM operation: Cleanup done
Event: 15527.519 Executing VM operation: Cleanup
Event: 15527.519 Executing VM operation: Cleanup done
Event: 15528.528 Executing VM operation: Cleanup
Event: 15528.529 Executing VM operation: Cleanup done
Event: 15529.537 Executing VM operation: Cleanup
Event: 15529.611 Executing VM operation: Cleanup done
Event: 15529.611 Executing VM operation: G1CollectForAllocation
Event: 15529.622 Executing VM operation: G1CollectForAllocation done
Event: 15530.623 Executing VM operation: Cleanup
Event: 15530.623 Executing VM operation: Cleanup done
Event: 15531.626 Executing VM operation: Cleanup
Event: 15531.626 Executing VM operation: Cleanup done
Event: 15535.663 Executing VM operation: Cleanup
Event: 15535.664 Executing VM operation: Cleanup done
Event: 15560.863 Executing VM operation: Cleanup

Events (20 events):
Event: 15528.985 Thread 0x000001728f08b8a0 Thread added: 0x000001728f08b8a0
Event: 15528.993 Thread 0x000001728ed71270 Thread added: 0x000001728ed71270
Event: 15529.000 Thread 0x000001728db44aa0 Thread exited: 0x000001728db44aa0
Event: 15529.002 Thread 0x000001728ed6ff30 Thread added: 0x000001728ed6ff30
Event: 15529.077 Thread 0x000001728ed70400 Thread added: 0x000001728ed70400
Event: 15529.080 Thread 0x000001728ed708d0 Thread added: 0x000001728ed708d0
Event: 15529.080 Thread 0x000001728ed71740 Thread added: 0x000001728ed71740
Event: 15529.081 Thread 0x000001728ed6f590 Thread added: 0x000001728ed6f590
Event: 15529.086 Thread 0x000001728ed725b0 Thread added: 0x000001728ed725b0
Event: 15529.087 Thread 0x000001728ed74290 Thread added: 0x000001728ed74290
Event: 15529.087 Thread 0x000001728ed73420 Thread added: 0x000001728ed73420
Event: 15529.087 Thread 0x000001728ed72a80 Thread added: 0x000001728ed72a80
Event: 15529.087 Thread 0x000001728ed73dc0 Thread added: 0x000001728ed73dc0
Event: 15529.091 Thread 0x000001728ed738f0 Thread added: 0x000001728ed738f0
Event: 15529.102 Thread 0x000001728ed70da0 Thread added: 0x000001728ed70da0
Event: 15529.103 Thread 0x000001728ed74c30 Thread added: 0x000001728ed74c30
Event: 15531.492 Thread 0x000001728f087540 Thread exited: 0x000001728f087540
Event: 15531.493 Thread 0x000001728f088d50 Thread exited: 0x000001728f088d50
Event: 15561.480 Thread 0x000001728ed76910 Thread added: 0x000001728ed76910
Event: 15561.480 Thread 0x000001728ed76440 Thread added: 0x000001728ed76440


Dynamic libraries:
0x00007ff6166b0000 - 0x00007ff6166c0000 	C:\Program Files\Java\jdk-17\bin\java.exe
0x00007ff852600000 - 0x00007ff852867000 	C:\Windows\SYSTEM32\ntdll.dll
0x00007ff852210000 - 0x00007ff8522d9000 	C:\Windows\System32\KERNEL32.DLL
0x00007ff84fa50000 - 0x00007ff84fe40000 	C:\Windows\System32\KERNELBASE.dll
0x00007ff84f730000 - 0x00007ff84f87b000 	C:\Windows\System32\ucrtbase.dll
0x00007ff81dab0000 - 0x00007ff81dac9000 	C:\Program Files\Java\jdk-17\bin\jli.dll
0x00007ff81d900000 - 0x00007ff81d91b000 	C:\Program Files\Java\jdk-17\bin\VCRUNTIME140.dll
0x00007ff850c20000 - 0x00007ff850cd4000 	C:\Windows\System32\ADVAPI32.dll
0x00007ff850e80000 - 0x00007ff850f29000 	C:\Windows\System32\msvcrt.dll
0x00007ff8514e0000 - 0x00007ff851586000 	C:\Windows\System32\sechost.dll
0x00007ff851bf0000 - 0x00007ff851d08000 	C:\Windows\System32\RPCRT4.dll
0x00007ff851310000 - 0x00007ff8514d5000 	C:\Windows\System32\USER32.dll
0x00007ff850360000 - 0x00007ff850387000 	C:\Windows\System32\win32u.dll
0x00007ff851aa0000 - 0x00007ff851acb000 	C:\Windows\System32\GDI32.dll
0x00007ff831040000 - 0x00007ff8312da000 	C:\Windows\WinSxS\amd64_microsoft.windows.common-controls_6595b64144ccf1df_6.0.26100.4768_none_3e0c112ce331287c\COMCTL32.dll
0x00007ff84f910000 - 0x00007ff84fa48000 	C:\Windows\System32\gdi32full.dll
0x00007ff8502b0000 - 0x00007ff850353000 	C:\Windows\System32\msvcp_win.dll
0x00007ff83e2b0000 - 0x00007ff83e2bb000 	C:\Windows\SYSTEM32\VERSION.dll
0x00007ff851220000 - 0x00007ff85124f000 	C:\Windows\System32\IMM32.DLL
0x00007ff823cc0000 - 0x00007ff823ccc000 	C:\Program Files\Java\jdk-17\bin\vcruntime140_1.dll
0x00007ff818a20000 - 0x00007ff818aae000 	C:\Program Files\Java\jdk-17\bin\msvcp140.dll
0x00007fffd2820000 - 0x00007fffd3401000 	C:\Program Files\Java\jdk-17\bin\server\jvm.dll
0x00007ff850ce0000 - 0x00007ff850ce8000 	C:\Windows\System32\PSAPI.DLL
0x00007ff83aa40000 - 0x00007ff83aa4a000 	C:\Windows\SYSTEM32\WSOCK32.dll
0x00007ff850fe0000 - 0x00007ff851054000 	C:\Windows\System32\WS2_32.dll
0x00007ff836050000 - 0x00007ff836085000 	C:\Windows\SYSTEM32\WINMM.dll
0x00007ff84e470000 - 0x00007ff84e48b000 	C:\Windows\SYSTEM32\kernel.appcore.dll
0x00007ff823960000 - 0x00007ff82396a000 	C:\Program Files\Java\jdk-17\bin\jimage.dll
0x00007ff84cd50000 - 0x00007ff84cf91000 	C:\Windows\SYSTEM32\DBGHELP.DLL
0x00007ff851700000 - 0x00007ff851a85000 	C:\Windows\System32\combase.dll
0x00007ff850390000 - 0x00007ff850470000 	C:\Windows\System32\OLEAUT32.dll
0x00007ff817c70000 - 0x00007ff817cb3000 	C:\Windows\SYSTEM32\dbgcore.DLL
0x00007ff850090000 - 0x00007ff850129000 	C:\Windows\System32\bcryptPrimitives.dll
0x00007ff81d330000 - 0x00007ff81d355000 	C:\Program Files\Java\jdk-17\bin\java.dll
0x00007ff8181d0000 - 0x00007ff8182a7000 	C:\Program Files\Java\jdk-17\bin\jsvml.dll
0x00007ff850480000 - 0x00007ff850bcd000 	C:\Windows\System32\SHELL32.dll
0x00007ff84fe50000 - 0x00007ff84ffc3000 	C:\Windows\System32\wintypes.dll
0x00007ff84d2d0000 - 0x00007ff84db30000 	C:\Windows\SYSTEM32\windows.storage.dll
0x00007ff850cf0000 - 0x00007ff850de5000 	C:\Windows\System32\SHCORE.dll
0x00007ff8524d0000 - 0x00007ff85253a000 	C:\Windows\System32\shlwapi.dll
0x00007ff84f650000 - 0x00007ff84f679000 	C:\Windows\SYSTEM32\profapi.dll
0x00007ff81d8e0000 - 0x00007ff81d8f9000 	C:\Program Files\Java\jdk-17\bin\net.dll
0x00007ff846040000 - 0x00007ff84615e000 	C:\Windows\SYSTEM32\WINHTTP.dll
0x00007ff84e9e0000 - 0x00007ff84ea4b000 	C:\Windows\system32\mswsock.dll
0x00007ff81d290000 - 0x00007ff81d2a6000 	C:\Program Files\Java\jdk-17\bin\nio.dll
0x00007ff81c100000 - 0x00007ff81c118000 	C:\Program Files\Java\jdk-17\bin\zip.dll
0x00007ff81e660000 - 0x00007ff81e66a000 	C:\Program Files\Java\jdk-17\bin\management.dll
0x00007ff81daa0000 - 0x00007ff81daab000 	C:\Program Files\Java\jdk-17\bin\management_ext.dll
0x00007fffc0f50000 - 0x00007fffc0f68000 	C:\Windows\system32\napinsp.dll
0x00007ff806dd0000 - 0x00007ff806df0000 	C:\Windows\system32\wshbth.dll
0x00007fffd7ea0000 - 0x00007fffd7ed0000 	C:\Windows\system32\nlansp_c.dll
0x00007ff84def0000 - 0x00007ff84e016000 	C:\Windows\SYSTEM32\DNSAPI.dll
0x00007ff84de60000 - 0x00007ff84de93000 	C:\Windows\SYSTEM32\IPHLPAPI.DLL
0x00007ff851210000 - 0x00007ff85121a000 	C:\Windows\System32\NSI.dll
0x00007fffb90e0000 - 0x00007fffb90f2000 	C:\Windows\System32\winrnr.dll
0x00007ff8400e0000 - 0x00007ff8400eb000 	C:\Windows\System32\rasadhlp.dll
0x00007ff849bc0000 - 0x00007ff849c46000 	C:\Windows\System32\fwpuclnt.dll
0x00007ff84edc0000 - 0x00007ff84eddb000 	C:\Windows\SYSTEM32\CRYPTSP.dll
0x00007ff84e3d0000 - 0x00007ff84e40b000 	C:\Windows\system32\rsaenh.dll
0x00007ff84ea80000 - 0x00007ff84eaab000 	C:\Windows\SYSTEM32\USERENV.dll
0x00007ff84f620000 - 0x00007ff84f646000 	C:\Windows\SYSTEM32\bcrypt.dll
0x00007ff84ec20000 - 0x00007ff84ec2c000 	C:\Windows\SYSTEM32\CRYPTBASE.dll
0x00007ff849480000 - 0x00007ff84949f000 	C:\Windows\SYSTEM32\dhcpcsvc6.DLL
0x00007ff849450000 - 0x00007ff849475000 	C:\Windows\SYSTEM32\dhcpcsvc.DLL
0x00007ff81d280000 - 0x00007ff81d28e000 	C:\Program Files\Java\jdk-17\bin\sunmscapi.dll
0x00007ff850130000 - 0x00007ff8502a7000 	C:\Windows\System32\CRYPT32.dll
0x00007ff84ef20000 - 0x00007ff84ef50000 	C:\Windows\SYSTEM32\ncrypt.dll
0x00007ff84eed0000 - 0x00007ff84ef0f000 	C:\Windows\SYSTEM32\NTASN1.dll
0x00007ff81c950000 - 0x00007ff81c960000 	C:\Program Files\Java\jdk-17\bin\verify.dll
0x00007fffbfb90000 - 0x00007fffbfb98000 	C:\Windows\system32\wshunix.dll

dbghelp: loaded successfully - version: 4.0.5 - missing functions: none
symbol engine: initialized successfully - sym options: 0x614 - pdb path: .;C:\Program Files\Java\jdk-17\bin;C:\Windows\SYSTEM32;C:\Windows\WinSxS\amd64_microsoft.windows.common-controls_6595b64144ccf1df_6.0.26100.4768_none_3e0c112ce331287c;C:\Program Files\Java\jdk-17\bin\server

VM Arguments:
jvm_args: -XX:+ShowCodeDetailsInExceptionMessages -Dspring.jmx.enabled=true -Dmanagement.endpoints.jmx.exposure.include=* -Dspring.application.admin.enabled=true -Dspring.boot.project.name=com.manamer.sellout.infraestructure.keycloak-adapter-keycloak-adapter -Djava.rmi.server.hostname=localhost -Dcom.sun.management.jmxremote.port=45558 -Dcom.sun.management.jmxremote.authenticate=false -Dcom.sun.management.jmxremote.ssl=false 
java_command: com.sellout.KeycloakAdapterApplication
java_class_path (initial): C:\Users\Fernanda Jama\OneDrive - Manamer\Documentos\PROYECTOS 2025-2026\sellout1\backend\infraestructure\keycloakAdapter\target\classes;C:\Users\Fernanda Jama\.m2\repository\org\springframework\boot\spring-boot-starter-web\3.2.4\spring-boot-starter-web-3.2.4.jar;C:\Users\Fernanda Jama\.m2\repository\org\springframework\boot\spring-boot-starter\3.2.4\spring-boot-starter-3.2.4.jar;C:\Users\Fernanda Jama\.m2\repository\org\springframework\boot\spring-boot-starter-logging\3.2.4\spring-boot-starter-logging-3.2.4.jar;C:\Users\Fernanda Jama\.m2\repository\ch\qos\logback\logback-classic\1.4.14\logback-classic-1.4.14.jar;C:\Users\Fernanda Jama\.m2\repository\ch\qos\logback\logback-core\1.4.14\logback-core-1.4.14.jar;C:\Users\Fernanda Jama\.m2\repository\org\apache\logging\log4j\log4j-to-slf4j\2.23.1\log4j-to-slf4j-2.23.1.jar;C:\Users\Fernanda Jama\.m2\repository\org\apache\logging\log4j\log4j-api\2.23.1\log4j-api-2.23.1.jar;C:\Users\Fernanda Jama\.m2\repository\org\slf4j\jul-to-slf4j\2.0.12\jul-to-slf4j-2.0.12.jar;C:\Users\Fernanda Jama\.m2\repository\jakarta\annotation\jakarta.annotation-api\2.1.1\jakarta.annotation-api-2.1.1.jar;C:\Users\Fernanda Jama\.m2\repository\org\yaml\snakeyaml\2.2\snakeyaml-2.2.jar;C:\Users\Fernanda Jama\.m2\repository\org\springframework\boot\spring-boot-starter-json\3.2.4\spring-boot-starter-json-3.2.4.jar;C:\Users\Fernanda Jama\.m2\repository\com\fasterxml\jackson\datatype\jackson-datatype-jdk8\2.17.2\jackson-datatype-jdk8-2.17.2.jar;C:\Users\Fernanda Jama\.m2\repository\com\fasterxml\jackson\datatype\jackson-datatype-jsr310\2.17.2\jackson-datatype-jsr310-2.17.2.jar;C:\Users\Fernanda Jama\.m2\repository\com\fasterxml\jackson\module\jackson-module-parameter-names\2.17.2\jackson-module-parameter-names-2.17.2.jar;C:\Users\Fernanda Jama\.m2\repository\org\springframework\boot\spring-boot-starter-tomcat\3.2.4\spring-boot-starter-tomcat-3.2.4.jar;C:\Users\Fernanda Jama\.m2\repository\org\apache\tomcat\embed\tomcat-embed-c
Launcher Type: SUN_STANDARD

[Global flags]
     intx CICompilerCount                          = 4                                         {product} {ergonomic}
     uint ConcGCThreads                            = 2                                         {product} {ergonomic}
     uint G1ConcRefinementThreads                  = 8                                         {product} {ergonomic}
   size_t G1HeapRegionSize                         = 8388608                                   {product} {ergonomic}
    uintx GCDrainStackTargetSize                   = 64                                        {product} {ergonomic}
   size_t InitialHeapSize                          = 671088640                                 {product} {ergonomic}
     bool ManagementServer                         = true                                      {product} {command line}
   size_t MarkStackSize                            = 4194304                                   {product} {ergonomic}
   size_t MaxHeapSize                              = 10687086592                               {product} {ergonomic}
   size_t MaxNewSize                               = 6408896512                                {product} {ergonomic}
   size_t MinHeapDeltaBytes                        = 8388608                                   {product} {ergonomic}
   size_t MinHeapSize                              = 8388608                                   {product} {ergonomic}
    uintx NonNMethodCodeHeapSize                   = 5839372                                {pd product} {ergonomic}
    uintx NonProfiledCodeHeapSize                  = 122909434                              {pd product} {ergonomic}
    uintx ProfiledCodeHeapSize                     = 122909434                              {pd product} {ergonomic}
    uintx ReservedCodeCacheSize                    = 251658240                              {pd product} {ergonomic}
     bool SegmentedCodeCache                       = true                                      {product} {ergonomic}
     bool ShowCodeDetailsInExceptionMessages       = true                                   {manageable} {command line}
   size_t SoftMaxHeapSize                          = 10687086592                            {manageable} {ergonomic}
     bool UseCompressedClassPointers               = true                           {product lp64_product} {ergonomic}
     bool UseCompressedOops                        = true                           {product lp64_product} {ergonomic}
     bool UseG1GC                                  = true                                      {product} {ergonomic}
     bool UseLargePagesIndividualAllocation        = false                                  {pd product} {ergonomic}

Logging:
Log output configuration:
 #0: stdout all=warning uptime,level,tags
 #1: stderr all=off uptime,level,tags

Environment Variables:
JAVA_HOME=C:\\Program Files\\Java\\jdk-17
CLASSPATH=C:\Program Files\SAP\SAP Business One DI API\JCO\LIB\sbowrapper.jar;C:\Program Files\SAP\SAP Business One DI API\JCO\LIB\sboapi.jar
PATH=C:\\Program Files\\Java\\jdk-17\\bin;C:\\Users\\Fernanda Jama\\.trae\\tools\\maven\\latest\\bin;C:\\Users\\Fernanda Jama\\.trae\\tools\\gradle\\latest\\bin;C:\Program Files\Java\jdk-17\bin;C:\Users\Fernanda Jama\.trae\tools\maven\latest\bin;C:\Users\Fernanda Jama\.trae\tools\gradle\latest\bin;C:\Python313\Scripts\;C:\Python313\;C:\Program Files\Microsoft MPI\Bin\;C:\Program Files\Common Files\Oracle\Java\javapath;C:\Windows\system32;C:\Windows;C:\Windows\System32\Wbem;C:\Windows\System32\WindowsPowerShell\v1.0\;C:\Windows\System32\OpenSSH\;C:\Program Files\Microsoft SQL Server\Client SDK\ODBC\170\Tools\Binn\;C:\Program Files (x86)\Microsoft SQL Server\150\Tools\Binn\;C:\Program Files\Microsoft SQL Server\150\Tools\Binn\;C:\Program Files\Microsoft SQL Server\150\DTS\Binn\;C:\Program Files (x86)\Microsoft SQL Server\160\DTS\Binn\;C:\Program Files\nodejs\;C:\ProgramData\chocolatey\bin;C:\Program Files\SAP\SAP Business One DI API\JCO\LIB\;C:\Program Files\SAP\SAP Business One DI API\DI API 90;C:\Program Files\SAP\SAP Business One\;C:\Program Files\apache-maven-3.8.8-bin\apache-maven-3.8.8\bin;C:\Program Files\Git\cmd;C:\Users\Fernanda Jama\AppData\Local\Microsoft\WindowsApps;C:\Users\Fernanda Jama\AppData\Local\GitHubDesktop\bin;C:\Users\Fernanda Jama\AppData\Local\Programs\Microsoft VS Code\bin;C:\Users\Fernanda Jama\AppData\Roaming\npm
USERNAME=Fernanda Jama
LANG=en_US.UTF-8
OS=Windows_NT
PROCESSOR_IDENTIFIER=Intel64 Family 6 Model 140 Stepping 1, GenuineIntel



---------------  S Y S T E M  ---------------

OS:
 Windows 11 , 64 bit Build 26100 (10.0.26100.4768)
OS uptime: 0 days 7:31 hours
Hyper-V role detected

CPU: total 8 (initial active 8) (4 cores per cpu, 2 threads per core) family 6 model 140 stepping 1 microcode 0xb8, cx8, cmov, fxsr, ht, mmx, 3dnowpref, sse, sse2, sse3, ssse3, sse4.1, sse4.2, popcnt, lzcnt, tsc, tscinvbit, avx, avx2, aes, erms, clmul, bmi1, bmi2, adx, avx512f, avx512dq, avx512cd, avx512bw, avx512vl, sha, fma, vzeroupper, avx512_vpopcntdq, avx512_vpclmulqdq, avx512_vaes, avx512_vnni, clflush, clflushopt, clwb, avx512_vbmi2, avx512_vbmi, hv

Memory: 4k page, system-wide physical 40743M (1487M free)
TotalPageFile size 101623M (AvailPageFile size 0M)
current process WorkingSet (physical memory assigned to process): 246M, peak: 280M
current process commit charge ("private bytes"): 310M, peak: 818M

vm_info: Java HotSpot(TM) 64-Bit Server VM (17.0.15+9-LTS-241) for windows-amd64 JRE (17.0.15+9-LTS-241), built on Feb 20 2025 10:49:54 by "mach5one" with MS VC++ 17.6 (VS2022)

END.
