#
# There is insufficient memory for the Java Runtime Environment to continue.
# Native memory allocation (malloc) failed to allocate 785456 bytes for Chunk::new
# Possible reasons:
#   The system is out of physical RAM or swap space
#   The process is running with CompressedOops enabled, and the Java Heap may be blocking the growth of the native heap
# Possible solutions:
#   Reduce memory load on the system
#   Increase physical memory or swap space
#   Check if swap backing store is full
#   Decrease Java heap size (-Xmx/-Xms)
#   Decrease number of Java threads
#
#  
CodeHeap 'non-profiled nmethods': size=120000Kb used=7231Kb max_used=7231Kb free=112768Kb
 bounds [0x000001fd38ea0000, 0x000001fd395b0000, 0x000001fd403d0000]
CodeHeap 'profiled nmethods': size=120000Kb used=19316Kb max_used=19435Kb free=100683Kb
 bounds [0x000001fd313d0000, 0x000001fd326e0000, 0x000001fd38900000]
CodeHeap 'non-nmethods': size=5760Kb used=1303Kb max_used=1372Kb free=4457Kb
 bounds [0x000001fd38900000, 0x000001fd38b70000, 0x000001fd38ea0000]
 total_blobs=9657 nmethods=9043 adapters=523
 compilation: enabled
              stopped_count=0, restarted_count=0
 full_count=0

Compilation events (20 events):
Event: 27186.447 Thread 0x000001fd5832e3a0 nmethod 10539 0x000001fd395aed90 code [0x000001fd395aef20, 0x000001fd395aeff8]
Event: 27186.448 Thread 0x000001fd58330fa0 10540       3       com.fasterxml.jackson.databind.introspect.POJOPropertyBuilder::fromMemberAnnotations (125 bytes)
Event: 27186.448 Thread 0x000001fd58330fa0 nmethod 10540 0x000001fd31bc7690 code [0x000001fd31bc78c0, 0x000001fd31bc8378]
Event: 27186.448 Thread 0x000001fd58330fa0 10541       3       com.fasterxml.jackson.databind.introspect.POJOPropertyBuilder::getMetadata (140 bytes)
Event: 27186.450 Thread 0x000001fd58330fa0 nmethod 10541 0x000001fd31dbef10 code [0x000001fd31dbf140, 0x000001fd31dbfa78]
Event: 27186.450 Thread 0x000001fd58330fa0 10542       3       com.fasterxml.jackson.databind.introspect.POJOPropertyBuilder::findReferenceType (53 bytes)
Event: 27186.450 Thread 0x000001fd58330fa0 nmethod 10542 0x000001fd3169e810 code [0x000001fd3169ea00, 0x000001fd3169ef68]
Event: 27186.450 Thread 0x000001fd58330fa0 10543       3       com.fasterxml.jackson.databind.introspect.AnnotatedMember::fixAccess (15 bytes)
Event: 27186.451 Thread 0x000001fd58330fa0 nmethod 10543 0x000001fd31bc7190 code [0x000001fd31bc7340, 0x000001fd31bc7578]
Event: 27186.454 Thread 0x000001fd58330fa0 10544       1       com.fasterxml.jackson.databind.SerializerProvider::getConfig (5 bytes)
Event: 27186.454 Thread 0x000001fd58330fa0 nmethod 10544 0x000001fd395af110 code [0x000001fd395af2a0, 0x000001fd395af378]
Event: 27186.467 Thread 0x000001fd58330fa0 10545       3       com.fasterxml.jackson.databind.introspect.POJOPropertyBuilder::_explode (312 bytes)
Event: 27186.470 Thread 0x000001fd58330fa0 nmethod 10545 0x000001fd31e03c90 code [0x000001fd31e04100, 0x000001fd31e06178]
Event: 27186.470 Thread 0x000001fd58330fa0 10546       1       com.fasterxml.jackson.annotation.JsonInclude$Value::getValueInclusion (5 bytes)
Event: 27186.471 Thread 0x000001fd58330fa0 nmethod 10546 0x000001fd395af410 code [0x000001fd395af5a0, 0x000001fd395af678]
Event: 27186.475 Thread 0x000001fd58330fa0 10547       3       org.springframework.util.FastByteArrayOutputStream::size (10 bytes)
Event: 27186.476 Thread 0x000001fd58330fa0 nmethod 10547 0x000001fd31fc2210 code [0x000001fd31fc23a0, 0x000001fd31fc24b8]
Event: 27186.482 Thread 0x000001fd5832e3a0 10548       4       org.apache.hc.core5.http.impl.io.SessionOutputBufferImpl::write (98 bytes)
Event: 27186.486 Thread 0x000001fd5832e3a0 nmethod 10548 0x000001fd395af710 code [0x000001fd395af8a0, 0x000001fd395afbb8]
Event: 27186.548 Thread 0x000001fd5832e3a0 10549       4       java.lang.invoke.MethodType::makeImpl (109 bytes)

GC Heap History (20 events):
Event: 18303.615 GC heap before
{Heap before GC invocations=32 (full 0):
 garbage-first heap   total 81920K, used 52185K [0x0000000583000000, 0x0000000800000000)
  region size 8192K, 4 young (32768K), 1 survivors (8192K)
 Metaspace       used 53125K, committed 53568K, reserved 1114112K
  class space    used 6840K, committed 7040K, reserved 1048576K
}
Event: 18303.620 GC heap after
{Heap after GC invocations=33 (full 0):
 garbage-first heap   total 81920K, used 27634K [0x0000000583000000, 0x0000000800000000)
  region size 8192K, 1 young (8192K), 1 survivors (8192K)
 Metaspace       used 53125K, committed 53568K, reserved 1114112K
  class space    used 6840K, committed 7040K, reserved 1048576K
}
Event: 19306.446 GC heap before
{Heap before GC invocations=33 (full 0):
 garbage-first heap   total 81920K, used 52210K [0x0000000583000000, 0x0000000800000000)
  region size 8192K, 4 young (32768K), 1 survivors (8192K)
 Metaspace       used 53130K, committed 53568K, reserved 1114112K
  class space    used 6840K, committed 7040K, reserved 1048576K
}
Event: 19306.451 GC heap after
{Heap after GC invocations=34 (full 0):
 garbage-first heap   total 81920K, used 27643K [0x0000000583000000, 0x0000000800000000)
  region size 8192K, 1 young (8192K), 1 survivors (8192K)
 Metaspace       used 53130K, committed 53568K, reserved 1114112K
  class space    used 6840K, committed 7040K, reserved 1048576K
}
Event: 20255.367 GC heap before
{Heap before GC invocations=34 (full 0):
 garbage-first heap   total 81920K, used 52219K [0x0000000583000000, 0x0000000800000000)
  region size 8192K, 4 young (32768K), 1 survivors (8192K)
 Metaspace       used 53148K, committed 53568K, reserved 1114112K
  class space    used 6840K, committed 7040K, reserved 1048576K
}
Event: 20255.371 GC heap after
{Heap after GC invocations=35 (full 0):
 garbage-first heap   total 81920K, used 27640K [0x0000000583000000, 0x0000000800000000)
  region size 8192K, 1 young (8192K), 1 survivors (8192K)
 Metaspace       used 53148K, committed 53568K, reserved 1114112K
  class space    used 6840K, committed 7040K, reserved 1048576K
}
Event: 21190.611 GC heap before
{Heap before GC invocations=35 (full 0):
 garbage-first heap   total 81920K, used 52216K [0x0000000583000000, 0x0000000800000000)
  region size 8192K, 4 young (32768K), 1 survivors (8192K)
 Metaspace       used 53176K, committed 53632K, reserved 1114112K
  class space    used 6840K, committed 7040K, reserved 1048576K
}
Event: 21190.615 GC heap after
{Heap after GC invocations=36 (full 0):
 garbage-first heap   total 81920K, used 27655K [0x0000000583000000, 0x0000000800000000)
  region size 8192K, 1 young (8192K), 1 survivors (8192K)
 Metaspace       used 53176K, committed 53632K, reserved 1114112K
  class space    used 6840K, committed 7040K, reserved 1048576K
}
Event: 22127.135 GC heap before
{Heap before GC invocations=36 (full 0):
 garbage-first heap   total 81920K, used 52231K [0x0000000583000000, 0x0000000800000000)
  region size 8192K, 4 young (32768K), 1 survivors (8192K)
 Metaspace       used 53199K, committed 53632K, reserved 1114112K
  class space    used 6840K, committed 7040K, reserved 1048576K
}
Event: 22127.139 GC heap after
{Heap after GC invocations=37 (full 0):
 garbage-first heap   total 81920K, used 27642K [0x0000000583000000, 0x0000000800000000)
  region size 8192K, 1 young (8192K), 1 survivors (8192K)
 Metaspace       used 53199K, committed 53632K, reserved 1114112K
  class space    used 6840K, committed 7040K, reserved 1048576K
}
Event: 23077.883 GC heap before
{Heap before GC invocations=37 (full 0):
 garbage-first heap   total 81920K, used 52218K [0x0000000583000000, 0x0000000800000000)
  region size 8192K, 4 young (32768K), 1 survivors (8192K)
 Metaspace       used 53216K, committed 53696K, reserved 1114112K
  class space    used 6841K, committed 7040K, reserved 1048576K
}
Event: 23077.889 GC heap after
{Heap after GC invocations=38 (full 0):
 garbage-first heap   total 81920K, used 27671K [0x0000000583000000, 0x0000000800000000)
  region size 8192K, 1 young (8192K), 1 survivors (8192K)
 Metaspace       used 53216K, committed 53696K, reserved 1114112K
  class space    used 6841K, committed 7040K, reserved 1048576K
}
Event: 24054.217 GC heap before
{Heap before GC invocations=38 (full 0):
 garbage-first heap   total 81920K, used 52247K [0x0000000583000000, 0x0000000800000000)
  region size 8192K, 4 young (32768K), 1 survivors (8192K)
 Metaspace       used 53220K, committed 53696K, reserved 1114112K
  class space    used 6841K, committed 7040K, reserved 1048576K
}
Event: 24054.221 GC heap after
{Heap after GC invocations=39 (full 0):
 garbage-first heap   total 81920K, used 27638K [0x0000000583000000, 0x0000000800000000)
  region size 8192K, 1 young (8192K), 1 survivors (8192K)
 Metaspace       used 53220K, committed 53696K, reserved 1114112K
  class space    used 6841K, committed 7040K, reserved 1048576K
}
Event: 24999.550 GC heap before
{Heap before GC invocations=39 (full 0):
 garbage-first heap   total 81920K, used 52214K [0x0000000583000000, 0x0000000800000000)
  region size 8192K, 4 young (32768K), 1 survivors (8192K)
 Metaspace       used 53232K, committed 53696K, reserved 1114112K
  class space    used 6841K, committed 7040K, reserved 1048576K
}
Event: 24999.557 GC heap after
{Heap after GC invocations=40 (full 0):
 garbage-first heap   total 81920K, used 27701K [0x0000000583000000, 0x0000000800000000)
  region size 8192K, 1 young (8192K), 1 survivors (8192K)
 Metaspace       used 53232K, committed 53696K, reserved 1114112K
  class space    used 6841K, committed 7040K, reserved 1048576K
}
Event: 25951.692 GC heap before
{Heap before GC invocations=40 (full 0):
 garbage-first heap   total 81920K, used 52277K [0x0000000583000000, 0x0000000800000000)
  region size 8192K, 4 young (32768K), 1 survivors (8192K)
 Metaspace       used 53241K, committed 53760K, reserved 1114112K
  class space    used 6841K, committed 7040K, reserved 1048576K
}
Event: 25951.696 GC heap after
{Heap after GC invocations=41 (full 0):
 garbage-first heap   total 81920K, used 27665K [0x0000000583000000, 0x0000000800000000)
  region size 8192K, 1 young (8192K), 1 survivors (8192K)
 Metaspace       used 53241K, committed 53760K, reserved 1114112K
  class space    used 6841K, committed 7040K, reserved 1048576K
}
Event: 26921.139 GC heap before
{Heap before GC invocations=41 (full 0):
 garbage-first heap   total 81920K, used 52241K [0x0000000583000000, 0x0000000800000000)
  region size 8192K, 4 young (32768K), 1 survivors (8192K)
 Metaspace       used 53263K, committed 53760K, reserved 1114112K
  class space    used 6841K, committed 7040K, reserved 1048576K
}
Event: 26921.144 GC heap after
{Heap after GC invocations=42 (full 0):
 garbage-first heap   total 81920K, used 27691K [0x0000000583000000, 0x0000000800000000)
  region size 8192K, 1 young (8192K), 1 survivors (8192K)
 Metaspace       used 53263K, committed 53760K, reserved 1114112K
  class space    used 6841K, committed 7040K, reserved 1048576K
}

Deoptimization events (20 events):
Event: 27186.454 Thread 0x000001fda06d2a20 Uncommon trap: trap_request=0xffffffde fr.pc=0x000001fd39500578 relative=0x00000000000001b8
Event: 27186.454 Thread 0x000001fda06d2a20 Uncommon trap: reason=class_check action=maybe_recompile pc=0x000001fd39500578 method=org.springframework.http.ReadOnlyHttpHeaders.lambda$forEach$0(Ljava/util/function/BiConsumer;Ljava/lang/String;Ljava/util/List;)V @ 6 c2
Event: 27186.454 Thread 0x000001fda06d2a20 DEOPT PACKING pc=0x000001fd39500578 sp=0x000000129f2fe4f0
Event: 27186.454 Thread 0x000001fda06d2a20 DEOPT UNPACKING pc=0x000001fd38955ba3 sp=0x000000129f2fe428 mode 2
Event: 27186.454 Thread 0x000001fda06d2a20 Uncommon trap: trap_request=0xffffffde fr.pc=0x000001fd39500578 relative=0x00000000000001b8
Event: 27186.454 Thread 0x000001fda06d2a20 Uncommon trap: reason=class_check action=maybe_recompile pc=0x000001fd39500578 method=org.springframework.http.ReadOnlyHttpHeaders.lambda$forEach$0(Ljava/util/function/BiConsumer;Ljava/lang/String;Ljava/util/List;)V @ 6 c2
Event: 27186.454 Thread 0x000001fda06d2a20 DEOPT PACKING pc=0x000001fd39500578 sp=0x000000129f2fe4f0
Event: 27186.454 Thread 0x000001fda06d2a20 DEOPT UNPACKING pc=0x000001fd38955ba3 sp=0x000000129f2fe428 mode 2
Event: 27186.467 Thread 0x000001fda7a0cd60 Uncommon trap: trap_request=0xffffffc6 fr.pc=0x000001fd39172e7c relative=0x0000000000003e1c
Event: 27186.467 Thread 0x000001fda7a0cd60 Uncommon trap: reason=bimorphic_or_optimized_type_check action=maybe_recompile pc=0x000001fd39172e7c method=org.springframework.beans.factory.support.AbstractBeanFactory.isSingleton(Ljava/lang/String;)Z @ 39 c2
Event: 27186.467 Thread 0x000001fda7a0cd60 DEOPT PACKING pc=0x000001fd39172e7c sp=0x000000129deff1c0
Event: 27186.468 Thread 0x000001fda7a0cd60 DEOPT UNPACKING pc=0x000001fd38955ba3 sp=0x000000129deff090 mode 2
Event: 27186.468 Thread 0x000001fda06d2a20 Uncommon trap: trap_request=0xffffff45 fr.pc=0x000001fd394db900 relative=0x0000000000000820
Event: 27186.468 Thread 0x000001fda06d2a20 Uncommon trap: reason=unstable_if action=reinterpret pc=0x000001fd394db900 method=com.fasterxml.jackson.databind.introspect.SimpleMixInResolver.findMixInClassFor(Ljava/lang/Class;)Ljava/lang/Class; @ 30 c2
Event: 27186.468 Thread 0x000001fda06d2a20 DEOPT PACKING pc=0x000001fd394db900 sp=0x000000129f2fda80
Event: 27186.468 Thread 0x000001fda06d2a20 DEOPT UNPACKING pc=0x000001fd38955ba3 sp=0x000000129f2fd9d0 mode 2
Event: 27186.550 Thread 0x000001fda7a0cd60 Uncommon trap: trap_request=0xffffff45 fr.pc=0x000001fd39548a14 relative=0x0000000000001f74
Event: 27186.550 Thread 0x000001fda7a0cd60 Uncommon trap: reason=unstable_if action=reinterpret pc=0x000001fd39548a14 method=java.util.TreeMap.computeIfAbsent(Ljava/lang/Object;Ljava/util/function/Function;)Ljava/lang/Object; @ 45 c2
Event: 27186.550 Thread 0x000001fda7a0cd60 DEOPT PACKING pc=0x000001fd39548a14 sp=0x000000129deff240
Event: 27186.550 Thread 0x000001fda7a0cd60 DEOPT UNPACKING pc=0x000001fd38955ba3 sp=0x000000129deff200 mode 2

Classes unloaded (0 events):
No events

Classes redefined (0 events):
No events

Internal exceptions (20 events):
Event: 47.195 Thread 0x000001fda7a0ba20 Exception <a 'java/lang/NoSuchMethodError'{0x00000005868e1588}: 'java.lang.Object java.lang.invoke.DirectMethodHandle$Holder.invokeSpecial(java.lang.Object, java.lang.Object, long, java.lang.Object, java.lang.Object, java.lang.Object, java.lang.Object, java.lang.Object, java.lang.Object)'> (0x00000005868e1588) 
thrown [s\open\src\hotspot\share\interpreter\linkResolver.cpp, line 759]
Event: 47.195 Thread 0x000001fda7a0ba20 Exception <a 'java/lang/NoSuchMethodError'{0x00000005868e5e08}: 'java.lang.Object java.lang.invoke.DelegatingMethodHandle$Holder.reinvoke_L(java.lang.Object, long, java.lang.Object, java.lang.Object, java.lang.Object, java.lang.Object, java.lang.Object, java.lang.Object)'> (0x00000005868e5e08) 
thrown [s\open\src\hotspot\share\interpreter\linkResolver.cpp, line 759]
Event: 1608.689 Thread 0x000001fda7a08530 Exception <a 'java/net/SocketException'{0x00000005a926a7b8}: Connection reset by peer: shutdown> (0x00000005a926a7b8) 
thrown [s\open\src\hotspot\share\prims\jni.cpp, line 535]
Event: 1816.143 Thread 0x000001fda06d50a0 Exception <a 'java/lang/NoSuchMethodError'{0x00000005868c4858}: 'void java.lang.invoke.DirectMethodHandle$Holder.invokeStatic(java.lang.Object, long, java.lang.Object)'> (0x00000005868c4858) 
thrown [s\open\src\hotspot\share\interpreter\linkResolver.cpp, line 759]
Event: 1816.145 Thread 0x000001fda06d50a0 Exception <a 'java/lang/NoSuchMethodError'{0x00000005868ca6d0}: 'java.lang.Object java.lang.invoke.DirectMethodHandle$Holder.newInvokeSpecial(java.lang.Object, long)'> (0x00000005868ca6d0) 
thrown [s\open\src\hotspot\share\interpreter\linkResolver.cpp, line 759]
Event: 2119.177 Thread 0x000001fda7a08530 Exception <a 'java/net/SocketException'{0x00000005aa871908}: Connection reset by peer: shutdown> (0x00000005aa871908) 
thrown [s\open\src\hotspot\share\prims\jni.cpp, line 535]
Event: 2359.328 Thread 0x000001fda7a08530 Exception <a 'java/net/SocketException'{0x00000005aad84ea0}: Connection reset by peer: shutdown> (0x00000005aad84ea0) 
thrown [s\open\src\hotspot\share\prims\jni.cpp, line 535]
Event: 5301.835 Thread 0x000001fda7a08530 Exception <a 'java/net/SocketException'{0x00000005a9142288}: Connection reset by peer: shutdown> (0x00000005a9142288) 
thrown [s\open\src\hotspot\share\prims\jni.cpp, line 535]
Event: 6292.740 Thread 0x000001fda7a08530 Exception <a 'java/net/SocketException'{0x00000005a92f9af8}: Connection reset by peer: shutdown> (0x00000005a92f9af8) 
thrown [s\open\src\hotspot\share\prims\jni.cpp, line 535]
Event: 7433.846 Thread 0x000001fda7a08530 Exception <a 'java/net/SocketException'{0x00000005a97f4bd0}: Connection reset by peer: shutdown> (0x00000005a97f4bd0) 
thrown [s\open\src\hotspot\share\prims\jni.cpp, line 535]
Event: 8214.632 Thread 0x000001fda7a08530 Exception <a 'java/net/SocketException'{0x00000005a9368970}: Connection reset by peer: shutdown> (0x00000005a9368970) 
thrown [s\open\src\hotspot\share\prims\jni.cpp, line 535]
Event: 14310.119 Thread 0x000001fda7a08530 Exception <a 'java/net/SocketException'{0x0000000586b2bff0}: Connection reset by peer: shutdown> (0x0000000586b2bff0) 
thrown [s\open\src\hotspot\share\prims\jni.cpp, line 535]
Event: 17162.612 Thread 0x000001fda7a0ba20 Exception <a 'java/net/SocketException'{0x0000000586b2d188}: Connection reset by peer: shutdown> (0x0000000586b2d188) 
thrown [s\open\src\hotspot\share\prims\jni.cpp, line 535]
Event: 20885.932 Thread 0x000001fda7a08530 Exception <a 'java/net/SocketException'{0x0000000586820ee0}: Connection reset by peer: shutdown> (0x0000000586820ee0) 
thrown [s\open\src\hotspot\share\prims\jni.cpp, line 535]
Event: 23318.092 Thread 0x000001fda7a08530 Exception <a 'java/net/SocketException'{0x00000005aad74f80}: Connection reset by peer: shutdown> (0x00000005aad74f80) 
thrown [s\open\src\hotspot\share\prims\jni.cpp, line 535]
Event: 24669.239 Thread 0x000001fda7a08530 Exception <a 'java/net/SocketException'{0x00000005a9715ad0}: Connection reset by peer: shutdown> (0x00000005a9715ad0) 
thrown [s\open\src\hotspot\share\prims\jni.cpp, line 535]
Event: 27176.648 Thread 0x000001fda06d2080 Implicit null exception at 0x000001fd39331657 to 0x000001fd39339748
Event: 27185.213 Thread 0x000001fda06d2080 Implicit null exception at 0x000001fd3932f705 to 0x000001fd3932fc08
Event: 27186.151 Thread 0x000001fda06d2080 Implicit null exception at 0x000001fd394e4aab to 0x000001fd394e4bc1
Event: 27186.468 Thread 0x000001fda06d2a20 Implicit null exception at 0x000001fd394db127 to 0x000001fd394db8ec

VM Operations (20 events):
Event: 25951.696 Executing VM operation: G1CollectForAllocation done
Event: 25952.702 Executing VM operation: Cleanup
Event: 25952.702 Executing VM operation: Cleanup done
Event: 26351.021 Executing VM operation: Cleanup
Event: 26351.021 Executing VM operation: Cleanup done
Event: 26681.808 Executing VM operation: Cleanup
Event: 26681.808 Executing VM operation: Cleanup done
Event: 26921.138 Executing VM operation: G1CollectForAllocation
Event: 26921.145 Executing VM operation: G1CollectForAllocation done
Event: 26922.156 Executing VM operation: Cleanup
Event: 26922.156 Executing VM operation: Cleanup done
Event: 26981.689 Executing VM operation: Cleanup
Event: 26981.690 Executing VM operation: Cleanup done
Event: 27042.140 Executing VM operation: Cleanup
Event: 27042.140 Executing VM operation: Cleanup done
Event: 27162.253 Executing VM operation: Cleanup
Event: 27162.253 Executing VM operation: Cleanup done
Event: 27186.495 Executing VM operation: Cleanup
Event: 27186.496 Executing VM operation: Cleanup done
Event: 27187.506 Executing VM operation: Cleanup

Events (20 events):
Event: 11397.580 Thread 0x000001fd58341b30 flushing nmethod 0x000001fd32143490
Event: 11397.580 Thread 0x000001fd58341b30 flushing nmethod 0x000001fd32167110
Event: 11397.580 Thread 0x000001fd58341b30 flushing nmethod 0x000001fd321a4310
Event: 11397.580 Thread 0x000001fd58341b30 flushing nmethod 0x000001fd321af510
Event: 11397.580 Thread 0x000001fd58341b30 flushing nmethod 0x000001fd321b6f90
Event: 11397.580 Thread 0x000001fd58341b30 flushing nmethod 0x000001fd321b7310
Event: 11397.580 Thread 0x000001fd58341b30 flushing nmethod 0x000001fd321be210
Event: 11397.580 Thread 0x000001fd58341b30 flushing nmethod 0x000001fd321d0610
Event: 11397.580 Thread 0x000001fd58341b30 flushing nmethod 0x000001fd321f9190
Event: 11397.581 Thread 0x000001fd58341b30 flushing nmethod 0x000001fd3225d090
Event: 11397.581 Thread 0x000001fd58341b30 flushing nmethod 0x000001fd3226ff90
Event: 11608.491 Thread 0x000001fda941b460 Thread added: 0x000001fda941b460
Event: 11613.530 Thread 0x000001fda941b460 Thread exited: 0x000001fda941b460
Event: 12178.215 Thread 0x000001fda941be80 Thread added: 0x000001fda941be80
Event: 12183.237 Thread 0x000001fda941be80 Thread exited: 0x000001fda941be80
Event: 27186.386 Thread 0x000001fda7a0cd60 Thread added: 0x000001fda7a0cd60
Event: 27186.386 Thread 0x000001fda06d2080 Thread exited: 0x000001fda06d2080
Event: 27186.616 loading class java/util/concurrent/ConcurrentHashMap$EntrySpliterator
Event: 27186.623 loading class java/util/concurrent/ConcurrentHashMap$EntrySpliterator done
Event: 27188.626 Thread 0x000001fda7a0b550 Thread exited: 0x000001fda7a0b550


Dynamic libraries:
0x00007ff72c7e0000 - 0x00007ff72c7f0000 	C:\Program Files\Java\jdk-17\bin\java.exe
0x00007ffa838e0000 - 0x00007ffa83b48000 	C:\Windows\SYSTEM32\ntdll.dll
0x00007ffa82460000 - 0x00007ffa82529000 	C:\Windows\System32\KERNEL32.DLL
0x00007ffa80dc0000 - 0x00007ffa811ad000 	C:\Windows\System32\KERNELBASE.dll
0x00007ffa811b0000 - 0x00007ffa812fb000 	C:\Windows\System32\ucrtbase.dll
0x00007ffa687b0000 - 0x00007ffa687c9000 	C:\Program Files\Java\jdk-17\bin\jli.dll
0x00007ffa837c0000 - 0x00007ffa83874000 	C:\Windows\System32\ADVAPI32.dll
0x00007ffa81b50000 - 0x00007ffa81bf9000 	C:\Windows\System32\msvcrt.dll
0x00007ffa83710000 - 0x00007ffa837b6000 	C:\Windows\System32\sechost.dll
0x00007ffa68790000 - 0x00007ffa687ab000 	C:\Program Files\Java\jdk-17\bin\VCRUNTIME140.dll
0x00007ffa81c70000 - 0x00007ffa81d88000 	C:\Windows\System32\RPCRT4.dll
0x00007ffa82b90000 - 0x00007ffa82d5c000 	C:\Windows\System32\USER32.dll
0x00007ffa80d90000 - 0x00007ffa80db7000 	C:\Windows\System32\win32u.dll
0x00007ffa82530000 - 0x00007ffa8255b000 	C:\Windows\System32\GDI32.dll
0x00007ffa80a30000 - 0x00007ffa80b67000 	C:\Windows\System32\gdi32full.dll
0x00007ffa813c0000 - 0x00007ffa81463000 	C:\Windows\System32\msvcp_win.dll
0x00007ffa65b00000 - 0x00007ffa65d9a000 	C:\Windows\WinSxS\amd64_microsoft.windows.common-controls_6595b64144ccf1df_6.0.26100.4484_none_3e0e6d4ce32ef3b3\COMCTL32.dll
0x00007ffa6f7b0000 - 0x00007ffa6f7bb000 	C:\Windows\SYSTEM32\VERSION.dll
0x00007ffa81680000 - 0x00007ffa816af000 	C:\Windows\System32\IMM32.DLL
0x00007ffa68a60000 - 0x00007ffa68a6c000 	C:\Program Files\Java\jdk-17\bin\vcruntime140_1.dll
0x00007ffa44190000 - 0x00007ffa4421e000 	C:\Program Files\Java\jdk-17\bin\msvcp140.dll
0x00007ff9d9300000 - 0x00007ff9d9ee1000 	C:\Program Files\Java\jdk-17\bin\server\jvm.dll
0x00007ffa81c60000 - 0x00007ffa81c68000 	C:\Windows\System32\PSAPI.DLL
0x00007ffa6fc20000 - 0x00007ffa6fc2a000 	C:\Windows\SYSTEM32\WSOCK32.dll
0x00007ffa68dd0000 - 0x00007ffa68e05000 	C:\Windows\SYSTEM32\WINMM.dll
0x00007ffa834b0000 - 0x00007ffa83524000 	C:\Windows\System32\WS2_32.dll
0x00007ffa7f790000 - 0x00007ffa7f7ab000 	C:\Windows\SYSTEM32\kernel.appcore.dll
0x00007ffa68780000 - 0x00007ffa6878a000 	C:\Program Files\Java\jdk-17\bin\jimage.dll
0x00007ffa7e2c0000 - 0x00007ffa7e501000 	C:\Windows\SYSTEM32\DBGHELP.DLL
0x00007ffa82800000 - 0x00007ffa82b86000 	C:\Windows\System32\combase.dll
0x00007ffa81f70000 - 0x00007ffa82050000 	C:\Windows\System32\OLEAUT32.dll
0x00007ffa44610000 - 0x00007ffa44653000 	C:\Windows\SYSTEM32\dbgcore.DLL
0x00007ffa80b70000 - 0x00007ffa80c09000 	C:\Windows\System32\bcryptPrimitives.dll
0x00007ffa67e90000 - 0x00007ffa67eb5000 	C:\Program Files\Java\jdk-17\bin\java.dll
0x00007ffa3b890000 - 0x00007ffa3b967000 	C:\Program Files\Java\jdk-17\bin\jsvml.dll
0x00007ffa82d60000 - 0x00007ffa834aa000 	C:\Windows\System32\SHELL32.dll
0x00007ffa80c10000 - 0x00007ffa80d84000 	C:\Windows\System32\wintypes.dll
0x00007ffa7e630000 - 0x00007ffa7ee8b000 	C:\Windows\SYSTEM32\windows.storage.dll
0x00007ffa81e60000 - 0x00007ffa81f55000 	C:\Windows\System32\SHCORE.dll
0x00007ffa82340000 - 0x00007ffa823aa000 	C:\Windows\System32\shlwapi.dll
0x00007ffa80940000 - 0x00007ffa8096f000 	C:\Windows\SYSTEM32\profapi.dll
0x00007ffa680e0000 - 0x00007ffa680f9000 	C:\Program Files\Java\jdk-17\bin\net.dll
0x00007ffa728d0000 - 0x00007ffa729ee000 	C:\Windows\SYSTEM32\WINHTTP.dll
0x00007ffa7fd00000 - 0x00007ffa7fd6a000 	C:\Windows\system32\mswsock.dll
0x00007ffa680a0000 - 0x00007ffa680b6000 	C:\Program Files\Java\jdk-17\bin\nio.dll
0x00007ffa67790000 - 0x00007ffa677a8000 	C:\Program Files\Java\jdk-17\bin\zip.dll
0x00007ffa68040000 - 0x00007ffa6804a000 	C:\Program Files\Java\jdk-17\bin\management.dll
0x00007ffa67fa0000 - 0x00007ffa67fab000 	C:\Program Files\Java\jdk-17\bin\management_ext.dll
0x00007ffa7f290000 - 0x00007ffa7f3b6000 	C:\Windows\SYSTEM32\DNSAPI.dll
0x00007ffa7f1f0000 - 0x00007ffa7f223000 	C:\Windows\SYSTEM32\IPHLPAPI.DLL
0x00007ffa83890000 - 0x00007ffa8389a000 	C:\Windows\System32\NSI.dll
0x00007ffa78230000 - 0x00007ffa7823b000 	C:\Windows\System32\rasadhlp.dll
0x00007ffa7a600000 - 0x00007ffa7a686000 	C:\Windows\System32\fwpuclnt.dll
0x00007ffa79e30000 - 0x00007ffa79e4f000 	C:\Windows\SYSTEM32\dhcpcsvc6.DLL
0x00007ffa79e00000 - 0x00007ffa79e25000 	C:\Windows\SYSTEM32\dhcpcsvc.DLL
0x00007ffa800e0000 - 0x00007ffa800fb000 	C:\Windows\SYSTEM32\CRYPTSP.dll
0x00007ffa7f6f0000 - 0x00007ffa7f72b000 	C:\Windows\system32\rsaenh.dll
0x00007ffa7fda0000 - 0x00007ffa7fdcb000 	C:\Windows\SYSTEM32\USERENV.dll
0x00007ffa80910000 - 0x00007ffa80936000 	C:\Windows\SYSTEM32\bcrypt.dll
0x00007ffa7ff40000 - 0x00007ffa7ff4c000 	C:\Windows\SYSTEM32\CRYPTBASE.dll
0x00007ffa6f380000 - 0x00007ffa6f38e000 	C:\Program Files\Java\jdk-17\bin\sunmscapi.dll
0x00007ffa81470000 - 0x00007ffa815e7000 	C:\Windows\System32\CRYPT32.dll
0x00007ffa80230000 - 0x00007ffa80260000 	C:\Windows\SYSTEM32\ncrypt.dll
0x00007ffa801e0000 - 0x00007ffa8021f000 	C:\Windows\SYSTEM32\NTASN1.dll
0x00007ffa71050000 - 0x00007ffa71060000 	C:\Program Files\Java\jdk-17\bin\verify.dll
0x00007ff9d5f30000 - 0x00007ff9d5f38000 	C:\Windows\system32\wshunix.dll

dbghelp: loaded successfully - version: 4.0.5 - missing functions: none
symbol engine: initialized successfully - sym options: 0x614 - pdb path: .;C:\Program Files\Java\jdk-17\bin;C:\Windows\SYSTEM32;C:\Windows\WinSxS\amd64_microsoft.windows.common-controls_6595b64144ccf1df_6.0.26100.4484_none_3e0e6d4ce32ef3b3;C:\Program Files\Java\jdk-17\bin\server

VM Arguments:
jvm_args: -XX:+ShowCodeDetailsInExceptionMessages 
java_command: com.manamer.sellout.infraestructure.apigateway.ApigatewayApplication
java_class_path (initial): C:\Users\Fernanda Jama\OneDrive - Manamer\Documentos\PROYECTOS 2025-2026\sellout1\backend\infraestructure\apigateway\target\classes;C:\Users\Fernanda Jama\.m2\repository\org\springframework\cloud\spring-cloud-starter-gateway\4.1.2\spring-cloud-starter-gateway-4.1.2.jar;C:\Users\Fernanda Jama\.m2\repository\org\springframework\cloud\spring-cloud-starter\4.1.2\spring-cloud-starter-4.1.2.jar;C:\Users\Fernanda Jama\.m2\repository\org\springframework\cloud\spring-cloud-context\4.1.2\spring-cloud-context-4.1.2.jar;C:\Users\Fernanda Jama\.m2\repository\org\springframework\security\spring-security-crypto\6.3.1\spring-security-crypto-6.3.1.jar;C:\Users\Fernanda Jama\.m2\repository\org\springframework\cloud\spring-cloud-commons\4.1.2\spring-cloud-commons-4.1.2.jar;C:\Users\Fernanda Jama\.m2\repository\org\springframework\security\spring-security-rsa\1.1.2\spring-security-rsa-1.1.2.jar;C:\Users\Fernanda Jama\.m2\repository\org\bouncycastle\bcprov-jdk18on\1.77\bcprov-jdk18on-1.77.jar;C:\Users\Fernanda Jama\.m2\repository\org\springframework\cloud\spring-cloud-gateway-server\4.1.2\spring-cloud-gateway-server-4.1.2.jar;C:\Users\Fernanda Jama\.m2\repository\org\springframework\boot\spring-boot-starter-validation\3.2.4\spring-boot-starter-validation-3.2.4.jar;C:\Users\Fernanda Jama\.m2\repository\org\apache\tomcat\embed\tomcat-embed-el\10.1.19\tomcat-embed-el-10.1.19.jar;C:\Users\Fernanda Jama\.m2\repository\org\hibernate\validator\hibernate-validator\8.0.1.Final\hibernate-validator-8.0.1.Final.jar;C:\Users\Fernanda Jama\.m2\repository\jakarta\validation\jakarta.validation-api\3.0.2\jakarta.validation-api-3.0.2.jar;C:\Users\Fernanda Jama\.m2\repository\org\jboss\logging\jboss-logging\3.5.3.Final\jboss-logging-3.5.3.Final.jar;C:\Users\Fernanda Jama\.m2\repository\com\fasterxml\classmate\1.6.0\classmate-1.6.0.jar;C:\Users\Fernanda Jama\.m2\repository\io\projectreactor\addons\reactor-extra\3.5.1\reactor-extra-3.5.1.jar;C:\Users\Fernanda Jama\.m2\repository
Launcher Type: SUN_STANDARD

[Global flags]
     intx CICompilerCount                          = 4                                         {product} {ergonomic}
     uint ConcGCThreads                            = 2                                         {product} {ergonomic}
     uint G1ConcRefinementThreads                  = 8                                         {product} {ergonomic}
   size_t G1HeapRegionSize                         = 8388608                                   {product} {ergonomic}
    uintx GCDrainStackTargetSize                   = 64                                        {product} {ergonomic}
   size_t InitialHeapSize                          = 671088640                                 {product} {ergonomic}
   size_t MarkStackSize                            = 4194304                                   {product} {ergonomic}
   size_t MaxHeapSize                              = 10687086592                               {product} {ergonomic}
   size_t MaxNewSize                               = 6408896512                                {product} {ergonomic}
   size_t MinHeapDeltaBytes                        = 8388608                                   {product} {ergonomic}
   size_t MinHeapSize                              = 8388608                                   {product} {ergonomic}
    uintx NonNMethodCodeHeapSize                   = 5839372                                {pd product} {ergonomic}
    uintx NonProfiledCodeHeapSize                  = 122909434                              {pd product} {ergonomic}
    uintx ProfiledCodeHeapSize                     = 122909434                              {pd product} {ergonomic}
    uintx ReservedCodeCacheSize                    = 251658240                              {pd product} {ergonomic}
     bool SegmentedCodeCache                       = true                                      {product} {ergonomic}
     bool ShowCodeDetailsInExceptionMessages       = true                                   {manageable} {command line}
   size_t SoftMaxHeapSize                          = 10687086592                            {manageable} {ergonomic}
     bool UseCompressedClassPointers               = true                           {product lp64_product} {ergonomic}
     bool UseCompressedOops                        = true                           {product lp64_product} {ergonomic}
     bool UseG1GC                                  = true                                      {product} {ergonomic}
     bool UseLargePagesIndividualAllocation        = false                                  {pd product} {ergonomic}

Logging:
Log output configuration:
 #0: stdout all=warning uptime,level,tags
 #1: stderr all=off uptime,level,tags

Environment Variables:
JAVA_HOME=C:\\Program Files\\Java\\jdk-17
CLASSPATH=C:\Program Files\SAP\SAP Business One DI API\JCO\LIB\sbowrapper.jar;C:\Program Files\SAP\SAP Business One DI API\JCO\LIB\sboapi.jar
PATH=C:\\Program Files\\Java\\jdk-17\\bin;C:\\Users\\Fernanda Jama\\.trae\\tools\\maven\\latest\\bin;C:\\Users\\Fernanda Jama\\.trae\\tools\\gradle\\latest\\bin;C:\Program Files\Java\jdk-17\bin;C:\Users\Fernanda Jama\.trae\tools\maven\latest\bin;C:\Users\Fernanda Jama\.trae\tools\gradle\latest\bin;C:\Python313\Scripts\;C:\Python313\;C:\Program Files\Microsoft MPI\Bin\;C:\Program Files\Common Files\Oracle\Java\javapath;C:\Windows\system32;C:\Windows;C:\Windows\System32\Wbem;C:\Windows\System32\WindowsPowerShell\v1.0\;C:\Windows\System32\OpenSSH\;C:\Program Files\Microsoft SQL Server\Client SDK\ODBC\170\Tools\Binn\;C:\Program Files (x86)\Microsoft SQL Server\150\Tools\Binn\;C:\Program Files\Microsoft SQL Server\150\Tools\Binn\;C:\Program Files\Microsoft SQL Server\150\DTS\Binn\;C:\Program Files (x86)\Microsoft SQL Server\160\DTS\Binn\;C:\Program Files\nodejs\;C:\ProgramData\chocolatey\bin;C:\Program Files\SAP\SAP Business One DI API\JCO\LIB\;C:\Program Files\SAP\SAP Business One DI API\DI API 90;C:\Program Files\SAP\SAP Business One\;C:\Program Files\apache-maven-3.8.8-bin\apache-maven-3.8.8\bin;C:\Users\Fernanda Jama\AppData\Local\Microsoft\WindowsApps;C:\Users\Fernanda Jama\AppData\Local\GitHubDesktop\bin;C:\Users\Fernanda Jama\AppData\Local\Programs\Microsoft VS Code\bin;C:\Users\Fernanda Jama\AppData\Roaming\npm
USERNAME=Fernanda Jama
LANG=en_US.UTF-8
OS=Windows_NT
PROCESSOR_IDENTIFIER=Intel64 Family 6 Model 140 Stepping 1, GenuineIntel



---------------  S Y S T E M  ---------------

OS:
 Windows 11 , 64 bit Build 26100 (10.0.26100.4484)
OS uptime: 0 days 8:13 hours
Hyper-V role detected

CPU: total 8 (initial active 8) (4 cores per cpu, 2 threads per core) family 6 model 140 stepping 1 microcode 0xb8, cx8, cmov, fxsr, ht, mmx, 3dnowpref, sse, sse2, sse3, ssse3, sse4.1, sse4.2, popcnt, lzcnt, tsc, tscinvbit, avx, avx2, aes, erms, clmul, bmi1, bmi2, adx, avx512f, avx512dq, avx512cd, avx512bw, avx512vl, sha, fma, vzeroupper, avx512_vpopcntdq, avx512_vpclmulqdq, avx512_vaes, avx512_vnni, clflush, clflushopt, clwb, avx512_vbmi2, avx512_vbmi, hv

Memory: 4k page, system-wide physical 40743M (323M free)
TotalPageFile size 101623M (AvailPageFile size 0M)
current process WorkingSet (physical memory assigned to process): 126M, peak: 291M
current process commit charge ("private bytes"): 303M, peak: 823M

vm_info: Java HotSpot(TM) 64-Bit Server VM (17.0.15+9-LTS-241) for windows-amd64 JRE (17.0.15+9-LTS-241), built on Feb 20 2025 10:49:54 by "mach5one" with MS VC++ 17.6 (VS2022)

END.
