#
# There is insufficient memory for the Java Runtime Environment to continue.
# Native memory allocation (malloc) failed to allocate 1126416 bytes. Error detail: Chunk::new
# Possible reasons:
#   The system is out of physical RAM or swap space
#   This process is running with CompressedOops enabled, and the Java Heap may be blocking the growth of the native heap
# Possible solutions:
#   Reduce memory load on the system
#   Increase physical memory or swap space
#   Check if swap backing store is full
#   Decrease Java heap size (-Xmx/-Xms)
#   Decrease number of Java threads
#   Decrease Java thread stack sizes (-Xss)
#   Set larger code cache with -XX:ReservedCodeCacheSize=
#   JVM is running with Unscaled Compressed Oops mode in which the Java heap is
#     placed in the first 4GB address space. The Java Heap base address is the
#     maximum limit for the native heap growth. Please use -XX:HeapBaseMinAddress
#     to set the Java Heap base and to place the Java Heap above 4GB virtual address.
# This output file may be truncated or incomplete.
#
#  Out of Memory Error (arena.cpp:168), pid=19148, tid=14832
#
# JRE version: OpenJDK Runtime Environment Temurin-21.0.6+7 (21.0.6+7) (build 21.0.6+7-LTS)
# Java VM: OpenJDK 64-Bit Server VM Temurin-21.0.6+7 (21.0.6+7-LTS, mixed mode, sharing, tiered, compressed oops, compressed class ptrs, parallel gc, windows-amd64)
# No core dump will be written. Minidumps are not enabled by default on client versions of Windows
#

---------------  S U M M A R Y ------------

Command Line: --add-modules=ALL-SYSTEM --add-opens=java.base/java.util=ALL-UNNAMED --add-opens=java.base/java.lang=ALL-UNNAMED --add-opens=java.base/sun.nio.fs=ALL-UNNAMED -Declipse.application=org.eclipse.jdt.ls.core.id1 -Dosgi.bundles.defaultStartLevel=4 -Declipse.product=org.eclipse.jdt.ls.core.product -Djava.import.generatesMetadataFilesAtProjectRoot=false -DDetectVMInstallationsJob.disabled=true -Dfile.encoding=utf8 -XX:+UseParallelGC -XX:GCTimeRatio=4 -XX:AdaptiveSizePolicyWeight=90 -Dsun.zip.disableMemoryMapping=true -Xmx1G -Xms100m -Xlog:disable -javaagent:c:\Users\Fer\.vscode\extensions\redhat.java-1.41.2025031208-win32-x64\lombok\lombok-1.18.36.jar -XX:+HeapDumpOnOutOfMemoryError -XX:HeapDumpPath=c:\Users\Fer\AppData\Roaming\Code\User\workspaceStorage\398de21c129474aaeb59c0a7e6288a23\redhat.java -Daether.dependencyCollector.impl=bf c:\Users\Fer\.vscode\extensions\redhat.java-1.41.2025031208-win32-x64\server\plugins\org.eclipse.equinox.launcher_1.6.1100.v20250306-0509.jar -configuration c:\Users\Fer\AppData\Roaming\Code\User\globalStorage\redhat.java\1.41.2025031208\config_win -data c:\Users\Fer\AppData\Roaming\Code\User\workspaceStorage\398de21c129474aaeb59c0a7e6288a23\redhat.java\jdt_ws --pipe=\\.\pipe\lsp-f1f3acda3b8ac2c6a5063681ea85395e-sock

Host: Intel(R) Core(TM) i7-1065G7 CPU @ 1.30GHz, 8 cores, 7G,  Windows 11 , 64 bit Build 26100 (10.0.26100.3037)
Time: Wed Mar 12 14:26:08 2025 Hora est. Pacífico, Sudamérica elapsed time: 35.694479 seconds (0d 0h 0m 35s)

---------------  T H R E A D  ---------------

Current thread (0x0000020267e6bdd0):  JavaThread "C2 CompilerThread0" daemon [_thread_in_native, id=14832, stack(0x0000002b42d00000,0x0000002b42e00000) (1024K)]


Current CompileTask:
C2:35694 10592       4       org.apache.maven.model.inheritance.DefaultInheritanceAssembler$InheritanceModelMerger::mergePluginContainer_Plugins (433 bytes)

Stack: [0x0000002b42d00000,0x0000002b42e00000]
Native frames: (J=compiled Java code, j=interpreted, Vv=VM code, C=native code)
V  [jvm.dll+0x6cdee9]
V  [jvm.dll+0x8a83d1]
V  [jvm.dll+0x8aa8fe]
V  [jvm.dll+0x8aafe3]
V  [jvm.dll+0x27f706]
V  [jvm.dll+0xc500d]
V  [jvm.dll+0xc5543]
V  [jvm.dll+0x3b678c]
V  [jvm.dll+0x1e0009]
V  [jvm.dll+0x247b42]
V  [jvm.dll+0x246fcf]
V  [jvm.dll+0x1c75ee]
V  [jvm.dll+0x25685a]
V  [jvm.dll+0x254dfa]
V  [jvm.dll+0x3f0256]
V  [jvm.dll+0x851f8b]
V  [jvm.dll+0x6cc5ed]
C  [ucrtbase.dll+0x37b0]
C  [KERNEL32.DLL+0x2e8d7]
C  [ntdll.dll+0xbbf2c]


---------------  P R O C E S S  ---------------

Threads class SMR info:
_java_thread_list=0x0000020269a34a00, length=50, elements={
0x0000020251758550, 0x0000020267e5dcb0, 0x0000020267e62430, 0x0000020267e66fa0,
0x0000020267e69b00, 0x0000020267e6a550, 0x0000020267e6afa0, 0x0000020267e6bdd0,
0x0000020269883880, 0x00000202699182d0, 0x0000020269b51360, 0x000002026e660370,
0x000002026eae3640, 0x000002026ecb5fa0, 0x000002026e901de0, 0x000002026ef3e490,
0x000002026ec8c5b0, 0x000002026f0e58f0, 0x000002026f0e5f80, 0x000002026f0e3eb0,
0x000002026f0e4540, 0x000002026f0e2b00, 0x000002026f0e4bd0, 0x000002026f0e5260,
0x000002026f0e3190, 0x000002026f0e3820, 0x00000202709b78f0, 0x00000202709b6bd0,
0x00000202709b7f80, 0x00000202709b5820, 0x00000202709b7260, 0x00000202709b8610,
0x00000202709b8ca0, 0x00000202709b5eb0, 0x00000202709b6540, 0x0000020270780db0,
0x0000020270780090, 0x0000020270781ad0, 0x00000202707827f0, 0x0000020270781440,
0x0000020270782e80, 0x0000020270783510, 0x0000020270783ba0, 0x0000020270780720,
0x0000020270017040, 0x00000202700148e0, 0x0000020270015c90, 0x0000020270015600,
0x0000020270016320, 0x00000202722fa140
}

Java Threads: ( => current thread )
  0x0000020251758550 JavaThread "main"                              [_thread_blocked, id=18476, stack(0x0000002b42300000,0x0000002b42400000) (1024K)]
  0x0000020267e5dcb0 JavaThread "Reference Handler"          daemon [_thread_blocked, id=5240, stack(0x0000002b42700000,0x0000002b42800000) (1024K)]
  0x0000020267e62430 JavaThread "Finalizer"                  daemon [_thread_blocked, id=16324, stack(0x0000002b42800000,0x0000002b42900000) (1024K)]
  0x0000020267e66fa0 JavaThread "Signal Dispatcher"          daemon [_thread_blocked, id=12932, stack(0x0000002b42900000,0x0000002b42a00000) (1024K)]
  0x0000020267e69b00 JavaThread "Attach Listener"            daemon [_thread_blocked, id=9052, stack(0x0000002b42a00000,0x0000002b42b00000) (1024K)]
  0x0000020267e6a550 JavaThread "Service Thread"             daemon [_thread_blocked, id=5712, stack(0x0000002b42b00000,0x0000002b42c00000) (1024K)]
  0x0000020267e6afa0 JavaThread "Monitor Deflation Thread"   daemon [_thread_blocked, id=10208, stack(0x0000002b42c00000,0x0000002b42d00000) (1024K)]
=>0x0000020267e6bdd0 JavaThread "C2 CompilerThread0"         daemon [_thread_in_native, id=14832, stack(0x0000002b42d00000,0x0000002b42e00000) (1024K)]
  0x0000020269883880 JavaThread "C1 CompilerThread0"         daemon [_thread_blocked, id=17820, stack(0x0000002b42e00000,0x0000002b42f00000) (1024K)]
  0x00000202699182d0 JavaThread "Common-Cleaner"             daemon [_thread_blocked, id=7348, stack(0x0000002b42f00000,0x0000002b43000000) (1024K)]
  0x0000020269b51360 JavaThread "Notification Thread"        daemon [_thread_blocked, id=18332, stack(0x0000002b43100000,0x0000002b43200000) (1024K)]
  0x000002026e660370 JavaThread "Active Thread: Equinox Container: 5e539bc7-6b61-4a40-979d-8070c902e5ba"        [_thread_blocked, id=13928, stack(0x0000002b43900000,0x0000002b43a00000) (1024K)]
  0x000002026eae3640 JavaThread "Refresh Thread: Equinox Container: 5e539bc7-6b61-4a40-979d-8070c902e5ba" daemon [_thread_blocked, id=4068, stack(0x0000002b43a00000,0x0000002b43b00000) (1024K)]
  0x000002026ecb5fa0 JavaThread "Framework Event Dispatcher: Equinox Container: 5e539bc7-6b61-4a40-979d-8070c902e5ba" daemon [_thread_blocked, id=12260, stack(0x0000002b43c00000,0x0000002b43d00000) (1024K)]
  0x000002026e901de0 JavaThread "Start Level: Equinox Container: 5e539bc7-6b61-4a40-979d-8070c902e5ba" daemon [_thread_blocked, id=9144, stack(0x0000002b43d00000,0x0000002b43e00000) (1024K)]
  0x000002026ef3e490 JavaThread "Bundle File Closer"         daemon [_thread_blocked, id=3308, stack(0x0000002b43e00000,0x0000002b43f00000) (1024K)]
  0x000002026ec8c5b0 JavaThread "SCR Component Actor"        daemon [_thread_blocked, id=1980, stack(0x0000002b43f00000,0x0000002b44000000) (1024K)]
  0x000002026f0e58f0 JavaThread "Worker-JM"                         [_thread_blocked, id=14740, stack(0x0000002b44100000,0x0000002b44200000) (1024K)]
  0x000002026f0e5f80 JavaThread "JNA Cleaner"                daemon [_thread_blocked, id=19284, stack(0x0000002b44200000,0x0000002b44300000) (1024K)]
  0x000002026f0e3eb0 JavaThread "Worker-0"                          [_thread_blocked, id=9396, stack(0x0000002b44300000,0x0000002b44400000) (1024K)]
  0x000002026f0e4540 JavaThread "Worker-1: Initialize workspace"        [_thread_blocked, id=4340, stack(0x0000002b44400000,0x0000002b44500000) (1024K)]
  0x000002026f0e2b00 JavaThread "Java indexing"              daemon [_thread_blocked, id=18212, stack(0x0000002b44500000,0x0000002b44600000) (1024K)]
  0x000002026f0e4bd0 JavaThread "Worker-2"                          [_thread_blocked, id=7584, stack(0x0000002b44600000,0x0000002b44700000) (1024K)]
  0x000002026f0e5260 JavaThread "Worker-3"                          [_thread_blocked, id=13876, stack(0x0000002b44900000,0x0000002b44a00000) (1024K)]
  0x000002026f0e3190 JavaThread "Worker-4: Publish Diagnostics"        [_thread_in_native, id=7104, stack(0x0000002b44a00000,0x0000002b44b00000) (1024K)]
  0x000002026f0e3820 JavaThread "Thread-2"                   daemon [_thread_in_native, id=13428, stack(0x0000002b44b00000,0x0000002b44c00000) (1024K)]
  0x00000202709b78f0 JavaThread "Thread-3"                   daemon [_thread_in_native, id=12620, stack(0x0000002b44c00000,0x0000002b44d00000) (1024K)]
  0x00000202709b6bd0 JavaThread "Thread-4"                   daemon [_thread_in_native, id=16268, stack(0x0000002b44d00000,0x0000002b44e00000) (1024K)]
  0x00000202709b7f80 JavaThread "Thread-5"                   daemon [_thread_in_native, id=2516, stack(0x0000002b44e00000,0x0000002b44f00000) (1024K)]
  0x00000202709b5820 JavaThread "Thread-6"                   daemon [_thread_in_native, id=1748, stack(0x0000002b44f00000,0x0000002b45000000) (1024K)]
  0x00000202709b7260 JavaThread "Thread-7"                   daemon [_thread_in_native, id=7320, stack(0x0000002b45000000,0x0000002b45100000) (1024K)]
  0x00000202709b8610 JavaThread "Thread-8"                   daemon [_thread_in_native, id=16768, stack(0x0000002b45100000,0x0000002b45200000) (1024K)]
  0x00000202709b8ca0 JavaThread "Thread-9"                   daemon [_thread_in_native, id=15812, stack(0x0000002b45200000,0x0000002b45300000) (1024K)]
  0x00000202709b5eb0 JavaThread "Thread-10"                  daemon [_thread_in_native, id=4060, stack(0x0000002b45300000,0x0000002b45400000) (1024K)]
  0x00000202709b6540 JavaThread "pool-2-thread-1"                   [_thread_blocked, id=9740, stack(0x0000002b45400000,0x0000002b45500000) (1024K)]
  0x0000020270780db0 JavaThread "WorkspaceEventsHandler"            [_thread_blocked, id=17128, stack(0x0000002b45500000,0x0000002b45600000) (1024K)]
  0x0000020270780090 JavaThread "pool-1-thread-1"                   [_thread_blocked, id=8224, stack(0x0000002b45600000,0x0000002b45700000) (1024K)]
  0x0000020270781ad0 JavaThread "ForkJoinPool.commonPool-worker-1" daemon [_thread_blocked, id=10068, stack(0x0000002b45700000,0x0000002b45800000) (1024K)]
  0x00000202707827f0 JavaThread "ForkJoinPool.commonPool-worker-2" daemon [_thread_blocked, id=10316, stack(0x0000002b45800000,0x0000002b45900000) (1024K)]
  0x0000020270781440 JavaThread "ForkJoinPool.commonPool-worker-3" daemon [_thread_blocked, id=11592, stack(0x0000002b45900000,0x0000002b45a00000) (1024K)]
  0x0000020270782e80 JavaThread "ForkJoinPool.commonPool-worker-4" daemon [_thread_blocked, id=11160, stack(0x0000002b45a00000,0x0000002b45b00000) (1024K)]
  0x0000020270783510 JavaThread "ForkJoinPool.commonPool-worker-5" daemon [_thread_blocked, id=10936, stack(0x0000002b45b00000,0x0000002b45c00000) (1024K)]
  0x0000020270783ba0 JavaThread "ForkJoinPool.commonPool-worker-6" daemon [_thread_blocked, id=13868, stack(0x0000002b45c00000,0x0000002b45d00000) (1024K)]
  0x0000020270780720 JavaThread "ForkJoinPool.commonPool-worker-7" daemon [_thread_blocked, id=7604, stack(0x0000002b45d00000,0x0000002b45e00000) (1024K)]
  0x0000020270017040 JavaThread "ParallelDescriptorResolver-1-0" daemon [_thread_in_native, id=12712, stack(0x0000002b42000000,0x0000002b42100000) (1024K)]
  0x00000202700148e0 JavaThread "ParallelDescriptorResolver-1-1" daemon [_thread_in_native, id=14044, stack(0x0000002b43000000,0x0000002b43100000) (1024K)]
  0x0000020270015c90 JavaThread "ParallelDescriptorResolver-1-2" daemon [_thread_in_native, id=10668, stack(0x0000002b43200000,0x0000002b43300000) (1024K)]
  0x0000020270015600 JavaThread "ParallelDescriptorResolver-1-3" daemon [_thread_in_native, id=17100, stack(0x0000002b44000000,0x0000002b44100000) (1024K)]
  0x0000020270016320 JavaThread "ParallelDescriptorResolver-1-4" daemon [_thread_in_Java, id=12768, stack(0x0000002b45e00000,0x0000002b45f00000) (1024K)]
  0x00000202722fa140 JavaThread "C2 CompilerThread1"         daemon [_thread_in_native, id=19260, stack(0x0000002b45f00000,0x0000002b46000000) (1024K)]
Total: 50

Other Threads:
  0x0000020267e40b00 VMThread "VM Thread"                           [id=9464, stack(0x0000002b42600000,0x0000002b42700000) (1024K)]
  0x0000020253b18bb0 WatcherThread "VM Periodic Task Thread"        [id=16776, stack(0x0000002b42500000,0x0000002b42600000) (1024K)]
  0x0000020253ac8fa0 WorkerThread "GC Thread#0"                     [id=5136, stack(0x0000002b42400000,0x0000002b42500000) (1024K)]
  0x000002026e562e80 WorkerThread "GC Thread#1"                     [id=13812, stack(0x0000002b43300000,0x0000002b43400000) (1024K)]
  0x000002026e563220 WorkerThread "GC Thread#2"                     [id=12604, stack(0x0000002b43400000,0x0000002b43500000) (1024K)]
  0x000002026e6758b0 WorkerThread "GC Thread#3"                     [id=12652, stack(0x0000002b43500000,0x0000002b43600000) (1024K)]
  0x000002026e675c50 WorkerThread "GC Thread#4"                     [id=18856, stack(0x0000002b43600000,0x0000002b43700000) (1024K)]
  0x000002026e675ff0 WorkerThread "GC Thread#5"                     [id=3736, stack(0x0000002b43700000,0x0000002b43800000) (1024K)]
  0x000002026e676390 WorkerThread "GC Thread#6"                     [id=16072, stack(0x0000002b43800000,0x0000002b43900000) (1024K)]
  0x000002026e8b2310 WorkerThread "GC Thread#7"                     [id=756, stack(0x0000002b43b00000,0x0000002b43c00000) (1024K)]
Total: 10

Threads with active compile tasks:
C2 CompilerThread0  35741 10592       4       org.apache.maven.model.inheritance.DefaultInheritanceAssembler$InheritanceModelMerger::mergePluginContainer_Plugins (433 bytes)
C2 CompilerThread1  35741 10705   !   4       org.apache.maven.model.ModelBase::clone (397 bytes)
Total: 2

VM state: not at safepoint (normal execution)

VM Mutex/Monitor currently owned by a thread: None

Heap address: 0x00000000c0000000, size: 1024 MB, Compressed Oops mode: 32-bit

CDS archive(s) mapped at: [0x0000020200000000-0x0000020200ba0000-0x0000020200ba0000), size 12189696, SharedBaseAddress: 0x0000020200000000, ArchiveRelocationMode: 1.
Compressed class space mapped at: 0x0000020201000000-0x0000020241000000, reserved size: 1073741824
Narrow klass base: 0x0000020200000000, Narrow klass shift: 0, Narrow klass range: 0x100000000

GC Precious Log:
 CardTable entry size: 512
 CPUs: 8 total, 8 available
 Memory: 7959M
 Large Page Support: Disabled
 NUMA Support: Disabled
 Compressed Oops: Enabled (32-bit)
 Alignments: Space 512K, Generation 512K, Heap 2M
 Heap Min Capacity: 100M
 Heap Initial Capacity: 100M
 Heap Max Capacity: 1G
 Pre-touch: Disabled
 Parallel Workers: 8

Heap:
 PSYoungGen      total 6656K, used 2252K [0x00000000eab00000, 0x00000000eb280000, 0x0000000100000000)
  eden space 5632K, 24% used [0x00000000eab00000,0x00000000eac5b310,0x00000000eb080000)
  from space 1024K, 84% used [0x00000000eb080000,0x00000000eb158000,0x00000000eb180000)
  to   space 1024K, 0% used [0x00000000eb180000,0x00000000eb180000,0x00000000eb280000)
 ParOldGen       total 99328K, used 98894K [0x00000000c0000000, 0x00000000c6100000, 0x00000000eab00000)
  object space 99328K, 99% used [0x00000000c0000000,0x00000000c6093b88,0x00000000c6100000)
 Metaspace       used 56859K, committed 58240K, reserved 1114112K
  class space    used 5901K, committed 6464K, reserved 1048576K

Card table byte_map: [0x0000020253450000,0x0000020253660000] _byte_map_base: 0x0000020252e50000

Marking Bits: (ParMarkBitMap*) 0x00007ffee11d3260
 Begin Bits: [0x0000020265ca0000, 0x0000020266ca0000)
 End Bits:   [0x0000020266ca0000, 0x0000020267ca0000)

Polling page: 0x0000020251860000

Metaspace:

Usage:
  Non-class:     49.76 MB used.
      Class:      5.76 MB used.
       Both:     55.53 MB used.

Virtual space:
  Non-class space:       64.00 MB reserved,      50.56 MB ( 79%) committed,  1 nodes.
      Class space:        1.00 GB reserved,       6.31 MB ( <1%) committed,  1 nodes.
             Both:        1.06 GB reserved,      56.88 MB (  5%) committed. 

Chunk freelists:
   Non-Class:  12.97 MB
       Class:  9.72 MB
        Both:  22.69 MB

MaxMetaspaceSize: unlimited
CompressedClassSpaceSize: 1.00 GB
Initial GC threshold: 21.00 MB
Current GC threshold: 58.38 MB
CDS: on
 - commit_granule_bytes: 65536.
 - commit_granule_words: 8192.
 - virtual_space_node_default_size: 8388608.
 - enlarge_chunks_in_place: 1.
 - use_allocation_guard: 0.


Internal statistics:

num_allocs_failed_limit: 6.
num_arena_births: 1050.
num_arena_deaths: 14.
num_vsnodes_births: 2.
num_vsnodes_deaths: 0.
num_space_committed: 910.
num_space_uncommitted: 0.
num_chunks_returned_to_freelist: 20.
num_chunks_taken_from_freelist: 3692.
num_chunk_merges: 12.
num_chunk_splits: 2264.
num_chunks_enlarged: 1285.
num_inconsistent_stats: 0.

CodeHeap 'non-profiled nmethods': size=120000Kb used=7033Kb max_used=7033Kb free=112966Kb
 bounds [0x000002025e770000, 0x000002025ee50000, 0x0000020265ca0000]
CodeHeap 'profiled nmethods': size=120000Kb used=22640Kb max_used=22640Kb free=97359Kb
 bounds [0x0000020256ca0000, 0x00000202582c0000, 0x000002025e1d0000]
CodeHeap 'non-nmethods': size=5760Kb used=1409Kb max_used=1466Kb free=4350Kb
 bounds [0x000002025e1d0000, 0x000002025e440000, 0x000002025e770000]
 total_blobs=10826 nmethods=10119 adapters=613
 compilation: enabled
              stopped_count=0, restarted_count=0
 full_count=0

Compilation events (20 events):
Event: 34.606 Thread 0x0000020269883880 nmethod 10729 0x000002025829c090 code [0x000002025829c2a0, 0x000002025829c968]
Event: 34.606 Thread 0x0000020269883880 10730       3       org.eclipse.aether.internal.impl.collect.DataPool$HardInternPool$$Lambda/0x0000020201641528::<init> (10 bytes)
Event: 34.607 Thread 0x0000020269883880 nmethod 10730 0x000002025829cc10 code [0x000002025829cdc0, 0x000002025829cf48]
Event: 34.608 Thread 0x0000020269883880 10731       3       org.apache.maven.model.Activation::<init> (10 bytes)
Event: 34.609 Thread 0x0000020269883880 nmethod 10731 0x000002025829d010 code [0x000002025829d1c0, 0x000002025829d328]
Event: 34.635 Thread 0x00000202722fa140 nmethod 10694 0x000002025ee4c710 code [0x000002025ee4c9a0, 0x000002025ee4db48]
Event: 34.636 Thread 0x00000202722fa140 10705   !   4       org.apache.maven.model.ModelBase::clone (397 bytes)
Event: 34.667 Thread 0x0000020269883880 10732   !   3       java.util.concurrent.FutureTask::run (123 bytes)
Event: 34.670 Thread 0x0000020269883880 nmethod 10732 0x000002025829d410 code [0x000002025829d9c0, 0x00000202582a0bd0]
Event: 34.737 Thread 0x0000020269883880 10733       3       org.apache.maven.model.Parent::<init> (11 bytes)
Event: 34.737 Thread 0x0000020269883880 nmethod 10733 0x00000202582a1b10 code [0x00000202582a1cc0, 0x00000202582a1e48]
Event: 34.742 Thread 0x0000020269883880 10734       3       org.apache.maven.model.merge.ModelMerger::mergePlugin_Extensions (43 bytes)
Event: 34.743 Thread 0x0000020269883880 nmethod 10734 0x00000202582a1f10 code [0x00000202582a20e0, 0x00000202582a2480]
Event: 34.743 Thread 0x0000020269883880 10735       3       jdk.internal.misc.Unsafe::putIntRelease (9 bytes)
Event: 34.743 Thread 0x0000020269883880 nmethod 10735 0x00000202582a2610 code [0x00000202582a27a0, 0x00000202582a28b8]
Event: 34.750 Thread 0x0000020269883880 10736       3       java.util.stream.IntStream::range (24 bytes)
Event: 34.751 Thread 0x0000020269883880 nmethod 10736 0x00000202582a2990 code [0x00000202582a2b80, 0x00000202582a2f90]
Event: 34.751 Thread 0x0000020269883880 10737       3       java.util.stream.IntPipeline::adapt (35 bytes)
Event: 34.751 Thread 0x0000020269883880 nmethod 10737 0x00000202582a3110 code [0x00000202582a3300, 0x00000202582a3830]
Event: 34.761 Thread 0x0000020269883880 10738       3       org.apache.maven.model.path.DefaultModelPathTranslator::alignToBaseDirectory (327 bytes)

GC Heap History (20 events):
Event: 33.328 GC heap before
{Heap before GC invocations=169 (full 2):
 PSYoungGen      total 7168K, used 6905K [0x00000000eab00000, 0x00000000eb400000, 0x0000000100000000)
  eden space 5632K, 100% used [0x00000000eab00000,0x00000000eb080000,0x00000000eb080000)
  from space 1536K, 82% used [0x00000000eb280000,0x00000000eb3be538,0x00000000eb400000)
  to   space 1536K, 0% used [0x00000000eb100000,0x00000000eb100000,0x00000000eb280000)
 ParOldGen       total 94720K, used 94310K [0x00000000c0000000, 0x00000000c5c80000, 0x00000000eab00000)
  object space 94720K, 99% used [0x00000000c0000000,0x00000000c5c19a30,0x00000000c5c80000)
 Metaspace       used 56741K, committed 58048K, reserved 1114112K
  class space    used 5901K, committed 6464K, reserved 1048576K
}
Event: 33.330 GC heap after
{Heap after GC invocations=169 (full 2):
 PSYoungGen      total 6144K, used 320K [0x00000000eab00000, 0x00000000eb300000, 0x0000000100000000)
  eden space 5632K, 0% used [0x00000000eab00000,0x00000000eab00000,0x00000000eb080000)
  from space 512K, 62% used [0x00000000eb100000,0x00000000eb150000,0x00000000eb180000)
  to   space 1024K, 0% used [0x00000000eb200000,0x00000000eb200000,0x00000000eb300000)
 ParOldGen       total 95744K, used 95475K [0x00000000c0000000, 0x00000000c5d80000, 0x00000000eab00000)
  object space 95744K, 99% used [0x00000000c0000000,0x00000000c5d3cc00,0x00000000c5d80000)
 Metaspace       used 56741K, committed 58048K, reserved 1114112K
  class space    used 5901K, committed 6464K, reserved 1048576K
}
Event: 33.344 GC heap before
{Heap before GC invocations=170 (full 2):
 PSYoungGen      total 6144K, used 5952K [0x00000000eab00000, 0x00000000eb300000, 0x0000000100000000)
  eden space 5632K, 100% used [0x00000000eab00000,0x00000000eb080000,0x00000000eb080000)
  from space 512K, 62% used [0x00000000eb100000,0x00000000eb150000,0x00000000eb180000)
  to   space 1024K, 0% used [0x00000000eb200000,0x00000000eb200000,0x00000000eb300000)
 ParOldGen       total 95744K, used 95475K [0x00000000c0000000, 0x00000000c5d80000, 0x00000000eab00000)
  object space 95744K, 99% used [0x00000000c0000000,0x00000000c5d3cc00,0x00000000c5d80000)
 Metaspace       used 56741K, committed 58048K, reserved 1114112K
  class space    used 5901K, committed 6464K, reserved 1048576K
}
Event: 33.345 GC heap after
{Heap after GC invocations=170 (full 2):
 PSYoungGen      total 6144K, used 192K [0x00000000eab00000, 0x00000000eb280000, 0x0000000100000000)
  eden space 5632K, 0% used [0x00000000eab00000,0x00000000eab00000,0x00000000eb080000)
  from space 512K, 37% used [0x00000000eb200000,0x00000000eb230000,0x00000000eb280000)
  to   space 512K, 0% used [0x00000000eb100000,0x00000000eb100000,0x00000000eb180000)
 ParOldGen       total 95744K, used 95643K [0x00000000c0000000, 0x00000000c5d80000, 0x00000000eab00000)
  object space 95744K, 99% used [0x00000000c0000000,0x00000000c5d66c00,0x00000000c5d80000)
 Metaspace       used 56741K, committed 58048K, reserved 1114112K
  class space    used 5901K, committed 6464K, reserved 1048576K
}
Event: 33.360 GC heap before
{Heap before GC invocations=171 (full 2):
 PSYoungGen      total 6144K, used 5824K [0x00000000eab00000, 0x00000000eb280000, 0x0000000100000000)
  eden space 5632K, 100% used [0x00000000eab00000,0x00000000eb080000,0x00000000eb080000)
  from space 512K, 37% used [0x00000000eb200000,0x00000000eb230000,0x00000000eb280000)
  to   space 512K, 0% used [0x00000000eb100000,0x00000000eb100000,0x00000000eb180000)
 ParOldGen       total 95744K, used 95643K [0x00000000c0000000, 0x00000000c5d80000, 0x00000000eab00000)
  object space 95744K, 99% used [0x00000000c0000000,0x00000000c5d66c00,0x00000000c5d80000)
 Metaspace       used 56741K, committed 58048K, reserved 1114112K
  class space    used 5901K, committed 6464K, reserved 1048576K
}
Event: 33.361 GC heap after
{Heap after GC invocations=171 (full 2):
 PSYoungGen      total 6144K, used 288K [0x00000000eab00000, 0x00000000eb280000, 0x0000000100000000)
  eden space 5632K, 0% used [0x00000000eab00000,0x00000000eab00000,0x00000000eb080000)
  from space 512K, 56% used [0x00000000eb100000,0x00000000eb148000,0x00000000eb180000)
  to   space 512K, 0% used [0x00000000eb200000,0x00000000eb200000,0x00000000eb280000)
 ParOldGen       total 96256K, used 95779K [0x00000000c0000000, 0x00000000c5e00000, 0x00000000eab00000)
  object space 96256K, 99% used [0x00000000c0000000,0x00000000c5d88c00,0x00000000c5e00000)
 Metaspace       used 56741K, committed 58048K, reserved 1114112K
  class space    used 5901K, committed 6464K, reserved 1048576K
}
Event: 33.433 GC heap before
{Heap before GC invocations=172 (full 2):
 PSYoungGen      total 6144K, used 5912K [0x00000000eab00000, 0x00000000eb280000, 0x0000000100000000)
  eden space 5632K, 99% used [0x00000000eab00000,0x00000000eb07e2d0,0x00000000eb080000)
  from space 512K, 56% used [0x00000000eb100000,0x00000000eb148000,0x00000000eb180000)
  to   space 512K, 0% used [0x00000000eb200000,0x00000000eb200000,0x00000000eb280000)
 ParOldGen       total 96256K, used 95779K [0x00000000c0000000, 0x00000000c5e00000, 0x00000000eab00000)
  object space 96256K, 99% used [0x00000000c0000000,0x00000000c5d88c00,0x00000000c5e00000)
 Metaspace       used 56744K, committed 58048K, reserved 1114112K
  class space    used 5901K, committed 6464K, reserved 1048576K
}
Event: 33.435 GC heap after
{Heap after GC invocations=172 (full 2):
 PSYoungGen      total 6144K, used 425K [0x00000000eab00000, 0x00000000eb280000, 0x0000000100000000)
  eden space 5632K, 0% used [0x00000000eab00000,0x00000000eab00000,0x00000000eb080000)
  from space 512K, 83% used [0x00000000eb200000,0x00000000eb26a518,0x00000000eb280000)
  to   space 512K, 0% used [0x00000000eb100000,0x00000000eb100000,0x00000000eb180000)
 ParOldGen       total 96256K, used 95939K [0x00000000c0000000, 0x00000000c5e00000, 0x00000000eab00000)
  object space 96256K, 99% used [0x00000000c0000000,0x00000000c5db0c00,0x00000000c5e00000)
 Metaspace       used 56744K, committed 58048K, reserved 1114112K
  class space    used 5901K, committed 6464K, reserved 1048576K
}
Event: 33.763 GC heap before
{Heap before GC invocations=173 (full 2):
 PSYoungGen      total 6144K, used 6057K [0x00000000eab00000, 0x00000000eb280000, 0x0000000100000000)
  eden space 5632K, 100% used [0x00000000eab00000,0x00000000eb080000,0x00000000eb080000)
  from space 512K, 83% used [0x00000000eb200000,0x00000000eb26a518,0x00000000eb280000)
  to   space 512K, 0% used [0x00000000eb100000,0x00000000eb100000,0x00000000eb180000)
 ParOldGen       total 96256K, used 95939K [0x00000000c0000000, 0x00000000c5e00000, 0x00000000eab00000)
  object space 96256K, 99% used [0x00000000c0000000,0x00000000c5db0c00,0x00000000c5e00000)
 Metaspace       used 56757K, committed 58048K, reserved 1114112K
  class space    used 5901K, committed 6464K, reserved 1048576K
}
Event: 33.765 GC heap after
{Heap after GC invocations=173 (full 2):
 PSYoungGen      total 6144K, used 512K [0x00000000eab00000, 0x00000000eb380000, 0x0000000100000000)
  eden space 5632K, 0% used [0x00000000eab00000,0x00000000eab00000,0x00000000eb080000)
  from space 512K, 100% used [0x00000000eb100000,0x00000000eb180000,0x00000000eb180000)
  to   space 1536K, 0% used [0x00000000eb200000,0x00000000eb200000,0x00000000eb380000)
 ParOldGen       total 96768K, used 96525K [0x00000000c0000000, 0x00000000c5e80000, 0x00000000eab00000)
  object space 96768K, 99% used [0x00000000c0000000,0x00000000c5e43468,0x00000000c5e80000)
 Metaspace       used 56757K, committed 58048K, reserved 1114112K
  class space    used 5901K, committed 6464K, reserved 1048576K
}
Event: 33.870 GC heap before
{Heap before GC invocations=174 (full 2):
 PSYoungGen      total 6144K, used 6144K [0x00000000eab00000, 0x00000000eb380000, 0x0000000100000000)
  eden space 5632K, 100% used [0x00000000eab00000,0x00000000eb080000,0x00000000eb080000)
  from space 512K, 100% used [0x00000000eb100000,0x00000000eb180000,0x00000000eb180000)
  to   space 1536K, 0% used [0x00000000eb200000,0x00000000eb200000,0x00000000eb380000)
 ParOldGen       total 96768K, used 96525K [0x00000000c0000000, 0x00000000c5e80000, 0x00000000eab00000)
  object space 96768K, 99% used [0x00000000c0000000,0x00000000c5e43468,0x00000000c5e80000)
 Metaspace       used 56767K, committed 58112K, reserved 1114112K
  class space    used 5901K, committed 6464K, reserved 1048576K
}
Event: 33.873 GC heap after
{Heap after GC invocations=174 (full 2):
 PSYoungGen      total 6656K, used 800K [0x00000000eab00000, 0x00000000eb300000, 0x0000000100000000)
  eden space 5632K, 0% used [0x00000000eab00000,0x00000000eab00000,0x00000000eb080000)
  from space 1024K, 78% used [0x00000000eb200000,0x00000000eb2c8000,0x00000000eb300000)
  to   space 1024K, 0% used [0x00000000eb100000,0x00000000eb100000,0x00000000eb200000)
 ParOldGen       total 97280K, used 96993K [0x00000000c0000000, 0x00000000c5f00000, 0x00000000eab00000)
  object space 97280K, 99% used [0x00000000c0000000,0x00000000c5eb8678,0x00000000c5f00000)
 Metaspace       used 56767K, committed 58112K, reserved 1114112K
  class space    used 5901K, committed 6464K, reserved 1048576K
}
Event: 34.247 GC heap before
{Heap before GC invocations=175 (full 2):
 PSYoungGen      total 6656K, used 6432K [0x00000000eab00000, 0x00000000eb300000, 0x0000000100000000)
  eden space 5632K, 100% used [0x00000000eab00000,0x00000000eb080000,0x00000000eb080000)
  from space 1024K, 78% used [0x00000000eb200000,0x00000000eb2c8000,0x00000000eb300000)
  to   space 1024K, 0% used [0x00000000eb100000,0x00000000eb100000,0x00000000eb200000)
 ParOldGen       total 97280K, used 96993K [0x00000000c0000000, 0x00000000c5f00000, 0x00000000eab00000)
  object space 97280K, 99% used [0x00000000c0000000,0x00000000c5eb8678,0x00000000c5f00000)
 Metaspace       used 56770K, committed 58112K, reserved 1114112K
  class space    used 5901K, committed 6464K, reserved 1048576K
}
Event: 34.250 GC heap after
{Heap after GC invocations=175 (full 2):
 PSYoungGen      total 6656K, used 576K [0x00000000eab00000, 0x00000000eb280000, 0x0000000100000000)
  eden space 5632K, 0% used [0x00000000eab00000,0x00000000eab00000,0x00000000eb080000)
  from space 1024K, 56% used [0x00000000eb100000,0x00000000eb190000,0x00000000eb200000)
  to   space 512K, 0% used [0x00000000eb200000,0x00000000eb200000,0x00000000eb280000)
 ParOldGen       total 97792K, used 97302K [0x00000000c0000000, 0x00000000c5f80000, 0x00000000eab00000)
  object space 97792K, 99% used [0x00000000c0000000,0x00000000c5f05b88,0x00000000c5f80000)
 Metaspace       used 56770K, committed 58112K, reserved 1114112K
  class space    used 5901K, committed 6464K, reserved 1048576K
}
Event: 34.376 GC heap before
{Heap before GC invocations=176 (full 2):
 PSYoungGen      total 6656K, used 6208K [0x00000000eab00000, 0x00000000eb280000, 0x0000000100000000)
  eden space 5632K, 100% used [0x00000000eab00000,0x00000000eb080000,0x00000000eb080000)
  from space 1024K, 56% used [0x00000000eb100000,0x00000000eb190000,0x00000000eb200000)
  to   space 512K, 0% used [0x00000000eb200000,0x00000000eb200000,0x00000000eb280000)
 ParOldGen       total 97792K, used 97302K [0x00000000c0000000, 0x00000000c5f80000, 0x00000000eab00000)
  object space 97792K, 99% used [0x00000000c0000000,0x00000000c5f05b88,0x00000000c5f80000)
 Metaspace       used 56787K, committed 58112K, reserved 1114112K
  class space    used 5901K, committed 6464K, reserved 1048576K
}
Event: 34.377 GC heap after
{Heap after GC invocations=176 (full 2):
 PSYoungGen      total 6144K, used 512K [0x00000000eab00000, 0x00000000eb380000, 0x0000000100000000)
  eden space 5632K, 0% used [0x00000000eab00000,0x00000000eab00000,0x00000000eb080000)
  from space 512K, 100% used [0x00000000eb200000,0x00000000eb280000,0x00000000eb280000)
  to   space 1536K, 0% used [0x00000000eb080000,0x00000000eb080000,0x00000000eb200000)
 ParOldGen       total 98304K, used 97838K [0x00000000c0000000, 0x00000000c6000000, 0x00000000eab00000)
  object space 98304K, 99% used [0x00000000c0000000,0x00000000c5f8bb88,0x00000000c6000000)
 Metaspace       used 56787K, committed 58112K, reserved 1114112K
  class space    used 5901K, committed 6464K, reserved 1048576K
}
Event: 34.484 GC heap before
{Heap before GC invocations=177 (full 2):
 PSYoungGen      total 6144K, used 6144K [0x00000000eab00000, 0x00000000eb380000, 0x0000000100000000)
  eden space 5632K, 100% used [0x00000000eab00000,0x00000000eb080000,0x00000000eb080000)
  from space 512K, 100% used [0x00000000eb200000,0x00000000eb280000,0x00000000eb280000)
  to   space 1536K, 0% used [0x00000000eb080000,0x00000000eb080000,0x00000000eb200000)
 ParOldGen       total 98304K, used 97838K [0x00000000c0000000, 0x00000000c6000000, 0x00000000eab00000)
  object space 98304K, 99% used [0x00000000c0000000,0x00000000c5f8bb88,0x00000000c6000000)
 Metaspace       used 56810K, committed 58112K, reserved 1114112K
  class space    used 5901K, committed 6464K, reserved 1048576K
}
Event: 34.485 GC heap after
{Heap after GC invocations=177 (full 2):
 PSYoungGen      total 6656K, used 928K [0x00000000eab00000, 0x00000000eb280000, 0x0000000100000000)
  eden space 5632K, 0% used [0x00000000eab00000,0x00000000eab00000,0x00000000eb080000)
  from space 1024K, 90% used [0x00000000eb080000,0x00000000eb168000,0x00000000eb180000)
  to   space 1024K, 0% used [0x00000000eb180000,0x00000000eb180000,0x00000000eb280000)
 ParOldGen       total 98304K, used 98190K [0x00000000c0000000, 0x00000000c6000000, 0x00000000eab00000)
  object space 98304K, 99% used [0x00000000c0000000,0x00000000c5fe3b88,0x00000000c6000000)
 Metaspace       used 56810K, committed 58112K, reserved 1114112K
  class space    used 5901K, committed 6464K, reserved 1048576K
}
Event: 34.664 GC heap before
{Heap before GC invocations=178 (full 2):
 PSYoungGen      total 6656K, used 6560K [0x00000000eab00000, 0x00000000eb280000, 0x0000000100000000)
  eden space 5632K, 100% used [0x00000000eab00000,0x00000000eb080000,0x00000000eb080000)
  from space 1024K, 90% used [0x00000000eb080000,0x00000000eb168000,0x00000000eb180000)
  to   space 1024K, 0% used [0x00000000eb180000,0x00000000eb180000,0x00000000eb280000)
 ParOldGen       total 98304K, used 98190K [0x00000000c0000000, 0x00000000c6000000, 0x00000000eab00000)
  object space 98304K, 99% used [0x00000000c0000000,0x00000000c5fe3b88,0x00000000c6000000)
 Metaspace       used 56833K, committed 58240K, reserved 1114112K
  class space    used 5901K, committed 6464K, reserved 1048576K
}
Event: 34.666 GC heap after
{Heap after GC invocations=178 (full 2):
 PSYoungGen      total 6656K, used 800K [0x00000000eab00000, 0x00000000eb280000, 0x0000000100000000)
  eden space 5632K, 0% used [0x00000000eab00000,0x00000000eab00000,0x00000000eb080000)
  from space 1024K, 78% used [0x00000000eb180000,0x00000000eb248000,0x00000000eb280000)
  to   space 1024K, 0% used [0x00000000eb080000,0x00000000eb080000,0x00000000eb180000)
 ParOldGen       total 98816K, used 98494K [0x00000000c0000000, 0x00000000c6080000, 0x00000000eab00000)
  object space 98816K, 99% used [0x00000000c0000000,0x00000000c602fb88,0x00000000c6080000)
 Metaspace       used 56833K, committed 58240K, reserved 1114112K
  class space    used 5901K, committed 6464K, reserved 1048576K
}

Dll operation events (10 events):
Event: 0.015 Loaded shared library c:\Users\Fer\.vscode\extensions\redhat.java-1.41.2025031208-win32-x64\jre\21.0.6-win32-x86_64\bin\java.dll
Event: 0.149 Loaded shared library c:\Users\Fer\.vscode\extensions\redhat.java-1.41.2025031208-win32-x64\jre\21.0.6-win32-x86_64\bin\zip.dll
Event: 0.179 Loaded shared library C:\Users\Fer\.vscode\extensions\redhat.java-1.41.2025031208-win32-x64\jre\21.0.6-win32-x86_64\bin\instrument.dll
Event: 0.185 Loaded shared library C:\Users\Fer\.vscode\extensions\redhat.java-1.41.2025031208-win32-x64\jre\21.0.6-win32-x86_64\bin\net.dll
Event: 0.189 Loaded shared library C:\Users\Fer\.vscode\extensions\redhat.java-1.41.2025031208-win32-x64\jre\21.0.6-win32-x86_64\bin\nio.dll
Event: 0.193 Loaded shared library C:\Users\Fer\.vscode\extensions\redhat.java-1.41.2025031208-win32-x64\jre\21.0.6-win32-x86_64\bin\zip.dll
Event: 0.218 Loaded shared library C:\Users\Fer\.vscode\extensions\redhat.java-1.41.2025031208-win32-x64\jre\21.0.6-win32-x86_64\bin\jimage.dll
Event: 0.323 Loaded shared library c:\Users\Fer\.vscode\extensions\redhat.java-1.41.2025031208-win32-x64\jre\21.0.6-win32-x86_64\bin\verify.dll
Event: 1.765 Loaded shared library C:\Users\Fer\AppData\Roaming\Code\User\globalStorage\redhat.java\1.41.2025031208\config_win\org.eclipse.equinox.launcher\org.eclipse.equinox.launcher.win32.win32.x86_64_1.2.1200.v20250212-0927\eclipse_11909.dll
Event: 3.751 Loaded shared library C:\Users\Fer\AppData\Local\Temp\jna-70515\jna12166681146318259464.dll

Deoptimization events (20 events):
Event: 34.566 Thread 0x0000020270015600 Uncommon trap: trap_request=0xffffff45 fr.pc=0x000002025ede84dc relative=0x00000000000006fc
Event: 34.566 Thread 0x0000020270015600 Uncommon trap: reason=unstable_if action=reinterpret pc=0x000002025ede84dc method=org.apache.maven.model.merge.ModelMerger.merge(Ljava/util/List;Ljava/util/List;Lorg/apache/maven/model/merge/ModelMerger$KeyComputer;Lorg/apache/maven/model/merge/ModelMerge
Event: 34.566 Thread 0x0000020270015600 DEOPT PACKING pc=0x000002025ede84dc sp=0x0000002b440fe650
Event: 34.566 Thread 0x0000020270015600 DEOPT UNPACKING pc=0x000002025e226da2 sp=0x0000002b440fe518 mode 2
Event: 34.566 Thread 0x0000020270015600 Uncommon trap: trap_request=0xffffff45 fr.pc=0x000002025ed94c44 relative=0x0000000000000424
Event: 34.566 Thread 0x0000020270015600 Uncommon trap: reason=unstable_if action=reinterpret pc=0x000002025ed94c44 method=org.apache.maven.model.merge.ModelMerger.merge(Ljava/util/List;Ljava/util/List;Lorg/apache/maven/model/merge/ModelMerger$KeyComputer;Lorg/apache/maven/model/merge/ModelMerge
Event: 34.566 Thread 0x0000020270015600 DEOPT PACKING pc=0x000002025ed94c44 sp=0x0000002b440fe5a0
Event: 34.566 Thread 0x0000020270015600 DEOPT UNPACKING pc=0x000002025e226da2 sp=0x0000002b440fe510 mode 2
Event: 34.667 Thread 0x0000020270016320 Uncommon trap: trap_request=0xffffff45 fr.pc=0x000002025ed755f0 relative=0x0000000000003b50
Event: 34.667 Thread 0x0000020270016320 Uncommon trap: reason=unstable_if action=reinterpret pc=0x000002025ed755f0 method=org.apache.maven.model.interpolation.StringVisitorModelInterpolator$ModelVisitor.visit(Lorg/apache/maven/model/Dependency;)V @ 159 c2
Event: 34.667 Thread 0x0000020270016320 DEOPT PACKING pc=0x000002025ed755f0 sp=0x0000002b45efe210
Event: 34.667 Thread 0x0000020270016320 DEOPT UNPACKING pc=0x000002025e226da2 sp=0x0000002b45efe1e8 mode 2
Event: 34.722 Thread 0x0000020270016320 Uncommon trap: trap_request=0xffffff45 fr.pc=0x000002025ee06c38 relative=0x00000000000000f8
Event: 34.722 Thread 0x0000020270016320 Uncommon trap: reason=unstable_if action=reinterpret pc=0x000002025ee06c38 method=org.apache.maven.model.merge.ModelMerger.mergePlugin_Extensions(Lorg/apache/maven/model/Plugin;Lorg/apache/maven/model/Plugin;ZLjava/util/Map;)V @ 19 c2
Event: 34.722 Thread 0x0000020270016320 DEOPT PACKING pc=0x000002025ee06c38 sp=0x0000002b45efe000
Event: 34.722 Thread 0x0000020270016320 DEOPT UNPACKING pc=0x000002025e226da2 sp=0x0000002b45efdf70 mode 2
Event: 34.813 Thread 0x0000020270017040 Uncommon trap: trap_request=0xffffff45 fr.pc=0x000002025ed958f8 relative=0x00000000000003d8
Event: 34.813 Thread 0x0000020270017040 Uncommon trap: reason=unstable_if action=reinterpret pc=0x000002025ed958f8 method=org.apache.maven.model.merge.ModelMerger.merge(Ljava/util/List;Ljava/util/List;Lorg/apache/maven/model/merge/ModelMerger$KeyComputer;Lorg/apache/maven/model/merge/ModelMerge
Event: 34.813 Thread 0x0000020270017040 DEOPT PACKING pc=0x000002025ed958f8 sp=0x0000002b420fe360
Event: 34.813 Thread 0x0000020270017040 DEOPT UNPACKING pc=0x000002025e226da2 sp=0x0000002b420fe328 mode 2

Classes loaded (20 events):
Event: 31.884 Loading class sun/util/locale/provider/TimeZoneNameProviderImpl done
Event: 31.884 Loading class sun/util/cldr/CLDRTimeZoneNameProviderImpl done
Event: 31.895 Loading class sun/util/locale/provider/BaseLocaleDataMetaInfo
Event: 31.895 Loading class sun/util/locale/provider/BaseLocaleDataMetaInfo done
Event: 31.902 Loading class sun/util/resources/cldr/TimeZoneNames
Event: 31.903 Loading class sun/util/resources/TimeZoneNamesBundle
Event: 31.903 Loading class sun/util/resources/OpenListResourceBundle
Event: 31.903 Loading class sun/util/resources/OpenListResourceBundle done
Event: 31.903 Loading class sun/util/resources/TimeZoneNamesBundle done
Event: 31.903 Loading class sun/util/resources/cldr/TimeZoneNames done
Event: 31.904 Loading class sun/util/resources/cldr/TimeZoneNames_en
Event: 31.911 Loading class sun/util/resources/cldr/TimeZoneNames_en done
Event: 31.912 Loading class sun/util/resources/cldr/TimeZoneNames_en_US
Event: 31.912 Loading class sun/util/resources/cldr/TimeZoneNames_en_US done
Event: 31.922 Loading class sun/util/cldr/CLDRBaseLocaleDataMetaInfo$TZCanonicalIDMapHolder
Event: 31.933 Loading class sun/util/cldr/CLDRBaseLocaleDataMetaInfo$TZCanonicalIDMapHolder done
Event: 31.952 Loading class sun/util/resources/TimeZoneNames
Event: 31.955 Loading class sun/util/resources/TimeZoneNames done
Event: 31.964 Loading class sun/util/resources/TimeZoneNames_en
Event: 31.964 Loading class sun/util/resources/TimeZoneNames_en done

Classes unloaded (7 events):
Event: 4.610 Thread 0x0000020267e40b00 Unloading class 0x0000020201195c00 'java/lang/invoke/LambdaForm$MH+0x0000020201195c00'
Event: 4.610 Thread 0x0000020267e40b00 Unloading class 0x0000020201195800 'java/lang/invoke/LambdaForm$MH+0x0000020201195800'
Event: 4.610 Thread 0x0000020267e40b00 Unloading class 0x0000020201195400 'java/lang/invoke/LambdaForm$MH+0x0000020201195400'
Event: 4.610 Thread 0x0000020267e40b00 Unloading class 0x0000020201195000 'java/lang/invoke/LambdaForm$MH+0x0000020201195000'
Event: 4.610 Thread 0x0000020267e40b00 Unloading class 0x0000020201194c00 'java/lang/invoke/LambdaForm$BMH+0x0000020201194c00'
Event: 4.610 Thread 0x0000020267e40b00 Unloading class 0x0000020201194800 'java/lang/invoke/LambdaForm$DMH+0x0000020201194800'
Event: 4.610 Thread 0x0000020267e40b00 Unloading class 0x0000020201193400 'java/lang/invoke/LambdaForm$DMH+0x0000020201193400'

Classes redefined (0 events):
No events

Internal exceptions (20 events):
Event: 23.938 Thread 0x000002026f0e4540 Exception <a 'sun/nio/fs/WindowsException'{0x00000000eade1180}> (0x00000000eade1180) 
thrown [s\src\hotspot\share\prims\jni.cpp, line 520]
Event: 23.938 Thread 0x000002026f0e4540 Exception <a 'sun/nio/fs/WindowsException'{0x00000000eade17b0}> (0x00000000eade17b0) 
thrown [s\src\hotspot\share\prims\jni.cpp, line 520]
Event: 23.938 Thread 0x000002026f0e4540 Exception <a 'sun/nio/fs/WindowsException'{0x00000000eade2428}> (0x00000000eade2428) 
thrown [s\src\hotspot\share\prims\jni.cpp, line 520]
Event: 23.939 Thread 0x000002026f0e4540 Exception <a 'sun/nio/fs/WindowsException'{0x00000000eade2a58}> (0x00000000eade2a58) 
thrown [s\src\hotspot\share\prims\jni.cpp, line 520]
Event: 23.952 Thread 0x000002026f0e4540 Exception <a 'java/io/FileNotFoundException'{0x00000000eae1e380}> (0x00000000eae1e380) 
thrown [s\src\hotspot\share\prims\jni.cpp, line 520]
Event: 23.952 Thread 0x000002026f0e4540 Exception <a 'java/io/FileNotFoundException'{0x00000000eae1f398}> (0x00000000eae1f398) 
thrown [s\src\hotspot\share\prims\jni.cpp, line 520]
Event: 23.962 Thread 0x000002026f0e4540 Exception <a 'sun/nio/fs/WindowsException'{0x00000000eae5c110}> (0x00000000eae5c110) 
thrown [s\src\hotspot\share\prims\jni.cpp, line 520]
Event: 23.963 Thread 0x000002026f0e4540 Exception <a 'sun/nio/fs/WindowsException'{0x00000000eae5c740}> (0x00000000eae5c740) 
thrown [s\src\hotspot\share\prims\jni.cpp, line 520]
Event: 24.143 Thread 0x000002026f0e3eb0 Exception <a 'java/lang/NoSuchMethodError'{0x00000000eab679e8}: 'java.lang.Object java.lang.invoke.DirectMethodHandle$Holder.invokeSpecial(java.lang.Object, java.lang.Object, int, long)'> (0x00000000eab679e8) 
thrown [s\src\hotspot\share\interpreter\linkResolver.cpp, line 773]
Event: 24.495 Thread 0x000002026f0e4540 Exception <a 'java/lang/NoSuchMethodError'{0x00000000eab4cad0}: 'void java.lang.invoke.DirectMethodHandle$Holder.invokeStatic(java.lang.Object, java.lang.Object, java.lang.Object, int)'> (0x00000000eab4cad0) 
thrown [s\src\hotspot\share\interpreter\linkResolver.cpp, line 773]
Event: 24.507 Thread 0x000002026f0e4540 Exception <a 'java/lang/NoSuchMethodError'{0x00000000eab8eae0}: 'void java.lang.invoke.DirectMethodHandle$Holder.invokeVirtual(java.lang.Object, java.lang.Object, int)'> (0x00000000eab8eae0) 
thrown [s\src\hotspot\share\interpreter\linkResolver.cpp, line 773]
Event: 25.993 Thread 0x000002026f0e3190 Implicit null exception at 0x000002025ebf507f to 0x000002025ebf548c
Event: 25.994 Thread 0x000002026f0e3190 Implicit null exception at 0x000002025ebe05a1 to 0x000002025ebe08b4
Event: 26.778 Thread 0x000002026f0e3190 Implicit null exception at 0x000002025ec9f4c8 to 0x000002025eca00d0
Event: 28.966 Thread 0x000002026f0e3190 Implicit null exception at 0x000002025ecf5406 to 0x000002025ecf54e0
Event: 30.897 Thread 0x000002026f0e4540 Exception <a 'java/lang/NoSuchMethodError'{0x00000000eac9fc98}: 'void java.lang.invoke.DirectMethodHandle$Holder.invokeInterface(java.lang.Object, java.lang.Object)'> (0x00000000eac9fc98) 
thrown [s\src\hotspot\share\interpreter\linkResolver.cpp, line 773]
Event: 30.920 Thread 0x0000020270015600 Exception <a 'java/lang/NoSuchMethodError'{0x00000000eac23130}: 'void java.lang.invoke.DirectMethodHandle$Holder.invokeSpecial(java.lang.Object, java.lang.Object, java.lang.Object, java.lang.Object, java.lang.Object, java.lang.Object, java.lang.Object, java.lang.Object)'> (0x00000000eac23130) 
thrown [s\src\hotspot\share\interpreter\linkResolver.cpp, line 773]
Event: 31.020 Thread 0x0000020270017040 Implicit null exception at 0x000002025ed2bb08 to 0x000002025ed2bf3c
Event: 32.669 Thread 0x000002026f0e4540 Implicit null exception at 0x000002025edd5c22 to 0x000002025edd5dd8
Event: 32.669 Thread 0x000002026f0e4540 Implicit null exception at 0x000002025edc6922 to 0x000002025edc6ad8

ZGC Phase Switch (0 events):
No events

VM Operations (20 events):
Event: 33.330 Executing VM operation: ParallelGCFailedAllocation (Allocation Failure) done
Event: 33.344 Executing VM operation: ParallelGCFailedAllocation (Allocation Failure)
Event: 33.345 Executing VM operation: ParallelGCFailedAllocation (Allocation Failure) done
Event: 33.360 Executing VM operation: ParallelGCFailedAllocation (Allocation Failure)
Event: 33.361 Executing VM operation: ParallelGCFailedAllocation (Allocation Failure) done
Event: 33.433 Executing VM operation: ParallelGCFailedAllocation (Allocation Failure)
Event: 33.435 Executing VM operation: ParallelGCFailedAllocation (Allocation Failure) done
Event: 33.763 Executing VM operation: ParallelGCFailedAllocation (Allocation Failure)
Event: 33.765 Executing VM operation: ParallelGCFailedAllocation (Allocation Failure) done
Event: 33.870 Executing VM operation: ParallelGCFailedAllocation (Allocation Failure)
Event: 33.873 Executing VM operation: ParallelGCFailedAllocation (Allocation Failure) done
Event: 34.247 Executing VM operation: ParallelGCFailedAllocation (Allocation Failure)
Event: 34.250 Executing VM operation: ParallelGCFailedAllocation (Allocation Failure) done
Event: 34.375 Executing VM operation: ParallelGCFailedAllocation (Allocation Failure)
Event: 34.377 Executing VM operation: ParallelGCFailedAllocation (Allocation Failure) done
Event: 34.483 Executing VM operation: ParallelGCFailedAllocation (Allocation Failure)
Event: 34.485 Executing VM operation: ParallelGCFailedAllocation (Allocation Failure) done
Event: 34.664 Executing VM operation: ParallelGCFailedAllocation (Allocation Failure)
Event: 34.666 Executing VM operation: ParallelGCFailedAllocation (Allocation Failure) done
Event: 35.676 Executing VM operation: Cleanup

Memory protections (0 events):
No events

Nmethod flushes (20 events):
Event: 6.347 Thread 0x0000020267e40b00 flushing  nmethod 0x0000020257434690
Event: 6.347 Thread 0x0000020267e40b00 flushing  nmethod 0x0000020257436990
Event: 6.347 Thread 0x0000020267e40b00 flushing  nmethod 0x0000020257439c90
Event: 6.347 Thread 0x0000020267e40b00 flushing  nmethod 0x0000020257451110
Event: 6.347 Thread 0x0000020267e40b00 flushing  nmethod 0x0000020257453890
Event: 6.347 Thread 0x0000020267e40b00 flushing  nmethod 0x0000020257453f10
Event: 6.347 Thread 0x0000020267e40b00 flushing  nmethod 0x0000020257454410
Event: 6.347 Thread 0x0000020267e40b00 flushing  nmethod 0x0000020257454a10
Event: 6.347 Thread 0x0000020267e40b00 flushing  nmethod 0x0000020257455010
Event: 6.347 Thread 0x0000020267e40b00 flushing  nmethod 0x0000020257455810
Event: 6.347 Thread 0x0000020267e40b00 flushing  nmethod 0x0000020257455d10
Event: 6.347 Thread 0x0000020267e40b00 flushing  nmethod 0x0000020257456810
Event: 6.347 Thread 0x0000020267e40b00 flushing  nmethod 0x0000020257458210
Event: 6.347 Thread 0x0000020267e40b00 flushing  nmethod 0x0000020257458710
Event: 6.347 Thread 0x0000020267e40b00 flushing  nmethod 0x0000020257459090
Event: 6.347 Thread 0x0000020267e40b00 flushing  nmethod 0x0000020257463d10
Event: 6.347 Thread 0x0000020267e40b00 flushing  nmethod 0x0000020257466790
Event: 6.347 Thread 0x0000020267e40b00 flushing  nmethod 0x000002025746a590
Event: 6.347 Thread 0x0000020267e40b00 flushing  nmethod 0x0000020257479590
Event: 6.347 Thread 0x0000020267e40b00 flushing  nmethod 0x0000020257481210

Events (20 events):
Event: 25.603 Thread 0x000002027208f630 Thread exited: 0x000002027208f630
Event: 28.996 Thread 0x0000020270784f50 Thread exited: 0x0000020270784f50
Event: 30.914 Thread 0x000002026f0e4540 Thread added: 0x0000020270015600
Event: 30.915 Thread 0x000002026f0e4540 Thread added: 0x0000020270016320
Event: 30.915 Thread 0x000002026f0e4540 Thread added: 0x0000020270017040
Event: 30.915 Thread 0x000002026f0e4540 Thread added: 0x0000020270015c90
Event: 30.966 Thread 0x000002026f0e4540 Thread added: 0x0000020270013bc0
Event: 32.465 Thread 0x0000020269883880 Thread added: 0x00000202722fa140
Event: 32.663 Thread 0x0000020270016320 Thread exited: 0x0000020270016320
Event: 32.663 Thread 0x0000020270015c90 Thread exited: 0x0000020270015c90
Event: 32.663 Thread 0x0000020270017040 Thread exited: 0x0000020270017040
Event: 32.663 Thread 0x0000020270013bc0 Thread exited: 0x0000020270013bc0
Event: 32.665 Thread 0x0000020270015600 Thread exited: 0x0000020270015600
Event: 32.818 Thread 0x000002026f0e4540 Thread added: 0x0000020270017040
Event: 32.819 Thread 0x000002026f0e4540 Thread added: 0x00000202700148e0
Event: 32.820 Thread 0x000002026f0e4540 Thread added: 0x0000020270015c90
Event: 32.820 Thread 0x000002026f0e4540 Thread added: 0x0000020270015600
Event: 32.820 Thread 0x000002026f0e4540 Thread added: 0x0000020270016320
Event: 33.231 Thread 0x00000202722fa140 Thread exited: 0x00000202722fa140
Event: 33.742 Thread 0x0000020269883880 Thread added: 0x00000202722fa140


Dynamic libraries:
0x00007ff613060000 - 0x00007ff61306e000 	c:\Users\Fer\.vscode\extensions\redhat.java-1.41.2025031208-win32-x64\jre\21.0.6-win32-x86_64\bin\java.exe
0x00007fff673e0000 - 0x00007fff67643000 	C:\WINDOWS\SYSTEM32\ntdll.dll
0x00007fff65220000 - 0x00007fff652e7000 	C:\WINDOWS\System32\KERNEL32.DLL
0x00007fff648d0000 - 0x00007fff64c97000 	C:\WINDOWS\System32\KERNELBASE.dll
0x00007fff64780000 - 0x00007fff648cc000 	C:\WINDOWS\System32\ucrtbase.dll
0x00007fff2d9a0000 - 0x00007fff2d9b8000 	c:\Users\Fer\.vscode\extensions\redhat.java-1.41.2025031208-win32-x64\jre\21.0.6-win32-x86_64\bin\jli.dll
0x00007fff26f30000 - 0x00007fff26f4e000 	c:\Users\Fer\.vscode\extensions\redhat.java-1.41.2025031208-win32-x64\jre\21.0.6-win32-x86_64\bin\VCRUNTIME140.dll
0x00007fff66770000 - 0x00007fff66939000 	C:\WINDOWS\System32\USER32.dll
0x00007fff3b980000 - 0x00007fff3bc10000 	C:\WINDOWS\WinSxS\amd64_microsoft.windows.common-controls_6595b64144ccf1df_6.0.26100.3037_none_3e09262ce333c378\COMCTL32.dll
0x00007fff64ee0000 - 0x00007fff64f07000 	C:\WINDOWS\System32\win32u.dll
0x00007fff66f20000 - 0x00007fff66fc9000 	C:\WINDOWS\System32\msvcrt.dll
0x00007fff67370000 - 0x00007fff6739a000 	C:\WINDOWS\System32\GDI32.dll
0x00007fff650f0000 - 0x00007fff6521b000 	C:\WINDOWS\System32\gdi32full.dll
0x00007fff64fa0000 - 0x00007fff65043000 	C:\WINDOWS\System32\msvcp_win.dll
0x00007fff66940000 - 0x00007fff6696f000 	C:\WINDOWS\System32\IMM32.DLL
0x00007fff5bbc0000 - 0x00007fff5bbcc000 	c:\Users\Fer\.vscode\extensions\redhat.java-1.41.2025031208-win32-x64\jre\21.0.6-win32-x86_64\bin\vcruntime140_1.dll
0x00007fff1c360000 - 0x00007fff1c3ed000 	c:\Users\Fer\.vscode\extensions\redhat.java-1.41.2025031208-win32-x64\jre\21.0.6-win32-x86_64\bin\msvcp140.dll
0x00007ffee0520000 - 0x00007ffee12b0000 	c:\Users\Fer\.vscode\extensions\redhat.java-1.41.2025031208-win32-x64\jre\21.0.6-win32-x86_64\bin\server\jvm.dll
0x00007fff65930000 - 0x00007fff659e4000 	C:\WINDOWS\System32\ADVAPI32.dll
0x00007fff65790000 - 0x00007fff65836000 	C:\WINDOWS\System32\sechost.dll
0x00007fff66650000 - 0x00007fff66766000 	C:\WINDOWS\System32\RPCRT4.dll
0x00007fff659f0000 - 0x00007fff65a64000 	C:\WINDOWS\System32\WS2_32.dll
0x00007fff63b70000 - 0x00007fff63bbe000 	C:\WINDOWS\SYSTEM32\POWRPROF.dll
0x00007fff53b20000 - 0x00007fff53b56000 	C:\WINDOWS\SYSTEM32\WINMM.dll
0x00007fff5d440000 - 0x00007fff5d44b000 	C:\WINDOWS\SYSTEM32\VERSION.dll
0x00007fff63ac0000 - 0x00007fff63ad4000 	C:\WINDOWS\SYSTEM32\UMPDC.dll
0x00007fff635b0000 - 0x00007fff635ca000 	C:\WINDOWS\SYSTEM32\kernel.appcore.dll
0x00007fff5bb10000 - 0x00007fff5bb1a000 	c:\Users\Fer\.vscode\extensions\redhat.java-1.41.2025031208-win32-x64\jre\21.0.6-win32-x86_64\bin\jimage.dll
0x00007fff61f40000 - 0x00007fff62181000 	C:\WINDOWS\SYSTEM32\DBGHELP.DLL
0x00007fff66fe0000 - 0x00007fff6735e000 	C:\WINDOWS\System32\combase.dll
0x00007fff65850000 - 0x00007fff65926000 	C:\WINDOWS\System32\OLEAUT32.dll
0x00007ffef01e0000 - 0x00007ffef0219000 	C:\WINDOWS\SYSTEM32\dbgcore.DLL
0x00007fff65050000 - 0x00007fff650e9000 	C:\WINDOWS\System32\bcryptPrimitives.dll
0x00007fff61370000 - 0x00007fff6137f000 	c:\Users\Fer\.vscode\extensions\redhat.java-1.41.2025031208-win32-x64\jre\21.0.6-win32-x86_64\bin\instrument.dll
0x00007fff26f10000 - 0x00007fff26f2f000 	c:\Users\Fer\.vscode\extensions\redhat.java-1.41.2025031208-win32-x64\jre\21.0.6-win32-x86_64\bin\java.dll
0x00007fff65c40000 - 0x00007fff66344000 	C:\WINDOWS\System32\SHELL32.dll
0x00007fff624c0000 - 0x00007fff62cf7000 	C:\WINDOWS\SYSTEM32\windows.storage.dll
0x00007fff66e30000 - 0x00007fff66f19000 	C:\WINDOWS\System32\SHCORE.dll
0x00007fff66450000 - 0x00007fff664ad000 	C:\WINDOWS\System32\shlwapi.dll
0x00007fff64690000 - 0x00007fff646be000 	C:\WINDOWS\SYSTEM32\profapi.dll
0x00007fff512e0000 - 0x00007fff512f8000 	c:\Users\Fer\.vscode\extensions\redhat.java-1.41.2025031208-win32-x64\jre\21.0.6-win32-x86_64\bin\zip.dll
0x00007fff512d0000 - 0x00007fff512e0000 	C:\Users\Fer\.vscode\extensions\redhat.java-1.41.2025031208-win32-x64\jre\21.0.6-win32-x86_64\bin\net.dll
0x00007fff5c920000 - 0x00007fff5ca3e000 	C:\WINDOWS\SYSTEM32\WINHTTP.dll
0x00007fff63bd0000 - 0x00007fff63c3a000 	C:\WINDOWS\system32\mswsock.dll
0x00007fff26ec0000 - 0x00007fff26ed6000 	C:\Users\Fer\.vscode\extensions\redhat.java-1.41.2025031208-win32-x64\jre\21.0.6-win32-x86_64\bin\nio.dll
0x00007fff55680000 - 0x00007fff55690000 	c:\Users\Fer\.vscode\extensions\redhat.java-1.41.2025031208-win32-x64\jre\21.0.6-win32-x86_64\bin\verify.dll
0x00007fff1e130000 - 0x00007fff1e175000 	C:\Users\Fer\AppData\Roaming\Code\User\globalStorage\redhat.java\1.41.2025031208\config_win\org.eclipse.equinox.launcher\org.eclipse.equinox.launcher.win32.win32.x86_64_1.2.1200.v20250212-0927\eclipse_11909.dll
0x00007fff664b0000 - 0x00007fff66645000 	C:\WINDOWS\System32\ole32.dll
0x00007fff63e70000 - 0x00007fff63e8c000 	C:\WINDOWS\SYSTEM32\CRYPTSP.dll
0x00007fff63510000 - 0x00007fff63548000 	C:\WINDOWS\system32\rsaenh.dll
0x00007fff63c70000 - 0x00007fff63c9b000 	C:\WINDOWS\SYSTEM32\USERENV.dll
0x00007fff64040000 - 0x00007fff64066000 	C:\WINDOWS\SYSTEM32\bcrypt.dll
0x00007fff63e90000 - 0x00007fff63e9c000 	C:\WINDOWS\SYSTEM32\CRYPTBASE.dll
0x00007fff62ff0000 - 0x00007fff63022000 	C:\WINDOWS\SYSTEM32\IPHLPAPI.DLL
0x00007fff66fd0000 - 0x00007fff66fda000 	C:\WINDOWS\System32\NSI.dll
0x00007fff1e090000 - 0x00007fff1e0d9000 	C:\Users\Fer\AppData\Local\Temp\jna-70515\jna12166681146318259464.dll
0x00007fff65320000 - 0x00007fff65328000 	C:\WINDOWS\System32\PSAPI.DLL
0x00007fff5cbd0000 - 0x00007fff5cbef000 	C:\WINDOWS\SYSTEM32\dhcpcsvc6.DLL
0x00007fff5c4f0000 - 0x00007fff5c515000 	C:\WINDOWS\SYSTEM32\dhcpcsvc.DLL

dbghelp: loaded successfully - version: 4.0.5 - missing functions: none
symbol engine: initialized successfully - sym options: 0x614 - pdb path: .;c:\Users\Fer\.vscode\extensions\redhat.java-1.41.2025031208-win32-x64\jre\21.0.6-win32-x86_64\bin;C:\WINDOWS\SYSTEM32;C:\WINDOWS\WinSxS\amd64_microsoft.windows.common-controls_6595b64144ccf1df_6.0.26100.3037_none_3e09262ce333c378;c:\Users\Fer\.vscode\extensions\redhat.java-1.41.2025031208-win32-x64\jre\21.0.6-win32-x86_64\bin\server;C:\Users\Fer\AppData\Roaming\Code\User\globalStorage\redhat.java\1.41.2025031208\config_win\org.eclipse.equinox.launcher\org.eclipse.equinox.launcher.win32.win32.x86_64_1.2.1200.v20250212-0927;C:\Users\Fer\AppData\Local\Temp\jna-70515

VM Arguments:
jvm_args: --add-modules=ALL-SYSTEM --add-opens=java.base/java.util=ALL-UNNAMED --add-opens=java.base/java.lang=ALL-UNNAMED --add-opens=java.base/sun.nio.fs=ALL-UNNAMED -Declipse.application=org.eclipse.jdt.ls.core.id1 -Dosgi.bundles.defaultStartLevel=4 -Declipse.product=org.eclipse.jdt.ls.core.product -Djava.import.generatesMetadataFilesAtProjectRoot=false -DDetectVMInstallationsJob.disabled=true -Dfile.encoding=utf8 -XX:+UseParallelGC -XX:GCTimeRatio=4 -XX:AdaptiveSizePolicyWeight=90 -Dsun.zip.disableMemoryMapping=true -Xmx1G -Xms100m -Xlog:disable -javaagent:c:\Users\Fer\.vscode\extensions\redhat.java-1.41.2025031208-win32-x64\lombok\lombok-1.18.36.jar -XX:+HeapDumpOnOutOfMemoryError -XX:HeapDumpPath=c:\Users\Fer\AppData\Roaming\Code\User\workspaceStorage\398de21c129474aaeb59c0a7e6288a23\redhat.java -Daether.dependencyCollector.impl=bf 
java_command: c:\Users\Fer\.vscode\extensions\redhat.java-1.41.2025031208-win32-x64\server\plugins\org.eclipse.equinox.launcher_1.6.1100.v20250306-0509.jar -configuration c:\Users\Fer\AppData\Roaming\Code\User\globalStorage\redhat.java\1.41.2025031208\config_win -data c:\Users\Fer\AppData\Roaming\Code\User\workspaceStorage\398de21c129474aaeb59c0a7e6288a23\redhat.java\jdt_ws --pipe=\\.\pipe\lsp-f1f3acda3b8ac2c6a5063681ea85395e-sock
java_class_path (initial): c:\Users\Fer\.vscode\extensions\redhat.java-1.41.2025031208-win32-x64\server\plugins\org.eclipse.equinox.launcher_1.6.1100.v20250306-0509.jar
Launcher Type: SUN_STANDARD

[Global flags]
    uintx AdaptiveSizePolicyWeight                 = 90                                        {product} {command line}
     intx CICompilerCount                          = 4                                         {product} {ergonomic}
    uintx GCTimeRatio                              = 4                                         {product} {command line}
     bool HeapDumpOnOutOfMemoryError               = true                                   {manageable} {command line}
    ccstr HeapDumpPath                             = c:\Users\Fer\AppData\Roaming\Code\User\workspaceStorage\398de21c129474aaeb59c0a7e6288a23\redhat.java         {manageable} {command line}
   size_t InitialHeapSize                          = 104857600                                 {product} {command line}
   size_t MaxHeapSize                              = 1073741824                                {product} {command line}
   size_t MaxNewSize                               = 357564416                                 {product} {ergonomic}
   size_t MinHeapDeltaBytes                        = 524288                                    {product} {ergonomic}
   size_t MinHeapSize                              = 104857600                                 {product} {command line}
   size_t NewSize                                  = 34603008                                  {product} {ergonomic}
    uintx NonNMethodCodeHeapSize                   = 5839372                                {pd product} {ergonomic}
    uintx NonProfiledCodeHeapSize                  = 122909434                              {pd product} {ergonomic}
   size_t OldSize                                  = 70254592                                  {product} {ergonomic}
    uintx ProfiledCodeHeapSize                     = 122909434                              {pd product} {ergonomic}
    uintx ReservedCodeCacheSize                    = 251658240                              {pd product} {ergonomic}
     bool SegmentedCodeCache                       = true                                      {product} {ergonomic}
   size_t SoftMaxHeapSize                          = 1073741824                             {manageable} {ergonomic}
     bool UseCompressedOops                        = true                           {product lp64_product} {ergonomic}
     bool UseLargePagesIndividualAllocation        = false                                  {pd product} {ergonomic}
     bool UseParallelGC                            = true                                      {product} {command line}

Logging:
Log output configuration:
 #0: stdout all=off uptime,level,tags foldmultilines=false
 #1: stderr all=off uptime,level,tags foldmultilines=false

Environment Variables:
PATH=C:\Program Files\sap\hdbclient;C:\Program Files\Common Files\Oracle\Java\javapath;C:\Program Files (x86)\Common Files\Oracle\Java\java8path;C:\Program Files (x86)\Common Files\Oracle\Java\javapath;C:\Windows\system32;C:\Windows;C:\Windows\System32\Wbem;C:\Windows\System32\WindowsPowerShell\v1.0\;C:\Windows\System32\OpenSSH\;C:\Program Files (x86)\Microsoft SQL Server\160\DTS\Binn\;C:\Program Files\Azure Data Studio\bin;C:\Program Files\Microsoft SQL Server\Client SDK\ODBC\170\Tools\Binn\;C:\Program Files (x86)\Microsoft SQL Server\150\Tools\Binn\;C:\Program Files\Microsoft SQL Server\150\Tools\Binn\;C:\Program Files\Microsoft SQL Server\150\DTS\Binn\;C:\Program Files\nodejs\;C:\apache-maven-3.9.9\bin;C:\Program Files\Git\cmd;C:\WINDOWS\system32;C:\WINDOWS;C:\WINDOWS\System32\Wbem;C:\WINDOWS\System32\WindowsPowerShell\v1.0\;C:\WINDOWS\System32\OpenSSH\;C:\Users\Fer\AppData\Local\Microsoft\WindowsApps;C:\Users\Fer\AppData\Local\Programs\Microsoft VS Code\bin;C:\Users\Fer\AppData\Local\GitHubDesktop\bin;C:\Program Files\Azure Data Studio\bin;C:\Users\Fer\AppData\Roaming\npm;
USERNAME=Fer
OS=Windows_NT
PROCESSOR_IDENTIFIER=Intel64 Family 6 Model 126 Stepping 5, GenuineIntel
TMP=C:\Users\Fer\AppData\Local\Temp
TEMP=C:\Users\Fer\AppData\Local\Temp




Periodic native trim disabled

---------------  S Y S T E M  ---------------

OS:
 Windows 11 , 64 bit Build 26100 (10.0.26100.3037)
OS uptime: 0 days 22:16 hours

CPU: total 8 (initial active 8) (4 cores per cpu, 2 threads per core) family 6 model 126 stepping 5 microcode 0xc2, cx8, cmov, fxsr, ht, mmx, 3dnowpref, sse, sse2, sse3, ssse3, sse4.1, sse4.2, popcnt, lzcnt, tsc, tscinvbit, avx, avx2, aes, erms, clmul, bmi1, bmi2, adx, avx512f, avx512dq, avx512cd, avx512bw, avx512vl, sha, fma, vzeroupper, avx512_vpopcntdq, avx512_vpclmulqdq, avx512_vaes, avx512_vnni, clflush, clflushopt, avx512_vbmi2, avx512_vbmi, rdtscp, rdpid, fsrm, gfni, avx512_bitalg, f16c, pku, avx512_ifma
Processor Information for the first 8 processors :
  Max Mhz: 1498, Current Mhz: 1298, Mhz Limit: 1288

Memory: 4k page, system-wide physical 7959M (501M free)
TotalPageFile size 32535M (AvailPageFile size 45M)
current process WorkingSet (physical memory assigned to process): 309M, peak: 311M
current process commit charge ("private bytes"): 349M, peak: 350M

vm_info: OpenJDK 64-Bit Server VM (21.0.6+7-LTS) for windows-amd64 JRE (21.0.6+7-LTS), built on 2025-01-21T00:00:00Z by "admin" with MS VC++ 17.7 (VS2022)

END.
