#
# There is insufficient memory for the Java Runtime Environment to continue.
# Native memory allocation (malloc) failed to allocate 1030576 bytes for Chunk::new
# Possible reasons:
#   The system is out of physical RAM or swap space
#   The process is running with CompressedOops enabled, and the Java Heap may be blocking the growth of the native heap
# Possible solutions:
#   Reduce memory load on the system
#   Increase physical memory or swap space
#   Check if swap backing store is full
#   Decrease Java heap size (-Xmx/-Xms)
#   Decrease number of Java threads
#   Decrease Java thread stack sizes (-Xss)
#   Set larger code cache with -XX:ReservedCodeCacheSize=
#   JVM is running with Zero Based Compressed Oops mode in which the Java heap is
#     placed in the first 32GB address space. The Java Heap base address is the
#     maximum limit for the native heap growth. Please use -XX:HeapBaseMinAddress
#     to set the Java Heap base and to place the Java Heap above 32GB virtual address.
# This output file may be truncated or incomplete.
#
#  Out of Memory Error (arena.cpp:189), pid=13016, tid=24536
#
# JRE version: Java(TM) SE Runtime Environment (17.0.15+9) (build 17.0.15+9-LTS-241)
# Java VM: Java HotSpot(TM) 64-Bit Server VM (17.0.15+9-LTS-241, mixed mode, sharing, tiered, compressed oops, compressed class ptrs, g1 gc, windows-amd64)
# No core dump will be written. Minidumps are not enabled by default on client versions of Windows
#

---------------  S U M M A R Y ------------

Command Line: -XX:+ShowCodeDetailsInExceptionMessages -Dspring.jmx.enabled=true -Dmanagement.endpoints.jmx.exposure.include=* -Dspring.application.admin.enabled=true -Dspring.boot.project.name=com.manamer.sellout.business-sellout -Djava.rmi.server.hostname=localhost -Dcom.sun.management.jmxremote.port=45559 -Dcom.sun.management.jmxremote.authenticate=false -Dcom.sun.management.jmxremote.ssl=false com.manamer.backend.business.sellout.SelloutApplication

Host: 11th Gen Intel(R) Core(TM) i7-1165G7 @ 2.80GHz, 8 cores, 39G,  Windows 11 , 64 bit Build 26100 (10.0.26100.4768)
Time: Fri Aug 15 14:25:14 2025 Hora est. Pacífico, Sudamérica elapsed time: 5107.712764 seconds (0d 1h 25m 7s)

---------------  T H R E A D  ---------------

Current thread (0x000001a96788faf0):  JavaThread "C2 CompilerThread0" daemon [_thread_in_native, id=24536, stack(0x0000002a2fc00000,0x0000002a2fd00000)]


Current CompileTask:
C2:5107713 15637   !   4       java.lang.reflect.Executable::declaredAnnotations (85 bytes)

Stack: [0x0000002a2fc00000,0x0000002a2fd00000]
Native frames: (J=compiled Java code, j=interpreted, Vv=VM code, C=native code)
V  [jvm.dll+0x67a46a]
V  [jvm.dll+0x7da6ad]
V  [jvm.dll+0x7dbff3]
V  [jvm.dll+0x7dc663]
V  [jvm.dll+0x24523f]
V  [jvm.dll+0xab763]
V  [jvm.dll+0xabd2c]
V  [jvm.dll+0x2aa6df]
V  [jvm.dll+0x5822c9]
V  [jvm.dll+0x21f5d2]
V  [jvm.dll+0x21f9cf]
V  [jvm.dll+0x218c50]
V  [jvm.dll+0x215d15]
V  [jvm.dll+0x1a2a00]
V  [jvm.dll+0x2262bb]
V  [jvm.dll+0x22445b]
V  [jvm.dll+0x790acc]
V  [jvm.dll+0x78b0ba]
V  [jvm.dll+0x679355]
C  [ucrtbase.dll+0x37b0]
C  [KERNEL32.DLL+0x2e8d7]
C  [ntdll.dll+0x3c34c]


---------------  P R O C E S S  ---------------

Threads class SMR info:
_java_thread_list=0x000001a9b3f2a220, length=45, elements={
0x000001a967875420, 0x000001a967876a50, 0x000001a96788b400, 0x000001a96788dcd0,
0x000001a96788e590, 0x000001a96788ee50, 0x000001a96788faf0, 0x000001a9678995a0,
0x000001a9678aa210, 0x000001a96a1b1420, 0x000001a96a339650, 0x000001a96a52afd0,
0x000001a96acc8cf0, 0x000001a9b03620e0, 0x000001a9b0c70530, 0x000001a9b10c11d0,
0x000001a9b0693360, 0x000001a9b1dc42a0, 0x000001a9b1dc55e0, 0x000001a9b1dc4770,
0x000001a9b1dc72c0, 0x000001a9b1dc8130, 0x000001a9b1dc8fa0, 0x000001a9b1dcb620,
0x000001a9b1dc9e10, 0x000001a9b1dc8ad0, 0x000001a9b1dcac80, 0x000001a9b0693830,
0x000001a9b0693d00, 0x000001a9b5a6cbf0, 0x000001a9b5a6b3e0, 0x000001a9b5a6c720,
0x000001a9b5a6a0a0, 0x000001a9b5a69bd0, 0x000001a9b5a6a570, 0x000001a9b5a6d0c0,
0x000001a9b5a6af10, 0x000001a9b5a69700, 0x000001a9b5a6bd80, 0x000001a9b5a6d590,
0x000001a9b5a6e400, 0x000001a9b5a6b8b0, 0x000001a9b5a6aa40, 0x000001a9b5a6e8d0,
0x000001a9b2362560
}

Java Threads: ( => current thread )
  0x000001a967875420 JavaThread "Reference Handler" daemon [_thread_blocked, id=4284, stack(0x0000002a2f600000,0x0000002a2f700000)]
  0x000001a967876a50 JavaThread "Finalizer" daemon [_thread_blocked, id=7580, stack(0x0000002a2f700000,0x0000002a2f800000)]
  0x000001a96788b400 JavaThread "Signal Dispatcher" daemon [_thread_blocked, id=23824, stack(0x0000002a2f800000,0x0000002a2f900000)]
  0x000001a96788dcd0 JavaThread "Attach Listener" daemon [_thread_blocked, id=22956, stack(0x0000002a2f900000,0x0000002a2fa00000)]
  0x000001a96788e590 JavaThread "Service Thread" daemon [_thread_blocked, id=22236, stack(0x0000002a2fa00000,0x0000002a2fb00000)]
  0x000001a96788ee50 JavaThread "Monitor Deflation Thread" daemon [_thread_blocked, id=4896, stack(0x0000002a2fb00000,0x0000002a2fc00000)]
=>0x000001a96788faf0 JavaThread "C2 CompilerThread0" daemon [_thread_in_native, id=24536, stack(0x0000002a2fc00000,0x0000002a2fd00000)]
  0x000001a9678995a0 JavaThread "C1 CompilerThread0" daemon [_thread_blocked, id=23780, stack(0x0000002a2fd00000,0x0000002a2fe00000)]
  0x000001a9678aa210 JavaThread "Sweeper thread" daemon [_thread_blocked, id=18152, stack(0x0000002a2fe00000,0x0000002a2ff00000)]
  0x000001a96a1b1420 JavaThread "Common-Cleaner" daemon [_thread_blocked, id=9500, stack(0x0000002a2ff00000,0x0000002a30000000)]
  0x000001a96a339650 JavaThread "Notification Thread" daemon [_thread_blocked, id=23792, stack(0x0000002a30000000,0x0000002a30100000)]
  0x000001a96a52afd0 JavaThread "RMI TCP Accept-0" daemon [_thread_in_native, id=23588, stack(0x0000002a30200000,0x0000002a30300000)]
  0x000001a96acc8cf0 JavaThread "RMI TCP Accept-45559" daemon [_thread_in_native, id=10420, stack(0x0000002a30300000,0x0000002a30400000)]
  0x000001a9b03620e0 JavaThread "RMI TCP Accept-0" daemon [_thread_in_native, id=24296, stack(0x0000002a30400000,0x0000002a30500000)]
  0x000001a9b0c70530 JavaThread "RMI TCP Connection(3)-127.0.0.1" daemon [_thread_in_native, id=20760, stack(0x0000002a31100000,0x0000002a31200000)]
  0x000001a9b10c11d0 JavaThread "RMI Scheduler(0)" daemon [_thread_blocked, id=19772, stack(0x0000002a31200000,0x0000002a31300000)]
  0x000001a9b0693360 JavaThread "JMX server connection timeout 25" daemon [_thread_blocked, id=12936, stack(0x0000002a31400000,0x0000002a31500000)]
  0x000001a9b1dc42a0 JavaThread "Catalina-utility-1" [_thread_blocked, id=10712, stack(0x0000002a31600000,0x0000002a31700000)]
  0x000001a9b1dc55e0 JavaThread "Catalina-utility-2" [_thread_blocked, id=24104, stack(0x0000002a31700000,0x0000002a31800000)]
  0x000001a9b1dc4770 JavaThread "container-0" [_thread_blocked, id=12120, stack(0x0000002a31800000,0x0000002a31900000)]
  0x000001a9b1dc72c0 JavaThread "HikariPool-1 housekeeper" daemon [_thread_blocked, id=5332, stack(0x0000002a31b00000,0x0000002a31c00000)]
  0x000001a9b1dc8130 JavaThread "spring.cloud.inetutils" daemon [_thread_blocked, id=17236, stack(0x0000002a30100000,0x0000002a30200000)]
  0x000001a9b1dc8fa0 JavaThread "File Watcher" daemon [_thread_blocked, id=20992, stack(0x0000002a31d00000,0x0000002a31e00000)]
  0x000001a9b1dcb620 JavaThread "AsyncResolver-bootstrap-0" daemon [_thread_blocked, id=15352, stack(0x0000002a31e00000,0x0000002a31f00000)]
  0x000001a9b1dc9e10 JavaThread "idle-connection-evictor-1" daemon [_thread_blocked, id=5528, stack(0x0000002a31f00000,0x0000002a32000000)]
  0x000001a9b1dc8ad0 JavaThread "DiscoveryClient-0" daemon [_thread_blocked, id=19488, stack(0x0000002a32000000,0x0000002a32100000)]
  0x000001a9b1dcac80 JavaThread "DiscoveryClient-1" daemon [_thread_blocked, id=6444, stack(0x0000002a32100000,0x0000002a32200000)]
  0x000001a9b0693830 JavaThread "DiscoveryClient-InstanceInfoReplicator-0" daemon [_thread_blocked, id=21940, stack(0x0000002a32200000,0x0000002a32300000)]
  0x000001a9b0693d00 JavaThread "http-nio-8092-exec-1" daemon [_thread_blocked, id=11748, stack(0x0000002a32300000,0x0000002a32400000)]
  0x000001a9b5a6cbf0 JavaThread "http-nio-8092-exec-2" daemon [_thread_blocked, id=23704, stack(0x0000002a32400000,0x0000002a32500000)]
  0x000001a9b5a6b3e0 JavaThread "http-nio-8092-exec-3" daemon [_thread_blocked, id=10148, stack(0x0000002a32500000,0x0000002a32600000)]
  0x000001a9b5a6c720 JavaThread "http-nio-8092-exec-4" daemon [_thread_blocked, id=21472, stack(0x0000002a32600000,0x0000002a32700000)]
  0x000001a9b5a6a0a0 JavaThread "http-nio-8092-exec-5" daemon [_thread_blocked, id=13812, stack(0x0000002a32700000,0x0000002a32800000)]
  0x000001a9b5a69bd0 JavaThread "http-nio-8092-exec-6" daemon [_thread_blocked, id=24288, stack(0x0000002a32800000,0x0000002a32900000)]
  0x000001a9b5a6a570 JavaThread "http-nio-8092-exec-7" daemon [_thread_blocked, id=17400, stack(0x0000002a32900000,0x0000002a32a00000)]
  0x000001a9b5a6d0c0 JavaThread "http-nio-8092-exec-8" daemon [_thread_blocked, id=19648, stack(0x0000002a32a00000,0x0000002a32b00000)]
  0x000001a9b5a6af10 JavaThread "http-nio-8092-exec-9" daemon [_thread_blocked, id=2928, stack(0x0000002a32b00000,0x0000002a32c00000)]
  0x000001a9b5a69700 JavaThread "http-nio-8092-exec-10" daemon [_thread_blocked, id=21612, stack(0x0000002a32c00000,0x0000002a32d00000)]
  0x000001a9b5a6bd80 JavaThread "http-nio-8092-Poller" daemon [_thread_in_native, id=22588, stack(0x0000002a32d00000,0x0000002a32e00000)]
  0x000001a9b5a6d590 JavaThread "http-nio-8092-Acceptor" daemon [_thread_in_native, id=23412, stack(0x0000002a32e00000,0x0000002a32f00000)]
  0x000001a9b5a6e400 JavaThread "DestroyJavaVM" [_thread_blocked, id=7992, stack(0x0000002a2ef00000,0x0000002a2f000000)]
  0x000001a9b5a6b8b0 JavaThread "DiscoveryClient-CacheRefreshExecutor-0" daemon [_thread_blocked, id=24452, stack(0x0000002a31000000,0x0000002a31100000)]
  0x000001a9b5a6aa40 JavaThread "DiscoveryClient-HeartbeatExecutor-0" daemon [_thread_blocked, id=19472, stack(0x0000002a31c00000,0x0000002a31d00000)]
  0x000001a9b5a6e8d0 JavaThread "AsyncResolver-bootstrap-executor-0" daemon [_thread_blocked, id=24392, stack(0x0000002a33100000,0x0000002a33200000)]
  0x000001a9b2362560 JavaThread "mssql-jdbc-shared-timer-core-2" daemon [_thread_blocked, id=22348, stack(0x0000002a33200000,0x0000002a33300000)]

Other Threads:
  0x000001a96786e750 VMThread "VM Thread" [stack: 0x0000002a2f500000,0x0000002a2f600000] [id=24284]
  0x000001a93905a2e0 WatcherThread [stack: 0x0000002a30500000,0x0000002a30600000] [id=18220]
  0x000001a939105a20 GCTaskThread "GC Thread#0" [stack: 0x0000002a2f000000,0x0000002a2f100000] [id=22824]
  0x000001a9b078db50 GCTaskThread "GC Thread#1" [stack: 0x0000002a30600000,0x0000002a30700000] [id=19916]
  0x000001a9b078de10 GCTaskThread "GC Thread#2" [stack: 0x0000002a30700000,0x0000002a30800000] [id=23796]
  0x000001a9b078e0d0 GCTaskThread "GC Thread#3" [stack: 0x0000002a30800000,0x0000002a30900000] [id=23676]
  0x000001a9b078e390 GCTaskThread "GC Thread#4" [stack: 0x0000002a30900000,0x0000002a30a00000] [id=24108]
  0x000001a9b078ea60 GCTaskThread "GC Thread#5" [stack: 0x0000002a30a00000,0x0000002a30b00000] [id=4340]
  0x000001a9b078ed20 GCTaskThread "GC Thread#6" [stack: 0x0000002a30b00000,0x0000002a30c00000] [id=24360]
  0x000001a9b05ea680 GCTaskThread "GC Thread#7" [stack: 0x0000002a30c00000,0x0000002a30d00000] [id=7184]
  0x000001a93910dfe0 ConcurrentGCThread "G1 Main Marker" [stack: 0x0000002a2f100000,0x0000002a2f200000] [id=15428]
  0x000001a93910e900 ConcurrentGCThread "G1 Conc#0" [stack: 0x0000002a2f200000,0x0000002a2f300000] [id=20168]
  0x000001a9b1cf1480 ConcurrentGCThread "G1 Conc#1" [stack: 0x0000002a31500000,0x0000002a31600000] [id=17852]
  0x000001a9677a97c0 ConcurrentGCThread "G1 Refine#0" [stack: 0x0000002a2f300000,0x0000002a2f400000] [id=21844]
  0x000001a9b05ea940 ConcurrentGCThread "G1 Refine#1" [stack: 0x0000002a30d00000,0x0000002a30e00000] [id=1264]
  0x000001a9b36b63b0 ConcurrentGCThread "G1 Refine#2" [stack: 0x0000002a2ee00000,0x0000002a2ef00000] [id=24824]
  0x000001a9b36b66a0 ConcurrentGCThread "G1 Refine#3" [stack: 0x0000002a2ed00000,0x0000002a2ee00000] [id=20968]
  0x000001a9b36b6990 ConcurrentGCThread "G1 Refine#4" [stack: 0x0000002a30e00000,0x0000002a30f00000] [id=24996]
  0x000001a9b36b7260 ConcurrentGCThread "G1 Refine#5" [stack: 0x0000002a2ec00000,0x0000002a2ed00000] [id=22616]
  0x000001a9b36b6f70 ConcurrentGCThread "G1 Refine#6" [stack: 0x0000002a30f00000,0x0000002a31000000] [id=24796]
  0x000001a9b36b7550 ConcurrentGCThread "G1 Refine#7" [stack: 0x0000002a31300000,0x0000002a31400000] [id=25156]
  0x000001a9677aa100 ConcurrentGCThread "G1 Service" [stack: 0x0000002a2f400000,0x0000002a2f500000] [id=22928]

Threads with active compile tasks:
C2 CompilerThread0  5107754 15637   !   4       java.lang.reflect.Executable::declaredAnnotations (85 bytes)

VM state: not at safepoint (normal execution)

VM Mutex/Monitor currently owned by a thread: None

Heap address: 0x0000000583000000, size: 10192 MB, Compressed Oops mode: Zero based, Oop shift amount: 3

CDS archive(s) mapped at: [0x000001a96b000000-0x000001a96bbd0000-0x000001a96bbd0000), size 12386304, SharedBaseAddress: 0x000001a96b000000, ArchiveRelocationMode: 1.
Compressed class space mapped at: 0x000001a96c000000-0x000001a9ac000000, reserved size: 1073741824
Narrow klass base: 0x000001a96b000000, Narrow klass shift: 0, Narrow klass range: 0x100000000

GC Precious Log:
 CPUs: 8 total, 8 available
 Memory: 40743M
 Large Page Support: Disabled
 NUMA Support: Disabled
 Compressed Oops: Enabled (Zero based)
 Heap Region Size: 8M
 Heap Min Capacity: 8M
 Heap Initial Capacity: 640M
 Heap Max Capacity: 10192M
 Pre-touch: Disabled
 Parallel Workers: 8
 Concurrent Workers: 2
 Concurrent Refinement Workers: 8
 Periodic GC: Disabled

Heap:
 garbage-first heap   total 2416640K, used 1962920K [0x0000000583000000, 0x0000000800000000)
  region size 8192K, 150 young (1228800K), 5 survivors (40960K)
 Metaspace       used 105205K, committed 105984K, reserved 1179648K
  class space    used 13897K, committed 14272K, reserved 1048576K

Heap Regions: E=young(eden), S=young(survivor), O=old, HS=humongous(starts), HC=humongous(continues), CS=collection set, F=free, OA=open archive, CA=closed archive, TAMS=top-at-mark-start (previous, next)
|   0|0x0000000583000000, 0x0000000583800000, 0x0000000583800000|100%| O|  |TAMS 0x0000000583800000, 0x0000000583000000| Untracked 
|   1|0x0000000583800000, 0x0000000584000000, 0x0000000584000000|100%| O|  |TAMS 0x0000000584000000, 0x0000000583800000| Untracked 
|   2|0x0000000584000000, 0x0000000584800000, 0x0000000584800000|100%| O|  |TAMS 0x0000000584800000, 0x0000000584000000| Untracked 
|   3|0x0000000584800000, 0x0000000585000000, 0x0000000585000000|100%| O|  |TAMS 0x0000000585000000, 0x0000000584800000| Untracked 
|   4|0x0000000585000000, 0x0000000585800000, 0x0000000585800000|100%| O|  |TAMS 0x0000000585800000, 0x0000000585000000| Untracked 
|   5|0x0000000585800000, 0x0000000586000000, 0x0000000586000000|100%| O|  |TAMS 0x0000000586000000, 0x0000000585800000| Untracked 
|   6|0x0000000586000000, 0x0000000586800000, 0x0000000586800000|100%| O|  |TAMS 0x0000000586800000, 0x0000000586000000| Untracked 
|   7|0x0000000586800000, 0x0000000587000000, 0x0000000587000000|100%| O|  |TAMS 0x0000000587000000, 0x0000000586800000| Untracked 
|   8|0x0000000587000000, 0x0000000587800000, 0x0000000587800000|100%| O|  |TAMS 0x0000000587800000, 0x0000000587000000| Untracked 
|   9|0x0000000587800000, 0x0000000588000000, 0x0000000588000000|100%| O|  |TAMS 0x0000000588000000, 0x0000000587800000| Untracked 
|  10|0x0000000588000000, 0x0000000588800000, 0x0000000588800000|100%| O|  |TAMS 0x0000000588800000, 0x0000000588000000| Untracked 
|  11|0x0000000588800000, 0x0000000589000000, 0x0000000589000000|100%| O|  |TAMS 0x0000000589000000, 0x0000000588800000| Untracked 
|  12|0x0000000589000000, 0x0000000589800000, 0x0000000589800000|100%| O|  |TAMS 0x0000000589800000, 0x0000000589000000| Untracked 
|  13|0x0000000589800000, 0x000000058a000000, 0x000000058a000000|100%|HS|  |TAMS 0x000000058a000000, 0x0000000589800000| Complete 
|  14|0x000000058a000000, 0x000000058a800000, 0x000000058a800000|100%|HC|  |TAMS 0x000000058a800000, 0x000000058a000000| Complete 
|  15|0x000000058a800000, 0x000000058b000000, 0x000000058b000000|100%|HC|  |TAMS 0x000000058b000000, 0x000000058a800000| Complete 
|  16|0x000000058b000000, 0x000000058b800000, 0x000000058b800000|100%|HC|  |TAMS 0x000000058b800000, 0x000000058b000000| Complete 
|  17|0x000000058b800000, 0x000000058c000000, 0x000000058c000000|100%| O|  |TAMS 0x000000058c000000, 0x000000058b800000| Untracked 
|  18|0x000000058c000000, 0x000000058c800000, 0x000000058c800000|100%| O|  |TAMS 0x000000058c800000, 0x000000058c000000| Untracked 
|  19|0x000000058c800000, 0x000000058d000000, 0x000000058d000000|100%| O|  |TAMS 0x000000058d000000, 0x000000058c800000| Untracked 
|  20|0x000000058d000000, 0x000000058d800000, 0x000000058d800000|100%| O|  |TAMS 0x000000058d800000, 0x000000058d000000| Untracked 
|  21|0x000000058d800000, 0x000000058e000000, 0x000000058e000000|100%| O|  |TAMS 0x000000058e000000, 0x000000058d800000| Untracked 
|  22|0x000000058e000000, 0x000000058e800000, 0x000000058e800000|100%| O|  |TAMS 0x000000058e800000, 0x000000058e000000| Untracked 
|  23|0x000000058e800000, 0x000000058f000000, 0x000000058f000000|100%| O|  |TAMS 0x000000058f000000, 0x000000058e800000| Untracked 
|  24|0x000000058f000000, 0x000000058f800000, 0x000000058f800000|100%| O|  |TAMS 0x000000058f800000, 0x000000058f000000| Untracked 
|  25|0x000000058f800000, 0x0000000590000000, 0x0000000590000000|100%| O|  |TAMS 0x0000000590000000, 0x000000058f800000| Untracked 
|  26|0x0000000590000000, 0x0000000590800000, 0x0000000590800000|100%| O|  |TAMS 0x0000000590800000, 0x0000000590000000| Untracked 
|  27|0x0000000590800000, 0x0000000591000000, 0x0000000591000000|100%| O|  |TAMS 0x0000000591000000, 0x0000000590800000| Untracked 
|  28|0x0000000591000000, 0x0000000591800000, 0x0000000591800000|100%| O|  |TAMS 0x0000000591800000, 0x0000000591000000| Untracked 
|  29|0x0000000591800000, 0x0000000592000000, 0x0000000592000000|100%| O|  |TAMS 0x0000000592000000, 0x0000000591800000| Untracked 
|  30|0x0000000592000000, 0x0000000592800000, 0x0000000592800000|100%| O|  |TAMS 0x0000000592800000, 0x0000000592000000| Untracked 
|  31|0x0000000592800000, 0x0000000593000000, 0x0000000593000000|100%| O|  |TAMS 0x0000000593000000, 0x0000000592800000| Untracked 
|  32|0x0000000593000000, 0x0000000593800000, 0x0000000593800000|100%| O|  |TAMS 0x0000000593800000, 0x0000000593000000| Untracked 
|  33|0x0000000593800000, 0x0000000594000000, 0x0000000594000000|100%| O|  |TAMS 0x0000000594000000, 0x0000000593800000| Untracked 
|  34|0x0000000594000000, 0x0000000594800000, 0x0000000594800000|100%| O|  |TAMS 0x0000000594800000, 0x0000000594000000| Untracked 
|  35|0x0000000594800000, 0x0000000595000000, 0x0000000595000000|100%| O|  |TAMS 0x0000000595000000, 0x0000000594800000| Untracked 
|  36|0x0000000595000000, 0x0000000595800000, 0x0000000595800000|100%| O|  |TAMS 0x0000000595800000, 0x0000000595000000| Untracked 
|  37|0x0000000595800000, 0x0000000596000000, 0x0000000596000000|100%| O|  |TAMS 0x0000000596000000, 0x0000000595800000| Untracked 
|  38|0x0000000596000000, 0x0000000596800000, 0x0000000596800000|100%| O|  |TAMS 0x0000000596800000, 0x0000000596000000| Untracked 
|  39|0x0000000596800000, 0x0000000597000000, 0x0000000597000000|100%| O|  |TAMS 0x0000000597000000, 0x0000000596800000| Untracked 
|  40|0x0000000597000000, 0x0000000597800000, 0x0000000597800000|100%| O|  |TAMS 0x0000000597800000, 0x0000000597000000| Untracked 
|  41|0x0000000597800000, 0x0000000598000000, 0x0000000598000000|100%| O|  |TAMS 0x0000000598000000, 0x0000000597800000| Untracked 
|  42|0x0000000598000000, 0x0000000598800000, 0x0000000598800000|100%| O|  |TAMS 0x0000000598800000, 0x0000000598000000| Untracked 
|  43|0x0000000598800000, 0x0000000599000000, 0x0000000599000000|100%| O|  |TAMS 0x0000000599000000, 0x0000000598800000| Untracked 
|  44|0x0000000599000000, 0x0000000599800000, 0x0000000599800000|100%| O|  |TAMS 0x0000000599800000, 0x0000000599000000| Untracked 
|  45|0x0000000599800000, 0x000000059a000000, 0x000000059a000000|100%| O|  |TAMS 0x000000059a000000, 0x0000000599800000| Untracked 
|  46|0x000000059a000000, 0x000000059a800000, 0x000000059a800000|100%| O|  |TAMS 0x000000059a800000, 0x000000059a000000| Untracked 
|  47|0x000000059a800000, 0x000000059b000000, 0x000000059b000000|100%| O|  |TAMS 0x000000059b000000, 0x000000059a800000| Untracked 
|  48|0x000000059b000000, 0x000000059b800000, 0x000000059b800000|100%| O|  |TAMS 0x000000059b800000, 0x000000059b000000| Untracked 
|  49|0x000000059b800000, 0x000000059c000000, 0x000000059c000000|100%| O|  |TAMS 0x000000059c000000, 0x000000059b800000| Untracked 
|  50|0x000000059c000000, 0x000000059c800000, 0x000000059c800000|100%| O|  |TAMS 0x000000059c800000, 0x000000059c000000| Untracked 
|  51|0x000000059c800000, 0x000000059d000000, 0x000000059d000000|100%| O|  |TAMS 0x000000059d000000, 0x000000059c800000| Untracked 
|  52|0x000000059d000000, 0x000000059d800000, 0x000000059d800000|100%| O|  |TAMS 0x000000059d000000, 0x000000059d000000| Untracked 
|  53|0x000000059d800000, 0x000000059e000000, 0x000000059e000000|100%| O|  |TAMS 0x000000059e000000, 0x000000059d800000| Untracked 
|  54|0x000000059e000000, 0x000000059e800000, 0x000000059e800000|100%| O|  |TAMS 0x000000059e800000, 0x000000059e000000| Untracked 
|  55|0x000000059e800000, 0x000000059f000000, 0x000000059f000000|100%| O|  |TAMS 0x000000059f000000, 0x000000059e800000| Untracked 
|  56|0x000000059f000000, 0x000000059f800000, 0x000000059f800000|100%| O|  |TAMS 0x000000059f730200, 0x000000059f000000| Untracked 
|  57|0x000000059f800000, 0x00000005a0000000, 0x00000005a0000000|100%| O|  |TAMS 0x000000059f800000, 0x000000059f800000| Untracked 
|  58|0x00000005a0000000, 0x00000005a0800000, 0x00000005a0800000|100%| O|  |TAMS 0x00000005a0000000, 0x00000005a0000000| Untracked 
|  59|0x00000005a0800000, 0x00000005a1000000, 0x00000005a1000000|100%| O|  |TAMS 0x00000005a0800000, 0x00000005a0800000| Untracked 
|  60|0x00000005a1000000, 0x00000005a1800000, 0x00000005a1800000|100%| O|  |TAMS 0x00000005a1000000, 0x00000005a1000000| Untracked 
|  61|0x00000005a1800000, 0x00000005a2000000, 0x00000005a2000000|100%| O|  |TAMS 0x00000005a1800000, 0x00000005a1800000| Untracked 
|  62|0x00000005a2000000, 0x00000005a2800000, 0x00000005a2800000|100%| O|  |TAMS 0x00000005a2000000, 0x00000005a2000000| Untracked 
|  63|0x00000005a2800000, 0x00000005a3000000, 0x00000005a3000000|100%| O|  |TAMS 0x00000005a2800000, 0x00000005a2800000| Untracked 
|  64|0x00000005a3000000, 0x00000005a3800000, 0x00000005a3800000|100%| O|  |TAMS 0x00000005a3000000, 0x00000005a3000000| Untracked 
|  65|0x00000005a3800000, 0x00000005a4000000, 0x00000005a4000000|100%| O|  |TAMS 0x00000005a3800000, 0x00000005a3800000| Untracked 
|  66|0x00000005a4000000, 0x00000005a4800000, 0x00000005a4800000|100%| O|  |TAMS 0x00000005a4000000, 0x00000005a4000000| Untracked 
|  67|0x00000005a4800000, 0x00000005a5000000, 0x00000005a5000000|100%| O|  |TAMS 0x00000005a4800000, 0x00000005a4800000| Untracked 
|  68|0x00000005a5000000, 0x00000005a5800000, 0x00000005a5800000|100%| O|  |TAMS 0x00000005a5000000, 0x00000005a5000000| Untracked 
|  69|0x00000005a5800000, 0x00000005a6000000, 0x00000005a6000000|100%| O|  |TAMS 0x00000005a5800000, 0x00000005a5800000| Untracked 
|  70|0x00000005a6000000, 0x00000005a6800000, 0x00000005a6800000|100%| O|  |TAMS 0x00000005a6000000, 0x00000005a6000000| Untracked 
|  71|0x00000005a6800000, 0x00000005a7000000, 0x00000005a7000000|100%| O|  |TAMS 0x00000005a6800000, 0x00000005a6800000| Untracked 
|  72|0x00000005a7000000, 0x00000005a7800000, 0x00000005a7800000|100%| O|  |TAMS 0x00000005a7000000, 0x00000005a7000000| Untracked 
|  73|0x00000005a7800000, 0x00000005a8000000, 0x00000005a8000000|100%| O|  |TAMS 0x00000005a7800000, 0x00000005a7800000| Untracked 
|  74|0x00000005a8000000, 0x00000005a8800000, 0x00000005a8800000|100%| O|  |TAMS 0x00000005a8000000, 0x00000005a8000000| Untracked 
|  75|0x00000005a8800000, 0x00000005a9000000, 0x00000005a9000000|100%| O|  |TAMS 0x00000005a8800000, 0x00000005a8800000| Untracked 
|  76|0x00000005a9000000, 0x00000005a9800000, 0x00000005a9800000|100%| O|  |TAMS 0x00000005a9000000, 0x00000005a9000000| Untracked 
|  77|0x00000005a9800000, 0x00000005aa000000, 0x00000005aa000000|100%| O|  |TAMS 0x00000005a9800000, 0x00000005a9800000| Untracked 
|  78|0x00000005aa000000, 0x00000005aa800000, 0x00000005aa800000|100%| O|  |TAMS 0x00000005aa000000, 0x00000005aa000000| Untracked 
|  79|0x00000005aa800000, 0x00000005ab000000, 0x00000005ab000000|100%| O|  |TAMS 0x00000005aa800000, 0x00000005aa800000| Untracked 
|  80|0x00000005ab000000, 0x00000005ab800000, 0x00000005ab800000|100%| O|  |TAMS 0x00000005ab000000, 0x00000005ab000000| Untracked 
|  81|0x00000005ab800000, 0x00000005ac000000, 0x00000005ac000000|100%| O|  |TAMS 0x00000005ab800000, 0x00000005ab800000| Untracked 
|  82|0x00000005ac000000, 0x00000005ac800000, 0x00000005ac800000|100%|HS|  |TAMS 0x00000005ac000000, 0x00000005ac000000| Complete 
|  83|0x00000005ac800000, 0x00000005ad000000, 0x00000005ad000000|100%|HS|  |TAMS 0x00000005ac800000, 0x00000005ac800000| Complete 
|  84|0x00000005ad000000, 0x00000005ad800000, 0x00000005ad800000|100%|HS|  |TAMS 0x00000005ad000000, 0x00000005ad000000| Complete 
|  85|0x00000005ad800000, 0x00000005ae000000, 0x00000005ae000000|100%|HS|  |TAMS 0x00000005ad800000, 0x00000005ad800000| Complete 
|  86|0x00000005ae000000, 0x00000005ae800000, 0x00000005ae800000|100%|HS|  |TAMS 0x00000005ae000000, 0x00000005ae000000| Complete 
|  87|0x00000005ae800000, 0x00000005af000000, 0x00000005af000000|100%|HS|  |TAMS 0x00000005ae800000, 0x00000005ae800000| Complete 
|  88|0x00000005af000000, 0x00000005af800000, 0x00000005af800000|100%|HS|  |TAMS 0x00000005af000000, 0x00000005af000000| Complete 
|  89|0x00000005af800000, 0x00000005b0000000, 0x00000005b0000000|100%|HS|  |TAMS 0x00000005af800000, 0x00000005af800000| Complete 
|  90|0x00000005b0000000, 0x00000005b0800000, 0x00000005b0800000|100%|HS|  |TAMS 0x00000005b0000000, 0x00000005b0000000| Complete 
|  91|0x00000005b0800000, 0x00000005b1000000, 0x00000005b1000000|100%|HS|  |TAMS 0x00000005b0800000, 0x00000005b0800000| Complete 
|  92|0x00000005b1000000, 0x00000005b1000000, 0x00000005b1800000|  0%| F|  |TAMS 0x00000005b1000000, 0x00000005b1000000| Untracked 
|  93|0x00000005b1800000, 0x00000005b1800000, 0x00000005b2000000|  0%| F|  |TAMS 0x00000005b1800000, 0x00000005b1800000| Untracked 
|  94|0x00000005b2000000, 0x00000005b2000000, 0x00000005b2800000|  0%| F|  |TAMS 0x00000005b2000000, 0x00000005b2000000| Untracked 
|  95|0x00000005b2800000, 0x00000005b2800000, 0x00000005b3000000|  0%| F|  |TAMS 0x00000005b2800000, 0x00000005b2800000| Untracked 
|  96|0x00000005b3000000, 0x00000005b3000000, 0x00000005b3800000|  0%| F|  |TAMS 0x00000005b3000000, 0x00000005b3000000| Untracked 
|  97|0x00000005b3800000, 0x00000005b3800000, 0x00000005b4000000|  0%| F|  |TAMS 0x00000005b3800000, 0x00000005b3800000| Untracked 
|  98|0x00000005b4000000, 0x00000005b4000000, 0x00000005b4800000|  0%| F|  |TAMS 0x00000005b4000000, 0x00000005b4000000| Untracked 
|  99|0x00000005b4800000, 0x00000005b4800000, 0x00000005b5000000|  0%| F|  |TAMS 0x00000005b4800000, 0x00000005b4800000| Untracked 
| 100|0x00000005b5000000, 0x00000005b5000000, 0x00000005b5800000|  0%| F|  |TAMS 0x00000005b5000000, 0x00000005b5000000| Untracked 
| 101|0x00000005b5800000, 0x00000005b5800000, 0x00000005b6000000|  0%| F|  |TAMS 0x00000005b5800000, 0x00000005b5800000| Untracked 
| 102|0x00000005b6000000, 0x00000005b6000000, 0x00000005b6800000|  0%| F|  |TAMS 0x00000005b6000000, 0x00000005b6000000| Untracked 
| 103|0x00000005b6800000, 0x00000005b6800000, 0x00000005b7000000|  0%| F|  |TAMS 0x00000005b6800000, 0x00000005b6800000| Untracked 
| 104|0x00000005b7000000, 0x00000005b7000000, 0x00000005b7800000|  0%| F|  |TAMS 0x00000005b7000000, 0x00000005b7000000| Untracked 
| 105|0x00000005b7800000, 0x00000005b7800000, 0x00000005b8000000|  0%| F|  |TAMS 0x00000005b7800000, 0x00000005b7800000| Untracked 
| 106|0x00000005b8000000, 0x00000005b8000000, 0x00000005b8800000|  0%| F|  |TAMS 0x00000005b8000000, 0x00000005b8000000| Untracked 
| 107|0x00000005b8800000, 0x00000005b8800000, 0x00000005b9000000|  0%| F|  |TAMS 0x00000005b8800000, 0x00000005b8800000| Untracked 
| 108|0x00000005b9000000, 0x00000005b9000000, 0x00000005b9800000|  0%| F|  |TAMS 0x00000005b9000000, 0x00000005b9000000| Untracked 
| 109|0x00000005b9800000, 0x00000005b9800000, 0x00000005ba000000|  0%| F|  |TAMS 0x00000005b9800000, 0x00000005b9800000| Untracked 
| 110|0x00000005ba000000, 0x00000005ba000000, 0x00000005ba800000|  0%| F|  |TAMS 0x00000005ba000000, 0x00000005ba000000| Untracked 
| 111|0x00000005ba800000, 0x00000005ba800000, 0x00000005bb000000|  0%| F|  |TAMS 0x00000005ba800000, 0x00000005ba800000| Untracked 
| 112|0x00000005bb000000, 0x00000005bb000000, 0x00000005bb800000|  0%| F|  |TAMS 0x00000005bb000000, 0x00000005bb000000| Untracked 
| 113|0x00000005bb800000, 0x00000005bb800000, 0x00000005bc000000|  0%| F|  |TAMS 0x00000005bb800000, 0x00000005bb800000| Untracked 
| 114|0x00000005bc000000, 0x00000005bc000000, 0x00000005bc800000|  0%| F|  |TAMS 0x00000005bc000000, 0x00000005bc000000| Untracked 
| 115|0x00000005bc800000, 0x00000005bc800000, 0x00000005bd000000|  0%| F|  |TAMS 0x00000005bc800000, 0x00000005bc800000| Untracked 
| 116|0x00000005bd000000, 0x00000005bd000000, 0x00000005bd800000|  0%| F|  |TAMS 0x00000005bd000000, 0x00000005bd000000| Untracked 
| 117|0x00000005bd800000, 0x00000005bd800000, 0x00000005be000000|  0%| F|  |TAMS 0x00000005bd800000, 0x00000005bd800000| Untracked 
| 118|0x00000005be000000, 0x00000005be000000, 0x00000005be800000|  0%| F|  |TAMS 0x00000005be000000, 0x00000005be000000| Untracked 
| 119|0x00000005be800000, 0x00000005be800000, 0x00000005bf000000|  0%| F|  |TAMS 0x00000005be800000, 0x00000005be800000| Untracked 
| 120|0x00000005bf000000, 0x00000005bf000000, 0x00000005bf800000|  0%| F|  |TAMS 0x00000005bf000000, 0x00000005bf000000| Untracked 
| 121|0x00000005bf800000, 0x00000005bf800000, 0x00000005c0000000|  0%| F|  |TAMS 0x00000005bf800000, 0x00000005bf800000| Untracked 
| 122|0x00000005c0000000, 0x00000005c0000000, 0x00000005c0800000|  0%| F|  |TAMS 0x00000005c0000000, 0x00000005c0000000| Untracked 
| 123|0x00000005c0800000, 0x00000005c0800000, 0x00000005c1000000|  0%| F|  |TAMS 0x00000005c0800000, 0x00000005c0800000| Untracked 
| 124|0x00000005c1000000, 0x00000005c1000000, 0x00000005c1800000|  0%| F|  |TAMS 0x00000005c1000000, 0x00000005c1000000| Untracked 
| 125|0x00000005c1800000, 0x00000005c1800000, 0x00000005c2000000|  0%| F|  |TAMS 0x00000005c1800000, 0x00000005c1800000| Untracked 
| 126|0x00000005c2000000, 0x00000005c2000000, 0x00000005c2800000|  0%| F|  |TAMS 0x00000005c2000000, 0x00000005c2000000| Untracked 
| 127|0x00000005c2800000, 0x00000005c2800000, 0x00000005c3000000|  0%| F|  |TAMS 0x00000005c2800000, 0x00000005c2800000| Untracked 
| 128|0x00000005c3000000, 0x00000005c3000000, 0x00000005c3800000|  0%| F|  |TAMS 0x00000005c3000000, 0x00000005c3000000| Untracked 
| 129|0x00000005c3800000, 0x00000005c3800000, 0x00000005c4000000|  0%| F|  |TAMS 0x00000005c3800000, 0x00000005c3800000| Untracked 
| 130|0x00000005c4000000, 0x00000005c44ea0c0, 0x00000005c4800000| 61%| S|CS|TAMS 0x00000005c4000000, 0x00000005c4000000| Complete 
| 131|0x00000005c4800000, 0x00000005c4800000, 0x00000005c5000000|  0%| F|  |TAMS 0x00000005c4800000, 0x00000005c4800000| Untracked 
| 132|0x00000005c5000000, 0x00000005c5000000, 0x00000005c5800000|  0%| F|  |TAMS 0x00000005c5000000, 0x00000005c5000000| Untracked 
| 133|0x00000005c5800000, 0x00000005c5800000, 0x00000005c6000000|  0%| F|  |TAMS 0x00000005c5800000, 0x00000005c5800000| Untracked 
| 134|0x00000005c6000000, 0x00000005c6800000, 0x00000005c6800000|100%| S|CS|TAMS 0x00000005c6000000, 0x00000005c6000000| Complete 
| 135|0x00000005c6800000, 0x00000005c7000000, 0x00000005c7000000|100%| S|CS|TAMS 0x00000005c6800000, 0x00000005c6800000| Complete 
| 136|0x00000005c7000000, 0x00000005c7800000, 0x00000005c7800000|100%| S|CS|TAMS 0x00000005c7000000, 0x00000005c7000000| Complete 
| 137|0x00000005c7800000, 0x00000005c8000000, 0x00000005c8000000|100%| S|CS|TAMS 0x00000005c7800000, 0x00000005c7800000| Complete 
| 138|0x00000005c8000000, 0x00000005c8000000, 0x00000005c8800000|  0%| F|  |TAMS 0x00000005c8000000, 0x00000005c8000000| Untracked 
| 139|0x00000005c8800000, 0x00000005c8800000, 0x00000005c9000000|  0%| F|  |TAMS 0x00000005c8800000, 0x00000005c8800000| Untracked 
| 140|0x00000005c9000000, 0x00000005c9000000, 0x00000005c9800000|  0%| F|  |TAMS 0x00000005c9000000, 0x00000005c9000000| Untracked 
| 141|0x00000005c9800000, 0x00000005c9800000, 0x00000005ca000000|  0%| F|  |TAMS 0x00000005c9800000, 0x00000005c9800000| Untracked 
| 142|0x00000005ca000000, 0x00000005ca000000, 0x00000005ca800000|  0%| F|  |TAMS 0x00000005ca000000, 0x00000005ca000000| Untracked 
| 143|0x00000005ca800000, 0x00000005ca800000, 0x00000005cb000000|  0%| F|  |TAMS 0x00000005ca800000, 0x00000005ca800000| Untracked 
| 144|0x00000005cb000000, 0x00000005cb000000, 0x00000005cb800000|  0%| F|  |TAMS 0x00000005cb000000, 0x00000005cb000000| Untracked 
| 145|0x00000005cb800000, 0x00000005cb800000, 0x00000005cc000000|  0%| F|  |TAMS 0x00000005cb800000, 0x00000005cb800000| Untracked 
| 146|0x00000005cc000000, 0x00000005cc000000, 0x00000005cc800000|  0%| F|  |TAMS 0x00000005cc000000, 0x00000005cc000000| Untracked 
| 147|0x00000005cc800000, 0x00000005cc800000, 0x00000005cd000000|  0%| F|  |TAMS 0x00000005cc800000, 0x00000005cc800000| Untracked 
| 148|0x00000005cd000000, 0x00000005cd000000, 0x00000005cd800000|  0%| F|  |TAMS 0x00000005cd000000, 0x00000005cd000000| Untracked 
| 149|0x00000005cd800000, 0x00000005cd800000, 0x00000005ce000000|  0%| F|  |TAMS 0x00000005cd800000, 0x00000005cd800000| Untracked 
| 150|0x00000005ce000000, 0x00000005ce0e9ac0, 0x00000005ce800000| 11%| E|  |TAMS 0x00000005ce000000, 0x00000005ce000000| Complete 
| 151|0x00000005ce800000, 0x00000005cf000000, 0x00000005cf000000|100%| E|CS|TAMS 0x00000005ce800000, 0x00000005ce800000| Complete 
| 152|0x00000005cf000000, 0x00000005cf800000, 0x00000005cf800000|100%| E|CS|TAMS 0x00000005cf000000, 0x00000005cf000000| Complete 
| 153|0x00000005cf800000, 0x00000005d0000000, 0x00000005d0000000|100%| E|CS|TAMS 0x00000005cf800000, 0x00000005cf800000| Complete 
| 154|0x00000005d0000000, 0x00000005d0800000, 0x00000005d0800000|100%| E|CS|TAMS 0x00000005d0000000, 0x00000005d0000000| Complete 
| 155|0x00000005d0800000, 0x00000005d1000000, 0x00000005d1000000|100%| E|CS|TAMS 0x00000005d0800000, 0x00000005d0800000| Complete 
| 156|0x00000005d1000000, 0x00000005d1800000, 0x00000005d1800000|100%| E|CS|TAMS 0x00000005d1000000, 0x00000005d1000000| Complete 
| 157|0x00000005d1800000, 0x00000005d2000000, 0x00000005d2000000|100%| E|CS|TAMS 0x00000005d1800000, 0x00000005d1800000| Complete 
| 158|0x00000005d2000000, 0x00000005d2800000, 0x00000005d2800000|100%| E|CS|TAMS 0x00000005d2000000, 0x00000005d2000000| Complete 
| 159|0x00000005d2800000, 0x00000005d3000000, 0x00000005d3000000|100%| E|CS|TAMS 0x00000005d2800000, 0x00000005d2800000| Complete 
| 160|0x00000005d3000000, 0x00000005d3800000, 0x00000005d3800000|100%| E|CS|TAMS 0x00000005d3000000, 0x00000005d3000000| Complete 
| 161|0x00000005d3800000, 0x00000005d4000000, 0x00000005d4000000|100%| E|CS|TAMS 0x00000005d3800000, 0x00000005d3800000| Complete 
| 162|0x00000005d4000000, 0x00000005d4800000, 0x00000005d4800000|100%| E|CS|TAMS 0x00000005d4000000, 0x00000005d4000000| Complete 
| 163|0x00000005d4800000, 0x00000005d5000000, 0x00000005d5000000|100%| E|CS|TAMS 0x00000005d4800000, 0x00000005d4800000| Complete 
| 164|0x00000005d5000000, 0x00000005d5800000, 0x00000005d5800000|100%| E|CS|TAMS 0x00000005d5000000, 0x00000005d5000000| Complete 
| 165|0x00000005d5800000, 0x00000005d6000000, 0x00000005d6000000|100%| E|CS|TAMS 0x00000005d5800000, 0x00000005d5800000| Complete 
| 166|0x00000005d6000000, 0x00000005d6800000, 0x00000005d6800000|100%| E|CS|TAMS 0x00000005d6000000, 0x00000005d6000000| Complete 
| 167|0x00000005d6800000, 0x00000005d7000000, 0x00000005d7000000|100%| E|CS|TAMS 0x00000005d6800000, 0x00000005d6800000| Complete 
| 168|0x00000005d7000000, 0x00000005d7800000, 0x00000005d7800000|100%| E|CS|TAMS 0x00000005d7000000, 0x00000005d7000000| Complete 
| 169|0x00000005d7800000, 0x00000005d8000000, 0x00000005d8000000|100%| E|CS|TAMS 0x00000005d7800000, 0x00000005d7800000| Complete 
| 170|0x00000005d8000000, 0x00000005d8800000, 0x00000005d8800000|100%| E|CS|TAMS 0x00000005d8000000, 0x00000005d8000000| Complete 
| 171|0x00000005d8800000, 0x00000005d9000000, 0x00000005d9000000|100%| E|CS|TAMS 0x00000005d8800000, 0x00000005d8800000| Complete 
| 172|0x00000005d9000000, 0x00000005d9800000, 0x00000005d9800000|100%| E|CS|TAMS 0x00000005d9000000, 0x00000005d9000000| Complete 
| 173|0x00000005d9800000, 0x00000005da000000, 0x00000005da000000|100%| E|CS|TAMS 0x00000005d9800000, 0x00000005d9800000| Complete 
| 174|0x00000005da000000, 0x00000005da800000, 0x00000005da800000|100%| E|CS|TAMS 0x00000005da000000, 0x00000005da000000| Complete 
| 175|0x00000005da800000, 0x00000005db000000, 0x00000005db000000|100%| E|CS|TAMS 0x00000005da800000, 0x00000005da800000| Complete 
| 176|0x00000005db000000, 0x00000005db800000, 0x00000005db800000|100%| E|CS|TAMS 0x00000005db000000, 0x00000005db000000| Complete 
| 177|0x00000005db800000, 0x00000005dc000000, 0x00000005dc000000|100%| E|CS|TAMS 0x00000005db800000, 0x00000005db800000| Complete 
| 178|0x00000005dc000000, 0x00000005dc800000, 0x00000005dc800000|100%| E|CS|TAMS 0x00000005dc000000, 0x00000005dc000000| Complete 
| 179|0x00000005dc800000, 0x00000005dd000000, 0x00000005dd000000|100%| E|CS|TAMS 0x00000005dc800000, 0x00000005dc800000| Complete 
| 180|0x00000005dd000000, 0x00000005dd800000, 0x00000005dd800000|100%| E|CS|TAMS 0x00000005dd000000, 0x00000005dd000000| Complete 
| 181|0x00000005dd800000, 0x00000005de000000, 0x00000005de000000|100%| E|  |TAMS 0x00000005dd800000, 0x00000005dd800000| Complete 
| 182|0x00000005de000000, 0x00000005de800000, 0x00000005de800000|100%| E|CS|TAMS 0x00000005de000000, 0x00000005de000000| Complete 
| 183|0x00000005de800000, 0x00000005df000000, 0x00000005df000000|100%| E|CS|TAMS 0x00000005de800000, 0x00000005de800000| Complete 
| 184|0x00000005df000000, 0x00000005df800000, 0x00000005df800000|100%| E|CS|TAMS 0x00000005df000000, 0x00000005df000000| Complete 
| 185|0x00000005df800000, 0x00000005e0000000, 0x00000005e0000000|100%| E|CS|TAMS 0x00000005df800000, 0x00000005df800000| Complete 
| 186|0x00000005e0000000, 0x00000005e0800000, 0x00000005e0800000|100%| E|CS|TAMS 0x00000005e0000000, 0x00000005e0000000| Complete 
| 187|0x00000005e0800000, 0x00000005e1000000, 0x00000005e1000000|100%| E|CS|TAMS 0x00000005e0800000, 0x00000005e0800000| Complete 
| 188|0x00000005e1000000, 0x00000005e1800000, 0x00000005e1800000|100%| E|CS|TAMS 0x00000005e1000000, 0x00000005e1000000| Complete 
| 189|0x00000005e1800000, 0x00000005e2000000, 0x00000005e2000000|100%| E|CS|TAMS 0x00000005e1800000, 0x00000005e1800000| Complete 
| 190|0x00000005e2000000, 0x00000005e2800000, 0x00000005e2800000|100%| E|CS|TAMS 0x00000005e2000000, 0x00000005e2000000| Complete 
| 191|0x00000005e2800000, 0x00000005e3000000, 0x00000005e3000000|100%| E|CS|TAMS 0x00000005e2800000, 0x00000005e2800000| Complete 
| 192|0x00000005e3000000, 0x00000005e3800000, 0x00000005e3800000|100%| E|CS|TAMS 0x00000005e3000000, 0x00000005e3000000| Complete 
| 193|0x00000005e3800000, 0x00000005e4000000, 0x00000005e4000000|100%| E|CS|TAMS 0x00000005e3800000, 0x00000005e3800000| Complete 
| 194|0x00000005e4000000, 0x00000005e4800000, 0x00000005e4800000|100%| E|CS|TAMS 0x00000005e4000000, 0x00000005e4000000| Complete 
| 195|0x00000005e4800000, 0x00000005e5000000, 0x00000005e5000000|100%| E|CS|TAMS 0x00000005e4800000, 0x00000005e4800000| Complete 
| 196|0x00000005e5000000, 0x00000005e5800000, 0x00000005e5800000|100%| E|CS|TAMS 0x00000005e5000000, 0x00000005e5000000| Complete 
| 197|0x00000005e5800000, 0x00000005e6000000, 0x00000005e6000000|100%| E|CS|TAMS 0x00000005e5800000, 0x00000005e5800000| Complete 
| 198|0x00000005e6000000, 0x00000005e6800000, 0x00000005e6800000|100%| E|CS|TAMS 0x00000005e6000000, 0x00000005e6000000| Complete 
| 199|0x00000005e6800000, 0x00000005e7000000, 0x00000005e7000000|100%| E|CS|TAMS 0x00000005e6800000, 0x00000005e6800000| Complete 
| 200|0x00000005e7000000, 0x00000005e7800000, 0x00000005e7800000|100%| E|CS|TAMS 0x00000005e7000000, 0x00000005e7000000| Complete 
| 201|0x00000005e7800000, 0x00000005e8000000, 0x00000005e8000000|100%| E|CS|TAMS 0x00000005e7800000, 0x00000005e7800000| Complete 
| 202|0x00000005e8000000, 0x00000005e8800000, 0x00000005e8800000|100%| E|CS|TAMS 0x00000005e8000000, 0x00000005e8000000| Complete 
| 203|0x00000005e8800000, 0x00000005e9000000, 0x00000005e9000000|100%| E|CS|TAMS 0x00000005e8800000, 0x00000005e8800000| Complete 
| 204|0x00000005e9000000, 0x00000005e9800000, 0x00000005e9800000|100%| E|CS|TAMS 0x00000005e9000000, 0x00000005e9000000| Complete 
| 205|0x00000005e9800000, 0x00000005ea000000, 0x00000005ea000000|100%| E|CS|TAMS 0x00000005e9800000, 0x00000005e9800000| Complete 
| 206|0x00000005ea000000, 0x00000005ea800000, 0x00000005ea800000|100%| E|CS|TAMS 0x00000005ea000000, 0x00000005ea000000| Complete 
| 207|0x00000005ea800000, 0x00000005eb000000, 0x00000005eb000000|100%| E|CS|TAMS 0x00000005ea800000, 0x00000005ea800000| Complete 
| 208|0x00000005eb000000, 0x00000005eb800000, 0x00000005eb800000|100%| E|CS|TAMS 0x00000005eb000000, 0x00000005eb000000| Complete 
| 209|0x00000005eb800000, 0x00000005ec000000, 0x00000005ec000000|100%| E|CS|TAMS 0x00000005eb800000, 0x00000005eb800000| Complete 
| 210|0x00000005ec000000, 0x00000005ec800000, 0x00000005ec800000|100%| E|CS|TAMS 0x00000005ec000000, 0x00000005ec000000| Complete 
| 211|0x00000005ec800000, 0x00000005ed000000, 0x00000005ed000000|100%| E|CS|TAMS 0x00000005ec800000, 0x00000005ec800000| Complete 
| 212|0x00000005ed000000, 0x00000005ed800000, 0x00000005ed800000|100%| E|CS|TAMS 0x00000005ed000000, 0x00000005ed000000| Complete 
| 213|0x00000005ed800000, 0x00000005ee000000, 0x00000005ee000000|100%| E|CS|TAMS 0x00000005ed800000, 0x00000005ed800000| Complete 
| 214|0x00000005ee000000, 0x00000005ee800000, 0x00000005ee800000|100%| E|CS|TAMS 0x00000005ee000000, 0x00000005ee000000| Complete 
| 215|0x00000005ee800000, 0x00000005ef000000, 0x00000005ef000000|100%| E|CS|TAMS 0x00000005ee800000, 0x00000005ee800000| Complete 
| 216|0x00000005ef000000, 0x00000005ef800000, 0x00000005ef800000|100%| E|CS|TAMS 0x00000005ef000000, 0x00000005ef000000| Complete 
| 217|0x00000005ef800000, 0x00000005f0000000, 0x00000005f0000000|100%| E|CS|TAMS 0x00000005ef800000, 0x00000005ef800000| Complete 
| 218|0x00000005f0000000, 0x00000005f0800000, 0x00000005f0800000|100%| E|CS|TAMS 0x00000005f0000000, 0x00000005f0000000| Complete 
| 219|0x00000005f0800000, 0x00000005f1000000, 0x00000005f1000000|100%| E|CS|TAMS 0x00000005f0800000, 0x00000005f0800000| Complete 
| 220|0x00000005f1000000, 0x00000005f1800000, 0x00000005f1800000|100%| E|CS|TAMS 0x00000005f1000000, 0x00000005f1000000| Complete 
| 221|0x00000005f1800000, 0x00000005f2000000, 0x00000005f2000000|100%| E|CS|TAMS 0x00000005f1800000, 0x00000005f1800000| Complete 
| 222|0x00000005f2000000, 0x00000005f2800000, 0x00000005f2800000|100%| E|CS|TAMS 0x00000005f2000000, 0x00000005f2000000| Complete 
| 223|0x00000005f2800000, 0x00000005f3000000, 0x00000005f3000000|100%| E|CS|TAMS 0x00000005f2800000, 0x00000005f2800000| Complete 
| 224|0x00000005f3000000, 0x00000005f3800000, 0x00000005f3800000|100%| E|CS|TAMS 0x00000005f3000000, 0x00000005f3000000| Complete 
| 225|0x00000005f3800000, 0x00000005f4000000, 0x00000005f4000000|100%| E|CS|TAMS 0x00000005f3800000, 0x00000005f3800000| Complete 
| 226|0x00000005f4000000, 0x00000005f4800000, 0x00000005f4800000|100%| E|CS|TAMS 0x00000005f4000000, 0x00000005f4000000| Complete 
| 227|0x00000005f4800000, 0x00000005f5000000, 0x00000005f5000000|100%| E|CS|TAMS 0x00000005f4800000, 0x00000005f4800000| Complete 
| 228|0x00000005f5000000, 0x00000005f5800000, 0x00000005f5800000|100%| E|CS|TAMS 0x00000005f5000000, 0x00000005f5000000| Complete 
| 229|0x00000005f5800000, 0x00000005f6000000, 0x00000005f6000000|100%| E|CS|TAMS 0x00000005f5800000, 0x00000005f5800000| Complete 
| 230|0x00000005f6000000, 0x00000005f6800000, 0x00000005f6800000|100%| E|CS|TAMS 0x00000005f6000000, 0x00000005f6000000| Complete 
| 231|0x00000005f6800000, 0x00000005f7000000, 0x00000005f7000000|100%| E|CS|TAMS 0x00000005f6800000, 0x00000005f6800000| Complete 
| 232|0x00000005f7000000, 0x00000005f7800000, 0x00000005f7800000|100%| E|CS|TAMS 0x00000005f7000000, 0x00000005f7000000| Complete 
| 233|0x00000005f7800000, 0x00000005f8000000, 0x00000005f8000000|100%| E|CS|TAMS 0x00000005f7800000, 0x00000005f7800000| Complete 
| 234|0x00000005f8000000, 0x00000005f8800000, 0x00000005f8800000|100%| E|CS|TAMS 0x00000005f8000000, 0x00000005f8000000| Complete 
| 235|0x00000005f8800000, 0x00000005f9000000, 0x00000005f9000000|100%| E|CS|TAMS 0x00000005f8800000, 0x00000005f8800000| Complete 
| 236|0x00000005f9000000, 0x00000005f9800000, 0x00000005f9800000|100%| E|CS|TAMS 0x00000005f9000000, 0x00000005f9000000| Complete 
| 237|0x00000005f9800000, 0x00000005fa000000, 0x00000005fa000000|100%| E|CS|TAMS 0x00000005f9800000, 0x00000005f9800000| Complete 
| 238|0x00000005fa000000, 0x00000005fa800000, 0x00000005fa800000|100%| E|CS|TAMS 0x00000005fa000000, 0x00000005fa000000| Complete 
| 239|0x00000005fa800000, 0x00000005fb000000, 0x00000005fb000000|100%| E|CS|TAMS 0x00000005fa800000, 0x00000005fa800000| Complete 
| 240|0x00000005fb000000, 0x00000005fb800000, 0x00000005fb800000|100%| E|CS|TAMS 0x00000005fb000000, 0x00000005fb000000| Complete 
| 241|0x00000005fb800000, 0x00000005fc000000, 0x00000005fc000000|100%| E|CS|TAMS 0x00000005fb800000, 0x00000005fb800000| Complete 
| 242|0x00000005fc000000, 0x00000005fc800000, 0x00000005fc800000|100%| E|CS|TAMS 0x00000005fc000000, 0x00000005fc000000| Complete 
| 243|0x00000005fc800000, 0x00000005fd000000, 0x00000005fd000000|100%| E|CS|TAMS 0x00000005fc800000, 0x00000005fc800000| Complete 
| 244|0x00000005fd000000, 0x00000005fd800000, 0x00000005fd800000|100%| E|CS|TAMS 0x00000005fd000000, 0x00000005fd000000| Complete 
| 245|0x00000005fd800000, 0x00000005fe000000, 0x00000005fe000000|100%| E|CS|TAMS 0x00000005fd800000, 0x00000005fd800000| Complete 
| 246|0x00000005fe000000, 0x00000005fe800000, 0x00000005fe800000|100%| E|CS|TAMS 0x00000005fe000000, 0x00000005fe000000| Complete 
| 247|0x00000005fe800000, 0x00000005ff000000, 0x00000005ff000000|100%| E|CS|TAMS 0x00000005fe800000, 0x00000005fe800000| Complete 
| 248|0x00000005ff000000, 0x00000005ff800000, 0x00000005ff800000|100%| E|CS|TAMS 0x00000005ff000000, 0x00000005ff000000| Complete 
| 249|0x00000005ff800000, 0x0000000600000000, 0x0000000600000000|100%| E|CS|TAMS 0x00000005ff800000, 0x00000005ff800000| Complete 
| 250|0x0000000600000000, 0x0000000600800000, 0x0000000600800000|100%| E|CS|TAMS 0x0000000600000000, 0x0000000600000000| Complete 
| 251|0x0000000600800000, 0x0000000601000000, 0x0000000601000000|100%| E|CS|TAMS 0x0000000600800000, 0x0000000600800000| Complete 
| 252|0x0000000601000000, 0x0000000601800000, 0x0000000601800000|100%| E|CS|TAMS 0x0000000601000000, 0x0000000601000000| Complete 
| 253|0x0000000601800000, 0x0000000602000000, 0x0000000602000000|100%| E|CS|TAMS 0x0000000601800000, 0x0000000601800000| Complete 
| 254|0x0000000602000000, 0x0000000602800000, 0x0000000602800000|100%| E|CS|TAMS 0x0000000602000000, 0x0000000602000000| Complete 
| 255|0x0000000602800000, 0x0000000603000000, 0x0000000603000000|100%| E|CS|TAMS 0x0000000602800000, 0x0000000602800000| Complete 
| 256|0x0000000603000000, 0x0000000603800000, 0x0000000603800000|100%| E|CS|TAMS 0x0000000603000000, 0x0000000603000000| Complete 
| 257|0x0000000603800000, 0x0000000604000000, 0x0000000604000000|100%| E|CS|TAMS 0x0000000603800000, 0x0000000603800000| Complete 
| 258|0x0000000604000000, 0x0000000604800000, 0x0000000604800000|100%| E|CS|TAMS 0x0000000604000000, 0x0000000604000000| Complete 
| 259|0x0000000604800000, 0x0000000605000000, 0x0000000605000000|100%| E|CS|TAMS 0x0000000604800000, 0x0000000604800000| Complete 
| 260|0x0000000605000000, 0x0000000605800000, 0x0000000605800000|100%| E|CS|TAMS 0x0000000605000000, 0x0000000605000000| Complete 
| 261|0x0000000605800000, 0x0000000606000000, 0x0000000606000000|100%| E|CS|TAMS 0x0000000605800000, 0x0000000605800000| Complete 
| 262|0x0000000606000000, 0x0000000606800000, 0x0000000606800000|100%| E|CS|TAMS 0x0000000606000000, 0x0000000606000000| Complete 
| 263|0x0000000606800000, 0x0000000607000000, 0x0000000607000000|100%| E|CS|TAMS 0x0000000606800000, 0x0000000606800000| Complete 
| 264|0x0000000607000000, 0x0000000607800000, 0x0000000607800000|100%| E|CS|TAMS 0x0000000607000000, 0x0000000607000000| Complete 
| 265|0x0000000607800000, 0x0000000608000000, 0x0000000608000000|100%| E|CS|TAMS 0x0000000607800000, 0x0000000607800000| Complete 
| 266|0x0000000608000000, 0x0000000608800000, 0x0000000608800000|100%| E|CS|TAMS 0x0000000608000000, 0x0000000608000000| Complete 
| 267|0x0000000608800000, 0x0000000609000000, 0x0000000609000000|100%| E|CS|TAMS 0x0000000608800000, 0x0000000608800000| Complete 
| 268|0x0000000609000000, 0x0000000609800000, 0x0000000609800000|100%| E|CS|TAMS 0x0000000609000000, 0x0000000609000000| Complete 
| 269|0x0000000609800000, 0x000000060a000000, 0x000000060a000000|100%| E|CS|TAMS 0x0000000609800000, 0x0000000609800000| Complete 
| 270|0x000000060a000000, 0x000000060a800000, 0x000000060a800000|100%| E|CS|TAMS 0x000000060a000000, 0x000000060a000000| Complete 
| 271|0x000000060a800000, 0x000000060b000000, 0x000000060b000000|100%| E|CS|TAMS 0x000000060a800000, 0x000000060a800000| Complete 
| 272|0x000000060b000000, 0x000000060b800000, 0x000000060b800000|100%| E|CS|TAMS 0x000000060b000000, 0x000000060b000000| Complete 
| 273|0x000000060b800000, 0x000000060c000000, 0x000000060c000000|100%| E|CS|TAMS 0x000000060b800000, 0x000000060b800000| Complete 
| 274|0x000000060c000000, 0x000000060c800000, 0x000000060c800000|100%| E|CS|TAMS 0x000000060c000000, 0x000000060c000000| Complete 
| 275|0x000000060c800000, 0x000000060d000000, 0x000000060d000000|100%| E|CS|TAMS 0x000000060c800000, 0x000000060c800000| Complete 
| 276|0x000000060d000000, 0x000000060d800000, 0x000000060d800000|100%| E|CS|TAMS 0x000000060d000000, 0x000000060d000000| Complete 
| 277|0x000000060d800000, 0x000000060e000000, 0x000000060e000000|100%| E|CS|TAMS 0x000000060d800000, 0x000000060d800000| Complete 
| 278|0x000000060e000000, 0x000000060e800000, 0x000000060e800000|100%| E|CS|TAMS 0x000000060e000000, 0x000000060e000000| Complete 
| 279|0x000000060e800000, 0x000000060f000000, 0x000000060f000000|100%| E|CS|TAMS 0x000000060e800000, 0x000000060e800000| Complete 
| 280|0x000000060f000000, 0x000000060f800000, 0x000000060f800000|100%| E|CS|TAMS 0x000000060f000000, 0x000000060f000000| Complete 
| 281|0x000000060f800000, 0x0000000610000000, 0x0000000610000000|100%| E|CS|TAMS 0x000000060f800000, 0x000000060f800000| Complete 
| 282|0x0000000610000000, 0x0000000610800000, 0x0000000610800000|100%| E|CS|TAMS 0x0000000610000000, 0x0000000610000000| Complete 
| 283|0x0000000610800000, 0x0000000611000000, 0x0000000611000000|100%| E|CS|TAMS 0x0000000610800000, 0x0000000610800000| Complete 
| 284|0x0000000611000000, 0x0000000611800000, 0x0000000611800000|100%| E|CS|TAMS 0x0000000611000000, 0x0000000611000000| Complete 
| 285|0x0000000611800000, 0x0000000612000000, 0x0000000612000000|100%| E|CS|TAMS 0x0000000611800000, 0x0000000611800000| Complete 
| 286|0x0000000612000000, 0x0000000612800000, 0x0000000612800000|100%| E|CS|TAMS 0x0000000612000000, 0x0000000612000000| Complete 
| 287|0x0000000612800000, 0x0000000613000000, 0x0000000613000000|100%| E|CS|TAMS 0x0000000612800000, 0x0000000612800000| Complete 
| 288|0x0000000613000000, 0x0000000613800000, 0x0000000613800000|100%| E|CS|TAMS 0x0000000613000000, 0x0000000613000000| Complete 
| 289|0x0000000613800000, 0x0000000614000000, 0x0000000614000000|100%| E|CS|TAMS 0x0000000613800000, 0x0000000613800000| Complete 
| 290|0x0000000614000000, 0x0000000614800000, 0x0000000614800000|100%| E|CS|TAMS 0x0000000614000000, 0x0000000614000000| Complete 
| 291|0x0000000614800000, 0x0000000615000000, 0x0000000615000000|100%| E|CS|TAMS 0x0000000614800000, 0x0000000614800000| Complete 
| 292|0x0000000615000000, 0x0000000615800000, 0x0000000615800000|100%| E|CS|TAMS 0x0000000615000000, 0x0000000615000000| Complete 
| 293|0x0000000615800000, 0x0000000616000000, 0x0000000616000000|100%| E|CS|TAMS 0x0000000615800000, 0x0000000615800000| Complete 
| 294|0x0000000616000000, 0x0000000616800000, 0x0000000616800000|100%| E|CS|TAMS 0x0000000616000000, 0x0000000616000000| Complete 

Card table byte_map: [0x000001a951050000,0x000001a952440000] _byte_map_base: 0x000001a94e438000

Marking Bits (Prev, Next): (CMBitMap*) 0x000001a939105f50, (CMBitMap*) 0x000001a939105f90
 Prev Bits: [0x000001a953830000, 0x000001a95d770000)
 Next Bits: [0x000001a95d770000, 0x000001a9676b0000)

Polling page: 0x000001a937230000

Metaspace:

Usage:
  Non-class:     89.17 MB used.
      Class:     13.57 MB used.
       Both:    102.74 MB used.

Virtual space:
  Non-class space:      128.00 MB reserved,      89.56 MB ( 70%) committed,  2 nodes.
      Class space:        1.00 GB reserved,      13.94 MB (  1%) committed,  1 nodes.
             Both:        1.12 GB reserved,     103.50 MB (  9%) committed. 

Chunk freelists:
   Non-Class:  6.39 MB
       Class:  1.91 MB
        Both:  8.30 MB

MaxMetaspaceSize: unlimited
CompressedClassSpaceSize: 1.00 GB
Initial GC threshold: 21.00 MB
Current GC threshold: 167.12 MB
CDS: on
MetaspaceReclaimPolicy: balanced
 - commit_granule_bytes: 65536.
 - commit_granule_words: 8192.
 - virtual_space_node_default_size: 8388608.
 - enlarge_chunks_in_place: 1.
 - new_chunks_are_fully_committed: 0.
 - uncommit_free_chunks: 1.
 - use_allocation_guard: 0.
 - handle_deallocations: 1.


Internal statistics:

num_allocs_failed_limit: 9.
num_arena_births: 1202.
num_arena_deaths: 2.
num_vsnodes_births: 3.
num_vsnodes_deaths: 0.
num_space_committed: 1656.
num_space_uncommitted: 0.
num_chunks_returned_to_freelist: 12.
num_chunks_taken_from_freelist: 5074.
num_chunk_merges: 9.
num_chunk_splits: 3547.
num_chunks_enlarged: 2654.
num_inconsistent_stats: 0.

CodeHeap 'non-profiled nmethods': size=120000Kb used=11320Kb max_used=12149Kb free=108679Kb
 bounds [0x000001a948400000, 0x000001a948fe0000, 0x000001a94f930000]
CodeHeap 'profiled nmethods': size=120000Kb used=22204Kb max_used=22786Kb free=97795Kb
 bounds [0x000001a940930000, 0x000001a941f80000, 0x000001a947e60000]
CodeHeap 'non-nmethods': size=5760Kb used=1438Kb max_used=1543Kb free=4321Kb
 bounds [0x000001a947e60000, 0x000001a9480d0000, 0x000001a948400000]
 total_blobs=12893 nmethods=12121 adapters=683
 compilation: enabled
              stopped_count=0, restarted_count=0
 full_count=0

Compilation events (20 events):
Event: 5103.455 Thread 0x000001a9678995a0 15646       3       com.fasterxml.jackson.databind.introspect.AnnotatedClass::fields (5 bytes)
Event: 5103.455 Thread 0x000001a9678995a0 nmethod 15646 0x000001a9414fa810 code [0x000001a9414fa9a0, 0x000001a9414faae8]
Event: 5103.455 Thread 0x000001a9678995a0 15647       3       com.fasterxml.jackson.databind.introspect.AnnotatedClass::_fields (55 bytes)
Event: 5103.455 Thread 0x000001a9678995a0 nmethod 15647 0x000001a9410de810 code [0x000001a9410de9c0, 0x000001a9410dec88]
Event: 5103.455 Thread 0x000001a9678995a0 15648       3       com.fasterxml.jackson.databind.deser.impl.NullsConstantProvider::isSkipper (13 bytes)
Event: 5103.456 Thread 0x000001a9678995a0 nmethod 15648 0x000001a9415a7490 code [0x000001a9415a7620, 0x000001a9415a7778]
Event: 5103.456 Thread 0x000001a9678995a0 15650       3       com.fasterxml.jackson.databind.introspect.POJOPropertyBuilder$MemberIterator::next (5 bytes)
Event: 5103.456 Thread 0x000001a9678995a0 nmethod 15650 0x000001a941661210 code [0x000001a9416613a0, 0x000001a9416614e8]
Event: 5103.456 Thread 0x000001a9678995a0 15651       3       com.fasterxml.jackson.databind.introspect.POJOPropertyBuilder$MemberIterator::next (39 bytes)
Event: 5103.457 Thread 0x000001a9678995a0 nmethod 15651 0x000001a941b86390 code [0x000001a941b86540, 0x000001a941b868c8]
Event: 5103.457 Thread 0x000001a9678995a0 15641       3       jdk.xml.internal.XMLSecurityManager$NameMap::values (10 bytes)
Event: 5103.459 Thread 0x000001a9678995a0 nmethod 15641 0x000001a9413e9210 code [0x000001a9413e93c0, 0x000001a9413e9668]
Event: 5103.459 Thread 0x000001a9678995a0 15642       3       com.fasterxml.jackson.core.ObjectCodec::<init> (5 bytes)
Event: 5103.459 Thread 0x000001a9678995a0 nmethod 15642 0x000001a94152b610 code [0x000001a94152b7c0, 0x000001a94152b978]
Event: 5103.459 Thread 0x000001a9678995a0 15643       3       com.fasterxml.jackson.core.TreeCodec::<init> (5 bytes)
Event: 5103.460 Thread 0x000001a9678995a0 nmethod 15643 0x000001a9418c4e10 code [0x000001a9418c4fa0, 0x000001a9418c50f8]
Event: 5103.477 Thread 0x000001a9678995a0 15652       3       org.apache.hc.client5.http.impl.classic.ResponseEntityProxy::cleanup (38 bytes)
Event: 5103.480 Thread 0x000001a9678995a0 nmethod 15652 0x000001a941a3b090 code [0x000001a941a3b380, 0x000001a941a3c578]
Event: 5104.830 Thread 0x000001a9678995a0 15653       3       org.springframework.boot.devtools.filewatch.FileSnapshot::<init> (64 bytes)
Event: 5104.833 Thread 0x000001a9678995a0 nmethod 15653 0x000001a941e1d410 code [0x000001a941e1d7c0, 0x000001a941e1f0a8]

GC Heap History (20 events):
Event: 177.022 GC heap before
{Heap before GC invocations=53 (full 0):
 garbage-first heap   total 901120K, used 612701K [0x0000000583000000, 0x0000000800000000)
  region size 8192K, 12 young (98304K), 2 survivors (16384K)
 Metaspace       used 101924K, committed 102656K, reserved 1179648K
  class space    used 13702K, committed 14080K, reserved 1048576K
}
Event: 177.099 GC heap after
{Heap after GC invocations=54 (full 0):
 garbage-first heap   total 901120K, used 557056K [0x0000000583000000, 0x0000000800000000)
  region size 8192K, 2 young (16384K), 2 survivors (16384K)
 Metaspace       used 101924K, committed 102656K, reserved 1179648K
  class space    used 13702K, committed 14080K, reserved 1048576K
}
Event: 177.239 GC heap before
{Heap before GC invocations=54 (full 0):
 garbage-first heap   total 901120K, used 581632K [0x0000000583000000, 0x0000000800000000)
  region size 8192K, 5 young (40960K), 2 survivors (16384K)
 Metaspace       used 101927K, committed 102656K, reserved 1179648K
  class space    used 13702K, committed 14080K, reserved 1048576K
}
Event: 177.293 GC heap after
{Heap after GC invocations=55 (full 0):
 garbage-first heap   total 2416640K, used 564837K [0x0000000583000000, 0x0000000800000000)
  region size 8192K, 1 young (8192K), 1 survivors (8192K)
 Metaspace       used 101927K, committed 102656K, reserved 1179648K
  class space    used 13702K, committed 14080K, reserved 1048576K
}
Event: 180.002 GC heap before
{Heap before GC invocations=55 (full 0):
 garbage-first heap   total 2416640K, used 753253K [0x0000000583000000, 0x0000000800000000)
  region size 8192K, 24 young (196608K), 1 survivors (8192K)
 Metaspace       used 102269K, committed 103040K, reserved 1179648K
  class space    used 13754K, committed 14144K, reserved 1048576K
}
Event: 180.113 GC heap after
{Heap after GC invocations=56 (full 0):
 garbage-first heap   total 2416640K, used 628665K [0x0000000583000000, 0x0000000800000000)
  region size 8192K, 3 young (24576K), 3 survivors (24576K)
 Metaspace       used 102269K, committed 103040K, reserved 1179648K
  class space    used 13754K, committed 14144K, reserved 1048576K
}
Event: 181.064 GC heap before
{Heap before GC invocations=56 (full 0):
 garbage-first heap   total 2416640K, used 718777K [0x0000000583000000, 0x0000000800000000)
  region size 8192K, 14 young (114688K), 3 survivors (24576K)
 Metaspace       used 102269K, committed 103040K, reserved 1179648K
  class space    used 13754K, committed 14144K, reserved 1048576K
}
Event: 181.170 GC heap after
{Heap after GC invocations=57 (full 0):
 garbage-first heap   total 2416640K, used 667398K [0x0000000583000000, 0x0000000800000000)
  region size 8192K, 2 young (16384K), 2 survivors (16384K)
 Metaspace       used 102269K, committed 103040K, reserved 1179648K
  class space    used 13754K, committed 14144K, reserved 1048576K
}
Event: 231.156 GC heap before
{Heap before GC invocations=57 (full 0):
 garbage-first heap   total 2416640K, used 839430K [0x0000000583000000, 0x0000000800000000)
  region size 8192K, 23 young (188416K), 2 survivors (16384K)
 Metaspace       used 103284K, committed 104064K, reserved 1179648K
  class space    used 13794K, committed 14144K, reserved 1048576K
}
Event: 231.196 GC heap after
{Heap after GC invocations=58 (full 0):
 garbage-first heap   total 2416640K, used 681247K [0x0000000583000000, 0x0000000800000000)
  region size 8192K, 2 young (16384K), 2 survivors (16384K)
 Metaspace       used 103284K, committed 104064K, reserved 1179648K
  class space    used 13794K, committed 14144K, reserved 1048576K
}
Event: 317.270 GC heap before
{Heap before GC invocations=58 (full 0):
 garbage-first heap   total 2416640K, used 959775K [0x0000000583000000, 0x0000000800000000)
  region size 8192K, 36 young (294912K), 2 survivors (16384K)
 Metaspace       used 103355K, committed 104064K, reserved 1179648K
  class space    used 13795K, committed 14144K, reserved 1048576K
}
Event: 317.286 GC heap after
{Heap after GC invocations=59 (full 0):
 garbage-first heap   total 2416640K, used 684963K [0x0000000583000000, 0x0000000800000000)
  region size 8192K, 2 young (16384K), 2 survivors (16384K)
 Metaspace       used 103355K, committed 104064K, reserved 1179648K
  class space    used 13795K, committed 14144K, reserved 1048576K
}
Event: 682.405 GC heap before
{Heap before GC invocations=59 (full 0):
 garbage-first heap   total 2416640K, used 1979299K [0x0000000583000000, 0x0000000800000000)
  region size 8192K, 160 young (1310720K), 2 survivors (16384K)
 Metaspace       used 103474K, committed 104192K, reserved 1179648K
  class space    used 13799K, committed 14144K, reserved 1048576K
}
Event: 682.449 GC heap after
{Heap after GC invocations=60 (full 0):
 garbage-first heap   total 2416640K, used 703486K [0x0000000583000000, 0x0000000800000000)
  region size 8192K, 4 young (32768K), 4 survivors (32768K)
 Metaspace       used 103474K, committed 104192K, reserved 1179648K
  class space    used 13799K, committed 14144K, reserved 1048576K
}
Event: 1043.199 GC heap before
{Heap before GC invocations=60 (full 0):
 garbage-first heap   total 2416640K, used 1997822K [0x0000000583000000, 0x0000000800000000)
  region size 8192K, 162 young (1327104K), 4 survivors (32768K)
 Metaspace       used 103523K, committed 104256K, reserved 1179648K
  class space    used 13799K, committed 14144K, reserved 1048576K
}
Event: 1043.256 GC heap after
{Heap after GC invocations=61 (full 0):
 garbage-first heap   total 2416640K, used 722662K [0x0000000583000000, 0x0000000800000000)
  region size 8192K, 7 young (57344K), 7 survivors (57344K)
 Metaspace       used 103523K, committed 104256K, reserved 1179648K
  class space    used 13799K, committed 14144K, reserved 1048576K
}
Event: 1343.123 GC heap before
{Heap before GC invocations=61 (full 0):
 garbage-first heap   total 2416640K, used 2025190K [0x0000000583000000, 0x0000000800000000)
  region size 8192K, 166 young (1359872K), 7 survivors (57344K)
 Metaspace       used 103769K, committed 104448K, reserved 1179648K
  class space    used 13810K, committed 14144K, reserved 1048576K
}
Event: 1343.188 GC heap after
{Heap after GC invocations=62 (full 0):
 garbage-first heap   total 2416640K, used 742111K [0x0000000583000000, 0x0000000800000000)
  region size 8192K, 8 young (65536K), 8 survivors (65536K)
 Metaspace       used 103769K, committed 104448K, reserved 1179648K
  class space    used 13810K, committed 14144K, reserved 1048576K
}
Event: 1902.973 GC heap before
{Heap before GC invocations=62 (full 0):
 garbage-first heap   total 2416640K, used 2061023K [0x0000000583000000, 0x0000000800000000)
  region size 8192K, 165 young (1351680K), 8 survivors (65536K)
 Metaspace       used 104491K, committed 105280K, reserved 1179648K
  class space    used 13895K, committed 14272K, reserved 1048576K
}
Event: 1903.008 GC heap after
{Heap after GC invocations=63 (full 0):
 garbage-first heap   total 2416640K, used 758696K [0x0000000583000000, 0x0000000800000000)
  region size 8192K, 5 young (40960K), 5 survivors (40960K)
 Metaspace       used 104491K, committed 105280K, reserved 1179648K
  class space    used 13895K, committed 14272K, reserved 1048576K
}

Deoptimization events (20 events):
Event: 5101.656 Thread 0x000001a9b1dc8fa0 Uncommon trap: trap_request=0xffffff45 fr.pc=0x000001a94887a644 relative=0x00000000000009a4
Event: 5101.656 Thread 0x000001a9b1dc8fa0 Uncommon trap: reason=unstable_if action=reinterpret pc=0x000001a94887a644 method=org.springframework.boot.devtools.filewatch.FileSnapshot.<init>(Ljava/io/File;)V @ 14 c2
Event: 5101.656 Thread 0x000001a9b1dc8fa0 DEOPT PACKING pc=0x000001a94887a644 sp=0x0000002a31dfedf0
Event: 5101.656 Thread 0x000001a9b1dc8fa0 DEOPT UNPACKING pc=0x000001a947eb5ba3 sp=0x0000002a31dfede0 mode 2
Event: 5102.068 Thread 0x000001a9b1dc8fa0 Uncommon trap: trap_request=0xffffff45 fr.pc=0x000001a948f93c28 relative=0x00000000000008c8
Event: 5102.068 Thread 0x000001a9b1dc8fa0 Uncommon trap: reason=unstable_if action=reinterpret pc=0x000001a948f93c28 method=java.util.AbstractSet.equals(Ljava/lang/Object;)Z @ 31 c2
Event: 5102.068 Thread 0x000001a9b1dc8fa0 DEOPT PACKING pc=0x000001a948f93c28 sp=0x0000002a31dff220
Event: 5102.069 Thread 0x000001a9b1dc8fa0 DEOPT UNPACKING pc=0x000001a947eb5ba3 sp=0x0000002a31dff150 mode 2
Event: 5102.069 Thread 0x000001a9b1dc8fa0 Uncommon trap: trap_request=0xffffff45 fr.pc=0x000001a948fb96b0 relative=0x0000000000001450
Event: 5102.070 Thread 0x000001a9b1dc8fa0 Uncommon trap: reason=unstable_if action=reinterpret pc=0x000001a948fb96b0 method=org.springframework.boot.devtools.filewatch.FileSystemWatcher$Watcher.isDifferent(Ljava/util/Map;Ljava/util/Map;)Z @ 95 c2
Event: 5102.070 Thread 0x000001a9b1dc8fa0 DEOPT PACKING pc=0x000001a948fb96b0 sp=0x0000002a31dff270
Event: 5102.070 Thread 0x000001a9b1dc8fa0 DEOPT UNPACKING pc=0x000001a947eb5ba3 sp=0x0000002a31dff258 mode 2
Event: 5102.504 Thread 0x000001a9b1dc8fa0 Uncommon trap: trap_request=0xffffff45 fr.pc=0x000001a948dd8588 relative=0x0000000000000168
Event: 5102.504 Thread 0x000001a9b1dc8fa0 Uncommon trap: reason=unstable_if action=reinterpret pc=0x000001a948dd8588 method=java.util.AbstractSet.equals(Ljava/lang/Object;)Z @ 31 c2
Event: 5102.504 Thread 0x000001a9b1dc8fa0 DEOPT PACKING pc=0x000001a948dd8588 sp=0x0000002a31dff140
Event: 5102.504 Thread 0x000001a9b1dc8fa0 DEOPT UNPACKING pc=0x000001a947eb5ba3 sp=0x0000002a31dff0d8 mode 2
Event: 5102.935 Thread 0x000001a9b1dc8fa0 Uncommon trap: trap_request=0xffffff45 fr.pc=0x000001a948b77b18 relative=0x00000000000006b8
Event: 5102.935 Thread 0x000001a9b1dc8fa0 Uncommon trap: reason=unstable_if action=reinterpret pc=0x000001a948b77b18 method=java.io.File.normalizedList()[Ljava/lang/String; @ 34 c2
Event: 5102.935 Thread 0x000001a9b1dc8fa0 DEOPT PACKING pc=0x000001a948b77b18 sp=0x0000002a31dfecd0
Event: 5102.935 Thread 0x000001a9b1dc8fa0 DEOPT UNPACKING pc=0x000001a947eb5ba3 sp=0x0000002a31dfec30 mode 2

Classes unloaded (1 events):
Event: 108.132 Thread 0x000001a96786e750 Unloading class 0x000001a96ca50000 'jdk/internal/reflect/GeneratedSerializationConstructorAccessor26'

Classes redefined (0 events):
No events

Internal exceptions (20 events):
Event: 1798.693 Thread 0x000001a9b235f540 Exception <a 'java/lang/reflect/InvocationTargetException'{0x00000005cc0ec2b8}> (0x00000005cc0ec2b8) 
thrown [s\open\src\hotspot\share\runtime\reflection.cpp, line 1121]
Event: 1828.128 Thread 0x000001a9b1dc9e10 Exception <a 'java/lang/NoSuchMethodError'{0x00000005cb9fd980}: 'void java.lang.invoke.DirectMethodHandle$Holder.invokeStatic(java.lang.Object, long, java.lang.Object)'> (0x00000005cb9fd980) 
thrown [s\open\src\hotspot\share\interpreter\linkResolver.cpp, line 759]
Event: 1828.129 Thread 0x000001a9b1dc9e10 Exception <a 'java/lang/NoSuchMethodError'{0x00000005cba036c0}: 'java.lang.Object java.lang.invoke.DirectMethodHandle$Holder.newInvokeSpecial(java.lang.Object, long)'> (0x00000005cba036c0) 
thrown [s\open\src\hotspot\share\interpreter\linkResolver.cpp, line 759]
Event: 1893.739 Thread 0x000001a9b5a6af10 Exception <a 'java/lang/NoSuchMethodError'{0x00000005fb61caa0}: 'void java.lang.invoke.DirectMethodHandle$Holder.invokeSpecialIFC(java.lang.Object, java.lang.Object, int, java.lang.Object, java.lang.Object, java.lang.Object, java.lang.Object)'> (0x00000005fb61caa0) 
thrown [s\open\src\hotspot\share\interpreter\linkResolver.cpp, line 759]
Event: 1894.232 Thread 0x000001a9b5a6cbf0 Implicit null exception at 0x000001a948b35703 to 0x000001a948b361cc
Event: 1894.232 Thread 0x000001a9b5a6cbf0 Implicit null exception at 0x000001a948b37659 to 0x000001a948b38544
Event: 1894.254 Thread 0x000001a9b5a6cbf0 Implicit null exception at 0x000001a948b68b43 to 0x000001a948b69260
Event: 1894.254 Thread 0x000001a9b5a6cbf0 Implicit null exception at 0x000001a948537b20 to 0x000001a948538158
Event: 1894.264 Thread 0x000001a9b5a6cbf0 Implicit null exception at 0x000001a948b30722 to 0x000001a948b30d20
Event: 1894.266 Thread 0x000001a9b5a6cbf0 Implicit null exception at 0x000001a948b7f5c7 to 0x000001a948b7fad0
Event: 1894.266 Thread 0x000001a9b5a6cbf0 Implicit null exception at 0x000001a948b3beea to 0x000001a948b3c210
Event: 1894.267 Thread 0x000001a9b5a6cbf0 Implicit null exception at 0x000001a948b9b06b to 0x000001a948b9b0cc
Event: 1894.307 Thread 0x000001a9b5a6cbf0 Implicit null exception at 0x000001a948b666c0 to 0x000001a948b6696c
Event: 1894.307 Thread 0x000001a9b5a6cbf0 Implicit null exception at 0x000001a948b638ac to 0x000001a948b638e4
Event: 1894.308 Thread 0x000001a9b5a6cbf0 Implicit null exception at 0x000001a948b2ca1b to 0x000001a948b2cc54
Event: 1894.317 Thread 0x000001a9b5a6cbf0 Implicit null exception at 0x000001a948b65588 to 0x000001a948b65794
Event: 1894.325 Thread 0x000001a9b5a6cbf0 Implicit null exception at 0x000001a948b64944 to 0x000001a948b64ae4
Event: 1894.359 Thread 0x000001a9b5a6cbf0 Implicit null exception at 0x000001a948e419e4 to 0x000001a948e41e9c
Event: 1894.359 Thread 0x000001a9b5a6cbf0 Implicit null exception at 0x000001a948b69db0 to 0x000001a948b69e6c
Event: 5102.935 Thread 0x000001a9b1dc8fa0 Implicit null exception at 0x000001a948b77605 to 0x000001a948b77b08

VM Operations (20 events):
Event: 4052.808 Executing VM operation: Cleanup
Event: 4052.808 Executing VM operation: Cleanup done
Event: 4083.074 Executing VM operation: Cleanup
Event: 4083.074 Executing VM operation: Cleanup done
Event: 4096.149 Executing VM operation: Cleanup
Event: 4096.149 Executing VM operation: Cleanup done
Event: 4113.340 Executing VM operation: Cleanup
Event: 4113.340 Executing VM operation: Cleanup done
Event: 4143.586 Executing VM operation: Cleanup
Event: 4143.587 Executing VM operation: Cleanup done
Event: 4172.852 Executing VM operation: Cleanup
Event: 4172.852 Executing VM operation: Cleanup done
Event: 4443.151 Executing VM operation: Cleanup
Event: 4443.151 Executing VM operation: Cleanup done
Event: 4990.896 Executing VM operation: Cleanup
Event: 4990.896 Executing VM operation: Cleanup done
Event: 5068.609 Executing VM operation: Cleanup
Event: 5068.609 Executing VM operation: Cleanup done
Event: 5103.955 Executing VM operation: Cleanup
Event: 5103.955 Executing VM operation: Cleanup done

Events (20 events):
Event: 3902.462 Thread 0x000001a9678aa210 flushing nmethod 0x000001a941d4f990
Event: 3902.462 Thread 0x000001a9678aa210 flushing nmethod 0x000001a941d68a90
Event: 3902.462 Thread 0x000001a9678aa210 flushing nmethod 0x000001a941da8390
Event: 3902.462 Thread 0x000001a9678aa210 flushing nmethod 0x000001a941df1710
Event: 3902.462 Thread 0x000001a9678aa210 flushing nmethod 0x000001a941df2610
Event: 3902.462 Thread 0x000001a9678aa210 flushing nmethod 0x000001a941df2a10
Event: 3902.463 Thread 0x000001a9678aa210 flushing nmethod 0x000001a941df5a10
Event: 3902.463 Thread 0x000001a9678aa210 flushing nmethod 0x000001a941dfa390
Event: 3902.463 Thread 0x000001a9678aa210 flushing nmethod 0x000001a941dfa890
Event: 3902.463 Thread 0x000001a9678aa210 flushing nmethod 0x000001a941dfb490
Event: 3902.463 Thread 0x000001a9678aa210 flushing nmethod 0x000001a941dffb10
Event: 3902.463 Thread 0x000001a9678aa210 flushing nmethod 0x000001a941e06490
Event: 3902.463 Thread 0x000001a9678aa210 flushing nmethod 0x000001a941e19f90
Event: 3902.463 Thread 0x000001a9678aa210 flushing nmethod 0x000001a941e1a510
Event: 3902.463 Thread 0x000001a9678aa210 flushing nmethod 0x000001a941e1ab10
Event: 3902.463 Thread 0x000001a9678aa210 flushing nmethod 0x000001a941e1d410
Event: 3902.463 Thread 0x000001a9678aa210 flushing nmethod 0x000001a941e1e390
Event: 3902.463 Thread 0x000001a9678aa210 flushing nmethod 0x000001a941e1fd10
Event: 3902.463 Thread 0x000001a9678aa210 flushing nmethod 0x000001a941e39e90
Event: 3902.463 Thread 0x000001a9678aa210 flushing nmethod 0x000001a941e46790


Dynamic libraries:
0x00007ff7042d0000 - 0x00007ff7042e0000 	C:\Program Files\Java\jdk-17\bin\java.exe
0x00007ffc5d240000 - 0x00007ffc5d4a7000 	C:\Windows\SYSTEM32\ntdll.dll
0x00007ffc5b1b0000 - 0x00007ffc5b279000 	C:\Windows\System32\KERNEL32.DLL
0x00007ffc5a7f0000 - 0x00007ffc5abe0000 	C:\Windows\System32\KERNELBASE.dll
0x00007ffc5acb0000 - 0x00007ffc5adfb000 	C:\Windows\System32\ucrtbase.dll
0x00007ffc40540000 - 0x00007ffc40559000 	C:\Program Files\Java\jdk-17\bin\jli.dll
0x00007ffc5c460000 - 0x00007ffc5c514000 	C:\Windows\System32\ADVAPI32.dll
0x00007ffc5b280000 - 0x00007ffc5b329000 	C:\Windows\System32\msvcrt.dll
0x00007ffc5b7a0000 - 0x00007ffc5b846000 	C:\Windows\System32\sechost.dll
0x00007ffc40520000 - 0x00007ffc4053b000 	C:\Program Files\Java\jdk-17\bin\VCRUNTIME140.dll
0x00007ffc5b680000 - 0x00007ffc5b798000 	C:\Windows\System32\RPCRT4.dll
0x00007ffc5afd0000 - 0x00007ffc5b195000 	C:\Windows\System32\USER32.dll
0x00007ffc5a7c0000 - 0x00007ffc5a7e7000 	C:\Windows\System32\win32u.dll
0x00007ffc5c520000 - 0x00007ffc5c54b000 	C:\Windows\System32\GDI32.dll
0x00007ffc5ae00000 - 0x00007ffc5af38000 	C:\Windows\System32\gdi32full.dll
0x00007ffc5a370000 - 0x00007ffc5a413000 	C:\Windows\System32\msvcp_win.dll
0x00007ffc469f0000 - 0x00007ffc469fb000 	C:\Windows\SYSTEM32\VERSION.dll
0x00007ffc3d920000 - 0x00007ffc3dbba000 	C:\Windows\WinSxS\amd64_microsoft.windows.common-controls_6595b64144ccf1df_6.0.26100.4768_none_3e0c112ce331287c\COMCTL32.dll
0x00007ffc5b9f0000 - 0x00007ffc5ba1f000 	C:\Windows\System32\IMM32.DLL
0x00007ffc41060000 - 0x00007ffc4106c000 	C:\Program Files\Java\jdk-17\bin\vcruntime140_1.dll
0x00007ffbf8260000 - 0x00007ffbf82ee000 	C:\Program Files\Java\jdk-17\bin\msvcp140.dll
0x00007ffbb00d0000 - 0x00007ffbb0cb1000 	C:\Program Files\Java\jdk-17\bin\server\jvm.dll
0x00007ffc5b520000 - 0x00007ffc5b528000 	C:\Windows\System32\PSAPI.DLL
0x00007ffc47670000 - 0x00007ffc4767a000 	C:\Windows\SYSTEM32\WSOCK32.dll
0x00007ffc5cc80000 - 0x00007ffc5ccf4000 	C:\Windows\System32\WS2_32.dll
0x00007ffc42880000 - 0x00007ffc428b5000 	C:\Windows\SYSTEM32\WINMM.dll
0x00007ffc590b0000 - 0x00007ffc590cb000 	C:\Windows\SYSTEM32\kernel.appcore.dll
0x00007ffc40510000 - 0x00007ffc4051a000 	C:\Program Files\Java\jdk-17\bin\jimage.dll
0x00007ffc57a30000 - 0x00007ffc57c71000 	C:\Windows\SYSTEM32\DBGHELP.DLL
0x00007ffc5cd00000 - 0x00007ffc5d085000 	C:\Windows\System32\combase.dll
0x00007ffc5c550000 - 0x00007ffc5c630000 	C:\Windows\System32\OLEAUT32.dll
0x00007ffc1f510000 - 0x00007ffc1f553000 	C:\Windows\SYSTEM32\dbgcore.DLL
0x00007ffc5a420000 - 0x00007ffc5a4b9000 	C:\Windows\System32\bcryptPrimitives.dll
0x00007ffc2c130000 - 0x00007ffc2c155000 	C:\Program Files\Java\jdk-17\bin\java.dll
0x00007ffbd1ae0000 - 0x00007ffbd1bb7000 	C:\Program Files\Java\jdk-17\bin\jsvml.dll
0x00007ffc5bce0000 - 0x00007ffc5c42d000 	C:\Windows\System32\SHELL32.dll
0x00007ffc5a640000 - 0x00007ffc5a7b3000 	C:\Windows\System32\wintypes.dll
0x00007ffc57f10000 - 0x00007ffc58770000 	C:\Windows\SYSTEM32\windows.storage.dll
0x00007ffc5ba30000 - 0x00007ffc5bb25000 	C:\Windows\System32\SHCORE.dll
0x00007ffc5cc10000 - 0x00007ffc5cc7a000 	C:\Windows\System32\shlwapi.dll
0x00007ffc5a290000 - 0x00007ffc5a2b9000 	C:\Windows\SYSTEM32\profapi.dll
0x00007ffc33eb0000 - 0x00007ffc33ec9000 	C:\Program Files\Java\jdk-17\bin\net.dll
0x00007ffc49070000 - 0x00007ffc4918e000 	C:\Windows\SYSTEM32\WINHTTP.dll
0x00007ffc59620000 - 0x00007ffc5968b000 	C:\Windows\system32\mswsock.dll
0x00007ffc2c0f0000 - 0x00007ffc2c106000 	C:\Program Files\Java\jdk-17\bin\nio.dll
0x00007ffc255a0000 - 0x00007ffc255b8000 	C:\Program Files\Java\jdk-17\bin\zip.dll
0x00007ffc40210000 - 0x00007ffc4021a000 	C:\Program Files\Java\jdk-17\bin\management.dll
0x00007ffc3fec0000 - 0x00007ffc3fecb000 	C:\Program Files\Java\jdk-17\bin\management_ext.dll
0x00007ffc009e0000 - 0x00007ffc009f8000 	C:\Windows\system32\napinsp.dll
0x00007ffc012c0000 - 0x00007ffc012e0000 	C:\Windows\system32\wshbth.dll
0x00007ffbfd6c0000 - 0x00007ffbfd6f0000 	C:\Windows\system32\nlansp_c.dll
0x00007ffc58b30000 - 0x00007ffc58c56000 	C:\Windows\SYSTEM32\DNSAPI.dll
0x00007ffc58aa0000 - 0x00007ffc58ad3000 	C:\Windows\SYSTEM32\IPHLPAPI.DLL
0x00007ffc5c6c0000 - 0x00007ffc5c6ca000 	C:\Windows\System32\NSI.dll
0x00007ffbfd6a0000 - 0x00007ffbfd6b2000 	C:\Windows\System32\winrnr.dll
0x00007ffc47730000 - 0x00007ffc4773b000 	C:\Windows\System32\rasadhlp.dll
0x00007ffc50540000 - 0x00007ffc505c6000 	C:\Windows\System32\fwpuclnt.dll
0x00007ffc59a00000 - 0x00007ffc59a1b000 	C:\Windows\SYSTEM32\CRYPTSP.dll
0x00007ffc59010000 - 0x00007ffc5904b000 	C:\Windows\system32\rsaenh.dll
0x00007ffc596c0000 - 0x00007ffc596eb000 	C:\Windows\SYSTEM32\USERENV.dll
0x00007ffc5a260000 - 0x00007ffc5a286000 	C:\Windows\SYSTEM32\bcrypt.dll
0x00007ffc59860000 - 0x00007ffc5986c000 	C:\Windows\SYSTEM32\CRYPTBASE.dll
0x00007ffc4eea0000 - 0x00007ffc4eebf000 	C:\Windows\SYSTEM32\dhcpcsvc6.DLL
0x00007ffc4ee70000 - 0x00007ffc4ee95000 	C:\Windows\SYSTEM32\dhcpcsvc.DLL
0x00007ffc3cd40000 - 0x00007ffc3cd4e000 	C:\Program Files\Java\jdk-17\bin\sunmscapi.dll
0x00007ffc5a4c0000 - 0x00007ffc5a637000 	C:\Windows\System32\CRYPT32.dll
0x00007ffc59b60000 - 0x00007ffc59b90000 	C:\Windows\SYSTEM32\ncrypt.dll
0x00007ffc59b10000 - 0x00007ffc59b4f000 	C:\Windows\SYSTEM32\NTASN1.dll
0x00007ffc3c2c0000 - 0x00007ffc3c2d0000 	C:\Program Files\Java\jdk-17\bin\verify.dll
0x00007ffbba1f0000 - 0x00007ffbba1f8000 	C:\Windows\system32\wshunix.dll

dbghelp: loaded successfully - version: 4.0.5 - missing functions: none
symbol engine: initialized successfully - sym options: 0x614 - pdb path: .;C:\Program Files\Java\jdk-17\bin;C:\Windows\SYSTEM32;C:\Windows\WinSxS\amd64_microsoft.windows.common-controls_6595b64144ccf1df_6.0.26100.4768_none_3e0c112ce331287c;C:\Program Files\Java\jdk-17\bin\server

VM Arguments:
jvm_args: -XX:+ShowCodeDetailsInExceptionMessages -Dspring.jmx.enabled=true -Dmanagement.endpoints.jmx.exposure.include=* -Dspring.application.admin.enabled=true -Dspring.boot.project.name=com.manamer.sellout.business-sellout -Djava.rmi.server.hostname=localhost -Dcom.sun.management.jmxremote.port=45559 -Dcom.sun.management.jmxremote.authenticate=false -Dcom.sun.management.jmxremote.ssl=false 
java_command: com.manamer.backend.business.sellout.SelloutApplication
java_class_path (initial): C:\Users\Fernanda Jama\OneDrive - Manamer\Documentos\PROYECTOS 2025-2026\sellout1\backend\business\sellout\target\classes;C:\Users\Fernanda Jama\.m2\repository\org\springframework\boot\spring-boot-starter\3.2.4\spring-boot-starter-3.2.4.jar;C:\Users\Fernanda Jama\.m2\repository\org\springframework\boot\spring-boot\3.2.4\spring-boot-3.2.4.jar;C:\Users\Fernanda Jama\.m2\repository\org\springframework\boot\spring-boot-autoconfigure\3.2.4\spring-boot-autoconfigure-3.2.4.jar;C:\Users\Fernanda Jama\.m2\repository\org\springframework\boot\spring-boot-starter-logging\3.2.4\spring-boot-starter-logging-3.2.4.jar;C:\Users\Fernanda Jama\.m2\repository\ch\qos\logback\logback-classic\1.4.14\logback-classic-1.4.14.jar;C:\Users\Fernanda Jama\.m2\repository\ch\qos\logback\logback-core\1.4.14\logback-core-1.4.14.jar;C:\Users\Fernanda Jama\.m2\repository\org\apache\logging\log4j\log4j-to-slf4j\2.23.1\log4j-to-slf4j-2.23.1.jar;C:\Users\Fernanda Jama\.m2\repository\org\slf4j\jul-to-slf4j\2.0.12\jul-to-slf4j-2.0.12.jar;C:\Users\Fernanda Jama\.m2\repository\jakarta\annotation\jakarta.annotation-api\2.1.1\jakarta.annotation-api-2.1.1.jar;C:\Users\Fernanda Jama\.m2\repository\org\springframework\spring-core\6.1.11\spring-core-6.1.11.jar;C:\Users\Fernanda Jama\.m2\repository\org\springframework\spring-jcl\6.1.11\spring-jcl-6.1.11.jar;C:\Users\Fernanda Jama\.m2\repository\org\yaml\snakeyaml\2.2\snakeyaml-2.2.jar;C:\Users\Fernanda Jama\.m2\repository\com\microsoft\sqlserver\mssql-jdbc\12.4.2.jre11\mssql-jdbc-12.4.2.jre11.jar;C:\Users\Fernanda Jama\.m2\repository\org\projectlombok\lombok\1.18.28\lombok-1.18.28.jar;C:\Users\Fernanda Jama\.m2\repository\org\springframework\boot\spring-boot-starter-data-jpa\3.2.4\spring-boot-starter-data-jpa-3.2.4.jar;C:\Users\Fernanda Jama\.m2\repository\org\springframework\boot\spring-boot-starter-aop\3.2.4\spring-boot-starter-aop-3.2.4.jar;C:\Users\Fernanda Jama\.m2\repository\org\aspectj\aspectjweaver\1.9.21\aspectjweaver-1.9.21.ja
Launcher Type: SUN_STANDARD

[Global flags]
     intx CICompilerCount                          = 4                                         {product} {ergonomic}
     uint ConcGCThreads                            = 2                                         {product} {ergonomic}
     uint G1ConcRefinementThreads                  = 8                                         {product} {ergonomic}
   size_t G1HeapRegionSize                         = 8388608                                   {product} {ergonomic}
    uintx GCDrainStackTargetSize                   = 64                                        {product} {ergonomic}
   size_t InitialHeapSize                          = 671088640                                 {product} {ergonomic}
     bool ManagementServer                         = true                                      {product} {command line}
   size_t MarkStackSize                            = 4194304                                   {product} {ergonomic}
   size_t MaxHeapSize                              = 10687086592                               {product} {ergonomic}
   size_t MaxNewSize                               = 6408896512                                {product} {ergonomic}
   size_t MinHeapDeltaBytes                        = 8388608                                   {product} {ergonomic}
   size_t MinHeapSize                              = 8388608                                   {product} {ergonomic}
    uintx NonNMethodCodeHeapSize                   = 5839372                                {pd product} {ergonomic}
    uintx NonProfiledCodeHeapSize                  = 122909434                              {pd product} {ergonomic}
    uintx ProfiledCodeHeapSize                     = 122909434                              {pd product} {ergonomic}
    uintx ReservedCodeCacheSize                    = 251658240                              {pd product} {ergonomic}
     bool SegmentedCodeCache                       = true                                      {product} {ergonomic}
     bool ShowCodeDetailsInExceptionMessages       = true                                   {manageable} {command line}
   size_t SoftMaxHeapSize                          = 10687086592                            {manageable} {ergonomic}
     bool UseCompressedClassPointers               = true                           {product lp64_product} {ergonomic}
     bool UseCompressedOops                        = true                           {product lp64_product} {ergonomic}
     bool UseG1GC                                  = true                                      {product} {ergonomic}
     bool UseLargePagesIndividualAllocation        = false                                  {pd product} {ergonomic}

Logging:
Log output configuration:
 #0: stdout all=warning uptime,level,tags
 #1: stderr all=off uptime,level,tags

Environment Variables:
JAVA_HOME=C:\\Program Files\\Java\\jdk-17
CLASSPATH=C:\Program Files\SAP\SAP Business One DI API\JCO\LIB\sbowrapper.jar;C:\Program Files\SAP\SAP Business One DI API\JCO\LIB\sboapi.jar
PATH=C:\\Program Files\\Java\\jdk-17\\bin;C:\\Users\\Fernanda Jama\\.trae\\tools\\maven\\latest\\bin;C:\\Users\\Fernanda Jama\\.trae\\tools\\gradle\\latest\\bin;C:\Program Files\Java\jdk-17\bin;C:\Users\Fernanda Jama\.trae\tools\maven\latest\bin;C:\Users\Fernanda Jama\.trae\tools\gradle\latest\bin;C:\Python313\Scripts\;C:\Python313\;C:\Program Files\Microsoft MPI\Bin\;C:\Program Files\Common Files\Oracle\Java\javapath;C:\Windows\system32;C:\Windows;C:\Windows\System32\Wbem;C:\Windows\System32\WindowsPowerShell\v1.0\;C:\Windows\System32\OpenSSH\;C:\Program Files\Microsoft SQL Server\Client SDK\ODBC\170\Tools\Binn\;C:\Program Files (x86)\Microsoft SQL Server\150\Tools\Binn\;C:\Program Files\Microsoft SQL Server\150\Tools\Binn\;C:\Program Files\Microsoft SQL Server\150\DTS\Binn\;C:\Program Files (x86)\Microsoft SQL Server\160\DTS\Binn\;C:\Program Files\nodejs\;C:\ProgramData\chocolatey\bin;C:\Program Files\SAP\SAP Business One DI API\JCO\LIB\;C:\Program Files\SAP\SAP Business One DI API\DI API 90;C:\Program Files\SAP\SAP Business One\;C:\Program Files\apache-maven-3.8.8-bin\apache-maven-3.8.8\bin;C:\Program Files\Git\cmd;C:\Users\Fernanda Jama\AppData\Local\Microsoft\WindowsApps;C:\Users\Fernanda Jama\AppData\Local\GitHubDesktop\bin;C:\Users\Fernanda Jama\AppData\Local\Programs\Microsoft VS Code\bin;C:\Users\Fernanda Jama\AppData\Roaming\npm
USERNAME=Fernanda Jama
LANG=en_US.UTF-8
OS=Windows_NT
PROCESSOR_IDENTIFIER=Intel64 Family 6 Model 140 Stepping 1, GenuineIntel



---------------  S Y S T E M  ---------------

OS:
 Windows 11 , 64 bit Build 26100 (10.0.26100.4768)
OS uptime: 0 days 5:48 hours
Hyper-V role detected

CPU: total 8 (initial active 8) (4 cores per cpu, 2 threads per core) family 6 model 140 stepping 1 microcode 0xb8, cx8, cmov, fxsr, ht, mmx, 3dnowpref, sse, sse2, sse3, ssse3, sse4.1, sse4.2, popcnt, lzcnt, tsc, tscinvbit, avx, avx2, aes, erms, clmul, bmi1, bmi2, adx, avx512f, avx512dq, avx512cd, avx512bw, avx512vl, sha, fma, vzeroupper, avx512_vpopcntdq, avx512_vpclmulqdq, avx512_vaes, avx512_vnni, clflush, clflushopt, clwb, avx512_vbmi2, avx512_vbmi, hv

Memory: 4k page, system-wide physical 40743M (244M free)
TotalPageFile size 101623M (AvailPageFile size 0M)
current process WorkingSet (physical memory assigned to process): 160M, peak: 2534M
current process commit charge ("private bytes"): 2774M, peak: 2802M

vm_info: Java HotSpot(TM) 64-Bit Server VM (17.0.15+9-LTS-241) for windows-amd64 JRE (17.0.15+9-LTS-241), built on Feb 20 2025 10:49:54 by "mach5one" with MS VC++ 17.6 (VS2022)

END.
