#
# There is insufficient memory for the Java Runtime Environment to continue.
# Native memory allocation (mmap) failed to map 671088640 bytes for G1 virtual space
# Possible reasons:
#   The system is out of physical RAM or swap space
#   The process is running with CompressedOops enabled, and the Java Heap may be blocking the growth of the native heap
# Possible solutions:
#   Reduce memory load on the system
#   Increase physical memory or swap space
#   Check if swap backing store is full
#   Decrease Java heap size (-Xmx/-Xms)
#   Decrease number of Java threads
#   Decrease Java thread stack sizes (-Xss)
#   Set larger code cache with -XX:ReservedCodeCacheSize=
#   JVM is running with Zero Based Compressed Oops mode in which the Java heap is
#     placed in the first 32GB address space. The Java Heap base address is the
#     maximum limit for the native heap growth. Please use -XX:HeapBaseMinAddress
#     to set the Java Heap base and to place the Java Heap above 32GB virtual address.
# This output file may be truncated or incomplete.
#
#  Out of Memory Error (os_windows.cpp:3551), pid=100, tid=12112
#
# JRE version:  (17.0.15+9) (build )
# Java VM: Java HotSpot(TM) 64-Bit Server VM (17.0.15+9-LTS-241, mixed mode, sharing, tiered, compressed oops, compressed class ptrs, g1 gc, windows-amd64)
# No core dump will be written. Minidumps are not enabled by default on client versions of Windows
#

---------------  S U M M A R Y ------------

Command Line: 

Host: 11th Gen Intel(R) Core(TM) i7-1165G7 @ 2.80GHz, 8 cores, 39G,  Windows 11 , 64 bit Build 26100 (10.0.26100.5074)
Time: Tue Sep  9 23:21:48 2025 Hora est. Pacífico, Sudamérica elapsed time: 1.368565 seconds (0d 0h 0m 1s)

---------------  T H R E A D  ---------------

Current thread (0x0000029b794cf770):  JavaThread "Unknown thread" [_thread_in_vm, id=12112, stack(0x000000e70c900000,0x000000e70ca00000)]

Stack: [0x000000e70c900000,0x000000e70ca00000]
Native frames: (J=compiled Java code, j=interpreted, Vv=VM code, C=native code)
V  [jvm.dll+0x67a46a]
V  [jvm.dll+0x7da6ad]
V  [jvm.dll+0x7dbff3]
V  [jvm.dll+0x7dc663]
V  [jvm.dll+0x24523f]
V  [jvm.dll+0x677499]
V  [jvm.dll+0x66c122]
V  [jvm.dll+0x302156]
V  [jvm.dll+0x3096f6]
V  [jvm.dll+0x35a04e]
V  [jvm.dll+0x35a27f]
V  [jvm.dll+0x2d9228]
V  [jvm.dll+0x2da194]
V  [jvm.dll+0x7ace91]
V  [jvm.dll+0x3678b1]
V  [jvm.dll+0x78be69]
V  [jvm.dll+0x3ecc6e]
V  [jvm.dll+0x3ee8a1]
C  [jli.dll+0x5297]
C  [ucrtbase.dll+0x37b0]
C  [KERNEL32.DLL+0x2e8d7]
C  [ntdll.dll+0x8d9c]


---------------  P R O C E S S  ---------------

Threads class SMR info:
_java_thread_list=0x00007ffd81728a18, length=0, elements={
}

Java Threads: ( => current thread )

Other Threads:
  0x0000029b795712a0 GCTaskThread "GC Thread#0" [stack: 0x000000e70ca00000,0x000000e70cb00000] [id=14176]
  0x0000029b7957c130 ConcurrentGCThread "G1 Main Marker" [stack: 0x000000e70cb00000,0x000000e70cc00000] [id=20336]
  0x0000029b7957d810 ConcurrentGCThread "G1 Conc#0" [stack: 0x000000e70cc00000,0x000000e70cd00000] [id=22624]

[error occurred during error reporting (printing all threads), id 0xc0000005, EXCEPTION_ACCESS_VIOLATION (0xc0000005) at pc=0x00007ffd80f59d17]

VM state: not at safepoint (not fully initialized)

VM Mutex/Monitor currently owned by a thread:  ([mutex/lock_event])
[0x0000029b794ccdf0] Heap_lock - owner thread: 0x0000029b794cf770

Heap address: 0x0000000583000000, size: 10192 MB, Compressed Oops mode: Zero based, Oop shift amount: 3

CDS archive(s) mapped at: [0x0000000000000000-0x0000000000000000-0x0000000000000000), size 0, SharedBaseAddress: 0x0000000800000000, ArchiveRelocationMode: 1.
Narrow klass base: 0x0000000000000000, Narrow klass shift: 0, Narrow klass range: 0x0

GC Precious Log:
<Empty>

Heap:
 garbage-first heap   total 0K, used 0K [0x0000000583000000, 0x0000000800000000)
  region size 8192K, 0 young (0K), 0 survivors (0K)

[error occurred during error reporting (printing heap information), id 0xc0000005, EXCEPTION_ACCESS_VIOLATION (0xc0000005) at pc=0x00007ffd81343c09]

GC Heap History (0 events):
No events

Deoptimization events (0 events):
No events

Classes unloaded (0 events):
No events

Classes redefined (0 events):
No events

Internal exceptions (0 events):
No events

VM Operations (0 events):
No events

Events (1 events):
Event: 0.033 Loaded shared library C:\Program Files\Java\jdk-17\bin\java.dll


Dynamic libraries:
0x00007ff678ba0000 - 0x00007ff678bb0000 	C:\Program Files\Java\jdk-17\bin\java.exe
0x00007ffe19d40000 - 0x00007ffe19fa9000 	C:\Windows\SYSTEM32\ntdll.dll
0x00007ffe18cf0000 - 0x00007ffe18db9000 	C:\Windows\System32\KERNEL32.DLL
0x00007ffe17380000 - 0x00007ffe17773000 	C:\Windows\System32\KERNELBASE.dll
0x00007ffe17230000 - 0x00007ffe1737b000 	C:\Windows\System32\ucrtbase.dll
0x00007ffe00f70000 - 0x00007ffe00f89000 	C:\Program Files\Java\jdk-17\bin\jli.dll
0x00007ffe00cd0000 - 0x00007ffe00ceb000 	C:\Program Files\Java\jdk-17\bin\VCRUNTIME140.dll
0x00007ffe19380000 - 0x00007ffe19434000 	C:\Windows\System32\ADVAPI32.dll
0x00007ffe199d0000 - 0x00007ffe19a79000 	C:\Windows\System32\msvcrt.dll
0x00007ffe18260000 - 0x00007ffe18306000 	C:\Windows\System32\sechost.dll
0x00007ffe19be0000 - 0x00007ffe19cf8000 	C:\Windows\System32\RPCRT4.dll
0x00007ffe17b90000 - 0x00007ffe17d54000 	C:\Windows\System32\USER32.dll
0x00007ffe17a30000 - 0x00007ffe17a57000 	C:\Windows\System32\win32u.dll
0x00007ffe19800000 - 0x00007ffe1982b000 	C:\Windows\System32\GDI32.dll
0x00007ffe17780000 - 0x00007ffe178ad000 	C:\Windows\System32\gdi32full.dll
0x00007ffe17a60000 - 0x00007ffe17b03000 	C:\Windows\System32\msvcp_win.dll
0x00007ffdf8670000 - 0x00007ffdf8903000 	C:\Windows\WinSxS\amd64_microsoft.windows.common-controls_6595b64144ccf1df_6.0.26100.5074_none_3e0d6f78e32fd63f\COMCTL32.dll
0x00007ffe08e90000 - 0x00007ffe08e9b000 	C:\Windows\SYSTEM32\VERSION.dll
0x00007ffe19550000 - 0x00007ffe1957f000 	C:\Windows\System32\IMM32.DLL
0x00007ffe06fe0000 - 0x00007ffe06fec000 	C:\Program Files\Java\jdk-17\bin\vcruntime140_1.dll
0x00007ffdf5300000 - 0x00007ffdf538e000 	C:\Program Files\Java\jdk-17\bin\msvcp140.dll
0x00007ffd80c70000 - 0x00007ffd81851000 	C:\Program Files\Java\jdk-17\bin\server\jvm.dll
0x00007ffe18ce0000 - 0x00007ffe18ce8000 	C:\Windows\System32\PSAPI.DLL
0x00007ffe00210000 - 0x00007ffe00245000 	C:\Windows\SYSTEM32\WINMM.dll
0x00007ffe07600000 - 0x00007ffe0760a000 	C:\Windows\SYSTEM32\WSOCK32.dll
0x00007ffe19140000 - 0x00007ffe191b4000 	C:\Windows\System32\WS2_32.dll
0x00007ffe15c70000 - 0x00007ffe15c8b000 	C:\Windows\SYSTEM32\kernel.appcore.dll
0x00007ffe01260000 - 0x00007ffe0126a000 	C:\Program Files\Java\jdk-17\bin\jimage.dll
0x00007ffe14610000 - 0x00007ffe14852000 	C:\Windows\SYSTEM32\DBGHELP.DLL
0x00007ffe18dc0000 - 0x00007ffe1913b000 	C:\Windows\System32\combase.dll
0x00007ffe19690000 - 0x00007ffe19767000 	C:\Windows\System32\OLEAUT32.dll
0x00007ffddcbc0000 - 0x00007ffddcbfd000 	C:\Windows\SYSTEM32\dbgcore.DLL
0x00007ffe17040000 - 0x00007ffe170d9000 	C:\Windows\System32\bcryptPrimitives.dll
0x00007ffe00320000 - 0x00007ffe00345000 	C:\Program Files\Java\jdk-17\bin\java.dll

dbghelp: loaded successfully - version: 4.0.5 - missing functions: none
symbol engine: initialized successfully - sym options: 0x614 - pdb path: .;C:\Program Files\Java\jdk-17\bin;C:\Windows\SYSTEM32;C:\Windows\WinSxS\amd64_microsoft.windows.common-controls_6595b64144ccf1df_6.0.26100.5074_none_3e0d6f78e32fd63f;C:\Program Files\Java\jdk-17\bin\server

VM Arguments:
java_command: <unknown>
java_class_path (initial): C:\Program Files\SAP\SAP Business One DI API\JCO\LIB\sbowrapper.jar;C:\Program Files\SAP\SAP Business One DI API\JCO\LIB\sboapi.jar
Launcher Type: SUN_STANDARD

[Global flags]
     intx CICompilerCount                          = 4                                         {product} {ergonomic}
     uint ConcGCThreads                            = 2                                         {product} {ergonomic}
     uint G1ConcRefinementThreads                  = 8                                         {product} {ergonomic}
   size_t G1HeapRegionSize                         = 8388608                                   {product} {ergonomic}
    uintx GCDrainStackTargetSize                   = 64                                        {product} {ergonomic}
   size_t InitialHeapSize                          = 671088640                                 {product} {ergonomic}
   size_t MarkStackSize                            = 4194304                                   {product} {ergonomic}
   size_t MaxHeapSize                              = 10687086592                               {product} {ergonomic}
   size_t MinHeapDeltaBytes                        = 8388608                                   {product} {ergonomic}
   size_t MinHeapSize                              = 8388608                                   {product} {ergonomic}
    uintx NonNMethodCodeHeapSize                   = 5839372                                {pd product} {ergonomic}
    uintx NonProfiledCodeHeapSize                  = 122909434                              {pd product} {ergonomic}
    uintx ProfiledCodeHeapSize                     = 122909434                              {pd product} {ergonomic}
    uintx ReservedCodeCacheSize                    = 251658240                              {pd product} {ergonomic}
     bool SegmentedCodeCache                       = true                                      {product} {ergonomic}
   size_t SoftMaxHeapSize                          = 10687086592                            {manageable} {ergonomic}
     bool UseCompressedClassPointers               = true                           {product lp64_product} {ergonomic}
     bool UseCompressedOops                        = true                           {product lp64_product} {ergonomic}
     bool UseG1GC                                  = true                                      {product} {ergonomic}
     bool UseLargePagesIndividualAllocation        = false                                  {pd product} {ergonomic}

Logging:
Log output configuration:
 #0: stdout all=warning uptime,level,tags
 #1: stderr all=off uptime,level,tags

Environment Variables:
CLASSPATH=C:\Program Files\SAP\SAP Business One DI API\JCO\LIB\sbowrapper.jar;C:\Program Files\SAP\SAP Business One DI API\JCO\LIB\sboapi.jar
PATH=C:\Python313\Scripts\;C:\Python313\;C:\Program Files\Microsoft MPI\Bin\;C:\Program Files\Common Files\Oracle\Java\javapath;C:\Windows\system32;C:\Windows;C:\Windows\System32\Wbem;C:\Windows\System32\WindowsPowerShell\v1.0\;C:\Windows\System32\OpenSSH\;C:\Program Files\Microsoft SQL Server\Client SDK\ODBC\170\Tools\Binn\;C:\Program Files (x86)\Microsoft SQL Server\150\Tools\Binn\;C:\Program Files\Microsoft SQL Server\150\Tools\Binn\;C:\Program Files\Microsoft SQL Server\150\DTS\Binn\;C:\Program Files (x86)\Microsoft SQL Server\160\DTS\Binn\;C:\Program Files\nodejs\;C:\ProgramData\chocolatey\bin;C:\Program Files\SAP\SAP Business One DI API\JCO\LIB\;C:\Program Files\SAP\SAP Business One DI API\DI API 90;C:\Program Files\SAP\SAP Business One\;C:\Program Files\apache-maven-3.8.8-bin\apache-maven-3.8.8\bin;C:\Program Files\Git\cmd;C:\Users\Fernanda Jama\AppData\Local\Microsoft\WindowsApps;C:\Users\Fernanda Jama\AppData\Local\GitHubDesktop\bin;C:\Users\Fernanda Jama\AppData\Local\Programs\Microsoft VS Code\bin;C:\Users\Fernanda Jama\AppData\Roaming\npm;c:\Users\Fernanda Jama\AppData\Local\Programs\Trae\resources\app\bin\lib;C:\Users\Fernanda Jama\.trae\tools\maven\latest\bin;C:\Users\Fernanda Jama\.trae\tools\gradle\latest\bin
USERNAME=Fernanda Jama
OS=Windows_NT
PROCESSOR_IDENTIFIER=Intel64 Family 6 Model 140 Stepping 1, GenuineIntel



---------------  S Y S T E M  ---------------

OS:
 Windows 11 , 64 bit Build 26100 (10.0.26100.5074)
OS uptime: 0 days 6:58 hours
Hyper-V role detected

CPU: total 8 (initial active 8) (4 cores per cpu, 2 threads per core) family 6 model 140 stepping 1 microcode 0xb8, cx8, cmov, fxsr, ht, mmx, 3dnowpref, sse, sse2, sse3, ssse3, sse4.1, sse4.2, popcnt, lzcnt, tsc, tscinvbit, avx, avx2, aes, erms, clmul, bmi1, bmi2, adx, avx512f, avx512dq, avx512cd, avx512bw, avx512vl, sha, fma, vzeroupper, avx512_vpopcntdq, avx512_vpclmulqdq, avx512_vaes, avx512_vnni, clflush, clflushopt, clwb, avx512_vbmi2, avx512_vbmi, hv

Memory: 4k page, system-wide physical 40743M (565M free)
TotalPageFile size 101623M (AvailPageFile size 109M)
current process WorkingSet (physical memory assigned to process): 12M, peak: 12M
current process commit charge ("private bytes"): 60M, peak: 700M

vm_info: Java HotSpot(TM) 64-Bit Server VM (17.0.15+9-LTS-241) for windows-amd64 JRE (17.0.15+9-LTS-241), built on Feb 20 2025 10:49:54 by "mach5one" with MS VC++ 17.6 (VS2022)

END.
