#
# There is insufficient memory for the Java Runtime Environment to continue.
# Native memory allocation (malloc) failed to allocate 2155136 bytes. Error detail: Chunk::new
# Possible reasons:
#   The system is out of physical RAM or swap space
#   This process is running with CompressedOops enabled, and the Java Heap may be blocking the growth of the native heap
# Possible solutions:
#   Reduce memory load on the system
#   Increase physical memory or swap space
#   Check if swap backing store is full
#   Decrease Java heap size (-Xmx/-Xms)
#   Decrease number of Java threads
#   Decrease Java thread stack sizes (-Xss)
#   Set larger code cache with -XX:ReservedCodeCacheSize=
#   JVM is running with Unscaled Compressed Oops mode in which the Java heap is
#     placed in the first 4GB address space. The Java Heap base address is the
#     maximum limit for the native heap growth. Please use -XX:HeapBaseMinAddress
#     to set the Java Heap base and to place the Java Heap above 4GB virtual address.
# This output file may be truncated or incomplete.
#
#  Out of Memory Error (arena.cpp:168), pid=30680, tid=24372
#
# JRE version: OpenJDK Runtime Environment Temurin-21.0.8+9 (21.0.8+9) (build 21.0.8+9-LTS)
# Java VM: OpenJDK 64-Bit Server VM Temurin-21.0.8+9 (21.0.8+9-LTS, mixed mode, sharing, tiered, compressed oops, compressed class ptrs, parallel gc, windows-amd64)
# No core dump will be written. Minidumps are not enabled by default on client versions of Windows
#

---------------  S U M M A R Y ------------

Command Line: --add-modules=ALL-SYSTEM --add-opens=java.base/java.util=ALL-UNNAMED --add-opens=java.base/java.lang=ALL-UNNAMED --add-opens=java.base/sun.nio.fs=ALL-UNNAMED -Declipse.application=org.eclipse.jdt.ls.core.id1 -Dosgi.bundles.defaultStartLevel=4 -Declipse.product=org.eclipse.jdt.ls.core.product -Djava.import.generatesMetadataFilesAtProjectRoot=false -DDetectVMInstallationsJob.disabled=true -Dfile.encoding=utf8 -XX:+UseParallelGC -XX:GCTimeRatio=4 -XX:AdaptiveSizePolicyWeight=90 -Dsun.zip.disableMemoryMapping=true -Xmx2G -Xms100m -Xlog:disable -javaagent:c:\Users\Fernanda Jama\.trae\extensions\redhat.java-1.44.0-win32-x64\lombok\lombok-1.18.39-4050.jar -XX:+HeapDumpOnOutOfMemoryError -XX:HeapDumpPath=c:\Users\Fernanda Jama\AppData\Roaming\Trae\User\workspaceStorage\15c722b02b3b73826bcb58a08aa3cd52\redhat.java -Daether.dependencyCollector.impl=bf c:\Users\Fernanda Jama\.trae\extensions\redhat.java-1.44.0-win32-x64\server\plugins\org.eclipse.equinox.launcher_1.7.0.v20250519-0528.jar -configuration c:\Users\Fernanda Jama\AppData\Roaming\Trae\User\globalStorage\redhat.java\1.44.0\config_win -data c:\Users\Fernanda Jama\AppData\Roaming\Trae\User\workspaceStorage\15c722b02b3b73826bcb58a08aa3cd52\redhat.java\jdt_ws --pipe=\\.\pipe\lsp-2bddc4d9f296062a22f983c38f54586b-sock

Host: 11th Gen Intel(R) Core(TM) i7-1165G7 @ 2.80GHz, 8 cores, 39G,  Windows 11 , 64 bit Build 26100 (10.0.26100.5074)
Time: Fri Sep  5 10:45:38 2025 Hora est. Pacífico, Sudamérica elapsed time: 162.852959 seconds (0d 0h 2m 42s)

---------------  T H R E A D  ---------------

Current thread (0x0000023bff2dc660):  JavaThread "C2 CompilerThread0" daemon [_thread_in_native, id=24372, stack(0x000000c781800000,0x000000c781900000) (1024K)]


Current CompileTask:
C2:162853 19621 %     4       org.lombokweb.asm.ClassReader::readCode @ 2187 (5117 bytes)

Stack: [0x000000c781800000,0x000000c781900000]
Native frames: (J=compiled Java code, j=interpreted, Vv=VM code, C=native code)
V  [jvm.dll+0x6d2449]
V  [jvm.dll+0x8ae341]
V  [jvm.dll+0x8b08be]
V  [jvm.dll+0x8b0fa3]
V  [jvm.dll+0x280c96]
V  [jvm.dll+0xc581d]
V  [jvm.dll+0xc5d53]
V  [jvm.dll+0x3b919c]
V  [jvm.dll+0x1e1213]
V  [jvm.dll+0x249022]
V  [jvm.dll+0x2484af]
V  [jvm.dll+0x1c89ee]
V  [jvm.dll+0x257d4d]
V  [jvm.dll+0x2562ea]
V  [jvm.dll+0x3f2d16]
V  [jvm.dll+0x857e6b]
V  [jvm.dll+0x6d0b0d]
C  [ucrtbase.dll+0x37b0]
C  [KERNEL32.DLL+0x2e8d7]
C  [ntdll.dll+0x8d9c]


---------------  P R O C E S S  ---------------

Threads class SMR info:
_java_thread_list=0x0000023bc8c48dc0, length=68, elements={
0x0000023be64fded0, 0x0000023be65ae6b0, 0x0000023bff2d13c0, 0x0000023bff2d7330,
0x0000023bff2d7f80, 0x0000023bff2d8bd0, 0x0000023bff2d9820, 0x0000023bff2dc660,
0x0000023bff2fcb40, 0x0000023bc60aff70, 0x0000023bc6309350, 0x0000023bc6b997e0,
0x0000023bc6c3aea0, 0x0000023bc695baa0, 0x0000023bc695c100, 0x0000023bc71caa90,
0x0000023bc6ee62e0, 0x0000023bc71079f0, 0x0000023bc7108080, 0x0000023bc7108710,
0x0000023bc7105920, 0x0000023bc7105fb0, 0x0000023bc7107360, 0x0000023bc7108da0,
0x0000023bc9bd2320, 0x0000023bc9bd3d60, 0x0000023bc9bd3040, 0x0000023bc9bd36d0,
0x0000023bc9bd43f0, 0x0000023bc9bd1c90, 0x0000023bc9bd7f00, 0x0000023bc9bd57a0,
0x0000023bc9bd4a80, 0x0000023bc9bd7870, 0x0000023bc9bd5110, 0x0000023bc9bd6b50,
0x0000023bc9bd8590, 0x0000023bc9bd8c20, 0x0000023bc9bd92b0, 0x0000023bc9bd64c0,
0x0000023bcadf0f40, 0x0000023bcadeee70, 0x0000023bcadee7e0, 0x0000023bcadefb90,
0x0000023bcadf0220, 0x0000023bcadedac0, 0x0000023bcadf15d0, 0x0000023bcadf1c60,
0x0000023bcadf22f0, 0x0000023bcb9989a0, 0x0000023bcb99b100, 0x0000023bcb997c80,
0x0000023bcb9996c0, 0x0000023bcb99a3e0, 0x0000023bcb99b790, 0x0000023bcb999030,
0x0000023bcb998310, 0x0000023bcb99ec10, 0x0000023bcb99be20, 0x0000023bc749bbb0,
0x0000023bc749dc80, 0x0000023bc749c8d0, 0x0000023bc749f030, 0x0000023bc749b520,
0x0000023bcb999d50, 0x0000023bcb99def0, 0x0000023bd4dc4e40, 0x0000023bd4dc3300
}

Java Threads: ( => current thread )
  0x0000023be64fded0 JavaThread "main"                              [_thread_blocked, id=32188, stack(0x000000c780e00000,0x000000c780f00000) (1024K)]
  0x0000023be65ae6b0 JavaThread "Reference Handler"          daemon [_thread_blocked, id=23548, stack(0x000000c781200000,0x000000c781300000) (1024K)]
  0x0000023bff2d13c0 JavaThread "Finalizer"                  daemon [_thread_blocked, id=30548, stack(0x000000c781300000,0x000000c781400000) (1024K)]
  0x0000023bff2d7330 JavaThread "Signal Dispatcher"          daemon [_thread_blocked, id=30872, stack(0x000000c781400000,0x000000c781500000) (1024K)]
  0x0000023bff2d7f80 JavaThread "Attach Listener"            daemon [_thread_blocked, id=17852, stack(0x000000c781500000,0x000000c781600000) (1024K)]
  0x0000023bff2d8bd0 JavaThread "Service Thread"             daemon [_thread_blocked, id=22376, stack(0x000000c781600000,0x000000c781700000) (1024K)]
  0x0000023bff2d9820 JavaThread "Monitor Deflation Thread"   daemon [_thread_blocked, id=22696, stack(0x000000c781700000,0x000000c781800000) (1024K)]
=>0x0000023bff2dc660 JavaThread "C2 CompilerThread0"         daemon [_thread_in_native, id=24372, stack(0x000000c781800000,0x000000c781900000) (1024K)]
  0x0000023bff2fcb40 JavaThread "C1 CompilerThread0"         daemon [_thread_blocked, id=22220, stack(0x000000c781900000,0x000000c781a00000) (1024K)]
  0x0000023bc60aff70 JavaThread "Common-Cleaner"             daemon [_thread_blocked, id=11612, stack(0x000000c781a00000,0x000000c781b00000) (1024K)]
  0x0000023bc6309350 JavaThread "Notification Thread"        daemon [_thread_blocked, id=20924, stack(0x000000c781b00000,0x000000c781c00000) (1024K)]
  0x0000023bc6b997e0 JavaThread "Active Thread: Equinox Container: 42fd5194-f4fc-41ab-96e3-d3037287ef15"        [_thread_blocked, id=23444, stack(0x000000c782400000,0x000000c782500000) (1024K)]
  0x0000023bc6c3aea0 JavaThread "Refresh Thread: Equinox Container: 42fd5194-f4fc-41ab-96e3-d3037287ef15" daemon [_thread_blocked, id=31648, stack(0x000000c782600000,0x000000c782700000) (1024K)]
  0x0000023bc695baa0 JavaThread "Framework Event Dispatcher: Equinox Container: 42fd5194-f4fc-41ab-96e3-d3037287ef15" daemon [_thread_blocked, id=26044, stack(0x000000c782700000,0x000000c782800000) (1024K)]
  0x0000023bc695c100 JavaThread "Start Level: Equinox Container: 42fd5194-f4fc-41ab-96e3-d3037287ef15" daemon [_thread_blocked, id=30264, stack(0x000000c782800000,0x000000c782900000) (1024K)]
  0x0000023bc71caa90 JavaThread "Bundle File Closer"         daemon [_thread_blocked, id=26580, stack(0x000000c782900000,0x000000c782a00000) (1024K)]
  0x0000023bc6ee62e0 JavaThread "SCR Component Actor"        daemon [_thread_blocked, id=17616, stack(0x000000c781c00000,0x000000c781d00000) (1024K)]
  0x0000023bc71079f0 JavaThread "Worker-JM"                         [_thread_blocked, id=20180, stack(0x000000c782b00000,0x000000c782c00000) (1024K)]
  0x0000023bc7108080 JavaThread "JNA Cleaner"                daemon [_thread_blocked, id=31440, stack(0x000000c782a00000,0x000000c782b00000) (1024K)]
  0x0000023bc7108710 JavaThread "Worker-0"                          [_thread_blocked, id=26816, stack(0x000000c782c00000,0x000000c782d00000) (1024K)]
  0x0000023bc7105920 JavaThread "Worker-1"                          [_thread_blocked, id=10872, stack(0x000000c782d00000,0x000000c782e00000) (1024K)]
  0x0000023bc7105fb0 JavaThread "Worker-2"                          [_thread_blocked, id=11112, stack(0x000000c782e00000,0x000000c782f00000) (1024K)]
  0x0000023bc7107360 JavaThread "Java indexing"              daemon [_thread_in_vm, id=8916, stack(0x000000c783100000,0x000000c783200000) (1024K)]
  0x0000023bc7108da0 JavaThread "Worker-3: Java indexing... "        [_thread_blocked, id=26444, stack(0x000000c783200000,0x000000c783300000) (1024K)]
  0x0000023bc9bd2320 JavaThread "Worker-4"                          [_thread_blocked, id=8256, stack(0x000000c783300000,0x000000c783400000) (1024K)]
  0x0000023bc9bd3d60 JavaThread "Worker-5"                          [_thread_blocked, id=18100, stack(0x000000c783600000,0x000000c783700000) (1024K)]
  0x0000023bc9bd3040 JavaThread "Worker-6"                          [_thread_blocked, id=30164, stack(0x000000c783700000,0x000000c783800000) (1024K)]
  0x0000023bc9bd36d0 JavaThread "Thread-2"                   daemon [_thread_in_native, id=32288, stack(0x000000c783800000,0x000000c783900000) (1024K)]
  0x0000023bc9bd43f0 JavaThread "Thread-3"                   daemon [_thread_in_native, id=32036, stack(0x000000c783900000,0x000000c783a00000) (1024K)]
  0x0000023bc9bd1c90 JavaThread "Thread-4"                   daemon [_thread_in_native, id=27892, stack(0x000000c783a00000,0x000000c783b00000) (1024K)]
  0x0000023bc9bd7f00 JavaThread "Thread-5"                   daemon [_thread_in_native, id=12300, stack(0x000000c783b00000,0x000000c783c00000) (1024K)]
  0x0000023bc9bd57a0 JavaThread "Thread-6"                   daemon [_thread_in_native, id=5876, stack(0x000000c783c00000,0x000000c783d00000) (1024K)]
  0x0000023bc9bd4a80 JavaThread "Thread-7"                   daemon [_thread_in_native, id=26240, stack(0x000000c783d00000,0x000000c783e00000) (1024K)]
  0x0000023bc9bd7870 JavaThread "Thread-8"                   daemon [_thread_in_native, id=26460, stack(0x000000c783e00000,0x000000c783f00000) (1024K)]
  0x0000023bc9bd5110 JavaThread "Thread-9"                   daemon [_thread_in_native, id=18480, stack(0x000000c783f00000,0x000000c784000000) (1024K)]
  0x0000023bc9bd6b50 JavaThread "Thread-10"                  daemon [_thread_in_native, id=3436, stack(0x000000c784000000,0x000000c784100000) (1024K)]
  0x0000023bc9bd8590 JavaThread "pool-2-thread-1"                   [_thread_blocked, id=28364, stack(0x000000c784100000,0x000000c784200000) (1024K)]
  0x0000023bc9bd8c20 JavaThread "WorkspaceEventsHandler"            [_thread_blocked, id=20852, stack(0x000000c784200000,0x000000c784300000) (1024K)]
  0x0000023bc9bd92b0 JavaThread "pool-1-thread-1"                   [_thread_blocked, id=11820, stack(0x000000c784300000,0x000000c784400000) (1024K)]
  0x0000023bc9bd64c0 JavaThread "Worker-7"                          [_thread_blocked, id=1912, stack(0x000000c784400000,0x000000c784500000) (1024K)]
  0x0000023bcadf0f40 JavaThread "LocalFile Deleter"          daemon [_thread_blocked, id=32516, stack(0x000000c783000000,0x000000c783100000) (1024K)]
  0x0000023bcadeee70 JavaThread "LocalFile Deleter"          daemon [_thread_blocked, id=25136, stack(0x000000c784500000,0x000000c784600000) (1024K)]
  0x0000023bcadee7e0 JavaThread "LocalFile Deleter"          daemon [_thread_blocked, id=27796, stack(0x000000c784600000,0x000000c784700000) (1024K)]
  0x0000023bcadefb90 JavaThread "LocalFile Deleter"          daemon [_thread_blocked, id=26164, stack(0x000000c784700000,0x000000c784800000) (1024K)]
  0x0000023bcadf0220 JavaThread "LocalFile Deleter"          daemon [_thread_blocked, id=32404, stack(0x000000c784800000,0x000000c784900000) (1024K)]
  0x0000023bcadedac0 JavaThread "LocalFile Deleter"          daemon [_thread_blocked, id=22080, stack(0x000000c784900000,0x000000c784a00000) (1024K)]
  0x0000023bcadf15d0 JavaThread "LocalFile Deleter"          daemon [_thread_blocked, id=12952, stack(0x000000c784a00000,0x000000c784b00000) (1024K)]
  0x0000023bcadf1c60 JavaThread "Compiler Source File Reader" daemon [_thread_blocked, id=32752, stack(0x000000c784b00000,0x000000c784c00000) (1024K)]
  0x0000023bcadf22f0 JavaThread "Compiler Source File Reader" daemon [_thread_blocked, id=25964, stack(0x000000c784c00000,0x000000c784d00000) (1024K)]
  0x0000023bcb9989a0 JavaThread "Compiler Source File Reader" daemon [_thread_blocked, id=25868, stack(0x000000c784d00000,0x000000c784e00000) (1024K)]
  0x0000023bcb99b100 JavaThread "Compiler Source File Reader" daemon [_thread_blocked, id=27128, stack(0x000000c784e00000,0x000000c784f00000) (1024K)]
  0x0000023bcb997c80 JavaThread "Compiler Source File Reader" daemon [_thread_blocked, id=31384, stack(0x000000c784f00000,0x000000c785000000) (1024K)]
  0x0000023bcb9996c0 JavaThread "Compiler Source File Reader" daemon [_thread_blocked, id=27012, stack(0x000000c785000000,0x000000c785100000) (1024K)]
  0x0000023bcb99a3e0 JavaThread "Compiler Class File Writer" daemon [_thread_blocked, id=22112, stack(0x000000c785300000,0x000000c785400000) (1024K)]
  0x0000023bcb99b790 JavaThread "Compiler Class File Writer" daemon [_thread_blocked, id=26908, stack(0x000000c781d00000,0x000000c781e00000) (1024K)]
  0x0000023bcb999030 JavaThread "Compiler Class File Writer" daemon [_thread_blocked, id=22532, stack(0x000000c785400000,0x000000c785500000) (1024K)]
  0x0000023bcb998310 JavaThread "Compiler Class File Writer" daemon [_thread_blocked, id=14720, stack(0x000000c785600000,0x000000c785700000) (1024K)]
  0x0000023bcb99ec10 JavaThread "Compiler Class File Writer" daemon [_thread_blocked, id=20792, stack(0x000000c785700000,0x000000c785800000) (1024K)]
  0x0000023bcb99be20 JavaThread "Compiler Class File Writer" daemon [_thread_blocked, id=31048, stack(0x000000c785800000,0x000000c785900000) (1024K)]
  0x0000023bc749bbb0 JavaThread "ForkJoinPool.commonPool-worker-1" daemon [_thread_blocked, id=5924, stack(0x000000c785500000,0x000000c785600000) (1024K)]
  0x0000023bc749dc80 JavaThread "ForkJoinPool.commonPool-worker-3" daemon [_thread_blocked, id=15344, stack(0x000000c785a00000,0x000000c785b00000) (1024K)]
  0x0000023bc749c8d0 JavaThread "ForkJoinPool.commonPool-worker-4" daemon [_thread_blocked, id=8876, stack(0x000000c785b00000,0x000000c785c00000) (1024K)]
  0x0000023bc749f030 JavaThread "ForkJoinPool.commonPool-worker-5" daemon [_thread_in_vm, id=31012, stack(0x000000c785100000,0x000000c785200000) (1024K)]
  0x0000023bc749b520 JavaThread "ForkJoinPool.commonPool-worker-6" daemon [_thread_in_native, id=24320, stack(0x000000c785e00000,0x000000c785f00000) (1024K)]
  0x0000023bcb999d50 JavaThread "ForkJoinPool.commonPool-worker-7" daemon [_thread_blocked, id=31340, stack(0x000000c782f00000,0x000000c783000000) (1024K)]
  0x0000023bcb99def0 JavaThread "ForkJoinPool.commonPool-worker-8" daemon [_thread_blocked, id=12528, stack(0x000000c783400000,0x000000c783500000) (1024K)]
  0x0000023bd4dc4e40 JavaThread "C2 CompilerThread1"         daemon [_thread_in_native, id=20132, stack(0x000000c785200000,0x000000c785300000) (1024K)]
  0x0000023bd4dc3300 JavaThread "C2 CompilerThread2"         daemon [_thread_in_native, id=21136, stack(0x000000c785900000,0x000000c785a00000) (1024K)]
Total: 68

Other Threads:
  0x0000023bff2c34a0 VMThread "VM Thread"                           [id=27104, stack(0x000000c781100000,0x000000c781200000) (1024K)]
  0x0000023be656a430 WatcherThread "VM Periodic Task Thread"        [id=20424, stack(0x000000c781000000,0x000000c781100000) (1024K)]
  0x0000023be651d5e0 WorkerThread "GC Thread#0"                     [id=21884, stack(0x000000c780f00000,0x000000c781000000) (1024K)]
  0x0000023bc6a68ca0 WorkerThread "GC Thread#1"                     [id=10700, stack(0x000000c781e00000,0x000000c781f00000) (1024K)]
  0x0000023bc67c4230 WorkerThread "GC Thread#2"                     [id=7284, stack(0x000000c781f00000,0x000000c782000000) (1024K)]
  0x0000023bc67c45d0 WorkerThread "GC Thread#3"                     [id=27300, stack(0x000000c782000000,0x000000c782100000) (1024K)]
  0x0000023bc67c4970 WorkerThread "GC Thread#4"                     [id=1668, stack(0x000000c782100000,0x000000c782200000) (1024K)]
  0x0000023bc6536770 WorkerThread "GC Thread#5"                     [id=29776, stack(0x000000c782200000,0x000000c782300000) (1024K)]
  0x0000023bc6536b10 WorkerThread "GC Thread#6"                     [id=24904, stack(0x000000c782300000,0x000000c782400000) (1024K)]
  0x0000023bc68ee860 WorkerThread "GC Thread#7"                     [id=32300, stack(0x000000c782500000,0x000000c782600000) (1024K)]
Total: 10

Threads with active compile tasks:
C2 CompilerThread0  162934 19621 %     4       org.lombokweb.asm.ClassReader::readCode @ 2187 (5117 bytes)
C2 CompilerThread1  162934 19631       4       org.lombokweb.asm.SymbolTable::<init> (554 bytes)
C2 CompilerThread2  162935 19653   !   4       org.eclipse.jdt.core.dom.ASTNode::acceptChildren (49 bytes)
Total: 3

VM state: not at safepoint (normal execution)

VM Mutex/Monitor currently owned by a thread: None

Heap address: 0x0000000080000000, size: 2048 MB, Compressed Oops mode: 32-bit

CDS archive(s) mapped at: [0x0000023b80000000-0x0000023b80ba0000-0x0000023b80ba0000), size 12189696, SharedBaseAddress: 0x0000023b80000000, ArchiveRelocationMode: 1.
Compressed class space mapped at: 0x0000023b81000000-0x0000023bc1000000, reserved size: 1073741824
Narrow klass base: 0x0000023b80000000, Narrow klass shift: 0, Narrow klass range: 0x100000000

GC Precious Log:
 CardTable entry size: 512
 CPUs: 8 total, 8 available
 Memory: 40743M
 Large Page Support: Disabled
 NUMA Support: Disabled
 Compressed Oops: Enabled (32-bit)
 Alignments: Space 512K, Generation 512K, Heap 2M
 Heap Min Capacity: 100M
 Heap Initial Capacity: 100M
 Heap Max Capacity: 2G
 Pre-touch: Disabled
 Parallel Workers: 8

Heap:
 PSYoungGen      total 3072K, used 1663K [0x00000000d5580000, 0x00000000d5980000, 0x0000000100000000)
  eden space 2048K, 54% used [0x00000000d5580000,0x00000000d5699230,0x00000000d5780000)
  from space 1024K, 52% used [0x00000000d5880000,0x00000000d5906aa0,0x00000000d5980000)
  to   space 1024K, 0% used [0x00000000d5780000,0x00000000d5780000,0x00000000d5880000)
 ParOldGen       total 936960K, used 936953K [0x0000000080000000, 0x00000000b9300000, 0x00000000d5580000)
  object space 936960K, 99% used [0x0000000080000000,0x00000000b92fe560,0x00000000b9300000)
 Metaspace       used 75514K, committed 77184K, reserved 1179648K
  class space    used 7481K, committed 8256K, reserved 1048576K

Card table byte_map: [0x0000023bfa610000,0x0000023bfaa20000] _byte_map_base: 0x0000023bfa210000

Marking Bits: (ParMarkBitMap*) 0x00007ffb2ed7a340
 Begin Bits: [0x0000023bfacd0000, 0x0000023bfccd0000)
 End Bits:   [0x0000023bfccd0000, 0x0000023bfecd0000)

Polling page: 0x0000023be65b0000

Metaspace:

Usage:
  Non-class:     66.45 MB used.
      Class:      7.31 MB used.
       Both:     73.75 MB used.

Virtual space:
  Non-class space:      128.00 MB reserved,      67.38 MB ( 53%) committed,  2 nodes.
      Class space:        1.00 GB reserved,       8.06 MB ( <1%) committed,  1 nodes.
             Both:        1.12 GB reserved,      75.44 MB (  7%) committed. 

Chunk freelists:
   Non-Class:  12.47 MB
       Class:  7.80 MB
        Both:  20.27 MB

MaxMetaspaceSize: unlimited
CompressedClassSpaceSize: 1.00 GB
Initial GC threshold: 21.00 MB
Current GC threshold: 119.06 MB
CDS: on
 - commit_granule_bytes: 65536.
 - commit_granule_words: 8192.
 - virtual_space_node_default_size: 8388608.
 - enlarge_chunks_in_place: 1.
 - use_allocation_guard: 0.


Internal statistics:

num_allocs_failed_limit: 11.
num_arena_births: 1484.
num_arena_deaths: 14.
num_vsnodes_births: 3.
num_vsnodes_deaths: 0.
num_space_committed: 1207.
num_space_uncommitted: 0.
num_chunks_returned_to_freelist: 25.
num_chunks_taken_from_freelist: 5225.
num_chunk_merges: 10.
num_chunk_splits: 3162.
num_chunks_enlarged: 1747.
num_inconsistent_stats: 0.

CodeHeap 'non-profiled nmethods': size=120000Kb used=21425Kb max_used=21425Kb free=98574Kb
 bounds [0x0000023bf2f00000, 0x0000023bf43f0000, 0x0000023bfa430000]
CodeHeap 'profiled nmethods': size=120000Kb used=42683Kb max_used=42683Kb free=77316Kb
 bounds [0x0000023beb430000, 0x0000023bedde0000, 0x0000023bf2960000]
CodeHeap 'non-nmethods': size=5760Kb used=1471Kb max_used=1585Kb free=4288Kb
 bounds [0x0000023bf2960000, 0x0000023bf2bd0000, 0x0000023bf2f00000]
CodeCache: size=245760Kb, used=65579Kb, max_used=65693Kb, free=180178Kb
 total_blobs=18163, nmethods=17385, adapters=680, full_count=0
Compilation: enabled, stopped_count=0, restarted_count=0

Compilation events (20 events):
Event: 161.793 Thread 0x0000023bff2fcb40 19741       3       org.eclipse.jdt.core.dom.MethodDeclaration::internalStructuralPropertiesForType (5 bytes)
Event: 161.794 Thread 0x0000023bff2fcb40 nmethod 19741 0x0000023beddd1110 code [0x0000023beddd1300, 0x0000023beddd1640]
Event: 161.794 Thread 0x0000023bff2fcb40 19742       3       org.eclipse.jdt.core.dom.MethodDeclaration::propertyDescriptors (34 bytes)
Event: 161.794 Thread 0x0000023bff2fcb40 nmethod 19742 0x0000023beddd1710 code [0x0000023beddd18e0, 0x0000023beddd1ba0]
Event: 161.794 Thread 0x0000023bff2fcb40 19743   !   3       org.eclipse.jdt.core.dom.InfixExpression::getLeftOperand (60 bytes)
Event: 161.795 Thread 0x0000023bff2fcb40 nmethod 19743 0x0000023beddd1c90 code [0x0000023beddd1f00, 0x0000023beddd29f8]
Event: 161.795 Thread 0x0000023bff2fcb40 19744       3       org.eclipse.jdt.core.dom.InfixExpression::internalStructuralPropertiesForType (5 bytes)
Event: 161.795 Thread 0x0000023bff2fcb40 nmethod 19744 0x0000023beddd3110 code [0x0000023beddd32c0, 0x0000023beddd3430]
Event: 161.795 Thread 0x0000023bff2fcb40 19745       3       org.eclipse.jdt.core.dom.InfixExpression::propertyDescriptors (4 bytes)
Event: 161.795 Thread 0x0000023bff2fcb40 nmethod 19745 0x0000023beddd3510 code [0x0000023beddd36a0, 0x0000023beddd3798]
Event: 161.795 Thread 0x0000023bff2fcb40 19746       3       org.eclipse.jdt.core.dom.ASTVisitor::endVisit (1 bytes)
Event: 161.796 Thread 0x0000023bff2fcb40 nmethod 19746 0x0000023beddd3810 code [0x0000023beddd39a0, 0x0000023beddd3aa8]
Event: 161.796 Thread 0x0000023bff2fcb40 19747       1       org.eclipse.jdt.core.dom.ThisExpression::getQualifier (5 bytes)
Event: 161.796 Thread 0x0000023bff2fcb40 nmethod 19747 0x0000023bf43e3c10 code [0x0000023bf43e3da0, 0x0000023bf43e3e68]
Event: 162.263 Thread 0x0000023bff2fcb40 19748       3       java.lang.ThreadLocal$ThreadLocalMap::expungeStaleEntries (47 bytes)
Event: 162.263 Thread 0x0000023bff2fcb40 nmethod 19748 0x0000023beddd3b10 code [0x0000023beddd3d00, 0x0000023beddd4108]
Event: 162.281 Thread 0x0000023bff2fcb40 19749       3       java.lang.Long::getChars (195 bytes)
Event: 162.282 Thread 0x0000023bff2fcb40 nmethod 19749 0x0000023beddd4310 code [0x0000023beddd4500, 0x0000023beddd4b00]
Event: 162.298 Thread 0x0000023bff2fcb40 19750       3       org.eclipse.jdt.internal.compiler.util.SimpleLookupTable::getKey (55 bytes)
Event: 162.298 Thread 0x0000023bff2fcb40 nmethod 19750 0x0000023beddd4e90 code [0x0000023beddd5080, 0x0000023beddd5500]

GC Heap History (20 events):
Event: 161.332 GC heap before
{Heap before GC invocations=3408 (full 4):
 PSYoungGen      total 5120K, used 4928K [0x00000000d5580000, 0x00000000d5d00000, 0x0000000100000000)
  eden space 2560K, 100% used [0x00000000d5580000,0x00000000d5800000,0x00000000d5800000)
  from space 2560K, 92% used [0x00000000d5800000,0x00000000d5a50000,0x00000000d5a80000)
  to   space 2560K, 0% used [0x00000000d5a80000,0x00000000d5a80000,0x00000000d5d00000)
 ParOldGen       total 929792K, used 929613K [0x0000000080000000, 0x00000000b8c00000, 0x00000000d5580000)
  object space 929792K, 99% used [0x0000000080000000,0x00000000b8bd3598,0x00000000b8c00000)
 Metaspace       used 73978K, committed 75712K, reserved 1179648K
  class space    used 7362K, committed 8128K, reserved 1048576K
}
Event: 161.336 GC heap after
{Heap after GC invocations=3408 (full 4):
 PSYoungGen      total 5120K, used 2016K [0x00000000d5580000, 0x00000000d5d00000, 0x0000000100000000)
  eden space 2560K, 0% used [0x00000000d5580000,0x00000000d5580000,0x00000000d5800000)
  from space 2560K, 78% used [0x00000000d5a80000,0x00000000d5c78000,0x00000000d5d00000)
  to   space 2560K, 0% used [0x00000000d5800000,0x00000000d5800000,0x00000000d5a80000)
 ParOldGen       total 932352K, used 931872K [0x0000000080000000, 0x00000000b8e80000, 0x00000000d5580000)
  object space 932352K, 99% used [0x0000000080000000,0x00000000b8e08050,0x00000000b8e80000)
 Metaspace       used 73978K, committed 75712K, reserved 1179648K
  class space    used 7362K, committed 8128K, reserved 1048576K
}
Event: 161.495 GC heap before
{Heap before GC invocations=3409 (full 4):
 PSYoungGen      total 5120K, used 4557K [0x00000000d5580000, 0x00000000d5d00000, 0x0000000100000000)
  eden space 2560K, 99% used [0x00000000d5580000,0x00000000d57fb4a0,0x00000000d5800000)
  from space 2560K, 78% used [0x00000000d5a80000,0x00000000d5c78000,0x00000000d5d00000)
  to   space 2560K, 0% used [0x00000000d5800000,0x00000000d5800000,0x00000000d5a80000)
 ParOldGen       total 932352K, used 931872K [0x0000000080000000, 0x00000000b8e80000, 0x00000000d5580000)
  object space 932352K, 99% used [0x0000000080000000,0x00000000b8e08050,0x00000000b8e80000)
 Metaspace       used 73982K, committed 75712K, reserved 1179648K
  class space    used 7362K, committed 8128K, reserved 1048576K
}
Event: 161.500 GC heap after
{Heap after GC invocations=3409 (full 4):
 PSYoungGen      total 3584K, used 526K [0x00000000d5580000, 0x00000000d5b00000, 0x0000000100000000)
  eden space 2560K, 0% used [0x00000000d5580000,0x00000000d5580000,0x00000000d5800000)
  from space 1024K, 51% used [0x00000000d5800000,0x00000000d5883a40,0x00000000d5900000)
  to   space 1536K, 0% used [0x00000000d5980000,0x00000000d5980000,0x00000000d5b00000)
 ParOldGen       total 933888K, used 933795K [0x0000000080000000, 0x00000000b9000000, 0x00000000d5580000)
  object space 933888K, 99% used [0x0000000080000000,0x00000000b8fe8c90,0x00000000b9000000)
 Metaspace       used 73982K, committed 75712K, reserved 1179648K
  class space    used 7362K, committed 8128K, reserved 1048576K
}
Event: 161.513 GC heap before
{Heap before GC invocations=3410 (full 4):
 PSYoungGen      total 3584K, used 3034K [0x00000000d5580000, 0x00000000d5b00000, 0x0000000100000000)
  eden space 2560K, 97% used [0x00000000d5580000,0x00000000d57f2e78,0x00000000d5800000)
  from space 1024K, 51% used [0x00000000d5800000,0x00000000d5883a40,0x00000000d5900000)
  to   space 1536K, 0% used [0x00000000d5980000,0x00000000d5980000,0x00000000d5b00000)
 ParOldGen       total 933888K, used 933795K [0x0000000080000000, 0x00000000b9000000, 0x00000000d5580000)
  object space 933888K, 99% used [0x0000000080000000,0x00000000b8fe8c90,0x00000000b9000000)
 Metaspace       used 74082K, committed 75776K, reserved 1179648K
  class space    used 7364K, committed 8128K, reserved 1048576K
}
Event: 161.517 GC heap after
{Heap after GC invocations=3410 (full 4):
 PSYoungGen      total 4096K, used 1316K [0x00000000d5580000, 0x00000000d5b00000, 0x0000000100000000)
  eden space 2560K, 0% used [0x00000000d5580000,0x00000000d5580000,0x00000000d5800000)
  from space 1536K, 85% used [0x00000000d5980000,0x00000000d5ac9238,0x00000000d5b00000)
  to   space 1536K, 0% used [0x00000000d5800000,0x00000000d5800000,0x00000000d5980000)
 ParOldGen       total 934400K, used 934187K [0x0000000080000000, 0x00000000b9080000, 0x00000000d5580000)
  object space 934400K, 99% used [0x0000000080000000,0x00000000b904acd0,0x00000000b9080000)
 Metaspace       used 74082K, committed 75776K, reserved 1179648K
  class space    used 7364K, committed 8128K, reserved 1048576K
}
Event: 161.553 GC heap before
{Heap before GC invocations=3411 (full 4):
 PSYoungGen      total 4096K, used 3876K [0x00000000d5580000, 0x00000000d5b00000, 0x0000000100000000)
  eden space 2560K, 100% used [0x00000000d5580000,0x00000000d5800000,0x00000000d5800000)
  from space 1536K, 85% used [0x00000000d5980000,0x00000000d5ac9238,0x00000000d5b00000)
  to   space 1536K, 0% used [0x00000000d5800000,0x00000000d5800000,0x00000000d5980000)
 ParOldGen       total 934400K, used 934187K [0x0000000080000000, 0x00000000b9080000, 0x00000000d5580000)
  object space 934400K, 99% used [0x0000000080000000,0x00000000b904acd0,0x00000000b9080000)
 Metaspace       used 74326K, committed 75968K, reserved 1179648K
  class space    used 7391K, committed 8128K, reserved 1048576K
}
Event: 161.556 GC heap after
{Heap after GC invocations=3411 (full 4):
 PSYoungGen      total 3072K, used 304K [0x00000000d5580000, 0x00000000d5a00000, 0x0000000100000000)
  eden space 2560K, 0% used [0x00000000d5580000,0x00000000d5580000,0x00000000d5800000)
  from space 512K, 59% used [0x00000000d5800000,0x00000000d584c010,0x00000000d5880000)
  to   space 1024K, 0% used [0x00000000d5900000,0x00000000d5900000,0x00000000d5a00000)
 ParOldGen       total 934400K, used 934235K [0x0000000080000000, 0x00000000b9080000, 0x00000000d5580000)
  object space 934400K, 99% used [0x0000000080000000,0x00000000b9056cd0,0x00000000b9080000)
 Metaspace       used 74326K, committed 75968K, reserved 1179648K
  class space    used 7391K, committed 8128K, reserved 1048576K
}
Event: 161.571 GC heap before
{Heap before GC invocations=3412 (full 4):
 PSYoungGen      total 3072K, used 2864K [0x00000000d5580000, 0x00000000d5a00000, 0x0000000100000000)
  eden space 2560K, 100% used [0x00000000d5580000,0x00000000d5800000,0x00000000d5800000)
  from space 512K, 59% used [0x00000000d5800000,0x00000000d584c010,0x00000000d5880000)
  to   space 1024K, 0% used [0x00000000d5900000,0x00000000d5900000,0x00000000d5a00000)
 ParOldGen       total 934400K, used 934235K [0x0000000080000000, 0x00000000b9080000, 0x00000000d5580000)
  object space 934400K, 99% used [0x0000000080000000,0x00000000b9056cd0,0x00000000b9080000)
 Metaspace       used 74385K, committed 76032K, reserved 1179648K
  class space    used 7398K, committed 8128K, reserved 1048576K
}
Event: 161.574 GC heap after
{Heap after GC invocations=3412 (full 4):
 PSYoungGen      total 3072K, used 929K [0x00000000d5580000, 0x00000000d5b00000, 0x0000000100000000)
  eden space 2048K, 0% used [0x00000000d5580000,0x00000000d5580000,0x00000000d5780000)
  from space 1024K, 90% used [0x00000000d5900000,0x00000000d59e86b8,0x00000000d5a00000)
  to   space 1536K, 0% used [0x00000000d5780000,0x00000000d5780000,0x00000000d5900000)
 ParOldGen       total 934400K, used 934307K [0x0000000080000000, 0x00000000b9080000, 0x00000000d5580000)
  object space 934400K, 99% used [0x0000000080000000,0x00000000b9068cd0,0x00000000b9080000)
 Metaspace       used 74385K, committed 76032K, reserved 1179648K
  class space    used 7398K, committed 8128K, reserved 1048576K
}
Event: 161.603 GC heap before
{Heap before GC invocations=3413 (full 4):
 PSYoungGen      total 3072K, used 2977K [0x00000000d5580000, 0x00000000d5b00000, 0x0000000100000000)
  eden space 2048K, 100% used [0x00000000d5580000,0x00000000d5780000,0x00000000d5780000)
  from space 1024K, 90% used [0x00000000d5900000,0x00000000d59e86b8,0x00000000d5a00000)
  to   space 1536K, 0% used [0x00000000d5780000,0x00000000d5780000,0x00000000d5900000)
 ParOldGen       total 934400K, used 934307K [0x0000000080000000, 0x00000000b9080000, 0x00000000d5580000)
  object space 934400K, 99% used [0x0000000080000000,0x00000000b9068cd0,0x00000000b9080000)
 Metaspace       used 74386K, committed 76032K, reserved 1179648K
  class space    used 7398K, committed 8128K, reserved 1048576K
}
Event: 161.607 GC heap after
{Heap after GC invocations=3413 (full 4):
 PSYoungGen      total 2560K, used 448K [0x00000000d5580000, 0x00000000d5980000, 0x0000000100000000)
  eden space 2048K, 0% used [0x00000000d5580000,0x00000000d5580000,0x00000000d5780000)
  from space 512K, 87% used [0x00000000d5780000,0x00000000d57f0000,0x00000000d5800000)
  to   space 1024K, 0% used [0x00000000d5880000,0x00000000d5880000,0x00000000d5980000)
 ParOldGen       total 935424K, used 935207K [0x0000000080000000, 0x00000000b9180000, 0x00000000d5580000)
  object space 935424K, 99% used [0x0000000080000000,0x00000000b9149de0,0x00000000b9180000)
 Metaspace       used 74386K, committed 76032K, reserved 1179648K
  class space    used 7398K, committed 8128K, reserved 1048576K
}
Event: 161.617 GC heap before
{Heap before GC invocations=3414 (full 4):
 PSYoungGen      total 2560K, used 2496K [0x00000000d5580000, 0x00000000d5980000, 0x0000000100000000)
  eden space 2048K, 100% used [0x00000000d5580000,0x00000000d5780000,0x00000000d5780000)
  from space 512K, 87% used [0x00000000d5780000,0x00000000d57f0000,0x00000000d5800000)
  to   space 1024K, 0% used [0x00000000d5880000,0x00000000d5880000,0x00000000d5980000)
 ParOldGen       total 935424K, used 935207K [0x0000000080000000, 0x00000000b9180000, 0x00000000d5580000)
  object space 935424K, 99% used [0x0000000080000000,0x00000000b9149de0,0x00000000b9180000)
 Metaspace       used 74386K, committed 76032K, reserved 1179648K
  class space    used 7398K, committed 8128K, reserved 1048576K
}
Event: 161.620 GC heap after
{Heap after GC invocations=3414 (full 4):
 PSYoungGen      total 3072K, used 899K [0x00000000d5580000, 0x00000000d5980000, 0x0000000100000000)
  eden space 2048K, 0% used [0x00000000d5580000,0x00000000d5580000,0x00000000d5780000)
  from space 1024K, 87% used [0x00000000d5880000,0x00000000d5960ce0,0x00000000d5980000)
  to   space 1024K, 0% used [0x00000000d5780000,0x00000000d5780000,0x00000000d5880000)
 ParOldGen       total 935936K, used 935507K [0x0000000080000000, 0x00000000b9200000, 0x00000000d5580000)
  object space 935936K, 99% used [0x0000000080000000,0x00000000b9194cb0,0x00000000b9200000)
 Metaspace       used 74386K, committed 76032K, reserved 1179648K
  class space    used 7398K, committed 8128K, reserved 1048576K
}
Event: 161.693 GC heap before
{Heap before GC invocations=3415 (full 4):
 PSYoungGen      total 3072K, used 2947K [0x00000000d5580000, 0x00000000d5980000, 0x0000000100000000)
  eden space 2048K, 100% used [0x00000000d5580000,0x00000000d5780000,0x00000000d5780000)
  from space 1024K, 87% used [0x00000000d5880000,0x00000000d5960ce0,0x00000000d5980000)
  to   space 1024K, 0% used [0x00000000d5780000,0x00000000d5780000,0x00000000d5880000)
 ParOldGen       total 935936K, used 935507K [0x0000000080000000, 0x00000000b9200000, 0x00000000d5580000)
  object space 935936K, 99% used [0x0000000080000000,0x00000000b9194cb0,0x00000000b9200000)
 Metaspace       used 74651K, committed 76352K, reserved 1179648K
  class space    used 7420K, committed 8192K, reserved 1048576K
}
Event: 161.696 GC heap after
{Heap after GC invocations=3415 (full 4):
 PSYoungGen      total 3072K, used 224K [0x00000000d5580000, 0x00000000d5900000, 0x0000000100000000)
  eden space 2048K, 0% used [0x00000000d5580000,0x00000000d5580000,0x00000000d5780000)
  from space 1024K, 21% used [0x00000000d5780000,0x00000000d57b8000,0x00000000d5880000)
  to   space 512K, 0% used [0x00000000d5880000,0x00000000d5880000,0x00000000d5900000)
 ParOldGen       total 935936K, used 935634K [0x0000000080000000, 0x00000000b9200000, 0x00000000d5580000)
  object space 935936K, 99% used [0x0000000080000000,0x00000000b91b4bb0,0x00000000b9200000)
 Metaspace       used 74651K, committed 76352K, reserved 1179648K
  class space    used 7420K, committed 8192K, reserved 1048576K
}
Event: 161.739 GC heap before
{Heap before GC invocations=3416 (full 4):
 PSYoungGen      total 3072K, used 2270K [0x00000000d5580000, 0x00000000d5900000, 0x0000000100000000)
  eden space 2048K, 99% used [0x00000000d5580000,0x00000000d577f8d8,0x00000000d5780000)
  from space 1024K, 21% used [0x00000000d5780000,0x00000000d57b8000,0x00000000d5880000)
  to   space 512K, 0% used [0x00000000d5880000,0x00000000d5880000,0x00000000d5900000)
 ParOldGen       total 935936K, used 935634K [0x0000000080000000, 0x00000000b9200000, 0x00000000d5580000)
  object space 935936K, 99% used [0x0000000080000000,0x00000000b91b4bb0,0x00000000b9200000)
 Metaspace       used 74888K, committed 76544K, reserved 1179648K
  class space    used 7443K, committed 8192K, reserved 1048576K
}
Event: 161.742 GC heap after
{Heap after GC invocations=3416 (full 4):
 PSYoungGen      total 2560K, used 341K [0x00000000d5580000, 0x00000000d5900000, 0x0000000100000000)
  eden space 2048K, 0% used [0x00000000d5580000,0x00000000d5580000,0x00000000d5780000)
  from space 512K, 66% used [0x00000000d5880000,0x00000000d58d55f0,0x00000000d5900000)
  to   space 512K, 0% used [0x00000000d5800000,0x00000000d5800000,0x00000000d5880000)
 ParOldGen       total 935936K, used 935682K [0x0000000080000000, 0x00000000b9200000, 0x00000000d5580000)
  object space 935936K, 99% used [0x0000000080000000,0x00000000b91c0bb0,0x00000000b9200000)
 Metaspace       used 74888K, committed 76544K, reserved 1179648K
  class space    used 7443K, committed 8192K, reserved 1048576K
}
Event: 161.812 GC heap before
{Heap before GC invocations=3417 (full 4):
 PSYoungGen      total 2560K, used 2359K [0x00000000d5580000, 0x00000000d5900000, 0x0000000100000000)
  eden space 2048K, 98% used [0x00000000d5580000,0x00000000d5778850,0x00000000d5780000)
  from space 512K, 66% used [0x00000000d5880000,0x00000000d58d55f0,0x00000000d5900000)
  to   space 512K, 0% used [0x00000000d5800000,0x00000000d5800000,0x00000000d5880000)
 ParOldGen       total 935936K, used 935682K [0x0000000080000000, 0x00000000b9200000, 0x00000000d5580000)
  object space 935936K, 99% used [0x0000000080000000,0x00000000b91c0bb0,0x00000000b9200000)
 Metaspace       used 75097K, committed 76800K, reserved 1179648K
  class space    used 7457K, committed 8192K, reserved 1048576K
}
Event: 161.815 GC heap after
{Heap after GC invocations=3417 (full 4):
 PSYoungGen      total 2560K, used 352K [0x00000000d5580000, 0x00000000d5900000, 0x0000000100000000)
  eden space 2048K, 0% used [0x00000000d5580000,0x00000000d5580000,0x00000000d5780000)
  from space 512K, 68% used [0x00000000d5800000,0x00000000d5858020,0x00000000d5880000)
  to   space 512K, 0% used [0x00000000d5880000,0x00000000d5880000,0x00000000d5900000)
 ParOldGen       total 935936K, used 935730K [0x0000000080000000, 0x00000000b9200000, 0x00000000d5580000)
  object space 935936K, 99% used [0x0000000080000000,0x00000000b91ccbb0,0x00000000b9200000)
 Metaspace       used 75097K, committed 76800K, reserved 1179648K
  class space    used 7457K, committed 8192K, reserved 1048576K
}

Dll operation events (10 events):
Event: 0.052 Loaded shared library c:\Users\Fernanda Jama\.trae\extensions\redhat.java-1.44.0-win32-x64\jre\21.0.8-win32-x86_64\bin\java.dll
Event: 0.238 Loaded shared library c:\Users\Fernanda Jama\.trae\extensions\redhat.java-1.44.0-win32-x64\jre\21.0.8-win32-x86_64\bin\zip.dll
Event: 0.298 Loaded shared library C:\Users\Fernanda Jama\.trae\extensions\redhat.java-1.44.0-win32-x64\jre\21.0.8-win32-x86_64\bin\instrument.dll
Event: 0.329 Loaded shared library C:\Users\Fernanda Jama\.trae\extensions\redhat.java-1.44.0-win32-x64\jre\21.0.8-win32-x86_64\bin\net.dll
Event: 0.340 Loaded shared library C:\Users\Fernanda Jama\.trae\extensions\redhat.java-1.44.0-win32-x64\jre\21.0.8-win32-x86_64\bin\nio.dll
Event: 0.354 Loaded shared library C:\Users\Fernanda Jama\.trae\extensions\redhat.java-1.44.0-win32-x64\jre\21.0.8-win32-x86_64\bin\zip.dll
Event: 0.390 Loaded shared library C:\Users\Fernanda Jama\.trae\extensions\redhat.java-1.44.0-win32-x64\jre\21.0.8-win32-x86_64\bin\jimage.dll
Event: 0.561 Loaded shared library c:\Users\Fernanda Jama\.trae\extensions\redhat.java-1.44.0-win32-x64\jre\21.0.8-win32-x86_64\bin\verify.dll
Event: 2.445 Loaded shared library C:\Users\Fernanda Jama\AppData\Roaming\Trae\User\globalStorage\redhat.java\1.44.0\config_win\org.eclipse.equinox.launcher\org.eclipse.equinox.launcher.win32.win32.x86_64_1.2.1400.v20250730-1736\eclipse_11913.dll
Event: 5.327 Loaded shared library C:\Users\Fernanda Jama\AppData\Local\Temp\jna--1470441178\jna10220629835105857518.dll

Deoptimization events (20 events):
Event: 161.506 Thread 0x0000023bc749f030 DEOPT PACKING pc=0x0000023bf3263c64 sp=0x000000c7851fec50
Event: 161.506 Thread 0x0000023bc749f030 DEOPT UNPACKING pc=0x0000023bf29b6da2 sp=0x000000c7851fea80 mode 2
Event: 161.576 Thread 0x0000023bc749f030 Uncommon trap: trap_request=0xffffff45 fr.pc=0x0000023bf3f636a8 relative=0x00000000000003a8
Event: 161.576 Thread 0x0000023bc749f030 Uncommon trap: reason=unstable_if action=reinterpret pc=0x0000023bf3f636a8 method=org.lombokweb.asm.SymbolTable.addConstantUtf8Reference(ILjava/lang/String;)Lorg/lombokweb/asm/Symbol; @ 45 c2
Event: 161.576 Thread 0x0000023bc749f030 DEOPT PACKING pc=0x0000023bf3f636a8 sp=0x000000c7851f8090
Event: 161.576 Thread 0x0000023bc749f030 DEOPT UNPACKING pc=0x0000023bf29b6da2 sp=0x000000c7851f8028 mode 2
Event: 161.588 Thread 0x0000023bc749f030 DEOPT PACKING pc=0x0000023beccde370 sp=0x000000c7851f8330
Event: 161.588 Thread 0x0000023bc749f030 DEOPT UNPACKING pc=0x0000023bf29b78e2 sp=0x000000c7851f7a40 mode 0
Event: 161.621 Thread 0x0000023bc749f030 DEOPT PACKING pc=0x0000023beccde370 sp=0x000000c7851f8330
Event: 161.621 Thread 0x0000023bc749f030 DEOPT UNPACKING pc=0x0000023bf29b78e2 sp=0x000000c7851f7a40 mode 0
Event: 161.634 Thread 0x0000023bc749f030 DEOPT PACKING pc=0x0000023bebe4de41 sp=0x000000c7851fbf00
Event: 161.634 Thread 0x0000023bc749f030 DEOPT UNPACKING pc=0x0000023bf29b78e2 sp=0x000000c7851fb4a8 mode 0
Event: 161.637 Thread 0x0000023bc749f030 Uncommon trap: trap_request=0xffffff45 fr.pc=0x0000023bf3e16cb0 relative=0x00000000000003f0
Event: 161.637 Thread 0x0000023bc749f030 Uncommon trap: reason=unstable_if action=reinterpret pc=0x0000023bf3e16cb0 method=org.eclipse.jdt.internal.compiler.lookup.ModuleBinding$UnNamedModule.canAccess(Lorg/eclipse/jdt/internal/compiler/lookup/PackageBinding;)Z @ 4 c2
Event: 161.637 Thread 0x0000023bc749f030 DEOPT PACKING pc=0x0000023bf3e16cb0 sp=0x000000c7851fde00
Event: 161.637 Thread 0x0000023bc749f030 DEOPT UNPACKING pc=0x0000023bf29b6da2 sp=0x000000c7851fdda0 mode 2
Event: 161.712 Thread 0x0000023bc749f030 Uncommon trap: trap_request=0xffffffc6 fr.pc=0x0000023bf42b5434 relative=0x0000000000000f34
Event: 161.712 Thread 0x0000023bc749f030 Uncommon trap: reason=bimorphic_or_optimized_type_check action=maybe_recompile pc=0x0000023bf42b5434 method=java.util.Hashtable.putAll(Ljava/util/Map;)V @ 1 c2
Event: 161.712 Thread 0x0000023bc749f030 DEOPT PACKING pc=0x0000023bf42b5434 sp=0x000000c7851fe760
Event: 161.712 Thread 0x0000023bc749f030 DEOPT UNPACKING pc=0x0000023bf29b6da2 sp=0x000000c7851fe760 mode 2

Classes loaded (20 events):
Event: 116.098 Loading class java/util/stream/ReduceOps$CountingSink done
Event: 116.098 Loading class java/util/stream/ReduceOps$CountingSink$OfRef done
Event: 117.384 Loading class java/util/stream/ReduceOps$1
Event: 117.384 Loading class java/util/stream/ReduceOps$1 done
Event: 117.384 Loading class java/util/stream/ReduceOps$1ReducingSink
Event: 117.384 Loading class java/util/stream/ReduceOps$1ReducingSink done
Event: 117.849 Loading class org/xml/sax/SAXNotRecognizedException
Event: 117.849 Loading class org/xml/sax/SAXNotRecognizedException done
Event: 117.849 Loading class org/xml/sax/SAXNotSupportedException
Event: 117.849 Loading class org/xml/sax/SAXNotSupportedException done
Event: 117.850 Loading class com/sun/org/apache/xerces/internal/util/URI
Event: 117.851 Loading class com/sun/org/apache/xerces/internal/util/URI done
Event: 117.853 Loading class com/sun/org/apache/xerces/internal/xni/XNIException
Event: 117.853 Loading class com/sun/org/apache/xerces/internal/xni/XNIException done
Event: 117.872 Loading class com/sun/org/apache/xerces/internal/xni/parser/XMLParseException
Event: 117.872 Loading class com/sun/org/apache/xerces/internal/xni/parser/XMLParseException done
Event: 161.140 Loading class java/lang/Throwable$WrappedPrintWriter
Event: 161.140 Loading class java/lang/Throwable$PrintStreamOrWriter
Event: 161.140 Loading class java/lang/Throwable$PrintStreamOrWriter done
Event: 161.140 Loading class java/lang/Throwable$WrappedPrintWriter done

Classes unloaded (7 events):
Event: 6.272 Thread 0x0000023bff2c34a0 Unloading class 0x0000023b811a9000 'java/lang/invoke/LambdaForm$MH+0x0000023b811a9000'
Event: 6.272 Thread 0x0000023bff2c34a0 Unloading class 0x0000023b811a8c00 'java/lang/invoke/LambdaForm$MH+0x0000023b811a8c00'
Event: 6.272 Thread 0x0000023bff2c34a0 Unloading class 0x0000023b811a8800 'java/lang/invoke/LambdaForm$MH+0x0000023b811a8800'
Event: 6.272 Thread 0x0000023bff2c34a0 Unloading class 0x0000023b811a8400 'java/lang/invoke/LambdaForm$MH+0x0000023b811a8400'
Event: 6.272 Thread 0x0000023bff2c34a0 Unloading class 0x0000023b811a8000 'java/lang/invoke/LambdaForm$BMH+0x0000023b811a8000'
Event: 6.272 Thread 0x0000023bff2c34a0 Unloading class 0x0000023b811a7c00 'java/lang/invoke/LambdaForm$DMH+0x0000023b811a7c00'
Event: 6.272 Thread 0x0000023bff2c34a0 Unloading class 0x0000023b811a6800 'java/lang/invoke/LambdaForm$DMH+0x0000023b811a6800'

Classes redefined (0 events):
No events

Internal exceptions (20 events):
Event: 158.576 Thread 0x0000023bc7107360 Exception <a 'sun/nio/fs/WindowsException'{0x00000000d5609150}> (0x00000000d5609150) 
thrown [s\src\hotspot\share\prims\jni.cpp, line 520]
Event: 158.723 Thread 0x0000023bc7107360 Exception <a 'sun/nio/fs/WindowsException'{0x00000000d562b4d8}> (0x00000000d562b4d8) 
thrown [s\src\hotspot\share\prims\jni.cpp, line 520]
Event: 158.776 Thread 0x0000023bc7107360 Exception <a 'sun/nio/fs/WindowsException'{0x00000000d563fbb8}> (0x00000000d563fbb8) 
thrown [s\src\hotspot\share\prims\jni.cpp, line 520]
Event: 158.853 Thread 0x0000023bc7107360 Exception <a 'sun/nio/fs/WindowsException'{0x00000000d55cfd18}> (0x00000000d55cfd18) 
thrown [s\src\hotspot\share\prims\jni.cpp, line 520]
Event: 159.058 Thread 0x0000023bc7107360 Exception <a 'sun/nio/fs/WindowsException'{0x00000000d5638c68}> (0x00000000d5638c68) 
thrown [s\src\hotspot\share\prims\jni.cpp, line 520]
Event: 159.167 Thread 0x0000023bc7107360 Exception <a 'sun/nio/fs/WindowsException'{0x00000000d56f07a8}> (0x00000000d56f07a8) 
thrown [s\src\hotspot\share\prims\jni.cpp, line 520]
Event: 159.340 Thread 0x0000023bc7107360 Exception <a 'sun/nio/fs/WindowsException'{0x00000000d575f028}> (0x00000000d575f028) 
thrown [s\src\hotspot\share\prims\jni.cpp, line 520]
Event: 159.423 Thread 0x0000023bc7107360 Exception <a 'sun/nio/fs/WindowsException'{0x00000000d57890e8}> (0x00000000d57890e8) 
thrown [s\src\hotspot\share\prims\jni.cpp, line 520]
Event: 159.523 Thread 0x0000023bc7107360 Exception <a 'sun/nio/fs/WindowsException'{0x00000000d5745100}> (0x00000000d5745100) 
thrown [s\src\hotspot\share\prims\jni.cpp, line 520]
Event: 161.382 Thread 0x0000023bc749b520 Exception <a 'sun/nio/fs/WindowsException'{0x00000000d563dee8}> (0x00000000d563dee8) 
thrown [s\src\hotspot\share\prims\jni.cpp, line 520]
Event: 161.383 Thread 0x0000023bc749b520 Exception <a 'sun/nio/fs/WindowsException'{0x00000000d563e7d0}> (0x00000000d563e7d0) 
thrown [s\src\hotspot\share\prims\jni.cpp, line 520]
Event: 161.383 Thread 0x0000023bc749b520 Exception <a 'sun/nio/fs/WindowsException'{0x00000000d563f788}> (0x00000000d563f788) 
thrown [s\src\hotspot\share\prims\jni.cpp, line 520]
Event: 161.383 Thread 0x0000023bc749b520 Exception <a 'sun/nio/fs/WindowsException'{0x00000000d5640298}> (0x00000000d5640298) 
thrown [s\src\hotspot\share\prims\jni.cpp, line 520]
Event: 161.385 Thread 0x0000023bc749b520 Exception <a 'sun/nio/fs/WindowsException'{0x00000000d56426a0}> (0x00000000d56426a0) 
thrown [s\src\hotspot\share\prims\jni.cpp, line 520]
Event: 161.385 Thread 0x0000023bc749b520 Exception <a 'sun/nio/fs/WindowsException'{0x00000000d56431d8}> (0x00000000d56431d8) 
thrown [s\src\hotspot\share\prims\jni.cpp, line 520]
Event: 161.400 Thread 0x0000023bc749b520 Exception <a 'sun/nio/fs/WindowsException'{0x00000000d566b830}> (0x00000000d566b830) 
thrown [s\src\hotspot\share\prims\jni.cpp, line 520]
Event: 161.400 Thread 0x0000023bc749b520 Exception <a 'sun/nio/fs/WindowsException'{0x00000000d566c338}> (0x00000000d566c338) 
thrown [s\src\hotspot\share\prims\jni.cpp, line 520]
Event: 161.763 Thread 0x0000023bc749f030 Exception <a 'java/lang/NoSuchMethodError'{0x00000000d5651ed8}: 'int java.lang.invoke.DirectMethodHandle$Holder.invokeVirtual(java.lang.Object, java.lang.Object, java.lang.Object, int)'> (0x00000000d5651ed8) 
thrown [s\src\hotspot\share\interpreter\linkResolver.cpp, line 773]
Event: 162.263 Thread 0x0000023bc9bd64c0 Exception <a 'sun/nio/fs/WindowsException'{0x00000000d568c068}> (0x00000000d568c068) 
thrown [s\src\hotspot\share\prims\jni.cpp, line 520]
Event: 162.265 Thread 0x0000023bc9bd64c0 Exception <a 'sun/nio/fs/WindowsException'{0x00000000d56919b8}> (0x00000000d56919b8) 
thrown [s\src\hotspot\share\prims\jni.cpp, line 520]

ZGC Phase Switch (0 events):
No events

VM Operations (20 events):
Event: 161.548 Executing VM operation: ParallelGCFailedAllocation (Allocation Failure)
Event: 161.556 Executing VM operation: ParallelGCFailedAllocation (Allocation Failure) done
Event: 161.571 Executing VM operation: ParallelGCFailedAllocation (Allocation Failure)
Event: 161.574 Executing VM operation: ParallelGCFailedAllocation (Allocation Failure) done
Event: 161.603 Executing VM operation: ParallelGCFailedAllocation (Allocation Failure)
Event: 161.607 Executing VM operation: ParallelGCFailedAllocation (Allocation Failure) done
Event: 161.617 Executing VM operation: ParallelGCFailedAllocation (Allocation Failure)
Event: 161.620 Executing VM operation: ParallelGCFailedAllocation (Allocation Failure) done
Event: 161.652 Executing VM operation: HandshakeAllThreads (Deoptimize)
Event: 161.652 Executing VM operation: HandshakeAllThreads (Deoptimize) done
Event: 161.693 Executing VM operation: ParallelGCFailedAllocation (Allocation Failure)
Event: 161.696 Executing VM operation: ParallelGCFailedAllocation (Allocation Failure) done
Event: 161.733 Executing VM operation: HandshakeAllThreads (Deoptimize)
Event: 161.733 Executing VM operation: HandshakeAllThreads (Deoptimize) done
Event: 161.739 Executing VM operation: ParallelGCFailedAllocation (Allocation Failure)
Event: 161.742 Executing VM operation: ParallelGCFailedAllocation (Allocation Failure) done
Event: 161.812 Executing VM operation: ParallelGCFailedAllocation (Allocation Failure)
Event: 161.815 Executing VM operation: ParallelGCFailedAllocation (Allocation Failure) done
Event: 162.297 Executing VM operation: ParallelGCFailedAllocation (Allocation Failure)
Event: 162.297 Executing VM operation: ParallelGCFailedAllocation (Allocation Failure) done

Memory protections (0 events):
No events

Nmethod flushes (20 events):
Event: 96.085 Thread 0x0000023bff2c34a0 flushing  nmethod 0x0000023beca10190
Event: 96.085 Thread 0x0000023bff2c34a0 flushing  nmethod 0x0000023beca30d90
Event: 96.085 Thread 0x0000023bff2c34a0 flushing  nmethod 0x0000023beca55e10
Event: 96.085 Thread 0x0000023bff2c34a0 flushing  nmethod 0x0000023beca58a90
Event: 96.085 Thread 0x0000023bff2c34a0 flushing  nmethod 0x0000023beca59110
Event: 96.085 Thread 0x0000023bff2c34a0 flushing  nmethod 0x0000023beca59490
Event: 96.085 Thread 0x0000023bff2c34a0 flushing  nmethod 0x0000023beca68590
Event: 96.085 Thread 0x0000023bff2c34a0 flushing  nmethod 0x0000023beca6ea90
Event: 96.085 Thread 0x0000023bff2c34a0 flushing  nmethod 0x0000023beca71a10
Event: 96.085 Thread 0x0000023bff2c34a0 flushing  nmethod 0x0000023beca7fe90
Event: 96.085 Thread 0x0000023bff2c34a0 flushing  nmethod 0x0000023becad5490
Event: 96.085 Thread 0x0000023bff2c34a0 flushing  nmethod 0x0000023becad7d10
Event: 96.085 Thread 0x0000023bff2c34a0 flushing  nmethod 0x0000023becaff390
Event: 96.085 Thread 0x0000023bff2c34a0 flushing  nmethod 0x0000023becb80090
Event: 96.085 Thread 0x0000023bff2c34a0 flushing  nmethod 0x0000023becba9910
Event: 96.085 Thread 0x0000023bff2c34a0 flushing  nmethod 0x0000023becbdc990
Event: 96.085 Thread 0x0000023bff2c34a0 flushing  nmethod 0x0000023becbe0f10
Event: 96.085 Thread 0x0000023bff2c34a0 flushing  nmethod 0x0000023becc44b10
Event: 96.085 Thread 0x0000023bff2c34a0 flushing  nmethod 0x0000023becccd290
Event: 96.085 Thread 0x0000023bff2c34a0 flushing  nmethod 0x0000023becce7f90

Events (20 events):
Event: 95.687 Thread 0x0000023bff2fcb40 Thread added: 0x0000023bc889bf90
Event: 95.780 Thread 0x0000023bff2fcb40 Thread added: 0x0000023bc889b1f0
Event: 95.839 Thread 0x0000023bc749bbb0 Thread added: 0x0000023bc749b520
Event: 103.409 Thread 0x0000023bc889b1f0 Thread exited: 0x0000023bc889b1f0
Event: 104.171 Thread 0x0000023bc889bf90 Thread exited: 0x0000023bc889bf90
Event: 107.589 Thread 0x0000023bff2dc660 Thread added: 0x0000023bd4dc4e40
Event: 107.725 Thread 0x0000023bd4dc4e40 Thread exited: 0x0000023bd4dc4e40
Event: 108.686 Thread 0x0000023bff2dc660 Thread added: 0x0000023bd4dc4e40
Event: 108.859 Thread 0x0000023bd4dc4e40 Thread exited: 0x0000023bd4dc4e40
Event: 117.603 Thread 0x0000023bff2fcb40 Thread added: 0x0000023bd4dc3300
Event: 117.611 Thread 0x0000023bff2fcb40 Thread added: 0x0000023bd4dc5510
Event: 117.731 Thread 0x0000023bd4dc5510 Thread exited: 0x0000023bd4dc5510
Event: 117.852 Thread 0x0000023bd4dc3300 Thread exited: 0x0000023bd4dc3300
Event: 131.273 Thread 0x0000023bcadef500 Thread exited: 0x0000023bcadef500
Event: 131.399 Thread 0x0000023bcb999d50 Thread exited: 0x0000023bcb999d50
Event: 159.699 Thread 0x0000023bc749cf60 Thread exited: 0x0000023bc749cf60
Event: 161.126 Thread 0x0000023bc749f030 Thread added: 0x0000023bcb999d50
Event: 161.132 Thread 0x0000023bc749c8d0 Thread added: 0x0000023bcb99def0
Event: 161.147 Thread 0x0000023bff2fcb40 Thread added: 0x0000023bd4dc4e40
Event: 161.339 Thread 0x0000023bff2fcb40 Thread added: 0x0000023bd4dc3300


Dynamic libraries:
0x00007ff6de150000 - 0x00007ff6de15e000 	c:\Users\Fernanda Jama\.trae\extensions\redhat.java-1.44.0-win32-x64\jre\21.0.8-win32-x86_64\bin\java.exe
0x00007ffc09100000 - 0x00007ffc09369000 	C:\Windows\SYSTEM32\ntdll.dll
0x00007ffc086e0000 - 0x00007ffc087a9000 	C:\Windows\System32\KERNEL32.DLL
0x00007ffc06520000 - 0x00007ffc06913000 	C:\Windows\System32\KERNELBASE.dll
0x00007ffb76800000 - 0x00007ffb768db000 	C:\Program Files\Bitdefender\Endpoint Security\bdhkm\dlls_268027849970956834\bdhkm64.dll
0x00007ffb76620000 - 0x00007ffb767f9000 	C:\Program Files\Bitdefender\Endpoint Security\atcuf\dlls_268027849728437147\atcuf64.dll
0x00007ffc06c00000 - 0x00007ffc06d4b000 	C:\Windows\System32\ucrtbase.dll
0x00007ffbf6fa0000 - 0x00007ffbf6fb8000 	c:\Users\Fernanda Jama\.trae\extensions\redhat.java-1.44.0-win32-x64\jre\21.0.8-win32-x86_64\bin\jli.dll
0x00007ffc08950000 - 0x00007ffc08b14000 	C:\Windows\System32\USER32.dll
0x00007ffc06a60000 - 0x00007ffc06a87000 	C:\Windows\System32\win32u.dll
0x00007ffc07620000 - 0x00007ffc0764b000 	C:\Windows\System32\GDI32.dll
0x00007ffc063f0000 - 0x00007ffc0651d000 	C:\Windows\System32\gdi32full.dll
0x00007ffc069b0000 - 0x00007ffc06a53000 	C:\Windows\System32\msvcp_win.dll
0x00007ffbee9c0000 - 0x00007ffbee9de000 	c:\Users\Fernanda Jama\.trae\extensions\redhat.java-1.44.0-win32-x64\jre\21.0.8-win32-x86_64\bin\VCRUNTIME140.dll
0x00007ffbea690000 - 0x00007ffbea923000 	C:\Windows\WinSxS\amd64_microsoft.windows.common-controls_6595b64144ccf1df_6.0.26100.5074_none_3e0d6f78e32fd63f\COMCTL32.dll
0x00007ffc08f10000 - 0x00007ffc08fb9000 	C:\Windows\System32\msvcrt.dll
0x00007ffc087b0000 - 0x00007ffc087df000 	C:\Windows\System32\IMM32.DLL
0x00007ffc00e60000 - 0x00007ffc00e6c000 	c:\Users\Fernanda Jama\.trae\extensions\redhat.java-1.44.0-win32-x64\jre\21.0.8-win32-x86_64\bin\vcruntime140_1.dll
0x00007ffbee2b0000 - 0x00007ffbee33d000 	c:\Users\Fernanda Jama\.trae\extensions\redhat.java-1.44.0-win32-x64\jre\21.0.8-win32-x86_64\bin\msvcp140.dll
0x00007ffb2e0c0000 - 0x00007ffb2ee57000 	c:\Users\Fernanda Jama\.trae\extensions\redhat.java-1.44.0-win32-x64\jre\21.0.8-win32-x86_64\bin\server\jvm.dll
0x00007ffc081a0000 - 0x00007ffc08254000 	C:\Windows\System32\ADVAPI32.dll
0x00007ffc07870000 - 0x00007ffc07916000 	C:\Windows\System32\sechost.dll
0x00007ffc07470000 - 0x00007ffc07588000 	C:\Windows\System32\RPCRT4.dll
0x00007ffc07590000 - 0x00007ffc07604000 	C:\Windows\System32\WS2_32.dll
0x00007ffc060f0000 - 0x00007ffc0614e000 	C:\Windows\SYSTEM32\POWRPROF.dll
0x00007ffbef310000 - 0x00007ffbef345000 	C:\Windows\SYSTEM32\WINMM.dll
0x00007ffbf51f0000 - 0x00007ffbf51fb000 	C:\Windows\SYSTEM32\VERSION.dll
0x00007ffc060d0000 - 0x00007ffc060e4000 	C:\Windows\SYSTEM32\UMPDC.dll
0x00007ffc05030000 - 0x00007ffc0504b000 	C:\Windows\SYSTEM32\kernel.appcore.dll
0x00007ffbf6f90000 - 0x00007ffbf6f9a000 	c:\Users\Fernanda Jama\.trae\extensions\redhat.java-1.44.0-win32-x64\jre\21.0.8-win32-x86_64\bin\jimage.dll
0x00007ffc039d0000 - 0x00007ffc03c12000 	C:\Windows\SYSTEM32\DBGHELP.DLL
0x00007ffc08b90000 - 0x00007ffc08f0b000 	C:\Windows\System32\combase.dll
0x00007ffc087f0000 - 0x00007ffc088c7000 	C:\Windows\System32\OLEAUT32.dll
0x00007ffbce3e0000 - 0x00007ffbce41d000 	C:\Windows\SYSTEM32\dbgcore.DLL
0x00007ffc06350000 - 0x00007ffc063e9000 	C:\Windows\System32\bcryptPrimitives.dll
0x00007ffbf7b30000 - 0x00007ffbf7b3f000 	c:\Users\Fernanda Jama\.trae\extensions\redhat.java-1.44.0-win32-x64\jre\21.0.8-win32-x86_64\bin\instrument.dll
0x00007ffbee290000 - 0x00007ffbee2af000 	c:\Users\Fernanda Jama\.trae\extensions\redhat.java-1.44.0-win32-x64\jre\21.0.8-win32-x86_64\bin\java.dll
0x00007ffc07a50000 - 0x00007ffc0819d000 	C:\Windows\System32\SHELL32.dll
0x00007ffc06a90000 - 0x00007ffc06bfc000 	C:\Windows\System32\wintypes.dll
0x00007ffc03eb0000 - 0x00007ffc04709000 	C:\Windows\SYSTEM32\windows.storage.dll
0x00007ffc07360000 - 0x00007ffc07450000 	C:\Windows\System32\SHCORE.dll
0x00007ffc08670000 - 0x00007ffc086d2000 	C:\Windows\System32\shlwapi.dll
0x00007ffc061b0000 - 0x00007ffc061d9000 	C:\Windows\SYSTEM32\profapi.dll
0x00007ffbee270000 - 0x00007ffbee288000 	c:\Users\Fernanda Jama\.trae\extensions\redhat.java-1.44.0-win32-x64\jre\21.0.8-win32-x86_64\bin\zip.dll
0x00007ffbf7b20000 - 0x00007ffbf7b30000 	C:\Users\Fernanda Jama\.trae\extensions\redhat.java-1.44.0-win32-x64\jre\21.0.8-win32-x86_64\bin\net.dll
0x00007ffbf8ed0000 - 0x00007ffbf8fef000 	C:\Windows\SYSTEM32\WINHTTP.dll
0x00007ffc05590000 - 0x00007ffc055fb000 	C:\Windows\system32\mswsock.dll
0x00007ffbee250000 - 0x00007ffbee266000 	C:\Users\Fernanda Jama\.trae\extensions\redhat.java-1.44.0-win32-x64\jre\21.0.8-win32-x86_64\bin\nio.dll
0x00007ffbf6e70000 - 0x00007ffbf6e80000 	c:\Users\Fernanda Jama\.trae\extensions\redhat.java-1.44.0-win32-x64\jre\21.0.8-win32-x86_64\bin\verify.dll
0x00007ffbee110000 - 0x00007ffbee155000 	C:\Users\Fernanda Jama\AppData\Roaming\Trae\User\globalStorage\redhat.java\1.44.0\config_win\org.eclipse.equinox.launcher\org.eclipse.equinox.launcher.win32.win32.x86_64_1.2.1400.v20250730-1736\eclipse_11913.dll
0x00007ffc08260000 - 0x00007ffc083f8000 	C:\Windows\System32\ole32.dll
0x00007ffc05960000 - 0x00007ffc0597b000 	C:\Windows\SYSTEM32\CRYPTSP.dll
0x00007ffc04f90000 - 0x00007ffc04fcb000 	C:\Windows\system32\rsaenh.dll
0x00007ffc05630000 - 0x00007ffc0565b000 	C:\Windows\SYSTEM32\USERENV.dll
0x00007ffc06180000 - 0x00007ffc061a6000 	C:\Windows\SYSTEM32\bcrypt.dll
0x00007ffc057c0000 - 0x00007ffc057cc000 	C:\Windows\SYSTEM32\CRYPTBASE.dll
0x00007ffc04a30000 - 0x00007ffc04a64000 	C:\Windows\SYSTEM32\IPHLPAPI.DLL
0x00007ffc07a40000 - 0x00007ffc07a4a000 	C:\Windows\System32\NSI.dll
0x00007ffbd2e00000 - 0x00007ffbd2e49000 	C:\Users\Fernanda Jama\AppData\Local\Temp\jna--1470441178\jna10220629835105857518.dll
0x00007ffc07610000 - 0x00007ffc07618000 	C:\Windows\System32\PSAPI.DLL
0x00007ffc00430000 - 0x00007ffc0044e000 	C:\Windows\SYSTEM32\dhcpcsvc6.DLL
0x00007ffc000e0000 - 0x00007ffc00103000 	C:\Windows\SYSTEM32\dhcpcsvc.DLL

JVMTI agents:
c:\Users\Fernanda Jama\.trae\extensions\redhat.java-1.44.0-win32-x64\lombok\lombok-1.18.39-4050.jar path:c:\Users\Fernanda Jama\.trae\extensions\redhat.java-1.44.0-win32-x64\jre\21.0.8-win32-x86_64\bin\instrument.dll, loaded, initialized, instrumentlib options:none

dbghelp: loaded successfully - version: 4.0.5 - missing functions: none
symbol engine: initialized successfully - sym options: 0x614 - pdb path: .;c:\Users\Fernanda Jama\.trae\extensions\redhat.java-1.44.0-win32-x64\jre\21.0.8-win32-x86_64\bin;C:\Windows\SYSTEM32;C:\Program Files\Bitdefender\Endpoint Security\bdhkm\dlls_268027849970956834;C:\Program Files\Bitdefender\Endpoint Security\atcuf\dlls_268027849728437147;C:\Windows\WinSxS\amd64_microsoft.windows.common-controls_6595b64144ccf1df_6.0.26100.5074_none_3e0d6f78e32fd63f;c:\Users\Fernanda Jama\.trae\extensions\redhat.java-1.44.0-win32-x64\jre\21.0.8-win32-x86_64\bin\server;C:\Users\Fernanda Jama\AppData\Roaming\Trae\User\globalStorage\redhat.java\1.44.0\config_win\org.eclipse.equinox.launcher\org.eclipse.equinox.launcher.win32.win32.x86_64_1.2.1400.v20250730-1736;C:\Users\Fernanda Jama\AppData\Local\Temp\jna--1470441178

VM Arguments:
jvm_args: --add-modules=ALL-SYSTEM --add-opens=java.base/java.util=ALL-UNNAMED --add-opens=java.base/java.lang=ALL-UNNAMED --add-opens=java.base/sun.nio.fs=ALL-UNNAMED -Declipse.application=org.eclipse.jdt.ls.core.id1 -Dosgi.bundles.defaultStartLevel=4 -Declipse.product=org.eclipse.jdt.ls.core.product -Djava.import.generatesMetadataFilesAtProjectRoot=false -DDetectVMInstallationsJob.disabled=true -Dfile.encoding=utf8 -XX:+UseParallelGC -XX:GCTimeRatio=4 -XX:AdaptiveSizePolicyWeight=90 -Dsun.zip.disableMemoryMapping=true -Xmx2G -Xms100m -Xlog:disable -javaagent:c:\Users\Fernanda Jama\.trae\extensions\redhat.java-1.44.0-win32-x64\lombok\lombok-1.18.39-4050.jar -XX:+HeapDumpOnOutOfMemoryError -XX:HeapDumpPath=c:\Users\Fernanda Jama\AppData\Roaming\Trae\User\workspaceStorage\15c722b02b3b73826bcb58a08aa3cd52\redhat.java -Daether.dependencyCollector.impl=bf 
java_command: c:\Users\Fernanda Jama\.trae\extensions\redhat.java-1.44.0-win32-x64\server\plugins\org.eclipse.equinox.launcher_1.7.0.v20250519-0528.jar -configuration c:\Users\Fernanda Jama\AppData\Roaming\Trae\User\globalStorage\redhat.java\1.44.0\config_win -data c:\Users\Fernanda Jama\AppData\Roaming\Trae\User\workspaceStorage\15c722b02b3b73826bcb58a08aa3cd52\redhat.java\jdt_ws --pipe=\\.\pipe\lsp-2bddc4d9f296062a22f983c38f54586b-sock
java_class_path (initial): c:\Users\Fernanda Jama\.trae\extensions\redhat.java-1.44.0-win32-x64\server\plugins\org.eclipse.equinox.launcher_1.7.0.v20250519-0528.jar
Launcher Type: SUN_STANDARD

[Global flags]
    uintx AdaptiveSizePolicyWeight                 = 90                                        {product} {command line}
     intx CICompilerCount                          = 4                                         {product} {ergonomic}
    uintx GCTimeRatio                              = 4                                         {product} {command line}
     bool HeapDumpOnOutOfMemoryError               = true                                   {manageable} {command line}
    ccstr HeapDumpPath                             = c:\Users\Fernanda Jama\AppData\Roaming\Trae\User\workspaceStorage\15c722b02b3b73826bcb58a08aa3cd52\redhat.java         {manageable} {command line}
   size_t InitialHeapSize                          = 104857600                                 {product} {command line}
   size_t MaxHeapSize                              = 2147483648                                {product} {command line}
   size_t MaxNewSize                               = 715653120                                 {product} {ergonomic}
   size_t MinHeapDeltaBytes                        = 524288                                    {product} {ergonomic}
   size_t MinHeapSize                              = 104857600                                 {product} {command line}
   size_t NewSize                                  = 34603008                                  {product} {ergonomic}
    uintx NonNMethodCodeHeapSize                   = 5839372                                {pd product} {ergonomic}
    uintx NonProfiledCodeHeapSize                  = 122909434                              {pd product} {ergonomic}
   size_t OldSize                                  = 70254592                                  {product} {ergonomic}
    uintx ProfiledCodeHeapSize                     = 122909434                              {pd product} {ergonomic}
    uintx ReservedCodeCacheSize                    = 251658240                              {pd product} {ergonomic}
     bool SegmentedCodeCache                       = true                                      {product} {ergonomic}
   size_t SoftMaxHeapSize                          = 2147483648                             {manageable} {ergonomic}
     bool UseCompressedOops                        = true                           {product lp64_product} {ergonomic}
     bool UseLargePagesIndividualAllocation        = false                                  {pd product} {ergonomic}
     bool UseParallelGC                            = true                                      {product} {command line}

Logging:
Log output configuration:
 #0: stdout all=off uptime,level,tags foldmultilines=false
 #1: stderr all=off uptime,level,tags foldmultilines=false

Environment Variables:
JAVA_HOME=C:\Program Files\Java\jdk-17
CLASSPATH=C:\Program Files\SAP\SAP Business One DI API\JCO\LIB\sbowrapper.jar;C:\Program Files\SAP\SAP Business One DI API\JCO\LIB\sboapi.jar
PATH=C:\Users\Fernanda Jama\.trae\tools\gradle\latest\bin;C:\Program Files\Java\jdk-17\bin;C:\Users\Fernanda Jama\.trae\tools\maven\latest\bin;C:\Python313\Scripts\;C:\Python313\;C:\Program Files\Microsoft MPI\Bin\;C:\Program Files\Common Files\Oracle\Java\javapath;C:\Windows\system32;C:\Windows;C:\Windows\System32\Wbem;C:\Windows\System32\WindowsPowerShell\v1.0\;C:\Windows\System32\OpenSSH\;C:\Program Files\Microsoft SQL Server\Client SDK\ODBC\170\Tools\Binn\;C:\Program Files (x86)\Microsoft SQL Server\150\Tools\Binn\;C:\Program Files\Microsoft SQL Server\150\Tools\Binn\;C:\Program Files\Microsoft SQL Server\150\DTS\Binn\;C:\Program Files (x86)\Microsoft SQL Server\160\DTS\Binn\;C:\Program Files\nodejs\;C:\ProgramData\chocolatey\bin;C:\Program Files\SAP\SAP Business One DI API\JCO\LIB\;C:\Program Files\SAP\SAP Business One DI API\DI API 90;C:\Program Files\SAP\SAP Business One\;C:\Program Files\apache-maven-3.8.8-bin\apache-maven-3.8.8\bin;C:\Program Files\Git\cmd;C:\Users\Fernanda Jama\AppData\Local\Microsoft\WindowsApps;C:\Users\Fernanda Jama\AppData\Local\GitHubDesktop\bin;C:\Users\Fernanda Jama\AppData\Local\Programs\Microsoft VS Code\bin;C:\Users\Fernanda Jama\AppData\Roaming\npm;c:\Users\Fernanda Jama\AppData\Local\Programs\Trae\resources\app\bin\lib
USERNAME=Fernanda Jama
OS=Windows_NT
PROCESSOR_IDENTIFIER=Intel64 Family 6 Model 140 Stepping 1, GenuineIntel
TMP=C:\Users\FERNAN~1\AppData\Local\Temp
TEMP=C:\Users\FERNAN~1\AppData\Local\Temp




Periodic native trim disabled

---------------  S Y S T E M  ---------------

OS:
 Windows 11 , 64 bit Build 26100 (10.0.26100.5074)
OS uptime: 1 days 1:46 hours
Hyper-V role detected

CPU: total 8 (initial active 8) (4 cores per cpu, 2 threads per core) family 6 model 140 stepping 1 microcode 0xb8, cx8, cmov, fxsr, ht, mmx, 3dnowpref, sse, sse2, sse3, ssse3, sse4.1, sse4.2, popcnt, lzcnt, tsc, tscinvbit, avx, avx2, aes, erms, clmul, bmi1, bmi2, adx, avx512f, avx512dq, avx512cd, avx512bw, avx512vl, sha, fma, vzeroupper, avx512_vpopcntdq, avx512_vpclmulqdq, avx512_vaes, avx512_vnni, clflush, clflushopt, clwb, avx512_vbmi2, avx512_vbmi, hv, rdtscp, rdpid, fsrm, gfni, avx512_bitalg, f16c, cet_ibt, cet_ss, avx512_ifma
Processor Information for the first 8 processors :
  Max Mhz: 2803, Current Mhz: 2803, Mhz Limit: 2803

Memory: 4k page, system-wide physical 40743M (1591M free)
TotalPageFile size 101623M (AvailPageFile size 187M)
current process WorkingSet (physical memory assigned to process): 1360M, peak: 1360M
current process commit charge ("private bytes"): 1298M, peak: 1298M

vm_info: OpenJDK 64-Bit Server VM (21.0.8+9-LTS) for windows-amd64 JRE (21.0.8+9-LTS), built on 2025-07-15T00:00:00Z by "admin" with MS VC++ 17.7 (VS2022)

END.
