#
# There is insufficient memory for the Java Runtime Environment to continue.
# Native memory allocation (malloc) failed to allocate 1631376 bytes. Error detail: Chunk::new
# Possible reasons:
#   The system is out of physical RAM or swap space
#   This process is running with CompressedOops enabled, and the Java Heap may be blocking the growth of the native heap
# Possible solutions:
#   Reduce memory load on the system
#   Increase physical memory or swap space
#   Check if swap backing store is full
#   Decrease Java heap size (-Xmx/-Xms)
#   Decrease number of Java threads
#   Decrease Java thread stack sizes (-Xss)
#   Set larger code cache with -XX:ReservedCodeCacheSize=
#   JVM is running with Unscaled Compressed Oops mode in which the Java heap is
#     placed in the first 4GB address space. The Java Heap base address is the
#     maximum limit for the native heap growth. Please use -XX:HeapBaseMinAddress
#     to set the Java Heap base and to place the Java Heap above 4GB virtual address.
# This output file may be truncated or incomplete.
#
#  Out of Memory Error (arena.cpp:168), pid=22148, tid=9204
#
# JRE version: OpenJDK Runtime Environment Temurin-21.0.8+9 (21.0.8+9) (build 21.0.8+9-LTS)
# Java VM: OpenJDK 64-Bit Server VM Temurin-21.0.8+9 (21.0.8+9-LTS, mixed mode, sharing, tiered, compressed oops, compressed class ptrs, parallel gc, windows-amd64)
# No core dump will be written. Minidumps are not enabled by default on client versions of Windows
#

---------------  S U M M A R Y ------------

Command Line: --add-modules=ALL-SYSTEM --add-opens=java.base/java.util=ALL-UNNAMED --add-opens=java.base/java.lang=ALL-UNNAMED --add-opens=java.base/sun.nio.fs=ALL-UNNAMED -Declipse.application=org.eclipse.jdt.ls.core.id1 -Dosgi.bundles.defaultStartLevel=4 -Declipse.product=org.eclipse.jdt.ls.core.product -Djava.import.generatesMetadataFilesAtProjectRoot=false -DDetectVMInstallationsJob.disabled=true -Dfile.encoding=utf8 -XX:+UseParallelGC -XX:GCTimeRatio=4 -XX:AdaptiveSizePolicyWeight=90 -Dsun.zip.disableMemoryMapping=true -Xmx2G -Xms100m -Xlog:disable -javaagent:c:\Users\Fernanda Jama\.trae\extensions\redhat.java-1.44.0-win32-x64\lombok\lombok-1.18.39-4050.jar -XX:+HeapDumpOnOutOfMemoryError -XX:HeapDumpPath=c:\Users\Fernanda Jama\AppData\Roaming\Trae\User\workspaceStorage\15c722b02b3b73826bcb58a08aa3cd52\redhat.java -Daether.dependencyCollector.impl=bf c:\Users\Fernanda Jama\.trae\extensions\redhat.java-1.44.0-win32-x64\server\plugins\org.eclipse.equinox.launcher_1.7.0.v20250519-0528.jar -configuration c:\Users\Fernanda Jama\AppData\Roaming\Trae\User\globalStorage\redhat.java\1.44.0\config_win -data c:\Users\Fernanda Jama\AppData\Roaming\Trae\User\workspaceStorage\15c722b02b3b73826bcb58a08aa3cd52\redhat.java\jdt_ws --pipe=\\.\pipe\lsp-1d3b9fe0dc8bf6510034d355a1b43e3d-sock

Host: 11th Gen Intel(R) Core(TM) i7-1165G7 @ 2.80GHz, 8 cores, 39G,  Windows 11 , 64 bit Build 26100 (10.0.26100.4768)
Time: Mon Sep  1 18:42:25 2025 Hora est. Pacífico, Sudamérica elapsed time: 18.452047 seconds (0d 0h 0m 18s)

---------------  T H R E A D  ---------------

Current thread (0x00000211791d5550):  JavaThread "C2 CompilerThread0" daemon [_thread_in_native, id=9204, stack(0x000000d047000000,0x000000d047100000) (1024K)]


Current CompileTask:
C2:18452 4605   !   4       org.eclipse.osgi.internal.loader.classpath.ClasspathManager::findClassImpl (343 bytes)

Stack: [0x000000d047000000,0x000000d047100000]
Native frames: (J=compiled Java code, j=interpreted, Vv=VM code, C=native code)
V  [jvm.dll+0x6d2449]
V  [jvm.dll+0x8ae341]
V  [jvm.dll+0x8b08be]
V  [jvm.dll+0x8b0fa3]
V  [jvm.dll+0x280c96]
V  [jvm.dll+0xc581d]
V  [jvm.dll+0xc5d53]
V  [jvm.dll+0x3b9162]
V  [jvm.dll+0x385315]
V  [jvm.dll+0x38477a]
V  [jvm.dll+0x248ed0]
V  [jvm.dll+0x2484af]
V  [jvm.dll+0x1c89ee]
V  [jvm.dll+0x257d4d]
V  [jvm.dll+0x2562ea]
V  [jvm.dll+0x3f2d16]
V  [jvm.dll+0x857e6b]
V  [jvm.dll+0x6d0b0d]
C  [ucrtbase.dll+0x37b0]
C  [KERNEL32.DLL+0x2e8d7]
C  [ntdll.dll+0x3c34c]


---------------  P R O C E S S  ---------------

Threads class SMR info:
_java_thread_list=0x000002117f23f110, length=25, elements={
0x000002111f72b0a0, 0x000002111f7de1e0, 0x00000211791ce970, 0x00000211791d3670,
0x00000211791d6920, 0x00000211791d7570, 0x00000211791d4720, 0x00000211791d5550,
0x00000211791fb990, 0x000002111f799720, 0x000002117aed47c0, 0x00000211000918a0,
0x000002117f7f4ac0, 0x00000211000dcb30, 0x00000211000dd190, 0x000002117f61ac00,
0x0000021100449c00, 0x000002110020fca0, 0x000002117ad66c20, 0x000002117ad672b0,
0x000002117ad67940, 0x000002117ad66590, 0x000002117ad65f00, 0x000002117ad67fd0,
0x00000211005487d0
}

Java Threads: ( => current thread )
  0x000002111f72b0a0 JavaThread "main"                              [_thread_blocked, id=26608, stack(0x000000d046600000,0x000000d046700000) (1024K)]
  0x000002111f7de1e0 JavaThread "Reference Handler"          daemon [_thread_blocked, id=25816, stack(0x000000d046a00000,0x000000d046b00000) (1024K)]
  0x00000211791ce970 JavaThread "Finalizer"                  daemon [_thread_blocked, id=21248, stack(0x000000d046b00000,0x000000d046c00000) (1024K)]
  0x00000211791d3670 JavaThread "Signal Dispatcher"          daemon [_thread_blocked, id=19600, stack(0x000000d046c00000,0x000000d046d00000) (1024K)]
  0x00000211791d6920 JavaThread "Attach Listener"            daemon [_thread_blocked, id=21992, stack(0x000000d046d00000,0x000000d046e00000) (1024K)]
  0x00000211791d7570 JavaThread "Service Thread"             daemon [_thread_blocked, id=27116, stack(0x000000d046e00000,0x000000d046f00000) (1024K)]
  0x00000211791d4720 JavaThread "Monitor Deflation Thread"   daemon [_thread_blocked, id=12184, stack(0x000000d046f00000,0x000000d047000000) (1024K)]
=>0x00000211791d5550 JavaThread "C2 CompilerThread0"         daemon [_thread_in_native, id=9204, stack(0x000000d047000000,0x000000d047100000) (1024K)]
  0x00000211791fb990 JavaThread "C1 CompilerThread0"         daemon [_thread_blocked, id=15204, stack(0x000000d047100000,0x000000d047200000) (1024K)]
  0x000002111f799720 JavaThread "Common-Cleaner"             daemon [_thread_blocked, id=6492, stack(0x000000d047200000,0x000000d047300000) (1024K)]
  0x000002117aed47c0 JavaThread "Notification Thread"        daemon [_thread_blocked, id=22116, stack(0x000000d047300000,0x000000d047400000) (1024K)]
  0x00000211000918a0 JavaThread "Active Thread: Equinox Container: 4fabda06-a8fe-4066-b6f5-2cb1d65832a6"        [_thread_blocked, id=23340, stack(0x000000d047c00000,0x000000d047d00000) (1024K)]
  0x000002117f7f4ac0 JavaThread "Refresh Thread: Equinox Container: 4fabda06-a8fe-4066-b6f5-2cb1d65832a6" daemon [_thread_blocked, id=5636, stack(0x000000d047d00000,0x000000d047e00000) (1024K)]
  0x00000211000dcb30 JavaThread "Framework Event Dispatcher: Equinox Container: 4fabda06-a8fe-4066-b6f5-2cb1d65832a6" daemon [_thread_blocked, id=6116, stack(0x000000d047e00000,0x000000d047f00000) (1024K)]
  0x00000211000dd190 JavaThread "Start Level: Equinox Container: 4fabda06-a8fe-4066-b6f5-2cb1d65832a6" daemon [_thread_in_vm, id=11528, stack(0x000000d047f00000,0x000000d048000000) (1024K)]
  0x000002117f61ac00 JavaThread "Bundle File Closer"         daemon [_thread_blocked, id=23096, stack(0x000000d048000000,0x000000d048100000) (1024K)]
  0x0000021100449c00 JavaThread "SCR Component Actor"        daemon [_thread_blocked, id=27412, stack(0x000000d047400000,0x000000d047500000) (1024K)]
  0x000002110020fca0 JavaThread "SCR Component Registry"     daemon [_thread_blocked, id=21612, stack(0x000000d048100000,0x000000d048200000) (1024K)]
  0x000002117ad66c20 JavaThread "Worker-JM"                         [_thread_blocked, id=12340, stack(0x000000d048200000,0x000000d048300000) (1024K)]
  0x000002117ad672b0 JavaThread "JNA Cleaner"                daemon [_thread_blocked, id=21404, stack(0x000000d048300000,0x000000d048400000) (1024K)]
  0x000002117ad67940 JavaThread "Worker-0: Repository registry initialization"        [_thread_in_native, id=7320, stack(0x000000d048400000,0x000000d048500000) (1024K)]
  0x000002117ad66590 JavaThread "Worker-1: Refreshing workspace"        [_thread_in_native, id=16004, stack(0x000000d048500000,0x000000d048600000) (1024K)]
  0x000002117ad65f00 JavaThread "Worker-2"                          [_thread_blocked, id=20736, stack(0x000000d048600000,0x000000d048700000) (1024K)]
  0x000002117ad67fd0 JavaThread "Worker-3"                          [_thread_blocked, id=26272, stack(0x000000d048700000,0x000000d048800000) (1024K)]
  0x00000211005487d0 JavaThread "C2 CompilerThread1"         daemon [_thread_blocked, id=3944, stack(0x000000d048800000,0x000000d048900000) (1024K)]
Total: 25

Other Threads:
  0x00000211791c34a0 VMThread "VM Thread"                           [id=5560, stack(0x000000d046900000,0x000000d046a00000) (1024K)]
  0x000002111f798d30 WatcherThread "VM Periodic Task Thread"        [id=21164, stack(0x000000d046800000,0x000000d046900000) (1024K)]
  0x000002111f74ac70 WorkerThread "GC Thread#0"                     [id=21032, stack(0x000000d046700000,0x000000d046800000) (1024K)]
  0x000002117f49f690 WorkerThread "GC Thread#1"                     [id=21552, stack(0x000000d047600000,0x000000d047700000) (1024K)]
  0x000002117f49fa30 WorkerThread "GC Thread#2"                     [id=23020, stack(0x000000d047700000,0x000000d047800000) (1024K)]
  0x000002117f49fdd0 WorkerThread "GC Thread#3"                     [id=21648, stack(0x000000d047800000,0x000000d047900000) (1024K)]
  0x000002117f7f8a90 WorkerThread "GC Thread#4"                     [id=8760, stack(0x000000d047900000,0x000000d047a00000) (1024K)]
  0x000002117f7f8e30 WorkerThread "GC Thread#5"                     [id=22848, stack(0x000000d047a00000,0x000000d047b00000) (1024K)]
  0x000002117f7f91d0 WorkerThread "GC Thread#6"                     [id=13716, stack(0x000000d047b00000,0x000000d047c00000) (1024K)]
  0x000002110012b130 WorkerThread "GC Thread#7"                     [id=27332, stack(0x000000d047500000,0x000000d047600000) (1024K)]
Total: 10

Threads with active compile tasks:
C2 CompilerThread0  19512 4605   !   4       org.eclipse.osgi.internal.loader.classpath.ClasspathManager::findClassImpl (343 bytes)
Total: 1

VM state: not at safepoint (normal execution)

VM Mutex/Monitor currently owned by a thread: None

Heap address: 0x0000000080000000, size: 2048 MB, Compressed Oops mode: 32-bit

CDS archive(s) mapped at: [0x0000021138000000-0x0000021138ba0000-0x0000021138ba0000), size 12189696, SharedBaseAddress: 0x0000021138000000, ArchiveRelocationMode: 1.
Compressed class space mapped at: 0x0000021139000000-0x0000021179000000, reserved size: 1073741824
Narrow klass base: 0x0000021138000000, Narrow klass shift: 0, Narrow klass range: 0x100000000

GC Precious Log:
 CardTable entry size: 512
 CPUs: 8 total, 8 available
 Memory: 40743M
 Large Page Support: Disabled
 NUMA Support: Disabled
 Compressed Oops: Enabled (32-bit)
 Alignments: Space 512K, Generation 512K, Heap 2M
 Heap Min Capacity: 100M
 Heap Initial Capacity: 100M
 Heap Max Capacity: 2G
 Pre-touch: Disabled
 Parallel Workers: 8

Heap:
 PSYoungGen      total 27136K, used 20163K [0x00000000d5580000, 0x00000000d7580000, 0x0000000100000000)
  eden space 24064K, 72% used [0x00000000d5580000,0x00000000d6677840,0x00000000d6d00000)
  from space 3072K, 90% used [0x00000000d7280000,0x00000000d75394b8,0x00000000d7580000)
  to   space 3584K, 0% used [0x00000000d6e80000,0x00000000d6e80000,0x00000000d7200000)
 ParOldGen       total 68608K, used 13366K [0x0000000080000000, 0x0000000084300000, 0x00000000d5580000)
  object space 68608K, 19% used [0x0000000080000000,0x0000000080d0d930,0x0000000084300000)
 Metaspace       used 24479K, committed 25408K, reserved 1114112K
  class space    used 2589K, committed 3008K, reserved 1048576K

Card table byte_map: [0x0000021133450000,0x0000021133860000] _byte_map_base: 0x0000021133050000

Marking Bits: (ParMarkBitMap*) 0x00007fffd8f3a340
 Begin Bits: [0x0000021133b10000, 0x0000021135b10000)
 End Bits:   [0x0000021135b10000, 0x0000021137b10000)

Polling page: 0x000002111f290000

Metaspace:

Usage:
  Non-class:     21.38 MB used.
      Class:      2.53 MB used.
       Both:     23.91 MB used.

Virtual space:
  Non-class space:       64.00 MB reserved,      21.88 MB ( 34%) committed,  1 nodes.
      Class space:        1.00 GB reserved,       2.94 MB ( <1%) committed,  1 nodes.
             Both:        1.06 GB reserved,      24.81 MB (  2%) committed. 

Chunk freelists:
   Non-Class:  9.38 MB
       Class:  13.03 MB
        Both:  22.40 MB

MaxMetaspaceSize: unlimited
CompressedClassSpaceSize: 1.00 GB
Initial GC threshold: 21.00 MB
Current GC threshold: 35.00 MB
CDS: on
 - commit_granule_bytes: 65536.
 - commit_granule_words: 8192.
 - virtual_space_node_default_size: 8388608.
 - enlarge_chunks_in_place: 1.
 - use_allocation_guard: 0.


Internal statistics:

num_allocs_failed_limit: 3.
num_arena_births: 808.
num_arena_deaths: 14.
num_vsnodes_births: 2.
num_vsnodes_deaths: 0.
num_space_committed: 398.
num_space_uncommitted: 0.
num_chunks_returned_to_freelist: 17.
num_chunks_taken_from_freelist: 1846.
num_chunk_merges: 7.
num_chunk_splits: 1143.
num_chunks_enlarged: 660.
num_inconsistent_stats: 0.

CodeHeap 'non-profiled nmethods': size=120000Kb used=2276Kb max_used=2276Kb free=117723Kb
 bounds [0x000002112bd40000, 0x000002112bfb0000, 0x0000021133270000]
CodeHeap 'profiled nmethods': size=120000Kb used=9869Kb max_used=9869Kb free=110130Kb
 bounds [0x0000021124270000, 0x0000021124c20000, 0x000002112b7a0000]
CodeHeap 'non-nmethods': size=5760Kb used=1304Kb max_used=1340Kb free=4455Kb
 bounds [0x000002112b7a0000, 0x000002112ba10000, 0x000002112bd40000]
CodeCache: size=245760Kb, used=13449Kb, max_used=13485Kb, free=232308Kb
 total_blobs=5293, nmethods=4716, adapters=483, full_count=0
Compilation: enabled, stopped_count=0, restarted_count=0

Compilation events (20 events):
Event: 17.408 Thread 0x00000211791fb990 nmethod 4681 0x0000021124bf9a10 code [0x0000021124bf9be0, 0x0000021124bf9f90]
Event: 17.408 Thread 0x00000211791fb990 4683       3       java.util.regex.Pattern$CharPropertyGreedy::match (160 bytes)
Event: 17.412 Thread 0x00000211791fb990 nmethod 4683 0x0000021124bfa190 code [0x0000021124bfa3e0, 0x0000021124bfad60]
Event: 17.412 Thread 0x00000211791fb990 4686       3       org.lombokweb.asm.SymbolTable::addConstantMemberReference (147 bytes)
Event: 17.414 Thread 0x00000211791fb990 nmethod 4686 0x0000021124bfb090 code [0x0000021124bfb320, 0x0000021124bfbbb8]
Event: 17.414 Thread 0x00000211791fb990 4685       3       org.lombokweb.asm.ByteVector::put12 (64 bytes)
Event: 17.414 Thread 0x00000211791fb990 nmethod 4685 0x0000021124bfc110 code [0x0000021124bfc2c0, 0x0000021124bfc4f0]
Event: 17.414 Thread 0x00000211791fb990 4687       3       org.lombokweb.asm.MethodWriter::visitVarInsn (302 bytes)
Event: 17.415 Thread 0x00000211791fb990 nmethod 4687 0x0000021124bfc690 code [0x0000021124bfc900, 0x0000021124bfd298]
Event: 17.415 Thread 0x00000211791fb990 4688       3       org.lombokweb.asm.MethodWriter::visitInsn (115 bytes)
Event: 17.416 Thread 0x00000211791fb990 nmethod 4688 0x0000021124bfd510 code [0x0000021124bfd700, 0x0000021124bfdb68]
Event: 17.429 Thread 0x00000211005487d0 nmethod 4680 0x000002112bf74290 code [0x000002112bf744a0, 0x000002112bf74f48]
Event: 17.429 Thread 0x00000211005487d0 4684       4       java.util.regex.Pattern$BmpCharPropertyGreedy::match (89 bytes)
Event: 17.437 Thread 0x00000211791fb990 4690       3       org.eclipse.core.runtime.Path::removeLastSegments (85 bytes)
Event: 17.437 Thread 0x00000211791fb990 nmethod 4690 0x0000021124bfdd10 code [0x0000021124bfdf40, 0x0000021124bfe668]
Event: 17.438 Thread 0x00000211791fb990 4691   !   3       org.eclipse.core.filesystem.provider.FileStore::fetchInfo (27 bytes)
Event: 17.438 Thread 0x00000211791fb990 nmethod 4691 0x0000021124bfe910 code [0x0000021124bfeb20, 0x0000021124bff070]
Event: 17.438 Thread 0x00000211791fb990 4692       3       org.eclipse.core.internal.filesystem.local.LocalFile::fetchInfo (45 bytes)
Event: 17.439 Thread 0x00000211791fb990 nmethod 4692 0x0000021124bff290 code [0x0000021124bff4e0, 0x0000021124bffb50]
Event: 17.439 Thread 0x00000211791fb990 4693       3       org.eclipse.core.internal.filesystem.local.Win32Handler::convertFindDataWToFileInfo (188 bytes)

GC Heap History (18 events):
Event: 1.499 GC heap before
{Heap before GC invocations=1 (full 0):
 PSYoungGen      total 29696K, used 25600K [0x00000000d5580000, 0x00000000d7680000, 0x0000000100000000)
  eden space 25600K, 100% used [0x00000000d5580000,0x00000000d6e80000,0x00000000d6e80000)
  from space 4096K, 0% used [0x00000000d7280000,0x00000000d7280000,0x00000000d7680000)
  to   space 4096K, 0% used [0x00000000d6e80000,0x00000000d6e80000,0x00000000d7280000)
 ParOldGen       total 68608K, used 0K [0x0000000080000000, 0x0000000084300000, 0x00000000d5580000)
  object space 68608K, 0% used [0x0000000080000000,0x0000000080000000,0x0000000084300000)
 Metaspace       used 4274K, committed 4480K, reserved 1114112K
  class space    used 468K, committed 576K, reserved 1048576K
}
Event: 1.507 GC heap after
{Heap after GC invocations=1 (full 0):
 PSYoungGen      total 29696K, used 3334K [0x00000000d5580000, 0x00000000d7680000, 0x0000000100000000)
  eden space 25600K, 0% used [0x00000000d5580000,0x00000000d5580000,0x00000000d6e80000)
  from space 4096K, 81% used [0x00000000d6e80000,0x00000000d71c1bb8,0x00000000d7280000)
  to   space 4096K, 0% used [0x00000000d7280000,0x00000000d7280000,0x00000000d7680000)
 ParOldGen       total 68608K, used 16K [0x0000000080000000, 0x0000000084300000, 0x00000000d5580000)
  object space 68608K, 0% used [0x0000000080000000,0x0000000080004000,0x0000000084300000)
 Metaspace       used 4274K, committed 4480K, reserved 1114112K
  class space    used 468K, committed 576K, reserved 1048576K
}
Event: 2.486 GC heap before
{Heap before GC invocations=2 (full 0):
 PSYoungGen      total 29696K, used 28934K [0x00000000d5580000, 0x00000000d7680000, 0x0000000100000000)
  eden space 25600K, 100% used [0x00000000d5580000,0x00000000d6e80000,0x00000000d6e80000)
  from space 4096K, 81% used [0x00000000d6e80000,0x00000000d71c1bb8,0x00000000d7280000)
  to   space 4096K, 0% used [0x00000000d7280000,0x00000000d7280000,0x00000000d7680000)
 ParOldGen       total 68608K, used 16K [0x0000000080000000, 0x0000000084300000, 0x00000000d5580000)
  object space 68608K, 0% used [0x0000000080000000,0x0000000080004000,0x0000000084300000)
 Metaspace       used 7992K, committed 8320K, reserved 1114112K
  class space    used 831K, committed 960K, reserved 1048576K
}
Event: 2.493 GC heap after
{Heap after GC invocations=2 (full 0):
 PSYoungGen      total 29696K, used 4085K [0x00000000d5580000, 0x00000000d7680000, 0x0000000100000000)
  eden space 25600K, 0% used [0x00000000d5580000,0x00000000d5580000,0x00000000d6e80000)
  from space 4096K, 99% used [0x00000000d7280000,0x00000000d767d530,0x00000000d7680000)
  to   space 4096K, 0% used [0x00000000d6e80000,0x00000000d6e80000,0x00000000d7280000)
 ParOldGen       total 68608K, used 1751K [0x0000000080000000, 0x0000000084300000, 0x00000000d5580000)
  object space 68608K, 2% used [0x0000000080000000,0x00000000801b5f18,0x0000000084300000)
 Metaspace       used 7992K, committed 8320K, reserved 1114112K
  class space    used 831K, committed 960K, reserved 1048576K
}
Event: 3.715 GC heap before
{Heap before GC invocations=3 (full 0):
 PSYoungGen      total 29696K, used 29666K [0x00000000d5580000, 0x00000000d7680000, 0x0000000100000000)
  eden space 25600K, 99% used [0x00000000d5580000,0x00000000d6e7b660,0x00000000d6e80000)
  from space 4096K, 99% used [0x00000000d7280000,0x00000000d767d530,0x00000000d7680000)
  to   space 4096K, 0% used [0x00000000d6e80000,0x00000000d6e80000,0x00000000d7280000)
 ParOldGen       total 68608K, used 1751K [0x0000000080000000, 0x0000000084300000, 0x00000000d5580000)
  object space 68608K, 2% used [0x0000000080000000,0x00000000801b5f18,0x0000000084300000)
 Metaspace       used 9325K, committed 9600K, reserved 1114112K
  class space    used 995K, committed 1152K, reserved 1048576K
}
Event: 3.720 GC heap after
{Heap after GC invocations=3 (full 0):
 PSYoungGen      total 29696K, used 4092K [0x00000000d5580000, 0x00000000d7680000, 0x0000000100000000)
  eden space 25600K, 0% used [0x00000000d5580000,0x00000000d5580000,0x00000000d6e80000)
  from space 4096K, 99% used [0x00000000d6e80000,0x00000000d727f3a8,0x00000000d7280000)
  to   space 4096K, 0% used [0x00000000d7280000,0x00000000d7280000,0x00000000d7680000)
 ParOldGen       total 68608K, used 4857K [0x0000000080000000, 0x0000000084300000, 0x00000000d5580000)
  object space 68608K, 7% used [0x0000000080000000,0x00000000804be438,0x0000000084300000)
 Metaspace       used 9325K, committed 9600K, reserved 1114112K
  class space    used 995K, committed 1152K, reserved 1048576K
}
Event: 4.979 GC heap before
{Heap before GC invocations=4 (full 0):
 PSYoungGen      total 29696K, used 29621K [0x00000000d5580000, 0x00000000d7680000, 0x0000000100000000)
  eden space 25600K, 99% used [0x00000000d5580000,0x00000000d6e6e310,0x00000000d6e80000)
  from space 4096K, 99% used [0x00000000d6e80000,0x00000000d727f3a8,0x00000000d7280000)
  to   space 4096K, 0% used [0x00000000d7280000,0x00000000d7280000,0x00000000d7680000)
 ParOldGen       total 68608K, used 4857K [0x0000000080000000, 0x0000000084300000, 0x00000000d5580000)
  object space 68608K, 7% used [0x0000000080000000,0x00000000804be438,0x0000000084300000)
 Metaspace       used 12104K, committed 12480K, reserved 1114112K
  class space    used 1288K, committed 1472K, reserved 1048576K
}
Event: 4.985 GC heap after
{Heap after GC invocations=4 (full 0):
 PSYoungGen      total 29696K, used 4071K [0x00000000d5580000, 0x00000000d7680000, 0x0000000100000000)
  eden space 25600K, 0% used [0x00000000d5580000,0x00000000d5580000,0x00000000d6e80000)
  from space 4096K, 99% used [0x00000000d7280000,0x00000000d7679cf8,0x00000000d7680000)
  to   space 4096K, 0% used [0x00000000d6e80000,0x00000000d6e80000,0x00000000d7280000)
 ParOldGen       total 68608K, used 6577K [0x0000000080000000, 0x0000000084300000, 0x00000000d5580000)
  object space 68608K, 9% used [0x0000000080000000,0x000000008066c468,0x0000000084300000)
 Metaspace       used 12104K, committed 12480K, reserved 1114112K
  class space    used 1288K, committed 1472K, reserved 1048576K
}
Event: 6.493 GC heap before
{Heap before GC invocations=5 (full 0):
 PSYoungGen      total 29696K, used 29671K [0x00000000d5580000, 0x00000000d7680000, 0x0000000100000000)
  eden space 25600K, 100% used [0x00000000d5580000,0x00000000d6e80000,0x00000000d6e80000)
  from space 4096K, 99% used [0x00000000d7280000,0x00000000d7679cf8,0x00000000d7680000)
  to   space 4096K, 0% used [0x00000000d6e80000,0x00000000d6e80000,0x00000000d7280000)
 ParOldGen       total 68608K, used 6577K [0x0000000080000000, 0x0000000084300000, 0x00000000d5580000)
  object space 68608K, 9% used [0x0000000080000000,0x000000008066c468,0x0000000084300000)
 Metaspace       used 15233K, committed 15808K, reserved 1114112K
  class space    used 1556K, committed 1792K, reserved 1048576K
}
Event: 6.496 GC heap after
{Heap after GC invocations=5 (full 0):
 PSYoungGen      total 29184K, used 4075K [0x00000000d5580000, 0x00000000d7900000, 0x0000000100000000)
  eden space 25088K, 0% used [0x00000000d5580000,0x00000000d5580000,0x00000000d6e00000)
  from space 4096K, 99% used [0x00000000d6e80000,0x00000000d727aec8,0x00000000d7280000)
  to   space 5632K, 0% used [0x00000000d7380000,0x00000000d7380000,0x00000000d7900000)
 ParOldGen       total 68608K, used 7885K [0x0000000080000000, 0x0000000084300000, 0x00000000d5580000)
  object space 68608K, 11% used [0x0000000080000000,0x00000000807b34e8,0x0000000084300000)
 Metaspace       used 15233K, committed 15808K, reserved 1114112K
  class space    used 1556K, committed 1792K, reserved 1048576K
}
Event: 10.331 GC heap before
{Heap before GC invocations=6 (full 0):
 PSYoungGen      total 29184K, used 29163K [0x00000000d5580000, 0x00000000d7900000, 0x0000000100000000)
  eden space 25088K, 100% used [0x00000000d5580000,0x00000000d6e00000,0x00000000d6e00000)
  from space 4096K, 99% used [0x00000000d6e80000,0x00000000d727aec8,0x00000000d7280000)
  to   space 5632K, 0% used [0x00000000d7380000,0x00000000d7380000,0x00000000d7900000)
 ParOldGen       total 68608K, used 7885K [0x0000000080000000, 0x0000000084300000, 0x00000000d5580000)
  object space 68608K, 11% used [0x0000000080000000,0x00000000807b34e8,0x0000000084300000)
 Metaspace       used 18353K, committed 19072K, reserved 1114112K
  class space    used 1893K, committed 2176K, reserved 1048576K
}
Event: 10.338 GC heap after
{Heap after GC invocations=6 (full 0):
 PSYoungGen      total 30208K, used 5616K [0x00000000d5580000, 0x00000000d7980000, 0x0000000100000000)
  eden space 24576K, 0% used [0x00000000d5580000,0x00000000d5580000,0x00000000d6d80000)
  from space 5632K, 99% used [0x00000000d7380000,0x00000000d78fc2c0,0x00000000d7900000)
  to   space 6144K, 0% used [0x00000000d6d80000,0x00000000d6d80000,0x00000000d7380000)
 ParOldGen       total 68608K, used 8109K [0x0000000080000000, 0x0000000084300000, 0x00000000d5580000)
  object space 68608K, 11% used [0x0000000080000000,0x00000000807eb4e8,0x0000000084300000)
 Metaspace       used 18353K, committed 19072K, reserved 1114112K
  class space    used 1893K, committed 2176K, reserved 1048576K
}
Event: 13.301 GC heap before
{Heap before GC invocations=7 (full 0):
 PSYoungGen      total 30208K, used 28843K [0x00000000d5580000, 0x00000000d7980000, 0x0000000100000000)
  eden space 24576K, 94% used [0x00000000d5580000,0x00000000d6c2eab0,0x00000000d6d80000)
  from space 5632K, 99% used [0x00000000d7380000,0x00000000d78fc2c0,0x00000000d7900000)
  to   space 6144K, 0% used [0x00000000d6d80000,0x00000000d6d80000,0x00000000d7380000)
 ParOldGen       total 68608K, used 8109K [0x0000000080000000, 0x0000000084300000, 0x00000000d5580000)
  object space 68608K, 11% used [0x0000000080000000,0x00000000807eb4e8,0x0000000084300000)
 Metaspace       used 20663K, committed 21504K, reserved 1114112K
  class space    used 2172K, committed 2496K, reserved 1048576K
}
Event: 13.308 GC heap after
{Heap after GC invocations=7 (full 0):
 PSYoungGen      total 29184K, used 4527K [0x00000000d5580000, 0x00000000d7780000, 0x0000000100000000)
  eden space 24576K, 0% used [0x00000000d5580000,0x00000000d5580000,0x00000000d6d80000)
  from space 4608K, 98% used [0x00000000d6d80000,0x00000000d71ebdf0,0x00000000d7200000)
  to   space 5120K, 0% used [0x00000000d7280000,0x00000000d7280000,0x00000000d7780000)
 ParOldGen       total 68608K, used 9592K [0x0000000080000000, 0x0000000084300000, 0x00000000d5580000)
  object space 68608K, 13% used [0x0000000080000000,0x000000008095e238,0x0000000084300000)
 Metaspace       used 20663K, committed 21504K, reserved 1114112K
  class space    used 2172K, committed 2496K, reserved 1048576K
}
Event: 13.308 GC heap before
{Heap before GC invocations=8 (full 1):
 PSYoungGen      total 29184K, used 4527K [0x00000000d5580000, 0x00000000d7780000, 0x0000000100000000)
  eden space 24576K, 0% used [0x00000000d5580000,0x00000000d5580000,0x00000000d6d80000)
  from space 4608K, 98% used [0x00000000d6d80000,0x00000000d71ebdf0,0x00000000d7200000)
  to   space 5120K, 0% used [0x00000000d7280000,0x00000000d7280000,0x00000000d7780000)
 ParOldGen       total 68608K, used 9592K [0x0000000080000000, 0x0000000084300000, 0x00000000d5580000)
  object space 68608K, 13% used [0x0000000080000000,0x000000008095e238,0x0000000084300000)
 Metaspace       used 20663K, committed 21504K, reserved 1114112K
  class space    used 2172K, committed 2496K, reserved 1048576K
}
Event: 13.363 GC heap after
{Heap after GC invocations=8 (full 1):
 PSYoungGen      total 29184K, used 0K [0x00000000d5580000, 0x00000000d7780000, 0x0000000100000000)
  eden space 24576K, 0% used [0x00000000d5580000,0x00000000d5580000,0x00000000d6d80000)
  from space 4608K, 0% used [0x00000000d6d80000,0x00000000d6d80000,0x00000000d7200000)
  to   space 5120K, 0% used [0x00000000d7280000,0x00000000d7280000,0x00000000d7780000)
 ParOldGen       total 68608K, used 13358K [0x0000000080000000, 0x0000000084300000, 0x00000000d5580000)
  object space 68608K, 19% used [0x0000000080000000,0x0000000080d0b930,0x0000000084300000)
 Metaspace       used 20651K, committed 21504K, reserved 1114112K
  class space    used 2169K, committed 2496K, reserved 1048576K
}
Event: 17.055 GC heap before
{Heap before GC invocations=9 (full 1):
 PSYoungGen      total 29184K, used 24576K [0x00000000d5580000, 0x00000000d7780000, 0x0000000100000000)
  eden space 24576K, 100% used [0x00000000d5580000,0x00000000d6d80000,0x00000000d6d80000)
  from space 4608K, 0% used [0x00000000d6d80000,0x00000000d6d80000,0x00000000d7200000)
  to   space 5120K, 0% used [0x00000000d7280000,0x00000000d7280000,0x00000000d7780000)
 ParOldGen       total 68608K, used 13358K [0x0000000080000000, 0x0000000084300000, 0x00000000d5580000)
  object space 68608K, 19% used [0x0000000080000000,0x0000000080d0b930,0x0000000084300000)
 Metaspace       used 23342K, committed 24192K, reserved 1114112K
  class space    used 2454K, committed 2816K, reserved 1048576K
}
Event: 17.057 GC heap after
{Heap after GC invocations=9 (full 1):
 PSYoungGen      total 27136K, used 2789K [0x00000000d5580000, 0x00000000d7580000, 0x0000000100000000)
  eden space 24064K, 0% used [0x00000000d5580000,0x00000000d5580000,0x00000000d6d00000)
  from space 3072K, 90% used [0x00000000d7280000,0x00000000d75394b8,0x00000000d7580000)
  to   space 3584K, 0% used [0x00000000d6e80000,0x00000000d6e80000,0x00000000d7200000)
 ParOldGen       total 68608K, used 13366K [0x0000000080000000, 0x0000000084300000, 0x00000000d5580000)
  object space 68608K, 19% used [0x0000000080000000,0x0000000080d0d930,0x0000000084300000)
 Metaspace       used 23342K, committed 24192K, reserved 1114112K
  class space    used 2454K, committed 2816K, reserved 1048576K
}

Dll operation events (10 events):
Event: 0.075 Loaded shared library c:\Users\Fernanda Jama\.trae\extensions\redhat.java-1.44.0-win32-x64\jre\21.0.8-win32-x86_64\bin\java.dll
Event: 0.240 Loaded shared library c:\Users\Fernanda Jama\.trae\extensions\redhat.java-1.44.0-win32-x64\jre\21.0.8-win32-x86_64\bin\zip.dll
Event: 0.280 Loaded shared library C:\Users\Fernanda Jama\.trae\extensions\redhat.java-1.44.0-win32-x64\jre\21.0.8-win32-x86_64\bin\instrument.dll
Event: 0.300 Loaded shared library C:\Users\Fernanda Jama\.trae\extensions\redhat.java-1.44.0-win32-x64\jre\21.0.8-win32-x86_64\bin\net.dll
Event: 0.309 Loaded shared library C:\Users\Fernanda Jama\.trae\extensions\redhat.java-1.44.0-win32-x64\jre\21.0.8-win32-x86_64\bin\nio.dll
Event: 0.315 Loaded shared library C:\Users\Fernanda Jama\.trae\extensions\redhat.java-1.44.0-win32-x64\jre\21.0.8-win32-x86_64\bin\zip.dll
Event: 0.340 Loaded shared library C:\Users\Fernanda Jama\.trae\extensions\redhat.java-1.44.0-win32-x64\jre\21.0.8-win32-x86_64\bin\jimage.dll
Event: 0.515 Loaded shared library c:\Users\Fernanda Jama\.trae\extensions\redhat.java-1.44.0-win32-x64\jre\21.0.8-win32-x86_64\bin\verify.dll
Event: 2.546 Loaded shared library C:\Users\Fernanda Jama\AppData\Roaming\Trae\User\globalStorage\redhat.java\1.44.0\config_win\org.eclipse.equinox.launcher\org.eclipse.equinox.launcher.win32.win32.x86_64_1.2.1400.v20250730-1736\eclipse_11913.dll
Event: 7.642 Loaded shared library C:\Users\Fernanda Jama\AppData\Local\Temp\jna--1470441178\jna6947337248790222637.dll

Deoptimization events (20 events):
Event: 14.767 Thread 0x00000211000dd190 Uncommon trap: trap_request=0xffffff45 fr.pc=0x000002112bf2b3fc relative=0x000000000000117c
Event: 14.767 Thread 0x00000211000dd190 Uncommon trap: reason=unstable_if action=reinterpret pc=0x000002112bf2b3fc method=java.io.ObjectInputStream$HandleTable.markDependency(II)V @ 54 c2
Event: 14.767 Thread 0x00000211000dd190 DEOPT PACKING pc=0x000002112bf2b3fc sp=0x000000d047fed170
Event: 14.767 Thread 0x00000211000dd190 DEOPT UNPACKING pc=0x000002112b7f6da2 sp=0x000000d047fed0d8 mode 2
Event: 15.018 Thread 0x00000211000dd190 DEOPT PACKING pc=0x00000211246f004b sp=0x000000d047fefc70
Event: 15.019 Thread 0x00000211000dd190 DEOPT UNPACKING pc=0x000002112b7f78e2 sp=0x000000d047fef120 mode 0
Event: 16.305 Thread 0x00000211000dd190 Uncommon trap: trap_request=0xffffff45 fr.pc=0x000002112bf60cc8 relative=0x00000000000007c8
Event: 16.306 Thread 0x00000211000dd190 Uncommon trap: reason=unstable_if action=reinterpret pc=0x000002112bf60cc8 method=org.lombokweb.asm.ClassReader.readUTF8(I[C)Ljava/lang/String; @ 11 c2
Event: 16.306 Thread 0x00000211000dd190 DEOPT PACKING pc=0x000002112bf60cc8 sp=0x000000d047ff3690
Event: 16.306 Thread 0x00000211000dd190 DEOPT UNPACKING pc=0x000002112b7f6da2 sp=0x000000d047ff3678 mode 2
Event: 16.643 Thread 0x00000211000dd190 DEOPT PACKING pc=0x00000211246b93bc sp=0x000000d047ff4ff0
Event: 16.643 Thread 0x00000211000dd190 DEOPT UNPACKING pc=0x000002112b7f78e2 sp=0x000000d047ff4580 mode 0
Event: 16.683 Thread 0x000002117ad67940 Uncommon trap: trap_request=0xffffff45 fr.pc=0x000002112be61578 relative=0x0000000000000ab8
Event: 16.683 Thread 0x000002117ad67940 Uncommon trap: reason=unstable_if action=reinterpret pc=0x000002112be61578 method=java.io.BufferedInputStream.implRead([BII)I @ 30 c2
Event: 16.683 Thread 0x000002117ad67940 DEOPT PACKING pc=0x000002112be61578 sp=0x000000d0484feb40
Event: 16.683 Thread 0x000002117ad67940 DEOPT UNPACKING pc=0x000002112b7f6da2 sp=0x000000d0484fea98 mode 2
Event: 16.685 Thread 0x000002117ad67940 Uncommon trap: trap_request=0xffffff76 fr.pc=0x000002112be9e300 relative=0x0000000000000380
Event: 16.685 Thread 0x000002117ad67940 Uncommon trap: reason=predicate action=maybe_recompile pc=0x000002112be9e300 method=java.util.regex.Pattern$BmpCharPropertyGreedy.match(Ljava/util/regex/Matcher;ILjava/lang/CharSequence;)Z @ 12 c2
Event: 16.685 Thread 0x000002117ad67940 DEOPT PACKING pc=0x000002112be9e300 sp=0x000000d0484fe910
Event: 16.685 Thread 0x000002117ad67940 DEOPT UNPACKING pc=0x000002112b7f6da2 sp=0x000000d0484fe898 mode 2

Classes loaded (20 events):
Event: 17.390 Loading class sun/reflect/generics/repository/AbstractRepository
Event: 17.391 Loading class sun/reflect/generics/repository/AbstractRepository done
Event: 17.391 Loading class sun/reflect/generics/repository/GenericDeclRepository done
Event: 17.391 Loading class sun/reflect/generics/repository/ClassRepository done
Event: 17.391 Loading class sun/reflect/generics/tree/FormalTypeParameter
Event: 17.393 Loading class sun/reflect/generics/tree/FormalTypeParameter done
Event: 17.394 Loading class sun/reflect/generics/tree/ClassSignature
Event: 17.394 Loading class sun/reflect/generics/tree/Signature
Event: 17.394 Loading class sun/reflect/generics/tree/Signature done
Event: 17.394 Loading class sun/reflect/generics/tree/ClassSignature done
Event: 17.394 Loading class sun/reflect/annotation/TypeAnnotation$TypeAnnotationTarget
Event: 17.394 Loading class sun/reflect/annotation/TypeAnnotation$TypeAnnotationTarget done
Event: 17.396 Loading class sun/reflect/annotation/TypeAnnotation$LocationInfo
Event: 17.396 Loading class sun/reflect/annotation/TypeAnnotation$LocationInfo done
Event: 17.396 Loading class sun/reflect/annotation/TypeAnnotation$LocationInfo$Location
Event: 17.397 Loading class sun/reflect/annotation/TypeAnnotation$LocationInfo$Location done
Event: 17.397 Loading class sun/reflect/annotation/AnnotatedTypeFactory
Event: 17.398 Loading class sun/reflect/annotation/AnnotatedTypeFactory done
Event: 17.398 Loading class sun/reflect/annotation/AnnotatedTypeFactory$AnnotatedTypeBaseImpl
Event: 17.399 Loading class sun/reflect/annotation/AnnotatedTypeFactory$AnnotatedTypeBaseImpl done

Classes unloaded (7 events):
Event: 13.317 Thread 0x00000211791c34a0 Unloading class 0x00000211391a9800 'java/lang/invoke/LambdaForm$MH+0x00000211391a9800'
Event: 13.317 Thread 0x00000211791c34a0 Unloading class 0x00000211391a9400 'java/lang/invoke/LambdaForm$MH+0x00000211391a9400'
Event: 13.317 Thread 0x00000211791c34a0 Unloading class 0x00000211391a9000 'java/lang/invoke/LambdaForm$MH+0x00000211391a9000'
Event: 13.317 Thread 0x00000211791c34a0 Unloading class 0x00000211391a8c00 'java/lang/invoke/LambdaForm$MH+0x00000211391a8c00'
Event: 13.317 Thread 0x00000211791c34a0 Unloading class 0x00000211391a8800 'java/lang/invoke/LambdaForm$BMH+0x00000211391a8800'
Event: 13.317 Thread 0x00000211791c34a0 Unloading class 0x00000211391a8400 'java/lang/invoke/LambdaForm$DMH+0x00000211391a8400'
Event: 13.317 Thread 0x00000211791c34a0 Unloading class 0x00000211391a3000 'java/lang/invoke/LambdaForm$DMH+0x00000211391a3000'

Classes redefined (0 events):
No events

Internal exceptions (20 events):
Event: 13.242 Thread 0x00000211000dd190 Exception <a 'java/lang/NoSuchMethodError'{0x00000000d6bc73f8}: 'java.lang.Object java.lang.invoke.Invokers$Holder.invoke_MT(java.lang.Object, java.lang.Object, java.lang.Object, java.lang.Object, java.lang.Object, java.lang.Object, java.lang.Object, java.lang.Object, java.lang.Object)'> (0x00000000d6bc73f8) 
thrown [s\src\hotspot\share\interpreter\linkResolver.cpp, line 773]
Event: 13.269 Thread 0x00000211000dd190 Exception <a 'java/lang/NoSuchMethodError'{0x00000000d6bfc5a8}: 'int java.lang.invoke.DirectMethodHandle$Holder.invokeVirtual(java.lang.Object, java.lang.Object, java.lang.Object)'> (0x00000000d6bfc5a8) 
thrown [s\src\hotspot\share\interpreter\linkResolver.cpp, line 773]
Event: 13.272 Thread 0x00000211000dd190 Exception <a 'java/lang/NoSuchMethodError'{0x00000000d6c01540}: 'int java.lang.invoke.DirectMethodHandle$Holder.invokeStaticInit(java.lang.Object, int, int)'> (0x00000000d6c01540) 
thrown [s\src\hotspot\share\interpreter\linkResolver.cpp, line 773]
Event: 13.278 Thread 0x00000211000dd190 Exception <a 'java/lang/NoSuchMethodError'{0x00000000d6c098c8}: 'int java.lang.invoke.DirectMethodHandle$Holder.invokeStaticInit(java.lang.Object, long, long)'> (0x00000000d6c098c8) 
thrown [s\src\hotspot\share\interpreter\linkResolver.cpp, line 773]
Event: 13.281 Thread 0x00000211000dd190 Exception <a 'java/lang/NoSuchMethodError'{0x00000000d6c11280}: 'int java.lang.invoke.DirectMethodHandle$Holder.invokeStaticInit(java.lang.Object, float, float)'> (0x00000000d6c11280) 
thrown [s\src\hotspot\share\interpreter\linkResolver.cpp, line 773]
Event: 13.287 Thread 0x00000211000dd190 Exception <a 'java/lang/NoSuchMethodError'{0x00000000d6c18c30}: 'int java.lang.invoke.DirectMethodHandle$Holder.invokeStaticInit(java.lang.Object, double, double)'> (0x00000000d6c18c30) 
thrown [s\src\hotspot\share\interpreter\linkResolver.cpp, line 773]
Event: 13.295 Thread 0x00000211000dd190 Exception <a 'java/lang/NoSuchMethodError'{0x00000000d6c1e080}: 'int java.lang.invoke.DirectMethodHandle$Holder.invokeStatic(java.lang.Object, long)'> (0x00000000d6c1e080) 
thrown [s\src\hotspot\share\interpreter\linkResolver.cpp, line 773]
Event: 13.381 Thread 0x00000211000dd190 Exception <a 'java/lang/NoSuchMethodError'{0x00000000d5597750}: 'int java.lang.invoke.Invokers$Holder.linkToTargetMethod(java.lang.Object, java.lang.Object)'> (0x00000000d5597750) 
thrown [s\src\hotspot\share\interpreter\linkResolver.cpp, line 773]
Event: 13.834 Thread 0x00000211000dd190 Exception <a 'java/lang/NoSuchMethodError'{0x00000000d57d3450}: 'java.lang.Object java.lang.invoke.DirectMethodHandle$Holder.newInvokeSpecial(java.lang.Object, java.lang.Object, java.lang.Object, java.lang.Object, java.lang.Object)'> (0x00000000d57d3450) 
thrown [s\src\hotspot\share\interpreter\linkResolver.cpp, line 773]
Event: 13.899 Thread 0x00000211000dd190 Exception <a 'java/lang/NoSuchMethodError'{0x00000000d57f66f0}: 'java.lang.Object java.lang.invoke.Invokers$Holder.invoke_MT(java.lang.Object, java.lang.Object, java.lang.Object, java.lang.Object, java.lang.Object, java.lang.Object, java.lang.Object, java.lang.Object, java.lang.Object, java.lang.Object, java.lang.Object)'> (0x00000000d57f66f0) 
thrown [s\src\hotspot\share\interpreter\linkResolver.cpp, line 773]
Event: 14.096 Thread 0x00000211000dd190 Exception <a 'java/lang/NoSuchMethodError'{0x00000000d58876f0}: 'java.lang.Object java.lang.invoke.Invokers$Holder.invoke_MT(java.lang.Object, java.lang.Object, java.lang.Object, java.lang.Object, java.lang.Object, java.lang.Object, java.lang.Object, java.lang.Object, java.lang.Object, java.lang.Object)'> (0x00000000d58876f0) 
thrown [s\src\hotspot\share\interpreter\linkResolver.cpp, line 773]
Event: 14.246 Thread 0x00000211000dd190 Exception <a 'java/lang/NoSuchMethodError'{0x00000000d594f030}: static Lorg/eclipse/m2e/core/internal/project/registry/MavenProjectFacade$MavenProjectConfiguration;.<clinit>()V> (0x00000000d594f030) 
thrown [s\src\hotspot\share\prims\jni.cpp, line 1111]
Event: 14.332 Thread 0x00000211000dd190 Exception <a 'java/lang/NoSuchMethodError'{0x00000000d5978dc8}: 'java.lang.Object java.lang.invoke.DirectMethodHandle$Holder.newInvokeSpecial(java.lang.Object, java.lang.Object, java.lang.Object, java.lang.Object, java.lang.Object, java.lang.Object, java.lang.Object)'> (0x00000000d5978dc8) 
thrown [s\src\hotspot\share\interpreter\linkResolver.cpp, line 773]
Event: 14.526 Thread 0x00000211000dd190 Exception <a 'java/lang/NoSuchMethodError'{0x00000000d59f33f0}: 'java.lang.Object java.lang.invoke.Invokers$Holder.invoker(java.lang.Object, java.lang.Object, java.lang.Object, java.lang.Object, java.lang.Object, java.lang.Object, java.lang.Object, java.lang.Object, java.lang.Object, java.lang.Object, java.lang.Object, java.lang.Object, java.lang.Object)'> (0x00000000d59f33f0) 
thrown [s\src\hotspot\share\interpreter\linkResolver.cpp, line 773]
Event: 14.544 Thread 0x00000211000dd190 Exception <a 'java/lang/NoSuchMethodError'{0x00000000d59fd8e8}: 'java.lang.Object java.lang.invoke.DelegatingMethodHandle$Holder.delegate(java.lang.Object, java.lang.Object, java.lang.Object, java.lang.Object, java.lang.Object, java.lang.Object, java.lang.Object, java.lang.Object, java.lang.Object, java.lang.Object, java.lang.Object, java.lang.Object, java.lang.Object)'> (0x00000000d59fd8e8) 
thrown [s\src\hotspot\share\interpreter\linkResolver.cpp, line 773]
Event: 14.663 Thread 0x00000211000dd190 Exception <a 'java/lang/NoSuchMethodError'{0x00000000d5a596f0}: static Lorg/eclipse/m2e/core/internal/lifecyclemapping/model/PluginExecutionMetadata;.<clinit>()V> (0x00000000d5a596f0) 
thrown [s\src\hotspot\share\prims\jni.cpp, line 1111]
Event: 14.816 Thread 0x00000211000dd190 Exception <a 'java/lang/NoSuchMethodError'{0x00000000d5ab1980}: static Lorg/eclipse/m2e/core/internal/lifecyclemapping/model/PluginExecutionFilter;.<clinit>()V> (0x00000000d5ab1980) 
thrown [s\src\hotspot\share\prims\jni.cpp, line 1111]
Event: 15.982 Thread 0x00000211000dd190 Exception <a 'java/lang/NoSuchMethodError'{0x00000000d5f1ab28}: 'double java.lang.invoke.DirectMethodHandle$Holder.invokeStatic(java.lang.Object, java.lang.Object)'> (0x00000000d5f1ab28) 
thrown [s\src\hotspot\share\interpreter\linkResolver.cpp, line 773]
Event: 15.982 Thread 0x00000211000dd190 Exception <a 'java/lang/NoSuchMethodError'{0x00000000d5f1e1e8}: 'double java.lang.invoke.DirectMethodHandle$Holder.invokeStaticInit(java.lang.Object, java.lang.Object)'> (0x00000000d5f1e1e8) 
thrown [s\src\hotspot\share\interpreter\linkResolver.cpp, line 773]
Event: 16.772 Thread 0x000002117ad67940 Exception <a 'java/lang/NoSuchMethodError'{0x00000000d66ff748}: 'java.lang.Object java.lang.invoke.DirectMethodHandle$Holder.invokeSpecialIFC(java.lang.Object, java.lang.Object, java.lang.Object, java.lang.Object)'> (0x00000000d66ff748) 
thrown [s\src\hotspot\share\interpreter\linkResolver.cpp, line 773]

ZGC Phase Switch (0 events):
No events

VM Operations (20 events):
Event: 11.347 Executing VM operation: Cleanup done
Event: 12.362 Executing VM operation: Cleanup
Event: 12.362 Executing VM operation: Cleanup done
Event: 13.108 Executing VM operation: HandshakeAllThreads (Deoptimize)
Event: 13.108 Executing VM operation: HandshakeAllThreads (Deoptimize) done
Event: 13.301 Executing VM operation: CollectForMetadataAllocation (Metadata GC Threshold)
Event: 13.363 Executing VM operation: CollectForMetadataAllocation (Metadata GC Threshold) done
Event: 14.378 Executing VM operation: Cleanup
Event: 14.393 Executing VM operation: Cleanup done
Event: 15.403 Executing VM operation: Cleanup
Event: 15.403 Executing VM operation: Cleanup done
Event: 15.832 Executing VM operation: HandshakeAllThreads (Deoptimize)
Event: 15.832 Executing VM operation: HandshakeAllThreads (Deoptimize) done
Event: 16.636 Executing VM operation: HandshakeAllThreads (Deoptimize)
Event: 16.644 Executing VM operation: HandshakeAllThreads (Deoptimize) done
Event: 16.644 Executing VM operation: Cleanup
Event: 16.645 Executing VM operation: Cleanup done
Event: 17.031 Executing VM operation: ParallelGCFailedAllocation (Allocation Failure)
Event: 17.057 Executing VM operation: ParallelGCFailedAllocation (Allocation Failure) done
Event: 18.065 Executing VM operation: Cleanup

Memory protections (0 events):
No events

Nmethod flushes (0 events):
No events

Events (20 events):
Event: 6.569 Thread 0x00000211791fb990 Thread added: 0x000002117f5c2d30
Event: 6.791 Thread 0x000002117f5c2d30 Thread exited: 0x000002117f5c2d30
Event: 6.801 Thread 0x00000211791fb990 Thread added: 0x000002117ac06170
Event: 6.801 Thread 0x00000211791fb990 Thread added: 0x000002117ac06810
Event: 7.140 Thread 0x000002117ac06810 Thread exited: 0x000002117ac06810
Event: 7.326 Thread 0x000002117ac06170 Thread exited: 0x000002117ac06170
Event: 7.717 Thread 0x00000211000dd190 Thread added: 0x000002117ad672b0
Event: 8.353 Thread 0x00000211000dd190 Thread added: 0x000002117ad67940
Event: 8.596 Thread 0x00000211000dd190 Thread added: 0x000002117ad66590
Event: 8.803 Thread 0x000002117ad66590 Thread added: 0x000002117ad65f00
Event: 11.776 Thread 0x00000211791fb990 Thread added: 0x000002117f357020
Event: 11.964 Thread 0x000002117f357020 Thread exited: 0x000002117f357020
Event: 13.642 Thread 0x00000211791d5550 Thread added: 0x000002110068af10
Event: 13.642 Thread 0x00000211791d5550 Thread added: 0x000002110068b5b0
Event: 14.137 Thread 0x000002110068b5b0 Thread exited: 0x000002110068b5b0
Event: 14.412 Thread 0x000002110068af10 Thread exited: 0x000002110068af10
Event: 15.020 Thread 0x00000211791fb990 Thread added: 0x000002110068b510
Event: 15.368 Thread 0x000002110068b510 Thread exited: 0x000002110068b510
Event: 16.664 Thread 0x000002117ad65f00 Thread added: 0x000002117ad67fd0
Event: 17.071 Thread 0x00000211791fb990 Thread added: 0x00000211005487d0


Dynamic libraries:
0x00007ff6e1fa0000 - 0x00007ff6e1fae000 	c:\Users\Fernanda Jama\.trae\extensions\redhat.java-1.44.0-win32-x64\jre\21.0.8-win32-x86_64\bin\java.exe
0x00007ff852600000 - 0x00007ff852867000 	C:\Windows\SYSTEM32\ntdll.dll
0x00007ff852210000 - 0x00007ff8522d9000 	C:\Windows\System32\KERNEL32.DLL
0x00007ff84fa50000 - 0x00007ff84fe40000 	C:\Windows\System32\KERNELBASE.dll
0x00007fffc3940000 - 0x00007fffc3a1b000 	C:\Program Files\Bitdefender\Endpoint Security\bdhkm\dlls_267825381831322691\bdhkm64.dll
0x00007fffc3770000 - 0x00007fffc3939000 	C:\Program Files\Bitdefender\Endpoint Security\atcuf\dlls_267870601976104115\atcuf64.dll
0x00007ff84f730000 - 0x00007ff84f87b000 	C:\Windows\System32\ucrtbase.dll
0x00007ff8375d0000 - 0x00007ff8375e8000 	c:\Users\Fernanda Jama\.trae\extensions\redhat.java-1.44.0-win32-x64\jre\21.0.8-win32-x86_64\bin\jli.dll
0x00007ff851310000 - 0x00007ff8514d5000 	C:\Windows\System32\USER32.dll
0x00007ff850360000 - 0x00007ff850387000 	C:\Windows\System32\win32u.dll
0x00007ff851aa0000 - 0x00007ff851acb000 	C:\Windows\System32\GDI32.dll
0x00007ff84f910000 - 0x00007ff84fa48000 	C:\Windows\System32\gdi32full.dll
0x00007ff8502b0000 - 0x00007ff850353000 	C:\Windows\System32\msvcp_win.dll
0x00007ff823910000 - 0x00007ff82392e000 	c:\Users\Fernanda Jama\.trae\extensions\redhat.java-1.44.0-win32-x64\jre\21.0.8-win32-x86_64\bin\VCRUNTIME140.dll
0x00007ff831040000 - 0x00007ff8312da000 	C:\Windows\WinSxS\amd64_microsoft.windows.common-controls_6595b64144ccf1df_6.0.26100.4768_none_3e0c112ce331287c\COMCTL32.dll
0x00007ff850e80000 - 0x00007ff850f29000 	C:\Windows\System32\msvcrt.dll
0x00007ff851220000 - 0x00007ff85124f000 	C:\Windows\System32\IMM32.DLL
0x00007ff83aa30000 - 0x00007ff83aa3c000 	c:\Users\Fernanda Jama\.trae\extensions\redhat.java-1.44.0-win32-x64\jre\21.0.8-win32-x86_64\bin\vcruntime140_1.dll
0x00007ff81b4e0000 - 0x00007ff81b56d000 	c:\Users\Fernanda Jama\.trae\extensions\redhat.java-1.44.0-win32-x64\jre\21.0.8-win32-x86_64\bin\msvcp140.dll
0x00007fffd8280000 - 0x00007fffd9017000 	c:\Users\Fernanda Jama\.trae\extensions\redhat.java-1.44.0-win32-x64\jre\21.0.8-win32-x86_64\bin\server\jvm.dll
0x00007ff850c20000 - 0x00007ff850cd4000 	C:\Windows\System32\ADVAPI32.dll
0x00007ff8514e0000 - 0x00007ff851586000 	C:\Windows\System32\sechost.dll
0x00007ff851bf0000 - 0x00007ff851d08000 	C:\Windows\System32\RPCRT4.dll
0x00007ff850fe0000 - 0x00007ff851054000 	C:\Windows\System32\WS2_32.dll
0x00007ff84f590000 - 0x00007ff84f5ee000 	C:\Windows\SYSTEM32\POWRPROF.dll
0x00007ff836050000 - 0x00007ff836085000 	C:\Windows\SYSTEM32\WINMM.dll
0x00007ff83e2b0000 - 0x00007ff83e2bb000 	C:\Windows\SYSTEM32\VERSION.dll
0x00007ff84f570000 - 0x00007ff84f584000 	C:\Windows\SYSTEM32\UMPDC.dll
0x00007ff84e470000 - 0x00007ff84e48b000 	C:\Windows\SYSTEM32\kernel.appcore.dll
0x00007ff83a470000 - 0x00007ff83a47a000 	c:\Users\Fernanda Jama\.trae\extensions\redhat.java-1.44.0-win32-x64\jre\21.0.8-win32-x86_64\bin\jimage.dll
0x00007ff84cd50000 - 0x00007ff84cf91000 	C:\Windows\SYSTEM32\DBGHELP.DLL
0x00007ff851700000 - 0x00007ff851a85000 	C:\Windows\System32\combase.dll
0x00007ff850390000 - 0x00007ff850470000 	C:\Windows\System32\OLEAUT32.dll
0x00007ff817c70000 - 0x00007ff817cb3000 	C:\Windows\SYSTEM32\dbgcore.DLL
0x00007ff850090000 - 0x00007ff850129000 	C:\Windows\System32\bcryptPrimitives.dll
0x00007ff83f790000 - 0x00007ff83f79f000 	c:\Users\Fernanda Jama\.trae\extensions\redhat.java-1.44.0-win32-x64\jre\21.0.8-win32-x86_64\bin\instrument.dll
0x00007ff837d60000 - 0x00007ff837d7f000 	c:\Users\Fernanda Jama\.trae\extensions\redhat.java-1.44.0-win32-x64\jre\21.0.8-win32-x86_64\bin\java.dll
0x00007ff850480000 - 0x00007ff850bcd000 	C:\Windows\System32\SHELL32.dll
0x00007ff84fe50000 - 0x00007ff84ffc3000 	C:\Windows\System32\wintypes.dll
0x00007ff84d2d0000 - 0x00007ff84db30000 	C:\Windows\SYSTEM32\windows.storage.dll
0x00007ff850cf0000 - 0x00007ff850de5000 	C:\Windows\System32\SHCORE.dll
0x00007ff8524d0000 - 0x00007ff85253a000 	C:\Windows\System32\shlwapi.dll
0x00007ff84f650000 - 0x00007ff84f679000 	C:\Windows\SYSTEM32\profapi.dll
0x00007ff823970000 - 0x00007ff823988000 	c:\Users\Fernanda Jama\.trae\extensions\redhat.java-1.44.0-win32-x64\jre\21.0.8-win32-x86_64\bin\zip.dll
0x00007ff8397a0000 - 0x00007ff8397b0000 	C:\Users\Fernanda Jama\.trae\extensions\redhat.java-1.44.0-win32-x64\jre\21.0.8-win32-x86_64\bin\net.dll
0x00007ff846040000 - 0x00007ff84615e000 	C:\Windows\SYSTEM32\WINHTTP.dll
0x00007ff84e9e0000 - 0x00007ff84ea4b000 	C:\Windows\system32\mswsock.dll
0x00007ff81ebd0000 - 0x00007ff81ebe6000 	C:\Users\Fernanda Jama\.trae\extensions\redhat.java-1.44.0-win32-x64\jre\21.0.8-win32-x86_64\bin\nio.dll
0x00007ff83a830000 - 0x00007ff83a840000 	c:\Users\Fernanda Jama\.trae\extensions\redhat.java-1.44.0-win32-x64\jre\21.0.8-win32-x86_64\bin\verify.dll
0x00007ff81b390000 - 0x00007ff81b3d5000 	C:\Users\Fernanda Jama\AppData\Roaming\Trae\User\globalStorage\redhat.java\1.44.0\config_win\org.eclipse.equinox.launcher\org.eclipse.equinox.launcher.win32.win32.x86_64_1.2.1400.v20250730-1736\eclipse_11913.dll
0x00007ff851060000 - 0x00007ff851200000 	C:\Windows\System32\ole32.dll
0x00007ff84edc0000 - 0x00007ff84eddb000 	C:\Windows\SYSTEM32\CRYPTSP.dll
0x00007ff84e3d0000 - 0x00007ff84e40b000 	C:\Windows\system32\rsaenh.dll
0x00007ff84ea80000 - 0x00007ff84eaab000 	C:\Windows\SYSTEM32\USERENV.dll
0x00007ff84f620000 - 0x00007ff84f646000 	C:\Windows\SYSTEM32\bcrypt.dll
0x00007ff84ec20000 - 0x00007ff84ec2c000 	C:\Windows\SYSTEM32\CRYPTBASE.dll
0x00007ff84de60000 - 0x00007ff84de93000 	C:\Windows\SYSTEM32\IPHLPAPI.DLL
0x00007ff851210000 - 0x00007ff85121a000 	C:\Windows\System32\NSI.dll
0x00007ff806e00000 - 0x00007ff806e49000 	C:\Users\Fernanda Jama\AppData\Local\Temp\jna--1470441178\jna6947337248790222637.dll
0x00007ff850ce0000 - 0x00007ff850ce8000 	C:\Windows\System32\PSAPI.DLL

JVMTI agents:
c:\Users\Fernanda Jama\.trae\extensions\redhat.java-1.44.0-win32-x64\lombok\lombok-1.18.39-4050.jar path:c:\Users\Fernanda Jama\.trae\extensions\redhat.java-1.44.0-win32-x64\jre\21.0.8-win32-x86_64\bin\instrument.dll, loaded, initialized, instrumentlib options:none

dbghelp: loaded successfully - version: 4.0.5 - missing functions: none
symbol engine: initialized successfully - sym options: 0x614 - pdb path: .;c:\Users\Fernanda Jama\.trae\extensions\redhat.java-1.44.0-win32-x64\jre\21.0.8-win32-x86_64\bin;C:\Windows\SYSTEM32;C:\Program Files\Bitdefender\Endpoint Security\bdhkm\dlls_267825381831322691;C:\Program Files\Bitdefender\Endpoint Security\atcuf\dlls_267870601976104115;C:\Windows\WinSxS\amd64_microsoft.windows.common-controls_6595b64144ccf1df_6.0.26100.4768_none_3e0c112ce331287c;c:\Users\Fernanda Jama\.trae\extensions\redhat.java-1.44.0-win32-x64\jre\21.0.8-win32-x86_64\bin\server;C:\Users\Fernanda Jama\AppData\Roaming\Trae\User\globalStorage\redhat.java\1.44.0\config_win\org.eclipse.equinox.launcher\org.eclipse.equinox.launcher.win32.win32.x86_64_1.2.1400.v20250730-1736;C:\Users\Fernanda Jama\AppData\Local\Temp\jna--1470441178

VM Arguments:
jvm_args: --add-modules=ALL-SYSTEM --add-opens=java.base/java.util=ALL-UNNAMED --add-opens=java.base/java.lang=ALL-UNNAMED --add-opens=java.base/sun.nio.fs=ALL-UNNAMED -Declipse.application=org.eclipse.jdt.ls.core.id1 -Dosgi.bundles.defaultStartLevel=4 -Declipse.product=org.eclipse.jdt.ls.core.product -Djava.import.generatesMetadataFilesAtProjectRoot=false -DDetectVMInstallationsJob.disabled=true -Dfile.encoding=utf8 -XX:+UseParallelGC -XX:GCTimeRatio=4 -XX:AdaptiveSizePolicyWeight=90 -Dsun.zip.disableMemoryMapping=true -Xmx2G -Xms100m -Xlog:disable -javaagent:c:\Users\Fernanda Jama\.trae\extensions\redhat.java-1.44.0-win32-x64\lombok\lombok-1.18.39-4050.jar -XX:+HeapDumpOnOutOfMemoryError -XX:HeapDumpPath=c:\Users\Fernanda Jama\AppData\Roaming\Trae\User\workspaceStorage\15c722b02b3b73826bcb58a08aa3cd52\redhat.java -Daether.dependencyCollector.impl=bf 
java_command: c:\Users\Fernanda Jama\.trae\extensions\redhat.java-1.44.0-win32-x64\server\plugins\org.eclipse.equinox.launcher_1.7.0.v20250519-0528.jar -configuration c:\Users\Fernanda Jama\AppData\Roaming\Trae\User\globalStorage\redhat.java\1.44.0\config_win -data c:\Users\Fernanda Jama\AppData\Roaming\Trae\User\workspaceStorage\15c722b02b3b73826bcb58a08aa3cd52\redhat.java\jdt_ws --pipe=\\.\pipe\lsp-1d3b9fe0dc8bf6510034d355a1b43e3d-sock
java_class_path (initial): c:\Users\Fernanda Jama\.trae\extensions\redhat.java-1.44.0-win32-x64\server\plugins\org.eclipse.equinox.launcher_1.7.0.v20250519-0528.jar
Launcher Type: SUN_STANDARD

[Global flags]
    uintx AdaptiveSizePolicyWeight                 = 90                                        {product} {command line}
     intx CICompilerCount                          = 4                                         {product} {ergonomic}
    uintx GCTimeRatio                              = 4                                         {product} {command line}
     bool HeapDumpOnOutOfMemoryError               = true                                   {manageable} {command line}
    ccstr HeapDumpPath                             = c:\Users\Fernanda Jama\AppData\Roaming\Trae\User\workspaceStorage\15c722b02b3b73826bcb58a08aa3cd52\redhat.java         {manageable} {command line}
   size_t InitialHeapSize                          = 104857600                                 {product} {command line}
   size_t MaxHeapSize                              = 2147483648                                {product} {command line}
   size_t MaxNewSize                               = 715653120                                 {product} {ergonomic}
   size_t MinHeapDeltaBytes                        = 524288                                    {product} {ergonomic}
   size_t MinHeapSize                              = 104857600                                 {product} {command line}
   size_t NewSize                                  = 34603008                                  {product} {ergonomic}
    uintx NonNMethodCodeHeapSize                   = 5839372                                {pd product} {ergonomic}
    uintx NonProfiledCodeHeapSize                  = 122909434                              {pd product} {ergonomic}
   size_t OldSize                                  = 70254592                                  {product} {ergonomic}
    uintx ProfiledCodeHeapSize                     = 122909434                              {pd product} {ergonomic}
    uintx ReservedCodeCacheSize                    = 251658240                              {pd product} {ergonomic}
     bool SegmentedCodeCache                       = true                                      {product} {ergonomic}
   size_t SoftMaxHeapSize                          = 2147483648                             {manageable} {ergonomic}
     bool UseCompressedOops                        = true                           {product lp64_product} {ergonomic}
     bool UseLargePagesIndividualAllocation        = false                                  {pd product} {ergonomic}
     bool UseParallelGC                            = true                                      {product} {command line}

Logging:
Log output configuration:
 #0: stdout all=off uptime,level,tags foldmultilines=false
 #1: stderr all=off uptime,level,tags foldmultilines=false

Environment Variables:
JAVA_HOME=C:\Program Files\Java\jdk-17
CLASSPATH=C:\Program Files\SAP\SAP Business One DI API\JCO\LIB\sbowrapper.jar;C:\Program Files\SAP\SAP Business One DI API\JCO\LIB\sboapi.jar
PATH=C:\Users\Fernanda Jama\.trae\tools\gradle\latest\bin;C:\Program Files\Java\jdk-17\bin;C:\Users\Fernanda Jama\.trae\tools\maven\latest\bin;C:\Python313\Scripts\;C:\Python313\;C:\Program Files\Microsoft MPI\Bin\;C:\Program Files\Common Files\Oracle\Java\javapath;C:\Windows\system32;C:\Windows;C:\Windows\System32\Wbem;C:\Windows\System32\WindowsPowerShell\v1.0\;C:\Windows\System32\OpenSSH\;C:\Program Files\Microsoft SQL Server\Client SDK\ODBC\170\Tools\Binn\;C:\Program Files (x86)\Microsoft SQL Server\150\Tools\Binn\;C:\Program Files\Microsoft SQL Server\150\Tools\Binn\;C:\Program Files\Microsoft SQL Server\150\DTS\Binn\;C:\Program Files (x86)\Microsoft SQL Server\160\DTS\Binn\;C:\Program Files\nodejs\;C:\ProgramData\chocolatey\bin;C:\Program Files\SAP\SAP Business One DI API\JCO\LIB\;C:\Program Files\SAP\SAP Business One DI API\DI API 90;C:\Program Files\SAP\SAP Business One\;C:\Program Files\apache-maven-3.8.8-bin\apache-maven-3.8.8\bin;C:\Program Files\Git\cmd;C:\Users\Fernanda Jama\AppData\Local\Microsoft\WindowsApps;C:\Users\Fernanda Jama\AppData\Local\GitHubDesktop\bin;C:\Users\Fernanda Jama\AppData\Local\Programs\Microsoft VS Code\bin;C:\Users\Fernanda Jama\AppData\Roaming\npm;c:\Users\Fernanda Jama\AppData\Local\Programs\Trae\resources\app\bin\lib
USERNAME=Fernanda Jama
OS=Windows_NT
PROCESSOR_IDENTIFIER=Intel64 Family 6 Model 140 Stepping 1, GenuineIntel
TMP=C:\Users\FERNAN~1\AppData\Local\Temp
TEMP=C:\Users\FERNAN~1\AppData\Local\Temp




Periodic native trim disabled

---------------  S Y S T E M  ---------------

OS:
 Windows 11 , 64 bit Build 26100 (10.0.26100.4768)
OS uptime: 0 days 7:46 hours
Hyper-V role detected

CPU: total 8 (initial active 8) (4 cores per cpu, 2 threads per core) family 6 model 140 stepping 1 microcode 0xb8, cx8, cmov, fxsr, ht, mmx, 3dnowpref, sse, sse2, sse3, ssse3, sse4.1, sse4.2, popcnt, lzcnt, tsc, tscinvbit, avx, avx2, aes, erms, clmul, bmi1, bmi2, adx, avx512f, avx512dq, avx512cd, avx512bw, avx512vl, sha, fma, vzeroupper, avx512_vpopcntdq, avx512_vpclmulqdq, avx512_vaes, avx512_vnni, clflush, clflushopt, clwb, avx512_vbmi2, avx512_vbmi, hv, rdtscp, rdpid, fsrm, gfni, avx512_bitalg, f16c, cet_ibt, cet_ss, avx512_ifma
Processor Information for the first 8 processors :
  Max Mhz: 2803, Current Mhz: 2803, Mhz Limit: 2803

Memory: 4k page, system-wide physical 40743M (2736M free)
TotalPageFile size 101623M (AvailPageFile size 0M)
current process WorkingSet (physical memory assigned to process): 164M, peak: 164M
current process commit charge ("private bytes"): 293M, peak: 293M

vm_info: OpenJDK 64-Bit Server VM (21.0.8+9-LTS) for windows-amd64 JRE (21.0.8+9-LTS), built on 2025-07-15T00:00:00Z by "admin" with MS VC++ 17.7 (VS2022)

END.
