#
# There is insufficient memory for the Java Runtime Environment to continue.
# Native memory allocation (malloc) failed to allocate 1177776 bytes for Chunk::new
# Possible reasons:
#   The system is out of physical RAM or swap space
#   The process is running with CompressedOops enabled, and the Java Heap may be blocking the growth of the native heap
# Possible solutions:
#   Reduce memory load on the system
#   Increase physical memory or swap space
#   Check if swap backing store is full
#   Decrease Java heap size (-Xmx/-Xms)
#   Decrease number of Java threads
#   Decrease Java thread stack sizes (-Xss)
#   Set larger code cache with -XX:ReservedCodeCacheSize=
#   JVM is running with Zero Based Compressed Oops mode in which the Java heap is
#     placed in the first 32GB address space. The Java Heap base address is the
#     maximum limit for the native heap growth. Please use -XX:HeapBaseMinAddress
#     to set the Java Heap base and to place the Java Heap above 32GB virtual address.
# This output file may be truncated or incomplete.
#
#  Out of Memory Error (arena.cpp:189), pid=26948, tid=12040
#
# JRE version: Java(TM) SE Runtime Environment (17.0.15+9) (build 17.0.15+9-LTS-241)
# Java VM: Java HotSpot(TM) 64-Bit Server VM (17.0.15+9-LTS-241, mixed mode, sharing, tiered, compressed oops, compressed class ptrs, g1 gc, windows-amd64)
# No core dump will be written. Minidumps are not enabled by default on client versions of Windows
#

---------------  S U M M A R Y ------------

Command Line: -XX:+ShowCodeDetailsInExceptionMessages -Dspring.jmx.enabled=true -Dmanagement.endpoints.jmx.exposure.include=* -Dspring.application.admin.enabled=true -Dspring.boot.project.name=com.manamer.sellout.business-sellout -Djava.rmi.server.hostname=localhost -Dcom.sun.management.jmxremote.port=45559 -Dcom.sun.management.jmxremote.authenticate=false -Dcom.sun.management.jmxremote.ssl=false com.manamer.backend.business.sellout.SelloutApplication

Host: 11th Gen Intel(R) Core(TM) i7-1165G7 @ 2.80GHz, 8 cores, 39G,  Windows 11 , 64 bit Build 26100 (10.0.26100.5074)
Time: Fri Sep  5 10:54:56 2025 Hora est. Pacífico, Sudamérica elapsed time: 65205.590103 seconds (0d 18h 6m 45s)

---------------  T H R E A D  ---------------

Current thread (0x00000207f8ca3460):  JavaThread "C2 CompilerThread0" daemon [_thread_in_native, id=12040, stack(0x000000c0f8f00000,0x000000c0f9000000)]


Current CompileTask:
C2:65205591 23950 %     4       com.fasterxml.jackson.databind.deser.BeanDeserializerFactory::addBeanProps @ 411 (862 bytes)

Stack: [0x000000c0f8f00000,0x000000c0f9000000]
Native frames: (J=compiled Java code, j=interpreted, Vv=VM code, C=native code)
V  [jvm.dll+0x67a46a]
V  [jvm.dll+0x7da6ad]
V  [jvm.dll+0x7dbff3]
V  [jvm.dll+0x7dc663]
V  [jvm.dll+0x24523f]
V  [jvm.dll+0xab763]
V  [jvm.dll+0xabd2c]
V  [jvm.dll+0x361ebf]
V  [jvm.dll+0x32c5e1]
V  [jvm.dll+0x32ba7a]
V  [jvm.dll+0x2169ef]
V  [jvm.dll+0x215e1f]
V  [jvm.dll+0x1a2a00]
V  [jvm.dll+0x2262bb]
V  [jvm.dll+0x22445b]
V  [jvm.dll+0x790acc]
V  [jvm.dll+0x78b0ba]
V  [jvm.dll+0x679355]
C  [ucrtbase.dll+0x37b0]
C  [KERNEL32.DLL+0x2e8d7]
C  [ntdll.dll+0x8d9c]


---------------  P R O C E S S  ---------------

Threads class SMR info:
_java_thread_list=0x00000207fec89c00, length=49, elements={
0x00000207f8c861e0, 0x00000207f8c87900, 0x00000207f8c9abc0, 0x00000207f8c9d580,
0x00000207f8c9eaa0, 0x00000207f8ca1770, 0x00000207f8ca3460, 0x00000207f8cbe8f0,
0x00000207fb61a250, 0x00000207f8c70f60, 0x00000207fb846ad0, 0x00000207c571ab60,
0x00000207c57219d0, 0x00000207c58c89e0, 0x00000207c6518100, 0x00000207c5e3f2b0,
0x000002080153a880, 0x00000207c5e39740, 0x00000207c5e3b8f0, 0x0000020801539540,
0x00000208015386d0, 0x000002080153bbc0, 0x000002080153c090, 0x0000020801539ee0,
0x000002080153ad50, 0x000002080153e710, 0x000002080153c560, 0x000002080153e240,
0x000002080153dd70, 0x00000207c5e3a0e0, 0x00000207c5e3a5b0, 0x00000207c5e39270,
0x00000207c5e3aa80, 0x00000207c5e38da0, 0x00000207c5e3cc30, 0x00000207c5e3daa0,
0x00000207c5e3f780, 0x00000207c5e3df70, 0x00000207c5e3ede0, 0x00000207c5e3e910,
0x00000207c5e3fc50, 0x00000207c5e40120, 0x00000207c6876e70, 0x00000207c6877810,
0x00000207c6878b50, 0x00000207c6876000, 0x00000207c6879020, 0x00000207c68794f0,
0x00000207c6875b30
}

Java Threads: ( => current thread )
  0x00000207f8c861e0 JavaThread "Reference Handler" daemon [_thread_blocked, id=27248, stack(0x000000c0f8900000,0x000000c0f8a00000)]
  0x00000207f8c87900 JavaThread "Finalizer" daemon [_thread_blocked, id=13044, stack(0x000000c0f8a00000,0x000000c0f8b00000)]
  0x00000207f8c9abc0 JavaThread "Signal Dispatcher" daemon [_thread_blocked, id=20564, stack(0x000000c0f8b00000,0x000000c0f8c00000)]
  0x00000207f8c9d580 JavaThread "Attach Listener" daemon [_thread_blocked, id=5844, stack(0x000000c0f8c00000,0x000000c0f8d00000)]
  0x00000207f8c9eaa0 JavaThread "Service Thread" daemon [_thread_blocked, id=14960, stack(0x000000c0f8d00000,0x000000c0f8e00000)]
  0x00000207f8ca1770 JavaThread "Monitor Deflation Thread" daemon [_thread_blocked, id=13048, stack(0x000000c0f8e00000,0x000000c0f8f00000)]
=>0x00000207f8ca3460 JavaThread "C2 CompilerThread0" daemon [_thread_in_native, id=12040, stack(0x000000c0f8f00000,0x000000c0f9000000)]
  0x00000207f8cbe8f0 JavaThread "C1 CompilerThread0" daemon [_thread_blocked, id=26392, stack(0x000000c0f9000000,0x000000c0f9100000)]
  0x00000207fb61a250 JavaThread "Sweeper thread" daemon [_thread_blocked, id=27028, stack(0x000000c0f9100000,0x000000c0f9200000)]
  0x00000207f8c70f60 JavaThread "Common-Cleaner" daemon [_thread_blocked, id=320, stack(0x000000c0f9200000,0x000000c0f9300000)]
  0x00000207fb846ad0 JavaThread "Notification Thread" daemon [_thread_blocked, id=15768, stack(0x000000c0f9300000,0x000000c0f9400000)]
  0x00000207c571ab60 JavaThread "RMI TCP Accept-0" daemon [_thread_in_native, id=13424, stack(0x000000c0f9500000,0x000000c0f9600000)]
  0x00000207c57219d0 JavaThread "RMI TCP Accept-45559" daemon [_thread_in_native, id=27484, stack(0x000000c0f9600000,0x000000c0f9700000)]
  0x00000207c58c89e0 JavaThread "RMI TCP Accept-0" daemon [_thread_in_native, id=28276, stack(0x000000c0f9700000,0x000000c0f9800000)]
  0x00000207c6518100 JavaThread "RMI Scheduler(0)" daemon [_thread_blocked, id=14728, stack(0x000000c0f9400000,0x000000c0f9500000)]
  0x00000207c5e3f2b0 JavaThread "DestroyJavaVM" [_thread_blocked, id=23376, stack(0x000000c0f8200000,0x000000c0f8300000)]
  0x000002080153a880 JavaThread "File Watcher" daemon [_thread_blocked, id=32468, stack(0x000000c0f7f00000,0x000000c0f8000000)]
  0x00000207c5e39740 JavaThread "File Watcher" daemon [_thread_blocked, id=29860, stack(0x000000c0fa100000,0x000000c0fa200000)]
  0x00000207c5e3b8f0 JavaThread "File Watcher" daemon [_thread_blocked, id=12432, stack(0x000000c0fa500000,0x000000c0fa600000)]
  0x0000020801539540 JavaThread "File Watcher" daemon [_thread_in_native, id=30992, stack(0x000000c0fa700000,0x000000c0fa800000)]
  0x00000208015386d0 JavaThread "File Watcher" daemon [_thread_blocked, id=29668, stack(0x000000c0fa900000,0x000000c0faa00000)]
  0x000002080153bbc0 JavaThread "File Watcher" daemon [_thread_blocked, id=30792, stack(0x000000c0faa00000,0x000000c0fab00000)]
  0x000002080153c090 JavaThread "File Watcher" daemon [_thread_blocked, id=11880, stack(0x000000c0fac00000,0x000000c0fad00000)]
  0x0000020801539ee0 JavaThread "Catalina-utility-1" [_thread_blocked, id=27136, stack(0x000000c0fb000000,0x000000c0fb100000)]
  0x000002080153ad50 JavaThread "Catalina-utility-2" [_thread_blocked, id=30744, stack(0x000000c0fb100000,0x000000c0fb200000)]
  0x000002080153e710 JavaThread "container-0" [_thread_blocked, id=29080, stack(0x000000c0fb200000,0x000000c0fb300000)]
  0x000002080153c560 JavaThread "mssql-jdbc-shared-timer-core-26" daemon [_thread_blocked, id=27980, stack(0x000000c0fb300000,0x000000c0fb400000)]
  0x000002080153e240 JavaThread "HikariPool-6 housekeeper" daemon [_thread_blocked, id=4168, stack(0x000000c0fb400000,0x000000c0fb500000)]
  0x000002080153dd70 JavaThread "spring.cloud.inetutils" daemon [_thread_blocked, id=27640, stack(0x000000c0fb600000,0x000000c0fb700000)]
  0x00000207c5e3a0e0 JavaThread "AsyncResolver-bootstrap-0" daemon [_thread_blocked, id=23724, stack(0x000000c0fb800000,0x000000c0fb900000)]
  0x00000207c5e3a5b0 JavaThread "idle-connection-evictor-1" daemon [_thread_blocked, id=28312, stack(0x000000c0fb900000,0x000000c0fba00000)]
  0x00000207c5e39270 JavaThread "DiscoveryClient-0" daemon [_thread_blocked, id=17568, stack(0x000000c0fba00000,0x000000c0fbb00000)]
  0x00000207c5e3aa80 JavaThread "DiscoveryClient-1" daemon [_thread_blocked, id=29088, stack(0x000000c0fbb00000,0x000000c0fbc00000)]
  0x00000207c5e38da0 JavaThread "DiscoveryClient-InstanceInfoReplicator-0" daemon [_thread_blocked, id=30896, stack(0x000000c0fbc00000,0x000000c0fbd00000)]
  0x00000207c5e3cc30 JavaThread "http-nio-8092-exec-1" daemon [_thread_blocked, id=20268, stack(0x000000c0fbd00000,0x000000c0fbe00000)]
  0x00000207c5e3daa0 JavaThread "http-nio-8092-exec-2" daemon [_thread_blocked, id=32164, stack(0x000000c0fbe00000,0x000000c0fbf00000)]
  0x00000207c5e3f780 JavaThread "http-nio-8092-exec-3" daemon [_thread_blocked, id=8212, stack(0x000000c0fbf00000,0x000000c0fc000000)]
  0x00000207c5e3df70 JavaThread "http-nio-8092-exec-4" daemon [_thread_blocked, id=22280, stack(0x000000c0fc000000,0x000000c0fc100000)]
  0x00000207c5e3ede0 JavaThread "http-nio-8092-exec-5" daemon [_thread_blocked, id=15196, stack(0x000000c0fc100000,0x000000c0fc200000)]
  0x00000207c5e3e910 JavaThread "http-nio-8092-exec-6" daemon [_thread_blocked, id=26284, stack(0x000000c0fc200000,0x000000c0fc300000)]
  0x00000207c5e3fc50 JavaThread "http-nio-8092-exec-7" daemon [_thread_blocked, id=27924, stack(0x000000c0fc300000,0x000000c0fc400000)]
  0x00000207c5e40120 JavaThread "http-nio-8092-exec-8" daemon [_thread_blocked, id=15908, stack(0x000000c0fc500000,0x000000c0fc600000)]
  0x00000207c6876e70 JavaThread "http-nio-8092-exec-9" daemon [_thread_blocked, id=25888, stack(0x000000c0fc600000,0x000000c0fc700000)]
  0x00000207c6877810 JavaThread "http-nio-8092-exec-10" daemon [_thread_blocked, id=27324, stack(0x000000c0fc700000,0x000000c0fc800000)]
  0x00000207c6878b50 JavaThread "http-nio-8092-Poller" daemon [_thread_in_native, id=29940, stack(0x000000c0fc800000,0x000000c0fc900000)]
  0x00000207c6876000 JavaThread "http-nio-8092-Acceptor" daemon [_thread_in_native, id=32408, stack(0x000000c0fc900000,0x000000c0fca00000)]
  0x00000207c6879020 JavaThread "DiscoveryClient-HeartbeatExecutor-0" daemon [_thread_blocked, id=20032, stack(0x000000c0f8000000,0x000000c0f8100000)]
  0x00000207c68794f0 JavaThread "DiscoveryClient-CacheRefreshExecutor-0" daemon [_thread_blocked, id=26556, stack(0x000000c0faf00000,0x000000c0fb000000)]
  0x00000207c6875b30 JavaThread "AsyncResolver-bootstrap-executor-0" daemon [_thread_blocked, id=24156, stack(0x000000c0f8100000,0x000000c0f8200000)]

Other Threads:
  0x00000207f8c7fff0 VMThread "VM Thread" [stack: 0x000000c0f8800000,0x000000c0f8900000] [id=26544]
  0x00000207c58421a0 WatcherThread [stack: 0x000000c0f9800000,0x000000c0f9900000] [id=1412]
  0x00000207c85940e0 GCTaskThread "GC Thread#0" [stack: 0x000000c0f8300000,0x000000c0f8400000] [id=3824]
  0x00000207c5ef0570 GCTaskThread "GC Thread#1" [stack: 0x000000c0f9900000,0x000000c0f9a00000] [id=11208]
  0x00000207c5ef0830 GCTaskThread "GC Thread#2" [stack: 0x000000c0f9a00000,0x000000c0f9b00000] [id=27352]
  0x00000207c5ef0af0 GCTaskThread "GC Thread#3" [stack: 0x000000c0f9b00000,0x000000c0f9c00000] [id=11992]
  0x00000207c5ef0db0 GCTaskThread "GC Thread#4" [stack: 0x000000c0f9c00000,0x000000c0f9d00000] [id=11312]
  0x00000207c5ef1070 GCTaskThread "GC Thread#5" [stack: 0x000000c0f9d00000,0x000000c0f9e00000] [id=21160]
  0x00000207c5ef1330 GCTaskThread "GC Thread#6" [stack: 0x000000c0f9e00000,0x000000c0f9f00000] [id=4196]
  0x00000207c5ef15f0 GCTaskThread "GC Thread#7" [stack: 0x000000c0f9f00000,0x000000c0fa000000] [id=23584]
  0x00000207f8ac0080 ConcurrentGCThread "G1 Main Marker" [stack: 0x000000c0f8400000,0x000000c0f8500000] [id=25920]
  0x00000207f8ac0a90 ConcurrentGCThread "G1 Conc#0" [stack: 0x000000c0f8500000,0x000000c0f8600000] [id=26528]
  0x00000207c6bce350 ConcurrentGCThread "G1 Conc#1" [stack: 0x000000c0fa800000,0x000000c0fa900000] [id=4952]
  0x00000207f8bba030 ConcurrentGCThread "G1 Refine#0" [stack: 0x000000c0f8600000,0x000000c0f8700000] [id=23072]
  0x00000207c5ef18b0 ConcurrentGCThread "G1 Refine#1" [stack: 0x000000c0fa000000,0x000000c0fa100000] [id=6776]
  0x00000207ffef7ff0 ConcurrentGCThread "G1 Refine#2" [stack: 0x000000c0fa200000,0x000000c0fa300000] [id=26120]
  0x00000207ffef6e50 ConcurrentGCThread "G1 Refine#3" [stack: 0x000000c0fa300000,0x000000c0fa400000] [id=14464]
  0x00000207ffef8bb0 ConcurrentGCThread "G1 Refine#4" [stack: 0x000000c0fc400000,0x000000c0fc500000] [id=6008]
  0x00000207ffef7a10 ConcurrentGCThread "G1 Refine#5" [stack: 0x000000c0fa400000,0x000000c0fa500000] [id=32552]
  0x00000207f8bbc740 ConcurrentGCThread "G1 Service" [stack: 0x000000c0f8700000,0x000000c0f8800000] [id=24580]

Threads with active compile tasks:
C2 CompilerThread0  65205648 23950 %     4       com.fasterxml.jackson.databind.deser.BeanDeserializerFactory::addBeanProps @ 411 (862 bytes)

VM state: not at safepoint (normal execution)

VM Mutex/Monitor currently owned by a thread: None

Heap address: 0x0000000583000000, size: 10192 MB, Compressed Oops mode: Zero based, Oop shift amount: 3

CDS archive(s) mapped at: [0x0000020780000000-0x0000020780bd0000-0x0000020780bd0000), size 12386304, SharedBaseAddress: 0x0000020780000000, ArchiveRelocationMode: 1.
Compressed class space mapped at: 0x0000020781000000-0x00000207c1000000, reserved size: 1073741824
Narrow klass base: 0x0000020780000000, Narrow klass shift: 0, Narrow klass range: 0x100000000

GC Precious Log:
 CPUs: 8 total, 8 available
 Memory: 40743M
 Large Page Support: Disabled
 NUMA Support: Disabled
 Compressed Oops: Enabled (Zero based)
 Heap Region Size: 8M
 Heap Min Capacity: 8M
 Heap Initial Capacity: 640M
 Heap Max Capacity: 10192M
 Pre-touch: Disabled
 Parallel Workers: 8
 Concurrent Workers: 2
 Concurrent Refinement Workers: 8
 Periodic GC: Disabled

Heap:
 garbage-first heap   total 196608K, used 82534K [0x0000000583000000, 0x0000000800000000)
  region size 8192K, 3 young (24576K), 1 survivors (8192K)
 Metaspace       used 115202K, committed 115968K, reserved 1179648K
  class space    used 14433K, committed 14784K, reserved 1048576K

Heap Regions: E=young(eden), S=young(survivor), O=old, HS=humongous(starts), HC=humongous(continues), CS=collection set, F=free, OA=open archive, CA=closed archive, TAMS=top-at-mark-start (previous, next)
|   0|0x0000000583000000, 0x00000005837fffe8, 0x0000000583800000| 99%| O|  |TAMS 0x00000005837fffe8, 0x0000000583000000| Untracked 
|   1|0x0000000583800000, 0x0000000584000000, 0x0000000584000000|100%| O|  |TAMS 0x0000000584000000, 0x0000000583800000| Untracked 
|   2|0x0000000584000000, 0x00000005847fd100, 0x0000000584800000| 99%| O|  |TAMS 0x00000005847fd100, 0x0000000584000000| Untracked 
|   3|0x0000000584800000, 0x0000000584ffffc8, 0x0000000585000000| 99%| O|  |TAMS 0x0000000584ffffc8, 0x0000000584800000| Untracked 
|   4|0x0000000585000000, 0x00000005857fffb8, 0x0000000585800000| 99%| O|  |TAMS 0x00000005857fffb8, 0x0000000585000000| Untracked 
|   5|0x0000000585800000, 0x0000000585fffff8, 0x0000000586000000| 99%| O|  |TAMS 0x0000000585fffff8, 0x0000000585800000| Untracked 
|   6|0x0000000586000000, 0x00000005867ffe18, 0x0000000586800000| 99%| O|  |TAMS 0x00000005867ffe18, 0x0000000586000000| Untracked 
|   7|0x0000000586800000, 0x0000000586d40600, 0x0000000587000000| 65%| O|  |TAMS 0x0000000586d40600, 0x0000000586800000| Untracked 
|   8|0x0000000587000000, 0x0000000587000000, 0x0000000587800000|  0%| F|  |TAMS 0x0000000587000000, 0x0000000587000000| Untracked 
|   9|0x0000000587800000, 0x0000000588000000, 0x0000000588000000|100%| O|  |TAMS 0x0000000588000000, 0x0000000587800000| Untracked 
|  10|0x0000000588000000, 0x0000000588000000, 0x0000000588800000|  0%| F|  |TAMS 0x0000000588000000, 0x0000000588000000| Untracked 
|  11|0x0000000588800000, 0x0000000588800000, 0x0000000589000000|  0%| F|  |TAMS 0x0000000588800000, 0x0000000588800000| Untracked 
|  12|0x0000000589000000, 0x0000000589000000, 0x0000000589800000|  0%| F|  |TAMS 0x0000000589000000, 0x0000000589000000| Untracked 
|  13|0x0000000589800000, 0x0000000589b5c4f0, 0x000000058a000000| 42%| S|CS|TAMS 0x0000000589800000, 0x0000000589800000| Complete 
|  14|0x000000058a000000, 0x000000058a000000, 0x000000058a800000|  0%| F|  |TAMS 0x000000058a000000, 0x000000058a000000| Untracked 
|  15|0x000000058a800000, 0x000000058a800000, 0x000000058b000000|  0%| F|  |TAMS 0x000000058a800000, 0x000000058a800000| Untracked 
|  16|0x000000058b000000, 0x000000058b000000, 0x000000058b800000|  0%| F|  |TAMS 0x000000058b000000, 0x000000058b000000| Untracked 
|  17|0x000000058b800000, 0x000000058b800000, 0x000000058c000000|  0%| F|  |TAMS 0x000000058b800000, 0x000000058b800000| Untracked 
|  18|0x000000058c000000, 0x000000058c000000, 0x000000058c800000|  0%| F|  |TAMS 0x000000058c000000, 0x000000058c000000| Untracked 
|  19|0x000000058c800000, 0x000000058c800000, 0x000000058d000000|  0%| F|  |TAMS 0x000000058c800000, 0x000000058c800000| Untracked 
|  20|0x000000058d000000, 0x000000058d000000, 0x000000058d800000|  0%| F|  |TAMS 0x000000058d000000, 0x000000058d000000| Untracked 
|  21|0x000000058d800000, 0x000000058d800000, 0x000000058e000000|  0%| F|  |TAMS 0x000000058d800000, 0x000000058d800000| Untracked 
|  22|0x000000058e000000, 0x000000058e02fdd0, 0x000000058e800000|  2%| E|  |TAMS 0x000000058e000000, 0x000000058e000000| Complete 
|  23|0x000000058e800000, 0x000000058f000000, 0x000000058f000000|100%| E|CS|TAMS 0x000000058e800000, 0x000000058e800000| Complete 

Card table byte_map: [0x00000207e2400000,0x00000207e37f0000] _byte_map_base: 0x00000207df7e8000

Marking Bits (Prev, Next): (CMBitMap*) 0x00000207c8594740, (CMBitMap*) 0x00000207c8594700
 Prev Bits: [0x00000207eeb20000, 0x00000207f8a60000)
 Next Bits: [0x00000207e4be0000, 0x00000207eeb20000)

Polling page: 0x00000207c8460000

Metaspace:

Usage:
  Non-class:     98.41 MB used.
      Class:     14.10 MB used.
       Both:    112.50 MB used.

Virtual space:
  Non-class space:      128.00 MB reserved,      98.81 MB ( 77%) committed,  2 nodes.
      Class space:        1.00 GB reserved,      14.44 MB (  1%) committed,  1 nodes.
             Both:        1.12 GB reserved,     113.25 MB ( 10%) committed. 

Chunk freelists:
   Non-Class:  12.58 MB
       Class:  1.40 MB
        Both:  13.98 MB

MaxMetaspaceSize: unlimited
CompressedClassSpaceSize: 1.00 GB
Initial GC threshold: 21.00 MB
Current GC threshold: 188.75 MB
CDS: on
MetaspaceReclaimPolicy: balanced
 - commit_granule_bytes: 65536.
 - commit_granule_words: 8192.
 - virtual_space_node_default_size: 8388608.
 - enlarge_chunks_in_place: 1.
 - new_chunks_are_fully_committed: 0.
 - uncommit_free_chunks: 1.
 - use_allocation_guard: 0.
 - handle_deallocations: 1.


Internal statistics:

num_allocs_failed_limit: 12.
num_arena_births: 1868.
num_arena_deaths: 718.
num_vsnodes_births: 3.
num_vsnodes_deaths: 0.
num_space_committed: 1816.
num_space_uncommitted: 4.
num_chunks_returned_to_freelist: 1002.
num_chunks_taken_from_freelist: 6756.
num_chunk_merges: 313.
num_chunk_splits: 4189.
num_chunks_enlarged: 2872.
num_inconsistent_stats: 0.

CodeHeap 'non-profiled nmethods': size=120000Kb used=19355Kb max_used=19355Kb free=100644Kb
 bounds [0x00000207d9070000, 0x00000207da360000, 0x00000207e05a0000]
CodeHeap 'profiled nmethods': size=120000Kb used=36110Kb max_used=36835Kb free=83889Kb
 bounds [0x00000207d15a0000, 0x00000207d39a0000, 0x00000207d8ad0000]
CodeHeap 'non-nmethods': size=5760Kb used=1442Kb max_used=1509Kb free=4317Kb
 bounds [0x00000207d8ad0000, 0x00000207d8d40000, 0x00000207d9070000]
 total_blobs=19406 nmethods=18628 adapters=689
 compilation: enabled
              stopped_count=0, restarted_count=0
 full_count=0

Compilation events (20 events):
Event: 65174.539 Thread 0x00000207f8cbe8f0 nmethod 23944 0x00000207da355a90 code [0x00000207da355c20, 0x00000207da355cf8]
Event: 65174.539 Thread 0x00000207f8cbe8f0 23945       1       com.fasterxml.jackson.databind.ser.BeanSerializerBuilder::getObjectIdWriter (5 bytes)
Event: 65174.539 Thread 0x00000207f8cbe8f0 nmethod 23945 0x00000207da355d90 code [0x00000207da355f20, 0x00000207da355ff8]
Event: 65174.539 Thread 0x00000207f8cbe8f0 23946       1       com.fasterxml.jackson.databind.ser.BeanSerializerBuilder::getBeanDescription (5 bytes)
Event: 65174.539 Thread 0x00000207f8cbe8f0 nmethod 23946 0x00000207da356090 code [0x00000207da356220, 0x00000207da3562f8]
Event: 65204.448 Thread 0x00000207f8cbe8f0 23947       3       org.springframework.cloud.netflix.eureka.http.RestTemplateEurekaHttpClient::getApplicationsInternal (131 bytes)
Event: 65204.448 Thread 0x00000207f8ca3460 23948       4       com.fasterxml.jackson.databind.introspect.VisibilityChecker$Std::isGetterVisible (9 bytes)
Event: 65204.450 Thread 0x00000207f8ca3460 nmethod 23948 0x00000207da356390 code [0x00000207da356520, 0x00000207da356618]
Event: 65204.451 Thread 0x00000207f8ca3460 23949   !   4       jdk.internal.reflect.GeneratedConstructorAccessor70::newInstance (53 bytes)
Event: 65204.451 Thread 0x00000207f8cbe8f0 nmethod 23947 0x00000207d2b20490 code [0x00000207d2b20880, 0x00000207d2b22518]
Event: 65204.453 Thread 0x00000207f8cbe8f0 23952       3       java.net.InetAddress::getAllByName (6 bytes)
Event: 65204.453 Thread 0x00000207f8cbe8f0 nmethod 23952 0x00000207d1dc9910 code [0x00000207d1dc9aa0, 0x00000207d1dc9bc8]
Event: 65204.453 Thread 0x00000207f8cbe8f0 23953   !   3       java.net.InetAddress::getAllByName (357 bytes)
Event: 65204.453 Thread 0x00000207f8ca3460 nmethod 23949 0x00000207da356790 code [0x00000207da356940, 0x00000207da356b68]
Event: 65204.453 Thread 0x00000207f8ca3460 23950 %     4       com.fasterxml.jackson.databind.deser.BeanDeserializerFactory::addBeanProps @ 411 (862 bytes)
Event: 65204.458 Thread 0x00000207f8cbe8f0 nmethod 23953 0x00000207d1edd210 code [0x00000207d1edd960, 0x00000207d1ee1f48]
Event: 65204.505 Thread 0x00000207f8cbe8f0 23954       3       org.apache.hc.core5.pool.PoolEntry::discardConnection (74 bytes)
Event: 65204.507 Thread 0x00000207f8cbe8f0 nmethod 23954 0x00000207d1c5c390 code [0x00000207d1c5c660, 0x00000207d1c5d728]
Event: 65204.654 Thread 0x00000207f8cbe8f0 23955       3       java.util.IdentityHashMap::remove (102 bytes)
Event: 65205.575 Thread 0x00000207f8cbe8f0 nmethod 23955 0x00000207d192a390 code [0x00000207d192a5a0, 0x00000207d192adb8]

GC Heap History (20 events):
Event: 64695.173 GC heap before
{Heap before GC invocations=89 (full 4):
 garbage-first heap   total 196608K, used 83819K [0x0000000583000000, 0x0000000800000000)
  region size 8192K, 5 young (40960K), 2 survivors (16384K)
 Metaspace       used 113704K, committed 114496K, reserved 1179648K
  class space    used 14361K, committed 14784K, reserved 1048576K
}
Event: 64695.369 GC heap after
{Heap after GC invocations=90 (full 5):
 garbage-first heap   total 196608K, used 60010K [0x0000000583000000, 0x0000000800000000)
  region size 8192K, 0 young (0K), 0 survivors (0K)
 Metaspace       used 113694K, committed 114496K, reserved 1179648K
  class space    used 14359K, committed 14784K, reserved 1048576K
}
Event: 64768.073 GC heap before
{Heap before GC invocations=90 (full 5):
 garbage-first heap   total 196608K, used 141930K [0x0000000583000000, 0x0000000800000000)
  region size 8192K, 10 young (81920K), 0 survivors (0K)
 Metaspace       used 113964K, committed 114752K, reserved 1179648K
  class space    used 14372K, committed 14784K, reserved 1048576K
}
Event: 64768.076 GC heap after
{Heap after GC invocations=91 (full 5):
 garbage-first heap   total 196608K, used 64793K [0x0000000583000000, 0x0000000800000000)
  region size 8192K, 1 young (8192K), 1 survivors (8192K)
 Metaspace       used 113964K, committed 114752K, reserved 1179648K
  class space    used 14372K, committed 14784K, reserved 1048576K
}
Event: 64774.402 GC heap before
{Heap before GC invocations=92 (full 5):
 garbage-first heap   total 196608K, used 138521K [0x0000000583000000, 0x0000000800000000)
  region size 8192K, 10 young (81920K), 1 survivors (8192K)
 Metaspace       used 114192K, committed 115008K, reserved 1179648K
  class space    used 14386K, committed 14784K, reserved 1048576K
}
Event: 64774.407 GC heap after
{Heap after GC invocations=93 (full 5):
 garbage-first heap   total 196608K, used 66600K [0x0000000583000000, 0x0000000800000000)
  region size 8192K, 1 young (8192K), 1 survivors (8192K)
 Metaspace       used 114192K, committed 115008K, reserved 1179648K
  class space    used 14386K, committed 14784K, reserved 1048576K
}
Event: 64774.990 GC heap before
{Heap before GC invocations=93 (full 5):
 garbage-first heap   total 196608K, used 74792K [0x0000000583000000, 0x0000000800000000)
  region size 8192K, 2 young (16384K), 1 survivors (8192K)
 Metaspace       used 114203K, committed 115008K, reserved 1179648K
  class space    used 14386K, committed 14784K, reserved 1048576K
}
Event: 64775.003 GC heap after
{Heap after GC invocations=94 (full 5):
 garbage-first heap   total 196608K, used 67021K [0x0000000583000000, 0x0000000800000000)
  region size 8192K, 1 young (8192K), 1 survivors (8192K)
 Metaspace       used 114203K, committed 115008K, reserved 1179648K
  class space    used 14386K, committed 14784K, reserved 1048576K
}
Event: 64775.831 GC heap before
{Heap before GC invocations=94 (full 5):
 garbage-first heap   total 196608K, used 140749K [0x0000000583000000, 0x0000000800000000)
  region size 8192K, 10 young (81920K), 1 survivors (8192K)
 Metaspace       used 114966K, committed 115712K, reserved 1179648K
  class space    used 14433K, committed 14784K, reserved 1048576K
}
Event: 64775.838 GC heap after
{Heap after GC invocations=95 (full 5):
 garbage-first heap   total 196608K, used 71545K [0x0000000583000000, 0x0000000800000000)
  region size 8192K, 2 young (16384K), 2 survivors (16384K)
 Metaspace       used 114966K, committed 115712K, reserved 1179648K
  class space    used 14433K, committed 14784K, reserved 1048576K
}
Event: 64777.288 GC heap before
{Heap before GC invocations=96 (full 5):
 garbage-first heap   total 196608K, used 137081K [0x0000000583000000, 0x0000000800000000)
  region size 8192K, 10 young (81920K), 2 survivors (16384K)
 Metaspace       used 115010K, committed 115776K, reserved 1179648K
  class space    used 14433K, committed 14784K, reserved 1048576K
}
Event: 64777.305 GC heap after
{Heap after GC invocations=97 (full 5):
 garbage-first heap   total 196608K, used 73963K [0x0000000583000000, 0x0000000800000000)
  region size 8192K, 2 young (16384K), 2 survivors (16384K)
 Metaspace       used 115010K, committed 115776K, reserved 1179648K
  class space    used 14433K, committed 14784K, reserved 1048576K
}
Event: 64778.061 GC heap before
{Heap before GC invocations=97 (full 5):
 garbage-first heap   total 196608K, used 82155K [0x0000000583000000, 0x0000000800000000)
  region size 8192K, 3 young (24576K), 2 survivors (16384K)
 Metaspace       used 115010K, committed 115776K, reserved 1179648K
  class space    used 14433K, committed 14784K, reserved 1048576K
}
Event: 64778.069 GC heap after
{Heap after GC invocations=98 (full 5):
 garbage-first heap   total 196608K, used 74481K [0x0000000583000000, 0x0000000800000000)
  region size 8192K, 1 young (8192K), 1 survivors (8192K)
 Metaspace       used 115010K, committed 115776K, reserved 1179648K
  class space    used 14433K, committed 14784K, reserved 1048576K
}
Event: 64869.336 GC heap before
{Heap before GC invocations=98 (full 5):
 garbage-first heap   total 196608K, used 148209K [0x0000000583000000, 0x0000000800000000)
  region size 8192K, 10 young (81920K), 1 survivors (8192K)
 Metaspace       used 115078K, committed 115840K, reserved 1179648K
  class space    used 14433K, committed 14784K, reserved 1048576K
}
Event: 64869.342 GC heap after
{Heap after GC invocations=99 (full 5):
 garbage-first heap   total 196608K, used 74818K [0x0000000583000000, 0x0000000800000000)
  region size 8192K, 1 young (8192K), 1 survivors (8192K)
 Metaspace       used 115078K, committed 115840K, reserved 1179648K
  class space    used 14433K, committed 14784K, reserved 1048576K
}
Event: 65033.226 GC heap before
{Heap before GC invocations=100 (full 5):
 garbage-first heap   total 196608K, used 148546K [0x0000000583000000, 0x0000000800000000)
  region size 8192K, 10 young (81920K), 1 survivors (8192K)
 Metaspace       used 115158K, committed 115968K, reserved 1179648K
  class space    used 14433K, committed 14784K, reserved 1048576K
}
Event: 65033.229 GC heap after
{Heap after GC invocations=101 (full 5):
 garbage-first heap   total 196608K, used 74442K [0x0000000583000000, 0x0000000800000000)
  region size 8192K, 1 young (8192K), 1 survivors (8192K)
 Metaspace       used 115158K, committed 115968K, reserved 1179648K
  class space    used 14433K, committed 14784K, reserved 1048576K
}
Event: 65192.557 GC heap before
{Heap before GC invocations=101 (full 5):
 garbage-first heap   total 196608K, used 148170K [0x0000000583000000, 0x0000000800000000)
  region size 8192K, 10 young (81920K), 1 survivors (8192K)
 Metaspace       used 115188K, committed 115968K, reserved 1179648K
  class space    used 14433K, committed 14784K, reserved 1048576K
}
Event: 65192.560 GC heap after
{Heap after GC invocations=102 (full 5):
 garbage-first heap   total 196608K, used 74342K [0x0000000583000000, 0x0000000800000000)
  region size 8192K, 1 young (8192K), 1 survivors (8192K)
 Metaspace       used 115188K, committed 115968K, reserved 1179648K
  class space    used 14433K, committed 14784K, reserved 1048576K
}

Deoptimization events (20 events):
Event: 64829.138 Thread 0x000002080153a880 Uncommon trap: trap_request=0xffffff45 fr.pc=0x00000207da290f8c relative=0x000000000000308c
Event: 64829.138 Thread 0x000002080153a880 Uncommon trap: reason=unstable_if action=reinterpret pc=0x00000207da290f8c method=java.io.File.normalizedList()[Ljava/lang/String; @ 34 c2
Event: 64829.138 Thread 0x000002080153a880 DEOPT PACKING pc=0x00000207da290f8c sp=0x000000c0f7fff0d0
Event: 64829.138 Thread 0x000002080153a880 DEOPT UNPACKING pc=0x00000207d8b25ba3 sp=0x000000c0f7ffefd0 mode 2
Event: 64829.851 Thread 0x0000020801539540 Uncommon trap: trap_request=0xffffff45 fr.pc=0x00000207da170c98 relative=0x00000000000006b8
Event: 64829.851 Thread 0x0000020801539540 Uncommon trap: reason=unstable_if action=reinterpret pc=0x00000207da170c98 method=java.io.File.normalizedList()[Ljava/lang/String; @ 34 c2
Event: 64829.851 Thread 0x0000020801539540 DEOPT PACKING pc=0x00000207da170c98 sp=0x000000c0fa7feeb0
Event: 64829.851 Thread 0x0000020801539540 DEOPT UNPACKING pc=0x00000207d8b25ba3 sp=0x000000c0fa7fee10 mode 2
Event: 64869.342 Thread 0x00000207fb846ad0 Uncommon trap: trap_request=0xffffff76 fr.pc=0x00000207d9f05d18 relative=0x0000000000000c38
Event: 64869.342 Thread 0x00000207fb846ad0 Uncommon trap: reason=predicate action=maybe_recompile pc=0x00000207d9f05d18 method=java.util.ComparableTimSort.binarySort([Ljava/lang/Object;III)V @ 34 c2
Event: 64869.342 Thread 0x00000207fb846ad0 DEOPT PACKING pc=0x00000207d9f05d18 sp=0x000000c0f93ff070
Event: 64869.342 Thread 0x00000207fb846ad0 DEOPT UNPACKING pc=0x00000207d8b25ba3 sp=0x000000c0f93ff018 mode 2
Event: 65204.449 Thread 0x00000207c6879020 Uncommon trap: trap_request=0xffffffde fr.pc=0x00000207d9d26ddc relative=0x000000000000511c
Event: 65204.449 Thread 0x00000207c6879020 Uncommon trap: reason=class_check action=maybe_recompile pc=0x00000207d9d26ddc method=com.fasterxml.jackson.databind.util.internal.PrivateMaxEntriesMap.drainOnReadIfNeeded(IJ)V @ 35 c2
Event: 65204.449 Thread 0x00000207c6879020 DEOPT PACKING pc=0x00000207d9d26ddc sp=0x000000c0f80fcda0
Event: 65204.449 Thread 0x00000207c6879020 DEOPT UNPACKING pc=0x00000207d8b25ba3 sp=0x000000c0f80fcbc0 mode 2
Event: 65204.450 Thread 0x00000207c68794f0 Uncommon trap: trap_request=0xffffffde fr.pc=0x00000207d9d26ddc relative=0x000000000000511c
Event: 65204.450 Thread 0x00000207c68794f0 Uncommon trap: reason=class_check action=maybe_recompile pc=0x00000207d9d26ddc method=com.fasterxml.jackson.databind.util.internal.PrivateMaxEntriesMap.drainOnReadIfNeeded(IJ)V @ 35 c2
Event: 65204.450 Thread 0x00000207c68794f0 DEOPT PACKING pc=0x00000207d9d26ddc sp=0x000000c0faffc040
Event: 65204.450 Thread 0x00000207c68794f0 DEOPT UNPACKING pc=0x00000207d8b25ba3 sp=0x000000c0faffbe60 mode 2

Classes unloaded (20 events):
Event: 64514.434 Thread 0x00000207f8c7fff0 Unloading class 0x0000020781e56d80 'com/manamer/backend/business/sellout/models/Cliente'
Event: 64514.434 Thread 0x00000207f8c7fff0 Unloading class 0x0000020781e56b88 'com/manamer/backend/business/sellout/repositories/ClienteRepository'
Event: 64514.434 Thread 0x00000207f8c7fff0 Unloading class 0x0000020781e568f0 'com/manamer/backend/business/sellout/service/VentaService'
Event: 64514.434 Thread 0x00000207f8c7fff0 Unloading class 0x0000020781e56698 'com/manamer/backend/business/sellout/service/TipoMuebleService'
Event: 64514.434 Thread 0x00000207f8c7fff0 Unloading class 0x0000020781e56488 'com/manamer/backend/business/sellout/service/TemplateGeneralService'
Event: 64514.434 Thread 0x00000207f8c7fff0 Unloading class 0x0000020781e56240 'com/manamer/backend/business/sellout/service/ProductoService'
Event: 64514.434 Thread 0x00000207f8c7fff0 Unloading class 0x0000020781e56000 'com/manamer/backend/business/sellout/service/MantenimientoProductoService'
Event: 64514.434 Thread 0x00000207f8c7fff0 Unloading class 0x0000020781e55400 'com/manamer/backend/business/sellout/service/MantenimientoClienteService'
Event: 64514.434 Thread 0x00000207f8c7fff0 Unloading class 0x0000020781e55d58 'com/manamer/backend/business/sellout/service/ClienteService'
Event: 64514.434 Thread 0x00000207f8c7fff0 Unloading class 0x0000020781e55af8 'com/manamer/backend/business/sellout/controller/TemplateGeneralController'
Event: 64514.434 Thread 0x00000207f8c7fff0 Unloading class 0x0000020781e55800 'com/manamer/backend/business/sellout/controller/FybecaController'
Event: 64514.434 Thread 0x00000207f8c7fff0 Unloading class 0x0000020781e54c38 'com/manamer/backend/business/sellout/controller/DepratiController'
Event: 64514.434 Thread 0x00000207f8c7fff0 Unloading class 0x0000020781e54a00 'com/manamer/backend/business/sellout/controller/ClienteController'
Event: 64514.435 Thread 0x00000207f8c7fff0 Unloading class 0x0000020781e54800 'com/manamer/backend/business/sellout/SelloutApplication'
Event: 64695.237 Thread 0x00000207f8c7fff0 Unloading class 0x0000020781e80400 'jdk/internal/reflect/GeneratedSerializationConstructorAccessor54'
Event: 64695.237 Thread 0x00000207f8c7fff0 Unloading class 0x0000020781e80800 'jdk/internal/reflect/GeneratedSerializationConstructorAccessor53'
Event: 64695.237 Thread 0x00000207f8c7fff0 Unloading class 0x0000020781e8a400 'jdk/internal/reflect/GeneratedSerializationConstructorAccessor52'
Event: 64869.454 Thread 0x00000207f8c7fff0 Unloading class 0x0000020781500000 'jdk/internal/reflect/GeneratedSerializationConstructorAccessor59'
Event: 64869.454 Thread 0x00000207f8c7fff0 Unloading class 0x0000020781590c00 'jdk/internal/reflect/GeneratedSerializationConstructorAccessor58'
Event: 64869.454 Thread 0x00000207f8c7fff0 Unloading class 0x0000020781590000 'jdk/internal/reflect/GeneratedSerializationConstructorAccessor57'

Classes redefined (0 events):
No events

Internal exceptions (20 events):
Event: 65174.427 Thread 0x00000207c6879020 Exception <a 'java/net/ConnectException'{0x000000058b73e510}: Connection refused: no further information> (0x000000058b73e510) 
thrown [s\open\src\hotspot\share\prims\jni.cpp, line 535]
Event: 65174.428 Thread 0x00000207c6879020 Exception <a 'java/net/SocketException'{0x000000058b73eaf0}: Socket is not connected: shutdown> (0x000000058b73eaf0) 
thrown [s\open\src\hotspot\share\prims\jni.cpp, line 535]
Event: 65174.429 Thread 0x00000207c68794f0 Exception <a 'java/net/ConnectException'{0x000000058b7fe168}: Connection refused: no further information> (0x000000058b7fe168) 
thrown [s\open\src\hotspot\share\prims\jni.cpp, line 535]
Event: 65174.429 Thread 0x00000207c68794f0 Exception <a 'java/net/SocketException'{0x000000058b7fe748}: Socket is not connected: shutdown> (0x000000058b7fe748) 
thrown [s\open\src\hotspot\share\prims\jni.cpp, line 535]
Event: 65174.557 Thread 0x00000207c5e38da0 Exception <a 'java/net/ConnectException'{0x000000058a8ddda0}: Connection refused: no further information> (0x000000058a8ddda0) 
thrown [s\open\src\hotspot\share\prims\jni.cpp, line 535]
Event: 65174.557 Thread 0x00000207c5e38da0 Exception <a 'java/net/SocketException'{0x000000058a8de380}: Socket is not connected: shutdown> (0x000000058a8de380) 
thrown [s\open\src\hotspot\share\prims\jni.cpp, line 535]
Event: 65174.593 Thread 0x00000207c5e38da0 Exception <a 'java/net/ConnectException'{0x000000058a8df788}: Connection refused: no further information> (0x000000058a8df788) 
thrown [s\open\src\hotspot\share\prims\jni.cpp, line 535]
Event: 65174.593 Thread 0x00000207c5e38da0 Exception <a 'java/net/SocketException'{0x000000058a8dfd68}: Socket is not connected: shutdown> (0x000000058a8dfd68) 
thrown [s\open\src\hotspot\share\prims\jni.cpp, line 535]
Event: 65204.475 Thread 0x00000207c68794f0 Exception <a 'java/net/ConnectException'{0x000000058ee82b18}: Connection refused: no further information> (0x000000058ee82b18) 
thrown [s\open\src\hotspot\share\prims\jni.cpp, line 535]
Event: 65204.475 Thread 0x00000207c68794f0 Exception <a 'java/net/SocketException'{0x000000058ee830f8}: Socket is not connected: shutdown> (0x000000058ee830f8) 
thrown [s\open\src\hotspot\share\prims\jni.cpp, line 535]
Event: 65204.476 Thread 0x00000207c6879020 Exception <a 'java/net/ConnectException'{0x000000058ee70ff8}: Connection refused: no further information> (0x000000058ee70ff8) 
thrown [s\open\src\hotspot\share\prims\jni.cpp, line 535]
Event: 65204.476 Thread 0x00000207c6879020 Exception <a 'java/net/SocketException'{0x000000058ee715d8}: Socket is not connected: shutdown> (0x000000058ee715d8) 
thrown [s\open\src\hotspot\share\prims\jni.cpp, line 535]
Event: 65204.504 Thread 0x00000207c6879020 Exception <a 'java/net/ConnectException'{0x000000058ee8e0c8}: Connection refused: no further information> (0x000000058ee8e0c8) 
thrown [s\open\src\hotspot\share\prims\jni.cpp, line 535]
Event: 65204.504 Thread 0x00000207c6879020 Exception <a 'java/net/SocketException'{0x000000058ee8e6a8}: Socket is not connected: shutdown> (0x000000058ee8e6a8) 
thrown [s\open\src\hotspot\share\prims\jni.cpp, line 535]
Event: 65204.504 Thread 0x00000207c68794f0 Exception <a 'java/net/ConnectException'{0x000000058ee84500}: Connection refused: no further information> (0x000000058ee84500) 
thrown [s\open\src\hotspot\share\prims\jni.cpp, line 535]
Event: 65204.505 Thread 0x00000207c68794f0 Exception <a 'java/net/SocketException'{0x000000058ee84ae0}: Socket is not connected: shutdown> (0x000000058ee84ae0) 
thrown [s\open\src\hotspot\share\prims\jni.cpp, line 535]
Event: 65204.674 Thread 0x00000207c5e38da0 Exception <a 'java/net/ConnectException'{0x000000058ef86ae8}: Connection refused: no further information> (0x000000058ef86ae8) 
thrown [s\open\src\hotspot\share\prims\jni.cpp, line 535]
Event: 65204.674 Thread 0x00000207c5e38da0 Exception <a 'java/net/SocketException'{0x000000058ef870c8}: Socket is not connected: shutdown> (0x000000058ef870c8) 
thrown [s\open\src\hotspot\share\prims\jni.cpp, line 535]
Event: 65204.690 Thread 0x00000207c5e38da0 Exception <a 'java/net/ConnectException'{0x000000058ef884d0}: Connection refused: no further information> (0x000000058ef884d0) 
thrown [s\open\src\hotspot\share\prims\jni.cpp, line 535]
Event: 65204.690 Thread 0x00000207c5e38da0 Exception <a 'java/net/SocketException'{0x000000058ef88ab0}: Socket is not connected: shutdown> (0x000000058ef88ab0) 
thrown [s\open\src\hotspot\share\prims\jni.cpp, line 535]

VM Operations (20 events):
Event: 65051.988 Executing VM operation: Cleanup
Event: 65051.988 Executing VM operation: Cleanup done
Event: 65081.224 Executing VM operation: Cleanup
Event: 65081.224 Executing VM operation: Cleanup done
Event: 65111.458 Executing VM operation: Cleanup
Event: 65111.458 Executing VM operation: Cleanup done
Event: 65141.681 Executing VM operation: Cleanup
Event: 65141.682 Executing VM operation: Cleanup done
Event: 65144.697 Executing VM operation: Cleanup
Event: 65144.698 Executing VM operation: Cleanup done
Event: 65174.931 Executing VM operation: Cleanup
Event: 65174.931 Executing VM operation: Cleanup done
Event: 65188.765 Executing VM operation: HandshakeAllThreads
Event: 65188.765 Executing VM operation: HandshakeAllThreads done
Event: 65192.557 Executing VM operation: G1CollectForAllocation
Event: 65192.560 Executing VM operation: G1CollectForAllocation done
Event: 65192.666 Executing VM operation: G1Concurrent
Event: 65192.677 Executing VM operation: G1Concurrent done
Event: 65192.720 Executing VM operation: G1Concurrent
Event: 65192.720 Executing VM operation: G1Concurrent done

Events (20 events):
Event: 65051.021 Thread 0x00000207fb61a250 flushing nmethod 0x00000207d2c3b690
Event: 65051.021 Thread 0x00000207fb61a250 flushing nmethod 0x00000207d2c3c690
Event: 65051.021 Thread 0x00000207fb61a250 flushing nmethod 0x00000207d2c40010
Event: 65051.021 Thread 0x00000207fb61a250 flushing nmethod 0x00000207d2c81090
Event: 65051.021 Thread 0x00000207fb61a250 flushing nmethod 0x00000207d2c86290
Event: 65051.021 Thread 0x00000207fb61a250 flushing nmethod 0x00000207d2c86e10
Event: 65051.021 Thread 0x00000207fb61a250 flushing nmethod 0x00000207d2c90d90
Event: 65051.023 Thread 0x00000207fb61a250 flushing nmethod 0x00000207d2eacc90
Event: 65051.024 Thread 0x00000207fb61a250 flushing nmethod 0x00000207d3060390
Event: 65051.028 Thread 0x00000207fb61a250 flushing nmethod 0x00000207d345e310
Event: 65051.029 Thread 0x00000207fb61a250 flushing nmethod 0x00000207d3482790
Event: 65051.029 Thread 0x00000207fb61a250 flushing nmethod 0x00000207d3485090
Event: 65051.029 Thread 0x00000207fb61a250 flushing nmethod 0x00000207d3494290
Event: 65051.030 Thread 0x00000207fb61a250 flushing nmethod 0x00000207d3615310
Event: 65051.030 Thread 0x00000207fb61a250 flushing nmethod 0x00000207d3677c10
Event: 65051.030 Thread 0x00000207fb61a250 flushing nmethod 0x00000207d3678090
Event: 65051.030 Thread 0x00000207fb61a250 flushing nmethod 0x00000207d367a390
Event: 65051.030 Thread 0x00000207fb61a250 flushing nmethod 0x00000207d36e6310
Event: 65051.032 Thread 0x00000207fb61a250 flushing nmethod 0x00000207d38e2d10
Event: 65078.346 Thread 0x00000207c6875b30 Thread added: 0x00000207c6875b30


Dynamic libraries:
0x00007ff717410000 - 0x00007ff717420000 	C:\Program Files\Java\jdk-17\bin\java.exe
0x00007ffc09100000 - 0x00007ffc09369000 	C:\Windows\SYSTEM32\ntdll.dll
0x00007ffc086e0000 - 0x00007ffc087a9000 	C:\Windows\System32\KERNEL32.DLL
0x00007ffc06520000 - 0x00007ffc06913000 	C:\Windows\System32\KERNELBASE.dll
0x00007ffc06c00000 - 0x00007ffc06d4b000 	C:\Windows\System32\ucrtbase.dll
0x00007ffbee170000 - 0x00007ffbee189000 	C:\Program Files\Java\jdk-17\bin\jli.dll
0x00007ffbd73f0000 - 0x00007ffbd740b000 	C:\Program Files\Java\jdk-17\bin\VCRUNTIME140.dll
0x00007ffc081a0000 - 0x00007ffc08254000 	C:\Windows\System32\ADVAPI32.dll
0x00007ffc08f10000 - 0x00007ffc08fb9000 	C:\Windows\System32\msvcrt.dll
0x00007ffc07870000 - 0x00007ffc07916000 	C:\Windows\System32\sechost.dll
0x00007ffc07470000 - 0x00007ffc07588000 	C:\Windows\System32\RPCRT4.dll
0x00007ffc08950000 - 0x00007ffc08b14000 	C:\Windows\System32\USER32.dll
0x00007ffc06a60000 - 0x00007ffc06a87000 	C:\Windows\System32\win32u.dll
0x00007ffc07620000 - 0x00007ffc0764b000 	C:\Windows\System32\GDI32.dll
0x00007ffc063f0000 - 0x00007ffc0651d000 	C:\Windows\System32\gdi32full.dll
0x00007ffc069b0000 - 0x00007ffc06a53000 	C:\Windows\System32\msvcp_win.dll
0x00007ffbea690000 - 0x00007ffbea923000 	C:\Windows\WinSxS\amd64_microsoft.windows.common-controls_6595b64144ccf1df_6.0.26100.5074_none_3e0d6f78e32fd63f\COMCTL32.dll
0x00007ffbf51f0000 - 0x00007ffbf51fb000 	C:\Windows\SYSTEM32\VERSION.dll
0x00007ffc087b0000 - 0x00007ffc087df000 	C:\Windows\System32\IMM32.DLL
0x00007ffbeeda0000 - 0x00007ffbeedac000 	C:\Program Files\Java\jdk-17\bin\vcruntime140_1.dll
0x00007ffbd07d0000 - 0x00007ffbd085e000 	C:\Program Files\Java\jdk-17\bin\msvcp140.dll
0x00007ffb26ee0000 - 0x00007ffb27ac1000 	C:\Program Files\Java\jdk-17\bin\server\jvm.dll
0x00007ffc07610000 - 0x00007ffc07618000 	C:\Windows\System32\PSAPI.DLL
0x00007ffc02e00000 - 0x00007ffc02e0a000 	C:\Windows\SYSTEM32\WSOCK32.dll
0x00007ffbef310000 - 0x00007ffbef345000 	C:\Windows\SYSTEM32\WINMM.dll
0x00007ffc07590000 - 0x00007ffc07604000 	C:\Windows\System32\WS2_32.dll
0x00007ffc05030000 - 0x00007ffc0504b000 	C:\Windows\SYSTEM32\kernel.appcore.dll
0x00007ffbee9b0000 - 0x00007ffbee9ba000 	C:\Program Files\Java\jdk-17\bin\jimage.dll
0x00007ffc039d0000 - 0x00007ffc03c12000 	C:\Windows\SYSTEM32\DBGHELP.DLL
0x00007ffc08b90000 - 0x00007ffc08f0b000 	C:\Windows\System32\combase.dll
0x00007ffc087f0000 - 0x00007ffc088c7000 	C:\Windows\System32\OLEAUT32.dll
0x00007ffbce3e0000 - 0x00007ffbce41d000 	C:\Windows\SYSTEM32\dbgcore.DLL
0x00007ffc06350000 - 0x00007ffc063e9000 	C:\Windows\System32\bcryptPrimitives.dll
0x00007ffbd2dd0000 - 0x00007ffbd2df5000 	C:\Program Files\Java\jdk-17\bin\java.dll
0x00007ffb3af50000 - 0x00007ffb3b027000 	C:\Program Files\Java\jdk-17\bin\jsvml.dll
0x00007ffc07a50000 - 0x00007ffc0819d000 	C:\Windows\System32\SHELL32.dll
0x00007ffc06a90000 - 0x00007ffc06bfc000 	C:\Windows\System32\wintypes.dll
0x00007ffc03eb0000 - 0x00007ffc04709000 	C:\Windows\SYSTEM32\windows.storage.dll
0x00007ffc07360000 - 0x00007ffc07450000 	C:\Windows\System32\SHCORE.dll
0x00007ffc08670000 - 0x00007ffc086d2000 	C:\Windows\System32\shlwapi.dll
0x00007ffc061b0000 - 0x00007ffc061d9000 	C:\Windows\SYSTEM32\profapi.dll
0x00007ffbd6600000 - 0x00007ffbd6619000 	C:\Program Files\Java\jdk-17\bin\net.dll
0x00007ffbf8ed0000 - 0x00007ffbf8fef000 	C:\Windows\SYSTEM32\WINHTTP.dll
0x00007ffc05590000 - 0x00007ffc055fb000 	C:\Windows\system32\mswsock.dll
0x00007ffbd65a0000 - 0x00007ffbd65b6000 	C:\Program Files\Java\jdk-17\bin\nio.dll
0x00007ffbd64f0000 - 0x00007ffbd6508000 	C:\Program Files\Java\jdk-17\bin\zip.dll
0x00007ffbee6d0000 - 0x00007ffbee6da000 	C:\Program Files\Java\jdk-17\bin\management.dll
0x00007ffbee5f0000 - 0x00007ffbee5fb000 	C:\Program Files\Java\jdk-17\bin\management_ext.dll
0x00007ffbb7be0000 - 0x00007ffbb7bf8000 	C:\Windows\system32\napinsp.dll
0x00007ffbbea00000 - 0x00007ffbbea16000 	C:\Windows\system32\wshbth.dll
0x00007ffbb7b00000 - 0x00007ffbb7b28000 	C:\Windows\system32\nlansp_c.dll
0x00007ffc04ac0000 - 0x00007ffc04be6000 	C:\Windows\SYSTEM32\DNSAPI.dll
0x00007ffc04a30000 - 0x00007ffc04a64000 	C:\Windows\SYSTEM32\IPHLPAPI.DLL
0x00007ffc07a40000 - 0x00007ffc07a4a000 	C:\Windows\System32\NSI.dll
0x00007ffbb7ae0000 - 0x00007ffbb7af2000 	C:\Windows\System32\winrnr.dll
0x00007ffbf8200000 - 0x00007ffbf820b000 	C:\Windows\System32\rasadhlp.dll
0x00007ffc00770000 - 0x00007ffc007f6000 	C:\Windows\System32\fwpuclnt.dll
0x00007ffc05960000 - 0x00007ffc0597b000 	C:\Windows\SYSTEM32\CRYPTSP.dll
0x00007ffc04f90000 - 0x00007ffc04fcb000 	C:\Windows\system32\rsaenh.dll
0x00007ffc05630000 - 0x00007ffc0565b000 	C:\Windows\SYSTEM32\USERENV.dll
0x00007ffc06180000 - 0x00007ffc061a6000 	C:\Windows\SYSTEM32\bcrypt.dll
0x00007ffc057c0000 - 0x00007ffc057cc000 	C:\Windows\SYSTEM32\CRYPTBASE.dll
0x00007ffc00430000 - 0x00007ffc0044e000 	C:\Windows\SYSTEM32\dhcpcsvc6.DLL
0x00007ffc000e0000 - 0x00007ffc00103000 	C:\Windows\SYSTEM32\dhcpcsvc.DLL
0x00007ffbee160000 - 0x00007ffbee16e000 	C:\Program Files\Java\jdk-17\bin\sunmscapi.dll
0x00007ffc06d50000 - 0x00007ffc06ec7000 	C:\Windows\System32\CRYPT32.dll
0x00007ffc05ab0000 - 0x00007ffc05ae0000 	C:\Windows\SYSTEM32\ncrypt.dll
0x00007ffc05a60000 - 0x00007ffc05a9f000 	C:\Windows\SYSTEM32\NTASN1.dll
0x00007ffbeede0000 - 0x00007ffbeedf0000 	C:\Program Files\Java\jdk-17\bin\verify.dll
0x00007ffb585f0000 - 0x00007ffb585f8000 	C:\Windows\system32\wshunix.dll

dbghelp: loaded successfully - version: 4.0.5 - missing functions: none
symbol engine: initialized successfully - sym options: 0x614 - pdb path: .;C:\Program Files\Java\jdk-17\bin;C:\Windows\SYSTEM32;C:\Windows\WinSxS\amd64_microsoft.windows.common-controls_6595b64144ccf1df_6.0.26100.5074_none_3e0d6f78e32fd63f;C:\Program Files\Java\jdk-17\bin\server

VM Arguments:
jvm_args: -XX:+ShowCodeDetailsInExceptionMessages -Dspring.jmx.enabled=true -Dmanagement.endpoints.jmx.exposure.include=* -Dspring.application.admin.enabled=true -Dspring.boot.project.name=com.manamer.sellout.business-sellout -Djava.rmi.server.hostname=localhost -Dcom.sun.management.jmxremote.port=45559 -Dcom.sun.management.jmxremote.authenticate=false -Dcom.sun.management.jmxremote.ssl=false 
java_command: com.manamer.backend.business.sellout.SelloutApplication
java_class_path (initial): C:\Users\Fernanda Jama\OneDrive - Manamer\Documentos\PROYECTOS 2025-2026\sellout1\backend\business\sellout\target\classes;C:\Users\Fernanda Jama\.m2\repository\org\springframework\boot\spring-boot-starter\3.2.4\spring-boot-starter-3.2.4.jar;C:\Users\Fernanda Jama\.m2\repository\org\springframework\boot\spring-boot\3.2.4\spring-boot-3.2.4.jar;C:\Users\Fernanda Jama\.m2\repository\org\springframework\boot\spring-boot-autoconfigure\3.2.4\spring-boot-autoconfigure-3.2.4.jar;C:\Users\Fernanda Jama\.m2\repository\org\springframework\boot\spring-boot-starter-logging\3.2.4\spring-boot-starter-logging-3.2.4.jar;C:\Users\Fernanda Jama\.m2\repository\ch\qos\logback\logback-classic\1.4.14\logback-classic-1.4.14.jar;C:\Users\Fernanda Jama\.m2\repository\ch\qos\logback\logback-core\1.4.14\logback-core-1.4.14.jar;C:\Users\Fernanda Jama\.m2\repository\org\apache\logging\log4j\log4j-to-slf4j\2.23.1\log4j-to-slf4j-2.23.1.jar;C:\Users\Fernanda Jama\.m2\repository\org\slf4j\jul-to-slf4j\2.0.12\jul-to-slf4j-2.0.12.jar;C:\Users\Fernanda Jama\.m2\repository\jakarta\annotation\jakarta.annotation-api\2.1.1\jakarta.annotation-api-2.1.1.jar;C:\Users\Fernanda Jama\.m2\repository\org\springframework\spring-core\6.1.11\spring-core-6.1.11.jar;C:\Users\Fernanda Jama\.m2\repository\org\springframework\spring-jcl\6.1.11\spring-jcl-6.1.11.jar;C:\Users\Fernanda Jama\.m2\repository\org\yaml\snakeyaml\2.2\snakeyaml-2.2.jar;C:\Users\Fernanda Jama\.m2\repository\com\microsoft\sqlserver\mssql-jdbc\12.4.2.jre11\mssql-jdbc-12.4.2.jre11.jar;C:\Users\Fernanda Jama\.m2\repository\org\projectlombok\lombok\1.18.28\lombok-1.18.28.jar;C:\Users\Fernanda Jama\.m2\repository\org\springframework\boot\spring-boot-starter-data-jpa\3.2.4\spring-boot-starter-data-jpa-3.2.4.jar;C:\Users\Fernanda Jama\.m2\repository\org\springframework\boot\spring-boot-starter-aop\3.2.4\spring-boot-starter-aop-3.2.4.jar;C:\Users\Fernanda Jama\.m2\repository\org\aspectj\aspectjweaver\1.9.21\aspectjweaver-1.9.21.ja
Launcher Type: SUN_STANDARD

[Global flags]
     intx CICompilerCount                          = 4                                         {product} {ergonomic}
     uint ConcGCThreads                            = 2                                         {product} {ergonomic}
     uint G1ConcRefinementThreads                  = 8                                         {product} {ergonomic}
   size_t G1HeapRegionSize                         = 8388608                                   {product} {ergonomic}
    uintx GCDrainStackTargetSize                   = 64                                        {product} {ergonomic}
   size_t InitialHeapSize                          = 671088640                                 {product} {ergonomic}
     bool ManagementServer                         = true                                      {product} {command line}
   size_t MarkStackSize                            = 4194304                                   {product} {ergonomic}
   size_t MaxHeapSize                              = 10687086592                               {product} {ergonomic}
   size_t MaxNewSize                               = 6408896512                                {product} {ergonomic}
   size_t MinHeapDeltaBytes                        = 8388608                                   {product} {ergonomic}
   size_t MinHeapSize                              = 8388608                                   {product} {ergonomic}
    uintx NonNMethodCodeHeapSize                   = 5839372                                {pd product} {ergonomic}
    uintx NonProfiledCodeHeapSize                  = 122909434                              {pd product} {ergonomic}
    uintx ProfiledCodeHeapSize                     = 122909434                              {pd product} {ergonomic}
    uintx ReservedCodeCacheSize                    = 251658240                              {pd product} {ergonomic}
     bool SegmentedCodeCache                       = true                                      {product} {ergonomic}
     bool ShowCodeDetailsInExceptionMessages       = true                                   {manageable} {command line}
   size_t SoftMaxHeapSize                          = 10687086592                            {manageable} {ergonomic}
     bool UseCompressedClassPointers               = true                           {product lp64_product} {ergonomic}
     bool UseCompressedOops                        = true                           {product lp64_product} {ergonomic}
     bool UseG1GC                                  = true                                      {product} {ergonomic}
     bool UseLargePagesIndividualAllocation        = false                                  {pd product} {ergonomic}

Logging:
Log output configuration:
 #0: stdout all=warning uptime,level,tags
 #1: stderr all=off uptime,level,tags

Environment Variables:
JAVA_HOME=C:\\Program Files\\Java\\jdk-17
CLASSPATH=C:\Program Files\SAP\SAP Business One DI API\JCO\LIB\sbowrapper.jar;C:\Program Files\SAP\SAP Business One DI API\JCO\LIB\sboapi.jar
PATH=C:\\Program Files\\Java\\jdk-17\\bin;C:\\Users\\Fernanda Jama\\.trae\\tools\\maven\\latest\\bin;C:\\Users\\Fernanda Jama\\.trae\\tools\\gradle\\latest\\bin;C:\Program Files\Java\jdk-17\bin;C:\Users\Fernanda Jama\.trae\tools\maven\latest\bin;C:\Users\Fernanda Jama\.trae\tools\gradle\latest\bin;C:\Python313\Scripts\;C:\Python313\;C:\Program Files\Microsoft MPI\Bin\;C:\Program Files\Common Files\Oracle\Java\javapath;C:\Windows\system32;C:\Windows;C:\Windows\System32\Wbem;C:\Windows\System32\WindowsPowerShell\v1.0\;C:\Windows\System32\OpenSSH\;C:\Program Files\Microsoft SQL Server\Client SDK\ODBC\170\Tools\Binn\;C:\Program Files (x86)\Microsoft SQL Server\150\Tools\Binn\;C:\Program Files\Microsoft SQL Server\150\Tools\Binn\;C:\Program Files\Microsoft SQL Server\150\DTS\Binn\;C:\Program Files (x86)\Microsoft SQL Server\160\DTS\Binn\;C:\Program Files\nodejs\;C:\ProgramData\chocolatey\bin;C:\Program Files\SAP\SAP Business One DI API\JCO\LIB\;C:\Program Files\SAP\SAP Business One DI API\DI API 90;C:\Program Files\SAP\SAP Business One\;C:\Program Files\apache-maven-3.8.8-bin\apache-maven-3.8.8\bin;C:\Program Files\Git\cmd;C:\Users\Fernanda Jama\AppData\Local\Microsoft\WindowsApps;C:\Users\Fernanda Jama\AppData\Local\GitHubDesktop\bin;C:\Users\Fernanda Jama\AppData\Local\Programs\Microsoft VS Code\bin;C:\Users\Fernanda Jama\AppData\Roaming\npm
USERNAME=Fernanda Jama
LANG=en_US.UTF-8
OS=Windows_NT
PROCESSOR_IDENTIFIER=Intel64 Family 6 Model 140 Stepping 1, GenuineIntel



---------------  S Y S T E M  ---------------

OS:
 Windows 11 , 64 bit Build 26100 (10.0.26100.5074)
OS uptime: 1 days 1:55 hours
Hyper-V role detected

CPU: total 8 (initial active 8) (4 cores per cpu, 2 threads per core) family 6 model 140 stepping 1 microcode 0xb8, cx8, cmov, fxsr, ht, mmx, 3dnowpref, sse, sse2, sse3, ssse3, sse4.1, sse4.2, popcnt, lzcnt, tsc, tscinvbit, avx, avx2, aes, erms, clmul, bmi1, bmi2, adx, avx512f, avx512dq, avx512cd, avx512bw, avx512vl, sha, fma, vzeroupper, avx512_vpopcntdq, avx512_vpclmulqdq, avx512_vaes, avx512_vnni, clflush, clflushopt, clwb, avx512_vbmi2, avx512_vbmi, hv

Memory: 4k page, system-wide physical 40743M (1191M free)
TotalPageFile size 101623M (AvailPageFile size 3M)
current process WorkingSet (physical memory assigned to process): 484M, peak: 544M
current process commit charge ("private bytes"): 567M, peak: 799M

vm_info: Java HotSpot(TM) 64-Bit Server VM (17.0.15+9-LTS-241) for windows-amd64 JRE (17.0.15+9-LTS-241), built on Feb 20 2025 10:49:54 by "mach5one" with MS VC++ 17.6 (VS2022)

END.
