#
# There is insufficient memory for the Java Runtime Environment to continue.
# Native memory allocation (malloc) failed to allocate 1113744 bytes for Chunk::new
# Possible reasons:
#   The system is out of physical RAM or swap space
#   The process is running with CompressedOops enabled, and the Java Heap may be blocking the growth of the native heap
# Possible solutions:
#   Reduce memory load on the system
#   Increase physical memory or swap space
#   Check if swap backing store is full
#   Decrease Java heap size (-Xmx/-Xms)
#   Decrease number of Java threads
#   Decrease Java thread stack sizes (-Xss)
#   Set larger code cache with -XX:ReservedCodeCacheSize=
#   JVM is running with Zero Based Compressed Oops mode in which the Java heap is
#     placed in the first 32GB address space. The Java Heap base address is the
#     maximum limit for the native heap growth. Please use -XX:HeapBaseMinAddress
#     to set the Java Heap base and to place the Java Heap above 32GB virtual address.
# This output file may be truncated or incomplete.
#
#  Out of Memory Error (arena.cpp:189), pid=12396, tid=25540
#
# JRE version: Java(TM) SE Runtime Environment (17.0.15+9) (build 17.0.15+9-LTS-241)
# Java VM: Java HotSpot(TM) 64-Bit Server VM (17.0.15+9-LTS-241, mixed mode, sharing, tiered, compressed oops, compressed class ptrs, g1 gc, windows-amd64)
# No core dump will be written. Minidumps are not enabled by default on client versions of Windows
#

---------------  S U M M A R Y ------------

Command Line: -XX:+ShowCodeDetailsInExceptionMessages com.sellout.KeycloakAdapterApplication

Host: 11th Gen Intel(R) Core(TM) i7-1165G7 @ 2.80GHz, 8 cores, 39G,  Windows 11 , 64 bit Build 26100 (10.0.26100.4484)
Time: Wed Jul  9 03:34:31 2025 Hora est. Pacífico, Sudamérica elapsed time: 43042.222039 seconds (0d 11h 57m 22s)

---------------  T H R E A D  ---------------

Current thread (0x00000265feadff90):  JavaThread "C2 CompilerThread0" daemon [_thread_in_native, id=25540, stack(0x0000009b22a00000,0x0000009b22b00000)]


Current CompileTask:
C2:43042223 9725       4       com.fasterxml.jackson.databind.introspect.AnnotatedCreatorCollector::_findPotentialFactories (394 bytes)

Stack: [0x0000009b22a00000,0x0000009b22b00000]
Native frames: (J=compiled Java code, j=interpreted, Vv=VM code, C=native code)
V  [jvm.dll+0x67a46a]
V  [jvm.dll+0x7da6ad]
V  [jvm.dll+0x7dbff3]
V  [jvm.dll+0x7dc663]
V  [jvm.dll+0x24523f]
V  [jvm.dll+0xab763]
V  [jvm.dll+0xabd2c]
V  [jvm.dll+0x361f0e]
V  [jvm.dll+0x32c5e1]
V  [jvm.dll+0x32ba7a]
V  [jvm.dll+0x2169ef]
V  [jvm.dll+0x215e1f]
V  [jvm.dll+0x1a2a00]
V  [jvm.dll+0x2262bb]
V  [jvm.dll+0x22445b]
V  [jvm.dll+0x790acc]
V  [jvm.dll+0x78b0ba]
V  [jvm.dll+0x679355]
C  [ucrtbase.dll+0x37b0]
C  [KERNEL32.DLL+0x2e8d7]
C  [ntdll.dll+0x3c34c]


---------------  P R O C E S S  ---------------

Threads class SMR info:
_java_thread_list=0x00000265ebd9eab0, length=37, elements={
0x00000265feacb010, 0x00000265feacb5d0, 0x00000265feade4b0, 0x00000265feadea70,
0x00000265feadf030, 0x00000265feadf5f0, 0x00000265feadff90, 0x00000265feae2650,
0x00000265feaef070, 0x00000265e61d25d0, 0x00000265e61d7b00, 0x00000265ee1246c0,
0x00000265eccac030, 0x00000265ebb5f090, 0x00000265ebb5f560, 0x00000265ebb608a0,
0x00000265eebd1010, 0x00000265eebd14e0, 0x00000265eebd2350, 0x00000265eebd19b0,
0x00000265eebd4030, 0x00000265eebd2820, 0x00000265eebd1e80, 0x00000265eebd4500,
0x00000265eebd0b40, 0x00000265eebd4ea0, 0x00000265eebd31c0, 0x00000265eebd49d0,
0x00000265eebd5370, 0x00000265eebd66b0, 0x00000265eebd5840, 0x00000265eebd2cf0,
0x00000265eebd5d10, 0x00000265eebd61e0, 0x00000265eebd6b80, 0x00000265eebd7050,
0x00000265eebd7520
}

Java Threads: ( => current thread )
  0x00000265feacb010 JavaThread "Reference Handler" daemon [_thread_blocked, id=23972, stack(0x0000009b22400000,0x0000009b22500000)]
  0x00000265feacb5d0 JavaThread "Finalizer" daemon [_thread_blocked, id=25428, stack(0x0000009b22500000,0x0000009b22600000)]
  0x00000265feade4b0 JavaThread "Signal Dispatcher" daemon [_thread_blocked, id=22560, stack(0x0000009b22600000,0x0000009b22700000)]
  0x00000265feadea70 JavaThread "Attach Listener" daemon [_thread_blocked, id=100, stack(0x0000009b22700000,0x0000009b22800000)]
  0x00000265feadf030 JavaThread "Service Thread" daemon [_thread_blocked, id=8448, stack(0x0000009b22800000,0x0000009b22900000)]
  0x00000265feadf5f0 JavaThread "Monitor Deflation Thread" daemon [_thread_blocked, id=18388, stack(0x0000009b22900000,0x0000009b22a00000)]
=>0x00000265feadff90 JavaThread "C2 CompilerThread0" daemon [_thread_in_native, id=25540, stack(0x0000009b22a00000,0x0000009b22b00000)]
  0x00000265feae2650 JavaThread "C1 CompilerThread0" daemon [_thread_blocked, id=10592, stack(0x0000009b22b00000,0x0000009b22c00000)]
  0x00000265feaef070 JavaThread "Sweeper thread" daemon [_thread_blocked, id=24748, stack(0x0000009b22c00000,0x0000009b22d00000)]
  0x00000265e61d25d0 JavaThread "Notification Thread" daemon [_thread_blocked, id=24736, stack(0x0000009b22d00000,0x0000009b22e00000)]
  0x00000265e61d7b00 JavaThread "Common-Cleaner" daemon [_thread_blocked, id=25084, stack(0x0000009b22f00000,0x0000009b23000000)]
  0x00000265ee1246c0 JavaThread "Catalina-utility-1" [_thread_blocked, id=17260, stack(0x0000009b23d00000,0x0000009b23e00000)]
  0x00000265eccac030 JavaThread "Catalina-utility-2" [_thread_blocked, id=24500, stack(0x0000009b23e00000,0x0000009b23f00000)]
  0x00000265ebb5f090 JavaThread "container-0" [_thread_blocked, id=12836, stack(0x0000009b23f00000,0x0000009b24000000)]
  0x00000265ebb5f560 JavaThread "spring.cloud.inetutils" daemon [_thread_blocked, id=3432, stack(0x0000009b24000000,0x0000009b24100000)]
  0x00000265ebb608a0 JavaThread "File Watcher" daemon [_thread_blocked, id=12340, stack(0x0000009b24100000,0x0000009b24200000)]
  0x00000265eebd1010 JavaThread "AsyncResolver-bootstrap-0" daemon [_thread_blocked, id=25284, stack(0x0000009b24200000,0x0000009b24300000)]
  0x00000265eebd14e0 JavaThread "idle-connection-evictor-1" daemon [_thread_blocked, id=7296, stack(0x0000009b24300000,0x0000009b24400000)]
  0x00000265eebd2350 JavaThread "DiscoveryClient-0" daemon [_thread_blocked, id=320, stack(0x0000009b23a00000,0x0000009b23b00000)]
  0x00000265eebd19b0 JavaThread "DiscoveryClient-1" daemon [_thread_blocked, id=16984, stack(0x0000009b24400000,0x0000009b24500000)]
  0x00000265eebd4030 JavaThread "DiscoveryClient-InstanceInfoReplicator-0" daemon [_thread_blocked, id=11388, stack(0x0000009b24500000,0x0000009b24600000)]
  0x00000265eebd2820 JavaThread "http-nio-8088-exec-1" daemon [_thread_blocked, id=24000, stack(0x0000009b24600000,0x0000009b24700000)]
  0x00000265eebd1e80 JavaThread "http-nio-8088-exec-2" daemon [_thread_blocked, id=1592, stack(0x0000009b24700000,0x0000009b24800000)]
  0x00000265eebd4500 JavaThread "http-nio-8088-exec-3" daemon [_thread_blocked, id=13264, stack(0x0000009b24800000,0x0000009b24900000)]
  0x00000265eebd0b40 JavaThread "http-nio-8088-exec-4" daemon [_thread_blocked, id=23880, stack(0x0000009b24900000,0x0000009b24a00000)]
  0x00000265eebd4ea0 JavaThread "http-nio-8088-exec-5" daemon [_thread_blocked, id=18076, stack(0x0000009b24a00000,0x0000009b24b00000)]
  0x00000265eebd31c0 JavaThread "http-nio-8088-exec-6" daemon [_thread_blocked, id=10456, stack(0x0000009b24b00000,0x0000009b24c00000)]
  0x00000265eebd49d0 JavaThread "http-nio-8088-exec-7" daemon [_thread_blocked, id=24332, stack(0x0000009b24c00000,0x0000009b24d00000)]
  0x00000265eebd5370 JavaThread "http-nio-8088-exec-8" daemon [_thread_blocked, id=12028, stack(0x0000009b24d00000,0x0000009b24e00000)]
  0x00000265eebd66b0 JavaThread "http-nio-8088-exec-9" daemon [_thread_blocked, id=15820, stack(0x0000009b24e00000,0x0000009b24f00000)]
  0x00000265eebd5840 JavaThread "http-nio-8088-exec-10" daemon [_thread_blocked, id=19400, stack(0x0000009b24f00000,0x0000009b25000000)]
  0x00000265eebd2cf0 JavaThread "http-nio-8088-Poller" daemon [_thread_in_native, id=24384, stack(0x0000009b25000000,0x0000009b25100000)]
  0x00000265eebd5d10 JavaThread "http-nio-8088-Acceptor" daemon [_thread_in_native, id=22592, stack(0x0000009b25100000,0x0000009b25200000)]
  0x00000265eebd61e0 JavaThread "DestroyJavaVM" [_thread_blocked, id=24380, stack(0x0000009b21d00000,0x0000009b21e00000)]
  0x00000265eebd6b80 JavaThread "DiscoveryClient-CacheRefreshExecutor-0" daemon [_thread_blocked, id=2744, stack(0x0000009b23200000,0x0000009b23300000)]
  0x00000265eebd7050 JavaThread "DiscoveryClient-HeartbeatExecutor-0" daemon [_thread_blocked, id=25332, stack(0x0000009b25200000,0x0000009b25300000)]
  0x00000265eebd7520 JavaThread "AsyncResolver-bootstrap-executor-0" daemon [_thread_blocked, id=20540, stack(0x0000009b21c00000,0x0000009b21d00000)]

Other Threads:
  0x00000265feac2640 VMThread "VM Thread" [stack: 0x0000009b22300000,0x0000009b22400000] [id=8200]
  0x00000265e61d2eb0 WatcherThread [stack: 0x0000009b22e00000,0x0000009b22f00000] [id=21964]
  0x00000265f2f9ba70 GCTaskThread "GC Thread#0" [stack: 0x0000009b21e00000,0x0000009b21f00000] [id=23244]
  0x00000265eb4c6a90 GCTaskThread "GC Thread#1" [stack: 0x0000009b23300000,0x0000009b23400000] [id=13544]
  0x00000265eb3bda50 GCTaskThread "GC Thread#2" [stack: 0x0000009b23400000,0x0000009b23500000] [id=16080]
  0x00000265eb3ab6e0 GCTaskThread "GC Thread#3" [stack: 0x0000009b23500000,0x0000009b23600000] [id=24940]
  0x00000265eb099c50 GCTaskThread "GC Thread#4" [stack: 0x0000009b23600000,0x0000009b23700000] [id=4516]
  0x00000265eb117430 GCTaskThread "GC Thread#5" [stack: 0x0000009b23700000,0x0000009b23800000] [id=25388]
  0x00000265eb1176f0 GCTaskThread "GC Thread#6" [stack: 0x0000009b23800000,0x0000009b23900000] [id=24016]
  0x00000265eb1179b0 GCTaskThread "GC Thread#7" [stack: 0x0000009b23900000,0x0000009b23a00000] [id=1268]
  0x00000265f2fa6900 ConcurrentGCThread "G1 Main Marker" [stack: 0x0000009b21f00000,0x0000009b22000000] [id=22064]
  0x00000265f2fa7310 ConcurrentGCThread "G1 Conc#0" [stack: 0x0000009b22000000,0x0000009b22100000] [id=12292]
  0x00000265ec8a5280 ConcurrentGCThread "G1 Conc#1" [stack: 0x0000009b23000000,0x0000009b23100000] [id=22968]
  0x00000265fe9f0010 ConcurrentGCThread "G1 Refine#0" [stack: 0x0000009b22100000,0x0000009b22200000] [id=20752]
  0x00000265ebded1b0 ConcurrentGCThread "G1 Refine#1" [stack: 0x0000009b23b00000,0x0000009b23c00000] [id=25556]
  0x00000265fe9f7910 ConcurrentGCThread "G1 Service" [stack: 0x0000009b22200000,0x0000009b22300000] [id=7700]

Threads with active compile tasks:
C2 CompilerThread0  43042273 9725       4       com.fasterxml.jackson.databind.introspect.AnnotatedCreatorCollector::_findPotentialFactories (394 bytes)

VM state: not at safepoint (normal execution)

VM Mutex/Monitor currently owned by a thread: None

Heap address: 0x0000000583000000, size: 10192 MB, Compressed Oops mode: Zero based, Oop shift amount: 3

CDS archive(s) mapped at: [0x00000265a5000000-0x00000265a5bd0000-0x00000265a5bd0000), size 12386304, SharedBaseAddress: 0x00000265a5000000, ArchiveRelocationMode: 1.
Compressed class space mapped at: 0x00000265a6000000-0x00000265e6000000, reserved size: 1073741824
Narrow klass base: 0x00000265a5000000, Narrow klass shift: 0, Narrow klass range: 0x100000000

GC Precious Log:
 CPUs: 8 total, 8 available
 Memory: 40743M
 Large Page Support: Disabled
 NUMA Support: Disabled
 Compressed Oops: Enabled (Zero based)
 Heap Region Size: 8M
 Heap Min Capacity: 8M
 Heap Initial Capacity: 640M
 Heap Max Capacity: 10192M
 Pre-touch: Disabled
 Parallel Workers: 8
 Concurrent Workers: 2
 Concurrent Refinement Workers: 8
 Periodic GC: Disabled

Heap:
 garbage-first heap   total 81920K, used 40039K [0x0000000583000000, 0x0000000800000000)
  region size 8192K, 3 young (24576K), 1 survivors (8192K)
 Metaspace       used 45244K, committed 45824K, reserved 1114112K
  class space    used 5545K, committed 5824K, reserved 1048576K

Heap Regions: E=young(eden), S=young(survivor), O=old, HS=humongous(starts), HC=humongous(continues), CS=collection set, F=free, OA=open archive, CA=closed archive, TAMS=top-at-mark-start (previous, next)
|   0|0x0000000583000000, 0x0000000583692c00, 0x0000000583800000| 82%| O|  |TAMS 0x0000000583000000, 0x0000000583000000| Untracked 
|   1|0x0000000583800000, 0x0000000584000000, 0x0000000584000000|100%| O|  |TAMS 0x0000000584000000, 0x0000000583800000| Untracked 
|   2|0x0000000584000000, 0x0000000584800000, 0x0000000584800000|100%| O|  |TAMS 0x0000000584800000, 0x0000000584000000| Untracked 
|   3|0x0000000584800000, 0x0000000584800000, 0x0000000585000000|  0%| F|  |TAMS 0x0000000584800000, 0x0000000584800000| Untracked 
|   4|0x0000000585000000, 0x0000000585800000, 0x0000000585800000|100%| O|  |TAMS 0x00000005855dd800, 0x0000000585000000| Untracked 
|   5|0x0000000585800000, 0x0000000585800000, 0x0000000586000000|  0%| F|  |TAMS 0x0000000585800000, 0x0000000585800000| Untracked 
|   6|0x0000000586000000, 0x0000000586087288, 0x0000000586800000|  6%| S|CS|TAMS 0x0000000586000000, 0x0000000586000000| Complete 
|   7|0x0000000586800000, 0x0000000586800000, 0x0000000587000000|  0%| F|  |TAMS 0x0000000586800000, 0x0000000586800000| Untracked 
|  74|0x00000005a8000000, 0x00000005a81432a8, 0x00000005a8800000| 15%| E|  |TAMS 0x00000005a8000000, 0x00000005a8000000| Complete 
|  79|0x00000005aa800000, 0x00000005ab000000, 0x00000005ab000000|100%| E|CS|TAMS 0x00000005aa800000, 0x00000005aa800000| Complete 

Card table byte_map: [0x00000265fbf00000,0x00000265fd2f0000] _byte_map_base: 0x00000265f92e8000

Marking Bits (Prev, Next): (CMBitMap*) 0x00000265f2f9c090, (CMBitMap*) 0x00000265f2f9c0d0
 Prev Bits: [0x000002658f000000, 0x0000026598f40000)
 Next Bits: [0x0000026598f40000, 0x00000265a2e80000)

Polling page: 0x00000265f1070000

Metaspace:

Usage:
  Non-class:     38.77 MB used.
      Class:      5.42 MB used.
       Both:     44.18 MB used.

Virtual space:
  Non-class space:       64.00 MB reserved,      39.06 MB ( 61%) committed,  1 nodes.
      Class space:        1.00 GB reserved,       5.69 MB ( <1%) committed,  1 nodes.
             Both:        1.06 GB reserved,      44.75 MB (  4%) committed. 

Chunk freelists:
   Non-Class:  8.53 MB
       Class:  10.17 MB
        Both:  18.70 MB

MaxMetaspaceSize: unlimited
CompressedClassSpaceSize: 1.00 GB
Initial GC threshold: 21.00 MB
Current GC threshold: 59.06 MB
CDS: on
MetaspaceReclaimPolicy: balanced
 - commit_granule_bytes: 65536.
 - commit_granule_words: 8192.
 - virtual_space_node_default_size: 8388608.
 - enlarge_chunks_in_place: 1.
 - new_chunks_are_fully_committed: 0.
 - uncommit_free_chunks: 1.
 - use_allocation_guard: 0.
 - handle_deallocations: 1.


Internal statistics:

num_allocs_failed_limit: 6.
num_arena_births: 690.
num_arena_deaths: 0.
num_vsnodes_births: 2.
num_vsnodes_deaths: 0.
num_space_committed: 716.
num_space_uncommitted: 0.
num_chunks_returned_to_freelist: 6.
num_chunks_taken_from_freelist: 2333.
num_chunk_merges: 6.
num_chunk_splits: 1563.
num_chunks_enlarged: 1111.
num_inconsistent_stats: 0.

CodeHeap 'non-profiled nmethods': size=120000Kb used=6356Kb max_used=6356Kb free=113644Kb
 bounds [0x0000026587ad0000, 0x0000026588110000, 0x000002658f000000]
CodeHeap 'profiled nmethods': size=120000Kb used=16688Kb max_used=18360Kb free=103311Kb
 bounds [0x0000026580000000, 0x00000265811f0000, 0x0000026587530000]
CodeHeap 'non-nmethods': size=5760Kb used=1279Kb max_used=1333Kb free=4480Kb
 bounds [0x0000026587530000, 0x00000265877a0000, 0x0000026587ad0000]
 total_blobs=8708 nmethods=8123 adapters=497
 compilation: enabled
              stopped_count=0, restarted_count=0
 full_count=0

Compilation events (20 events):
Event: 42831.015 Thread 0x00000265feadff90 nmethod 9716 0x00000265880fe110 code [0x00000265880fe320, 0x00000265880ff118]
Event: 42921.041 Thread 0x00000265feadff90 9717       4       org.springframework.util.MultiValueMapAdapter::addAll (29 bytes)
Event: 42921.087 Thread 0x00000265feadff90 nmethod 9717 0x00000265880ffb10 code [0x00000265880ffd40, 0x0000026588101998]
Event: 42951.065 Thread 0x00000265feadff90 9718       4       org.apache.hc.client5.http.protocol.HttpClientContext::getAuthExchange (39 bytes)
Event: 42951.093 Thread 0x00000265feadff90 nmethod 9718 0x0000026588102790 code [0x0000026588102a00, 0x0000026588103e50]
Event: 43011.112 Thread 0x00000265feadff90 9719       4       org.springframework.http.client.HttpComponentsClientHttpRequest$$Lambda$1054/0x00000265a6557938::accept (16 bytes)
Event: 43011.113 Thread 0x00000265feadff90 nmethod 9719 0x0000026588104c10 code [0x0000026588104da0, 0x0000026588104ec8]
Event: 43041.136 Thread 0x00000265feae2650 9720       3       com.netflix.servo.jmx.ObjectNameBuilder::addProperties (37 bytes)
Event: 43041.138 Thread 0x00000265feae2650 nmethod 9720 0x0000026580195b90 code [0x0000026580195e40, 0x0000026580196a48]
Event: 43041.138 Thread 0x00000265feae2650 9721       3       com.netflix.servo.annotations.DataSourceType::getValue (5 bytes)
Event: 43041.138 Thread 0x00000265feae2650 nmethod 9721 0x00000265807d7610 code [0x00000265807d77a0, 0x00000265807d78b8]
Event: 43041.138 Thread 0x00000265feae2650 9722   !   3       com.netflix.servo.jmx.ObjectNameBuilder::build (60 bytes)
Event: 43041.141 Thread 0x00000265feae2650 nmethod 9722 0x000002658085e890 code [0x000002658085eb00, 0x000002658085f3a8]
Event: 43041.141 Thread 0x00000265feae2650 9723       3       java.lang.reflect.Constructor::getFactory (9 bytes)
Event: 43041.142 Thread 0x00000265feadff90 9725       4       com.fasterxml.jackson.databind.introspect.AnnotatedCreatorCollector::_findPotentialFactories (394 bytes)
Event: 43041.143 Thread 0x00000265feae2650 nmethod 9723 0x0000026580b4aa90 code [0x0000026580b4ac60, 0x0000026580b4b1f8]
Event: 43041.143 Thread 0x00000265feae2650 9724       3       sun.reflect.generics.scope.ConstructorScope::make (9 bytes)
Event: 43041.144 Thread 0x00000265feae2650 nmethod 9724 0x000002658088c710 code [0x000002658088c8c0, 0x000002658088cb98]
Event: 43041.144 Thread 0x00000265feae2650 9726       3       java.util.LinkedList::addAll (182 bytes)
Event: 43041.146 Thread 0x00000265feae2650 nmethod 9726 0x000002658029af10 code [0x000002658029b160, 0x000002658029bcd8]

GC Heap History (20 events):
Event: 34507.724 GC heap before
{Heap before GC invocations=51 (full 0):
 garbage-first heap   total 81920K, used 56347K [0x0000000583000000, 0x0000000800000000)
  region size 8192K, 4 young (32768K), 1 survivors (8192K)
 Metaspace       used 45181K, committed 45696K, reserved 1114112K
  class space    used 5544K, committed 5824K, reserved 1048576K
}
Event: 34507.729 GC heap after
{Heap after GC invocations=52 (full 0):
 garbage-first heap   total 81920K, used 31777K [0x0000000583000000, 0x0000000800000000)
  region size 8192K, 1 young (8192K), 1 survivors (8192K)
 Metaspace       used 45181K, committed 45696K, reserved 1114112K
  class space    used 5544K, committed 5824K, reserved 1048576K
}
Event: 35432.184 GC heap before
{Heap before GC invocations=52 (full 0):
 garbage-first heap   total 81920K, used 56353K [0x0000000583000000, 0x0000000800000000)
  region size 8192K, 4 young (32768K), 1 survivors (8192K)
 Metaspace       used 45185K, committed 45696K, reserved 1114112K
  class space    used 5544K, committed 5824K, reserved 1048576K
}
Event: 35432.186 GC heap after
{Heap after GC invocations=53 (full 0):
 garbage-first heap   total 81920K, used 31792K [0x0000000583000000, 0x0000000800000000)
  region size 8192K, 1 young (8192K), 1 survivors (8192K)
 Metaspace       used 45185K, committed 45696K, reserved 1114112K
  class space    used 5544K, committed 5824K, reserved 1048576K
}
Event: 36361.157 GC heap before
{Heap before GC invocations=53 (full 0):
 garbage-first heap   total 81920K, used 56368K [0x0000000583000000, 0x0000000800000000)
  region size 8192K, 4 young (32768K), 1 survivors (8192K)
 Metaspace       used 45190K, committed 45696K, reserved 1114112K
  class space    used 5544K, committed 5824K, reserved 1048576K
}
Event: 36361.161 GC heap after
{Heap after GC invocations=54 (full 0):
 garbage-first heap   total 81920K, used 31796K [0x0000000583000000, 0x0000000800000000)
  region size 8192K, 1 young (8192K), 1 survivors (8192K)
 Metaspace       used 45190K, committed 45696K, reserved 1114112K
  class space    used 5544K, committed 5824K, reserved 1048576K
}
Event: 37246.326 GC heap before
{Heap before GC invocations=54 (full 0):
 garbage-first heap   total 81920K, used 56372K [0x0000000583000000, 0x0000000800000000)
  region size 8192K, 4 young (32768K), 1 survivors (8192K)
 Metaspace       used 45211K, committed 45824K, reserved 1114112K
  class space    used 5544K, committed 5824K, reserved 1048576K
}
Event: 37246.330 GC heap after
{Heap after GC invocations=55 (full 0):
 garbage-first heap   total 81920K, used 31813K [0x0000000583000000, 0x0000000800000000)
  region size 8192K, 1 young (8192K), 1 survivors (8192K)
 Metaspace       used 45211K, committed 45824K, reserved 1114112K
  class space    used 5544K, committed 5824K, reserved 1048576K
}
Event: 38142.892 GC heap before
{Heap before GC invocations=55 (full 0):
 garbage-first heap   total 81920K, used 56389K [0x0000000583000000, 0x0000000800000000)
  region size 8192K, 4 young (32768K), 1 survivors (8192K)
 Metaspace       used 45228K, committed 45824K, reserved 1114112K
  class space    used 5544K, committed 5824K, reserved 1048576K
}
Event: 38142.894 GC heap after
{Heap after GC invocations=56 (full 0):
 garbage-first heap   total 81920K, used 31799K [0x0000000583000000, 0x0000000800000000)
  region size 8192K, 1 young (8192K), 1 survivors (8192K)
 Metaspace       used 45228K, committed 45824K, reserved 1114112K
  class space    used 5544K, committed 5824K, reserved 1048576K
}
Event: 39062.556 GC heap before
{Heap before GC invocations=56 (full 0):
 garbage-first heap   total 81920K, used 56375K [0x0000000583000000, 0x0000000800000000)
  region size 8192K, 4 young (32768K), 1 survivors (8192K)
 Metaspace       used 45230K, committed 45824K, reserved 1114112K
  class space    used 5544K, committed 5824K, reserved 1048576K
}
Event: 39062.560 GC heap after
{Heap after GC invocations=57 (full 0):
 garbage-first heap   total 81920K, used 31793K [0x0000000583000000, 0x0000000800000000)
  region size 8192K, 1 young (8192K), 1 survivors (8192K)
 Metaspace       used 45230K, committed 45824K, reserved 1114112K
  class space    used 5544K, committed 5824K, reserved 1048576K
}
Event: 39978.576 GC heap before
{Heap before GC invocations=57 (full 0):
 garbage-first heap   total 81920K, used 56369K [0x0000000583000000, 0x0000000800000000)
  region size 8192K, 4 young (32768K), 1 survivors (8192K)
 Metaspace       used 45233K, committed 45824K, reserved 1114112K
  class space    used 5545K, committed 5824K, reserved 1048576K
}
Event: 39978.579 GC heap after
{Heap after GC invocations=58 (full 0):
 garbage-first heap   total 81920K, used 31825K [0x0000000583000000, 0x0000000800000000)
  region size 8192K, 1 young (8192K), 1 survivors (8192K)
 Metaspace       used 45233K, committed 45824K, reserved 1114112K
  class space    used 5545K, committed 5824K, reserved 1048576K
}
Event: 40869.410 GC heap before
{Heap before GC invocations=58 (full 0):
 garbage-first heap   total 81920K, used 56401K [0x0000000583000000, 0x0000000800000000)
  region size 8192K, 4 young (32768K), 1 survivors (8192K)
 Metaspace       used 45236K, committed 45824K, reserved 1114112K
  class space    used 5545K, committed 5824K, reserved 1048576K
}
Event: 40869.412 GC heap after
{Heap after GC invocations=59 (full 0):
 garbage-first heap   total 81920K, used 31817K [0x0000000583000000, 0x0000000800000000)
  region size 8192K, 1 young (8192K), 1 survivors (8192K)
 Metaspace       used 45236K, committed 45824K, reserved 1114112K
  class space    used 5545K, committed 5824K, reserved 1048576K
}
Event: 41792.237 GC heap before
{Heap before GC invocations=59 (full 0):
 garbage-first heap   total 81920K, used 56393K [0x0000000583000000, 0x0000000800000000)
  region size 8192K, 4 young (32768K), 1 survivors (8192K)
 Metaspace       used 45238K, committed 45824K, reserved 1114112K
  class space    used 5545K, committed 5824K, reserved 1048576K
}
Event: 41792.239 GC heap after
{Heap after GC invocations=60 (full 0):
 garbage-first heap   total 81920K, used 31846K [0x0000000583000000, 0x0000000800000000)
  region size 8192K, 1 young (8192K), 1 survivors (8192K)
 Metaspace       used 45238K, committed 45824K, reserved 1114112K
  class space    used 5545K, committed 5824K, reserved 1048576K
}
Event: 42710.864 GC heap before
{Heap before GC invocations=60 (full 0):
 garbage-first heap   total 81920K, used 56422K [0x0000000583000000, 0x0000000800000000)
  region size 8192K, 4 young (32768K), 1 survivors (8192K)
 Metaspace       used 45242K, committed 45824K, reserved 1114112K
  class space    used 5545K, committed 5824K, reserved 1048576K
}
Event: 42710.867 GC heap after
{Heap after GC invocations=61 (full 0):
 garbage-first heap   total 81920K, used 31847K [0x0000000583000000, 0x0000000800000000)
  region size 8192K, 1 young (8192K), 1 survivors (8192K)
 Metaspace       used 45242K, committed 45824K, reserved 1114112K
  class space    used 5545K, committed 5824K, reserved 1048576K
}

Deoptimization events (20 events):
Event: 41689.374 Thread 0x00000265ebb608a0 Uncommon trap: trap_request=0xffffff45 fr.pc=0x0000026587efb348 relative=0x0000000000001508
Event: 41689.375 Thread 0x00000265ebb608a0 Uncommon trap: reason=unstable_if action=reinterpret pc=0x0000026587efb348 method=org.springframework.boot.devtools.filewatch.FileSystemWatcher$Watcher.isDifferent(Ljava/util/Map;Ljava/util/Map;)Z @ 95 c2
Event: 41689.376 Thread 0x00000265ebb608a0 DEOPT PACKING pc=0x0000026587efb348 sp=0x0000009b241ff0b0
Event: 41689.376 Thread 0x00000265ebb608a0 DEOPT UNPACKING pc=0x0000026587585ba3 sp=0x0000009b241ff098 mode 2
Event: 41689.376 Thread 0x00000265ebb608a0 Uncommon trap: trap_request=0xffffff45 fr.pc=0x0000026587f54398 relative=0x00000000000000d8
Event: 41689.376 Thread 0x00000265ebb608a0 Uncommon trap: reason=unstable_if action=reinterpret pc=0x0000026587f54398 method=org.springframework.boot.devtools.filewatch.FileSystemWatcher$Watcher.scan()V @ 37 c2
Event: 41689.376 Thread 0x00000265ebb608a0 DEOPT PACKING pc=0x0000026587f54398 sp=0x0000009b241ff160
Event: 41689.376 Thread 0x00000265ebb608a0 DEOPT UNPACKING pc=0x0000026587585ba3 sp=0x0000009b241ff0f0 mode 2
Event: 41689.807 Thread 0x00000265ebb608a0 Uncommon trap: trap_request=0xffffff45 fr.pc=0x0000026587ebd088 relative=0x0000000000000168
Event: 41689.807 Thread 0x00000265ebb608a0 Uncommon trap: reason=unstable_if action=reinterpret pc=0x0000026587ebd088 method=java.util.AbstractSet.equals(Ljava/lang/Object;)Z @ 31 c2
Event: 41689.807 Thread 0x00000265ebb608a0 DEOPT PACKING pc=0x0000026587ebd088 sp=0x0000009b241feeb0
Event: 41689.809 Thread 0x00000265ebb608a0 DEOPT UNPACKING pc=0x0000026587585ba3 sp=0x0000009b241fee48 mode 2
Event: 41884.721 Thread 0x00000265ebb608a0 Uncommon trap: trap_request=0xffffff45 fr.pc=0x0000026587c7d518 relative=0x00000000000006b8
Event: 41884.721 Thread 0x00000265ebb608a0 Uncommon trap: reason=unstable_if action=reinterpret pc=0x0000026587c7d518 method=java.io.File.normalizedList()[Ljava/lang/String; @ 34 c2
Event: 41884.721 Thread 0x00000265ebb608a0 DEOPT PACKING pc=0x0000026587c7d518 sp=0x0000009b241fef30
Event: 41884.721 Thread 0x00000265ebb608a0 DEOPT UNPACKING pc=0x0000026587585ba3 sp=0x0000009b241fee88 mode 2
Event: 41885.953 Thread 0x00000265ebb608a0 Uncommon trap: trap_request=0xffffff45 fr.pc=0x0000026587e9b344 relative=0x00000000000005c4
Event: 41885.953 Thread 0x00000265ebb608a0 Uncommon trap: reason=unstable_if action=reinterpret pc=0x0000026587e9b344 method=java.util.AbstractCollection.containsAll(Ljava/util/Collection;)Z @ 28 c2
Event: 41885.953 Thread 0x00000265ebb608a0 DEOPT PACKING pc=0x0000026587e9b344 sp=0x0000009b241feef0
Event: 41885.953 Thread 0x00000265ebb608a0 DEOPT UNPACKING pc=0x0000026587585ba3 sp=0x0000009b241fee90 mode 2

Classes unloaded (0 events):
No events

Classes redefined (0 events):
No events

Internal exceptions (20 events):
Event: 11.459 Thread 0x00000265eb053b40 Exception <a 'java/net/SocketException'{0x0000000586bc6050}: Socket is not connected: shutdown> (0x0000000586bc6050) 
thrown [s\open\src\hotspot\share\prims\jni.cpp, line 535]
Event: 11.945 Thread 0x00000265eb053b40 Implicit null exception at 0x0000026587b6695a to 0x0000026587b6857c
Event: 12.152 Thread 0x00000265e61d25d0 Exception <a 'java/lang/NoSuchMethodError'{0x00000005aa81f9e8}: 'long java.lang.invoke.DirectMethodHandle$Holder.invokeStatic(java.lang.Object, java.lang.Object, java.lang.Object)'> (0x00000005aa81f9e8) 
thrown [s\open\src\hotspot\share\interpreter\linkResolver.cpp, line 759]
Event: 12.331 Thread 0x00000265eb053b40 Exception <a 'java/lang/NoSuchMethodError'{0x00000005aa97f178}: 'void java.lang.invoke.DirectMethodHandle$Holder.invokeStatic(java.lang.Object, java.lang.Object, double)'> (0x00000005aa97f178) 
thrown [s\open\src\hotspot\share\interpreter\linkResolver.cpp, line 759]
Event: 12.356 Thread 0x00000265eb053b40 Exception <a 'java/lang/NoSuchMethodError'{0x00000005aa9dbe88}: 'double java.lang.invoke.DirectMethodHandle$Holder.invokeStatic(java.lang.Object, java.lang.Object, java.lang.Object)'> (0x00000005aa9dbe88) 
thrown [s\open\src\hotspot\share\interpreter\linkResolver.cpp, line 759]
Event: 12.419 Thread 0x00000265eb053b40 Exception <a 'java/lang/NoSuchMethodError'{0x00000005aaa4ebf0}: 'java.lang.Object java.lang.invoke.DirectMethodHandle$Holder.newInvokeSpecial(java.lang.Object, java.lang.Object, int, java.lang.Object, java.lang.Object)'> (0x00000005aaa4ebf0) 
thrown [s\open\src\hotspot\share\interpreter\linkResolver.cpp, line 759]
Event: 12.749 Thread 0x00000265eb053b40 Exception <a 'java/lang/IncompatibleClassChangeError'{0x00000005aaa16f78}: Found class java.lang.Object, but interface was expected> (0x00000005aaa16f78) 
thrown [s\open\src\hotspot\share\interpreter\linkResolver.cpp, line 826]
Event: 12.882 Thread 0x00000265eb053b40 Implicit null exception at 0x0000026587c4db93 to 0x0000026587c4e368
Event: 13.106 Thread 0x00000265eb053b40 Exception <a 'sun/nio/fs/WindowsException'{0x00000005aad7e4f8}> (0x00000005aad7e4f8) 
thrown [s\open\src\hotspot\share\prims\jni.cpp, line 516]
Event: 975.201 Thread 0x00000265eebd6b80 Exception <a 'java/net/SocketException'{0x00000005a82663d0}: Connection reset by peer: shutdown> (0x00000005a82663d0) 
thrown [s\open\src\hotspot\share\prims\jni.cpp, line 535]
Event: 1813.502 Thread 0x00000265eebd14e0 Exception <a 'java/lang/NoSuchMethodError'{0x00000005860b8ba0}: 'void java.lang.invoke.DirectMethodHandle$Holder.invokeStatic(java.lang.Object, long, java.lang.Object)'> (0x00000005860b8ba0) 
thrown [s\open\src\hotspot\share\interpreter\linkResolver.cpp, line 759]
Event: 1813.503 Thread 0x00000265eebd14e0 Exception <a 'java/lang/NoSuchMethodError'{0x00000005860bea18}: 'java.lang.Object java.lang.invoke.DirectMethodHandle$Holder.newInvokeSpecial(java.lang.Object, long)'> (0x00000005860bea18) 
thrown [s\open\src\hotspot\share\interpreter\linkResolver.cpp, line 759]
Event: 5391.406 Thread 0x00000265eccac030 Implicit null exception at 0x0000026587f4d394 to 0x0000026587f4d640
Event: 5392.407 Thread 0x00000265eccac030 Implicit null exception at 0x0000026587f4d394 to 0x0000026587f4d640
Event: 5393.417 Thread 0x00000265eccac030 Implicit null exception at 0x0000026587f4d394 to 0x0000026587f4d640
Event: 5394.412 Thread 0x00000265eccac030 Implicit null exception at 0x0000026587f4d394 to 0x0000026587f4d640
Event: 5395.411 Thread 0x00000265ee1246c0 Implicit null exception at 0x0000026587f4dc91 to 0x0000026587f4df38
Event: 12054.779 Thread 0x00000265eebd6b80 Implicit null exception at 0x0000026587d36353 to 0x0000026587d36c58
Event: 41688.957 Thread 0x00000265ebb608a0 Implicit null exception at 0x0000026587ea5db7 to 0x0000026587ea8aa4
Event: 41884.721 Thread 0x00000265ebb608a0 Implicit null exception at 0x0000026587c7d005 to 0x0000026587c7d508

VM Operations (20 events):
Event: 41898.345 Executing VM operation: Cleanup
Event: 41898.345 Executing VM operation: Cleanup done
Event: 41914.497 Executing VM operation: Cleanup
Event: 41914.497 Executing VM operation: Cleanup done
Event: 42110.573 Executing VM operation: Cleanup
Event: 42110.573 Executing VM operation: Cleanup done
Event: 42320.838 Executing VM operation: Cleanup
Event: 42320.838 Executing VM operation: Cleanup done
Event: 42471.326 Executing VM operation: Cleanup
Event: 42471.326 Executing VM operation: Cleanup done
Event: 42620.956 Executing VM operation: Cleanup
Event: 42620.957 Executing VM operation: Cleanup done
Event: 42710.864 Executing VM operation: G1CollectForAllocation
Event: 42710.867 Executing VM operation: G1CollectForAllocation done
Event: 42711.877 Executing VM operation: Cleanup
Event: 42711.877 Executing VM operation: Cleanup done
Event: 42951.635 Executing VM operation: Cleanup
Event: 42951.636 Executing VM operation: Cleanup done
Event: 43041.672 Executing VM operation: Cleanup
Event: 43041.672 Executing VM operation: Cleanup done

Events (20 events):
Event: 23914.904 Thread 0x00000265feaef070 flushing nmethod 0x0000026580c54010
Event: 23914.904 Thread 0x00000265feaef070 flushing nmethod 0x0000026580c55190
Event: 23914.904 Thread 0x00000265feaef070 flushing nmethod 0x0000026580c62990
Event: 23914.904 Thread 0x00000265feaef070 flushing nmethod 0x0000026580c84090
Event: 23914.904 Thread 0x00000265feaef070 flushing nmethod 0x0000026580ca4710
Event: 23914.904 Thread 0x00000265feaef070 flushing nmethod 0x0000026580cab010
Event: 23914.904 Thread 0x00000265feaef070 flushing nmethod 0x0000026580cab410
Event: 23914.904 Thread 0x00000265feaef070 flushing nmethod 0x0000026580cb9a10
Event: 23914.904 Thread 0x00000265feaef070 flushing nmethod 0x0000026580ce3890
Event: 23914.905 Thread 0x00000265feaef070 flushing nmethod 0x0000026580d2cf10
Event: 23914.905 Thread 0x00000265feaef070 flushing nmethod 0x0000026580d32790
Event: 23914.905 Thread 0x00000265feaef070 flushing nmethod 0x0000026580d45890
Event: 23914.905 Thread 0x00000265feaef070 flushing nmethod 0x0000026580dc3910
Event: 23914.905 Thread 0x00000265feaef070 flushing nmethod 0x0000026580e1b490
Event: 23914.906 Thread 0x00000265feaef070 flushing nmethod 0x0000026580f29490
Event: 23914.906 Thread 0x00000265feaef070 flushing nmethod 0x0000026580f44990
Event: 23914.907 Thread 0x00000265feaef070 flushing nmethod 0x0000026580fc0690
Event: 23914.907 Thread 0x00000265feaef070 flushing nmethod 0x0000026580fc0a10
Event: 39378.103 Thread 0x00000265edbdbae0 Thread added: 0x00000265edbdbae0
Event: 39383.116 Thread 0x00000265edbdbae0 Thread exited: 0x00000265edbdbae0


Dynamic libraries:
0x00007ff7af9a0000 - 0x00007ff7af9b0000 	C:\Program Files\Java\jdk-17\bin\java.exe
0x00007fffa2880000 - 0x00007fffa2ae8000 	C:\Windows\SYSTEM32\ntdll.dll
0x00007fffa0860000 - 0x00007fffa0929000 	C:\Windows\System32\KERNEL32.DLL
0x00007fff9fe60000 - 0x00007fffa024d000 	C:\Windows\System32\KERNELBASE.dll
0x00007fff9fbd0000 - 0x00007fff9fd1b000 	C:\Windows\System32\ucrtbase.dll
0x00007fff881d0000 - 0x00007fff881e9000 	C:\Program Files\Java\jdk-17\bin\jli.dll
0x00007fffa2230000 - 0x00007fffa22e4000 	C:\Windows\System32\ADVAPI32.dll
0x00007fffa0620000 - 0x00007fffa06c9000 	C:\Windows\System32\msvcrt.dll
0x00007fffa20f0000 - 0x00007fffa2196000 	C:\Windows\System32\sechost.dll
0x00007fff873a0000 - 0x00007fff873bb000 	C:\Program Files\Java\jdk-17\bin\VCRUNTIME140.dll
0x00007fffa0980000 - 0x00007fffa0a98000 	C:\Windows\System32\RPCRT4.dll
0x00007fffa2580000 - 0x00007fffa274c000 	C:\Windows\System32\USER32.dll
0x00007fffa0470000 - 0x00007fffa0497000 	C:\Windows\System32\win32u.dll
0x00007fffa2800000 - 0x00007fffa282b000 	C:\Windows\System32\GDI32.dll
0x00007fff9fd20000 - 0x00007fff9fe57000 	C:\Windows\System32\gdi32full.dll
0x00007fff9fb20000 - 0x00007fff9fbc3000 	C:\Windows\System32\msvcp_win.dll
0x00007fff82d20000 - 0x00007fff82fba000 	C:\Windows\WinSxS\amd64_microsoft.windows.common-controls_6595b64144ccf1df_6.0.26100.4484_none_3e0e6d4ce32ef3b3\COMCTL32.dll
0x00007fff8a7e0000 - 0x00007fff8a7eb000 	C:\Windows\SYSTEM32\VERSION.dll
0x00007fffa07c0000 - 0x00007fffa07ef000 	C:\Windows\System32\IMM32.DLL
0x00007fff88ba0000 - 0x00007fff88bac000 	C:\Program Files\Java\jdk-17\bin\vcruntime140_1.dll
0x00007fff57950000 - 0x00007fff579de000 	C:\Program Files\Java\jdk-17\bin\msvcp140.dll
0x00007ffeb1750000 - 0x00007ffeb2331000 	C:\Program Files\Java\jdk-17\bin\server\jvm.dll
0x00007fffa21a0000 - 0x00007fffa21a8000 	C:\Windows\System32\PSAPI.DLL
0x00007fff48360000 - 0x00007fff4836a000 	C:\Windows\SYSTEM32\WSOCK32.dll
0x00007fff88d40000 - 0x00007fff88d75000 	C:\Windows\SYSTEM32\WINMM.dll
0x00007fffa1290000 - 0x00007fffa1304000 	C:\Windows\System32\WS2_32.dll
0x00007fff9e740000 - 0x00007fff9e75b000 	C:\Windows\SYSTEM32\kernel.appcore.dll
0x00007fff88b20000 - 0x00007fff88b2a000 	C:\Program Files\Java\jdk-17\bin\jimage.dll
0x00007fff9cf10000 - 0x00007fff9d151000 	C:\Windows\SYSTEM32\DBGHELP.DLL
0x00007fffa1d60000 - 0x00007fffa20e6000 	C:\Windows\System32\combase.dll
0x00007fffa06d0000 - 0x00007fffa07b0000 	C:\Windows\System32\OLEAUT32.dll
0x00007fff63db0000 - 0x00007fff63df3000 	C:\Windows\SYSTEM32\dbgcore.DLL
0x00007fffa03d0000 - 0x00007fffa0469000 	C:\Windows\System32\bcryptPrimitives.dll
0x00007fff872d0000 - 0x00007fff872f5000 	C:\Program Files\Java\jdk-17\bin\java.dll
0x00007fff3c7c0000 - 0x00007fff3c897000 	C:\Program Files\Java\jdk-17\bin\jsvml.dll
0x00007fffa0b10000 - 0x00007fffa125a000 	C:\Windows\System32\SHELL32.dll
0x00007fffa0250000 - 0x00007fffa03c4000 	C:\Windows\System32\wintypes.dll
0x00007fff9d5e0000 - 0x00007fff9de3b000 	C:\Windows\SYSTEM32\windows.storage.dll
0x00007fffa1310000 - 0x00007fffa1405000 	C:\Windows\System32\SHCORE.dll
0x00007fffa0aa0000 - 0x00007fffa0b0a000 	C:\Windows\System32\shlwapi.dll
0x00007fff9f8e0000 - 0x00007fff9f90f000 	C:\Windows\SYSTEM32\profapi.dll
0x00007fff87150000 - 0x00007fff87169000 	C:\Program Files\Java\jdk-17\bin\net.dll
0x00007fff8e700000 - 0x00007fff8e81e000 	C:\Windows\SYSTEM32\WINHTTP.dll
0x00007fff9eca0000 - 0x00007fff9ed0a000 	C:\Windows\system32\mswsock.dll
0x00007fff7dc50000 - 0x00007fff7dc66000 	C:\Program Files\Java\jdk-17\bin\nio.dll
0x00007fff7d990000 - 0x00007fff7d9a8000 	C:\Program Files\Java\jdk-17\bin\zip.dll
0x00007fff88800000 - 0x00007fff8880a000 	C:\Program Files\Java\jdk-17\bin\management.dll
0x00007fff87390000 - 0x00007fff8739b000 	C:\Program Files\Java\jdk-17\bin\management_ext.dll
0x00007fff9e1a0000 - 0x00007fff9e1d3000 	C:\Windows\SYSTEM32\IPHLPAPI.DLL
0x00007fffa1cd0000 - 0x00007fffa1cda000 	C:\Windows\System32\NSI.dll
0x00007fff94330000 - 0x00007fff9434f000 	C:\Windows\SYSTEM32\dhcpcsvc6.DLL
0x00007fff93e10000 - 0x00007fff93e35000 	C:\Windows\SYSTEM32\dhcpcsvc.DLL
0x00007fff9e1e0000 - 0x00007fff9e306000 	C:\Windows\SYSTEM32\DNSAPI.dll
0x00007fff8cf10000 - 0x00007fff8cf1b000 	C:\Windows\System32\rasadhlp.dll
0x00007fff991d0000 - 0x00007fff99256000 	C:\Windows\System32\fwpuclnt.dll
0x00007fff88a10000 - 0x00007fff88a1e000 	C:\Program Files\Java\jdk-17\bin\sunmscapi.dll
0x00007fffa04a0000 - 0x00007fffa0617000 	C:\Windows\System32\CRYPT32.dll
0x00007fff9f1d0000 - 0x00007fff9f200000 	C:\Windows\SYSTEM32\ncrypt.dll
0x00007fff9f180000 - 0x00007fff9f1bf000 	C:\Windows\SYSTEM32\NTASN1.dll
0x00007fff88a00000 - 0x00007fff88a10000 	C:\Program Files\Java\jdk-17\bin\verify.dll
0x00007fff9f080000 - 0x00007fff9f09b000 	C:\Windows\SYSTEM32\CRYPTSP.dll
0x00007fff9e6a0000 - 0x00007fff9e6da000 	C:\Windows\system32\rsaenh.dll
0x00007fff9ed40000 - 0x00007fff9ed6b000 	C:\Windows\SYSTEM32\USERENV.dll
0x00007fff9f8b0000 - 0x00007fff9f8d6000 	C:\Windows\SYSTEM32\bcrypt.dll
0x00007fff9eee0000 - 0x00007fff9eeec000 	C:\Windows\SYSTEM32\CRYPTBASE.dll
0x00007fff86870000 - 0x00007fff86878000 	C:\Windows\system32\wshunix.dll

dbghelp: loaded successfully - version: 4.0.5 - missing functions: none
symbol engine: initialized successfully - sym options: 0x614 - pdb path: .;C:\Program Files\Java\jdk-17\bin;C:\Windows\SYSTEM32;C:\Windows\WinSxS\amd64_microsoft.windows.common-controls_6595b64144ccf1df_6.0.26100.4484_none_3e0e6d4ce32ef3b3;C:\Program Files\Java\jdk-17\bin\server

VM Arguments:
jvm_args: -XX:+ShowCodeDetailsInExceptionMessages 
java_command: com.sellout.KeycloakAdapterApplication
java_class_path (initial): C:\Users\Fernanda Jama\OneDrive - Manamer\Documentos\PROYECTOS 2025-2026\sellout1\backend\infraestructure\keycloakAdapter\target\classes;C:\Users\Fernanda Jama\.m2\repository\org\springframework\boot\spring-boot-starter-web\3.2.4\spring-boot-starter-web-3.2.4.jar;C:\Users\Fernanda Jama\.m2\repository\org\springframework\boot\spring-boot-starter\3.2.4\spring-boot-starter-3.2.4.jar;C:\Users\Fernanda Jama\.m2\repository\org\springframework\boot\spring-boot-starter-logging\3.2.4\spring-boot-starter-logging-3.2.4.jar;C:\Users\Fernanda Jama\.m2\repository\ch\qos\logback\logback-classic\1.4.14\logback-classic-1.4.14.jar;C:\Users\Fernanda Jama\.m2\repository\ch\qos\logback\logback-core\1.4.14\logback-core-1.4.14.jar;C:\Users\Fernanda Jama\.m2\repository\org\apache\logging\log4j\log4j-to-slf4j\2.23.1\log4j-to-slf4j-2.23.1.jar;C:\Users\Fernanda Jama\.m2\repository\org\apache\logging\log4j\log4j-api\2.23.1\log4j-api-2.23.1.jar;C:\Users\Fernanda Jama\.m2\repository\org\slf4j\jul-to-slf4j\2.0.12\jul-to-slf4j-2.0.12.jar;C:\Users\Fernanda Jama\.m2\repository\jakarta\annotation\jakarta.annotation-api\2.1.1\jakarta.annotation-api-2.1.1.jar;C:\Users\Fernanda Jama\.m2\repository\org\yaml\snakeyaml\2.2\snakeyaml-2.2.jar;C:\Users\Fernanda Jama\.m2\repository\org\springframework\boot\spring-boot-starter-json\3.2.4\spring-boot-starter-json-3.2.4.jar;C:\Users\Fernanda Jama\.m2\repository\com\fasterxml\jackson\datatype\jackson-datatype-jdk8\2.17.2\jackson-datatype-jdk8-2.17.2.jar;C:\Users\Fernanda Jama\.m2\repository\com\fasterxml\jackson\datatype\jackson-datatype-jsr310\2.17.2\jackson-datatype-jsr310-2.17.2.jar;C:\Users\Fernanda Jama\.m2\repository\com\fasterxml\jackson\module\jackson-module-parameter-names\2.17.2\jackson-module-parameter-names-2.17.2.jar;C:\Users\Fernanda Jama\.m2\repository\org\springframework\boot\spring-boot-starter-tomcat\3.2.4\spring-boot-starter-tomcat-3.2.4.jar;C:\Users\Fernanda Jama\.m2\repository\org\apache\tomcat\embed\tomcat-embed-c
Launcher Type: SUN_STANDARD

[Global flags]
     intx CICompilerCount                          = 4                                         {product} {ergonomic}
     uint ConcGCThreads                            = 2                                         {product} {ergonomic}
     uint G1ConcRefinementThreads                  = 8                                         {product} {ergonomic}
   size_t G1HeapRegionSize                         = 8388608                                   {product} {ergonomic}
    uintx GCDrainStackTargetSize                   = 64                                        {product} {ergonomic}
   size_t InitialHeapSize                          = 671088640                                 {product} {ergonomic}
   size_t MarkStackSize                            = 4194304                                   {product} {ergonomic}
   size_t MaxHeapSize                              = 10687086592                               {product} {ergonomic}
   size_t MaxNewSize                               = 6408896512                                {product} {ergonomic}
   size_t MinHeapDeltaBytes                        = 8388608                                   {product} {ergonomic}
   size_t MinHeapSize                              = 8388608                                   {product} {ergonomic}
    uintx NonNMethodCodeHeapSize                   = 5839372                                {pd product} {ergonomic}
    uintx NonProfiledCodeHeapSize                  = 122909434                              {pd product} {ergonomic}
    uintx ProfiledCodeHeapSize                     = 122909434                              {pd product} {ergonomic}
    uintx ReservedCodeCacheSize                    = 251658240                              {pd product} {ergonomic}
     bool SegmentedCodeCache                       = true                                      {product} {ergonomic}
     bool ShowCodeDetailsInExceptionMessages       = true                                   {manageable} {command line}
   size_t SoftMaxHeapSize                          = 10687086592                            {manageable} {ergonomic}
     bool UseCompressedClassPointers               = true                           {product lp64_product} {ergonomic}
     bool UseCompressedOops                        = true                           {product lp64_product} {ergonomic}
     bool UseG1GC                                  = true                                      {product} {ergonomic}
     bool UseLargePagesIndividualAllocation        = false                                  {pd product} {ergonomic}

Logging:
Log output configuration:
 #0: stdout all=warning uptime,level,tags
 #1: stderr all=off uptime,level,tags

Environment Variables:
JAVA_HOME=C:\\Program Files\\Java\\jdk-17
CLASSPATH=C:\Program Files\SAP\SAP Business One DI API\JCO\LIB\sbowrapper.jar;C:\Program Files\SAP\SAP Business One DI API\JCO\LIB\sboapi.jar
PATH=C:\\Program Files\\Java\\jdk-17\\bin;C:\\Users\\Fernanda Jama\\.trae\\tools\\maven\\latest\\bin;C:\\Users\\Fernanda Jama\\.trae\\tools\\gradle\\latest\\bin;C:\Program Files\Java\jdk-17\bin;C:\Users\Fernanda Jama\.trae\tools\maven\latest\bin;C:\Users\Fernanda Jama\.trae\tools\gradle\latest\bin;C:\Python313\Scripts\;C:\Python313\;C:\Program Files\Microsoft MPI\Bin\;C:\Program Files\Common Files\Oracle\Java\javapath;C:\Windows\system32;C:\Windows;C:\Windows\System32\Wbem;C:\Windows\System32\WindowsPowerShell\v1.0\;C:\Windows\System32\OpenSSH\;C:\Program Files\Microsoft SQL Server\Client SDK\ODBC\170\Tools\Binn\;C:\Program Files (x86)\Microsoft SQL Server\150\Tools\Binn\;C:\Program Files\Microsoft SQL Server\150\Tools\Binn\;C:\Program Files\Microsoft SQL Server\150\DTS\Binn\;C:\Program Files (x86)\Microsoft SQL Server\160\DTS\Binn\;C:\Program Files\nodejs\;C:\ProgramData\chocolatey\bin;C:\Program Files\SAP\SAP Business One DI API\JCO\LIB\;C:\Program Files\SAP\SAP Business One DI API\DI API 90;C:\Program Files\SAP\SAP Business One\;C:\Program Files\apache-maven-3.8.8-bin\apache-maven-3.8.8\bin;C:\Users\Fernanda Jama\AppData\Local\Microsoft\WindowsApps;C:\Users\Fernanda Jama\AppData\Local\GitHubDesktop\bin;C:\Users\Fernanda Jama\AppData\Local\Programs\Microsoft VS Code\bin;C:\Users\Fernanda Jama\AppData\Roaming\npm
USERNAME=Fernanda Jama
LANG=en_US.UTF-8
OS=Windows_NT
PROCESSOR_IDENTIFIER=Intel64 Family 6 Model 140 Stepping 1, GenuineIntel



---------------  S Y S T E M  ---------------

OS:
 Windows 11 , 64 bit Build 26100 (10.0.26100.4484)
OS uptime: 0 days 13:27 hours
Hyper-V role detected

CPU: total 8 (initial active 8) (4 cores per cpu, 2 threads per core) family 6 model 140 stepping 1 microcode 0xb8, cx8, cmov, fxsr, ht, mmx, 3dnowpref, sse, sse2, sse3, ssse3, sse4.1, sse4.2, popcnt, lzcnt, tsc, tscinvbit, avx, avx2, aes, erms, clmul, bmi1, bmi2, adx, avx512f, avx512dq, avx512cd, avx512bw, avx512vl, sha, fma, vzeroupper, avx512_vpopcntdq, avx512_vpclmulqdq, avx512_vaes, avx512_vnni, clflush, clflushopt, clwb, avx512_vbmi2, avx512_vbmi, hv

Memory: 4k page, system-wide physical 40743M (233M free)
TotalPageFile size 101623M (AvailPageFile size 1M)
current process WorkingSet (physical memory assigned to process): 115M, peak: 257M
current process commit charge ("private bytes"): 294M, peak: 810M

vm_info: Java HotSpot(TM) 64-Bit Server VM (17.0.15+9-LTS-241) for windows-amd64 JRE (17.0.15+9-LTS-241), built on Feb 20 2025 10:49:54 by "mach5one" with MS VC++ 17.6 (VS2022)

END.
