#
# There is insufficient memory for the Java Runtime Environment to continue.
# Native memory allocation (malloc) failed to allocate 1050416 bytes for Chunk::new
# Possible reasons:
#   The system is out of physical RAM or swap space
#   The process is running with CompressedOops enabled, and the Java Heap may be blocking the growth of the native heap
# Possible solutions:
#   Reduce memory load on the system
#   Increase physical memory or swap space
#   Check if swap backing store is full
#   Decrease Java heap size (-Xmx/-Xms)
#   Decrease number of Java threads
#   Decrease Java thread stack sizes (-Xss)
#   Set larger code cache with -XX:ReservedCodeCacheSize=
#   JVM is running with Zero Based Compressed Oops mode in which the Java heap is
#     placed in the first 32GB address space. The Java Heap base address is the
#     maximum limit for the native heap growth. Please use -XX:HeapBaseMinAddress
#     to set the Java Heap base and to place the Java Heap above 32GB virtual address.
# This output file may be truncated or incomplete.
#
#  Out of Memory Error (arena.cpp:189), pid=16664, tid=20628
#
# JRE version: Java(TM) SE Runtime Environment (17.0.15+9) (build 17.0.15+9-LTS-241)
# Java VM: Java HotSpot(TM) 64-Bit Server VM (17.0.15+9-LTS-241, mixed mode, sharing, tiered, compressed oops, compressed class ptrs, g1 gc, windows-amd64)
# No core dump will be written. Minidumps are not enabled by default on client versions of Windows
#

---------------  S U M M A R Y ------------

Command Line: -XX:+ShowCodeDetailsInExceptionMessages -Dspring.jmx.enabled=true -Dmanagement.endpoints.jmx.exposure.include=* -Dspring.application.admin.enabled=true -Dspring.boot.project.name=com.manamer.sellout.business-sellout -Djava.rmi.server.hostname=localhost -Dcom.sun.management.jmxremote.port=45559 -Dcom.sun.management.jmxremote.authenticate=false -Dcom.sun.management.jmxremote.ssl=false com.manamer.backend.business.sellout.SelloutApplication

Host: 11th Gen Intel(R) Core(TM) i7-1165G7 @ 2.80GHz, 8 cores, 39G,  Windows 11 , 64 bit Build 26100 (10.0.26100.5074)
Time: Tue Sep  9 23:11:01 2025 Hora est. Pacífico, Sudamérica elapsed time: 22377.654632 seconds (0d 6h 12m 57s)

---------------  T H R E A D  ---------------

Current thread (0x000002af7d085a40):  JavaThread "C2 CompilerThread0" daemon [_thread_in_native, id=20628, stack(0x000000d682600000,0x000000d682700000)]


Current CompileTask:
C2:22377655 15731       4       com.fasterxml.jackson.databind.introspect.POJOPropertiesCollector::_addCreatorParam (198 bytes)

Stack: [0x000000d682600000,0x000000d682700000]
Native frames: (J=compiled Java code, j=interpreted, Vv=VM code, C=native code)
V  [jvm.dll+0x67a46a]
V  [jvm.dll+0x7da6ad]
V  [jvm.dll+0x7dbff3]
V  [jvm.dll+0x7dc663]
V  [jvm.dll+0x24523f]
V  [jvm.dll+0xab763]
V  [jvm.dll+0xabd2c]
V  [jvm.dll+0x361ebf]
V  [jvm.dll+0x32c5e1]
V  [jvm.dll+0x32ba7a]
V  [jvm.dll+0x2169ef]
V  [jvm.dll+0x215e1f]
V  [jvm.dll+0x1a2a00]
V  [jvm.dll+0x2262bb]
V  [jvm.dll+0x22445b]
V  [jvm.dll+0x790acc]
V  [jvm.dll+0x78b0ba]
V  [jvm.dll+0x679355]
C  [ucrtbase.dll+0x37b0]
C  [KERNEL32.DLL+0x2e8d7]
C  [ntdll.dll+0x8d9c]


---------------  P R O C E S S  ---------------

Threads class SMR info:
_java_thread_list=0x000002af0593f900, length=42, elements={
0x000002af393f9140, 0x000002af393f9cf0, 0x000002af3940d410, 0x000002af3940ddc0,
0x000002af7d083fa0, 0x000002af7d084950, 0x000002af7d085a40, 0x000002af7d09d100,
0x000002af7d10a1e0, 0x000002af7d080e90, 0x000002af7d32a200, 0x000002af7d9c2490,
0x000002af7db05450, 0x000002af7d9d2ba0, 0x000002af7f0ed420, 0x000002af7f449a40,
0x000002af7f4490a0, 0x000002af7f449570, 0x000002af7f44a8b0, 0x000002af0591f5f0,
0x000002af0591d910, 0x000002af059217a0, 0x000002af05920e00, 0x000002af0591d440,
0x000002af05923950, 0x000002af05922610, 0x000002af05922fb0, 0x000002af05921c70,
0x000002af05922ae0, 0x000002af05923e20, 0x000002af05923480, 0x000002af059242f0,
0x000002af059247c0, 0x000002af05924c90, 0x000002af05922140, 0x000002af7f44b250,
0x000002af04da6060, 0x000002af04da6530, 0x000002af04da9ef0, 0x000002af04da86e0,
0x000002af04da7870, 0x000002af04daca40
}

Java Threads: ( => current thread )
  0x000002af393f9140 JavaThread "Reference Handler" daemon [_thread_blocked, id=18588, stack(0x000000d682000000,0x000000d682100000)]
  0x000002af393f9cf0 JavaThread "Finalizer" daemon [_thread_blocked, id=19044, stack(0x000000d682100000,0x000000d682200000)]
  0x000002af3940d410 JavaThread "Signal Dispatcher" daemon [_thread_blocked, id=22184, stack(0x000000d682200000,0x000000d682300000)]
  0x000002af3940ddc0 JavaThread "Attach Listener" daemon [_thread_blocked, id=13948, stack(0x000000d682300000,0x000000d682400000)]
  0x000002af7d083fa0 JavaThread "Service Thread" daemon [_thread_blocked, id=4500, stack(0x000000d682400000,0x000000d682500000)]
  0x000002af7d084950 JavaThread "Monitor Deflation Thread" daemon [_thread_blocked, id=15596, stack(0x000000d682500000,0x000000d682600000)]
=>0x000002af7d085a40 JavaThread "C2 CompilerThread0" daemon [_thread_in_native, id=20628, stack(0x000000d682600000,0x000000d682700000)]
  0x000002af7d09d100 JavaThread "C1 CompilerThread0" daemon [_thread_blocked, id=21908, stack(0x000000d682700000,0x000000d682800000)]
  0x000002af7d10a1e0 JavaThread "Sweeper thread" daemon [_thread_blocked, id=25164, stack(0x000000d682800000,0x000000d682900000)]
  0x000002af7d080e90 JavaThread "Common-Cleaner" daemon [_thread_blocked, id=3916, stack(0x000000d682900000,0x000000d682a00000)]
  0x000002af7d32a200 JavaThread "Notification Thread" daemon [_thread_blocked, id=17356, stack(0x000000d682a00000,0x000000d682b00000)]
  0x000002af7d9c2490 JavaThread "RMI TCP Accept-0" daemon [_thread_in_native, id=23640, stack(0x000000d682b00000,0x000000d682c00000)]
  0x000002af7db05450 JavaThread "RMI TCP Accept-45559" daemon [_thread_in_native, id=21252, stack(0x000000d682c00000,0x000000d682d00000)]
  0x000002af7d9d2ba0 JavaThread "RMI TCP Accept-0" daemon [_thread_in_native, id=10936, stack(0x000000d682e00000,0x000000d682f00000)]
  0x000002af7f0ed420 JavaThread "RMI Scheduler(0)" daemon [_thread_blocked, id=24936, stack(0x000000d682d00000,0x000000d682e00000)]
  0x000002af7f449a40 JavaThread "Catalina-utility-1" [_thread_blocked, id=20360, stack(0x000000d683f00000,0x000000d684000000)]
  0x000002af7f4490a0 JavaThread "Catalina-utility-2" [_thread_blocked, id=24844, stack(0x000000d684100000,0x000000d684200000)]
  0x000002af7f449570 JavaThread "container-0" [_thread_blocked, id=15448, stack(0x000000d684200000,0x000000d684300000)]
  0x000002af7f44a8b0 JavaThread "HikariPool-1 housekeeper" daemon [_thread_blocked, id=9932, stack(0x000000d684500000,0x000000d684600000)]
  0x000002af0591f5f0 JavaThread "spring.cloud.inetutils" daemon [_thread_blocked, id=24020, stack(0x000000d683e00000,0x000000d683f00000)]
  0x000002af0591d910 JavaThread "AsyncResolver-bootstrap-0" daemon [_thread_blocked, id=25560, stack(0x000000d684a00000,0x000000d684b00000)]
  0x000002af059217a0 JavaThread "idle-connection-evictor-1" daemon [_thread_blocked, id=12516, stack(0x000000d684b00000,0x000000d684c00000)]
  0x000002af05920e00 JavaThread "DiscoveryClient-0" daemon [_thread_blocked, id=10872, stack(0x000000d684c00000,0x000000d684d00000)]
  0x000002af0591d440 JavaThread "DiscoveryClient-1" daemon [_thread_blocked, id=7932, stack(0x000000d684d00000,0x000000d684e00000)]
  0x000002af05923950 JavaThread "DiscoveryClient-InstanceInfoReplicator-0" daemon [_thread_blocked, id=11840, stack(0x000000d684e00000,0x000000d684f00000)]
  0x000002af05922610 JavaThread "http-nio-8092-exec-1" daemon [_thread_blocked, id=1972, stack(0x000000d684f00000,0x000000d685000000)]
  0x000002af05922fb0 JavaThread "http-nio-8092-exec-2" daemon [_thread_blocked, id=21024, stack(0x000000d685000000,0x000000d685100000)]
  0x000002af05921c70 JavaThread "http-nio-8092-exec-3" daemon [_thread_blocked, id=4208, stack(0x000000d685100000,0x000000d685200000)]
  0x000002af05922ae0 JavaThread "http-nio-8092-exec-4" daemon [_thread_blocked, id=6388, stack(0x000000d685200000,0x000000d685300000)]
  0x000002af05923e20 JavaThread "http-nio-8092-exec-5" daemon [_thread_blocked, id=17092, stack(0x000000d685300000,0x000000d685400000)]
  0x000002af05923480 JavaThread "http-nio-8092-exec-6" daemon [_thread_blocked, id=16488, stack(0x000000d685400000,0x000000d685500000)]
  0x000002af059242f0 JavaThread "http-nio-8092-exec-7" daemon [_thread_blocked, id=23196, stack(0x000000d685500000,0x000000d685600000)]
  0x000002af059247c0 JavaThread "http-nio-8092-exec-8" daemon [_thread_blocked, id=10596, stack(0x000000d685600000,0x000000d685700000)]
  0x000002af05924c90 JavaThread "http-nio-8092-exec-9" daemon [_thread_blocked, id=17772, stack(0x000000d685700000,0x000000d685800000)]
  0x000002af05922140 JavaThread "http-nio-8092-exec-10" daemon [_thread_blocked, id=11216, stack(0x000000d685800000,0x000000d685900000)]
  0x000002af7f44b250 JavaThread "http-nio-8092-Poller" daemon [_thread_in_native, id=24924, stack(0x000000d685900000,0x000000d685a00000)]
  0x000002af04da6060 JavaThread "http-nio-8092-Acceptor" daemon [_thread_in_native, id=19660, stack(0x000000d685a00000,0x000000d685b00000)]
  0x000002af04da6530 JavaThread "DestroyJavaVM" [_thread_blocked, id=15332, stack(0x000000d681900000,0x000000d681a00000)]
  0x000002af04da9ef0 JavaThread "DiscoveryClient-CacheRefreshExecutor-0" daemon [_thread_blocked, id=7524, stack(0x000000d681600000,0x000000d681700000)]
  0x000002af04da86e0 JavaThread "DiscoveryClient-HeartbeatExecutor-0" daemon [_thread_blocked, id=4904, stack(0x000000d681700000,0x000000d681800000)]
  0x000002af04da7870 JavaThread "AsyncResolver-bootstrap-executor-0" daemon [_thread_blocked, id=25592, stack(0x000000d683a00000,0x000000d683b00000)]
  0x000002af04daca40 JavaThread "mssql-jdbc-shared-timer-core-43" daemon [_thread_blocked, id=19740, stack(0x000000d683d00000,0x000000d683e00000)]

Other Threads:
  0x000002af393f5f00 VMThread "VM Thread" [stack: 0x000000d681f00000,0x000000d682000000] [id=14556]
  0x000002af08e9a900 WatcherThread [stack: 0x000000d682f00000,0x000000d683000000] [id=11056]
  0x000002af08f440c0 GCTaskThread "GC Thread#0" [stack: 0x000000d681a00000,0x000000d681b00000] [id=22100]
  0x000002af7e328410 GCTaskThread "GC Thread#1" [stack: 0x000000d683000000,0x000000d683100000] [id=8820]
  0x000002af7e1facd0 GCTaskThread "GC Thread#2" [stack: 0x000000d683100000,0x000000d683200000] [id=9312]
  0x000002af7e1faf90 GCTaskThread "GC Thread#3" [stack: 0x000000d683200000,0x000000d683300000] [id=22928]
  0x000002af7e1fb250 GCTaskThread "GC Thread#4" [stack: 0x000000d683300000,0x000000d683400000] [id=25584]
  0x000002af7e1fb510 GCTaskThread "GC Thread#5" [stack: 0x000000d683400000,0x000000d683500000] [id=25336]
  0x000002af7e1fb7d0 GCTaskThread "GC Thread#6" [stack: 0x000000d683500000,0x000000d683600000] [id=1264]
  0x000002af7e27d100 GCTaskThread "GC Thread#7" [stack: 0x000000d683600000,0x000000d683700000] [id=7124]
  0x000002af08f4d440 ConcurrentGCThread "G1 Main Marker" [stack: 0x000000d681b00000,0x000000d681c00000] [id=3172]
  0x000002af08f4e300 ConcurrentGCThread "G1 Conc#0" [stack: 0x000000d681c00000,0x000000d681d00000] [id=24904]
  0x000002af7f0c6c70 ConcurrentGCThread "G1 Conc#1" [stack: 0x000000d684000000,0x000000d684100000] [id=24396]
  0x000002af39332020 ConcurrentGCThread "G1 Refine#0" [stack: 0x000000d681d00000,0x000000d681e00000] [id=22664]
  0x000002af7e2a8980 ConcurrentGCThread "G1 Refine#1" [stack: 0x000000d683700000,0x000000d683800000] [id=14492]
  0x000002af393328f0 ConcurrentGCThread "G1 Service" [stack: 0x000000d681e00000,0x000000d681f00000] [id=23024]

Threads with active compile tasks:
C2 CompilerThread0  22377706 15731       4       com.fasterxml.jackson.databind.introspect.POJOPropertiesCollector::_addCreatorParam (198 bytes)

VM state: not at safepoint (normal execution)

VM Mutex/Monitor currently owned by a thread: None

Heap address: 0x0000000583000000, size: 10192 MB, Compressed Oops mode: Zero based, Oop shift amount: 3

CDS archive(s) mapped at: [0x000002af3c000000-0x000002af3cbd0000-0x000002af3cbd0000), size 12386304, SharedBaseAddress: 0x000002af3c000000, ArchiveRelocationMode: 1.
Compressed class space mapped at: 0x000002af3d000000-0x000002af7d000000, reserved size: 1073741824
Narrow klass base: 0x000002af3c000000, Narrow klass shift: 0, Narrow klass range: 0x100000000

GC Precious Log:
 CPUs: 8 total, 8 available
 Memory: 40743M
 Large Page Support: Disabled
 NUMA Support: Disabled
 Compressed Oops: Enabled (Zero based)
 Heap Region Size: 8M
 Heap Min Capacity: 8M
 Heap Initial Capacity: 640M
 Heap Max Capacity: 10192M
 Pre-touch: Disabled
 Parallel Workers: 8
 Concurrent Workers: 2
 Concurrent Refinement Workers: 8
 Periodic GC: Disabled

Heap:
 garbage-first heap   total 196608K, used 84078K [0x0000000583000000, 0x0000000800000000)
  region size 8192K, 4 young (32768K), 1 survivors (8192K)
 Metaspace       used 106774K, committed 107520K, reserved 1179648K
  class space    used 14038K, committed 14400K, reserved 1048576K

Heap Regions: E=young(eden), S=young(survivor), O=old, HS=humongous(starts), HC=humongous(continues), CS=collection set, F=free, OA=open archive, CA=closed archive, TAMS=top-at-mark-start (previous, next)
|   0|0x0000000583000000, 0x0000000583800000, 0x0000000583800000|100%| O|  |TAMS 0x0000000583800000, 0x0000000583000000| Untracked 
|   1|0x0000000583800000, 0x0000000584000000, 0x0000000584000000|100%| O|  |TAMS 0x0000000584000000, 0x0000000583800000| Untracked 
|   2|0x0000000584000000, 0x0000000584800000, 0x0000000584800000|100%| O|  |TAMS 0x0000000584800000, 0x0000000584000000| Untracked 
|   3|0x0000000584800000, 0x0000000585000000, 0x0000000585000000|100%| O|  |TAMS 0x0000000585000000, 0x0000000584800000| Untracked 
|   4|0x0000000585000000, 0x0000000585800000, 0x0000000585800000|100%| O|  |TAMS 0x0000000585000000, 0x0000000585000000| Untracked 
|   5|0x0000000585800000, 0x0000000586000000, 0x0000000586000000|100%| O|  |TAMS 0x0000000586000000, 0x0000000585800000| Untracked 
|   6|0x0000000586000000, 0x0000000586800000, 0x0000000586800000|100%| O|  |TAMS 0x000000058667f000, 0x0000000586000000| Untracked 
|   7|0x0000000586800000, 0x0000000586f96e00, 0x0000000587000000| 94%| O|  |TAMS 0x0000000586800000, 0x0000000586800000| Untracked 
|   8|0x0000000587000000, 0x0000000587000000, 0x0000000587800000|  0%| F|  |TAMS 0x0000000587000000, 0x0000000587000000| Untracked 
|   9|0x0000000587800000, 0x0000000587800000, 0x0000000588000000|  0%| F|  |TAMS 0x0000000587800000, 0x0000000587800000| Untracked 
|  10|0x0000000588000000, 0x0000000588000000, 0x0000000588800000|  0%| F|  |TAMS 0x0000000588000000, 0x0000000588000000| Untracked 
|  11|0x0000000588800000, 0x0000000588800000, 0x0000000589000000|  0%| F|  |TAMS 0x0000000588800000, 0x0000000588800000| Untracked 
|  12|0x0000000589000000, 0x0000000589284a78, 0x0000000589800000| 31%| S|CS|TAMS 0x0000000589000000, 0x0000000589000000| Complete 
|  13|0x0000000589800000, 0x0000000589800000, 0x000000058a000000|  0%| F|  |TAMS 0x0000000589800000, 0x0000000589800000| Untracked 
|  14|0x000000058a000000, 0x000000058a000000, 0x000000058a800000|  0%| F|  |TAMS 0x000000058a000000, 0x000000058a000000| Untracked 
|  15|0x000000058a800000, 0x000000058a800000, 0x000000058b000000|  0%| F|  |TAMS 0x000000058a800000, 0x000000058a800000| Untracked 
|  16|0x000000058b000000, 0x000000058b000000, 0x000000058b800000|  0%| F|  |TAMS 0x000000058b000000, 0x000000058b000000| Untracked 
|  17|0x000000058b800000, 0x000000058b800000, 0x000000058c000000|  0%| F|  |TAMS 0x000000058b800000, 0x000000058b800000| Untracked 
|  18|0x000000058c000000, 0x000000058c000000, 0x000000058c800000|  0%| F|  |TAMS 0x000000058c000000, 0x000000058c000000| Untracked 
|  19|0x000000058c800000, 0x000000058c800000, 0x000000058d000000|  0%| F|  |TAMS 0x000000058c800000, 0x000000058c800000| Untracked 
|  20|0x000000058d000000, 0x000000058d000000, 0x000000058d800000|  0%| F|  |TAMS 0x000000058d000000, 0x000000058d000000| Untracked 
|  21|0x000000058d800000, 0x000000058d88c4d8, 0x000000058e000000|  6%| E|  |TAMS 0x000000058d800000, 0x000000058d800000| Complete 
|  35|0x0000000594800000, 0x0000000595000000, 0x0000000595000000|100%| E|CS|TAMS 0x0000000594800000, 0x0000000594800000| Complete 
|  79|0x00000005aa800000, 0x00000005ab000000, 0x00000005ab000000|100%| E|CS|TAMS 0x00000005aa800000, 0x00000005aa800000| Complete 

Card table byte_map: [0x000002af22bb0000,0x000002af23fa0000] _byte_map_base: 0x000002af1ff98000

Marking Bits (Prev, Next): (CMBitMap*) 0x000002af08f446e0, (CMBitMap*) 0x000002af08f44720
 Prev Bits: [0x000002af25390000, 0x000002af2f2d0000)
 Next Bits: [0x000002af2f2d0000, 0x000002af39210000)

Polling page: 0x000002af08bb0000

Metaspace:

Usage:
  Non-class:     90.56 MB used.
      Class:     13.71 MB used.
       Both:    104.27 MB used.

Virtual space:
  Non-class space:      128.00 MB reserved,      90.94 MB ( 71%) committed,  2 nodes.
      Class space:        1.00 GB reserved,      14.06 MB (  1%) committed,  1 nodes.
             Both:        1.12 GB reserved,     105.00 MB (  9%) committed. 

Chunk freelists:
   Non-Class:  4.28 MB
       Class:  1.81 MB
        Both:  6.09 MB

MaxMetaspaceSize: unlimited
CompressedClassSpaceSize: 1.00 GB
Initial GC threshold: 21.00 MB
Current GC threshold: 133.75 MB
CDS: on
MetaspaceReclaimPolicy: balanced
 - commit_granule_bytes: 65536.
 - commit_granule_words: 8192.
 - virtual_space_node_default_size: 8388608.
 - enlarge_chunks_in_place: 1.
 - new_chunks_are_fully_committed: 0.
 - uncommit_free_chunks: 1.
 - use_allocation_guard: 0.
 - handle_deallocations: 1.


Internal statistics:

num_allocs_failed_limit: 12.
num_arena_births: 1204.
num_arena_deaths: 8.
num_vsnodes_births: 3.
num_vsnodes_deaths: 0.
num_space_committed: 1680.
num_space_uncommitted: 0.
num_chunks_returned_to_freelist: 24.
num_chunks_taken_from_freelist: 5112.
num_chunk_merges: 12.
num_chunk_splits: 3587.
num_chunks_enlarged: 2687.
num_inconsistent_stats: 0.

CodeHeap 'non-profiled nmethods': size=120000Kb used=10427Kb max_used=10427Kb free=109572Kb
 bounds [0x000002af19830000, 0x000002af1a260000, 0x000002af20d60000]
CodeHeap 'profiled nmethods': size=120000Kb used=27025Kb max_used=27025Kb free=92974Kb
 bounds [0x000002af11d60000, 0x000002af137d0000, 0x000002af19290000]
CodeHeap 'non-nmethods': size=5760Kb used=1440Kb max_used=1498Kb free=4319Kb
 bounds [0x000002af19290000, 0x000002af19500000, 0x000002af19830000]
 total_blobs=13944 nmethods=13172 adapters=683
 compilation: enabled
              stopped_count=0, restarted_count=0
 full_count=0

Compilation events (20 events):
Event: 22346.141 Thread 0x000002af7d09d100 15725       1       org.apache.hc.core5.http.io.SocketConfig::getRcvBufSize (5 bytes)
Event: 22346.141 Thread 0x000002af7d09d100 nmethod 15725 0x000002af1a25cd90 code [0x000002af1a25cf20, 0x000002af1a25cff8]
Event: 22346.141 Thread 0x000002af7d09d100 15726       1       org.apache.hc.core5.http.io.SocketConfig::getSndBufSize (5 bytes)
Event: 22346.141 Thread 0x000002af7d09d100 nmethod 15726 0x000002af1a25d090 code [0x000002af1a25d220, 0x000002af1a25d2f8]
Event: 22346.142 Thread 0x000002af7d09d100 15727       1       org.apache.hc.core5.http.io.SocketConfig::getSoLinger (5 bytes)
Event: 22346.142 Thread 0x000002af7d09d100 nmethod 15727 0x000002af1a25d390 code [0x000002af1a25d520, 0x000002af1a25d5f8]
Event: 22346.148 Thread 0x000002af7d085a40 nmethod 15719 0x000002af1a25d690 code [0x000002af1a25d860, 0x000002af1a25dde8]
Event: 22346.148 Thread 0x000002af7d085a40 15720       4       com.fasterxml.jackson.databind.introspect.AnnotationIntrospectorPair::hasAsKey (26 bytes)
Event: 22346.150 Thread 0x000002af7d085a40 nmethod 15720 0x000002af1a25e290 code [0x000002af1a25e420, 0x000002af1a25e5b8]
Event: 22346.150 Thread 0x000002af7d085a40 15721       4       com.fasterxml.jackson.databind.introspect.AnnotationIntrospectorPair::hasAsValue (24 bytes)
Event: 22346.152 Thread 0x000002af7d085a40 nmethod 15721 0x000002af1a25e790 code [0x000002af1a25e920, 0x000002af1a25eab8]
Event: 22346.208 Thread 0x000002af7d085a40 15728       4       java.io.StringWriter::flush (1 bytes)
Event: 22346.208 Thread 0x000002af7d085a40 nmethod 15728 0x000002af1a25ec90 code [0x000002af1a25ee00, 0x000002af1a25ee78]
Event: 22375.949 Thread 0x000002af7d09d100 15729   !   3       java.security.Provider$Service::getImplClass (220 bytes)
Event: 22375.958 Thread 0x000002af7d085a40 15731       4       com.fasterxml.jackson.databind.introspect.POJOPropertiesCollector::_addCreatorParam (198 bytes)
Event: 22376.301 Thread 0x000002af7d09d100 nmethod 15729 0x000002af137c0e90 code [0x000002af137c1360, 0x000002af137c3af8]
Event: 22376.560 Thread 0x000002af7d09d100 15737       2       java.lang.ClassLoader::definePackage (85 bytes)
Event: 22376.623 Thread 0x000002af7d09d100 nmethod 15737 0x000002af137c4990 code [0x000002af137c4be0, 0x000002af137c5298]
Event: 22376.623 Thread 0x000002af7d09d100 15732       3       java.util.concurrent.ThreadLocalRandom::nextSecondarySeed (74 bytes)
Event: 22376.623 Thread 0x000002af7d09d100 nmethod 15732 0x000002af137c5690 code [0x000002af137c5840, 0x000002af137c5a78]

GC Heap History (20 events):
Event: 11317.805 GC heap before
{Heap before GC invocations=30 (full 0):
 garbage-first heap   total 196608K, used 157662K [0x0000000583000000, 0x0000000800000000)
  region size 8192K, 12 young (98304K), 1 survivors (8192K)
 Metaspace       used 106078K, committed 106880K, reserved 1179648K
  class space    used 14023K, committed 14400K, reserved 1048576K
}
Event: 11317.817 GC heap after
{Heap after GC invocations=31 (full 0):
 garbage-first heap   total 196608K, used 68747K [0x0000000583000000, 0x0000000800000000)
  region size 8192K, 2 young (16384K), 2 survivors (16384K)
 Metaspace       used 106078K, committed 106880K, reserved 1179648K
  class space    used 14023K, committed 14400K, reserved 1048576K
}
Event: 12359.582 GC heap before
{Heap before GC invocations=31 (full 0):
 garbage-first heap   total 196608K, used 142475K [0x0000000583000000, 0x0000000800000000)
  region size 8192K, 11 young (90112K), 2 survivors (16384K)
 Metaspace       used 106139K, committed 106880K, reserved 1179648K
  class space    used 14023K, committed 14400K, reserved 1048576K
}
Event: 12359.591 GC heap after
{Heap after GC invocations=32 (full 0):
 garbage-first heap   total 196608K, used 66946K [0x0000000583000000, 0x0000000800000000)
  region size 8192K, 1 young (8192K), 1 survivors (8192K)
 Metaspace       used 106139K, committed 106880K, reserved 1179648K
  class space    used 14023K, committed 14400K, reserved 1048576K
}
Event: 13544.549 GC heap before
{Heap before GC invocations=32 (full 0):
 garbage-first heap   total 196608K, used 157058K [0x0000000583000000, 0x0000000800000000)
  region size 8192K, 12 young (98304K), 1 survivors (8192K)
 Metaspace       used 106205K, committed 106944K, reserved 1179648K
  class space    used 14023K, committed 14400K, reserved 1048576K
}
Event: 13544.557 GC heap after
{Heap after GC invocations=33 (full 0):
 garbage-first heap   total 196608K, used 67799K [0x0000000583000000, 0x0000000800000000)
  region size 8192K, 1 young (8192K), 1 survivors (8192K)
 Metaspace       used 106205K, committed 106944K, reserved 1179648K
  class space    used 14023K, committed 14400K, reserved 1048576K
}
Event: 14725.566 GC heap before
{Heap before GC invocations=33 (full 0):
 garbage-first heap   total 196608K, used 157911K [0x0000000583000000, 0x0000000800000000)
  region size 8192K, 12 young (98304K), 1 survivors (8192K)
 Metaspace       used 106239K, committed 107008K, reserved 1179648K
  class space    used 14023K, committed 14400K, reserved 1048576K
}
Event: 14725.578 GC heap after
{Heap after GC invocations=34 (full 0):
 garbage-first heap   total 196608K, used 67890K [0x0000000583000000, 0x0000000800000000)
  region size 8192K, 1 young (8192K), 1 survivors (8192K)
 Metaspace       used 106239K, committed 107008K, reserved 1179648K
  class space    used 14023K, committed 14400K, reserved 1048576K
}
Event: 15995.848 GC heap before
{Heap before GC invocations=34 (full 0):
 garbage-first heap   total 196608K, used 158002K [0x0000000583000000, 0x0000000800000000)
  region size 8192K, 12 young (98304K), 1 survivors (8192K)
 Metaspace       used 106346K, committed 107136K, reserved 1179648K
  class space    used 14023K, committed 14400K, reserved 1048576K
}
Event: 15995.871 GC heap after
{Heap after GC invocations=35 (full 0):
 garbage-first heap   total 196608K, used 66981K [0x0000000583000000, 0x0000000800000000)
  region size 8192K, 1 young (8192K), 1 survivors (8192K)
 Metaspace       used 106346K, committed 107136K, reserved 1179648K
  class space    used 14023K, committed 14400K, reserved 1048576K
}
Event: 17237.567 GC heap before
{Heap before GC invocations=35 (full 0):
 garbage-first heap   total 196608K, used 157093K [0x0000000583000000, 0x0000000800000000)
  region size 8192K, 12 young (98304K), 1 survivors (8192K)
 Metaspace       used 106393K, committed 107200K, reserved 1179648K
  class space    used 14023K, committed 14400K, reserved 1048576K
}
Event: 17237.581 GC heap after
{Heap after GC invocations=36 (full 0):
 garbage-first heap   total 196608K, used 67645K [0x0000000583000000, 0x0000000800000000)
  region size 8192K, 1 young (8192K), 1 survivors (8192K)
 Metaspace       used 106393K, committed 107200K, reserved 1179648K
  class space    used 14023K, committed 14400K, reserved 1048576K
}
Event: 18437.872 GC heap before
{Heap before GC invocations=36 (full 0):
 garbage-first heap   total 196608K, used 157757K [0x0000000583000000, 0x0000000800000000)
  region size 8192K, 12 young (98304K), 1 survivors (8192K)
 Metaspace       used 106433K, committed 107200K, reserved 1179648K
  class space    used 14023K, committed 14400K, reserved 1048576K
}
Event: 18437.877 GC heap after
{Heap after GC invocations=37 (full 0):
 garbage-first heap   total 196608K, used 68087K [0x0000000583000000, 0x0000000800000000)
  region size 8192K, 1 young (8192K), 1 survivors (8192K)
 Metaspace       used 106433K, committed 107200K, reserved 1179648K
  class space    used 14023K, committed 14400K, reserved 1048576K
}
Event: 19642.603 GC heap before
{Heap before GC invocations=37 (full 0):
 garbage-first heap   total 196608K, used 158199K [0x0000000583000000, 0x0000000800000000)
  region size 8192K, 12 young (98304K), 1 survivors (8192K)
 Metaspace       used 106493K, committed 107264K, reserved 1179648K
  class space    used 14023K, committed 14400K, reserved 1048576K
}
Event: 19642.612 GC heap after
{Heap after GC invocations=38 (full 0):
 garbage-first heap   total 196608K, used 68028K [0x0000000583000000, 0x0000000800000000)
  region size 8192K, 1 young (8192K), 1 survivors (8192K)
 Metaspace       used 106493K, committed 107264K, reserved 1179648K
  class space    used 14023K, committed 14400K, reserved 1048576K
}
Event: 20927.605 GC heap before
{Heap before GC invocations=38 (full 0):
 garbage-first heap   total 196608K, used 158140K [0x0000000583000000, 0x0000000800000000)
  region size 8192K, 12 young (98304K), 1 survivors (8192K)
 Metaspace       used 106504K, committed 107328K, reserved 1179648K
  class space    used 14023K, committed 14400K, reserved 1048576K
}
Event: 20927.608 GC heap after
{Heap after GC invocations=39 (full 0):
 garbage-first heap   total 196608K, used 66956K [0x0000000583000000, 0x0000000800000000)
  region size 8192K, 1 young (8192K), 1 survivors (8192K)
 Metaspace       used 106504K, committed 107328K, reserved 1179648K
  class space    used 14023K, committed 14400K, reserved 1048576K
}
Event: 22135.175 GC heap before
{Heap before GC invocations=39 (full 0):
 garbage-first heap   total 196608K, used 157068K [0x0000000583000000, 0x0000000800000000)
  region size 8192K, 12 young (98304K), 1 survivors (8192K)
 Metaspace       used 106665K, committed 107456K, reserved 1179648K
  class space    used 14037K, committed 14400K, reserved 1048576K
}
Event: 22135.182 GC heap after
{Heap after GC invocations=40 (full 0):
 garbage-first heap   total 196608K, used 67694K [0x0000000583000000, 0x0000000800000000)
  region size 8192K, 1 young (8192K), 1 survivors (8192K)
 Metaspace       used 106665K, committed 107456K, reserved 1179648K
  class space    used 14037K, committed 14400K, reserved 1048576K
}

Deoptimization events (20 events):
Event: 22036.585 Thread 0x000002af0591e2b0 Uncommon trap: trap_request=0xffffffde fr.pc=0x000002af1a029498 relative=0x0000000000001b38
Event: 22036.585 Thread 0x000002af0591e2b0 Uncommon trap: reason=class_check action=maybe_recompile pc=0x000002af1a029498 method=java.io.BufferedOutputStream.flushBuffer()V @ 20 c2
Event: 22036.585 Thread 0x000002af0591e2b0 DEOPT PACKING pc=0x000002af1a029498 sp=0x000000d6847fef20
Event: 22036.585 Thread 0x000002af0591e2b0 DEOPT UNPACKING pc=0x000002af192e5ba3 sp=0x000000d6847fef08 mode 2
Event: 22074.521 Thread 0x000002af04da73a0 Uncommon trap: trap_request=0xffffff45 fr.pc=0x000002af1a14733c relative=0x000000000000211c
Event: 22074.521 Thread 0x000002af04da73a0 Uncommon trap: reason=unstable_if action=reinterpret pc=0x000002af1a14733c method=sun.rmi.server.UnicastServerRef.dispatch(Ljava/rmi/Remote;Ljava/rmi/server/RemoteCall;)V @ 301 c2
Event: 22074.521 Thread 0x000002af04da73a0 DEOPT PACKING pc=0x000002af1a14733c sp=0x000000d6818feac0
Event: 22074.521 Thread 0x000002af04da73a0 DEOPT UNPACKING pc=0x000002af192e5ba3 sp=0x000000d6818fea80 mode 2
Event: 22074.879 Thread 0x000002af04da86e0 Uncommon trap: trap_request=0xfffffff4 fr.pc=0x000002af19ca07ec relative=0x00000000000003ac
Event: 22074.879 Thread 0x000002af04da86e0 Uncommon trap: reason=null_check action=make_not_entrant pc=0x000002af19ca07ec method=java.lang.ClassLoader.definePackage(Ljava/lang/String;Ljava/lang/Module;)Ljava/lang/Package; @ 50 c2
Event: 22074.880 Thread 0x000002af04da86e0 DEOPT PACKING pc=0x000002af19ca07ec sp=0x000000d6817fe760
Event: 22074.880 Thread 0x000002af04da86e0 DEOPT UNPACKING pc=0x000002af192e5ba3 sp=0x000000d6817fe728 mode 2
Event: 22110.517 Thread 0x000002af04da73a0 Uncommon trap: trap_request=0xffffffde fr.pc=0x000002af19b417d8 relative=0x0000000000000418
Event: 22110.517 Thread 0x000002af04da73a0 Uncommon trap: reason=class_check action=maybe_recompile pc=0x000002af19b417d8 method=java.net.Socket.setSoTimeout(I)V @ 43 c2
Event: 22110.517 Thread 0x000002af04da73a0 DEOPT PACKING pc=0x000002af19b417d8 sp=0x000000d6818fec60
Event: 22110.517 Thread 0x000002af04da73a0 DEOPT UNPACKING pc=0x000002af192e5ba3 sp=0x000000d6818fec40 mode 2
Event: 22134.807 Thread 0x000002af04da9ef0 Uncommon trap: trap_request=0xfffffff4 fr.pc=0x000002af1a220840 relative=0x0000000000001060
Event: 22134.807 Thread 0x000002af04da9ef0 Uncommon trap: reason=null_check action=make_not_entrant pc=0x000002af1a220840 method=com.fasterxml.jackson.databind.introspect.JacksonAnnotationIntrospector.findKeyDeserializer(Lcom/fasterxml/jackson/databind/introspect/Annotated;)Ljava/lang/Object; @ 8 
Event: 22134.807 Thread 0x000002af04da9ef0 DEOPT PACKING pc=0x000002af1a220840 sp=0x000000d6816fc3d0
Event: 22134.807 Thread 0x000002af04da9ef0 DEOPT UNPACKING pc=0x000002af192e5ba3 sp=0x000000d6816fc318 mode 2

Classes unloaded (4 events):
Event: 28.787 Thread 0x000002af393f5f00 Unloading class 0x000002af3da4d000 'jdk/internal/reflect/GeneratedSerializationConstructorAccessor29'
Event: 28.787 Thread 0x000002af393f5f00 Unloading class 0x000002af3da4c400 'jdk/internal/reflect/GeneratedSerializationConstructorAccessor28'
Event: 28.787 Thread 0x000002af393f5f00 Unloading class 0x000002af3da44c00 'jdk/internal/reflect/GeneratedSerializationConstructorAccessor27'
Event: 28.787 Thread 0x000002af393f5f00 Unloading class 0x000002af3d978800 'jdk/internal/reflect/GeneratedSerializationConstructorAccessor26'

Classes redefined (0 events):
No events

Internal exceptions (20 events):
Event: 22316.055 Thread 0x000002af04da86e0 Exception <a 'java/net/ConnectException'{0x0000000594c5e008}: Connection refused: no further information> (0x0000000594c5e008) 
thrown [s\open\src\hotspot\share\prims\jni.cpp, line 535]
Event: 22316.055 Thread 0x000002af04da86e0 Exception <a 'java/net/SocketException'{0x0000000594c5e5e8}: Socket is not connected: shutdown> (0x0000000594c5e5e8) 
thrown [s\open\src\hotspot\share\prims\jni.cpp, line 535]
Event: 22316.092 Thread 0x000002af04da86e0 Exception <a 'java/net/ConnectException'{0x0000000594c5fc40}: Connection refused: no further information> (0x0000000594c5fc40) 
thrown [s\open\src\hotspot\share\prims\jni.cpp, line 535]
Event: 22316.092 Thread 0x000002af04da86e0 Exception <a 'java/net/SocketException'{0x0000000594c60220}: Socket is not connected: shutdown> (0x0000000594c60220) 
thrown [s\open\src\hotspot\share\prims\jni.cpp, line 535]
Event: 22345.886 Thread 0x000002af04da9ef0 Exception <a 'java/net/ConnectException'{0x0000000594d65e00}: Connection refused: no further information> (0x0000000594d65e00) 
thrown [s\open\src\hotspot\share\prims\jni.cpp, line 535]
Event: 22345.887 Thread 0x000002af04da9ef0 Exception <a 'java/net/SocketException'{0x0000000594d66680}: Socket is not connected: shutdown> (0x0000000594d66680) 
thrown [s\open\src\hotspot\share\prims\jni.cpp, line 535]
Event: 22345.933 Thread 0x000002af04da9ef0 Exception <a 'java/net/ConnectException'{0x0000000594d67a88}: Connection refused: no further information> (0x0000000594d67a88) 
thrown [s\open\src\hotspot\share\prims\jni.cpp, line 535]
Event: 22345.933 Thread 0x000002af04da9ef0 Exception <a 'java/net/SocketException'{0x0000000594d68068}: Socket is not connected: shutdown> (0x0000000594d68068) 
thrown [s\open\src\hotspot\share\prims\jni.cpp, line 535]
Event: 22346.171 Thread 0x000002af04da86e0 Exception <a 'java/net/ConnectException'{0x0000000594e4bf30}: Connection refused: no further information> (0x0000000594e4bf30) 
thrown [s\open\src\hotspot\share\prims\jni.cpp, line 535]
Event: 22346.171 Thread 0x000002af04da86e0 Exception <a 'java/net/SocketException'{0x0000000594e4c510}: Socket is not connected: shutdown> (0x0000000594e4c510) 
thrown [s\open\src\hotspot\share\prims\jni.cpp, line 535]
Event: 22346.207 Thread 0x000002af04da86e0 Exception <a 'java/net/ConnectException'{0x0000000594e4db70}: Connection refused: no further information> (0x0000000594e4db70) 
thrown [s\open\src\hotspot\share\prims\jni.cpp, line 535]
Event: 22346.207 Thread 0x000002af04da86e0 Exception <a 'java/net/SocketException'{0x0000000594e4e150}: Socket is not connected: shutdown> (0x0000000594e4e150) 
thrown [s\open\src\hotspot\share\prims\jni.cpp, line 535]
Event: 22375.989 Thread 0x000002af04da9ef0 Exception <a 'java/net/ConnectException'{0x0000000594f5e0e8}: Connection refused: no further information> (0x0000000594f5e0e8) 
thrown [s\open\src\hotspot\share\prims\jni.cpp, line 535]
Event: 22375.990 Thread 0x000002af04da9ef0 Exception <a 'java/net/SocketException'{0x0000000594f5e6c8}: Socket is not connected: shutdown> (0x0000000594f5e6c8) 
thrown [s\open\src\hotspot\share\prims\jni.cpp, line 535]
Event: 22376.012 Thread 0x000002af04da9ef0 Exception <a 'java/net/ConnectException'{0x0000000594f5fad0}: Connection refused: no further information> (0x0000000594f5fad0) 
thrown [s\open\src\hotspot\share\prims\jni.cpp, line 535]
Event: 22376.012 Thread 0x000002af04da9ef0 Exception <a 'java/net/SocketException'{0x0000000594f600b0}: Socket is not connected: shutdown> (0x0000000594f600b0) 
thrown [s\open\src\hotspot\share\prims\jni.cpp, line 535]
Event: 22376.260 Thread 0x000002af04da86e0 Exception <a 'java/net/ConnectException'{0x000000058d845248}: Connection refused: no further information> (0x000000058d845248) 
thrown [s\open\src\hotspot\share\prims\jni.cpp, line 535]
Event: 22376.260 Thread 0x000002af04da86e0 Exception <a 'java/net/SocketException'{0x000000058d845828}: Socket is not connected: shutdown> (0x000000058d845828) 
thrown [s\open\src\hotspot\share\prims\jni.cpp, line 535]
Event: 22376.290 Thread 0x000002af04da86e0 Exception <a 'java/net/ConnectException'{0x000000058d846c30}: Connection refused: no further information> (0x000000058d846c30) 
thrown [s\open\src\hotspot\share\prims\jni.cpp, line 535]
Event: 22376.290 Thread 0x000002af04da86e0 Exception <a 'java/net/SocketException'{0x000000058d847210}: Socket is not connected: shutdown> (0x000000058d847210) 
thrown [s\open\src\hotspot\share\prims\jni.cpp, line 535]

VM Operations (20 events):
Event: 22185.658 Executing VM operation: Cleanup
Event: 22185.658 Executing VM operation: Cleanup done
Event: 22195.735 Executing VM operation: Cleanup
Event: 22195.735 Executing VM operation: Cleanup done
Event: 22226.071 Executing VM operation: Cleanup
Event: 22226.071 Executing VM operation: Cleanup done
Event: 22256.327 Executing VM operation: Cleanup
Event: 22256.327 Executing VM operation: Cleanup done
Event: 22285.614 Executing VM operation: Cleanup
Event: 22285.614 Executing VM operation: Cleanup done
Event: 22286.626 Executing VM operation: Cleanup
Event: 22286.626 Executing VM operation: Cleanup done
Event: 22292.685 Executing VM operation: Cleanup
Event: 22292.685 Executing VM operation: Cleanup done
Event: 22315.971 Executing VM operation: Cleanup
Event: 22315.971 Executing VM operation: Cleanup done
Event: 22346.276 Executing VM operation: Cleanup
Event: 22346.276 Executing VM operation: Cleanup done
Event: 22376.541 Executing VM operation: Cleanup
Event: 22376.573 Executing VM operation: Cleanup done

Events (20 events):
Event: 21393.052 Thread 0x000002af04dabbd0 Thread exited: 0x000002af04dabbd0
Event: 21904.504 Thread 0x000002af04da73a0 Thread added: 0x000002af04da73a0
Event: 21990.508 Thread 0x000002af7f44b720 Thread exited: 0x000002af7f44b720
Event: 22036.568 loading class java/lang/Throwable$WrappedPrintStream
Event: 22036.575 loading class java/lang/Throwable$WrappedPrintStream done
Event: 22036.586 Thread 0x000002af0591e2b0 Thread exited: 0x000002af0591e2b0
Event: 22072.715 loading class sun/net/ConnectionResetException
Event: 22072.729 loading class sun/net/ConnectionResetException done
Event: 22072.775 loading class sun/net/util/SocketExceptions
Event: 22072.811 loading class sun/net/util/SocketExceptions done
Event: 22074.293 loading class java/lang/Throwable$WrappedPrintWriter
Event: 22074.299 loading class java/lang/Throwable$WrappedPrintWriter done
Event: 22074.328 loading class java/util/concurrent/atomic/Striped64$Cell
Event: 22074.342 loading class java/util/concurrent/atomic/Striped64$Cell done
Event: 22074.416 Thread 0x000002af7f44bbf0 Thread exited: 0x000002af7f44bbf0
Event: 22074.422 loading class java/rmi/server/UnicastRemoteObject
Event: 22074.508 loading class java/rmi/server/UnicastRemoteObject done
Event: 22074.853 loading class jdk/internal/loader/BootLoader$PackageHelper
Event: 22074.860 loading class jdk/internal/loader/BootLoader$PackageHelper done
Event: 22185.530 Thread 0x000002af04da73a0 Thread exited: 0x000002af04da73a0


Dynamic libraries:
0x00007ff685820000 - 0x00007ff685830000 	C:\Program Files\Java\jdk-17\bin\java.exe
0x00007ffe19d40000 - 0x00007ffe19fa9000 	C:\Windows\SYSTEM32\ntdll.dll
0x00007ffe18cf0000 - 0x00007ffe18db9000 	C:\Windows\System32\KERNEL32.DLL
0x00007ffe17380000 - 0x00007ffe17773000 	C:\Windows\System32\KERNELBASE.dll
0x00007ffe17230000 - 0x00007ffe1737b000 	C:\Windows\System32\ucrtbase.dll
0x00007ffdfe200000 - 0x00007ffdfe21b000 	C:\Program Files\Java\jdk-17\bin\VCRUNTIME140.dll
0x00007ffdff870000 - 0x00007ffdff889000 	C:\Program Files\Java\jdk-17\bin\jli.dll
0x00007ffe19380000 - 0x00007ffe19434000 	C:\Windows\System32\ADVAPI32.dll
0x00007ffe199d0000 - 0x00007ffe19a79000 	C:\Windows\System32\msvcrt.dll
0x00007ffe18260000 - 0x00007ffe18306000 	C:\Windows\System32\sechost.dll
0x00007ffe19be0000 - 0x00007ffe19cf8000 	C:\Windows\System32\RPCRT4.dll
0x00007ffe17b90000 - 0x00007ffe17d54000 	C:\Windows\System32\USER32.dll
0x00007ffdf8670000 - 0x00007ffdf8903000 	C:\Windows\WinSxS\amd64_microsoft.windows.common-controls_6595b64144ccf1df_6.0.26100.5074_none_3e0d6f78e32fd63f\COMCTL32.dll
0x00007ffe19800000 - 0x00007ffe1982b000 	C:\Windows\System32\GDI32.dll
0x00007ffe17a30000 - 0x00007ffe17a57000 	C:\Windows\System32\win32u.dll
0x00007ffe17780000 - 0x00007ffe178ad000 	C:\Windows\System32\gdi32full.dll
0x00007ffe17a60000 - 0x00007ffe17b03000 	C:\Windows\System32\msvcp_win.dll
0x00007ffe08e90000 - 0x00007ffe08e9b000 	C:\Windows\SYSTEM32\VERSION.dll
0x00007ffe19550000 - 0x00007ffe1957f000 	C:\Windows\System32\IMM32.DLL
0x00007ffe00cd0000 - 0x00007ffe00cdc000 	C:\Program Files\Java\jdk-17\bin\vcruntime140_1.dll
0x00007ffdc8360000 - 0x00007ffdc83ee000 	C:\Program Files\Java\jdk-17\bin\msvcp140.dll
0x00007ffd642a0000 - 0x00007ffd64e81000 	C:\Program Files\Java\jdk-17\bin\server\jvm.dll
0x00007ffe00210000 - 0x00007ffe00245000 	C:\Windows\SYSTEM32\WINMM.dll
0x00007ffe18ce0000 - 0x00007ffe18ce8000 	C:\Windows\System32\PSAPI.DLL
0x00007ffe07600000 - 0x00007ffe0760a000 	C:\Windows\SYSTEM32\WSOCK32.dll
0x00007ffe19140000 - 0x00007ffe191b4000 	C:\Windows\System32\WS2_32.dll
0x00007ffe15c70000 - 0x00007ffe15c8b000 	C:\Windows\SYSTEM32\kernel.appcore.dll
0x00007ffdfeb00000 - 0x00007ffdfeb0a000 	C:\Program Files\Java\jdk-17\bin\jimage.dll
0x00007ffe14610000 - 0x00007ffe14852000 	C:\Windows\SYSTEM32\DBGHELP.DLL
0x00007ffe18dc0000 - 0x00007ffe1913b000 	C:\Windows\System32\combase.dll
0x00007ffe19690000 - 0x00007ffe19767000 	C:\Windows\System32\OLEAUT32.dll
0x00007ffddcbc0000 - 0x00007ffddcbfd000 	C:\Windows\SYSTEM32\dbgcore.DLL
0x00007ffe17040000 - 0x00007ffe170d9000 	C:\Windows\System32\bcryptPrimitives.dll
0x00007ffdeda90000 - 0x00007ffdedab5000 	C:\Program Files\Java\jdk-17\bin\java.dll
0x00007ffdad910000 - 0x00007ffdad9e7000 	C:\Program Files\Java\jdk-17\bin\jsvml.dll
0x00007ffe18310000 - 0x00007ffe18a5d000 	C:\Windows\System32\SHELL32.dll
0x00007ffe16ed0000 - 0x00007ffe1703c000 	C:\Windows\System32\wintypes.dll
0x00007ffe14af0000 - 0x00007ffe15349000 	C:\Windows\SYSTEM32\windows.storage.dll
0x00007ffe19450000 - 0x00007ffe19540000 	C:\Windows\System32\SHCORE.dll
0x00007ffe19310000 - 0x00007ffe19372000 	C:\Windows\System32\shlwapi.dll
0x00007ffe16df0000 - 0x00007ffe16e19000 	C:\Windows\SYSTEM32\profapi.dll
0x00007ffde2430000 - 0x00007ffde2449000 	C:\Program Files\Java\jdk-17\bin\net.dll
0x00007ffe093b0000 - 0x00007ffe094cf000 	C:\Windows\SYSTEM32\WINHTTP.dll
0x00007ffe161d0000 - 0x00007ffe1623b000 	C:\Windows\system32\mswsock.dll
0x00007ffde2410000 - 0x00007ffde2426000 	C:\Program Files\Java\jdk-17\bin\nio.dll
0x00007ffde23f0000 - 0x00007ffde2408000 	C:\Program Files\Java\jdk-17\bin\zip.dll
0x00007ffe00f60000 - 0x00007ffe00f6a000 	C:\Program Files\Java\jdk-17\bin\management.dll
0x00007ffdfe1f0000 - 0x00007ffdfe1fb000 	C:\Program Files\Java\jdk-17\bin\management_ext.dll
0x00007ffde2b10000 - 0x00007ffde2b28000 	C:\Windows\system32\napinsp.dll
0x00007ffde2af0000 - 0x00007ffde2b06000 	C:\Windows\system32\wshbth.dll
0x00007ffde2ac0000 - 0x00007ffde2ae8000 	C:\Windows\system32\nlansp_c.dll
0x00007ffe15700000 - 0x00007ffe15826000 	C:\Windows\SYSTEM32\DNSAPI.dll
0x00007ffe15670000 - 0x00007ffe156a4000 	C:\Windows\SYSTEM32\IPHLPAPI.DLL
0x00007ffe19440000 - 0x00007ffe1944a000 	C:\Windows\System32\NSI.dll
0x00007ffde2aa0000 - 0x00007ffde2ab2000 	C:\Windows\System32\winrnr.dll
0x00007ffe0e690000 - 0x00007ffe0e69b000 	C:\Windows\System32\rasadhlp.dll
0x00007ffe113d0000 - 0x00007ffe11456000 	C:\Windows\System32\fwpuclnt.dll
0x00007ffe165a0000 - 0x00007ffe165bb000 	C:\Windows\SYSTEM32\CRYPTSP.dll
0x00007ffe15bd0000 - 0x00007ffe15c0b000 	C:\Windows\system32\rsaenh.dll
0x00007ffe16270000 - 0x00007ffe1629b000 	C:\Windows\SYSTEM32\USERENV.dll
0x00007ffe16dc0000 - 0x00007ffe16de6000 	C:\Windows\SYSTEM32\bcrypt.dll
0x00007ffe16400000 - 0x00007ffe1640c000 	C:\Windows\SYSTEM32\CRYPTBASE.dll
0x00007ffe10ee0000 - 0x00007ffe10efe000 	C:\Windows\SYSTEM32\dhcpcsvc6.DLL
0x00007ffe10a70000 - 0x00007ffe10a93000 	C:\Windows\SYSTEM32\dhcpcsvc.DLL
0x00007ffdfd8d0000 - 0x00007ffdfd8de000 	C:\Program Files\Java\jdk-17\bin\sunmscapi.dll
0x00007ffe178b0000 - 0x00007ffe17a27000 	C:\Windows\System32\CRYPT32.dll
0x00007ffe166f0000 - 0x00007ffe16720000 	C:\Windows\SYSTEM32\ncrypt.dll
0x00007ffe166a0000 - 0x00007ffe166df000 	C:\Windows\SYSTEM32\NTASN1.dll
0x00007ffded7e0000 - 0x00007ffded7f0000 	C:\Program Files\Java\jdk-17\bin\verify.dll
0x00007ffd60650000 - 0x00007ffd60658000 	C:\Windows\system32\wshunix.dll

dbghelp: loaded successfully - version: 4.0.5 - missing functions: none
symbol engine: initialized successfully - sym options: 0x614 - pdb path: .;C:\Program Files\Java\jdk-17\bin;C:\Windows\SYSTEM32;C:\Windows\WinSxS\amd64_microsoft.windows.common-controls_6595b64144ccf1df_6.0.26100.5074_none_3e0d6f78e32fd63f;C:\Program Files\Java\jdk-17\bin\server

VM Arguments:
jvm_args: -XX:+ShowCodeDetailsInExceptionMessages -Dspring.jmx.enabled=true -Dmanagement.endpoints.jmx.exposure.include=* -Dspring.application.admin.enabled=true -Dspring.boot.project.name=com.manamer.sellout.business-sellout -Djava.rmi.server.hostname=localhost -Dcom.sun.management.jmxremote.port=45559 -Dcom.sun.management.jmxremote.authenticate=false -Dcom.sun.management.jmxremote.ssl=false 
java_command: com.manamer.backend.business.sellout.SelloutApplication
java_class_path (initial): C:\Users\Fernanda Jama\OneDrive - Manamer\Documentos\PROYECTOS 2025-2026\sellout1\backend\business\sellout\target\classes;C:\Users\Fernanda Jama\.m2\repository\org\springframework\boot\spring-boot-starter\3.2.4\spring-boot-starter-3.2.4.jar;C:\Users\Fernanda Jama\.m2\repository\org\springframework\boot\spring-boot\3.2.4\spring-boot-3.2.4.jar;C:\Users\Fernanda Jama\.m2\repository\org\springframework\boot\spring-boot-autoconfigure\3.2.4\spring-boot-autoconfigure-3.2.4.jar;C:\Users\Fernanda Jama\.m2\repository\org\springframework\boot\spring-boot-starter-logging\3.2.4\spring-boot-starter-logging-3.2.4.jar;C:\Users\Fernanda Jama\.m2\repository\ch\qos\logback\logback-classic\1.4.14\logback-classic-1.4.14.jar;C:\Users\Fernanda Jama\.m2\repository\ch\qos\logback\logback-core\1.4.14\logback-core-1.4.14.jar;C:\Users\Fernanda Jama\.m2\repository\org\apache\logging\log4j\log4j-to-slf4j\2.23.1\log4j-to-slf4j-2.23.1.jar;C:\Users\Fernanda Jama\.m2\repository\org\slf4j\jul-to-slf4j\2.0.12\jul-to-slf4j-2.0.12.jar;C:\Users\Fernanda Jama\.m2\repository\jakarta\annotation\jakarta.annotation-api\2.1.1\jakarta.annotation-api-2.1.1.jar;C:\Users\Fernanda Jama\.m2\repository\org\springframework\spring-core\6.1.11\spring-core-6.1.11.jar;C:\Users\Fernanda Jama\.m2\repository\org\springframework\spring-jcl\6.1.11\spring-jcl-6.1.11.jar;C:\Users\Fernanda Jama\.m2\repository\org\yaml\snakeyaml\2.2\snakeyaml-2.2.jar;C:\Users\Fernanda Jama\.m2\repository\com\microsoft\sqlserver\mssql-jdbc\12.4.2.jre11\mssql-jdbc-12.4.2.jre11.jar;C:\Users\Fernanda Jama\.m2\repository\org\projectlombok\lombok\1.18.28\lombok-1.18.28.jar;C:\Users\Fernanda Jama\.m2\repository\org\springframework\boot\spring-boot-starter-data-jpa\3.2.4\spring-boot-starter-data-jpa-3.2.4.jar;C:\Users\Fernanda Jama\.m2\repository\org\springframework\boot\spring-boot-starter-aop\3.2.4\spring-boot-starter-aop-3.2.4.jar;C:\Users\Fernanda Jama\.m2\repository\org\aspectj\aspectjweaver\1.9.21\aspectjweaver-1.9.21.ja
Launcher Type: SUN_STANDARD

[Global flags]
     intx CICompilerCount                          = 4                                         {product} {ergonomic}
     uint ConcGCThreads                            = 2                                         {product} {ergonomic}
     uint G1ConcRefinementThreads                  = 8                                         {product} {ergonomic}
   size_t G1HeapRegionSize                         = 8388608                                   {product} {ergonomic}
    uintx GCDrainStackTargetSize                   = 64                                        {product} {ergonomic}
   size_t InitialHeapSize                          = 671088640                                 {product} {ergonomic}
     bool ManagementServer                         = true                                      {product} {command line}
   size_t MarkStackSize                            = 4194304                                   {product} {ergonomic}
   size_t MaxHeapSize                              = 10687086592                               {product} {ergonomic}
   size_t MaxNewSize                               = 6408896512                                {product} {ergonomic}
   size_t MinHeapDeltaBytes                        = 8388608                                   {product} {ergonomic}
   size_t MinHeapSize                              = 8388608                                   {product} {ergonomic}
    uintx NonNMethodCodeHeapSize                   = 5839372                                {pd product} {ergonomic}
    uintx NonProfiledCodeHeapSize                  = 122909434                              {pd product} {ergonomic}
    uintx ProfiledCodeHeapSize                     = 122909434                              {pd product} {ergonomic}
    uintx ReservedCodeCacheSize                    = 251658240                              {pd product} {ergonomic}
     bool SegmentedCodeCache                       = true                                      {product} {ergonomic}
     bool ShowCodeDetailsInExceptionMessages       = true                                   {manageable} {command line}
   size_t SoftMaxHeapSize                          = 10687086592                            {manageable} {ergonomic}
     bool UseCompressedClassPointers               = true                           {product lp64_product} {ergonomic}
     bool UseCompressedOops                        = true                           {product lp64_product} {ergonomic}
     bool UseG1GC                                  = true                                      {product} {ergonomic}
     bool UseLargePagesIndividualAllocation        = false                                  {pd product} {ergonomic}

Logging:
Log output configuration:
 #0: stdout all=warning uptime,level,tags
 #1: stderr all=off uptime,level,tags

Environment Variables:
JAVA_HOME=C:\\Program Files\\Java\\jdk-17
CLASSPATH=C:\Program Files\SAP\SAP Business One DI API\JCO\LIB\sbowrapper.jar;C:\Program Files\SAP\SAP Business One DI API\JCO\LIB\sboapi.jar
PATH=C:\\Program Files\\Java\\jdk-17\\bin;C:\\Users\\Fernanda Jama\\.trae\\tools\\maven\\latest\\bin;C:\\Users\\Fernanda Jama\\.trae\\tools\\gradle\\latest\\bin;C:\Program Files\Java\jdk-17\bin;C:\Users\Fernanda Jama\.trae\tools\maven\latest\bin;C:\Users\Fernanda Jama\.trae\tools\gradle\latest\bin;C:\Python313\Scripts\;C:\Python313\;C:\Program Files\Microsoft MPI\Bin\;C:\Program Files\Common Files\Oracle\Java\javapath;C:\Windows\system32;C:\Windows;C:\Windows\System32\Wbem;C:\Windows\System32\WindowsPowerShell\v1.0\;C:\Windows\System32\OpenSSH\;C:\Program Files\Microsoft SQL Server\Client SDK\ODBC\170\Tools\Binn\;C:\Program Files (x86)\Microsoft SQL Server\150\Tools\Binn\;C:\Program Files\Microsoft SQL Server\150\Tools\Binn\;C:\Program Files\Microsoft SQL Server\150\DTS\Binn\;C:\Program Files (x86)\Microsoft SQL Server\160\DTS\Binn\;C:\Program Files\nodejs\;C:\ProgramData\chocolatey\bin;C:\Program Files\SAP\SAP Business One DI API\JCO\LIB\;C:\Program Files\SAP\SAP Business One DI API\DI API 90;C:\Program Files\SAP\SAP Business One\;C:\Program Files\apache-maven-3.8.8-bin\apache-maven-3.8.8\bin;C:\Program Files\Git\cmd;C:\Users\Fernanda Jama\AppData\Local\Microsoft\WindowsApps;C:\Users\Fernanda Jama\AppData\Local\GitHubDesktop\bin;C:\Users\Fernanda Jama\AppData\Local\Programs\Microsoft VS Code\bin;C:\Users\Fernanda Jama\AppData\Roaming\npm
USERNAME=Fernanda Jama
LANG=en_US.UTF-8
OS=Windows_NT
PROCESSOR_IDENTIFIER=Intel64 Family 6 Model 140 Stepping 1, GenuineIntel



---------------  S Y S T E M  ---------------

OS:
 Windows 11 , 64 bit Build 26100 (10.0.26100.5074)
OS uptime: 0 days 6:47 hours
Hyper-V role detected

CPU: total 8 (initial active 8) (4 cores per cpu, 2 threads per core) family 6 model 140 stepping 1 microcode 0xb8, cx8, cmov, fxsr, ht, mmx, 3dnowpref, sse, sse2, sse3, ssse3, sse4.1, sse4.2, popcnt, lzcnt, tsc, tscinvbit, avx, avx2, aes, erms, clmul, bmi1, bmi2, adx, avx512f, avx512dq, avx512cd, avx512bw, avx512vl, sha, fma, vzeroupper, avx512_vpopcntdq, avx512_vpclmulqdq, avx512_vaes, avx512_vnni, clflush, clflushopt, clwb, avx512_vbmi2, avx512_vbmi, hv

Memory: 4k page, system-wide physical 40743M (338M free)
TotalPageFile size 101623M (AvailPageFile size 0M)
current process WorkingSet (physical memory assigned to process): 246M, peak: 483M
current process commit charge ("private bytes"): 508M, peak: 803M

vm_info: Java HotSpot(TM) 64-Bit Server VM (17.0.15+9-LTS-241) for windows-amd64 JRE (17.0.15+9-LTS-241), built on Feb 20 2025 10:49:54 by "mach5one" with MS VC++ 17.6 (VS2022)

END.
