#
# There is insufficient memory for the Java Runtime Environment to continue.
# Native memory allocation (malloc) failed to allocate 1439376 bytes for Chunk::new
# Possible reasons:
#   The system is out of physical RAM or swap space
#   The process is running with CompressedOops enabled, and the Java Heap may be blocking the growth of the native heap
# Possible solutions:
#   Reduce memory load on the system
#   Increase physical memory or swap space
#   Check if swap backing store is full
#   Decrease Java heap size (-Xmx/-Xms)
#   Decrease number of Java threads
#   Decrease Java thread stack sizes (-Xss)
#   Set larger code cache with -XX:ReservedCodeCacheSize=
#   JVM is running with Zero Based Compressed Oops mode in which the Java heap is
#     placed in the first 32GB address space. The Java Heap base address is the
#     maximum limit for the native heap growth. Please use -XX:HeapBaseMinAddress
#     to set the Java Heap base and to place the Java Heap above 32GB virtual address.
# This output file may be truncated or incomplete.
#
#  Out of Memory Error (arena.cpp:189), pid=19772, tid=21056
#
# JRE version: Java(TM) SE Runtime Environment (17.0.15+9) (build 17.0.15+9-LTS-241)
# Java VM: Java HotSpot(TM) 64-Bit Server VM (17.0.15+9-LTS-241, mixed mode, sharing, tiered, compressed oops, compressed class ptrs, g1 gc, windows-amd64)
# No core dump will be written. Minidumps are not enabled by default on client versions of Windows
#

---------------  S U M M A R Y ------------

Command Line: -XX:+ShowCodeDetailsInExceptionMessages com.manamer.sellout.infraestructure.apigateway.ApigatewayApplication

Host: 11th Gen Intel(R) Core(TM) i7-1165G7 @ 2.80GHz, 8 cores, 39G,  Windows 11 , 64 bit Build 26100 (10.0.26100.4484)
Time: Thu Jul 10 23:36:38 2025 Hora est. Pacífico, Sudamérica elapsed time: 24914.783286 seconds (0d 6h 55m 14s)

---------------  T H R E A D  ---------------

Current thread (0x000001c95fbe67c0):  JavaThread "C2 CompilerThread0" daemon [_thread_in_native, id=21056, stack(0x0000005149000000,0x0000005149100000)]


Current CompileTask:
C2:24914783 12638       4       com.fasterxml.jackson.databind.introspect.POJOPropertiesCollector::_addFields (577 bytes)

Stack: [0x0000005149000000,0x0000005149100000]
Native frames: (J=compiled Java code, j=interpreted, Vv=VM code, C=native code)
V  [jvm.dll+0x67a46a]
V  [jvm.dll+0x7da6ad]
V  [jvm.dll+0x7dbff3]
V  [jvm.dll+0x7dc663]
V  [jvm.dll+0x24523f]
V  [jvm.dll+0xab763]
V  [jvm.dll+0xabd2c]
V  [jvm.dll+0x361ebf]
V  [jvm.dll+0x32c5e1]
V  [jvm.dll+0x32ba7a]
V  [jvm.dll+0x2169ef]
V  [jvm.dll+0x215e1f]
V  [jvm.dll+0x1a2a00]
V  [jvm.dll+0x2262bb]
V  [jvm.dll+0x22445b]
V  [jvm.dll+0x790acc]
V  [jvm.dll+0x78b0ba]
V  [jvm.dll+0x679355]
C  [ucrtbase.dll+0x37b0]
C  [KERNEL32.DLL+0x2e8d7]
C  [ntdll.dll+0x3c34c]


---------------  P R O C E S S  ---------------

Threads class SMR info:
_java_thread_list=0x000001c9a7ae9a20, length=25, elements={
0x000001c95fbce410, 0x000001c95fbcefc0, 0x000001c95fbe0af0, 0x000001c95fbe16a0,
0x000001c95fbe4160, 0x000001c95fbe4b10, 0x000001c95fbe67c0, 0x000001c95fbe7170,
0x000001c95fbf8980, 0x000001c9605231c0, 0x000001c96053a350, 0x000001c9a7dfd8f0,
0x000001c9ab12b760, 0x000001c9a83e60b0, 0x000001c9a83e6580, 0x000001c9a83e6f20,
0x000001c9a83e3560, 0x000001c9a83e3a30, 0x000001c9a83e43d0, 0x000001c9a83e3f00,
0x000001c9a83e48a0, 0x000001c9a83e4d70, 0x000001c9a83e5240, 0x000001c9a83e5be0,
0x000001c9ab12e2b0
}

Java Threads: ( => current thread )
  0x000001c95fbce410 JavaThread "Reference Handler" daemon [_thread_blocked, id=18368, stack(0x0000005148a00000,0x0000005148b00000)]
  0x000001c95fbcefc0 JavaThread "Finalizer" daemon [_thread_blocked, id=22836, stack(0x0000005148b00000,0x0000005148c00000)]
  0x000001c95fbe0af0 JavaThread "Signal Dispatcher" daemon [_thread_blocked, id=22480, stack(0x0000005148c00000,0x0000005148d00000)]
  0x000001c95fbe16a0 JavaThread "Attach Listener" daemon [_thread_blocked, id=22252, stack(0x0000005148d00000,0x0000005148e00000)]
  0x000001c95fbe4160 JavaThread "Service Thread" daemon [_thread_blocked, id=22968, stack(0x0000005148e00000,0x0000005148f00000)]
  0x000001c95fbe4b10 JavaThread "Monitor Deflation Thread" daemon [_thread_blocked, id=21080, stack(0x0000005148f00000,0x0000005149000000)]
=>0x000001c95fbe67c0 JavaThread "C2 CompilerThread0" daemon [_thread_in_native, id=21056, stack(0x0000005149000000,0x0000005149100000)]
  0x000001c95fbe7170 JavaThread "C1 CompilerThread0" daemon [_thread_blocked, id=8236, stack(0x0000005149100000,0x0000005149200000)]
  0x000001c95fbf8980 JavaThread "Sweeper thread" daemon [_thread_blocked, id=22264, stack(0x0000005149200000,0x0000005149300000)]
  0x000001c9605231c0 JavaThread "Notification Thread" daemon [_thread_blocked, id=10776, stack(0x0000005149300000,0x0000005149400000)]
  0x000001c96053a350 JavaThread "Common-Cleaner" daemon [_thread_blocked, id=24532, stack(0x0000005149500000,0x0000005149600000)]
  0x000001c9a7dfd8f0 JavaThread "boundedElastic-evictor-1" daemon [_thread_blocked, id=21464, stack(0x000000514a400000,0x000000514a500000)]
  0x000001c9ab12b760 JavaThread "DestroyJavaVM" [_thread_blocked, id=20868, stack(0x0000005148300000,0x0000005148400000)]
  0x000001c9a83e60b0 JavaThread "spring.cloud.inetutils" daemon [_thread_blocked, id=3116, stack(0x0000005149900000,0x0000005149a00000)]
  0x000001c9a83e6580 JavaThread "File Watcher" daemon [_thread_blocked, id=9540, stack(0x0000005149800000,0x0000005149900000)]
  0x000001c9a83e6f20 JavaThread "AsyncResolver-bootstrap-0" daemon [_thread_blocked, id=25124, stack(0x000000514a100000,0x000000514a200000)]
  0x000001c9a83e3560 JavaThread "idle-connection-evictor-1" daemon [_thread_blocked, id=26048, stack(0x000000514a200000,0x000000514a300000)]
  0x000001c9a83e3a30 JavaThread "DiscoveryClient-0" daemon [_thread_blocked, id=20760, stack(0x000000514a500000,0x000000514a600000)]
  0x000001c9a83e43d0 JavaThread "DiscoveryClient-1" daemon [_thread_blocked, id=15556, stack(0x000000514a600000,0x000000514a700000)]
  0x000001c9a83e3f00 JavaThread "DiscoveryClient-InstanceInfoReplicator-0" daemon [_thread_blocked, id=4200, stack(0x000000514a700000,0x000000514a800000)]
  0x000001c9a83e48a0 JavaThread "reactor-http-nio-1" daemon [_thread_in_native, id=15348, stack(0x000000514a800000,0x000000514a900000)]
  0x000001c9a83e4d70 JavaThread "server" [_thread_blocked, id=26504, stack(0x000000514a900000,0x000000514aa00000)]
  0x000001c9a83e5240 JavaThread "DiscoveryClient-CacheRefreshExecutor-0" daemon [_thread_blocked, id=2960, stack(0x0000005149600000,0x0000005149700000)]
  0x000001c9a83e5be0 JavaThread "DiscoveryClient-HeartbeatExecutor-0" daemon [_thread_blocked, id=23848, stack(0x000000514aa00000,0x000000514ab00000)]
  0x000001c9ab12e2b0 JavaThread "AsyncResolver-bootstrap-executor-0" daemon [_thread_blocked, id=16556, stack(0x0000005148100000,0x0000005148200000)]

Other Threads:
  0x000001c95fbb9920 VMThread "VM Thread" [stack: 0x0000005148900000,0x0000005148a00000] [id=21564]
  0x000001c960525ab0 WatcherThread [stack: 0x0000005149400000,0x0000005149500000] [id=21804]
  0x000001c92d3d0110 GCTaskThread "GC Thread#0" [stack: 0x0000005148400000,0x0000005148500000] [id=24120]
  0x000001c9a6abfda0 GCTaskThread "GC Thread#1" [stack: 0x0000005149a00000,0x0000005149b00000] [id=2040]
  0x000001c9a6ac0060 GCTaskThread "GC Thread#2" [stack: 0x0000005149b00000,0x0000005149c00000] [id=23088]
  0x000001c9a6ac0320 GCTaskThread "GC Thread#3" [stack: 0x0000005149c00000,0x0000005149d00000] [id=12584]
  0x000001c9a6ac05e0 GCTaskThread "GC Thread#4" [stack: 0x0000005149d00000,0x0000005149e00000] [id=21044]
  0x000001c9a6dce0c0 GCTaskThread "GC Thread#5" [stack: 0x0000005149e00000,0x0000005149f00000] [id=19900]
  0x000001c9a6dce380 GCTaskThread "GC Thread#6" [stack: 0x0000005149f00000,0x000000514a000000] [id=24552]
  0x000001c9a6dce640 GCTaskThread "GC Thread#7" [stack: 0x000000514a000000,0x000000514a100000] [id=10456]
  0x000001c92d3dc030 ConcurrentGCThread "G1 Main Marker" [stack: 0x0000005148500000,0x0000005148600000] [id=23116]
  0x000001c92d3dca40 ConcurrentGCThread "G1 Conc#0" [stack: 0x0000005148600000,0x0000005148700000] [id=23172]
  0x000001c9a8a18660 ConcurrentGCThread "G1 Conc#1" [stack: 0x0000005149700000,0x0000005149800000] [id=24076]
  0x000001c95faf4020 ConcurrentGCThread "G1 Refine#0" [stack: 0x0000005148700000,0x0000005148800000] [id=21776]
  0x000001c9a7172760 ConcurrentGCThread "G1 Refine#1" [stack: 0x000000514a300000,0x000000514a400000] [id=23204]
  0x000001c95faf4a50 ConcurrentGCThread "G1 Service" [stack: 0x0000005148800000,0x0000005148900000] [id=21924]

Threads with active compile tasks:
C2 CompilerThread0  24914814 12638       4       com.fasterxml.jackson.databind.introspect.POJOPropertiesCollector::_addFields (577 bytes)

VM state: not at safepoint (normal execution)

VM Mutex/Monitor currently owned by a thread: None

Heap address: 0x0000000583000000, size: 10192 MB, Compressed Oops mode: Zero based, Oop shift amount: 3

CDS archive(s) mapped at: [0x000001c961000000-0x000001c961bd0000-0x000001c961bd0000), size 12386304, SharedBaseAddress: 0x000001c961000000, ArchiveRelocationMode: 1.
Compressed class space mapped at: 0x000001c962000000-0x000001c9a2000000, reserved size: 1073741824
Narrow klass base: 0x000001c961000000, Narrow klass shift: 0, Narrow klass range: 0x100000000

GC Precious Log:
 CPUs: 8 total, 8 available
 Memory: 40743M
 Large Page Support: Disabled
 NUMA Support: Disabled
 Compressed Oops: Enabled (Zero based)
 Heap Region Size: 8M
 Heap Min Capacity: 8M
 Heap Initial Capacity: 640M
 Heap Max Capacity: 10192M
 Pre-touch: Disabled
 Parallel Workers: 8
 Concurrent Workers: 2
 Concurrent Refinement Workers: 8
 Periodic GC: Disabled

Heap:
 garbage-first heap   total 81920K, used 37532K [0x0000000583000000, 0x0000000800000000)
  region size 8192K, 3 young (24576K), 1 survivors (8192K)
 Metaspace       used 54755K, committed 55168K, reserved 1114112K
  class space    used 6906K, committed 7104K, reserved 1048576K

Heap Regions: E=young(eden), S=young(survivor), O=old, HS=humongous(starts), HC=humongous(continues), CS=collection set, F=free, OA=open archive, CA=closed archive, TAMS=top-at-mark-start (previous, next)
|   0|0x0000000583000000, 0x00000005837ffff0, 0x0000000583800000| 99%| O|  |TAMS 0x0000000583000000, 0x0000000583000000| Untracked 
|   1|0x0000000583800000, 0x0000000583fffff8, 0x0000000584000000| 99%| O|  |TAMS 0x0000000583fffff8, 0x0000000583800000| Untracked 
|   2|0x0000000584000000, 0x000000058475f3e8, 0x0000000584800000| 92%| O|  |TAMS 0x0000000584000000, 0x0000000584000000| Untracked 
|   3|0x0000000584800000, 0x00000005849af000, 0x0000000585000000| 21%| O|  |TAMS 0x0000000584800000, 0x0000000584800000| Untracked 
|   4|0x0000000585000000, 0x0000000585000000, 0x0000000585800000|  0%| F|  |TAMS 0x0000000585000000, 0x0000000585000000| Untracked 
|   5|0x0000000585800000, 0x0000000585b98eb0, 0x0000000586000000| 44%| S|CS|TAMS 0x0000000585800000, 0x0000000585800000| Complete 
|   6|0x0000000586000000, 0x0000000586000000, 0x0000000586800000|  0%| F|  |TAMS 0x0000000586000000, 0x0000000586000000| Untracked 
|   7|0x0000000586800000, 0x0000000586800000, 0x0000000587000000|  0%| F|  |TAMS 0x0000000586800000, 0x0000000586800000| Untracked 
|  76|0x00000005a9000000, 0x00000005a94eb1b0, 0x00000005a9800000| 61%| E|  |TAMS 0x00000005a9000000, 0x00000005a9000000| Complete 
|  79|0x00000005aa800000, 0x00000005ab000000, 0x00000005ab000000|100%| E|CS|TAMS 0x00000005aa800000, 0x00000005aa800000| Complete 

Card table byte_map: [0x000001c947230000,0x000001c948620000] _byte_map_base: 0x000001c944618000

Marking Bits (Prev, Next): (CMBitMap*) 0x000001c92d3d0730, (CMBitMap*) 0x000001c92d3d0770
 Prev Bits: [0x000001c949a10000, 0x000001c953950000)
 Next Bits: [0x000001c953950000, 0x000001c95d890000)

Polling page: 0x000001c92d250000

Metaspace:

Usage:
  Non-class:     46.73 MB used.
      Class:      6.74 MB used.
       Both:     53.47 MB used.

Virtual space:
  Non-class space:       64.00 MB reserved,      46.94 MB ( 73%) committed,  1 nodes.
      Class space:        1.00 GB reserved,       6.94 MB ( <1%) committed,  1 nodes.
             Both:        1.06 GB reserved,      53.88 MB (  5%) committed. 

Chunk freelists:
   Non-Class:  963.00 KB
       Class:  9.01 MB
        Both:  9.95 MB

MaxMetaspaceSize: unlimited
CompressedClassSpaceSize: 1.00 GB
Initial GC threshold: 21.00 MB
Current GC threshold: 88.44 MB
CDS: on
MetaspaceReclaimPolicy: balanced
 - commit_granule_bytes: 65536.
 - commit_granule_words: 8192.
 - virtual_space_node_default_size: 8388608.
 - enlarge_chunks_in_place: 1.
 - new_chunks_are_fully_committed: 0.
 - uncommit_free_chunks: 1.
 - use_allocation_guard: 0.
 - handle_deallocations: 1.


Internal statistics:

num_allocs_failed_limit: 6.
num_arena_births: 812.
num_arena_deaths: 188.
num_vsnodes_births: 2.
num_vsnodes_deaths: 0.
num_space_committed: 862.
num_space_uncommitted: 0.
num_chunks_returned_to_freelist: 225.
num_chunks_taken_from_freelist: 2949.
num_chunk_merges: 68.
num_chunk_splits: 1920.
num_chunks_enlarged: 1365.
num_inconsistent_stats: 0.

CodeHeap 'non-profiled nmethods': size=120000Kb used=9260Kb max_used=9260Kb free=110739Kb
 bounds [0x000001c93deb0000, 0x000001c93e7c0000, 0x000001c9453e0000]
CodeHeap 'profiled nmethods': size=120000Kb used=22572Kb max_used=22572Kb free=97427Kb
 bounds [0x000001c9363e0000, 0x000001c9379f0000, 0x000001c93d910000]
CodeHeap 'non-nmethods': size=5760Kb used=1304Kb max_used=1372Kb free=4455Kb
 bounds [0x000001c93d910000, 0x000001c93db80000, 0x000001c93deb0000]
 total_blobs=11085 nmethods=10473 adapters=523
 compilation: enabled
              stopped_count=0, restarted_count=0
 full_count=0

Compilation events (20 events):
Event: 24913.661 Thread 0x000001c95fbe7170 nmethod 12628 0x000001c93e7b9310 code [0x000001c93e7b94a0, 0x000001c93e7b95b8]
Event: 24913.661 Thread 0x000001c95fbe7170 12629       1       com.fasterxml.jackson.databind.ser.BeanSerializerBuilder::setProperties (6 bytes)
Event: 24913.661 Thread 0x000001c95fbe7170 nmethod 12629 0x000001c93e7b9610 code [0x000001c93e7b97a0, 0x000001c93e7b98b8]
Event: 24913.661 Thread 0x000001c95fbe7170 12630       1       com.fasterxml.jackson.databind.ser.BeanSerializerBuilder::setFilterId (6 bytes)
Event: 24913.661 Thread 0x000001c95fbe7170 nmethod 12630 0x000001c93e7b9910 code [0x000001c93e7b9aa0, 0x000001c93e7b9bb8]
Event: 24913.661 Thread 0x000001c95fbe7170 12631       1       com.fasterxml.jackson.databind.ser.BeanSerializerBuilder::getProperties (5 bytes)
Event: 24913.661 Thread 0x000001c95fbe7170 nmethod 12631 0x000001c93e7b9c10 code [0x000001c93e7b9da0, 0x000001c93e7b9e78]
Event: 24913.661 Thread 0x000001c95fbe7170 12632       1       com.fasterxml.jackson.databind.ser.BeanSerializerBuilder::getTypeId (5 bytes)
Event: 24913.661 Thread 0x000001c95fbe7170 nmethod 12632 0x000001c93e7b9f10 code [0x000001c93e7ba0a0, 0x000001c93e7ba178]
Event: 24913.661 Thread 0x000001c95fbe7170 12633       1       com.fasterxml.jackson.databind.ser.BeanSerializerBuilder::getAnyGetter (5 bytes)
Event: 24913.661 Thread 0x000001c95fbe7170 nmethod 12633 0x000001c93e7ba210 code [0x000001c93e7ba3a0, 0x000001c93e7ba478]
Event: 24913.661 Thread 0x000001c95fbe7170 12634       1       com.fasterxml.jackson.databind.ser.BeanSerializerBuilder::getFilterId (5 bytes)
Event: 24913.661 Thread 0x000001c95fbe7170 nmethod 12634 0x000001c93e7ba510 code [0x000001c93e7ba6a0, 0x000001c93e7ba778]
Event: 24913.661 Thread 0x000001c95fbe7170 12635       1       com.fasterxml.jackson.databind.ser.BeanSerializerBuilder::getObjectIdWriter (5 bytes)
Event: 24913.661 Thread 0x000001c95fbe7170 nmethod 12635 0x000001c93e7ba810 code [0x000001c93e7ba9a0, 0x000001c93e7baa78]
Event: 24913.661 Thread 0x000001c95fbe7170 12636       1       com.fasterxml.jackson.databind.ser.BeanSerializerBuilder::getBeanDescription (5 bytes)
Event: 24913.661 Thread 0x000001c95fbe7170 nmethod 12636 0x000001c93e7bab10 code [0x000001c93e7baca0, 0x000001c93e7bad78]
Event: 24913.661 Thread 0x000001c95fbe7170 12637       1       com.netflix.appinfo.InstanceInfo::getMetadata (5 bytes)
Event: 24913.661 Thread 0x000001c95fbe7170 nmethod 12637 0x000001c93e7bae10 code [0x000001c93e7bafa0, 0x000001c93e7bb078]
Event: 24913.662 Thread 0x000001c95fbe67c0 12638       4       com.fasterxml.jackson.databind.introspect.POJOPropertiesCollector::_addFields (577 bytes)

GC Heap History (20 events):
Event: 23761.790 GC heap before
{Heap before GC invocations=40 (full 1):
 garbage-first heap   total 81920K, used 62181K [0x0000000583000000, 0x0000000800000000)
  region size 8192K, 5 young (40960K), 0 survivors (0K)
 Metaspace       used 53332K, committed 53952K, reserved 1114112K
  class space    used 6838K, committed 7104K, reserved 1048576K
}
Event: 23761.804 GC heap after
{Heap after GC invocations=41 (full 1):
 garbage-first heap   total 81920K, used 23886K [0x0000000583000000, 0x0000000800000000)
  region size 8192K, 1 young (8192K), 1 survivors (8192K)
 Metaspace       used 53332K, committed 53952K, reserved 1114112K
  class space    used 6838K, committed 7104K, reserved 1048576K
}
Event: 23763.024 GC heap before
{Heap before GC invocations=41 (full 1):
 garbage-first heap   total 81920K, used 56654K [0x0000000583000000, 0x0000000800000000)
  region size 8192K, 5 young (40960K), 1 survivors (8192K)
 Metaspace       used 53700K, committed 54144K, reserved 1114112K
  class space    used 6855K, committed 7104K, reserved 1048576K
}
Event: 23763.029 GC heap after
{Heap after GC invocations=42 (full 1):
 garbage-first heap   total 81920K, used 27146K [0x0000000583000000, 0x0000000800000000)
  region size 8192K, 1 young (8192K), 1 survivors (8192K)
 Metaspace       used 53700K, committed 54144K, reserved 1114112K
  class space    used 6855K, committed 7104K, reserved 1048576K
}
Event: 23765.830 GC heap before
{Heap before GC invocations=42 (full 1):
 garbage-first heap   total 81920K, used 51722K [0x0000000583000000, 0x0000000800000000)
  region size 8192K, 5 young (40960K), 1 survivors (8192K)
 Metaspace       used 53887K, committed 54336K, reserved 1114112K
  class space    used 6872K, committed 7104K, reserved 1048576K
}
Event: 23766.013 GC heap after
{Heap after GC invocations=43 (full 2):
 garbage-first heap   total 81920K, used 23932K [0x0000000583000000, 0x0000000800000000)
  region size 8192K, 0 young (0K), 0 survivors (0K)
 Metaspace       used 53887K, committed 54336K, reserved 1114112K
  class space    used 6872K, committed 7104K, reserved 1048576K
}
Event: 23767.608 GC heap before
{Heap before GC invocations=43 (full 2):
 garbage-first heap   total 81920K, used 64892K [0x0000000583000000, 0x0000000800000000)
  region size 8192K, 5 young (40960K), 0 survivors (0K)
 Metaspace       used 53988K, committed 54464K, reserved 1114112K
  class space    used 6876K, committed 7104K, reserved 1048576K
}
Event: 23767.611 GC heap after
{Heap after GC invocations=44 (full 2):
 garbage-first heap   total 81920K, used 26819K [0x0000000583000000, 0x0000000800000000)
  region size 8192K, 1 young (8192K), 1 survivors (8192K)
 Metaspace       used 53988K, committed 54464K, reserved 1114112K
  class space    used 6876K, committed 7104K, reserved 1048576K
}
Event: 23768.947 GC heap before
{Heap before GC invocations=44 (full 2):
 garbage-first heap   total 81920K, used 59587K [0x0000000583000000, 0x0000000800000000)
  region size 8192K, 5 young (40960K), 1 survivors (8192K)
 Metaspace       used 54229K, committed 54656K, reserved 1114112K
  class space    used 6888K, committed 7104K, reserved 1048576K
}
Event: 23768.951 GC heap after
{Heap after GC invocations=45 (full 2):
 garbage-first heap   total 81920K, used 28417K [0x0000000583000000, 0x0000000800000000)
  region size 8192K, 1 young (8192K), 1 survivors (8192K)
 Metaspace       used 54229K, committed 54656K, reserved 1114112K
  class space    used 6888K, committed 7104K, reserved 1048576K
}
Event: 23890.187 GC heap before
{Heap before GC invocations=45 (full 2):
 garbage-first heap   total 81920K, used 61185K [0x0000000583000000, 0x0000000800000000)
  region size 8192K, 5 young (40960K), 1 survivors (8192K)
 Metaspace       used 54354K, committed 54784K, reserved 1114112K
  class space    used 6889K, committed 7104K, reserved 1048576K
}
Event: 23890.195 GC heap after
{Heap after GC invocations=46 (full 2):
 garbage-first heap   total 81920K, used 29149K [0x0000000583000000, 0x0000000800000000)
  region size 8192K, 1 young (8192K), 1 survivors (8192K)
 Metaspace       used 54354K, committed 54784K, reserved 1114112K
  class space    used 6889K, committed 7104K, reserved 1048576K
}
Event: 24101.659 GC heap before
{Heap before GC invocations=46 (full 2):
 garbage-first heap   total 81920K, used 53725K [0x0000000583000000, 0x0000000800000000)
  region size 8192K, 4 young (32768K), 1 survivors (8192K)
 Metaspace       used 54466K, committed 54912K, reserved 1114112K
  class space    used 6889K, committed 7104K, reserved 1048576K
}
Event: 24101.664 GC heap after
{Heap after GC invocations=47 (full 2):
 garbage-first heap   total 81920K, used 29163K [0x0000000583000000, 0x0000000800000000)
  region size 8192K, 1 young (8192K), 1 survivors (8192K)
 Metaspace       used 54466K, committed 54912K, reserved 1114112K
  class space    used 6889K, committed 7104K, reserved 1048576K
}
Event: 24342.213 GC heap before
{Heap before GC invocations=47 (full 2):
 garbage-first heap   total 81920K, used 53739K [0x0000000583000000, 0x0000000800000000)
  region size 8192K, 4 young (32768K), 1 survivors (8192K)
 Metaspace       used 54647K, committed 55104K, reserved 1114112K
  class space    used 6905K, committed 7104K, reserved 1048576K
}
Event: 24342.215 GC heap after
{Heap after GC invocations=48 (full 2):
 garbage-first heap   total 81920K, used 28887K [0x0000000583000000, 0x0000000800000000)
  region size 8192K, 1 young (8192K), 1 survivors (8192K)
 Metaspace       used 54647K, committed 55104K, reserved 1114112K
  class space    used 6905K, committed 7104K, reserved 1048576K
}
Event: 24556.019 GC heap before
{Heap before GC invocations=48 (full 2):
 garbage-first heap   total 81920K, used 53463K [0x0000000583000000, 0x0000000800000000)
  region size 8192K, 4 young (32768K), 1 survivors (8192K)
 Metaspace       used 54719K, committed 55168K, reserved 1114112K
  class space    used 6906K, committed 7104K, reserved 1048576K
}
Event: 24556.021 GC heap after
{Heap after GC invocations=49 (full 2):
 garbage-first heap   total 81920K, used 28767K [0x0000000583000000, 0x0000000800000000)
  region size 8192K, 1 young (8192K), 1 survivors (8192K)
 Metaspace       used 54719K, committed 55168K, reserved 1114112K
  class space    used 6906K, committed 7104K, reserved 1048576K
}
Event: 24793.398 GC heap before
{Heap before GC invocations=49 (full 2):
 garbage-first heap   total 81920K, used 53343K [0x0000000583000000, 0x0000000800000000)
  region size 8192K, 4 young (32768K), 1 survivors (8192K)
 Metaspace       used 54748K, committed 55168K, reserved 1114112K
  class space    used 6906K, committed 7104K, reserved 1048576K
}
Event: 24793.401 GC heap after
{Heap after GC invocations=50 (full 2):
 garbage-first heap   total 81920K, used 29340K [0x0000000583000000, 0x0000000800000000)
  region size 8192K, 1 young (8192K), 1 survivors (8192K)
 Metaspace       used 54748K, committed 55168K, reserved 1114112K
  class space    used 6906K, committed 7104K, reserved 1048576K
}

Deoptimization events (20 events):
Event: 24582.833 Thread 0x000001c9a83e5be0 DEOPT PACKING pc=0x000001c93e230988 sp=0x000000514aafcdc0
Event: 24582.833 Thread 0x000001c9a83e5be0 DEOPT UNPACKING pc=0x000001c93d965ba3 sp=0x000000514aafcd08 mode 2
Event: 24853.512 Thread 0x000001c9a83e5240 DEOPT PACKING pc=0x000001c9368c2b58 sp=0x00000051496fd790
Event: 24853.512 Thread 0x000001c9a83e5240 DEOPT UNPACKING pc=0x000001c93d9666e3 sp=0x00000051496fcbf0 mode 0
Event: 24883.565 Thread 0x000001c9a83e5be0 Uncommon trap: trap_request=0xffffffbe fr.pc=0x000001c93e7acf00 relative=0x00000000000002e0
Event: 24883.565 Thread 0x000001c9a83e5be0 Uncommon trap: reason=profile_predicate action=maybe_recompile pc=0x000001c93e7acf00 method=sun.security.provider.HashDrbg.addBytes([BI[[B)V @ 36 c2
Event: 24883.565 Thread 0x000001c9a83e5be0 DEOPT PACKING pc=0x000001c93e7acf00 sp=0x000000514aafdd50
Event: 24883.565 Thread 0x000001c9a83e5be0 DEOPT UNPACKING pc=0x000001c93d965ba3 sp=0x000000514aafdcb0 mode 2
Event: 24883.565 Thread 0x000001c9a83e5be0 Uncommon trap: trap_request=0xffffffbe fr.pc=0x000001c93e7acf00 relative=0x00000000000002e0
Event: 24883.565 Thread 0x000001c9a83e5be0 Uncommon trap: reason=profile_predicate action=maybe_recompile pc=0x000001c93e7acf00 method=sun.security.provider.HashDrbg.addBytes([BI[[B)V @ 36 c2
Event: 24883.565 Thread 0x000001c9a83e5be0 DEOPT PACKING pc=0x000001c93e7acf00 sp=0x000000514aafe100
Event: 24883.565 Thread 0x000001c9a83e5be0 DEOPT UNPACKING pc=0x000001c93d965ba3 sp=0x000000514aafe060 mode 2
Event: 24883.565 Thread 0x000001c9a83e5be0 Uncommon trap: trap_request=0xffffffbe fr.pc=0x000001c93e7acf00 relative=0x00000000000002e0
Event: 24883.565 Thread 0x000001c9a83e5be0 Uncommon trap: reason=profile_predicate action=maybe_recompile pc=0x000001c93e7acf00 method=sun.security.provider.HashDrbg.addBytes([BI[[B)V @ 36 c2
Event: 24883.565 Thread 0x000001c9a83e5be0 DEOPT PACKING pc=0x000001c93e7acf00 sp=0x000000514aafdbb0
Event: 24883.565 Thread 0x000001c9a83e5be0 DEOPT UNPACKING pc=0x000001c93d965ba3 sp=0x000000514aafdb10 mode 2
Event: 24883.565 Thread 0x000001c9a83e5be0 Uncommon trap: trap_request=0xffffffbe fr.pc=0x000001c93e7acf00 relative=0x00000000000002e0
Event: 24883.565 Thread 0x000001c9a83e5be0 Uncommon trap: reason=profile_predicate action=maybe_recompile pc=0x000001c93e7acf00 method=sun.security.provider.HashDrbg.addBytes([BI[[B)V @ 36 c2
Event: 24883.565 Thread 0x000001c9a83e5be0 DEOPT PACKING pc=0x000001c93e7acf00 sp=0x000000514aafdf60
Event: 24883.565 Thread 0x000001c9a83e5be0 DEOPT UNPACKING pc=0x000001c93d965ba3 sp=0x000000514aafdec0 mode 2

Classes unloaded (20 events):
Event: 23759.636 Thread 0x000001c95fbb9920 Unloading class 0x000001c962250000 'jdk/internal/reflect/GeneratedConstructorAccessor2'
Event: 23759.636 Thread 0x000001c95fbb9920 Unloading class 0x000001c962204c00 'java/lang/invoke/LambdaForm$DMH+0x000001c962204c00'
Event: 23759.636 Thread 0x000001c95fbb9920 Unloading class 0x000001c9621cc400 'java/lang/invoke/LambdaForm$DMH+0x000001c9621cc400'
Event: 23759.636 Thread 0x000001c95fbb9920 Unloading class 0x000001c96214c400 'java/lang/invoke/LambdaForm$MH+0x000001c96214c400'
Event: 23759.636 Thread 0x000001c95fbb9920 Unloading class 0x000001c96214b800 'java/lang/invoke/LambdaForm$MH+0x000001c96214b800'
Event: 23759.636 Thread 0x000001c95fbb9920 Unloading class 0x000001c96213d000 'java/lang/invoke/LambdaForm$MH+0x000001c96213d000'
Event: 23759.636 Thread 0x000001c95fbb9920 Unloading class 0x000001c96213cc00 'java/lang/invoke/LambdaForm$MH+0x000001c96213cc00'
Event: 23759.636 Thread 0x000001c95fbb9920 Unloading class 0x000001c962038800 'java/lang/invoke/LambdaForm$MH+0x000001c962038800'
Event: 23759.636 Thread 0x000001c95fbb9920 Unloading class 0x000001c962038400 'java/lang/invoke/LambdaForm$MH+0x000001c962038400'
Event: 23759.636 Thread 0x000001c95fbb9920 Unloading class 0x000001c962038000 'java/lang/invoke/LambdaForm$MH+0x000001c962038000'
Event: 23759.636 Thread 0x000001c95fbb9920 Unloading class 0x000001c962034c00 'java/lang/invoke/LambdaForm$MH+0x000001c962034c00'
Event: 23759.636 Thread 0x000001c95fbb9920 Unloading class 0x000001c962034800 'java/lang/invoke/LambdaForm$MH+0x000001c962034800'
Event: 23759.636 Thread 0x000001c95fbb9920 Unloading class 0x000001c962016800 'java/lang/invoke/LambdaForm$MH+0x000001c962016800'
Event: 23759.636 Thread 0x000001c95fbb9920 Unloading class 0x000001c962016000 'java/lang/invoke/LambdaForm$MH+0x000001c962016000'
Event: 23759.636 Thread 0x000001c95fbb9920 Unloading class 0x000001c962015c00 'java/lang/invoke/LambdaForm$MH+0x000001c962015c00'
Event: 23759.636 Thread 0x000001c95fbb9920 Unloading class 0x000001c962015800 'java/lang/invoke/LambdaForm$MH+0x000001c962015800'
Event: 23759.636 Thread 0x000001c95fbb9920 Unloading class 0x000001c962015400 'java/lang/invoke/LambdaForm$MH+0x000001c962015400'
Event: 23759.636 Thread 0x000001c95fbb9920 Unloading class 0x000001c962015000 'java/lang/invoke/LambdaForm$MH+0x000001c962015000'
Event: 23759.636 Thread 0x000001c95fbb9920 Unloading class 0x000001c962014800 'java/lang/invoke/LambdaForm$MH+0x000001c962014800'
Event: 23759.636 Thread 0x000001c95fbb9920 Unloading class 0x000001c962014000 'java/lang/invoke/LambdaForm$MH+0x000001c962014000'

Classes redefined (0 events):
No events

Internal exceptions (20 events):
Event: 24883.615 Thread 0x000001c9a83e3f00 Exception <a 'java/net/ConnectException'{0x00000005a90e0740}: Connection refused: no further information> (0x00000005a90e0740) 
thrown [s\open\src\hotspot\share\prims\jni.cpp, line 535]
Event: 24883.615 Thread 0x000001c9a83e3f00 Exception <a 'java/net/SocketException'{0x00000005a90e0d20}: Socket is not connected: shutdown> (0x00000005a90e0d20) 
thrown [s\open\src\hotspot\share\prims\jni.cpp, line 535]
Event: 24883.628 Thread 0x000001c9a83e5be0 Exception <a 'java/net/ConnectException'{0x00000005aaffa1e8}: Connection refused: no further information> (0x00000005aaffa1e8) 
thrown [s\open\src\hotspot\share\prims\jni.cpp, line 535]
Event: 24883.628 Thread 0x000001c9a83e5be0 Exception <a 'java/net/SocketException'{0x00000005aaffa7c8}: Socket is not connected: shutdown> (0x00000005aaffa7c8) 
thrown [s\open\src\hotspot\share\prims\jni.cpp, line 535]
Event: 24883.641 Thread 0x000001c9a83e3f00 Exception <a 'java/net/ConnectException'{0x00000005a90e2128}: Connection refused: no further information> (0x00000005a90e2128) 
thrown [s\open\src\hotspot\share\prims\jni.cpp, line 535]
Event: 24883.641 Thread 0x000001c9a83e5240 Exception <a 'java/net/ConnectException'{0x00000005a9122a10}: Connection refused: no further information> (0x00000005a9122a10) 
thrown [s\open\src\hotspot\share\prims\jni.cpp, line 535]
Event: 24883.641 Thread 0x000001c9a83e5240 Exception <a 'java/net/SocketException'{0x00000005a9122ff0}: Socket is not connected: shutdown> (0x00000005a9122ff0) 
thrown [s\open\src\hotspot\share\prims\jni.cpp, line 535]
Event: 24883.641 Thread 0x000001c9a83e3f00 Exception <a 'java/net/SocketException'{0x00000005a90e2708}: Socket is not connected: shutdown> (0x00000005a90e2708) 
thrown [s\open\src\hotspot\share\prims\jni.cpp, line 535]
Event: 24913.662 Thread 0x000001c9a83e5be0 Exception <a 'java/net/ConnectException'{0x00000005a93110a8}: Connection refused: no further information> (0x00000005a93110a8) 
thrown [s\open\src\hotspot\share\prims\jni.cpp, line 535]
Event: 24913.662 Thread 0x000001c9a83e5be0 Exception <a 'java/net/SocketException'{0x00000005a9311688}: Socket is not connected: shutdown> (0x00000005a9311688) 
thrown [s\open\src\hotspot\share\prims\jni.cpp, line 535]
Event: 24913.694 Thread 0x000001c9a83e5be0 Exception <a 'java/net/ConnectException'{0x00000005a9312a90}: Connection refused: no further information> (0x00000005a9312a90) 
thrown [s\open\src\hotspot\share\prims\jni.cpp, line 535]
Event: 24913.694 Thread 0x000001c9a83e5be0 Exception <a 'java/net/SocketException'{0x00000005a9313070}: Socket is not connected: shutdown> (0x00000005a9313070) 
thrown [s\open\src\hotspot\share\prims\jni.cpp, line 535]
Event: 24913.695 Thread 0x000001c9a83e3f00 Exception <a 'java/net/ConnectException'{0x00000005a9384358}: Connection refused: no further information> (0x00000005a9384358) 
thrown [s\open\src\hotspot\share\prims\jni.cpp, line 535]
Event: 24913.695 Thread 0x000001c9a83e3f00 Exception <a 'java/net/SocketException'{0x00000005a9384938}: Socket is not connected: shutdown> (0x00000005a9384938) 
thrown [s\open\src\hotspot\share\prims\jni.cpp, line 535]
Event: 24913.696 Thread 0x000001c9a83e5240 Exception <a 'java/net/ConnectException'{0x00000005a9421cc0}: Connection refused: no further information> (0x00000005a9421cc0) 
thrown [s\open\src\hotspot\share\prims\jni.cpp, line 535]
Event: 24913.696 Thread 0x000001c9a83e5240 Exception <a 'java/net/SocketException'{0x00000005a94222a0}: Socket is not connected: shutdown> (0x00000005a94222a0) 
thrown [s\open\src\hotspot\share\prims\jni.cpp, line 535]
Event: 24913.721 Thread 0x000001c9a83e3f00 Exception <a 'java/net/ConnectException'{0x00000005a94567e0}: Connection refused: no further information> (0x00000005a94567e0) 
thrown [s\open\src\hotspot\share\prims\jni.cpp, line 535]
Event: 24913.721 Thread 0x000001c9a83e3f00 Exception <a 'java/net/SocketException'{0x00000005a9456dc0}: Socket is not connected: shutdown> (0x00000005a9456dc0) 
thrown [s\open\src\hotspot\share\prims\jni.cpp, line 535]
Event: 24913.722 Thread 0x000001c9a83e5240 Exception <a 'java/net/ConnectException'{0x00000005a94236a8}: Connection refused: no further information> (0x00000005a94236a8) 
thrown [s\open\src\hotspot\share\prims\jni.cpp, line 535]
Event: 24913.722 Thread 0x000001c9a83e5240 Exception <a 'java/net/SocketException'{0x00000005a9423c88}: Socket is not connected: shutdown> (0x00000005a9423c88) 
thrown [s\open\src\hotspot\share\prims\jni.cpp, line 535]

VM Operations (20 events):
Event: 24703.389 Executing VM operation: Cleanup
Event: 24703.389 Executing VM operation: Cleanup done
Event: 24716.830 Executing VM operation: HandshakeAllThreads
Event: 24716.830 Executing VM operation: HandshakeAllThreads done
Event: 24734.038 Executing VM operation: Cleanup
Event: 24734.038 Executing VM operation: Cleanup done
Event: 24763.388 Executing VM operation: Cleanup
Event: 24763.388 Executing VM operation: Cleanup done
Event: 24777.062 Executing VM operation: HandshakeAllThreads
Event: 24777.062 Executing VM operation: HandshakeAllThreads done
Event: 24793.398 Executing VM operation: G1CollectForAllocation
Event: 24793.401 Executing VM operation: G1CollectForAllocation done
Event: 24823.752 Executing VM operation: Cleanup
Event: 24823.752 Executing VM operation: Cleanup done
Event: 24837.293 Executing VM operation: HandshakeAllThreads
Event: 24837.293 Executing VM operation: HandshakeAllThreads done
Event: 24883.819 Executing VM operation: Cleanup
Event: 24883.819 Executing VM operation: Cleanup done
Event: 24897.296 Executing VM operation: HandshakeAllThreads
Event: 24897.296 Executing VM operation: HandshakeAllThreads done

Events (20 events):
Event: 23771.521 Thread 0x000001c9a78743c0 Thread exited: 0x000001c9a78743c0
Event: 23771.529 Thread 0x000001c9a83e5be0 Thread exited: 0x000001c9a83e5be0
Event: 23771.529 Thread 0x000001c9ab12e780 Thread exited: 0x000001c9ab12e780
Event: 23800.766 Thread 0x000001c9a83e5240 Thread added: 0x000001c9a83e5240
Event: 23800.767 Thread 0x000001c9a83e5be0 Thread added: 0x000001c9a83e5be0
Event: 23830.848 Thread 0x000001c9a78743c0 Thread added: 0x000001c9a78743c0
Event: 23831.022 Thread 0x000001c9a78743c0 Thread exited: 0x000001c9a78743c0
Event: 23981.332 Thread 0x000001c9a78743c0 Thread added: 0x000001c9a78743c0
Event: 23986.847 Thread 0x000001c9a78743c0 Thread exited: 0x000001c9a78743c0
Event: 24011.413 Thread 0x000001c9a78743c0 Thread added: 0x000001c9a78743c0
Event: 24016.461 Thread 0x000001c9a78743c0 Thread exited: 0x000001c9a78743c0
Event: 24041.487 Thread 0x000001c9a7872f80 Thread added: 0x000001c9a7872f80
Event: 24046.588 Thread 0x000001c9a7872f80 Thread exited: 0x000001c9a7872f80
Event: 24070.639 Thread 0x000001c9ab12e2b0 Thread added: 0x000001c9ab12e2b0
Event: 24131.709 Thread 0x000001c9a7876220 Thread added: 0x000001c9a7876220
Event: 24137.013 Thread 0x000001c9a7876220 Thread exited: 0x000001c9a7876220
Event: 24221.946 Thread 0x000001c9a78752f0 Thread added: 0x000001c9a78752f0
Event: 24227.016 Thread 0x000001c9a78752f0 Thread exited: 0x000001c9a78752f0
Event: 24402.455 Thread 0x000001c9a78743c0 Thread added: 0x000001c9a78743c0
Event: 24407.476 Thread 0x000001c9a78743c0 Thread exited: 0x000001c9a78743c0


Dynamic libraries:
0x00007ff7fb480000 - 0x00007ff7fb490000 	C:\Program Files\Java\jdk-17\bin\java.exe
0x00007ff912180000 - 0x00007ff9123e8000 	C:\Windows\SYSTEM32\ntdll.dll
0x00007ff911210000 - 0x00007ff9112d9000 	C:\Windows\System32\KERNEL32.DLL
0x00007ff90f560000 - 0x00007ff90f94d000 	C:\Windows\System32\KERNELBASE.dll
0x00007ff90fd40000 - 0x00007ff90fe8b000 	C:\Windows\System32\ucrtbase.dll
0x00007ff8eef40000 - 0x00007ff8eef5b000 	C:\Program Files\Java\jdk-17\bin\VCRUNTIME140.dll
0x00007ff8eef60000 - 0x00007ff8eef79000 	C:\Program Files\Java\jdk-17\bin\jli.dll
0x00007ff9114c0000 - 0x00007ff911574000 	C:\Windows\System32\ADVAPI32.dll
0x00007ff911740000 - 0x00007ff9117e9000 	C:\Windows\System32\msvcrt.dll
0x00007ff911610000 - 0x00007ff9116b6000 	C:\Windows\System32\sechost.dll
0x00007ff911330000 - 0x00007ff911448000 	C:\Windows\System32\RPCRT4.dll
0x00007ff9117f0000 - 0x00007ff9119bc000 	C:\Windows\System32\USER32.dll
0x00007ff8f3300000 - 0x00007ff8f359a000 	C:\Windows\WinSxS\amd64_microsoft.windows.common-controls_6595b64144ccf1df_6.0.26100.4484_none_3e0e6d4ce32ef3b3\COMCTL32.dll
0x00007ff90fad0000 - 0x00007ff90faf7000 	C:\Windows\System32\win32u.dll
0x00007ff9112e0000 - 0x00007ff91130b000 	C:\Windows\System32\GDI32.dll
0x00007ff90f2d0000 - 0x00007ff90f407000 	C:\Windows\System32\gdi32full.dll
0x00007ff8fa7e0000 - 0x00007ff8fa7eb000 	C:\Windows\SYSTEM32\VERSION.dll
0x00007ff90f410000 - 0x00007ff90f4b3000 	C:\Windows\System32\msvcp_win.dll
0x00007ff910b00000 - 0x00007ff910b2f000 	C:\Windows\System32\IMM32.DLL
0x00007ff8eef30000 - 0x00007ff8eef3c000 	C:\Program Files\Java\jdk-17\bin\vcruntime140_1.dll
0x00007ff85fd40000 - 0x00007ff85fdce000 	C:\Program Files\Java\jdk-17\bin\msvcp140.dll
0x00007ff842250000 - 0x00007ff842e31000 	C:\Program Files\Java\jdk-17\bin\server\jvm.dll
0x00007ff9114b0000 - 0x00007ff9114b8000 	C:\Windows\System32\PSAPI.DLL
0x00007ff8f7e40000 - 0x00007ff8f7e75000 	C:\Windows\SYSTEM32\WINMM.dll
0x00007ff8f65e0000 - 0x00007ff8f65ea000 	C:\Windows\SYSTEM32\WSOCK32.dll
0x00007ff910ce0000 - 0x00007ff910d54000 	C:\Windows\System32\ws2_32.DLL
0x00007ff90e030000 - 0x00007ff90e04b000 	C:\Windows\SYSTEM32\kernel.appcore.dll
0x00007ff8eef20000 - 0x00007ff8eef2a000 	C:\Program Files\Java\jdk-17\bin\jimage.dll
0x00007ff90c800000 - 0x00007ff90ca41000 	C:\Windows\SYSTEM32\DBGHELP.DLL
0x00007ff910d70000 - 0x00007ff9110f6000 	C:\Windows\System32\combase.dll
0x00007ff9106f0000 - 0x00007ff9107d0000 	C:\Windows\System32\OLEAUT32.dll
0x00007ff8d34e0000 - 0x00007ff8d3523000 	C:\Windows\SYSTEM32\dbgcore.DLL
0x00007ff90f4c0000 - 0x00007ff90f559000 	C:\Windows\System32\bcryptPrimitives.dll
0x00007ff8eeef0000 - 0x00007ff8eef15000 	C:\Program Files\Java\jdk-17\bin\java.dll
0x00007ff85a0a0000 - 0x00007ff85a177000 	C:\Program Files\Java\jdk-17\bin\jsvml.dll
0x00007ff90ff20000 - 0x00007ff91066a000 	C:\Windows\System32\SHELL32.dll
0x00007ff90fbc0000 - 0x00007ff90fd34000 	C:\Windows\System32\wintypes.dll
0x00007ff90ced0000 - 0x00007ff90d72b000 	C:\Windows\SYSTEM32\windows.storage.dll
0x00007ff911e60000 - 0x00007ff911f55000 	C:\Windows\System32\SHCORE.dll
0x00007ff910bc0000 - 0x00007ff910c2a000 	C:\Windows\System32\shlwapi.dll
0x00007ff90f1e0000 - 0x00007ff90f20f000 	C:\Windows\SYSTEM32\profapi.dll
0x00007ff8eeed0000 - 0x00007ff8eeee9000 	C:\Program Files\Java\jdk-17\bin\net.dll
0x00007ff9019b0000 - 0x00007ff901ace000 	C:\Windows\SYSTEM32\WINHTTP.dll
0x00007ff90e5a0000 - 0x00007ff90e60a000 	C:\Windows\system32\mswsock.dll
0x00007ff8db780000 - 0x00007ff8db796000 	C:\Program Files\Java\jdk-17\bin\nio.dll
0x00007ff8d8d50000 - 0x00007ff8d8d68000 	C:\Program Files\Java\jdk-17\bin\zip.dll
0x00007ff8eeec0000 - 0x00007ff8eeeca000 	C:\Program Files\Java\jdk-17\bin\management.dll
0x00007ff8eee80000 - 0x00007ff8eee8b000 	C:\Program Files\Java\jdk-17\bin\management_ext.dll
0x00007ff90dad0000 - 0x00007ff90dbf6000 	C:\Windows\SYSTEM32\DNSAPI.dll
0x00007ff90da40000 - 0x00007ff90da73000 	C:\Windows\SYSTEM32\IPHLPAPI.DLL
0x00007ff911100000 - 0x00007ff91110a000 	C:\Windows\System32\NSI.dll
0x00007ff9009c0000 - 0x00007ff9009cb000 	C:\Windows\System32\rasadhlp.dll
0x00007ff9095b0000 - 0x00007ff909636000 	C:\Windows\System32\fwpuclnt.dll
0x00007ff908e60000 - 0x00007ff908e7f000 	C:\Windows\SYSTEM32\dhcpcsvc6.DLL
0x00007ff908e30000 - 0x00007ff908e55000 	C:\Windows\SYSTEM32\dhcpcsvc.DLL
0x00007ff90e980000 - 0x00007ff90e99b000 	C:\Windows\SYSTEM32\CRYPTSP.dll
0x00007ff90df90000 - 0x00007ff90dfcb000 	C:\Windows\system32\rsaenh.dll
0x00007ff90e640000 - 0x00007ff90e66b000 	C:\Windows\SYSTEM32\USERENV.dll
0x00007ff90f1b0000 - 0x00007ff90f1d6000 	C:\Windows\SYSTEM32\bcrypt.dll
0x00007ff90e7e0000 - 0x00007ff90e7ec000 	C:\Windows\SYSTEM32\CRYPTBASE.dll
0x00007ff8dcf60000 - 0x00007ff8dcf6e000 	C:\Program Files\Java\jdk-17\bin\sunmscapi.dll
0x00007ff90f950000 - 0x00007ff90fac7000 	C:\Windows\System32\CRYPT32.dll
0x00007ff90ead0000 - 0x00007ff90eb00000 	C:\Windows\SYSTEM32\ncrypt.dll
0x00007ff90ea80000 - 0x00007ff90eabf000 	C:\Windows\SYSTEM32\NTASN1.dll
0x00007ff8dcde0000 - 0x00007ff8dcdf0000 	C:\Program Files\Java\jdk-17\bin\verify.dll
0x00007ff90bd60000 - 0x00007ff90bd68000 	C:\Windows\system32\wshunix.dll

dbghelp: loaded successfully - version: 4.0.5 - missing functions: none
symbol engine: initialized successfully - sym options: 0x614 - pdb path: .;C:\Program Files\Java\jdk-17\bin;C:\Windows\SYSTEM32;C:\Windows\WinSxS\amd64_microsoft.windows.common-controls_6595b64144ccf1df_6.0.26100.4484_none_3e0e6d4ce32ef3b3;C:\Program Files\Java\jdk-17\bin\server

VM Arguments:
jvm_args: -XX:+ShowCodeDetailsInExceptionMessages 
java_command: com.manamer.sellout.infraestructure.apigateway.ApigatewayApplication
java_class_path (initial): C:\Users\Fernanda Jama\OneDrive - Manamer\Documentos\PROYECTOS 2025-2026\sellout1\backend\infraestructure\apigateway\target\classes;C:\Users\Fernanda Jama\.m2\repository\org\springframework\cloud\spring-cloud-starter-gateway\4.1.2\spring-cloud-starter-gateway-4.1.2.jar;C:\Users\Fernanda Jama\.m2\repository\org\springframework\cloud\spring-cloud-starter\4.1.2\spring-cloud-starter-4.1.2.jar;C:\Users\Fernanda Jama\.m2\repository\org\springframework\cloud\spring-cloud-context\4.1.2\spring-cloud-context-4.1.2.jar;C:\Users\Fernanda Jama\.m2\repository\org\springframework\security\spring-security-crypto\6.3.1\spring-security-crypto-6.3.1.jar;C:\Users\Fernanda Jama\.m2\repository\org\springframework\cloud\spring-cloud-commons\4.1.2\spring-cloud-commons-4.1.2.jar;C:\Users\Fernanda Jama\.m2\repository\org\springframework\security\spring-security-rsa\1.1.2\spring-security-rsa-1.1.2.jar;C:\Users\Fernanda Jama\.m2\repository\org\bouncycastle\bcprov-jdk18on\1.77\bcprov-jdk18on-1.77.jar;C:\Users\Fernanda Jama\.m2\repository\org\springframework\cloud\spring-cloud-gateway-server\4.1.2\spring-cloud-gateway-server-4.1.2.jar;C:\Users\Fernanda Jama\.m2\repository\org\springframework\boot\spring-boot-starter-validation\3.2.4\spring-boot-starter-validation-3.2.4.jar;C:\Users\Fernanda Jama\.m2\repository\org\apache\tomcat\embed\tomcat-embed-el\10.1.19\tomcat-embed-el-10.1.19.jar;C:\Users\Fernanda Jama\.m2\repository\org\hibernate\validator\hibernate-validator\8.0.1.Final\hibernate-validator-8.0.1.Final.jar;C:\Users\Fernanda Jama\.m2\repository\jakarta\validation\jakarta.validation-api\3.0.2\jakarta.validation-api-3.0.2.jar;C:\Users\Fernanda Jama\.m2\repository\org\jboss\logging\jboss-logging\3.5.3.Final\jboss-logging-3.5.3.Final.jar;C:\Users\Fernanda Jama\.m2\repository\com\fasterxml\classmate\1.6.0\classmate-1.6.0.jar;C:\Users\Fernanda Jama\.m2\repository\io\projectreactor\addons\reactor-extra\3.5.1\reactor-extra-3.5.1.jar;C:\Users\Fernanda Jama\.m2\repository
Launcher Type: SUN_STANDARD

[Global flags]
     intx CICompilerCount                          = 4                                         {product} {ergonomic}
     uint ConcGCThreads                            = 2                                         {product} {ergonomic}
     uint G1ConcRefinementThreads                  = 8                                         {product} {ergonomic}
   size_t G1HeapRegionSize                         = 8388608                                   {product} {ergonomic}
    uintx GCDrainStackTargetSize                   = 64                                        {product} {ergonomic}
   size_t InitialHeapSize                          = 671088640                                 {product} {ergonomic}
   size_t MarkStackSize                            = 4194304                                   {product} {ergonomic}
   size_t MaxHeapSize                              = 10687086592                               {product} {ergonomic}
   size_t MaxNewSize                               = 6408896512                                {product} {ergonomic}
   size_t MinHeapDeltaBytes                        = 8388608                                   {product} {ergonomic}
   size_t MinHeapSize                              = 8388608                                   {product} {ergonomic}
    uintx NonNMethodCodeHeapSize                   = 5839372                                {pd product} {ergonomic}
    uintx NonProfiledCodeHeapSize                  = 122909434                              {pd product} {ergonomic}
    uintx ProfiledCodeHeapSize                     = 122909434                              {pd product} {ergonomic}
    uintx ReservedCodeCacheSize                    = 251658240                              {pd product} {ergonomic}
     bool SegmentedCodeCache                       = true                                      {product} {ergonomic}
     bool ShowCodeDetailsInExceptionMessages       = true                                   {manageable} {command line}
   size_t SoftMaxHeapSize                          = 10687086592                            {manageable} {ergonomic}
     bool UseCompressedClassPointers               = true                           {product lp64_product} {ergonomic}
     bool UseCompressedOops                        = true                           {product lp64_product} {ergonomic}
     bool UseG1GC                                  = true                                      {product} {ergonomic}
     bool UseLargePagesIndividualAllocation        = false                                  {pd product} {ergonomic}

Logging:
Log output configuration:
 #0: stdout all=warning uptime,level,tags
 #1: stderr all=off uptime,level,tags

Environment Variables:
JAVA_HOME=C:\\Program Files\\Java\\jdk-17
CLASSPATH=C:\Program Files\SAP\SAP Business One DI API\JCO\LIB\sbowrapper.jar;C:\Program Files\SAP\SAP Business One DI API\JCO\LIB\sboapi.jar
PATH=C:\\Program Files\\Java\\jdk-17\\bin;C:\\Users\\Fernanda Jama\\.trae\\tools\\maven\\latest\\bin;C:\\Users\\Fernanda Jama\\.trae\\tools\\gradle\\latest\\bin;C:\Program Files\Java\jdk-17\bin;C:\Users\Fernanda Jama\.trae\tools\maven\latest\bin;C:\Users\Fernanda Jama\.trae\tools\gradle\latest\bin;C:\Python313\Scripts\;C:\Python313\;C:\Program Files\Microsoft MPI\Bin\;C:\Program Files\Common Files\Oracle\Java\javapath;C:\Windows\system32;C:\Windows;C:\Windows\System32\Wbem;C:\Windows\System32\WindowsPowerShell\v1.0\;C:\Windows\System32\OpenSSH\;C:\Program Files\Microsoft SQL Server\Client SDK\ODBC\170\Tools\Binn\;C:\Program Files (x86)\Microsoft SQL Server\150\Tools\Binn\;C:\Program Files\Microsoft SQL Server\150\Tools\Binn\;C:\Program Files\Microsoft SQL Server\150\DTS\Binn\;C:\Program Files (x86)\Microsoft SQL Server\160\DTS\Binn\;C:\Program Files\nodejs\;C:\ProgramData\chocolatey\bin;C:\Program Files\SAP\SAP Business One DI API\JCO\LIB\;C:\Program Files\SAP\SAP Business One DI API\DI API 90;C:\Program Files\SAP\SAP Business One\;C:\Program Files\apache-maven-3.8.8-bin\apache-maven-3.8.8\bin;C:\Users\Fernanda Jama\AppData\Local\Microsoft\WindowsApps;C:\Users\Fernanda Jama\AppData\Local\GitHubDesktop\bin;C:\Users\Fernanda Jama\AppData\Local\Programs\Microsoft VS Code\bin;C:\Users\Fernanda Jama\AppData\Roaming\npm
USERNAME=Fernanda Jama
LANG=en_US.UTF-8
OS=Windows_NT
PROCESSOR_IDENTIFIER=Intel64 Family 6 Model 140 Stepping 1, GenuineIntel



---------------  S Y S T E M  ---------------

OS:
 Windows 11 , 64 bit Build 26100 (10.0.26100.4484)
OS uptime: 0 days 7:51 hours
Hyper-V role detected

CPU: total 8 (initial active 8) (4 cores per cpu, 2 threads per core) family 6 model 140 stepping 1 microcode 0xb8, cx8, cmov, fxsr, ht, mmx, 3dnowpref, sse, sse2, sse3, ssse3, sse4.1, sse4.2, popcnt, lzcnt, tsc, tscinvbit, avx, avx2, aes, erms, clmul, bmi1, bmi2, adx, avx512f, avx512dq, avx512cd, avx512bw, avx512vl, sha, fma, vzeroupper, avx512_vpopcntdq, avx512_vpclmulqdq, avx512_vaes, avx512_vnni, clflush, clflushopt, clwb, avx512_vbmi2, avx512_vbmi, hv

Memory: 4k page, system-wide physical 40743M (2775M free)
TotalPageFile size 101623M (AvailPageFile size 0M)
current process WorkingSet (physical memory assigned to process): 255M, peak: 267M
current process commit charge ("private bytes"): 319M, peak: 816M

vm_info: Java HotSpot(TM) 64-Bit Server VM (17.0.15+9-LTS-241) for windows-amd64 JRE (17.0.15+9-LTS-241), built on Feb 20 2025 10:49:54 by "mach5one" with MS VC++ 17.6 (VS2022)

END.
