#
# There is insufficient memory for the Java Runtime Environment to continue.
# Native memory allocation (malloc) failed to allocate 1896176 bytes. Error detail: Chunk::new
# Possible reasons:
#   The system is out of physical RAM or swap space
#   This process is running with CompressedOops enabled, and the Java Heap may be blocking the growth of the native heap
# Possible solutions:
#   Reduce memory load on the system
#   Increase physical memory or swap space
#   Check if swap backing store is full
#   Decrease Java heap size (-Xmx/-Xms)
#   Decrease number of Java threads
#   Decrease Java thread stack sizes (-Xss)
#   Set larger code cache with -XX:ReservedCodeCacheSize=
#   JVM is running with Unscaled Compressed Oops mode in which the Java heap is
#     placed in the first 4GB address space. The Java Heap base address is the
#     maximum limit for the native heap growth. Please use -XX:HeapBaseMinAddress
#     to set the Java Heap base and to place the Java Heap above 4GB virtual address.
# This output file may be truncated or incomplete.
#
#  Out of Memory Error (arena.cpp:168), pid=24904, tid=7452
#
# JRE version: OpenJDK Runtime Environment Temurin-21.0.8+9 (21.0.8+9) (build 21.0.8+9-LTS)
# Java VM: OpenJDK 64-Bit Server VM Temurin-21.0.8+9 (21.0.8+9-LTS, mixed mode, sharing, tiered, compressed oops, compressed class ptrs, parallel gc, windows-amd64)
# No core dump will be written. Minidumps are not enabled by default on client versions of Windows
#

---------------  S U M M A R Y ------------

Command Line: --add-modules=ALL-SYSTEM --add-opens=java.base/java.util=ALL-UNNAMED --add-opens=java.base/java.lang=ALL-UNNAMED --add-opens=java.base/sun.nio.fs=ALL-UNNAMED -Declipse.application=org.eclipse.jdt.ls.core.id1 -Dosgi.bundles.defaultStartLevel=4 -Declipse.product=org.eclipse.jdt.ls.core.product -Djava.import.generatesMetadataFilesAtProjectRoot=false -DDetectVMInstallationsJob.disabled=true -Dfile.encoding=utf8 -XX:+UseParallelGC -XX:GCTimeRatio=4 -XX:AdaptiveSizePolicyWeight=90 -Dsun.zip.disableMemoryMapping=true -Xmx2G -Xms100m -Xlog:disable -javaagent:c:\Users\Fernanda Jama\.trae\extensions\redhat.java-1.44.0-win32-x64\lombok\lombok-1.18.39-4050.jar -XX:+HeapDumpOnOutOfMemoryError -XX:HeapDumpPath=c:\Users\Fernanda Jama\AppData\Roaming\Trae\User\workspaceStorage\15c722b02b3b73826bcb58a08aa3cd52\redhat.java -Daether.dependencyCollector.impl=bf c:\Users\Fernanda Jama\.trae\extensions\redhat.java-1.44.0-win32-x64\server\plugins\org.eclipse.equinox.launcher_1.7.0.v20250519-0528.jar -configuration c:\Users\Fernanda Jama\AppData\Roaming\Trae\User\globalStorage\redhat.java\1.44.0\config_win -data c:\Users\Fernanda Jama\AppData\Roaming\Trae\User\workspaceStorage\15c722b02b3b73826bcb58a08aa3cd52\redhat.java\jdt_ws --pipe=\\.\pipe\lsp-8512b49060190a4327c02b8ab366fa2d-sock

Host: 11th Gen Intel(R) Core(TM) i7-1165G7 @ 2.80GHz, 8 cores, 39G,  Windows 11 , 64 bit Build 26100 (10.0.26100.4768)
Time: Tue Aug 26 15:16:01 2025 Hora est. Pacífico, Sudamérica elapsed time: 32.516272 seconds (0d 0h 0m 32s)

---------------  T H R E A D  ---------------

Current thread (0x000002bb7f2e9680):  JavaThread "C2 CompilerThread2" daemon [_thread_in_native, id=7452, stack(0x000000e34c700000,0x000000e34c800000) (1024K)]


Current CompileTask:
C2:32518 6397   !   4       org.eclipse.osgi.internal.loader.BundleLoader::findRequiredSource (283 bytes)

Stack: [0x000000e34c700000,0x000000e34c800000]
Native frames: (J=compiled Java code, j=interpreted, Vv=VM code, C=native code)
V  [jvm.dll+0x6d2449]
V  [jvm.dll+0x8ae341]
V  [jvm.dll+0x8b08be]
V  [jvm.dll+0x8b0fa3]
V  [jvm.dll+0x280c96]
V  [jvm.dll+0xc581d]
V  [jvm.dll+0xc5d53]
V  [jvm.dll+0x3b9162]
V  [jvm.dll+0x385315]
V  [jvm.dll+0x38477a]
V  [jvm.dll+0x248ed0]
V  [jvm.dll+0x2484af]
V  [jvm.dll+0x1c89ee]
V  [jvm.dll+0x257d4d]
V  [jvm.dll+0x2562ea]
V  [jvm.dll+0x3f2d16]
V  [jvm.dll+0x857e6b]
V  [jvm.dll+0x6d0b0d]
C  [ucrtbase.dll+0x37b0]
C  [KERNEL32.DLL+0x2e8d7]
C  [ntdll.dll+0x3c34c]


---------------  P R O C E S S  ---------------

Threads class SMR info:
_java_thread_list=0x000002bb7ff01f50, length=26, elements={
0x000002bb750abb20, 0x000002bb7cb0c920, 0x000002bb7cb10660, 0x000002bb7cb17d20,
0x000002bb7cb18380, 0x000002bb7cb18fd0, 0x000002bb7cb1bb30, 0x000002bb7cb1c960,
0x000002bb7e3f52b0, 0x000002bb7e481ea0, 0x000002bb7e821900, 0x000002bb7f033580,
0x000002bb7effa560, 0x000002bb7f1b49d0, 0x000002bb7eff16d0, 0x000002bb7f5be1d0,
0x000002bb7f6e8e50, 0x000002bb7f3795c0, 0x000002bb7f376e60, 0x000002bb7f3774f0,
0x000002bb7f377b80, 0x000002bb7f378210, 0x000002bb7f3788a0, 0x000002bb7ef419e0,
0x000002bb7f2e9680, 0x000002bb7fa33370
}

Java Threads: ( => current thread )
  0x000002bb750abb20 JavaThread "main"                              [_thread_blocked, id=5868, stack(0x000000e34a500000,0x000000e34a600000) (1024K)]
  0x000002bb7cb0c920 JavaThread "Reference Handler"          daemon [_thread_blocked, id=29560, stack(0x000000e34a900000,0x000000e34aa00000) (1024K)]
  0x000002bb7cb10660 JavaThread "Finalizer"                  daemon [_thread_blocked, id=30252, stack(0x000000e34aa00000,0x000000e34ab00000) (1024K)]
  0x000002bb7cb17d20 JavaThread "Signal Dispatcher"          daemon [_thread_blocked, id=25268, stack(0x000000e34ab00000,0x000000e34ac00000) (1024K)]
  0x000002bb7cb18380 JavaThread "Attach Listener"            daemon [_thread_blocked, id=31264, stack(0x000000e34ac00000,0x000000e34ad00000) (1024K)]
  0x000002bb7cb18fd0 JavaThread "Service Thread"             daemon [_thread_blocked, id=22128, stack(0x000000e34ad00000,0x000000e34ae00000) (1024K)]
  0x000002bb7cb1bb30 JavaThread "Monitor Deflation Thread"   daemon [_thread_blocked, id=21352, stack(0x000000e34ae00000,0x000000e34af00000) (1024K)]
  0x000002bb7cb1c960 JavaThread "C2 CompilerThread0"         daemon [_thread_blocked, id=30012, stack(0x000000e34af00000,0x000000e34b000000) (1024K)]
  0x000002bb7e3f52b0 JavaThread "C1 CompilerThread0"         daemon [_thread_blocked, id=24556, stack(0x000000e34b000000,0x000000e34b100000) (1024K)]
  0x000002bb7e481ea0 JavaThread "Common-Cleaner"             daemon [_thread_blocked, id=31376, stack(0x000000e34b100000,0x000000e34b200000) (1024K)]
  0x000002bb7e821900 JavaThread "Notification Thread"        daemon [_thread_blocked, id=26328, stack(0x000000e34b300000,0x000000e34b400000) (1024K)]
  0x000002bb7f033580 JavaThread "Active Thread: Equinox Container: b61e212b-35a4-40c0-b994-2651f0d7032c"        [_thread_in_vm, id=31688, stack(0x000000e34bb00000,0x000000e34bc00000) (1024K)]
  0x000002bb7effa560 JavaThread "Refresh Thread: Equinox Container: b61e212b-35a4-40c0-b994-2651f0d7032c" daemon [_thread_blocked, id=31228, stack(0x000000e34bd00000,0x000000e34be00000) (1024K)]
  0x000002bb7f1b49d0 JavaThread "Framework Event Dispatcher: Equinox Container: b61e212b-35a4-40c0-b994-2651f0d7032c" daemon [_thread_blocked, id=11756, stack(0x000000e34be00000,0x000000e34bf00000) (1024K)]
  0x000002bb7eff16d0 JavaThread "Start Level: Equinox Container: b61e212b-35a4-40c0-b994-2651f0d7032c" daemon [_thread_in_native, id=20336, stack(0x000000e34bf00000,0x000000e34c000000) (1024K)]
  0x000002bb7f5be1d0 JavaThread "Bundle File Closer"         daemon [_thread_blocked, id=26084, stack(0x000000e34c000000,0x000000e34c100000) (1024K)]
  0x000002bb7f6e8e50 JavaThread "SCR Component Actor"        daemon [_thread_blocked, id=10900, stack(0x000000e34b200000,0x000000e34b300000) (1024K)]
  0x000002bb7f3795c0 JavaThread "Worker-JM"                         [_thread_blocked, id=26476, stack(0x000000e34c100000,0x000000e34c200000) (1024K)]
  0x000002bb7f376e60 JavaThread "JNA Cleaner"                daemon [_thread_blocked, id=15900, stack(0x000000e34c200000,0x000000e34c300000) (1024K)]
  0x000002bb7f3774f0 JavaThread "Worker-0: Updating workspace"        [_thread_blocked, id=25976, stack(0x000000e34c300000,0x000000e34c400000) (1024K)]
  0x000002bb7f377b80 JavaThread "Worker-1: Refreshing workspace"        [_thread_in_native, id=26656, stack(0x000000e34c400000,0x000000e34c500000) (1024K)]
  0x000002bb7f378210 JavaThread "Worker-2"                          [_thread_blocked, id=17180, stack(0x000000e34c600000,0x000000e34c700000) (1024K)]
  0x000002bb7f3788a0 JavaThread "Worker-3: Processing Java changes since last activation"        [_thread_blocked, id=14328, stack(0x000000e34c500000,0x000000e34c600000) (1024K)]
  0x000002bb7ef419e0 JavaThread "C2 CompilerThread1"         daemon [_thread_in_native, id=21588, stack(0x000000e34b400000,0x000000e34b500000) (1024K)]
=>0x000002bb7f2e9680 JavaThread "C2 CompilerThread2"         daemon [_thread_in_native, id=7452, stack(0x000000e34c700000,0x000000e34c800000) (1024K)]
  0x000002bb7fa33370 JavaThread "Java indexing"              daemon [_thread_blocked, id=26936, stack(0x000000e34c800000,0x000000e34c900000) (1024K)]
Total: 26

Other Threads:
  0x000002bb7cb02d40 VMThread "VM Thread"                           [id=31088, stack(0x000000e34a800000,0x000000e34a900000) (1024K)]
  0x000002bb75119fd0 WatcherThread "VM Periodic Task Thread"        [id=30832, stack(0x000000e34a700000,0x000000e34a800000) (1024K)]
  0x000002bb750cd250 WorkerThread "GC Thread#0"                     [id=27356, stack(0x000000e34a600000,0x000000e34a700000) (1024K)]
  0x000002bb7ee6c6e0 WorkerThread "GC Thread#1"                     [id=2832, stack(0x000000e34b500000,0x000000e34b600000) (1024K)]
  0x000002bb7ebc49f0 WorkerThread "GC Thread#2"                     [id=9392, stack(0x000000e34b600000,0x000000e34b700000) (1024K)]
  0x000002bb7efae080 WorkerThread "GC Thread#3"                     [id=30876, stack(0x000000e34b700000,0x000000e34b800000) (1024K)]
  0x000002bb7efae420 WorkerThread "GC Thread#4"                     [id=13120, stack(0x000000e34b800000,0x000000e34b900000) (1024K)]
  0x000002bb7efae7c0 WorkerThread "GC Thread#5"                     [id=26952, stack(0x000000e34b900000,0x000000e34ba00000) (1024K)]
  0x000002bb7efaeb60 WorkerThread "GC Thread#6"                     [id=21512, stack(0x000000e34ba00000,0x000000e34bb00000) (1024K)]
  0x000002bb7eff9450 WorkerThread "GC Thread#7"                     [id=7028, stack(0x000000e34bc00000,0x000000e34bd00000) (1024K)]
Total: 10

Threads with active compile tasks:
C2 CompilerThread1  32618 6511       4       java.util.zip.ZipFile$Source::initCEN (612 bytes)
C2 CompilerThread2  32619 6397   !   4       org.eclipse.osgi.internal.loader.BundleLoader::findRequiredSource (283 bytes)
Total: 2

VM state: not at safepoint (normal execution)

VM Mutex/Monitor currently owned by a thread: None

Heap address: 0x0000000080000000, size: 2048 MB, Compressed Oops mode: 32-bit

CDS archive(s) mapped at: [0x000002bb0f000000-0x000002bb0fba0000-0x000002bb0fba0000), size 12189696, SharedBaseAddress: 0x000002bb0f000000, ArchiveRelocationMode: 1.
Compressed class space mapped at: 0x000002bb10000000-0x000002bb50000000, reserved size: 1073741824
Narrow klass base: 0x000002bb0f000000, Narrow klass shift: 0, Narrow klass range: 0x100000000

GC Precious Log:
 CardTable entry size: 512
 CPUs: 8 total, 8 available
 Memory: 40743M
 Large Page Support: Disabled
 NUMA Support: Disabled
 Compressed Oops: Enabled (32-bit)
 Alignments: Space 512K, Generation 512K, Heap 2M
 Heap Min Capacity: 100M
 Heap Initial Capacity: 100M
 Heap Max Capacity: 2G
 Pre-touch: Disabled
 Parallel Workers: 8

Heap:
 PSYoungGen      total 23040K, used 11657K [0x00000000d5580000, 0x00000000d7080000, 0x0000000100000000)
  eden space 22016K, 48% used [0x00000000d5580000,0x00000000d5fe3f18,0x00000000d6b00000)
  from space 1024K, 99% used [0x00000000d6f80000,0x00000000d707e5e0,0x00000000d7080000)
  to   space 2560K, 0% used [0x00000000d6b80000,0x00000000d6b80000,0x00000000d6e00000)
 ParOldGen       total 68608K, used 19244K [0x0000000080000000, 0x0000000084300000, 0x00000000d5580000)
  object space 68608K, 28% used [0x0000000080000000,0x00000000812cb170,0x0000000084300000)
 Metaspace       used 40590K, committed 41664K, reserved 1114112K
  class space    used 4319K, committed 4800K, reserved 1048576K

Card table byte_map: [0x000002bb74a40000,0x000002bb74e50000] _byte_map_base: 0x000002bb74640000

Marking Bits: (ParMarkBitMap*) 0x00007ff88013a340
 Begin Bits: [0x000002bb78540000, 0x000002bb7a540000)
 End Bits:   [0x000002bb7a540000, 0x000002bb7c540000)

Polling page: 0x000002bb72a50000

Metaspace:

Usage:
  Non-class:     35.42 MB used.
      Class:      4.22 MB used.
       Both:     39.64 MB used.

Virtual space:
  Non-class space:       64.00 MB reserved,      36.00 MB ( 56%) committed,  1 nodes.
      Class space:        1.00 GB reserved,       4.69 MB ( <1%) committed,  1 nodes.
             Both:        1.06 GB reserved,      40.69 MB (  4%) committed. 

Chunk freelists:
   Non-Class:  11.88 MB
       Class:  11.16 MB
        Both:  23.04 MB

MaxMetaspaceSize: unlimited
CompressedClassSpaceSize: 1.00 GB
Initial GC threshold: 21.00 MB
Current GC threshold: 58.38 MB
CDS: on
 - commit_granule_bytes: 65536.
 - commit_granule_words: 8192.
 - virtual_space_node_default_size: 8388608.
 - enlarge_chunks_in_place: 1.
 - use_allocation_guard: 0.


Internal statistics:

num_allocs_failed_limit: 6.
num_arena_births: 900.
num_arena_deaths: 14.
num_vsnodes_births: 2.
num_vsnodes_deaths: 0.
num_space_committed: 651.
num_space_uncommitted: 0.
num_chunks_returned_to_freelist: 20.
num_chunks_taken_from_freelist: 2708.
num_chunk_merges: 7.
num_chunk_splits: 1687.
num_chunks_enlarged: 939.
num_inconsistent_stats: 0.

CodeHeap 'non-profiled nmethods': size=120000Kb used=3258Kb max_used=3258Kb free=116741Kb
 bounds [0x000002bb07ad0000, 0x000002bb07e20000, 0x000002bb0f000000]
CodeHeap 'profiled nmethods': size=120000Kb used=12272Kb max_used=12272Kb free=107727Kb
 bounds [0x000002bb00000000, 0x000002bb00c00000, 0x000002bb07530000]
CodeHeap 'non-nmethods': size=5760Kb used=1358Kb max_used=1420Kb free=4401Kb
 bounds [0x000002bb07530000, 0x000002bb077a0000, 0x000002bb07ad0000]
CodeCache: size=245760Kb, used=16888Kb, max_used=16950Kb, free=228869Kb
 total_blobs=6531, nmethods=5889, adapters=548, full_count=0
Compilation: enabled, stopped_count=0, restarted_count=0

Compilation events (20 events):
Event: 31.427 Thread 0x000002bb7e3f52b0 nmethod 6496 0x000002bb07c84410 code [0x000002bb07c845a0, 0x000002bb07c84668]
Event: 31.451 Thread 0x000002bb7e3f52b0 6497       1       org.eclipse.core.internal.events.ResourceDelta::getFullPath (5 bytes)
Event: 31.451 Thread 0x000002bb7e3f52b0 nmethod 6497 0x000002bb07c84110 code [0x000002bb07c842a0, 0x000002bb07c84368]
Event: 31.451 Thread 0x000002bb7e3f52b0 6498       1       org.eclipse.core.internal.events.ResourceDeltaInfo::getNodeIDMap (5 bytes)
Event: 31.451 Thread 0x000002bb7e3f52b0 nmethod 6498 0x000002bb07c83e10 code [0x000002bb07c83fa0, 0x000002bb07c84068]
Event: 31.451 Thread 0x000002bb7e3f52b0 6499       1       org.eclipse.core.internal.events.ResourceDeltaInfo::getMarkerDeltas (5 bytes)
Event: 31.451 Thread 0x000002bb7e3f52b0 nmethod 6499 0x000002bb07c83b10 code [0x000002bb07c83ca0, 0x000002bb07c83d68]
Event: 31.451 Thread 0x000002bb7e3f52b0 6500       3       org.eclipse.core.internal.events.ResourceDelta::getKind (9 bytes)
Event: 31.451 Thread 0x000002bb7e3f52b0 nmethod 6500 0x000002bb00bec910 code [0x000002bb00becaa0, 0x000002bb00becbc0]
Event: 31.452 Thread 0x000002bb7e3f52b0 6501       3       org.eclipse.core.internal.events.ResourceDelta::getFlags (11 bytes)
Event: 31.452 Thread 0x000002bb7e3f52b0 nmethod 6501 0x000002bb00becc90 code [0x000002bb00bece20, 0x000002bb00becf40]
Event: 31.452 Thread 0x000002bb7e3f52b0 6502       3       org.eclipse.core.internal.events.ResourceDelta::isPhantom (36 bytes)
Event: 31.452 Thread 0x000002bb7e3f52b0 nmethod 6502 0x000002bb00bed010 code [0x000002bb00bed1e0, 0x000002bb00bed5d0]
Event: 31.479 Thread 0x000002bb7e3f52b0 6503       3       org.eclipse.core.internal.events.ResourceDelta::isTeamPrivate (36 bytes)
Event: 31.479 Thread 0x000002bb7e3f52b0 nmethod 6503 0x000002bb00bed710 code [0x000002bb00bed8e0, 0x000002bb00bedcd8]
Event: 31.508 Thread 0x000002bb7e3f52b0 6504       3       org.eclipse.core.internal.events.ResourceDelta::isHidden (38 bytes)
Event: 31.508 Thread 0x000002bb7e3f52b0 nmethod 6504 0x000002bb00bede10 code [0x000002bb00bedfe0, 0x000002bb00bee3d8]
Event: 31.523 Thread 0x000002bb7e3f52b0 6505       3       org.eclipse.core.internal.events.ResourceDelta::getAffectedChildren (326 bytes)
Event: 31.525 Thread 0x000002bb7e3f52b0 nmethod 6505 0x000002bb00bee510 code [0x000002bb00bee800, 0x000002bb00bef8b0]
Event: 31.525 Thread 0x000002bb7e3f52b0 6507       3       org.eclipse.core.internal.resources.CharsetManager$ResourceChangeListener::moveSettingsIfDerivedChanged (229 bytes)

GC Heap History (20 events):
Event: 22.832 GC heap before
{Heap before GC invocations=9 (full 1):
 PSYoungGen      total 28672K, used 24576K [0x00000000d5580000, 0x00000000d7880000, 0x0000000100000000)
  eden space 24576K, 100% used [0x00000000d5580000,0x00000000d6d80000,0x00000000d6d80000)
  from space 4096K, 0% used [0x00000000d6e80000,0x00000000d6e80000,0x00000000d7280000)
  to   space 5632K, 0% used [0x00000000d7300000,0x00000000d7300000,0x00000000d7880000)
 ParOldGen       total 68608K, used 12942K [0x0000000080000000, 0x0000000084300000, 0x00000000d5580000)
  object space 68608K, 18% used [0x0000000080000000,0x0000000080ca39f0,0x0000000084300000)
 Metaspace       used 23442K, committed 24320K, reserved 1114112K
  class space    used 2460K, committed 2816K, reserved 1048576K
}
Event: 22.835 GC heap after
{Heap after GC invocations=9 (full 1):
 PSYoungGen      total 26624K, used 2097K [0x00000000d5580000, 0x00000000d7580000, 0x0000000100000000)
  eden space 24064K, 0% used [0x00000000d5580000,0x00000000d5580000,0x00000000d6d00000)
  from space 2560K, 81% used [0x00000000d7300000,0x00000000d750c530,0x00000000d7580000)
  to   space 3584K, 0% used [0x00000000d6e80000,0x00000000d6e80000,0x00000000d7200000)
 ParOldGen       total 68608K, used 12950K [0x0000000080000000, 0x0000000084300000, 0x00000000d5580000)
  object space 68608K, 18% used [0x0000000080000000,0x0000000080ca59f0,0x0000000084300000)
 Metaspace       used 23442K, committed 24320K, reserved 1114112K
  class space    used 2460K, committed 2816K, reserved 1048576K
}
Event: 23.842 GC heap before
{Heap before GC invocations=10 (full 1):
 PSYoungGen      total 26624K, used 26161K [0x00000000d5580000, 0x00000000d7580000, 0x0000000100000000)
  eden space 24064K, 100% used [0x00000000d5580000,0x00000000d6d00000,0x00000000d6d00000)
  from space 2560K, 81% used [0x00000000d7300000,0x00000000d750c530,0x00000000d7580000)
  to   space 3584K, 0% used [0x00000000d6e80000,0x00000000d6e80000,0x00000000d7200000)
 ParOldGen       total 68608K, used 12950K [0x0000000080000000, 0x0000000084300000, 0x00000000d5580000)
  object space 68608K, 18% used [0x0000000080000000,0x0000000080ca59f0,0x0000000084300000)
 Metaspace       used 25200K, committed 26240K, reserved 1114112K
  class space    used 2700K, committed 3136K, reserved 1048576K
}
Event: 23.845 GC heap after
{Heap after GC invocations=10 (full 1):
 PSYoungGen      total 27136K, used 3563K [0x00000000d5580000, 0x00000000d7580000, 0x0000000100000000)
  eden space 23552K, 0% used [0x00000000d5580000,0x00000000d5580000,0x00000000d6c80000)
  from space 3584K, 99% used [0x00000000d6e80000,0x00000000d71fad30,0x00000000d7200000)
  to   space 3584K, 0% used [0x00000000d7200000,0x00000000d7200000,0x00000000d7580000)
 ParOldGen       total 68608K, used 13220K [0x0000000080000000, 0x0000000084300000, 0x00000000d5580000)
  object space 68608K, 19% used [0x0000000080000000,0x0000000080ce9168,0x0000000084300000)
 Metaspace       used 25200K, committed 26240K, reserved 1114112K
  class space    used 2700K, committed 3136K, reserved 1048576K
}
Event: 25.041 GC heap before
{Heap before GC invocations=11 (full 1):
 PSYoungGen      total 27136K, used 27115K [0x00000000d5580000, 0x00000000d7580000, 0x0000000100000000)
  eden space 23552K, 100% used [0x00000000d5580000,0x00000000d6c80000,0x00000000d6c80000)
  from space 3584K, 99% used [0x00000000d6e80000,0x00000000d71fad30,0x00000000d7200000)
  to   space 3584K, 0% used [0x00000000d7200000,0x00000000d7200000,0x00000000d7580000)
 ParOldGen       total 68608K, used 13220K [0x0000000080000000, 0x0000000084300000, 0x00000000d5580000)
  object space 68608K, 19% used [0x0000000080000000,0x0000000080ce9168,0x0000000084300000)
 Metaspace       used 27319K, committed 28288K, reserved 1114112K
  class space    used 2885K, committed 3328K, reserved 1048576K
}
Event: 25.045 GC heap after
{Heap after GC invocations=11 (full 1):
 PSYoungGen      total 24064K, used 976K [0x00000000d5580000, 0x00000000d7300000, 0x0000000100000000)
  eden space 23040K, 0% used [0x00000000d5580000,0x00000000d5580000,0x00000000d6c00000)
  from space 1024K, 95% used [0x00000000d7200000,0x00000000d72f42f0,0x00000000d7300000)
  to   space 2048K, 0% used [0x00000000d6f00000,0x00000000d6f00000,0x00000000d7100000)
 ParOldGen       total 68608K, used 15002K [0x0000000080000000, 0x0000000084300000, 0x00000000d5580000)
  object space 68608K, 21% used [0x0000000080000000,0x0000000080ea6b58,0x0000000084300000)
 Metaspace       used 27319K, committed 28288K, reserved 1114112K
  class space    used 2885K, committed 3328K, reserved 1048576K
}
Event: 26.125 GC heap before
{Heap before GC invocations=12 (full 1):
 PSYoungGen      total 24064K, used 24016K [0x00000000d5580000, 0x00000000d7300000, 0x0000000100000000)
  eden space 23040K, 100% used [0x00000000d5580000,0x00000000d6c00000,0x00000000d6c00000)
  from space 1024K, 95% used [0x00000000d7200000,0x00000000d72f42f0,0x00000000d7300000)
  to   space 2048K, 0% used [0x00000000d6f00000,0x00000000d6f00000,0x00000000d7100000)
 ParOldGen       total 68608K, used 15002K [0x0000000080000000, 0x0000000084300000, 0x00000000d5580000)
  object space 68608K, 21% used [0x0000000080000000,0x0000000080ea6b58,0x0000000084300000)
 Metaspace       used 29680K, committed 30656K, reserved 1114112K
  class space    used 3135K, committed 3584K, reserved 1048576K
}
Event: 26.127 GC heap after
{Heap after GC invocations=12 (full 1):
 PSYoungGen      total 24576K, used 576K [0x00000000d5580000, 0x00000000d7280000, 0x0000000100000000)
  eden space 22528K, 0% used [0x00000000d5580000,0x00000000d5580000,0x00000000d6b80000)
  from space 2048K, 28% used [0x00000000d6f00000,0x00000000d6f90000,0x00000000d7100000)
  to   space 1024K, 0% used [0x00000000d7180000,0x00000000d7180000,0x00000000d7280000)
 ParOldGen       total 68608K, used 15639K [0x0000000080000000, 0x0000000084300000, 0x00000000d5580000)
  object space 68608K, 22% used [0x0000000080000000,0x0000000080f45c30,0x0000000084300000)
 Metaspace       used 29680K, committed 30656K, reserved 1114112K
  class space    used 3135K, committed 3584K, reserved 1048576K
}
Event: 27.249 GC heap before
{Heap before GC invocations=13 (full 1):
 PSYoungGen      total 24576K, used 23028K [0x00000000d5580000, 0x00000000d7280000, 0x0000000100000000)
  eden space 22528K, 99% used [0x00000000d5580000,0x00000000d6b6d358,0x00000000d6b80000)
  from space 2048K, 28% used [0x00000000d6f00000,0x00000000d6f90000,0x00000000d7100000)
  to   space 1024K, 0% used [0x00000000d7180000,0x00000000d7180000,0x00000000d7280000)
 ParOldGen       total 68608K, used 15639K [0x0000000080000000, 0x0000000084300000, 0x00000000d5580000)
  object space 68608K, 22% used [0x0000000080000000,0x0000000080f45c30,0x0000000084300000)
 Metaspace       used 32200K, committed 33152K, reserved 1114112K
  class space    used 3416K, committed 3840K, reserved 1048576K
}
Event: 27.253 GC heap after
{Heap after GC invocations=13 (full 1):
 PSYoungGen      total 23040K, used 995K [0x00000000d5580000, 0x00000000d7280000, 0x0000000100000000)
  eden space 22016K, 0% used [0x00000000d5580000,0x00000000d5580000,0x00000000d6b00000)
  from space 1024K, 97% used [0x00000000d7180000,0x00000000d7278db0,0x00000000d7280000)
  to   space 3072K, 0% used [0x00000000d6c80000,0x00000000d6c80000,0x00000000d6f80000)
 ParOldGen       total 68608K, used 17264K [0x0000000080000000, 0x0000000084300000, 0x00000000d5580000)
  object space 68608K, 25% used [0x0000000080000000,0x00000000810dc310,0x0000000084300000)
 Metaspace       used 32200K, committed 33152K, reserved 1114112K
  class space    used 3416K, committed 3840K, reserved 1048576K
}
Event: 28.541 GC heap before
{Heap before GC invocations=14 (full 1):
 PSYoungGen      total 23040K, used 23011K [0x00000000d5580000, 0x00000000d7280000, 0x0000000100000000)
  eden space 22016K, 100% used [0x00000000d5580000,0x00000000d6b00000,0x00000000d6b00000)
  from space 1024K, 97% used [0x00000000d7180000,0x00000000d7278db0,0x00000000d7280000)
  to   space 3072K, 0% used [0x00000000d6c80000,0x00000000d6c80000,0x00000000d6f80000)
 ParOldGen       total 68608K, used 17264K [0x0000000080000000, 0x0000000084300000, 0x00000000d5580000)
  object space 68608K, 25% used [0x0000000080000000,0x00000000810dc310,0x0000000084300000)
 Metaspace       used 34683K, committed 35648K, reserved 1114112K
  class space    used 3671K, committed 4096K, reserved 1048576K
}
Event: 28.545 GC heap after
{Heap after GC invocations=14 (full 1):
 PSYoungGen      total 25088K, used 1358K [0x00000000d5580000, 0x00000000d7200000, 0x0000000100000000)
  eden space 22016K, 0% used [0x00000000d5580000,0x00000000d5580000,0x00000000d6b00000)
  from space 3072K, 44% used [0x00000000d6c80000,0x00000000d6dd3830,0x00000000d6f80000)
  to   space 2048K, 0% used [0x00000000d7000000,0x00000000d7000000,0x00000000d7200000)
 ParOldGen       total 68608K, used 17640K [0x0000000080000000, 0x0000000084300000, 0x00000000d5580000)
  object space 68608K, 25% used [0x0000000080000000,0x000000008113a310,0x0000000084300000)
 Metaspace       used 34683K, committed 35648K, reserved 1114112K
  class space    used 3671K, committed 4096K, reserved 1048576K
}
Event: 28.685 GC heap before
{Heap before GC invocations=15 (full 1):
 PSYoungGen      total 25088K, used 4400K [0x00000000d5580000, 0x00000000d7200000, 0x0000000100000000)
  eden space 22016K, 13% used [0x00000000d5580000,0x00000000d58788e8,0x00000000d6b00000)
  from space 3072K, 44% used [0x00000000d6c80000,0x00000000d6dd3830,0x00000000d6f80000)
  to   space 2048K, 0% used [0x00000000d7000000,0x00000000d7000000,0x00000000d7200000)
 ParOldGen       total 68608K, used 17640K [0x0000000080000000, 0x0000000084300000, 0x00000000d5580000)
  object space 68608K, 25% used [0x0000000080000000,0x000000008113a310,0x0000000084300000)
 Metaspace       used 34882K, committed 35840K, reserved 1114112K
  class space    used 3691K, committed 4096K, reserved 1048576K
}
Event: 28.688 GC heap after
{Heap after GC invocations=15 (full 1):
 PSYoungGen      total 24064K, used 1864K [0x00000000d5580000, 0x00000000d7200000, 0x0000000100000000)
  eden space 22016K, 0% used [0x00000000d5580000,0x00000000d5580000,0x00000000d6b00000)
  from space 2048K, 91% used [0x00000000d7000000,0x00000000d71d22b0,0x00000000d7200000)
  to   space 2048K, 0% used [0x00000000d6e00000,0x00000000d6e00000,0x00000000d7000000)
 ParOldGen       total 68608K, used 18791K [0x0000000080000000, 0x0000000084300000, 0x00000000d5580000)
  object space 68608K, 27% used [0x0000000080000000,0x0000000081259e78,0x0000000084300000)
 Metaspace       used 34882K, committed 35840K, reserved 1114112K
  class space    used 3691K, committed 4096K, reserved 1048576K
}
Event: 28.688 GC heap before
{Heap before GC invocations=16 (full 2):
 PSYoungGen      total 24064K, used 1864K [0x00000000d5580000, 0x00000000d7200000, 0x0000000100000000)
  eden space 22016K, 0% used [0x00000000d5580000,0x00000000d5580000,0x00000000d6b00000)
  from space 2048K, 91% used [0x00000000d7000000,0x00000000d71d22b0,0x00000000d7200000)
  to   space 2048K, 0% used [0x00000000d6e00000,0x00000000d6e00000,0x00000000d7000000)
 ParOldGen       total 68608K, used 18791K [0x0000000080000000, 0x0000000084300000, 0x00000000d5580000)
  object space 68608K, 27% used [0x0000000080000000,0x0000000081259e78,0x0000000084300000)
 Metaspace       used 34882K, committed 35840K, reserved 1114112K
  class space    used 3691K, committed 4096K, reserved 1048576K
}
Event: 28.758 GC heap after
{Heap after GC invocations=16 (full 2):
 PSYoungGen      total 24064K, used 0K [0x00000000d5580000, 0x00000000d7200000, 0x0000000100000000)
  eden space 22016K, 0% used [0x00000000d5580000,0x00000000d5580000,0x00000000d6b00000)
  from space 2048K, 0% used [0x00000000d7000000,0x00000000d7000000,0x00000000d7200000)
  to   space 2048K, 0% used [0x00000000d6e00000,0x00000000d6e00000,0x00000000d7000000)
 ParOldGen       total 68608K, used 18185K [0x0000000080000000, 0x0000000084300000, 0x00000000d5580000)
  object space 68608K, 26% used [0x0000000080000000,0x00000000811c25a0,0x0000000084300000)
 Metaspace       used 34882K, committed 35840K, reserved 1114112K
  class space    used 3691K, committed 4096K, reserved 1048576K
}
Event: 29.533 GC heap before
{Heap before GC invocations=17 (full 2):
 PSYoungGen      total 24064K, used 22016K [0x00000000d5580000, 0x00000000d7200000, 0x0000000100000000)
  eden space 22016K, 100% used [0x00000000d5580000,0x00000000d6b00000,0x00000000d6b00000)
  from space 2048K, 0% used [0x00000000d7000000,0x00000000d7000000,0x00000000d7200000)
  to   space 2048K, 0% used [0x00000000d6e00000,0x00000000d6e00000,0x00000000d7000000)
 ParOldGen       total 68608K, used 18185K [0x0000000080000000, 0x0000000084300000, 0x00000000d5580000)
  object space 68608K, 26% used [0x0000000080000000,0x00000000811c25a0,0x0000000084300000)
 Metaspace       used 36236K, committed 37248K, reserved 1114112K
  class space    used 3866K, committed 4288K, reserved 1048576K
}
Event: 29.535 GC heap after
{Heap after GC invocations=17 (full 2):
 PSYoungGen      total 23552K, used 1056K [0x00000000d5580000, 0x00000000d7080000, 0x0000000100000000)
  eden space 22016K, 0% used [0x00000000d5580000,0x00000000d5580000,0x00000000d6b00000)
  from space 1536K, 68% used [0x00000000d6e00000,0x00000000d6f08000,0x00000000d6f80000)
  to   space 1024K, 0% used [0x00000000d6f80000,0x00000000d6f80000,0x00000000d7080000)
 ParOldGen       total 68608K, used 18193K [0x0000000080000000, 0x0000000084300000, 0x00000000d5580000)
  object space 68608K, 26% used [0x0000000080000000,0x00000000811c45a0,0x0000000084300000)
 Metaspace       used 36236K, committed 37248K, reserved 1114112K
  class space    used 3866K, committed 4288K, reserved 1048576K
}
Event: 30.291 GC heap before
{Heap before GC invocations=18 (full 2):
 PSYoungGen      total 23552K, used 23072K [0x00000000d5580000, 0x00000000d7080000, 0x0000000100000000)
  eden space 22016K, 100% used [0x00000000d5580000,0x00000000d6b00000,0x00000000d6b00000)
  from space 1536K, 68% used [0x00000000d6e00000,0x00000000d6f08000,0x00000000d6f80000)
  to   space 1024K, 0% used [0x00000000d6f80000,0x00000000d6f80000,0x00000000d7080000)
 ParOldGen       total 68608K, used 18193K [0x0000000080000000, 0x0000000084300000, 0x00000000d5580000)
  object space 68608K, 26% used [0x0000000080000000,0x00000000811c45a0,0x0000000084300000)
 Metaspace       used 38889K, committed 39936K, reserved 1114112K
  class space    used 4144K, committed 4608K, reserved 1048576K
}
Event: 30.295 GC heap after
{Heap after GC invocations=18 (full 2):
 PSYoungGen      total 23040K, used 1017K [0x00000000d5580000, 0x00000000d7080000, 0x0000000100000000)
  eden space 22016K, 0% used [0x00000000d5580000,0x00000000d5580000,0x00000000d6b00000)
  from space 1024K, 99% used [0x00000000d6f80000,0x00000000d707e5e0,0x00000000d7080000)
  to   space 2560K, 0% used [0x00000000d6b80000,0x00000000d6b80000,0x00000000d6e00000)
 ParOldGen       total 68608K, used 19244K [0x0000000080000000, 0x0000000084300000, 0x00000000d5580000)
  object space 68608K, 28% used [0x0000000080000000,0x00000000812cb170,0x0000000084300000)
 Metaspace       used 38889K, committed 39936K, reserved 1114112K
  class space    used 4144K, committed 4608K, reserved 1048576K
}

Dll operation events (10 events):
Event: 0.031 Loaded shared library c:\Users\Fernanda Jama\.trae\extensions\redhat.java-1.44.0-win32-x64\jre\21.0.8-win32-x86_64\bin\java.dll
Event: 0.189 Loaded shared library c:\Users\Fernanda Jama\.trae\extensions\redhat.java-1.44.0-win32-x64\jre\21.0.8-win32-x86_64\bin\zip.dll
Event: 0.217 Loaded shared library C:\Users\Fernanda Jama\.trae\extensions\redhat.java-1.44.0-win32-x64\jre\21.0.8-win32-x86_64\bin\instrument.dll
Event: 0.252 Loaded shared library C:\Users\Fernanda Jama\.trae\extensions\redhat.java-1.44.0-win32-x64\jre\21.0.8-win32-x86_64\bin\net.dll
Event: 0.260 Loaded shared library C:\Users\Fernanda Jama\.trae\extensions\redhat.java-1.44.0-win32-x64\jre\21.0.8-win32-x86_64\bin\nio.dll
Event: 0.267 Loaded shared library C:\Users\Fernanda Jama\.trae\extensions\redhat.java-1.44.0-win32-x64\jre\21.0.8-win32-x86_64\bin\zip.dll
Event: 0.300 Loaded shared library C:\Users\Fernanda Jama\.trae\extensions\redhat.java-1.44.0-win32-x64\jre\21.0.8-win32-x86_64\bin\jimage.dll
Event: 0.450 Loaded shared library c:\Users\Fernanda Jama\.trae\extensions\redhat.java-1.44.0-win32-x64\jre\21.0.8-win32-x86_64\bin\verify.dll
Event: 2.618 Loaded shared library C:\Users\Fernanda Jama\AppData\Roaming\Trae\User\globalStorage\redhat.java\1.44.0\config_win\org.eclipse.equinox.launcher\org.eclipse.equinox.launcher.win32.win32.x86_64_1.2.1400.v20250730-1736\eclipse_11913.dll
Event: 7.121 Loaded shared library C:\Users\Fernanda Jama\AppData\Local\Temp\jna--1470441178\jna8060389320228238452.dll

Deoptimization events (20 events):
Event: 31.157 Thread 0x000002bb7eff16d0 Uncommon trap: trap_request=0xffffffde fr.pc=0x000002bb07ccff08 relative=0x0000000000000a88
Event: 31.157 Thread 0x000002bb7eff16d0 Uncommon trap: reason=class_check action=maybe_recompile pc=0x000002bb07ccff08 method=java.io.ObjectInputStream$PeekInputStream.peek()I @ 17 c2
Event: 31.157 Thread 0x000002bb7eff16d0 DEOPT PACKING pc=0x000002bb07ccff08 sp=0x000000e34bffe610
Event: 31.157 Thread 0x000002bb7eff16d0 DEOPT UNPACKING pc=0x000002bb07586da2 sp=0x000000e34bffe4a0 mode 2
Event: 31.157 Thread 0x000002bb7eff16d0 Uncommon trap: trap_request=0xffffffde fr.pc=0x000002bb07ca65d4 relative=0x0000000000000414
Event: 31.157 Thread 0x000002bb7eff16d0 Uncommon trap: reason=class_check action=maybe_recompile pc=0x000002bb07ca65d4 method=java.io.ObjectInputStream$PeekInputStream.peek()I @ 17 c2
Event: 31.157 Thread 0x000002bb7eff16d0 DEOPT PACKING pc=0x000002bb07ca65d4 sp=0x000000e34bffddb0
Event: 31.157 Thread 0x000002bb7eff16d0 DEOPT UNPACKING pc=0x000002bb07586da2 sp=0x000000e34bffdd60 mode 2
Event: 31.158 Thread 0x000002bb7eff16d0 Uncommon trap: trap_request=0xffffffde fr.pc=0x000002bb07cd4628 relative=0x0000000000000f88
Event: 31.158 Thread 0x000002bb7eff16d0 Uncommon trap: reason=class_check action=maybe_recompile pc=0x000002bb07cd4628 method=java.io.ObjectInputStream$PeekInputStream.peek()I @ 17 c2
Event: 31.158 Thread 0x000002bb7eff16d0 DEOPT PACKING pc=0x000002bb07cd4628 sp=0x000000e34bffe000
Event: 31.158 Thread 0x000002bb7eff16d0 DEOPT UNPACKING pc=0x000002bb07586da2 sp=0x000000e34bffde88 mode 2
Event: 31.158 Thread 0x000002bb7eff16d0 Uncommon trap: trap_request=0xffffffde fr.pc=0x000002bb07cac404 relative=0x0000000000000444
Event: 31.158 Thread 0x000002bb7eff16d0 Uncommon trap: reason=class_check action=maybe_recompile pc=0x000002bb07cac404 method=java.io.ObjectInputStream$PeekInputStream.peek()I @ 17 c2
Event: 31.158 Thread 0x000002bb7eff16d0 DEOPT PACKING pc=0x000002bb07cac404 sp=0x000000e34bffdf80
Event: 31.158 Thread 0x000002bb7eff16d0 DEOPT UNPACKING pc=0x000002bb07586da2 sp=0x000000e34bffde80 mode 2
Event: 31.158 Thread 0x000002bb7eff16d0 Uncommon trap: trap_request=0xffffffde fr.pc=0x000002bb07ca85f8 relative=0x0000000000000438
Event: 31.158 Thread 0x000002bb7eff16d0 Uncommon trap: reason=class_check action=maybe_recompile pc=0x000002bb07ca85f8 method=java.io.ObjectInputStream$PeekInputStream.peek()I @ 17 c2
Event: 31.158 Thread 0x000002bb7eff16d0 DEOPT PACKING pc=0x000002bb07ca85f8 sp=0x000000e34bffdf10
Event: 31.158 Thread 0x000002bb7eff16d0 DEOPT UNPACKING pc=0x000002bb07586da2 sp=0x000000e34bffde78 mode 2

Classes loaded (20 events):
Event: 30.807 Loading class sun/nio/cs/KOI8_R
Event: 30.807 Loading class sun/nio/cs/KOI8_R done
Event: 30.842 Loading class com/sun/org/apache/xml/internal/serializer/NamespaceMappings
Event: 30.843 Loading class com/sun/org/apache/xml/internal/serializer/NamespaceMappings done
Event: 30.845 Loading class com/sun/org/apache/xml/internal/serializer/NamespaceMappings$MappingRecord
Event: 30.845 Loading class com/sun/org/apache/xml/internal/serializer/NamespaceMappings$MappingRecord done
Event: 30.846 Loading class javax/xml/transform/stream/StreamSource
Event: 30.847 Loading class javax/xml/transform/stream/StreamSource done
Event: 30.847 Loading class javax/xml/transform/sax/SAXSource
Event: 30.847 Loading class javax/xml/transform/sax/SAXSource done
Event: 30.847 Loading class javax/xml/transform/stax/StAXSource
Event: 30.847 Loading class javax/xml/transform/stax/StAXSource done
Event: 30.847 Loading class com/sun/org/apache/xalan/internal/xsltc/trax/DOM2TO
Event: 30.847 Loading class com/sun/org/apache/xalan/internal/xsltc/trax/DOM2TO done
Event: 30.851 Loading class com/sun/org/apache/xml/internal/serializer/WriterToUTF8Buffered
Event: 30.851 Loading class com/sun/org/apache/xml/internal/serializer/WriterChain
Event: 30.851 Loading class com/sun/org/apache/xml/internal/serializer/WriterChain done
Event: 30.851 Loading class com/sun/org/apache/xml/internal/serializer/WriterToUTF8Buffered done
Event: 30.851 Loading class com/sun/org/apache/xml/internal/serializer/WriterToASCI
Event: 30.851 Loading class com/sun/org/apache/xml/internal/serializer/WriterToASCI done

Classes unloaded (7 events):
Event: 19.356 Thread 0x000002bb7cb02d40 Unloading class 0x000002bb101a7000 'java/lang/invoke/LambdaForm$MH+0x000002bb101a7000'
Event: 19.356 Thread 0x000002bb7cb02d40 Unloading class 0x000002bb101a6c00 'java/lang/invoke/LambdaForm$MH+0x000002bb101a6c00'
Event: 19.356 Thread 0x000002bb7cb02d40 Unloading class 0x000002bb101a6800 'java/lang/invoke/LambdaForm$MH+0x000002bb101a6800'
Event: 19.356 Thread 0x000002bb7cb02d40 Unloading class 0x000002bb101a6400 'java/lang/invoke/LambdaForm$MH+0x000002bb101a6400'
Event: 19.356 Thread 0x000002bb7cb02d40 Unloading class 0x000002bb101a6000 'java/lang/invoke/LambdaForm$BMH+0x000002bb101a6000'
Event: 19.356 Thread 0x000002bb7cb02d40 Unloading class 0x000002bb101a5c00 'java/lang/invoke/LambdaForm$DMH+0x000002bb101a5c00'
Event: 19.356 Thread 0x000002bb7cb02d40 Unloading class 0x000002bb101a4800 'java/lang/invoke/LambdaForm$DMH+0x000002bb101a4800'

Classes redefined (0 events):
No events

Internal exceptions (20 events):
Event: 24.302 Thread 0x000002bb7eff16d0 Exception <a 'java/io/FileNotFoundException'{0x00000000d5a3a490}> (0x00000000d5a3a490) 
thrown [s\src\hotspot\share\prims\jni.cpp, line 520]
Event: 28.488 Thread 0x000002bb7f378210 Exception <a 'java/lang/NoSuchMethodError'{0x00000000d682a800}: 'void java.lang.invoke.DirectMethodHandle$Holder.invokeStaticInit(java.lang.Object, java.lang.Object, java.lang.Object)'> (0x00000000d682a800) 
thrown [s\src\hotspot\share\interpreter\linkResolver.cpp, line 773]
Event: 28.499 Thread 0x000002bb7f378210 Exception <a 'java/lang/ExceptionInInitializerError'{0x00000000d6869f20}> (0x00000000d6869f20) 
thrown [s\src\hotspot\share\oops\instanceKlass.cpp, line 1220]
Event: 28.620 Thread 0x000002bb7f378210 Implicit null exception at 0x000002bb07cc30f7 to 0x000002bb07cc3368
Event: 28.642 Thread 0x000002bb7f378210 Implicit null exception at 0x000002bb07c2047e to 0x000002bb07c206f0
Event: 28.646 Thread 0x000002bb7f378210 Implicit null exception at 0x000002bb07b8321c to 0x000002bb07b8413c
Event: 28.661 Thread 0x000002bb7f378210 Exception <a 'java/lang/NoSuchMethodError'{0x00000000d5842078}: 'java.lang.Object java.lang.invoke.Invokers$Holder.invokeExact_MT(java.lang.Object, int, java.lang.Object)'> (0x00000000d5842078) 
thrown [s\src\hotspot\share\interpreter\linkResolver.cpp, line 773]
Event: 28.787 Thread 0x000002bb7f378210 Exception <a 'java/lang/NoSuchMethodError'{0x00000000d5634d38}: 'int java.lang.invoke.DirectMethodHandle$Holder.invokeSpecial(java.lang.Object, java.lang.Object, java.lang.Object, java.lang.Object)'> (0x00000000d5634d38) 
thrown [s\src\hotspot\share\interpreter\linkResolver.cpp, line 773]
Event: 29.158 Thread 0x000002bb7eff16d0 Exception <a 'java/lang/NoSuchMethodError'{0x00000000d64c7430}: 'java.lang.Object java.lang.invoke.DirectMethodHandle$Holder.newInvokeSpecial(java.lang.Object, int, java.lang.Object, java.lang.Object)'> (0x00000000d64c7430) 
thrown [s\src\hotspot\share\interpreter\linkResolver.cpp, line 773]
Event: 29.274 Thread 0x000002bb7eff16d0 Exception <a 'java/io/FileNotFoundException'{0x00000000d64eca30}> (0x00000000d64eca30) 
thrown [s\src\hotspot\share\prims\jni.cpp, line 520]
Event: 29.596 Thread 0x000002bb7f378210 Exception <a 'java/lang/NoClassDefFoundError'{0x00000000d582ada0}: com/google/inject/servlet/ServletModuleTargetVisitor> (0x00000000d582ada0) 
thrown [s\src\hotspot\share\classfile\systemDictionary.cpp, line 301]
Event: 29.664 Thread 0x000002bb7f378210 Exception <a 'java/lang/NoSuchMethodError'{0x00000000d5a32fb8}: 'java.lang.Object java.lang.invoke.DirectMethodHandle$Holder.invokeStatic(java.lang.Object, int, java.lang.Object, java.lang.Object)'> (0x00000000d5a32fb8) 
thrown [s\src\hotspot\share\interpreter\linkResolver.cpp, line 773]
Event: 29.664 Thread 0x000002bb7f378210 Exception <a 'java/lang/NoSuchMethodError'{0x00000000d5a367b8}: 'java.lang.Object java.lang.invoke.DelegatingMethodHandle$Holder.delegate(java.lang.Object, int, java.lang.Object, java.lang.Object)'> (0x00000000d5a367b8) 
thrown [s\src\hotspot\share\interpreter\linkResolver.cpp, line 773]
Event: 29.667 Thread 0x000002bb7f378210 Implicit null exception at 0x000002bb07b057f6 to 0x000002bb07b05b2c
Event: 29.669 Thread 0x000002bb7f378210 Exception <a 'java/lang/NoSuchMethodError'{0x00000000d5a49f98}: 'int java.lang.invoke.Invokers$Holder.linkToTargetMethod(java.lang.Object, java.lang.Object, java.lang.Object)'> (0x00000000d5a49f98) 
thrown [s\src\hotspot\share\interpreter\linkResolver.cpp, line 773]
Event: 30.221 Thread 0x000002bb7eff16d0 Exception <a 'java/lang/ClassNotFoundException'{0x00000000d694d690}: com/sun/org/apache/xerces/internal/impl/msg/spi/DOMMessagesProvider> (0x00000000d694d690) 
thrown [s\src\hotspot\share\classfile\systemDictionary.cpp, line 312]
Event: 30.225 Thread 0x000002bb7eff16d0 Exception <a 'java/lang/ClassNotFoundException'{0x00000000d6971f60}: com/sun/org/apache/xerces/internal/impl/msg/spi/XMLSerializerMessagesProvider> (0x00000000d6971f60) 
thrown [s\src\hotspot\share\classfile\systemDictionary.cpp, line 312]
Event: 30.233 Thread 0x000002bb7eff16d0 Exception <a 'java/lang/ClassNotFoundException'{0x00000000d698a4d8}: com/sun/org/apache/xerces/internal/impl/msg/spi/XMLMessagesProvider> (0x00000000d698a4d8) 
thrown [s\src\hotspot\share\classfile\systemDictionary.cpp, line 312]
Event: 30.264 Thread 0x000002bb7eff16d0 Implicit null exception at 0x000002bb07b24e40 to 0x000002bb07b25e2c
Event: 30.627 Thread 0x000002bb7eff16d0 Exception <a 'java/lang/ClassNotFoundException'{0x00000000d5b00078}: com/sun/org/apache/xml/internal/serializer/spi/XMLEntitiesProvider> (0x00000000d5b00078) 
thrown [s\src\hotspot\share\classfile\systemDictionary.cpp, line 312]

ZGC Phase Switch (0 events):
No events

VM Operations (20 events):
Event: 28.869 Executing VM operation: HandshakeAllThreads (Deoptimize) done
Event: 29.296 Executing VM operation: HandshakeAllThreads (Deoptimize)
Event: 29.296 Executing VM operation: HandshakeAllThreads (Deoptimize) done
Event: 29.532 Executing VM operation: ParallelGCFailedAllocation (Allocation Failure)
Event: 29.535 Executing VM operation: ParallelGCFailedAllocation (Allocation Failure) done
Event: 29.622 Executing VM operation: HandshakeAllThreads (Deoptimize)
Event: 29.622 Executing VM operation: HandshakeAllThreads (Deoptimize) done
Event: 29.774 Executing VM operation: HandshakeAllThreads (Deoptimize)
Event: 29.774 Executing VM operation: HandshakeAllThreads (Deoptimize) done
Event: 29.841 Executing VM operation: HandshakeAllThreads (Deoptimize)
Event: 29.842 Executing VM operation: HandshakeAllThreads (Deoptimize) done
Event: 30.260 Executing VM operation: ICBufferFull
Event: 30.260 Executing VM operation: ICBufferFull done
Event: 30.291 Executing VM operation: ParallelGCFailedAllocation (Allocation Failure)
Event: 30.295 Executing VM operation: ParallelGCFailedAllocation (Allocation Failure) done
Event: 30.622 Executing VM operation: HandshakeAllThreads (Deoptimize)
Event: 30.622 Executing VM operation: HandshakeAllThreads (Deoptimize) done
Event: 30.631 Executing VM operation: HandshakeAllThreads (Deoptimize)
Event: 30.631 Executing VM operation: HandshakeAllThreads (Deoptimize) done
Event: 31.634 Executing VM operation: Cleanup

Memory protections (0 events):
No events

Nmethod flushes (20 events):
Event: 28.727 Thread 0x000002bb7cb02d40 flushing  nmethod 0x000002bb00709690
Event: 28.727 Thread 0x000002bb7cb02d40 flushing  nmethod 0x000002bb0070ab10
Event: 28.727 Thread 0x000002bb7cb02d40 flushing  nmethod 0x000002bb0070b410
Event: 28.727 Thread 0x000002bb7cb02d40 flushing  nmethod 0x000002bb0070c610
Event: 28.727 Thread 0x000002bb7cb02d40 flushing  nmethod 0x000002bb0070d210
Event: 28.727 Thread 0x000002bb7cb02d40 flushing  nmethod 0x000002bb0070ef10
Event: 28.727 Thread 0x000002bb7cb02d40 flushing  nmethod 0x000002bb0070f410
Event: 28.727 Thread 0x000002bb7cb02d40 flushing  nmethod 0x000002bb0070f910
Event: 28.727 Thread 0x000002bb7cb02d40 flushing  nmethod 0x000002bb0070fd10
Event: 28.727 Thread 0x000002bb7cb02d40 flushing  nmethod 0x000002bb00710d10
Event: 28.727 Thread 0x000002bb7cb02d40 flushing  nmethod 0x000002bb00712b10
Event: 28.727 Thread 0x000002bb7cb02d40 flushing  nmethod 0x000002bb00713890
Event: 28.727 Thread 0x000002bb7cb02d40 flushing  nmethod 0x000002bb0076f390
Event: 28.727 Thread 0x000002bb7cb02d40 flushing  nmethod 0x000002bb00772990
Event: 28.727 Thread 0x000002bb7cb02d40 flushing  nmethod 0x000002bb00777410
Event: 28.727 Thread 0x000002bb7cb02d40 flushing  nmethod 0x000002bb0077e390
Event: 28.727 Thread 0x000002bb7cb02d40 flushing  nmethod 0x000002bb007c2490
Event: 28.727 Thread 0x000002bb7cb02d40 flushing  nmethod 0x000002bb007efa10
Event: 28.727 Thread 0x000002bb7cb02d40 flushing  nmethod 0x000002bb00817810
Event: 28.727 Thread 0x000002bb7cb02d40 flushing  nmethod 0x000002bb00817c90

Events (20 events):
Event: 7.746 Thread 0x000002bb7e95bb60 Thread exited: 0x000002bb7e95bb60
Event: 12.482 Thread 0x000002bb7f427d80 Thread exited: 0x000002bb7f427d80
Event: 17.237 Thread 0x000002bb7e3f52b0 Thread added: 0x000002bb7ef52c20
Event: 17.415 Thread 0x000002bb7ef52c20 Thread exited: 0x000002bb7ef52c20
Event: 17.638 Thread 0x000002bb7eff16d0 Thread added: 0x000002bb7f37a2e0
Event: 19.599 Thread 0x000002bb7cb1c960 Thread added: 0x000002bb7ff42dc0
Event: 19.911 Thread 0x000002bb7ff42dc0 Thread exited: 0x000002bb7ff42dc0
Event: 20.626 Thread 0x000002bb7e3f52b0 Thread added: 0x000002bb7f565830
Event: 20.835 Thread 0x000002bb7f565830 Thread exited: 0x000002bb7f565830
Event: 22.563 Thread 0x000002bb7f3774f0 Thread added: 0x000002bb7f3788a0
Event: 22.913 Thread 0x000002bb7e3f52b0 Thread added: 0x000002bb7f7838b0
Event: 24.009 Thread 0x000002bb7e3f52b0 Thread added: 0x000002bb7f9706f0
Event: 24.514 Thread 0x000002bb7f9706f0 Thread exited: 0x000002bb7f9706f0
Event: 24.654 Thread 0x000002bb7f7838b0 Thread exited: 0x000002bb7f7838b0
Event: 26.137 Thread 0x000002bb7e3f52b0 Thread added: 0x000002bb7ef419e0
Event: 26.334 Thread 0x000002bb7f37a2e0 Thread exited: 0x000002bb7f37a2e0
Event: 26.790 Thread 0x000002bb7ef419e0 Thread exited: 0x000002bb7ef419e0
Event: 27.541 Thread 0x000002bb7e3f52b0 Thread added: 0x000002bb7ef419e0
Event: 29.787 Thread 0x000002bb7e3f52b0 Thread added: 0x000002bb7f2e9680
Event: 30.303 Thread 0x000002bb7eff16d0 Thread added: 0x000002bb7fa33370


Dynamic libraries:
0x00007ff72bea0000 - 0x00007ff72beae000 	c:\Users\Fernanda Jama\.trae\extensions\redhat.java-1.44.0-win32-x64\jre\21.0.8-win32-x86_64\bin\java.exe
0x00007ff921080000 - 0x00007ff9212e7000 	C:\Windows\SYSTEM32\ntdll.dll
0x00007ff920630000 - 0x00007ff9206f9000 	C:\Windows\System32\KERNEL32.DLL
0x00007ff91e440000 - 0x00007ff91e830000 	C:\Windows\System32\KERNELBASE.dll
0x00007ff88eb20000 - 0x00007ff88ebfb000 	C:\Program Files\Bitdefender\Endpoint Security\bdhkm\dlls_267825381831322691\bdhkm64.dll
0x00007ff88e950000 - 0x00007ff88eb19000 	C:\Program Files\Bitdefender\Endpoint Security\atcuf\dlls_267870601976104115\atcuf64.dll
0x00007ff91e1b0000 - 0x00007ff91e2fb000 	C:\Windows\System32\ucrtbase.dll
0x00007ff88d5b0000 - 0x00007ff88d5c8000 	c:\Users\Fernanda Jama\.trae\extensions\redhat.java-1.44.0-win32-x64\jre\21.0.8-win32-x86_64\bin\jli.dll
0x00007ff920370000 - 0x00007ff920535000 	C:\Windows\System32\USER32.dll
0x00007ff91ede0000 - 0x00007ff91ee07000 	C:\Windows\System32\win32u.dll
0x00007ff920a90000 - 0x00007ff920abb000 	C:\Windows\System32\GDI32.dll
0x00007ff91e840000 - 0x00007ff91e978000 	C:\Windows\System32\gdi32full.dll
0x00007ff91e390000 - 0x00007ff91e433000 	C:\Windows\System32\msvcp_win.dll
0x00007ff88c080000 - 0x00007ff88c09e000 	c:\Users\Fernanda Jama\.trae\extensions\redhat.java-1.44.0-win32-x64\jre\21.0.8-win32-x86_64\bin\VCRUNTIME140.dll
0x00007ff901da0000 - 0x00007ff90203a000 	C:\Windows\WinSxS\amd64_microsoft.windows.common-controls_6595b64144ccf1df_6.0.26100.4768_none_3e0c112ce331287c\COMCTL32.dll
0x00007ff920de0000 - 0x00007ff920e89000 	C:\Windows\System32\msvcrt.dll
0x00007ff920700000 - 0x00007ff92072f000 	C:\Windows\System32\IMM32.DLL
0x00007ff8d3e40000 - 0x00007ff8d3e4c000 	c:\Users\Fernanda Jama\.trae\extensions\redhat.java-1.44.0-win32-x64\jre\21.0.8-win32-x86_64\bin\vcruntime140_1.dll
0x00007ff885ac0000 - 0x00007ff885b4d000 	c:\Users\Fernanda Jama\.trae\extensions\redhat.java-1.44.0-win32-x64\jre\21.0.8-win32-x86_64\bin\msvcp140.dll
0x00007ff87f480000 - 0x00007ff880217000 	c:\Users\Fernanda Jama\.trae\extensions\redhat.java-1.44.0-win32-x64\jre\21.0.8-win32-x86_64\bin\server\jvm.dll
0x00007ff920540000 - 0x00007ff9205f4000 	C:\Windows\System32\ADVAPI32.dll
0x00007ff9208f0000 - 0x00007ff920996000 	C:\Windows\System32\sechost.dll
0x00007ff91f400000 - 0x00007ff91f518000 	C:\Windows\System32\RPCRT4.dll
0x00007ff91fca0000 - 0x00007ff91fd14000 	C:\Windows\System32\WS2_32.dll
0x00007ff91da00000 - 0x00007ff91da5e000 	C:\Windows\SYSTEM32\POWRPROF.dll
0x00007ff9063a0000 - 0x00007ff9063d5000 	C:\Windows\SYSTEM32\WINMM.dll
0x00007ff90d250000 - 0x00007ff90d25b000 	C:\Windows\SYSTEM32\VERSION.dll
0x00007ff91d9e0000 - 0x00007ff91d9f4000 	C:\Windows\SYSTEM32\UMPDC.dll
0x00007ff91cef0000 - 0x00007ff91cf0b000 	C:\Windows\SYSTEM32\kernel.appcore.dll
0x00007ff8cbae0000 - 0x00007ff8cbaea000 	c:\Users\Fernanda Jama\.trae\extensions\redhat.java-1.44.0-win32-x64\jre\21.0.8-win32-x86_64\bin\jimage.dll
0x00007ff91b830000 - 0x00007ff91ba71000 	C:\Windows\SYSTEM32\DBGHELP.DLL
0x00007ff91f070000 - 0x00007ff91f3f5000 	C:\Windows\System32\combase.dll
0x00007ff9209a0000 - 0x00007ff920a80000 	C:\Windows\System32\OLEAUT32.dll
0x00007ff8e4740000 - 0x00007ff8e4783000 	C:\Windows\SYSTEM32\dbgcore.DLL
0x00007ff91e980000 - 0x00007ff91ea19000 	C:\Windows\System32\bcryptPrimitives.dll
0x00007ff91acd0000 - 0x00007ff91acdf000 	c:\Users\Fernanda Jama\.trae\extensions\redhat.java-1.44.0-win32-x64\jre\21.0.8-win32-x86_64\bin\instrument.dll
0x00007ff88c060000 - 0x00007ff88c07f000 	c:\Users\Fernanda Jama\.trae\extensions\redhat.java-1.44.0-win32-x64\jre\21.0.8-win32-x86_64\bin\java.dll
0x00007ff91f550000 - 0x00007ff91fc9d000 	C:\Windows\System32\SHELL32.dll
0x00007ff91ec60000 - 0x00007ff91edd3000 	C:\Windows\System32\wintypes.dll
0x00007ff91bd50000 - 0x00007ff91c5b0000 	C:\Windows\SYSTEM32\windows.storage.dll
0x00007ff91ee90000 - 0x00007ff91ef85000 	C:\Windows\System32\SHCORE.dll
0x00007ff91ef90000 - 0x00007ff91effa000 	C:\Windows\System32\shlwapi.dll
0x00007ff91e0a0000 - 0x00007ff91e0c9000 	C:\Windows\SYSTEM32\profapi.dll
0x00007ff88c020000 - 0x00007ff88c038000 	c:\Users\Fernanda Jama\.trae\extensions\redhat.java-1.44.0-win32-x64\jre\21.0.8-win32-x86_64\bin\zip.dll
0x00007ff8a91a0000 - 0x00007ff8a91b0000 	C:\Users\Fernanda Jama\.trae\extensions\redhat.java-1.44.0-win32-x64\jre\21.0.8-win32-x86_64\bin\net.dll
0x00007ff910f20000 - 0x00007ff91103e000 	C:\Windows\SYSTEM32\WINHTTP.dll
0x00007ff91d460000 - 0x00007ff91d4cb000 	C:\Windows\system32\mswsock.dll
0x00007ff885710000 - 0x00007ff885726000 	C:\Users\Fernanda Jama\.trae\extensions\redhat.java-1.44.0-win32-x64\jre\21.0.8-win32-x86_64\bin\nio.dll
0x00007ff91acc0000 - 0x00007ff91acd0000 	c:\Users\Fernanda Jama\.trae\extensions\redhat.java-1.44.0-win32-x64\jre\21.0.8-win32-x86_64\bin\verify.dll
0x00007ff8e9b80000 - 0x00007ff8e9bc5000 	C:\Users\Fernanda Jama\AppData\Roaming\Trae\User\globalStorage\redhat.java\1.44.0\config_win\org.eclipse.equinox.launcher\org.eclipse.equinox.launcher.win32.win32.x86_64_1.2.1400.v20250730-1736\eclipse_11913.dll
0x00007ff920740000 - 0x00007ff9208e0000 	C:\Windows\System32\ole32.dll
0x00007ff91d840000 - 0x00007ff91d85b000 	C:\Windows\SYSTEM32\CRYPTSP.dll
0x00007ff91ce50000 - 0x00007ff91ce8b000 	C:\Windows\system32\rsaenh.dll
0x00007ff91d500000 - 0x00007ff91d52b000 	C:\Windows\SYSTEM32\USERENV.dll
0x00007ff91e0d0000 - 0x00007ff91e0f6000 	C:\Windows\SYSTEM32\bcrypt.dll
0x00007ff91d6a0000 - 0x00007ff91d6ac000 	C:\Windows\SYSTEM32\CRYPTBASE.dll
0x00007ff91c930000 - 0x00007ff91c963000 	C:\Windows\SYSTEM32\IPHLPAPI.DLL
0x00007ff920b40000 - 0x00007ff920b4a000 	C:\Windows\System32\NSI.dll
0x00007ff8d2cc0000 - 0x00007ff8d2d09000 	C:\Users\Fernanda Jama\AppData\Local\Temp\jna--1470441178\jna8060389320228238452.dll
0x00007ff920600000 - 0x00007ff920608000 	C:\Windows\System32\PSAPI.DLL

JVMTI agents:
c:\Users\Fernanda Jama\.trae\extensions\redhat.java-1.44.0-win32-x64\lombok\lombok-1.18.39-4050.jar path:c:\Users\Fernanda Jama\.trae\extensions\redhat.java-1.44.0-win32-x64\jre\21.0.8-win32-x86_64\bin\instrument.dll, loaded, initialized, instrumentlib options:none

dbghelp: loaded successfully - version: 4.0.5 - missing functions: none
symbol engine: initialized successfully - sym options: 0x614 - pdb path: .;c:\Users\Fernanda Jama\.trae\extensions\redhat.java-1.44.0-win32-x64\jre\21.0.8-win32-x86_64\bin;C:\Windows\SYSTEM32;C:\Program Files\Bitdefender\Endpoint Security\bdhkm\dlls_267825381831322691;C:\Program Files\Bitdefender\Endpoint Security\atcuf\dlls_267870601976104115;C:\Windows\WinSxS\amd64_microsoft.windows.common-controls_6595b64144ccf1df_6.0.26100.4768_none_3e0c112ce331287c;c:\Users\Fernanda Jama\.trae\extensions\redhat.java-1.44.0-win32-x64\jre\21.0.8-win32-x86_64\bin\server;C:\Users\Fernanda Jama\AppData\Roaming\Trae\User\globalStorage\redhat.java\1.44.0\config_win\org.eclipse.equinox.launcher\org.eclipse.equinox.launcher.win32.win32.x86_64_1.2.1400.v20250730-1736;C:\Users\Fernanda Jama\AppData\Local\Temp\jna--1470441178

VM Arguments:
jvm_args: --add-modules=ALL-SYSTEM --add-opens=java.base/java.util=ALL-UNNAMED --add-opens=java.base/java.lang=ALL-UNNAMED --add-opens=java.base/sun.nio.fs=ALL-UNNAMED -Declipse.application=org.eclipse.jdt.ls.core.id1 -Dosgi.bundles.defaultStartLevel=4 -Declipse.product=org.eclipse.jdt.ls.core.product -Djava.import.generatesMetadataFilesAtProjectRoot=false -DDetectVMInstallationsJob.disabled=true -Dfile.encoding=utf8 -XX:+UseParallelGC -XX:GCTimeRatio=4 -XX:AdaptiveSizePolicyWeight=90 -Dsun.zip.disableMemoryMapping=true -Xmx2G -Xms100m -Xlog:disable -javaagent:c:\Users\Fernanda Jama\.trae\extensions\redhat.java-1.44.0-win32-x64\lombok\lombok-1.18.39-4050.jar -XX:+HeapDumpOnOutOfMemoryError -XX:HeapDumpPath=c:\Users\Fernanda Jama\AppData\Roaming\Trae\User\workspaceStorage\15c722b02b3b73826bcb58a08aa3cd52\redhat.java -Daether.dependencyCollector.impl=bf 
java_command: c:\Users\Fernanda Jama\.trae\extensions\redhat.java-1.44.0-win32-x64\server\plugins\org.eclipse.equinox.launcher_1.7.0.v20250519-0528.jar -configuration c:\Users\Fernanda Jama\AppData\Roaming\Trae\User\globalStorage\redhat.java\1.44.0\config_win -data c:\Users\Fernanda Jama\AppData\Roaming\Trae\User\workspaceStorage\15c722b02b3b73826bcb58a08aa3cd52\redhat.java\jdt_ws --pipe=\\.\pipe\lsp-8512b49060190a4327c02b8ab366fa2d-sock
java_class_path (initial): c:\Users\Fernanda Jama\.trae\extensions\redhat.java-1.44.0-win32-x64\server\plugins\org.eclipse.equinox.launcher_1.7.0.v20250519-0528.jar
Launcher Type: SUN_STANDARD

[Global flags]
    uintx AdaptiveSizePolicyWeight                 = 90                                        {product} {command line}
     intx CICompilerCount                          = 4                                         {product} {ergonomic}
    uintx GCTimeRatio                              = 4                                         {product} {command line}
     bool HeapDumpOnOutOfMemoryError               = true                                   {manageable} {command line}
    ccstr HeapDumpPath                             = c:\Users\Fernanda Jama\AppData\Roaming\Trae\User\workspaceStorage\15c722b02b3b73826bcb58a08aa3cd52\redhat.java         {manageable} {command line}
   size_t InitialHeapSize                          = 104857600                                 {product} {command line}
   size_t MaxHeapSize                              = 2147483648                                {product} {command line}
   size_t MaxNewSize                               = 715653120                                 {product} {ergonomic}
   size_t MinHeapDeltaBytes                        = 524288                                    {product} {ergonomic}
   size_t MinHeapSize                              = 104857600                                 {product} {command line}
   size_t NewSize                                  = 34603008                                  {product} {ergonomic}
    uintx NonNMethodCodeHeapSize                   = 5839372                                {pd product} {ergonomic}
    uintx NonProfiledCodeHeapSize                  = 122909434                              {pd product} {ergonomic}
   size_t OldSize                                  = 70254592                                  {product} {ergonomic}
    uintx ProfiledCodeHeapSize                     = 122909434                              {pd product} {ergonomic}
    uintx ReservedCodeCacheSize                    = 251658240                              {pd product} {ergonomic}
     bool SegmentedCodeCache                       = true                                      {product} {ergonomic}
   size_t SoftMaxHeapSize                          = 2147483648                             {manageable} {ergonomic}
     bool UseCompressedOops                        = true                           {product lp64_product} {ergonomic}
     bool UseLargePagesIndividualAllocation        = false                                  {pd product} {ergonomic}
     bool UseParallelGC                            = true                                      {product} {command line}

Logging:
Log output configuration:
 #0: stdout all=off uptime,level,tags foldmultilines=false
 #1: stderr all=off uptime,level,tags foldmultilines=false

Environment Variables:
JAVA_HOME=C:\Program Files\Java\jdk-17
CLASSPATH=C:\Program Files\SAP\SAP Business One DI API\JCO\LIB\sbowrapper.jar;C:\Program Files\SAP\SAP Business One DI API\JCO\LIB\sboapi.jar
PATH=C:\Users\Fernanda Jama\.trae\tools\gradle\latest\bin;C:\Program Files\Java\jdk-17\bin;C:\Users\Fernanda Jama\.trae\tools\maven\latest\bin;C:\Python313\Scripts\;C:\Python313\;C:\Program Files\Microsoft MPI\Bin\;C:\Program Files\Common Files\Oracle\Java\javapath;C:\Windows\system32;C:\Windows;C:\Windows\System32\Wbem;C:\Windows\System32\WindowsPowerShell\v1.0\;C:\Windows\System32\OpenSSH\;C:\Program Files\Microsoft SQL Server\Client SDK\ODBC\170\Tools\Binn\;C:\Program Files (x86)\Microsoft SQL Server\150\Tools\Binn\;C:\Program Files\Microsoft SQL Server\150\Tools\Binn\;C:\Program Files\Microsoft SQL Server\150\DTS\Binn\;C:\Program Files (x86)\Microsoft SQL Server\160\DTS\Binn\;C:\Program Files\nodejs\;C:\ProgramData\chocolatey\bin;C:\Program Files\SAP\SAP Business One DI API\JCO\LIB\;C:\Program Files\SAP\SAP Business One DI API\DI API 90;C:\Program Files\SAP\SAP Business One\;C:\Program Files\apache-maven-3.8.8-bin\apache-maven-3.8.8\bin;C:\Program Files\Git\cmd;C:\Users\Fernanda Jama\AppData\Local\Microsoft\WindowsApps;C:\Users\Fernanda Jama\AppData\Local\GitHubDesktop\bin;C:\Users\Fernanda Jama\AppData\Local\Programs\Microsoft VS Code\bin;C:\Users\Fernanda Jama\AppData\Roaming\npm;c:\Users\Fernanda Jama\AppData\Local\Programs\Trae\resources\app\bin\lib
USERNAME=Fernanda Jama
OS=Windows_NT
PROCESSOR_IDENTIFIER=Intel64 Family 6 Model 140 Stepping 1, GenuineIntel
TMP=C:\Users\FERNAN~1\AppData\Local\Temp
TEMP=C:\Users\FERNAN~1\AppData\Local\Temp




Periodic native trim disabled

---------------  S Y S T E M  ---------------

OS:
 Windows 11 , 64 bit Build 26100 (10.0.26100.4768)
OS uptime: 0 days 21:32 hours
Hyper-V role detected

CPU: total 8 (initial active 8) (4 cores per cpu, 2 threads per core) family 6 model 140 stepping 1 microcode 0xb8, cx8, cmov, fxsr, ht, mmx, 3dnowpref, sse, sse2, sse3, ssse3, sse4.1, sse4.2, popcnt, lzcnt, tsc, tscinvbit, avx, avx2, aes, erms, clmul, bmi1, bmi2, adx, avx512f, avx512dq, avx512cd, avx512bw, avx512vl, sha, fma, vzeroupper, avx512_vpopcntdq, avx512_vpclmulqdq, avx512_vaes, avx512_vnni, clflush, clflushopt, clwb, avx512_vbmi2, avx512_vbmi, hv, rdtscp, rdpid, fsrm, gfni, avx512_bitalg, f16c, cet_ibt, cet_ss, avx512_ifma
Processor Information for the first 8 processors :
  Max Mhz: 2803, Current Mhz: 2803, Mhz Limit: 2803

Memory: 4k page, system-wide physical 40743M (1628M free)
TotalPageFile size 101623M (AvailPageFile size 12M)
current process WorkingSet (physical memory assigned to process): 231M, peak: 239M
current process commit charge ("private bytes"): 352M, peak: 361M

vm_info: OpenJDK 64-Bit Server VM (21.0.8+9-LTS) for windows-amd64 JRE (21.0.8+9-LTS), built on 2025-07-15T00:00:00Z by "admin" with MS VC++ 17.7 (VS2022)

END.
