#
# There is insufficient memory for the Java Runtime Environment to continue.
# Native memory allocation (malloc) failed to allocate 196576 bytes for Chunk::new
# Possible reasons:
#   The system is out of physical RAM or swap space
#   The process is running with CompressedOops enabled, and the Java Heap may be blocking the growth of the native heap
# Possible solutions:
#   Reduce memory load on the system
#   Increase physical memory or swap space
#   Check if swap backing store is full
#   Decrease Java heap size (-Xmx/-Xms)
#   Decrease number of Java threads
#   Decrease Java thread stack sizes (-Xss)
#   Set larger code cache with -XX:ReservedCodeCacheSize=
#   JVM is running with Zero Based Compressed Oops mode in which the Java heap is
#     placed in the first 32GB address space. The Java Heap base address is the
#     maximum limit for the native heap growth. Please use -XX:HeapBaseMinAddress
#     to set the Java Heap base and to place the Java Heap above 32GB virtual address.
# This output file may be truncated or incomplete.
#
#  Out of Memory Error (arena.cpp:189), pid=23260, tid=22204
#
# JRE version: Java(TM) SE Runtime Environment (17.0.15+9) (build 17.0.15+9-LTS-241)
# Java VM: Java HotSpot(TM) 64-Bit Server VM (17.0.15+9-LTS-241, mixed mode, sharing, tiered, compressed oops, compressed class ptrs, g1 gc, windows-amd64)
# No core dump will be written. Minidumps are not enabled by default on client versions of Windows
#

---------------  S U M M A R Y ------------

Command Line: -XX:+ShowCodeDetailsInExceptionMessages com.manamer.backend.business.sellout.SelloutApplication

Host: 11th Gen Intel(R) Core(TM) i7-1165G7 @ 2.80GHz, 8 cores, 39G,  Windows 11 , 64 bit Build 26100 (10.0.26100.4484)
Time: Thu Jul 10 23:17:19 2025 Hora est. Pacífico, Sudamérica elapsed time: 23713.789550 seconds (0d 6h 35m 13s)

---------------  T H R E A D  ---------------

Current thread (0x000001f555093c70):  JavaThread "C2 CompilerThread0" daemon [_thread_in_native, id=22204, stack(0x0000001f4e900000,0x0000001f4ea00000)]


Current CompileTask:
C2:23713789 13615       4       com.fasterxml.jackson.databind.introspect.DefaultAccessorNamingStrategy::findNameForRegularGetter (93 bytes)

Stack: [0x0000001f4e900000,0x0000001f4ea00000]
Native frames: (J=compiled Java code, j=interpreted, Vv=VM code, C=native code)
V  [jvm.dll+0x67a46a]
V  [jvm.dll+0x7da6ad]
V  [jvm.dll+0x7dbff3]
V  [jvm.dll+0x7dc663]
V  [jvm.dll+0x24523f]
V  [jvm.dll+0xab763]
V  [jvm.dll+0xabd2c]
V  [jvm.dll+0x2aa6df]
V  [jvm.dll+0x5822c9]
V  [jvm.dll+0x21f5d2]
V  [jvm.dll+0x218672]
V  [jvm.dll+0x215d15]
V  [jvm.dll+0x1a2a00]
V  [jvm.dll+0x2262bb]
V  [jvm.dll+0x22445b]
V  [jvm.dll+0x790acc]
V  [jvm.dll+0x78b0ba]
V  [jvm.dll+0x679355]
C  [ucrtbase.dll+0x37b0]
C  [KERNEL32.DLL+0x2e8d7]
C  [ntdll.dll+0x3c34c]


---------------  P R O C E S S  ---------------

Threads class SMR info:
_java_thread_list=0x000001f55a5f7c00, length=38, elements={
0x000001f57d0a6820, 0x000001f57d0a73d0, 0x000001f55508cf40, 0x000001f55508eb00,
0x000001f55508f6b0, 0x000001f555092070, 0x000001f555093c70, 0x000001f555094620,
0x000001f555096f30, 0x000001f55530fdf0, 0x000001f555319300, 0x000001f57e701aa0,
0x000001f55ce5e3c0, 0x000001f57db9e600, 0x000001f55a4af080, 0x000001f57dad6720,
0x000001f57dad58b0, 0x000001f57dad7590, 0x000001f57dad6bf0, 0x000001f57dad3bd0,
0x000001f57dad4a40, 0x000001f57dad7a60, 0x000001f57dad40a0, 0x000001f57dad4f10,
0x000001f57dad7f30, 0x000001f57dad53e0, 0x000001f57dad5d80, 0x000001f57dad4570,
0x000001f57dad88d0, 0x000001f57dad8400, 0x000001f57dad8da0, 0x000001f57dad9740,
0x000001f57dadaa80, 0x000001f57dad9270, 0x000001f57dad70c0, 0x000001f57dad9c10,
0x000001f57dada5b0, 0x000001f57dadb710
}

Java Threads: ( => current thread )
  0x000001f57d0a6820 JavaThread "Reference Handler" daemon [_thread_blocked, id=20744, stack(0x0000001f4e300000,0x0000001f4e400000)]
  0x000001f57d0a73d0 JavaThread "Finalizer" daemon [_thread_blocked, id=5424, stack(0x0000001f4e400000,0x0000001f4e500000)]
  0x000001f55508cf40 JavaThread "Signal Dispatcher" daemon [_thread_blocked, id=5208, stack(0x0000001f4e500000,0x0000001f4e600000)]
  0x000001f55508eb00 JavaThread "Attach Listener" daemon [_thread_blocked, id=4792, stack(0x0000001f4e600000,0x0000001f4e700000)]
  0x000001f55508f6b0 JavaThread "Service Thread" daemon [_thread_blocked, id=1672, stack(0x0000001f4e700000,0x0000001f4e800000)]
  0x000001f555092070 JavaThread "Monitor Deflation Thread" daemon [_thread_blocked, id=23452, stack(0x0000001f4e800000,0x0000001f4e900000)]
=>0x000001f555093c70 JavaThread "C2 CompilerThread0" daemon [_thread_in_native, id=22204, stack(0x0000001f4e900000,0x0000001f4ea00000)]
  0x000001f555094620 JavaThread "C1 CompilerThread0" daemon [_thread_blocked, id=11160, stack(0x0000001f4ea00000,0x0000001f4eb00000)]
  0x000001f555096f30 JavaThread "Sweeper thread" daemon [_thread_blocked, id=3244, stack(0x0000001f4eb00000,0x0000001f4ec00000)]
  0x000001f55530fdf0 JavaThread "Notification Thread" daemon [_thread_blocked, id=13772, stack(0x0000001f4ec00000,0x0000001f4ed00000)]
  0x000001f555319300 JavaThread "Common-Cleaner" daemon [_thread_blocked, id=22844, stack(0x0000001f4ee00000,0x0000001f4ef00000)]
  0x000001f57e701aa0 JavaThread "Catalina-utility-1" [_thread_blocked, id=23488, stack(0x0000001f4fb00000,0x0000001f4fc00000)]
  0x000001f55ce5e3c0 JavaThread "Catalina-utility-2" [_thread_blocked, id=23040, stack(0x0000001f4fc00000,0x0000001f4fd00000)]
  0x000001f57db9e600 JavaThread "container-0" [_thread_blocked, id=23748, stack(0x0000001f4fd00000,0x0000001f4fe00000)]
  0x000001f55a4af080 JavaThread "HikariPool-1 housekeeper" daemon [_thread_blocked, id=19628, stack(0x0000001f50000000,0x0000001f50100000)]
  0x000001f57dad6720 JavaThread "spring.cloud.inetutils" daemon [_thread_blocked, id=17304, stack(0x0000001f50300000,0x0000001f50400000)]
  0x000001f57dad58b0 JavaThread "AsyncResolver-bootstrap-0" daemon [_thread_blocked, id=8032, stack(0x0000001f50400000,0x0000001f50500000)]
  0x000001f57dad7590 JavaThread "idle-connection-evictor-1" daemon [_thread_blocked, id=9628, stack(0x0000001f50500000,0x0000001f50600000)]
  0x000001f57dad6bf0 JavaThread "DiscoveryClient-0" daemon [_thread_blocked, id=23804, stack(0x0000001f50600000,0x0000001f50700000)]
  0x000001f57dad3bd0 JavaThread "DiscoveryClient-1" daemon [_thread_blocked, id=22632, stack(0x0000001f50700000,0x0000001f50800000)]
  0x000001f57dad4a40 JavaThread "DiscoveryClient-InstanceInfoReplicator-0" daemon [_thread_blocked, id=1864, stack(0x0000001f50800000,0x0000001f50900000)]
  0x000001f57dad7a60 JavaThread "http-nio-8092-exec-1" daemon [_thread_blocked, id=21992, stack(0x0000001f50900000,0x0000001f50a00000)]
  0x000001f57dad40a0 JavaThread "http-nio-8092-exec-2" daemon [_thread_blocked, id=13360, stack(0x0000001f50a00000,0x0000001f50b00000)]
  0x000001f57dad4f10 JavaThread "http-nio-8092-exec-3" daemon [_thread_blocked, id=8732, stack(0x0000001f50b00000,0x0000001f50c00000)]
  0x000001f57dad7f30 JavaThread "http-nio-8092-exec-4" daemon [_thread_blocked, id=23560, stack(0x0000001f50c00000,0x0000001f50d00000)]
  0x000001f57dad53e0 JavaThread "http-nio-8092-exec-5" daemon [_thread_blocked, id=22132, stack(0x0000001f50d00000,0x0000001f50e00000)]
  0x000001f57dad5d80 JavaThread "http-nio-8092-exec-6" daemon [_thread_blocked, id=22448, stack(0x0000001f50e00000,0x0000001f50f00000)]
  0x000001f57dad4570 JavaThread "http-nio-8092-exec-7" daemon [_thread_blocked, id=23400, stack(0x0000001f50f00000,0x0000001f51000000)]
  0x000001f57dad88d0 JavaThread "http-nio-8092-exec-8" daemon [_thread_blocked, id=22380, stack(0x0000001f51000000,0x0000001f51100000)]
  0x000001f57dad8400 JavaThread "http-nio-8092-exec-9" daemon [_thread_blocked, id=4772, stack(0x0000001f51100000,0x0000001f51200000)]
  0x000001f57dad8da0 JavaThread "http-nio-8092-exec-10" daemon [_thread_blocked, id=21668, stack(0x0000001f51200000,0x0000001f51300000)]
  0x000001f57dad9740 JavaThread "http-nio-8092-Poller" daemon [_thread_in_native, id=2732, stack(0x0000001f51300000,0x0000001f51400000)]
  0x000001f57dadaa80 JavaThread "http-nio-8092-Acceptor" daemon [_thread_in_native, id=22728, stack(0x0000001f51400000,0x0000001f51500000)]
  0x000001f57dad9270 JavaThread "DestroyJavaVM" [_thread_blocked, id=6376, stack(0x0000001f4dc00000,0x0000001f4dd00000)]
  0x000001f57dad70c0 JavaThread "DiscoveryClient-CacheRefreshExecutor-0" daemon [_thread_in_native, id=18920, stack(0x0000001f4f800000,0x0000001f4f900000)]
  0x000001f57dad9c10 JavaThread "DiscoveryClient-HeartbeatExecutor-0" daemon [_thread_in_native, id=24480, stack(0x0000001f4f900000,0x0000001f4fa00000)]
  0x000001f57dada5b0 JavaThread "AsyncResolver-bootstrap-executor-0" daemon [_thread_blocked, id=10808, stack(0x0000001f4da00000,0x0000001f4db00000)]
  0x000001f57dadb710 JavaThread "mssql-jdbc-shared-timer-core-48" daemon [_thread_blocked, id=13088, stack(0x0000001f4f000000,0x0000001f4f100000)]

Other Threads:
  0x000001f57d0a1940 VMThread "VM Thread" [stack: 0x0000001f4e200000,0x0000001f4e300000] [id=1524]
  0x000001f57ceb9050 WatcherThread [stack: 0x0000001f4ed00000,0x0000001f4ee00000] [id=19388]
  0x000001f56066fed0 GCTaskThread "GC Thread#0" [stack: 0x0000001f4dd00000,0x0000001f4de00000] [id=12796]
  0x000001f555774a30 GCTaskThread "GC Thread#1" [stack: 0x0000001f4f100000,0x0000001f4f200000] [id=14084]
  0x000001f555774cf0 GCTaskThread "GC Thread#2" [stack: 0x0000001f4f200000,0x0000001f4f300000] [id=11472]
  0x000001f5557755c0 GCTaskThread "GC Thread#3" [stack: 0x0000001f4f300000,0x0000001f4f400000] [id=17896]
  0x000001f555775880 GCTaskThread "GC Thread#4" [stack: 0x0000001f4f400000,0x0000001f4f500000] [id=18936]
  0x000001f555ad6150 GCTaskThread "GC Thread#5" [stack: 0x0000001f4f500000,0x0000001f4f600000] [id=5020]
  0x000001f555ad6410 GCTaskThread "GC Thread#6" [stack: 0x0000001f4f600000,0x0000001f4f700000] [id=18924]
  0x000001f555ad66d0 GCTaskThread "GC Thread#7" [stack: 0x0000001f4f700000,0x0000001f4f800000] [id=2152]
  0x000001f56067ade0 ConcurrentGCThread "G1 Main Marker" [stack: 0x0000001f4de00000,0x0000001f4df00000] [id=24280]
  0x000001f56067b7f0 ConcurrentGCThread "G1 Conc#0" [stack: 0x0000001f4df00000,0x0000001f4e000000] [id=23364]
  0x000001f55b66e670 ConcurrentGCThread "G1 Conc#1" [stack: 0x0000001f4ef00000,0x0000001f4f000000] [id=24416]
  0x000001f57cfe2020 ConcurrentGCThread "G1 Refine#0" [stack: 0x0000001f4e000000,0x0000001f4e100000] [id=23600]
  0x000001f57fb39a20 ConcurrentGCThread "G1 Refine#1" [stack: 0x0000001f50200000,0x0000001f50300000] [id=23620]
  0x000001f57cfe3900 ConcurrentGCThread "G1 Service" [stack: 0x0000001f4e100000,0x0000001f4e200000] [id=10532]

Threads with active compile tasks:
C2 CompilerThread0  23713834 13615       4       com.fasterxml.jackson.databind.introspect.DefaultAccessorNamingStrategy::findNameForRegularGetter (93 bytes)

VM state: not at safepoint (normal execution)

VM Mutex/Monitor currently owned by a thread: None

Heap address: 0x0000000583000000, size: 10192 MB, Compressed Oops mode: Zero based, Oop shift amount: 3

CDS archive(s) mapped at: [0x000001f514000000-0x000001f514bd0000-0x000001f514bd0000), size 12386304, SharedBaseAddress: 0x000001f514000000, ArchiveRelocationMode: 1.
Compressed class space mapped at: 0x000001f515000000-0x000001f555000000, reserved size: 1073741824
Narrow klass base: 0x000001f514000000, Narrow klass shift: 0, Narrow klass range: 0x100000000

GC Precious Log:
 CPUs: 8 total, 8 available
 Memory: 40743M
 Large Page Support: Disabled
 NUMA Support: Disabled
 Compressed Oops: Enabled (Zero based)
 Heap Region Size: 8M
 Heap Min Capacity: 8M
 Heap Initial Capacity: 640M
 Heap Max Capacity: 10192M
 Pre-touch: Disabled
 Parallel Workers: 8
 Concurrent Workers: 2
 Concurrent Refinement Workers: 8
 Periodic GC: Disabled

Heap:
 garbage-first heap   total 139264K, used 90642K [0x0000000583000000, 0x0000000800000000)
  region size 8192K, 6 young (49152K), 1 survivors (8192K)
 Metaspace       used 89763K, committed 90432K, reserved 1179648K
  class space    used 11886K, committed 12224K, reserved 1048576K

Heap Regions: E=young(eden), S=young(survivor), O=old, HS=humongous(starts), HC=humongous(continues), CS=collection set, F=free, OA=open archive, CA=closed archive, TAMS=top-at-mark-start (previous, next)
|   0|0x0000000583000000, 0x0000000583800000, 0x0000000583800000|100%| O|  |TAMS 0x0000000583800000, 0x0000000583000000| Untracked 
|   1|0x0000000583800000, 0x0000000584000000, 0x0000000584000000|100%| O|  |TAMS 0x0000000584000000, 0x0000000583800000| Untracked 
|   2|0x0000000584000000, 0x0000000584800000, 0x0000000584800000|100%| O|  |TAMS 0x0000000584800000, 0x0000000584000000| Untracked 
|   3|0x0000000584800000, 0x0000000585000000, 0x0000000585000000|100%| O|  |TAMS 0x0000000584800000, 0x0000000584800000| Untracked 
|   4|0x0000000585000000, 0x0000000585800000, 0x0000000585800000|100%| O|  |TAMS 0x000000058577ea00, 0x0000000585000000| Untracked 
|   5|0x0000000585800000, 0x0000000586000000, 0x0000000586000000|100%| O|  |TAMS 0x0000000585800000, 0x0000000585800000| Untracked 
|   6|0x0000000586000000, 0x000000058665fa00, 0x0000000586800000| 79%| O|  |TAMS 0x0000000586000000, 0x0000000586000000| Untracked 
|   7|0x0000000586800000, 0x0000000586800000, 0x0000000587000000|  0%| F|  |TAMS 0x0000000586800000, 0x0000000586800000| Untracked 
|   8|0x0000000587000000, 0x0000000587000000, 0x0000000587800000|  0%| F|  |TAMS 0x0000000587000000, 0x0000000587000000| Untracked 
|   9|0x0000000587800000, 0x0000000587800000, 0x0000000588000000|  0%| F|  |TAMS 0x0000000587800000, 0x0000000587800000| Untracked 
|  10|0x0000000588000000, 0x0000000588225018, 0x0000000588800000| 26%| S|CS|TAMS 0x0000000588000000, 0x0000000588000000| Complete 
|  11|0x0000000588800000, 0x0000000588800000, 0x0000000589000000|  0%| F|  |TAMS 0x0000000588800000, 0x0000000588800000| Untracked 
|  12|0x0000000589000000, 0x0000000589650db8, 0x0000000589800000| 78%| E|  |TAMS 0x0000000589000000, 0x0000000589000000| Complete 
|  13|0x0000000589800000, 0x000000058a000000, 0x000000058a000000|100%| E|CS|TAMS 0x0000000589800000, 0x0000000589800000| Complete 
|  70|0x00000005a6000000, 0x00000005a6800000, 0x00000005a6800000|100%| E|CS|TAMS 0x00000005a6000000, 0x00000005a6000000| Complete 
|  71|0x00000005a6800000, 0x00000005a7000000, 0x00000005a7000000|100%| E|CS|TAMS 0x00000005a6800000, 0x00000005a6800000| Complete 
|  79|0x00000005aa800000, 0x00000005ab000000, 0x00000005ab000000|100%| E|CS|TAMS 0x00000005aa800000, 0x00000005aa800000| Complete 

Card table byte_map: [0x000001f5785c0000,0x000001f5799b0000] _byte_map_base: 0x000001f5759a8000

Marking Bits (Prev, Next): (CMBitMap*) 0x000001f5606704f0, (CMBitMap*) 0x000001f560670530
 Prev Bits: [0x000001f500000000, 0x000001f509f40000)
 Next Bits: [0x000001f509f40000, 0x000001f513e80000)

Polling page: 0x000001f55e4f0000

Metaspace:

Usage:
  Non-class:     76.05 MB used.
      Class:     11.61 MB used.
       Both:     87.66 MB used.

Virtual space:
  Non-class space:      128.00 MB reserved,      76.38 MB ( 60%) committed,  2 nodes.
      Class space:        1.00 GB reserved,      11.94 MB (  1%) committed,  1 nodes.
             Both:        1.12 GB reserved,      88.31 MB (  8%) committed. 

Chunk freelists:
   Non-Class:  3.22 MB
       Class:  3.99 MB
        Both:  7.21 MB

MaxMetaspaceSize: unlimited
CompressedClassSpaceSize: 1.00 GB
Initial GC threshold: 21.00 MB
Current GC threshold: 116.38 MB
CDS: on
MetaspaceReclaimPolicy: balanced
 - commit_granule_bytes: 65536.
 - commit_granule_words: 8192.
 - virtual_space_node_default_size: 8388608.
 - enlarge_chunks_in_place: 1.
 - new_chunks_are_fully_committed: 0.
 - uncommit_free_chunks: 1.
 - use_allocation_guard: 0.
 - handle_deallocations: 1.


Internal statistics:

num_allocs_failed_limit: 12.
num_arena_births: 884.
num_arena_deaths: 0.
num_vsnodes_births: 3.
num_vsnodes_deaths: 0.
num_space_committed: 1413.
num_space_uncommitted: 0.
num_chunks_returned_to_freelist: 12.
num_chunks_taken_from_freelist: 4106.
num_chunk_merges: 9.
num_chunk_splits: 2953.
num_chunks_enlarged: 2284.
num_inconsistent_stats: 0.

CodeHeap 'non-profiled nmethods': size=120000Kb used=8811Kb max_used=8811Kb free=111188Kb
 bounds [0x000001f56f970000, 0x000001f570210000, 0x000001f576ea0000]
CodeHeap 'profiled nmethods': size=120000Kb used=25270Kb max_used=25270Kb free=94729Kb
 bounds [0x000001f567ea0000, 0x000001f569750000, 0x000001f56f3d0000]
CodeHeap 'non-nmethods': size=5760Kb used=1406Kb max_used=1451Kb free=4353Kb
 bounds [0x000001f56f3d0000, 0x000001f56f640000, 0x000001f56f970000]
 total_blobs=12599 nmethods=11868 adapters=642
 compilation: enabled
              stopped_count=0, restarted_count=0
 full_count=0

Compilation events (20 events):
Event: 23711.751 Thread 0x000001f555094620 13609       3       java.util.Properties::load0 (249 bytes)
Event: 23711.751 Thread 0x000001f555094620 nmethod 13609 0x000001f569736e10 code [0x000001f569737040, 0x000001f569737a88]
Event: 23711.752 Thread 0x000001f555094620 13610       3       com.fasterxml.jackson.databind.SerializationConfig::<init> (53 bytes)
Event: 23711.752 Thread 0x000001f555094620 nmethod 13610 0x000001f569737d90 code [0x000001f569737f40, 0x000001f5697381a8]
Event: 23711.752 Thread 0x000001f555094620 13611       1       jdk.xml.internal.JdkProperty$ImplPropMap::systemProperty (5 bytes)
Event: 23711.752 Thread 0x000001f555094620 nmethod 13611 0x000001f57020a890 code [0x000001f57020aa20, 0x000001f57020aaf8]
Event: 23711.752 Thread 0x000001f555094620 13612       1       jdk.xml.internal.JdkProperty$ImplPropMap::systemPropertyOld (5 bytes)
Event: 23711.752 Thread 0x000001f555094620 nmethod 13612 0x000001f57020ab90 code [0x000001f57020ad20, 0x000001f57020adf8]
Event: 23711.753 Thread 0x000001f555094620 13613       3       com.fasterxml.jackson.databind.module.SimpleSerializers::<init> (20 bytes)
Event: 23711.753 Thread 0x000001f555094620 nmethod 13613 0x000001f569738290 code [0x000001f569738440, 0x000001f569738678]
Event: 23711.753 Thread 0x000001f555094620 13614       3       com.fasterxml.jackson.core.ErrorReportConfiguration::defaults (4 bytes)
Event: 23711.753 Thread 0x000001f555094620 nmethod 13614 0x000001f569738790 code [0x000001f569738920, 0x000001f569738a18]
Event: 23711.753 Thread 0x000001f555093c70 13615       4       com.fasterxml.jackson.databind.introspect.DefaultAccessorNamingStrategy::findNameForRegularGetter (93 bytes)
Event: 23711.756 Thread 0x000001f555094620 13619       3       java.net.DelegatingSocketImpl::create (9 bytes)
Event: 23711.757 Thread 0x000001f555094620 nmethod 13619 0x000001f569738a90 code [0x000001f569738c40, 0x000001f569738e28]
Event: 23711.757 Thread 0x000001f555094620 13620       3       java.net.Socket::setTcpNoDelay (30 bytes)
Event: 23711.757 Thread 0x000001f555094620 nmethod 13620 0x000001f569738f10 code [0x000001f569739100, 0x000001f569739738]
Event: 23711.757 Thread 0x000001f555094620 13621       3       java.net.Socket::setKeepAlive (31 bytes)
Event: 23711.757 Thread 0x000001f555094620 nmethod 13621 0x000001f569739910 code [0x000001f569739b00, 0x000001f56973a138]
Event: 23711.758 Thread 0x000001f555094620 13622   !   3       java.net.SocksSocketImpl::connect (1574 bytes)

GC Heap History (20 events):
Event: 14444.801 GC heap before
{Heap before GC invocations=34 (full 0):
 garbage-first heap   total 139264K, used 106179K [0x0000000583000000, 0x0000000800000000)
  region size 8192K, 7 young (57344K), 1 survivors (8192K)
 Metaspace       used 89133K, committed 89856K, reserved 1179648K
  class space    used 11873K, committed 12224K, reserved 1048576K
}
Event: 14444.806 GC heap after
{Heap after GC invocations=35 (full 0):
 garbage-first heap   total 139264K, used 57835K [0x0000000583000000, 0x0000000800000000)
  region size 8192K, 1 young (8192K), 1 survivors (8192K)
 Metaspace       used 89133K, committed 89856K, reserved 1179648K
  class space    used 11873K, committed 12224K, reserved 1048576K
}
Event: 15492.837 GC heap before
{Heap before GC invocations=35 (full 0):
 garbage-first heap   total 139264K, used 106987K [0x0000000583000000, 0x0000000800000000)
  region size 8192K, 7 young (57344K), 1 survivors (8192K)
 Metaspace       used 89226K, committed 89920K, reserved 1179648K
  class space    used 11873K, committed 12224K, reserved 1048576K
}
Event: 15492.842 GC heap after
{Heap after GC invocations=36 (full 0):
 garbage-first heap   total 139264K, used 56930K [0x0000000583000000, 0x0000000800000000)
  region size 8192K, 1 young (8192K), 1 survivors (8192K)
 Metaspace       used 89226K, committed 89920K, reserved 1179648K
  class space    used 11873K, committed 12224K, reserved 1048576K
}
Event: 16408.645 GC heap before
{Heap before GC invocations=36 (full 0):
 garbage-first heap   total 139264K, used 106082K [0x0000000583000000, 0x0000000800000000)
  region size 8192K, 7 young (57344K), 1 survivors (8192K)
 Metaspace       used 89293K, committed 89920K, reserved 1179648K
  class space    used 11873K, committed 12224K, reserved 1048576K
}
Event: 16408.649 GC heap after
{Heap after GC invocations=37 (full 0):
 garbage-first heap   total 139264K, used 57865K [0x0000000583000000, 0x0000000800000000)
  region size 8192K, 1 young (8192K), 1 survivors (8192K)
 Metaspace       used 89293K, committed 89920K, reserved 1179648K
  class space    used 11873K, committed 12224K, reserved 1048576K
}
Event: 17440.388 GC heap before
{Heap before GC invocations=37 (full 0):
 garbage-first heap   total 139264K, used 107017K [0x0000000583000000, 0x0000000800000000)
  region size 8192K, 7 young (57344K), 1 survivors (8192K)
 Metaspace       used 89304K, committed 89984K, reserved 1179648K
  class space    used 11873K, committed 12224K, reserved 1048576K
}
Event: 17440.391 GC heap after
{Heap after GC invocations=38 (full 0):
 garbage-first heap   total 139264K, used 56948K [0x0000000583000000, 0x0000000800000000)
  region size 8192K, 1 young (8192K), 1 survivors (8192K)
 Metaspace       used 89304K, committed 89984K, reserved 1179648K
  class space    used 11873K, committed 12224K, reserved 1048576K
}
Event: 18388.909 GC heap before
{Heap before GC invocations=38 (full 0):
 garbage-first heap   total 139264K, used 106100K [0x0000000583000000, 0x0000000800000000)
  region size 8192K, 7 young (57344K), 1 survivors (8192K)
 Metaspace       used 89329K, committed 89984K, reserved 1179648K
  class space    used 11873K, committed 12224K, reserved 1048576K
}
Event: 18388.913 GC heap after
{Heap after GC invocations=39 (full 0):
 garbage-first heap   total 139264K, used 57792K [0x0000000583000000, 0x0000000800000000)
  region size 8192K, 1 young (8192K), 1 survivors (8192K)
 Metaspace       used 89329K, committed 89984K, reserved 1179648K
  class space    used 11873K, committed 12224K, reserved 1048576K
}
Event: 19440.834 GC heap before
{Heap before GC invocations=39 (full 0):
 garbage-first heap   total 139264K, used 106944K [0x0000000583000000, 0x0000000800000000)
  region size 8192K, 7 young (57344K), 1 survivors (8192K)
 Metaspace       used 89336K, committed 89984K, reserved 1179648K
  class space    used 11873K, committed 12224K, reserved 1048576K
}
Event: 19440.838 GC heap after
{Heap after GC invocations=40 (full 0):
 garbage-first heap   total 139264K, used 57022K [0x0000000583000000, 0x0000000800000000)
  region size 8192K, 1 young (8192K), 1 survivors (8192K)
 Metaspace       used 89336K, committed 89984K, reserved 1179648K
  class space    used 11873K, committed 12224K, reserved 1048576K
}
Event: 20369.950 GC heap before
{Heap before GC invocations=40 (full 0):
 garbage-first heap   total 139264K, used 106174K [0x0000000583000000, 0x0000000800000000)
  region size 8192K, 7 young (57344K), 1 survivors (8192K)
 Metaspace       used 89388K, committed 90048K, reserved 1179648K
  class space    used 11873K, committed 12224K, reserved 1048576K
}
Event: 20369.953 GC heap after
{Heap after GC invocations=41 (full 0):
 garbage-first heap   total 139264K, used 57885K [0x0000000583000000, 0x0000000800000000)
  region size 8192K, 1 young (8192K), 1 survivors (8192K)
 Metaspace       used 89388K, committed 90048K, reserved 1179648K
  class space    used 11873K, committed 12224K, reserved 1048576K
}
Event: 21353.968 GC heap before
{Heap before GC invocations=41 (full 0):
 garbage-first heap   total 139264K, used 98845K [0x0000000583000000, 0x0000000800000000)
  region size 8192K, 7 young (57344K), 1 survivors (8192K)
 Metaspace       used 89410K, committed 90048K, reserved 1179648K
  class space    used 11873K, committed 12224K, reserved 1048576K
}
Event: 21353.973 GC heap after
{Heap after GC invocations=42 (full 0):
 garbage-first heap   total 139264K, used 57620K [0x0000000583000000, 0x0000000800000000)
  region size 8192K, 1 young (8192K), 1 survivors (8192K)
 Metaspace       used 89410K, committed 90048K, reserved 1179648K
  class space    used 11873K, committed 12224K, reserved 1048576K
}
Event: 22347.693 GC heap before
{Heap before GC invocations=42 (full 0):
 garbage-first heap   total 139264K, used 106772K [0x0000000583000000, 0x0000000800000000)
  region size 8192K, 7 young (57344K), 1 survivors (8192K)
 Metaspace       used 89457K, committed 90112K, reserved 1179648K
  class space    used 11873K, committed 12224K, reserved 1048576K
}
Event: 22347.699 GC heap after
{Heap after GC invocations=43 (full 0):
 garbage-first heap   total 139264K, used 57325K [0x0000000583000000, 0x0000000800000000)
  region size 8192K, 1 young (8192K), 1 survivors (8192K)
 Metaspace       used 89457K, committed 90112K, reserved 1179648K
  class space    used 11873K, committed 12224K, reserved 1048576K
}
Event: 23306.338 GC heap before
{Heap before GC invocations=43 (full 0):
 garbage-first heap   total 139264K, used 106477K [0x0000000583000000, 0x0000000800000000)
  region size 8192K, 7 young (57344K), 1 survivors (8192K)
 Metaspace       used 89488K, committed 90176K, reserved 1179648K
  class space    used 11873K, committed 12224K, reserved 1048576K
}
Event: 23306.372 GC heap after
{Heap after GC invocations=44 (full 0):
 garbage-first heap   total 139264K, used 57874K [0x0000000583000000, 0x0000000800000000)
  region size 8192K, 1 young (8192K), 1 survivors (8192K)
 Metaspace       used 89488K, committed 90176K, reserved 1179648K
  class space    used 11873K, committed 12224K, reserved 1048576K
}

Deoptimization events (20 events):
Event: 23501.091 Thread 0x000001f57dad9c10 Uncommon trap: trap_request=0xffffffde fr.pc=0x000001f570043354 relative=0x0000000000001074
Event: 23501.091 Thread 0x000001f57dad9c10 Uncommon trap: reason=class_check action=maybe_recompile pc=0x000001f570043354 method=com.fasterxml.jackson.databind.util.internal.PrivateMaxEntriesMap.drainOnReadIfNeeded(IJ)V @ 35 c2
Event: 23501.091 Thread 0x000001f57dad9c10 DEOPT PACKING pc=0x000001f570043354 sp=0x0000001f4f9fcb90
Event: 23501.092 Thread 0x000001f57dad9c10 DEOPT UNPACKING pc=0x000001f56f425ba3 sp=0x0000001f4f9fcad0 mode 2
Event: 23591.412 Thread 0x000001f57dad70c0 Uncommon trap: trap_request=0xfffffff4 fr.pc=0x000001f5701f52b4 relative=0x0000000000001054
Event: 23591.412 Thread 0x000001f57dad70c0 Uncommon trap: reason=null_check action=make_not_entrant pc=0x000001f5701f52b4 method=com.fasterxml.jackson.databind.introspect.JacksonAnnotationIntrospector.findKeyDeserializer(Lcom/fasterxml/jackson/databind/introspect/Annotated;)Ljava/lang/Object; @ 8 
Event: 23591.412 Thread 0x000001f57dad70c0 DEOPT PACKING pc=0x000001f5701f52b4 sp=0x0000001f4f8fc260
Event: 23591.412 Thread 0x000001f57dad70c0 DEOPT UNPACKING pc=0x000001f56f425ba3 sp=0x0000001f4f8fc1a8 mode 2
Event: 23666.733 Thread 0x000001f57dad3700 Uncommon trap: trap_request=0xffffff45 fr.pc=0x000001f56fbe09e8 relative=0x00000000000006c8
Event: 23666.733 Thread 0x000001f57dad3700 Uncommon trap: reason=unstable_if action=reinterpret pc=0x000001f56fbe09e8 method=java.util.AbstractCollection.containsAll(Ljava/util/Collection;)Z @ 28 c2
Event: 23666.733 Thread 0x000001f57dad3700 DEOPT PACKING pc=0x000001f56fbe09e8 sp=0x0000001f501ff3b0
Event: 23666.733 Thread 0x000001f57dad3700 DEOPT UNPACKING pc=0x000001f56f425ba3 sp=0x0000001f501ff360 mode 2
Event: 23667.163 Thread 0x000001f57dad3700 Uncommon trap: trap_request=0xffffff45 fr.pc=0x000001f56fcc51c4 relative=0x00000000000009a4
Event: 23667.163 Thread 0x000001f57dad3700 Uncommon trap: reason=unstable_if action=reinterpret pc=0x000001f56fcc51c4 method=org.springframework.boot.devtools.filewatch.FileSnapshot.<init>(Ljava/io/File;)V @ 14 c2
Event: 23667.163 Thread 0x000001f57dad3700 DEOPT PACKING pc=0x000001f56fcc51c4 sp=0x0000001f501fef00
Event: 23667.163 Thread 0x000001f57dad3700 DEOPT UNPACKING pc=0x000001f56f425ba3 sp=0x0000001f501feee0 mode 2
Event: 23711.751 Thread 0x000001f57dad70c0 Uncommon trap: trap_request=0xffffff45 fr.pc=0x000001f56fa85420 relative=0x0000000000000540
Event: 23711.751 Thread 0x000001f57dad70c0 Uncommon trap: reason=unstable_if action=reinterpret pc=0x000001f56fa85420 method=java.util.Properties.load0(Ljava/util/Properties$LineReader;)V @ 79 c2
Event: 23711.751 Thread 0x000001f57dad70c0 DEOPT PACKING pc=0x000001f56fa85420 sp=0x0000001f4f8fe0c0
Event: 23711.751 Thread 0x000001f57dad70c0 DEOPT UNPACKING pc=0x000001f56f425ba3 sp=0x0000001f4f8fe068 mode 2

Classes unloaded (0 events):
No events

Classes redefined (0 events):
No events

Internal exceptions (20 events):
Event: 23621.558 Thread 0x000001f57dad70c0 Exception <a 'java/net/ConnectException'{0x0000000589eefff0}: Connection refused: no further information> (0x0000000589eefff0) 
thrown [s\open\src\hotspot\share\prims\jni.cpp, line 535]
Event: 23621.558 Thread 0x000001f57dad70c0 Exception <a 'java/net/SocketException'{0x0000000589ef05d0}: Socket is not connected: shutdown> (0x0000000589ef05d0) 
thrown [s\open\src\hotspot\share\prims\jni.cpp, line 535]
Event: 23621.571 Thread 0x000001f57dad9c10 Exception <a 'java/net/ConnectException'{0x0000000589ef7028}: Connection refused: no further information> (0x0000000589ef7028) 
thrown [s\open\src\hotspot\share\prims\jni.cpp, line 535]
Event: 23621.571 Thread 0x000001f57dad9c10 Exception <a 'java/net/SocketException'{0x0000000589ef7608}: Socket is not connected: shutdown> (0x0000000589ef7608) 
thrown [s\open\src\hotspot\share\prims\jni.cpp, line 535]
Event: 23651.637 Thread 0x000001f57dad9c10 Exception <a 'java/net/ConnectException'{0x0000000589176f10}: Connection refused: no further information> (0x0000000589176f10) 
thrown [s\open\src\hotspot\share\prims\jni.cpp, line 535]
Event: 23651.637 Thread 0x000001f57dad9c10 Exception <a 'java/net/SocketException'{0x00000005891774f0}: Socket is not connected: shutdown> (0x00000005891774f0) 
thrown [s\open\src\hotspot\share\prims\jni.cpp, line 535]
Event: 23651.639 Thread 0x000001f57dad70c0 Exception <a 'java/net/ConnectException'{0x0000000589170bf0}: Connection refused: no further information> (0x0000000589170bf0) 
thrown [s\open\src\hotspot\share\prims\jni.cpp, line 535]
Event: 23651.639 Thread 0x000001f57dad70c0 Exception <a 'java/net/SocketException'{0x000000058917efa8}: Socket is not connected: shutdown> (0x000000058917efa8) 
thrown [s\open\src\hotspot\share\prims\jni.cpp, line 535]
Event: 23651.671 Thread 0x000001f57dad9c10 Exception <a 'java/net/ConnectException'{0x00000005891788f8}: Connection refused: no further information> (0x00000005891788f8) 
thrown [s\open\src\hotspot\share\prims\jni.cpp, line 535]
Event: 23651.671 Thread 0x000001f57dad9c10 Exception <a 'java/net/SocketException'{0x0000000589178ed8}: Socket is not connected: shutdown> (0x0000000589178ed8) 
thrown [s\open\src\hotspot\share\prims\jni.cpp, line 535]
Event: 23651.672 Thread 0x000001f57dad70c0 Exception <a 'java/net/ConnectException'{0x00000005891803b0}: Connection refused: no further information> (0x00000005891803b0) 
thrown [s\open\src\hotspot\share\prims\jni.cpp, line 535]
Event: 23651.672 Thread 0x000001f57dad70c0 Exception <a 'java/net/SocketException'{0x0000000589180990}: Socket is not connected: shutdown> (0x0000000589180990) 
thrown [s\open\src\hotspot\share\prims\jni.cpp, line 535]
Event: 23681.719 Thread 0x000001f57dad70c0 Exception <a 'java/net/ConnectException'{0x00000005894367f0}: Connection refused: no further information> (0x00000005894367f0) 
thrown [s\open\src\hotspot\share\prims\jni.cpp, line 535]
Event: 23681.719 Thread 0x000001f57dad9c10 Exception <a 'java/net/ConnectException'{0x0000000589436ea8}: Connection refused: no further information> (0x0000000589436ea8) 
thrown [s\open\src\hotspot\share\prims\jni.cpp, line 535]
Event: 23681.719 Thread 0x000001f57dad9c10 Exception <a 'java/net/SocketException'{0x0000000589437488}: Socket is not connected: shutdown> (0x0000000589437488) 
thrown [s\open\src\hotspot\share\prims\jni.cpp, line 535]
Event: 23681.719 Thread 0x000001f57dad70c0 Exception <a 'java/net/SocketException'{0x0000000589444be8}: Socket is not connected: shutdown> (0x0000000589444be8) 
thrown [s\open\src\hotspot\share\prims\jni.cpp, line 535]
Event: 23681.740 Thread 0x000001f57dad70c0 Exception <a 'java/net/ConnectException'{0x0000000589445ff0}: Connection refused: no further information> (0x0000000589445ff0) 
thrown [s\open\src\hotspot\share\prims\jni.cpp, line 535]
Event: 23681.740 Thread 0x000001f57dad70c0 Exception <a 'java/net/SocketException'{0x00000005894465d0}: Socket is not connected: shutdown> (0x00000005894465d0) 
thrown [s\open\src\hotspot\share\prims\jni.cpp, line 535]
Event: 23681.740 Thread 0x000001f57dad9c10 Exception <a 'java/net/ConnectException'{0x0000000589438890}: Connection refused: no further information> (0x0000000589438890) 
thrown [s\open\src\hotspot\share\prims\jni.cpp, line 535]
Event: 23681.740 Thread 0x000001f57dad9c10 Exception <a 'java/net/SocketException'{0x0000000589438e70}: Socket is not connected: shutdown> (0x0000000589438e70) 
thrown [s\open\src\hotspot\share\prims\jni.cpp, line 535]

VM Operations (20 events):
Event: 23531.870 Executing VM operation: Cleanup
Event: 23531.870 Executing VM operation: Cleanup done
Event: 23562.198 Executing VM operation: Cleanup
Event: 23562.199 Executing VM operation: Cleanup done
Event: 23591.498 Executing VM operation: Cleanup
Event: 23591.498 Executing VM operation: Cleanup done
Event: 23621.832 Executing VM operation: Cleanup
Event: 23621.832 Executing VM operation: Cleanup done
Event: 23652.181 Executing VM operation: Cleanup
Event: 23652.181 Executing VM operation: Cleanup done
Event: 23654.207 Executing VM operation: Cleanup
Event: 23654.207 Executing VM operation: Cleanup done
Event: 23667.333 Executing VM operation: Cleanup
Event: 23667.333 Executing VM operation: Cleanup done
Event: 23682.485 Executing VM operation: Cleanup
Event: 23682.485 Executing VM operation: Cleanup done
Event: 23692.454 Executing VM operation: HandshakeAllThreads
Event: 23692.455 Executing VM operation: HandshakeAllThreads done
Event: 23712.633 Executing VM operation: Cleanup
Event: 23712.633 Executing VM operation: Cleanup done

Events (20 events):
Event: 23158.487 Thread 0x000001f57dadb710 Thread exited: 0x000001f57dadb710
Event: 23158.566 Thread 0x000001f57dadf5a0 Thread exited: 0x000001f57dadf5a0
Event: 23173.237 Thread 0x000001f57dadbbe0 Thread added: 0x000001f57dadbbe0
Event: 23228.629 Thread 0x000001f57dadca50 Thread added: 0x000001f57dadca50
Event: 23228.629 Thread 0x000001f57dadf0d0 Thread added: 0x000001f57dadf0d0
Event: 23228.630 Thread 0x000001f57dadbbe0 Thread exited: 0x000001f57dadbbe0
Event: 23233.286 Thread 0x000001f57dadb710 Thread added: 0x000001f57dadb710
Event: 23233.632 Thread 0x000001f57dadca50 Thread exited: 0x000001f57dadca50
Event: 23233.728 Thread 0x000001f57dadf0d0 Thread exited: 0x000001f57dadf0d0
Event: 23410.020 loading class sun/net/util/SocketExceptions
Event: 23410.049 loading class sun/net/util/SocketExceptions done
Event: 23410.623 loading class java/lang/Throwable$WrappedPrintWriter
Event: 23410.627 loading class java/lang/Throwable$PrintStreamOrWriter
Event: 23410.627 loading class java/lang/Throwable$PrintStreamOrWriter done
Event: 23410.627 loading class java/lang/Throwable$WrappedPrintWriter done
Event: 23410.855 loading class jdk/internal/loader/BootLoader$PackageHelper
Event: 23410.859 loading class jdk/internal/loader/BootLoader$PackageHelper done
Event: 23667.167 loading class java/lang/Throwable$WrappedPrintStream
Event: 23667.168 loading class java/lang/Throwable$WrappedPrintStream done
Event: 23667.175 Thread 0x000001f57dad3700 Thread exited: 0x000001f57dad3700


Dynamic libraries:
0x00007ff7fb480000 - 0x00007ff7fb490000 	C:\Program Files\Java\jdk-17\bin\java.exe
0x00007ff912180000 - 0x00007ff9123e8000 	C:\Windows\SYSTEM32\ntdll.dll
0x00007ff911210000 - 0x00007ff9112d9000 	C:\Windows\System32\KERNEL32.DLL
0x00007ff90f560000 - 0x00007ff90f94d000 	C:\Windows\System32\KERNELBASE.dll
0x00007ff90fd40000 - 0x00007ff90fe8b000 	C:\Windows\System32\ucrtbase.dll
0x00007ff8eef60000 - 0x00007ff8eef79000 	C:\Program Files\Java\jdk-17\bin\jli.dll
0x00007ff9114c0000 - 0x00007ff911574000 	C:\Windows\System32\ADVAPI32.dll
0x00007ff8eef40000 - 0x00007ff8eef5b000 	C:\Program Files\Java\jdk-17\bin\VCRUNTIME140.dll
0x00007ff911740000 - 0x00007ff9117e9000 	C:\Windows\System32\msvcrt.dll
0x00007ff911610000 - 0x00007ff9116b6000 	C:\Windows\System32\sechost.dll
0x00007ff911330000 - 0x00007ff911448000 	C:\Windows\System32\RPCRT4.dll
0x00007ff9117f0000 - 0x00007ff9119bc000 	C:\Windows\System32\USER32.dll
0x00007ff90fad0000 - 0x00007ff90faf7000 	C:\Windows\System32\win32u.dll
0x00007ff9112e0000 - 0x00007ff91130b000 	C:\Windows\System32\GDI32.dll
0x00007ff8f3300000 - 0x00007ff8f359a000 	C:\Windows\WinSxS\amd64_microsoft.windows.common-controls_6595b64144ccf1df_6.0.26100.4484_none_3e0e6d4ce32ef3b3\COMCTL32.dll
0x00007ff90f2d0000 - 0x00007ff90f407000 	C:\Windows\System32\gdi32full.dll
0x00007ff90f410000 - 0x00007ff90f4b3000 	C:\Windows\System32\msvcp_win.dll
0x00007ff8fa7e0000 - 0x00007ff8fa7eb000 	C:\Windows\SYSTEM32\VERSION.dll
0x00007ff910b00000 - 0x00007ff910b2f000 	C:\Windows\System32\IMM32.DLL
0x00007ff8eef30000 - 0x00007ff8eef3c000 	C:\Program Files\Java\jdk-17\bin\vcruntime140_1.dll
0x00007ff85fd40000 - 0x00007ff85fdce000 	C:\Program Files\Java\jdk-17\bin\msvcp140.dll
0x00007ff842250000 - 0x00007ff842e31000 	C:\Program Files\Java\jdk-17\bin\server\jvm.dll
0x00007ff8f65e0000 - 0x00007ff8f65ea000 	C:\Windows\SYSTEM32\WSOCK32.dll
0x00007ff8f7e40000 - 0x00007ff8f7e75000 	C:\Windows\SYSTEM32\WINMM.dll
0x00007ff9114b0000 - 0x00007ff9114b8000 	C:\Windows\System32\PSAPI.DLL
0x00007ff910ce0000 - 0x00007ff910d54000 	C:\Windows\System32\WS2_32.dll
0x00007ff90e030000 - 0x00007ff90e04b000 	C:\Windows\SYSTEM32\kernel.appcore.dll
0x00007ff8eef20000 - 0x00007ff8eef2a000 	C:\Program Files\Java\jdk-17\bin\jimage.dll
0x00007ff90c800000 - 0x00007ff90ca41000 	C:\Windows\SYSTEM32\DBGHELP.DLL
0x00007ff910d70000 - 0x00007ff9110f6000 	C:\Windows\System32\combase.dll
0x00007ff9106f0000 - 0x00007ff9107d0000 	C:\Windows\System32\OLEAUT32.dll
0x00007ff8d34e0000 - 0x00007ff8d3523000 	C:\Windows\SYSTEM32\dbgcore.DLL
0x00007ff90f4c0000 - 0x00007ff90f559000 	C:\Windows\System32\bcryptPrimitives.dll
0x00007ff8eeef0000 - 0x00007ff8eef15000 	C:\Program Files\Java\jdk-17\bin\java.dll
0x00007ff85a0a0000 - 0x00007ff85a177000 	C:\Program Files\Java\jdk-17\bin\jsvml.dll
0x00007ff90ff20000 - 0x00007ff91066a000 	C:\Windows\System32\SHELL32.dll
0x00007ff90fbc0000 - 0x00007ff90fd34000 	C:\Windows\System32\wintypes.dll
0x00007ff90ced0000 - 0x00007ff90d72b000 	C:\Windows\SYSTEM32\windows.storage.dll
0x00007ff911e60000 - 0x00007ff911f55000 	C:\Windows\System32\SHCORE.dll
0x00007ff910bc0000 - 0x00007ff910c2a000 	C:\Windows\System32\shlwapi.dll
0x00007ff90f1e0000 - 0x00007ff90f20f000 	C:\Windows\SYSTEM32\profapi.dll
0x00007ff8eeed0000 - 0x00007ff8eeee9000 	C:\Program Files\Java\jdk-17\bin\net.dll
0x00007ff9019b0000 - 0x00007ff901ace000 	C:\Windows\SYSTEM32\WINHTTP.dll
0x00007ff90e5a0000 - 0x00007ff90e60a000 	C:\Windows\system32\mswsock.dll
0x00007ff8db780000 - 0x00007ff8db796000 	C:\Program Files\Java\jdk-17\bin\nio.dll
0x00007ff8d8d50000 - 0x00007ff8d8d68000 	C:\Program Files\Java\jdk-17\bin\zip.dll
0x00007ff8eeec0000 - 0x00007ff8eeeca000 	C:\Program Files\Java\jdk-17\bin\management.dll
0x00007ff8eee80000 - 0x00007ff8eee8b000 	C:\Program Files\Java\jdk-17\bin\management_ext.dll
0x00007ff90da40000 - 0x00007ff90da73000 	C:\Windows\SYSTEM32\IPHLPAPI.DLL
0x00007ff911100000 - 0x00007ff91110a000 	C:\Windows\System32\NSI.dll
0x00007ff908e60000 - 0x00007ff908e7f000 	C:\Windows\SYSTEM32\dhcpcsvc6.DLL
0x00007ff908e30000 - 0x00007ff908e55000 	C:\Windows\SYSTEM32\dhcpcsvc.DLL
0x00007ff90dad0000 - 0x00007ff90dbf6000 	C:\Windows\SYSTEM32\DNSAPI.dll
0x00007ff9009c0000 - 0x00007ff9009cb000 	C:\Windows\System32\rasadhlp.dll
0x00007ff9095b0000 - 0x00007ff909636000 	C:\Windows\System32\fwpuclnt.dll
0x00007ff8dcf60000 - 0x00007ff8dcf6e000 	C:\Program Files\Java\jdk-17\bin\sunmscapi.dll
0x00007ff90f950000 - 0x00007ff90fac7000 	C:\Windows\System32\CRYPT32.dll
0x00007ff90ead0000 - 0x00007ff90eb00000 	C:\Windows\SYSTEM32\ncrypt.dll
0x00007ff90ea80000 - 0x00007ff90eabf000 	C:\Windows\SYSTEM32\NTASN1.dll
0x00007ff90e980000 - 0x00007ff90e99b000 	C:\Windows\SYSTEM32\CRYPTSP.dll
0x00007ff90df90000 - 0x00007ff90dfcb000 	C:\Windows\system32\rsaenh.dll
0x00007ff90e640000 - 0x00007ff90e66b000 	C:\Windows\SYSTEM32\USERENV.dll
0x00007ff90f1b0000 - 0x00007ff90f1d6000 	C:\Windows\SYSTEM32\bcrypt.dll
0x00007ff90e7e0000 - 0x00007ff90e7ec000 	C:\Windows\SYSTEM32\CRYPTBASE.dll
0x00007ff8c1960000 - 0x00007ff8c1978000 	C:\Windows\system32\napinsp.dll
0x00007ff8c1e30000 - 0x00007ff8c1e50000 	C:\Windows\system32\wshbth.dll
0x00007ff8c10d0000 - 0x00007ff8c1100000 	C:\Windows\system32\nlansp_c.dll
0x00007ff8c1020000 - 0x00007ff8c1032000 	C:\Windows\System32\winrnr.dll
0x00007ff8dcde0000 - 0x00007ff8dcdf0000 	C:\Program Files\Java\jdk-17\bin\verify.dll
0x00007ff90bd60000 - 0x00007ff90bd68000 	C:\Windows\system32\wshunix.dll

dbghelp: loaded successfully - version: 4.0.5 - missing functions: none
symbol engine: initialized successfully - sym options: 0x614 - pdb path: .;C:\Program Files\Java\jdk-17\bin;C:\Windows\SYSTEM32;C:\Windows\WinSxS\amd64_microsoft.windows.common-controls_6595b64144ccf1df_6.0.26100.4484_none_3e0e6d4ce32ef3b3;C:\Program Files\Java\jdk-17\bin\server

VM Arguments:
jvm_args: -XX:+ShowCodeDetailsInExceptionMessages 
java_command: com.manamer.backend.business.sellout.SelloutApplication
java_class_path (initial): C:\Users\Fernanda Jama\OneDrive - Manamer\Documentos\PROYECTOS 2025-2026\sellout1\backend\business\sellout\target\classes;C:\Users\Fernanda Jama\.m2\repository\org\springframework\boot\spring-boot-starter\3.2.4\spring-boot-starter-3.2.4.jar;C:\Users\Fernanda Jama\.m2\repository\org\springframework\boot\spring-boot\3.2.4\spring-boot-3.2.4.jar;C:\Users\Fernanda Jama\.m2\repository\org\springframework\boot\spring-boot-autoconfigure\3.2.4\spring-boot-autoconfigure-3.2.4.jar;C:\Users\Fernanda Jama\.m2\repository\org\springframework\boot\spring-boot-starter-logging\3.2.4\spring-boot-starter-logging-3.2.4.jar;C:\Users\Fernanda Jama\.m2\repository\ch\qos\logback\logback-classic\1.4.14\logback-classic-1.4.14.jar;C:\Users\Fernanda Jama\.m2\repository\ch\qos\logback\logback-core\1.4.14\logback-core-1.4.14.jar;C:\Users\Fernanda Jama\.m2\repository\org\apache\logging\log4j\log4j-to-slf4j\2.23.1\log4j-to-slf4j-2.23.1.jar;C:\Users\Fernanda Jama\.m2\repository\org\slf4j\jul-to-slf4j\2.0.12\jul-to-slf4j-2.0.12.jar;C:\Users\Fernanda Jama\.m2\repository\jakarta\annotation\jakarta.annotation-api\2.1.1\jakarta.annotation-api-2.1.1.jar;C:\Users\Fernanda Jama\.m2\repository\org\springframework\spring-core\6.1.11\spring-core-6.1.11.jar;C:\Users\Fernanda Jama\.m2\repository\org\springframework\spring-jcl\6.1.11\spring-jcl-6.1.11.jar;C:\Users\Fernanda Jama\.m2\repository\org\yaml\snakeyaml\2.2\snakeyaml-2.2.jar;C:\Users\Fernanda Jama\.m2\repository\com\microsoft\sqlserver\mssql-jdbc\12.4.2.jre11\mssql-jdbc-12.4.2.jre11.jar;C:\Users\Fernanda Jama\.m2\repository\org\projectlombok\lombok\1.18.28\lombok-1.18.28.jar;C:\Users\Fernanda Jama\.m2\repository\org\springframework\boot\spring-boot-starter-data-jpa\3.2.4\spring-boot-starter-data-jpa-3.2.4.jar;C:\Users\Fernanda Jama\.m2\repository\org\springframework\boot\spring-boot-starter-aop\3.2.4\spring-boot-starter-aop-3.2.4.jar;C:\Users\Fernanda Jama\.m2\repository\org\aspectj\aspectjweaver\1.9.21\aspectjweaver-1.9.21.ja
Launcher Type: SUN_STANDARD

[Global flags]
     intx CICompilerCount                          = 4                                         {product} {ergonomic}
     uint ConcGCThreads                            = 2                                         {product} {ergonomic}
     uint G1ConcRefinementThreads                  = 8                                         {product} {ergonomic}
   size_t G1HeapRegionSize                         = 8388608                                   {product} {ergonomic}
    uintx GCDrainStackTargetSize                   = 64                                        {product} {ergonomic}
   size_t InitialHeapSize                          = 671088640                                 {product} {ergonomic}
   size_t MarkStackSize                            = 4194304                                   {product} {ergonomic}
   size_t MaxHeapSize                              = 10687086592                               {product} {ergonomic}
   size_t MaxNewSize                               = 6408896512                                {product} {ergonomic}
   size_t MinHeapDeltaBytes                        = 8388608                                   {product} {ergonomic}
   size_t MinHeapSize                              = 8388608                                   {product} {ergonomic}
    uintx NonNMethodCodeHeapSize                   = 5839372                                {pd product} {ergonomic}
    uintx NonProfiledCodeHeapSize                  = 122909434                              {pd product} {ergonomic}
    uintx ProfiledCodeHeapSize                     = 122909434                              {pd product} {ergonomic}
    uintx ReservedCodeCacheSize                    = 251658240                              {pd product} {ergonomic}
     bool SegmentedCodeCache                       = true                                      {product} {ergonomic}
     bool ShowCodeDetailsInExceptionMessages       = true                                   {manageable} {command line}
   size_t SoftMaxHeapSize                          = 10687086592                            {manageable} {ergonomic}
     bool UseCompressedClassPointers               = true                           {product lp64_product} {ergonomic}
     bool UseCompressedOops                        = true                           {product lp64_product} {ergonomic}
     bool UseG1GC                                  = true                                      {product} {ergonomic}
     bool UseLargePagesIndividualAllocation        = false                                  {pd product} {ergonomic}

Logging:
Log output configuration:
 #0: stdout all=warning uptime,level,tags
 #1: stderr all=off uptime,level,tags

Environment Variables:
JAVA_HOME=C:\\Program Files\\Java\\jdk-17
CLASSPATH=C:\Program Files\SAP\SAP Business One DI API\JCO\LIB\sbowrapper.jar;C:\Program Files\SAP\SAP Business One DI API\JCO\LIB\sboapi.jar
PATH=C:\\Program Files\\Java\\jdk-17\\bin;C:\\Users\\Fernanda Jama\\.trae\\tools\\maven\\latest\\bin;C:\\Users\\Fernanda Jama\\.trae\\tools\\gradle\\latest\\bin;C:\Program Files\Java\jdk-17\bin;C:\Users\Fernanda Jama\.trae\tools\maven\latest\bin;C:\Users\Fernanda Jama\.trae\tools\gradle\latest\bin;C:\Python313\Scripts\;C:\Python313\;C:\Program Files\Microsoft MPI\Bin\;C:\Program Files\Common Files\Oracle\Java\javapath;C:\Windows\system32;C:\Windows;C:\Windows\System32\Wbem;C:\Windows\System32\WindowsPowerShell\v1.0\;C:\Windows\System32\OpenSSH\;C:\Program Files\Microsoft SQL Server\Client SDK\ODBC\170\Tools\Binn\;C:\Program Files (x86)\Microsoft SQL Server\150\Tools\Binn\;C:\Program Files\Microsoft SQL Server\150\Tools\Binn\;C:\Program Files\Microsoft SQL Server\150\DTS\Binn\;C:\Program Files (x86)\Microsoft SQL Server\160\DTS\Binn\;C:\Program Files\nodejs\;C:\ProgramData\chocolatey\bin;C:\Program Files\SAP\SAP Business One DI API\JCO\LIB\;C:\Program Files\SAP\SAP Business One DI API\DI API 90;C:\Program Files\SAP\SAP Business One\;C:\Program Files\apache-maven-3.8.8-bin\apache-maven-3.8.8\bin;C:\Users\Fernanda Jama\AppData\Local\Microsoft\WindowsApps;C:\Users\Fernanda Jama\AppData\Local\GitHubDesktop\bin;C:\Users\Fernanda Jama\AppData\Local\Programs\Microsoft VS Code\bin;C:\Users\Fernanda Jama\AppData\Roaming\npm
USERNAME=Fernanda Jama
LANG=en_US.UTF-8
OS=Windows_NT
PROCESSOR_IDENTIFIER=Intel64 Family 6 Model 140 Stepping 1, GenuineIntel



---------------  S Y S T E M  ---------------

OS:
 Windows 11 , 64 bit Build 26100 (10.0.26100.4484)
OS uptime: 0 days 7:32 hours
Hyper-V role detected

CPU: total 8 (initial active 8) (4 cores per cpu, 2 threads per core) family 6 model 140 stepping 1 microcode 0xb8, cx8, cmov, fxsr, ht, mmx, 3dnowpref, sse, sse2, sse3, ssse3, sse4.1, sse4.2, popcnt, lzcnt, tsc, tscinvbit, avx, avx2, aes, erms, clmul, bmi1, bmi2, adx, avx512f, avx512dq, avx512cd, avx512bw, avx512vl, sha, fma, vzeroupper, avx512_vpopcntdq, avx512_vpclmulqdq, avx512_vaes, avx512_vnni, clflush, clflushopt, clwb, avx512_vbmi2, avx512_vbmi, hv

Memory: 4k page, system-wide physical 40743M (525M free)
TotalPageFile size 101623M (AvailPageFile size 39M)
current process WorkingSet (physical memory assigned to process): 191M, peak: 387M
current process commit charge ("private bytes"): 423M, peak: 812M

vm_info: Java HotSpot(TM) 64-Bit Server VM (17.0.15+9-LTS-241) for windows-amd64 JRE (17.0.15+9-LTS-241), built on Feb 20 2025 10:49:54 by "mach5one" with MS VC++ 17.6 (VS2022)

END.
